[Radio] Initializing ... success!
Connected to RF power monitor: Rohde&Schwarz,FPC1500,1328.6660K03/205785,V1.80
Connected to DC power monitor: radiolib-org,DCpowerMon,070dd3d
setCurrentLimit, code 0

Set [dBm],Measured unoptimized [dBm],Bus voltage[V],Voltage[mV],Current[mA],Power [mW], Measured optimized [dBm],Bus voltage[V],Voltage[mV],Current[mA],Power [mW]
       -9,                     -8.51,          3.30,       1.87,      18.69,     61.64                     -8.43,          3.30,       1.46,      14.59,     48.12
       -9,                     -8.49,          3.30,       1.87,      18.68,     61.60                     -8.42,          3.30,       1.46,      14.59,     48.11
       -9,                     -8.50,          3.30,       1.87,      18.65,     61.51                     -8.41,          3.30,       1.46,      14.58,     48.10
       -9,                     -8.52,          3.30,       1.87,      18.63,     61.45                     -8.38,          3.30,       1.46,      14.59,     48.11
       -9,                     -8.49,          3.30,       1.86,      18.66,     61.54                     -8.38,          3.30,       1.46,      14.61,     48.17
       -9,                     -8.50,          3.30,       1.87,      18.66,     61.52                     -8.54,          3.30,       1.46,      14.58,     48.10
       -9,                     -8.83,          3.30,       1.87,      18.65,     61.52                     -8.78,          3.30,       1.46,      14.60,     48.17
       -9,                     -8.85,          3.30,       1.87,      18.64,     61.47                     -8.80,          3.30,       1.46,      14.60,     48.14
       -9,                     -8.89,          3.30,       1.87,      18.67,     61.54                     -8.37,          3.30,       1.46,      14.58,     48.09
       -9,                     -8.47,          3.30,       1.86,      18.65,     61.48                     -8.82,          3.30,       1.46,      14.59,     48.11
       -8,                     -7.26,          3.30,       1.97,      19.71,     64.99                     -7.43,          3.30,       1.46,      14.55,     47.99
       -8,                     -7.25,          3.30,       1.97,      19.73,     65.03                     -7.44,          3.30,       1.46,      14.55,     48.00
       -8,                     -7.28,          3.30,       1.97,      19.71,     65.00                     -7.41,          3.30,       1.46,      14.57,     48.05
       -8,                     -7.28,          3.30,       1.97,      19.73,     65.04                     -7.85,          3.30,       1.46,      14.56,     48.02
       -8,                     -7.25,          3.30,       1.97,      19.71,     64.97                     -7.40,          3.30,       1.46,      14.58,     48.09
       -8,                     -7.22,          3.30,       1.97,      19.71,     65.00                     -7.43,          3.30,       1.46,      14.57,     48.05
       -8,                     -7.23,          3.30,       1.97,      19.73,     65.05                     -7.79,          3.30,       1.46,      14.57,     48.04
       -8,                     -7.24,          3.30,       1.97,      19.72,     65.00                     -7.86,          3.30,       1.46,      14.57,     48.06
       -8,                     -7.66,          3.30,       1.97,      19.72,     65.02                     -7.46,          3.30,       1.46,      14.57,     48.07
       -8,                     -7.28,          3.30,       1.97,      19.70,     64.97                     -7.45,          3.30,       1.46,      14.57,     48.04
       -7,                     -6.15,          3.30,       2.07,      20.68,     68.20                     -6.06,          3.30,       1.54,      15.37,     50.71
       -7,                     -6.17,          3.30,       2.07,      20.70,     68.25                     -6.04,          3.30,       1.54,      15.36,     50.67
       -7,                     -6.20,          3.30,       2.07,      20.68,     68.18                     -6.06,          3.30,       1.54,      15.39,     50.75
       -7,                     -6.20,          3.30,       2.07,      20.70,     68.23                     -6.09,          3.30,       1.54,      15.36,     50.65
       -7,                     -6.19,          3.30,       2.07,      20.69,     68.22                     -6.05,          3.30,       1.54,      15.37,     50.68
       -7,                     -6.14,          3.30,       2.07,      20.71,     68.26                     -6.08,          3.30,       1.54,      15.38,     50.70
       -7,                     -6.15,          3.30,       2.07,      20.68,     68.18                     -6.05,          3.30,       1.54,      15.37,     50.71
       -7,                     -6.13,          3.30,       2.07,      20.70,     68.26                     -6.07,          3.30,       1.54,      15.37,     50.69
       -7,                     -6.17,          3.30,       2.07,      20.71,     68.28                     -6.08,          3.30,       1.54,      15.38,     50.71
       -7,                     -6.20,          3.30,       2.07,      20.72,     68.31                     -6.04,          3.30,       1.54,      15.37,     50.68
       -6,                     -5.19,          3.30,       2.18,      21.74,     71.69                     -5.06,          3.30,       1.69,      16.94,     55.86
       -6,                     -5.17,          3.30,       2.18,      21.77,     71.76                     -5.04,          3.30,       1.69,      16.92,     55.79
       -6,                     -5.24,          3.30,       2.18,      21.78,     71.79                     -5.06,          3.30,       1.69,      16.92,     55.80
       -6,                     -5.22,          3.30,       2.18,      21.75,     71.73                     -5.06,          3.30,       1.69,      16.93,     55.83
       -6,                     -5.23,          3.30,       2.18,      21.73,     71.64                     -5.06,          3.30,       1.69,      16.91,     55.75
       -6,                     -5.22,          3.30,       2.18,      21.77,     71.78                     -5.09,          3.30,       1.69,      16.93,     55.82
       -6,                     -5.23,          3.30,       2.18,      21.78,     71.81                     -5.09,          3.30,       1.69,      16.95,     55.90
       -6,                     -5.23,          3.30,       2.17,      21.77,     71.76                     -5.09,          3.30,       1.70,      16.95,     55.89
       -6,                     -5.23,          3.30,       2.18,      21.77,     71.77                     -5.04,          3.30,       1.69,      16.92,     55.78
       -6,                     -5.20,          3.30,       2.18,      21.77,     71.79                     -5.09,          3.30,       1.70,      16.91,     55.76
       -5,                     -3.57,          3.30,       2.39,      23.84,     78.59                     -3.69,          3.30,       1.77,      17.66,     58.23
       -5,                     -3.56,          3.30,       2.39,      23.86,     78.67                     -3.69,          3.30,       1.77,      17.64,     58.20
       -5,                     -3.57,          3.30,       2.38,      23.84,     78.61                     -3.69,          3.30,       1.77,      17.64,     58.17
       -5,                     -3.58,          3.30,       2.38,      23.83,     78.56                     -3.64,          3.30,       1.76,      17.64,     58.15
       -5,                     -3.53,          3.30,       2.39,      23.86,     78.64                     -3.66,          3.30,       1.76,      17.62,     58.11
       -5,                     -3.57,          3.30,       2.38,      23.85,     78.62                     -3.69,          3.30,       1.76,      17.65,     58.19
       -5,                     -3.58,          3.30,       2.38,      23.83,     78.56                     -3.69,          3.30,       1.76,      17.63,     58.14
       -5,                     -3.57,          3.30,       2.39,      23.84,     78.56                     -3.66,          3.30,       1.76,      17.65,     58.19
       -5,                     -3.57,          3.30,       2.38,      23.83,     78.56                     -3.69,          3.30,       1.76,      17.63,     58.14
       -5,                     -3.55,          3.30,       2.38,      23.83,     78.58                     -3.69,          3.30,       1.76,      17.65,     58.22
       -4,                     -2.85,          3.30,       2.49,      24.92,     82.16                     -2.58,          3.30,       1.98,      19.78,     65.23
       -4,                     -2.85,          3.30,       2.49,      24.93,     82.18                     -2.58,          3.30,       1.98,      19.75,     65.11
       -4,                     -2.85,          3.30,       2.49,      24.95,     82.24                     -2.58,          3.30,       1.98,      19.75,     65.13
       -4,                     -2.85,          3.30,       2.49,      24.92,     82.17                     -2.58,          3.30,       1.98,      19.76,     65.13
       -4,                     -2.85,          3.30,       2.49,      24.93,     82.18                     -2.58,          3.30,       1.98,      19.77,     65.19
       -4,                     -2.85,          3.30,       2.49,      24.90,     82.08                     -2.58,          3.30,       1.98,      19.73,     65.06
       -4,                     -2.85,          3.30,       2.49,      24.91,     82.12                     -2.58,          3.30,       1.98,      19.74,     65.07
       -4,                     -2.85,          3.30,       2.49,      24.92,     82.16                     -2.58,          3.30,       1.98,      19.75,     65.13
       -4,                     -2.85,          3.30,       2.49,      24.92,     82.16                     -2.58,          3.30,       1.98,      19.75,     65.10
       -4,                     -2.85,          3.30,       2.49,      24.92,     82.16                     -2.58,          3.30,       1.98,      19.77,     65.20
       -3,                     -2.19,          3.30,       2.60,      25.93,     85.47                     -2.09,          3.30,       2.09,      20.93,     68.99
       -3,                     -2.16,          3.30,       2.59,      25.94,     85.50                     -2.09,          3.30,       2.09,      20.94,     69.03
       -3,                     -2.19,          3.30,       2.60,      25.94,     85.50                     -2.09,          3.30,       2.09,      20.93,     68.99
       -3,                     -2.19,          3.30,       2.59,      25.94,     85.52                     -2.09,          3.30,       2.09,      20.93,     69.01
       -3,                     -2.18,          3.30,       2.60,      25.97,     85.61                     -2.09,          3.30,       2.09,      20.94,     69.02
       -3,                     -2.19,          3.30,       2.59,      25.94,     85.52                     -2.09,          3.30,       2.09,      20.92,     68.96
       -3,                     -2.19,          3.30,       2.59,      25.95,     85.54                     -2.09,          3.30,       2.09,      20.92,     68.96
       -3,                     -2.18,          3.30,       2.59,      25.93,     85.47                     -2.09,          3.30,       2.09,      20.93,     68.99
       -3,                     -2.18,          3.30,       2.60,      25.97,     85.60                     -2.09,          3.30,       2.09,      20.90,     68.91
       -3,                     -2.19,          3.30,       2.59,      25.94,     85.49                     -2.09,          3.30,       2.09,      20.91,     68.94
       -2,                     -0.99,          3.30,       2.81,      28.03,     92.40                     -1.23,          3.30,       2.26,      22.61,     74.54
       -2,                     -0.99,          3.30,       2.81,      28.04,     92.42                     -1.23,          3.30,       2.26,      22.64,     74.65
       -2,                     -0.99,          3.30,       2.80,      28.05,     92.45                     -1.23,          3.30,       2.27,      22.65,     74.67
       -2,                     -0.99,          3.30,       2.80,      28.04,     92.42                     -1.23,          3.30,       2.27,      22.66,     74.69
       -2,                     -0.99,          3.30,       2.80,      28.04,     92.44                     -1.23,          3.30,       2.26,      22.65,     74.69
       -2,                     -0.99,          3.30,       2.80,      28.03,     92.41                     -1.23,          3.30,       2.26,      22.65,     74.66
       -2,                     -0.99,          3.30,       2.81,      28.06,     92.49                     -1.23,          3.30,       2.27,      22.63,     74.61
       -2,                     -0.99,          3.30,       2.81,      28.03,     92.41                     -1.23,          3.30,       2.26,      22.65,     74.69
       -2,                     -0.99,          3.30,       2.80,      28.01,     92.34                     -1.23,          3.30,       2.27,      22.66,     74.71
       -2,                     -0.99,          3.30,       2.80,      28.05,     92.46                     -1.23,          3.30,       2.27,      22.66,     74.70
       -1,                      0.01,          3.30,       3.00,      29.99,     98.84                     -0.19,          3.30,       2.06,      20.60,     67.91
       -1,                      0.01,          3.30,       3.00,      29.99,     98.84                     -0.19,          3.30,       2.06,      20.60,     67.90
       -1,                      0.02,          3.30,       3.00,      29.98,     98.83                     -0.19,          3.30,       2.06,      20.60,     67.92
       -1,                      0.02,          3.30,       3.00,      29.98,     98.82                     -0.19,          3.30,       2.06,      20.63,     68.02
       -1,                      0.02,          3.30,       3.00,      29.99,     98.86                     -0.19,          3.30,       2.06,      20.60,     67.93
       -1,                      0.01,          3.30,       3.00,      29.97,     98.79                     -0.19,          3.30,       2.06,      20.61,     67.96
       -1,                      0.02,          3.30,       3.00,      29.96,     98.75                     -0.19,          3.30,       2.06,      20.58,     67.87
       -1,                      0.02,          3.30,       3.00,      30.00,     98.88                     -0.19,          3.30,       2.06,      20.60,     67.91
       -1,                      0.02,          3.30,       3.00,      29.98,     98.85                     -0.19,          3.30,       2.06,      20.61,     67.96
       -1,                      0.02,          3.30,       3.00,      29.98,     98.83                     -0.19,          3.30,       2.06,      20.61,     67.95
        0,                      0.95,          3.30,       3.20,      31.99,    105.44                      0.91,          3.30,       2.28,      22.78,     75.09
        0,                      0.95,          3.30,       3.20,      31.98,    105.40                      0.91,          3.30,       2.28,      22.80,     75.19
        0,                      0.94,          3.30,       3.20,      31.98,    105.41                      0.91,          3.30,       2.28,      22.82,     75.21
        0,                      0.94,          3.30,       3.20,      32.00,    105.47                      0.91,          3.30,       2.28,      22.80,     75.17
        0,                      0.95,          3.30,       3.20,      31.99,    105.45                      0.91,          3.30,       2.28,      22.80,     75.16
        0,                      0.94,          3.30,       3.20,      32.01,    105.51                      0.52,          3.30,       2.28,      22.79,     75.10
        0,                      0.55,          3.30,       3.20,      31.99,    105.44                      0.91,          3.30,       2.28,      22.78,     75.10
        0,                      0.94,          3.30,       3.20,      31.99,    105.45                      0.91,          3.30,       2.28,      22.78,     75.09
        0,                      0.94,          3.30,       3.20,      32.01,    105.49                      0.91,          3.30,       2.28,      22.78,     75.10
        0,                      0.94,          3.30,       3.20,      31.99,    105.45                      0.91,          3.30,       2.28,      22.77,     75.08
        1,                      1.78,          3.30,       3.39,      33.89,    111.70                      1.30,          3.30,       2.17,      21.72,     71.61
        1,                      1.78,          3.30,       3.39,      33.92,    111.80                      1.30,          3.30,       2.17,      21.73,     71.65
        1,                      1.78,          3.30,       3.39,      33.90,    111.75                      1.30,          3.30,       2.17,      21.71,     71.56
        1,                      1.78,          3.30,       3.39,      33.92,    111.79                      1.30,          3.30,       2.17,      21.71,     71.55
        1,                      1.78,          3.30,       3.39,      33.90,    111.74                      1.30,          3.30,       2.17,      21.71,     71.59
        1,                      1.78,          3.30,       3.39,      33.90,    111.73                      1.30,          3.30,       2.17,      21.71,     71.59
        1,                      1.78,          3.30,       3.39,      33.91,    111.79                      1.30,          3.30,       2.17,      21.72,     71.61
        1,                      1.78,          3.30,       3.39,      33.90,    111.76                      1.30,          3.30,       2.17,      21.73,     71.65
        1,                      1.78,          3.30,       3.39,      33.91,    111.77                      1.33,          3.30,       2.17,      21.71,     71.58
        1,                      1.78,          3.30,       3.39,      33.92,    111.81                      1.30,          3.30,       2.17,      21.72,     71.60
        2,                      2.89,          3.30,       3.67,      36.69,    120.92                      2.37,          3.30,       2.41,      24.07,     79.36
        2,                      2.89,          3.30,       3.67,      36.68,    120.91                      2.37,          3.30,       2.41,      24.05,     79.29
        2,                      2.89,          3.30,       3.67,      36.66,    120.84                      2.37,          3.30,       2.41,      24.07,     79.35
        2,                      2.89,          3.30,       3.67,      36.68,    120.90                      2.37,          3.30,       2.41,      24.05,     79.27
        2,                      2.89,          3.30,       3.67,      36.66,    120.82                      2.37,          3.30,       2.40,      24.06,     79.32
        2,                      2.89,          3.30,       3.67,      36.67,    120.87                      2.36,          3.30,       2.41,      24.05,     79.28
        2,                      2.89,          3.30,       3.67,      36.67,    120.87                      2.37,          3.30,       2.41,      24.06,     79.32
        2,                      2.89,          3.30,       3.67,      36.68,    120.88                      2.37,          3.30,       2.41,      24.07,     79.35
        2,                      2.89,          3.30,       3.67,      36.70,    120.97                      2.37,          3.30,       2.41,      24.05,     79.27
        2,                      2.89,          3.30,       3.67,      36.66,    120.84                      2.37,          3.30,       2.41,      24.04,     79.25
        3,                      3.55,          3.30,       3.84,      38.42,    126.63                      3.14,          3.30,       2.32,      23.16,     76.36
        3,                      3.58,          3.30,       3.84,      38.45,    126.75                      3.16,          3.30,       2.31,      23.18,     76.43
        3,                      3.55,          3.30,       3.84,      38.44,    126.68                      3.12,          3.30,       2.32,      23.16,     76.34
        3,                      3.55,          3.30,       3.84,      38.43,    126.67                      3.13,          3.30,       2.32,      23.15,     76.33
        3,                      3.58,          3.30,       3.84,      38.44,    126.69                      3.13,          3.30,       2.32,      23.11,     76.18
        3,                      3.55,          3.30,       3.84,      38.41,    126.59                      3.13,          3.30,       2.32,      23.15,     76.31
        3,                      3.55,          3.30,       3.84,      38.44,    126.69                      3.13,          3.30,       2.31,      23.17,     76.38
        3,                      3.55,          3.30,       3.84,      38.43,    126.68                      3.13,          3.30,       2.32,      23.16,     76.35
        3,                      3.55,          3.30,       3.84,      38.43,    126.67                      3.13,          3.30,       2.32,      23.14,     76.29
        3,                      3.55,          3.30,       3.84,      38.43,    126.66                      3.13,          3.30,       2.31,      23.18,     76.42
        4,                      4.74,          3.30,       4.18,      41.74,    137.58                      4.36,          3.30,       2.35,      23.52,     77.54
        4,                      4.74,          3.30,       4.17,      41.75,    137.60                      4.36,          3.30,       2.35,      23.51,     77.50
        4,                      4.75,          3.30,       4.17,      41.75,    137.62                      4.36,          3.30,       2.36,      23.54,     77.60
        4,                      4.78,          3.30,       4.17,      41.72,    137.52                      4.36,          3.30,       2.35,      23.54,     77.59
        4,                      4.75,          3.30,       4.17,      41.75,    137.61                      4.36,          3.30,       2.35,      23.52,     77.54
        4,                      4.75,          3.30,       4.18,      41.74,    137.59                      4.37,          3.30,       2.35,      23.53,     77.55
        4,                      4.74,          3.30,       4.18,      41.74,    137.58                      4.39,          3.30,       2.35,      23.53,     77.58
        4,                      4.74,          3.30,       4.17,      41.74,    137.56                      4.36,          3.30,       2.35,      23.50,     77.47
        4,                      4.74,          3.30,       4.18,      41.73,    137.55                      4.36,          3.30,       2.35,      23.50,     77.49
        4,                      4.75,          3.30,       4.18,      41.75,    137.61                      4.36,          3.30,       2.35,      23.50,     77.48
        5,                      5.51,          3.30,       4.40,      44.00,    145.00                      5.40,          3.30,       3.36,      33.55,    110.59
        5,                      5.51,          3.30,       4.40,      43.98,    144.96                      5.40,          3.30,       3.36,      33.56,    110.62
        5,                      5.51,          3.30,       4.40,      44.00,    145.02                      5.41,          3.30,       3.36,      33.57,    110.66
        5,                      5.51,          3.30,       4.40,      43.97,    144.93                      5.40,          3.30,       3.36,      33.57,    110.64
        5,                      5.51,          3.30,       4.40,      43.96,    144.88                      5.40,          3.30,       3.36,      33.55,    110.60
        5,                      5.51,          3.30,       4.40,      43.98,    144.95                      5.40,          3.30,       3.36,      33.54,    110.55
        5,                      5.51,          3.30,       4.40,      43.99,    145.00                      5.40,          3.30,       3.35,      33.55,    110.60
        5,                      5.52,          3.30,       4.40,      44.01,    145.05                      5.40,          3.30,       3.36,      33.54,    110.56
        5,                      5.51,          3.30,       4.40,      43.97,    144.94                      5.46,          3.30,       3.36,      33.55,    110.60
        5,                      5.51,          3.30,       4.40,      43.98,    144.97                      5.43,          3.30,       3.36,      33.56,    110.60
        6,                      6.49,          3.30,       4.70,      47.04,    155.02                      5.94,          3.30,       2.86,      28.60,     94.27
        6,                      6.50,          3.30,       4.71,      47.04,    155.05                      5.92,          3.30,       2.86,      28.64,     94.39
        6,                      6.54,          3.30,       4.71,      47.07,    155.15                      5.92,          3.30,       2.86,      28.60,     94.28
        6,                      6.50,          3.30,       4.71,      47.05,    155.09                      5.93,          3.30,       2.86,      28.63,     94.36
        6,                      6.54,          3.30,       4.71,      47.04,    155.05                      5.92,          3.30,       2.86,      28.62,     94.33
        6,                      6.53,          3.30,       4.71,      47.05,    155.07                      5.93,          3.30,       2.86,      28.60,     94.27
        6,                      6.53,          3.30,       4.70,      47.05,    155.08                      5.92,          3.30,       2.86,      28.61,     94.32
        6,                      6.53,          3.30,       4.70,      47.04,    155.06                      5.92,          3.30,       2.86,      28.64,     94.39
        6,                      6.51,          3.30,       4.71,      47.03,    155.02                      5.95,          3.30,       2.86,      28.60,     94.28
        6,                      6.56,          3.30,       4.71,      47.05,    155.06                      5.93,          3.30,       2.86,      28.62,     94.36
        7,                      7.60,          3.30,       5.07,      50.74,    167.22                      6.85,          3.30,       3.55,      35.46,    116.87
        7,                      7.66,          3.30,       5.08,      50.74,    167.22                      7.22,          3.30,       3.55,      35.47,    116.91
        7,                      7.62,          3.30,       5.07,      50.72,    167.16                      7.28,          3.30,       3.55,      35.47,    116.93
        7,                      7.59,          3.30,       5.07,      50.74,    167.23                      7.22,          3.30,       3.55,      35.46,    116.86
        7,                      7.65,          3.30,       5.07,      50.75,    167.26                      7.23,          3.30,       3.55,      35.48,    116.96
        7,                      7.66,          3.30,       5.07,      50.73,    167.18                      7.22,          3.30,       3.55,      35.47,    116.89
        7,                      7.59,          3.30,       5.08,      50.75,    167.25                      7.28,          3.30,       3.55,      35.45,    116.86
        7,                      7.59,          3.30,       5.08,      50.72,    167.17                      7.26,          3.30,       3.55,      35.49,    116.99
        7,                      7.62,          3.30,       5.07,      50.75,    167.26                      7.25,          3.30,       3.55,      35.46,    116.88
        7,                      7.62,          3.30,       5.07,      50.73,    167.20                      7.25,          3.30,       3.55,      35.48,    116.94
        8,                      8.62,          3.30,       5.44,      54.39,    179.23                      8.38,          3.30,       4.53,      45.31,    149.34
        8,                      8.59,          3.30,       5.44,      54.39,    179.25                      8.35,          3.30,       4.53,      45.30,    149.31
        8,                      8.56,          3.30,       5.44,      54.36,    179.15                      8.35,          3.30,       4.53,      45.31,    149.33
        8,                      8.17,          3.30,       5.44,      54.40,    179.30                      7.98,          3.30,       4.53,      45.30,    149.32
        8,                      8.18,          3.30,       5.44,      54.36,    179.15                      8.35,          3.30,       4.53,      45.28,    149.24
        8,                      8.58,          3.30,       5.44,      54.41,    179.29                      8.41,          3.30,       4.53,      45.28,    149.25
        8,                      8.17,          3.30,       5.44,      54.37,    179.17                      7.97,          3.30,       4.53,      45.29,    149.30
        8,                      8.60,          3.30,       5.44,      54.38,    179.21                      8.36,          3.30,       4.53,      45.29,    149.28
        8,                      8.55,          3.30,       5.44,      54.40,    179.28                      8.36,          3.30,       4.53,      45.29,    149.28
        8,                      8.58,          3.30,       5.44,      54.38,    179.23                      8.39,          3.30,       4.53,      45.30,    149.30
        9,                      9.58,          3.30,       5.86,      58.57,    192.99                      8.67,          3.30,       3.69,      36.92,    121.70
        9,                      9.17,          3.30,       5.86,      58.56,    192.98                      9.05,          3.30,       3.69,      36.92,    121.67
        9,                      9.56,          3.30,       5.86,      58.55,    192.92                      9.05,          3.30,       3.69,      36.92,    121.71
        9,                      9.59,          3.29,       5.86,      58.52,    192.82                      9.11,          3.30,       3.69,      36.90,    121.63
        9,                      9.62,          3.30,       5.86,      58.56,    192.95                      9.08,          3.30,       3.69,      36.88,    121.57
        9,                      9.61,          3.29,       5.86,      58.55,    192.91                      8.65,          3.30,       3.69,      36.90,    121.62
        9,                      9.18,          3.29,       5.85,      58.55,    192.92                      8.70,          3.30,       3.69,      36.90,    121.61
        9,                      9.22,          3.30,       5.86,      58.56,    192.96                      8.78,          3.30,       3.69,      36.91,    121.65
        9,                      9.22,          3.30,       5.86,      58.57,    192.99                      8.72,          3.30,       3.69,      36.88,    121.57
        9,                      9.56,          3.29,       5.86,      58.56,    192.93                      9.08,          3.30,       3.69,      36.91,    121.65
       10,                     10.08,          3.29,       6.25,      62.54,    206.04                      9.98,          3.30,       3.79,      37.86,    124.79
       10,                     10.06,          3.29,       6.25,      62.54,    206.03                      9.95,          3.30,       3.79,      37.84,    124.74
       10,                     10.53,          3.29,       6.25,      62.51,    205.94                     10.01,          3.30,       3.79,      37.86,    124.79
       10,                     10.53,          3.29,       6.25,      62.52,    205.98                      9.99,          3.30,       3.79,      37.84,    124.71
       10,                     10.15,          3.29,       6.25,      62.50,    205.94                      9.64,          3.30,       3.79,      37.81,    124.64
       10,                     10.13,          3.29,       6.25,      62.52,    205.96                     10.01,          3.30,       3.78,      37.83,    124.70
       10,                     10.12,          3.29,       6.26,      62.51,    205.95                     10.01,          3.30,       3.78,      37.85,    124.74
       10,                     10.53,          3.29,       6.25,      62.51,    205.91                     10.01,          3.30,       3.79,      37.87,    124.81
       10,                     10.53,          3.29,       6.25,      62.53,    205.99                     10.01,          3.30,       3.79,      37.84,    124.74
       10,                     10.53,          3.29,       6.25,      62.51,    205.93                     10.01,          3.30,       3.79,      37.82,    124.65
       11,                     11.42,          3.29,       6.70,      67.00,    220.67                     10.84,          3.30,       4.26,      42.60,    140.43
       11,                     11.42,          3.29,       6.70,      67.00,    220.68                     10.46,          3.30,       4.26,      42.61,    140.46
       11,                     11.41,          3.29,       6.70,      67.00,    220.69                     10.42,          3.30,       4.26,      42.61,    140.45
       11,                     11.41,          3.29,       6.70,      67.01,    220.69                     10.83,          3.30,       4.26,      42.58,    140.36
       11,                     11.41,          3.29,       6.70,      67.00,    220.69                     10.83,          3.30,       4.26,      42.61,    140.44
       11,                     11.41,          3.29,       6.71,      67.02,    220.72                     10.85,          3.30,       4.26,      42.61,    140.44
       11,                     11.41,          3.29,       6.70,      66.99,    220.66                     10.79,          3.30,       4.26,      42.57,    140.32
       11,                     11.41,          3.29,       6.70,      67.01,    220.72                     10.82,          3.30,       4.26,      42.59,    140.39
       11,                     10.99,          3.29,       6.70,      67.02,    220.74                     10.44,          3.30,       4.26,      42.59,    140.36
       11,                     11.02,          3.29,       6.70,      67.01,    220.70                     10.46,          3.30,       4.26,      42.60,    140.40
       12,                     12.32,          3.29,       7.20,      71.97,    236.99                     11.72,          3.30,       4.77,      47.70,    157.23
       12,                     12.29,          3.29,       7.20,      71.99,    237.04                     11.74,          3.30,       4.77,      47.69,    157.19
       12,                     12.29,          3.29,       7.20,      72.01,    237.13                     11.72,          3.30,       4.77,      47.71,    157.24
       12,                     12.30,          3.29,       7.20,      72.01,    237.12                     11.74,          3.30,       4.77,      47.71,    157.26
       12,                     12.27,          3.29,       7.20,      72.03,    237.20                     11.74,          3.30,       4.77,      47.71,    157.26
       12,                     12.29,          3.29,       7.20,      71.99,    237.06                     11.74,          3.30,       4.77,      47.69,    157.20
       12,                     12.32,          3.29,       7.20,      72.00,    237.09                     11.71,          3.30,       4.77,      47.69,    157.19
       12,                     12.32,          3.29,       7.20,      72.01,    237.12                     11.74,          3.30,       4.77,      47.70,    157.21
       12,                     12.27,          3.29,       7.20,      71.98,    237.02                     11.73,          3.30,       4.77,      47.70,    157.22
       12,                     12.29,          3.29,       7.20,      72.02,    237.15                     11.73,          3.30,       4.77,      47.68,    157.14
       13,                     13.23,          3.29,       7.78,      77.77,    256.04                     13.19,          3.30,       5.61,      56.05,    184.69
       13,                     13.23,          3.29,       7.78,      77.80,    256.12                     13.14,          3.30,       5.61,      56.05,    184.72
       13,                     13.27,          3.29,       7.78,      77.80,    256.13                     13.14,          3.30,       5.61,      56.03,    184.64
       13,                     13.24,          3.29,       7.78,      77.79,    256.11                     13.16,          3.30,       5.61,      56.05,    184.73
       13,                     13.23,          3.29,       7.78,      77.82,    256.22                     13.16,          3.30,       5.61,      56.05,    184.72
       13,                     13.25,          3.29,       7.78,      77.81,    256.16                     13.14,          3.30,       5.60,      56.05,    184.68
       13,                     13.24,          3.29,       7.78,      77.79,    256.10                     13.19,          3.30,       5.61,      56.06,    184.75
       13,                     13.26,          3.29,       7.78,      77.78,    256.08                     13.13,          3.30,       5.61,      56.06,    184.73
       13,                     13.22,          3.29,       7.78,      77.80,    256.13                     13.14,          3.30,       5.61,      56.07,    184.76
       13,                     13.22,          3.29,       7.78,      77.80,    256.15                     13.14,          3.30,       5.61,      56.03,    184.65
       14,                     14.06,          3.29,       8.28,      82.73,    272.37                     13.96,          3.30,       5.81,      58.07,    191.33
       14,                     14.08,          3.29,       8.28,      82.73,    272.35                     13.96,          3.30,       5.81,      58.08,    191.38
       14,                     14.06,          3.29,       8.27,      82.73,    272.35                     13.95,          3.30,       5.81,      58.08,    191.41
       14,                     14.09,          3.29,       8.27,      82.72,    272.33                     13.93,          3.30,       5.81,      58.07,    191.35
       14,                     13.67,          3.29,       8.28,      82.75,    272.40                     13.96,          3.30,       5.81,      58.09,    191.43
       14,                     14.06,          3.29,       8.27,      82.74,    272.39                     13.93,          3.30,       5.81,      58.04,    191.26
       14,                     14.08,          3.29,       8.27,      82.73,    272.35                     13.93,          3.30,       5.81,      58.08,    191.40
       14,                     14.06,          3.29,       8.27,      82.74,    272.39                     13.93,          3.30,       5.81,      58.06,    191.33
       14,                     14.06,          3.29,       8.28,      82.74,    272.38                     13.54,          3.30,       5.81,      58.07,    191.36
       14,                     14.11,          3.29,       8.28,      82.75,    272.42                     13.93,          3.30,       5.81,      58.06,    191.34
       15,                     14.93,          3.29,       8.73,      87.26,    287.25                     14.38,          3.29,       6.39,      63.95,    210.66
       15,                     14.93,          3.29,       8.72,      87.25,    287.22                     14.36,          3.29,       6.39,      63.94,    210.62
       15,                     14.93,          3.29,       8.73,      87.27,    287.27                     14.36,          3.29,       6.40,      63.92,    210.60
       15,                     14.94,          3.29,       8.73,      87.24,    287.20                     14.36,          3.29,       6.39,      63.95,    210.66
       15,                     14.93,          3.29,       8.72,      87.26,    287.25                     14.36,          3.29,       6.39,      63.94,    210.65
       15,                     14.94,          3.29,       8.73,      87.27,    287.28                     14.36,          3.29,       6.39,      63.93,    210.60
       15,                     14.93,          3.29,       8.73,      87.25,    287.23                     14.36,          3.29,       6.39,      63.94,    210.67
       15,                     14.93,          3.29,       8.73,      87.24,    287.20                     14.38,          3.29,       6.39,      63.95,    210.69
       15,                     14.93,          3.29,       8.73,      87.26,    287.24                     14.36,          3.29,       6.39,      63.95,    210.66
       15,                     14.93,          3.29,       8.73,      87.27,    287.28                     14.36,          3.29,       6.39,      63.91,    210.51
       16,                     15.93,          3.29,       9.26,      92.56,    304.68                     15.77,          3.29,       7.46,      74.55,    245.46
       16,                     15.94,          3.29,       9.26,      92.53,    304.59                     15.78,          3.29,       7.46,      74.56,    245.52
       16,                     15.90,          3.29,       9.26,      92.54,    304.63                     15.77,          3.29,       7.46,      74.54,    245.45
       16,                     15.95,          3.29,       9.26,      92.54,    304.65                     15.80,          3.29,       7.45,      74.56,    245.49
       16,                     15.90,          3.29,       9.25,      92.56,    304.70                     15.77,          3.29,       7.46,      74.57,    245.52
       16,                     15.90,          3.29,       9.26,      92.52,    304.58                     15.77,          3.29,       7.46,      74.55,    245.46
       16,                     15.90,          3.29,       9.25,      92.56,    304.70                     15.77,          3.29,       7.45,      74.54,    245.45
       16,                     15.90,          3.29,       9.26,      92.56,    304.68                     15.77,          3.29,       7.46,      74.54,    245.43
       16,                     15.91,          3.29,       9.26,      92.59,    304.79                     15.77,          3.29,       7.46,      74.55,    245.45
       16,                     15.91,          3.29,       9.26,      92.54,    304.63                     15.77,          3.29,       7.46,      74.55,    245.47
       17,                     16.88,          3.29,       9.80,      97.95,    322.44                     16.96,          3.29,       7.65,      76.52,    251.94
       17,                     16.89,          3.29,       9.80,      97.97,    322.49                     16.96,          3.29,       7.65,      76.52,    251.96
       17,                     16.89,          3.29,       9.80,      97.99,    322.51                     16.96,          3.29,       7.65,      76.54,    252.01
       17,                     16.89,          3.29,       9.80,      97.99,    322.52                     16.96,          3.29,       7.66,      76.53,    251.97
       17,                     16.89,          3.29,       9.80,      97.97,    322.49                     16.96,          3.29,       7.65,      76.50,    251.89
       17,                     16.89,          3.29,       9.80,      98.00,    322.53                     16.96,          3.29,       7.66,      76.54,    252.02
       17,                     16.89,          3.29,       9.80,      97.97,    322.48                     16.96,          3.29,       7.65,      76.54,    251.98
       17,                     16.89,          3.29,       9.80,      98.02,    322.64                     16.96,          3.29,       7.65,      76.51,    251.96
       17,                     16.89,          3.29,       9.80,      97.99,    322.56                     16.96,          3.29,       7.65,      76.54,    252.02
       17,                     16.89,          3.29,       9.80,      97.97,    322.50                     16.96,          3.29,       7.66,      76.52,    251.97
       18,                     17.95,          3.29,      10.46,     104.58,    344.13                     17.66,          3.29,       8.41,      84.14,    277.00
       18,                     17.94,          3.29,      10.46,     104.57,    344.11                     17.66,          3.29,       8.42,      84.15,    277.03
       18,                     17.94,          3.29,      10.46,     104.55,    344.05                     17.66,          3.29,       8.41,      84.15,    277.03
       18,                     17.94,          3.29,      10.46,     104.58,    344.10                     17.66,          3.29,       8.42,      84.15,    277.02
       18,                     17.94,          3.29,      10.46,     104.58,    344.12                     17.66,          3.29,       8.42,      84.16,    277.07
       18,                     17.94,          3.29,      10.46,     104.56,    344.02                     17.66,          3.29,       8.42,      84.16,    277.05
       18,                     17.94,          3.29,      10.46,     104.58,    344.10                     17.66,          3.29,       8.41,      84.14,    276.99
       18,                     17.94,          3.29,      10.46,     104.58,    344.16                     17.66,          3.29,       8.41,      84.12,    276.94
       18,                     17.94,          3.29,      10.46,     104.57,    344.10                     17.26,          3.29,       8.42,      84.12,    276.92
       18,                     17.94,          3.29,      10.46,     104.57,    344.13                     17.66,          3.29,       8.41,      84.14,    276.99
       19,                     18.94,          3.29,      11.18,     111.82,    367.79                     18.71,          3.29,       9.72,      97.23,    320.09
       19,                     18.94,          3.29,      11.18,     111.83,    367.84                     18.71,          3.29,       9.72,      97.19,    319.91
       19,                     18.94,          3.29,      11.18,     111.81,    367.78                     18.71,          3.29,       9.72,      97.18,    319.89
       19,                     18.94,          3.29,      11.18,     111.82,    367.82                     18.71,          3.29,       9.72,      97.19,    319.94
       19,                     18.93,          3.29,      11.19,     111.80,    367.72                     18.71,          3.29,       9.72,      97.16,    319.84
       19,                     18.93,          3.29,      11.18,     111.80,    367.74                     18.71,          3.29,       9.72,      97.25,    320.14
       19,                     18.93,          3.29,      11.18,     111.81,    367.80                     18.71,          3.29,       9.72,      97.18,    319.91
       19,                     18.93,          3.29,      11.19,     111.85,    367.91                     18.71,          3.29,       9.72,      97.23,    320.07
       19,                     18.93,          3.29,      11.18,     111.81,    367.82                     18.71,          3.29,       9.72,      97.21,    319.99
       19,                     18.54,          3.29,      11.18,     111.80,    367.71                     18.32,          3.29,       9.73,      97.27,    320.18
       20,                     19.82,          3.29,      11.92,     119.19,    391.93                     19.73,          3.29,      10.94,     109.41,    360.00
       20,                     19.81,          3.29,      11.92,     119.20,    391.96                     19.73,          3.29,      10.94,     109.41,    360.01
       20,                     19.81,          3.29,      11.92,     119.17,    391.88                     19.73,          3.29,      10.94,     109.40,    359.95
       20,                     19.81,          3.29,      11.92,     119.13,    391.75                     19.72,          3.29,      10.94,     109.36,    359.86
       20,                     19.81,          3.29,      11.92,     119.19,    391.95                     19.73,          3.29,      10.94,     109.41,    360.03
       20,                     19.81,          3.29,      11.91,     119.14,    391.77                     19.73,          3.29,      10.94,     109.35,    359.83
       20,                     19.81,          3.29,      11.92,     119.14,    391.78                     19.72,          3.29,      10.93,     109.33,    359.76
       20,                     19.81,          3.29,      11.91,     119.13,    391.77                     19.72,          3.29,      10.94,     109.37,    359.88
       20,                     19.81,          3.29,      11.92,     119.21,    392.01                     19.72,          3.29,      10.94,     109.37,    359.87
       20,                     19.81,          3.29,      11.92,     119.11,    391.69                     19.72,          3.29,      10.94,     109.39,    359.94
       21,                     20.56,          3.29,      12.63,     126.26,    415.17                     20.43,          3.29,      12.35,     123.39,    405.73
       21,                     20.55,          3.29,      12.62,     126.23,    415.06                     20.43,          3.29,      12.34,     123.39,    405.77
       21,                     20.55,          3.29,      12.63,     126.22,    415.01                     20.43,          3.29,      12.34,     123.43,    405.87
       21,                     20.55,          3.29,      12.63,     126.22,    415.03                     20.43,          3.29,      12.34,     123.37,    405.65
       21,                     20.55,          3.29,      12.62,     126.21,    414.98                     20.43,          3.29,      12.34,     123.39,    405.72
       21,                     20.55,          3.29,      12.62,     126.21,    414.99                     20.43,          3.29,      12.34,     123.37,    405.67
       21,                     20.55,          3.29,      12.62,     126.22,    415.03                     20.43,          3.29,      12.34,     123.40,    405.75
       21,                     20.55,          3.29,      12.62,     126.22,    415.01                     20.43,          3.29,      12.34,     123.39,    405.75
       21,                     20.55,          3.29,      12.62,     126.21,    414.98                     20.43,          3.29,      12.34,     123.36,    405.64
       21,                     20.55,          3.29,      12.62,     126.21,    414.99                     20.43,          3.29,      12.34,     123.37,    405.67
       22,                     21.14,          3.29,      13.43,     134.29,    441.54                     21.14,          3.29,      13.43,     134.28,    441.50
       22,                     21.14,          3.29,      13.43,     134.32,    441.62                     21.14,          3.29,      13.43,     134.31,    441.59
       22,                     21.14,          3.29,      13.43,     134.29,    441.55                     21.14,          3.29,      13.44,     134.29,    441.55
       22,                     21.14,          3.29,      13.44,     134.33,    441.65                     21.14,          3.29,      13.43,     134.28,    441.52
       22,                     21.14,          3.29,      13.43,     134.31,    441.62                     21.14,          3.29,      13.43,     134.30,    441.57
       22,                     21.14,          3.29,      13.43,     134.32,    441.65                     21.14,          3.29,      13.43,     134.29,    441.54
       22,                     21.14,          3.29,      13.43,     134.31,    441.61                     21.14,          3.29,      13.43,     134.30,    441.58
       22,                     21.14,          3.29,      13.43,     134.30,    441.56                     21.14,          3.29,      13.43,     134.31,    441.60
       22,                     21.14,          3.29,      13.43,     134.30,    441.58                     21.14,          3.29,      13.43,     134.31,    441.61
       22,                     21.14,          3.29,      13.43,     134.25,    441.42                     21.14,          3.29,      13.43,     134.31,    441.62

