[Radio] Initializing ... success!
Connected to RF power monitor: Rohde&Schwarz,FPC1500,1328.6660K03/205785,V1.80
Connected to DC power monitor: radiolib-org,DCpowerMon,070dd3d
setCurrentLimit, code 0

Set [dBm],Measured unoptimized [dBm],Bus voltage[V],Voltage[mV],Current[mA],Power [mW], Measured optimized [dBm],Bus voltage[V],Voltage[mV],Current[mA],Power [mW]
       -9,                     -8.55,          3.30,       1.86,      18.54,     61.15                     -8.49,          3.30,       1.45,      14.50,     47.83
       -9,                     -8.53,          3.30,       1.85,      18.55,     61.20                     -8.48,          3.30,       1.45,      14.51,     47.88
       -9,                     -8.52,          3.30,       1.85,      18.57,     61.25                     -8.47,          3.30,       1.45,      14.50,     47.85
       -9,                     -8.52,          3.30,       1.86,      18.56,     61.24                     -8.47,          3.30,       1.45,      14.47,     47.73
       -9,                     -8.52,          3.30,       1.85,      18.54,     61.16                     -8.46,          3.30,       1.45,      14.50,     47.82
       -9,                     -8.52,          3.30,       1.85,      18.56,     61.21                     -8.46,          3.30,       1.45,      14.50,     47.85
       -9,                     -8.53,          3.30,       1.85,      18.56,     61.20                     -8.50,          3.30,       1.45,      14.49,     47.79
       -9,                     -8.60,          3.30,       1.86,      18.56,     61.20                     -8.61,          3.30,       1.45,      14.48,     47.78
       -9,                     -8.73,          3.30,       1.86,      18.55,     61.18                     -8.74,          3.30,       1.45,      14.47,     47.73
       -9,                     -8.86,          3.30,       1.85,      18.54,     61.16                     -8.80,          3.30,       1.45,      14.47,     47.73
       -8,                     -7.66,          3.30,       1.96,      19.59,     64.59                     -7.89,          3.30,       1.45,      14.48,     47.76
       -8,                     -7.28,          3.30,       1.96,      19.57,     64.55                     -7.49,          3.30,       1.45,      14.51,     47.86
       -8,                     -7.27,          3.30,       1.96,      19.59,     64.60                     -7.49,          3.30,       1.45,      14.48,     47.77
       -8,                     -7.28,          3.30,       1.96,      19.62,     64.69                     -7.88,          3.30,       1.45,      14.48,     47.78
       -8,                     -7.66,          3.30,       1.96,      19.61,     64.65                     -7.48,          3.30,       1.45,      14.47,     47.72
       -8,                     -7.27,          3.30,       1.96,      19.58,     64.58                     -7.48,          3.30,       1.45,      14.49,     47.80
       -8,                     -7.27,          3.30,       1.96,      19.60,     64.62                     -7.48,          3.30,       1.45,      14.49,     47.80
       -8,                     -7.28,          3.30,       1.96,      19.59,     64.58                     -7.48,          3.30,       1.45,      14.47,     47.74
       -8,                     -7.27,          3.30,       1.96,      19.59,     64.57                     -7.87,          3.30,       1.45,      14.48,     47.75
       -8,                     -7.67,          3.30,       1.96,      19.59,     64.61                     -7.47,          3.30,       1.45,      14.47,     47.73
       -7,                     -6.60,          3.30,       2.06,      20.53,     67.70                     -6.52,          3.30,       1.53,      15.31,     50.48
       -7,                     -6.20,          3.30,       2.06,      20.56,     67.81                     -6.51,          3.30,       1.53,      15.28,     50.42
       -7,                     -6.57,          3.30,       2.06,      20.54,     67.72                     -6.49,          3.30,       1.53,      15.27,     50.37
       -7,                     -6.57,          3.30,       2.05,      20.54,     67.74                     -6.50,          3.30,       1.53,      15.29,     50.43
       -7,                     -6.59,          3.30,       2.06,      20.53,     67.71                     -6.52,          3.30,       1.53,      15.30,     50.47
       -7,                     -6.20,          3.30,       2.06,      20.53,     67.71                     -6.50,          3.30,       1.53,      15.29,     50.43
       -7,                     -6.20,          3.30,       2.06,      20.54,     67.72                     -6.51,          3.30,       1.53,      15.27,     50.36
       -7,                     -6.58,          3.30,       2.05,      20.56,     67.78                     -6.51,          3.30,       1.53,      15.30,     50.47
       -7,                     -6.60,          3.30,       2.06,      20.55,     67.77                     -6.51,          3.30,       1.53,      15.28,     50.39
       -7,                     -6.20,          3.30,       2.05,      20.56,     67.79                     -6.52,          3.30,       1.53,      15.27,     50.37
       -6,                     -5.64,          3.30,       2.16,      21.60,     71.22                     -5.16,          3.30,       1.68,      16.80,     55.39
       -6,                     -5.62,          3.30,       2.16,      21.60,     71.23                     -5.55,          3.30,       1.68,      16.77,     55.29
       -6,                     -5.24,          3.30,       2.16,      21.60,     71.20                     -5.16,          3.30,       1.68,      16.78,     55.35
       -6,                     -5.63,          3.30,       2.16,      21.60,     71.22                     -5.16,          3.30,       1.68,      16.79,     55.39
       -6,                     -5.24,          3.30,       2.16,      21.57,     71.15                     -5.16,          3.30,       1.68,      16.76,     55.29
       -6,                     -5.24,          3.30,       2.16,      21.63,     71.31                     -5.56,          3.30,       1.68,      16.78,     55.34
       -6,                     -5.24,          3.30,       2.16,      21.60,     71.22                     -5.16,          3.30,       1.68,      16.77,     55.31
       -6,                     -5.24,          3.30,       2.16,      21.59,     71.20                     -5.16,          3.30,       1.68,      16.77,     55.30
       -6,                     -5.24,          3.30,       2.16,      21.58,     71.16                     -5.16,          3.30,       1.68,      16.78,     55.34
       -6,                     -5.24,          3.30,       2.16,      21.60,     71.22                     -5.16,          3.30,       1.68,      16.79,     55.38
       -5,                     -3.59,          3.30,       2.37,      23.63,     77.89                     -3.72,          3.30,       1.75,      17.53,     57.82
       -5,                     -3.59,          3.30,       2.37,      23.64,     77.96                     -3.72,          3.30,       1.75,      17.52,     57.77
       -5,                     -3.59,          3.30,       2.37,      23.64,     77.94                     -3.72,          3.30,       1.75,      17.53,     57.80
       -5,                     -3.59,          3.30,       2.36,      23.64,     77.93                     -3.72,          3.30,       1.75,      17.53,     57.79
       -5,                     -3.59,          3.30,       2.36,      23.65,     77.98                     -4.10,          3.30,       1.76,      17.51,     57.74
       -5,                     -3.59,          3.30,       2.36,      23.63,     77.91                     -3.72,          3.30,       1.76,      17.53,     57.81
       -5,                     -3.97,          3.30,       2.37,      23.62,     77.88                     -4.09,          3.30,       1.75,      17.52,     57.75
       -5,                     -3.97,          3.30,       2.37,      23.63,     77.92                     -4.10,          3.30,       1.75,      17.52,     57.79
       -5,                     -3.59,          3.30,       2.36,      23.63,     77.92                     -3.72,          3.30,       1.75,      17.56,     57.90
       -5,                     -3.98,          3.30,       2.36,      23.65,     77.97                     -4.11,          3.30,       1.75,      17.51,     57.75
       -4,                     -2.87,          3.30,       2.47,      24.71,     81.47                     -2.65,          3.30,       1.96,      19.56,     64.50
       -4,                     -2.87,          3.30,       2.47,      24.70,     81.42                     -2.66,          3.30,       1.95,      19.55,     64.47
       -4,                     -2.88,          3.30,       2.47,      24.68,     81.38                     -2.65,          3.30,       1.95,      19.56,     64.51
       -4,                     -3.25,          3.30,       2.47,      24.70,     81.45                     -3.04,          3.30,       1.96,      19.56,     64.51
       -4,                     -2.87,          3.30,       2.47,      24.67,     81.34                     -2.65,          3.30,       1.96,      19.58,     64.58
       -4,                     -2.87,          3.30,       2.47,      24.67,     81.35                     -2.65,          3.30,       1.96,      19.54,     64.44
       -4,                     -2.87,          3.30,       2.47,      24.70,     81.42                     -2.65,          3.30,       1.96,      19.55,     64.47
       -4,                     -2.87,          3.30,       2.47,      24.71,     81.47                     -2.65,          3.30,       1.96,      19.56,     64.49
       -4,                     -3.26,          3.30,       2.47,      24.69,     81.40                     -3.05,          3.30,       1.96,      19.57,     64.54
       -4,                     -2.87,          3.30,       2.47,      24.71,     81.46                     -3.03,          3.30,       1.96,      19.57,     64.51
       -3,                     -2.58,          3.30,       2.57,      25.70,     84.73                     -2.54,          3.30,       2.07,      20.74,     68.39
       -3,                     -2.21,          3.30,       2.57,      25.71,     84.75                     -2.15,          3.30,       2.07,      20.74,     68.40
       -3,                     -2.21,          3.30,       2.57,      25.69,     84.70                     -2.15,          3.30,       2.07,      20.74,     68.39
       -3,                     -2.21,          3.30,       2.57,      25.69,     84.69                     -2.53,          3.30,       2.07,      20.73,     68.35
       -3,                     -2.21,          3.30,       2.57,      25.69,     84.70                     -2.15,          3.30,       2.07,      20.74,     68.41
       -3,                     -2.21,          3.30,       2.57,      25.70,     84.71                     -2.15,          3.30,       2.07,      20.72,     68.31
       -3,                     -2.21,          3.30,       2.57,      25.69,     84.69                     -2.51,          3.30,       2.07,      20.72,     68.31
       -3,                     -2.21,          3.30,       2.57,      25.71,     84.73                     -2.54,          3.30,       2.07,      20.74,     68.39
       -3,                     -2.61,          3.30,       2.57,      25.68,     84.66                     -2.15,          3.30,       2.07,      20.74,     68.39
       -3,                     -2.21,          3.30,       2.57,      25.69,     84.69                     -2.15,          3.30,       2.08,      20.74,     68.39
       -2,                     -1.02,          3.30,       2.77,      27.70,     91.30                     -1.20,          3.30,       2.26,      22.59,     74.47
       -2,                     -1.02,          3.30,       2.77,      27.75,     91.49                     -1.59,          3.30,       2.26,      22.57,     74.41
       -2,                     -1.40,          3.30,       2.77,      27.72,     91.39                     -1.59,          3.30,       2.26,      22.55,     74.36
       -2,                     -1.40,          3.30,       2.77,      27.74,     91.44                     -1.60,          3.30,       2.26,      22.57,     74.42
       -2,                     -1.02,          3.30,       2.77,      27.75,     91.50                     -1.20,          3.30,       2.26,      22.60,     74.54
       -2,                     -1.02,          3.30,       2.77,      27.73,     91.41                     -1.58,          3.30,       2.26,      22.58,     74.46
       -2,                     -1.02,          3.30,       2.77,      27.71,     91.34                     -1.60,          3.30,       2.26,      22.59,     74.49
       -2,                     -1.02,          3.30,       2.77,      27.76,     91.49                     -1.20,          3.30,       2.26,      22.57,     74.42
       -2,                     -1.02,          3.30,       2.77,      27.74,     91.44                     -1.20,          3.30,       2.26,      22.59,     74.48
       -2,                     -1.02,          3.30,       2.77,      27.71,     91.37                     -1.20,          3.30,       2.26,      22.59,     74.48
       -1,                     -0.03,          3.30,       2.97,      29.65,     97.74                     -0.25,          3.30,       2.05,      20.54,     67.73
       -1,                     -0.03,          3.30,       2.97,      29.67,     97.81                     -0.24,          3.30,       2.05,      20.52,     67.66
       -1,                     -0.03,          3.30,       2.97,      29.67,     97.82                     -0.24,          3.30,       2.05,      20.52,     67.65
       -1,                     -0.42,          3.30,       2.97,      29.65,     97.72                     -0.24,          3.30,       2.05,      20.51,     67.63
       -1,                     -0.03,          3.30,       2.97,      29.65,     97.75                     -0.24,          3.30,       2.05,      20.51,     67.64
       -1,                     -0.42,          3.30,       2.97,      29.67,     97.80                     -0.64,          3.30,       2.05,      20.50,     67.59
       -1,                     -0.03,          3.30,       2.97,      29.66,     97.76                     -0.64,          3.30,       2.05,      20.51,     67.64
       -1,                     -0.41,          3.30,       2.97,      29.66,     97.77                     -0.24,          3.30,       2.05,      20.53,     67.69
       -1,                     -0.03,          3.30,       2.97,      29.65,     97.74                     -0.24,          3.30,       2.05,      20.52,     67.69
       -1,                     -0.03,          3.30,       2.97,      29.68,     97.82                     -0.24,          3.30,       2.05,      20.51,     67.61
        0,                      0.90,          3.30,       3.16,      31.65,    104.31                      0.47,          3.30,       2.27,      22.70,     74.86
        0,                      0.90,          3.30,       3.16,      31.66,    104.34                      0.49,          3.30,       2.27,      22.67,     74.73
        0,                      0.51,          3.30,       3.16,      31.64,    104.28                      0.87,          3.30,       2.27,      22.70,     74.85
        0,                      0.90,          3.30,       3.16,      31.65,    104.32                      0.87,          3.30,       2.27,      22.68,     74.80
        0,                      0.90,          3.30,       3.17,      31.65,    104.32                      0.87,          3.30,       2.27,      22.69,     74.81
        0,                      0.51,          3.30,       3.16,      31.66,    104.36                      0.87,          3.30,       2.27,      22.70,     74.86
        0,                      0.90,          3.30,       3.17,      31.64,    104.30                      0.87,          3.30,       2.27,      22.71,     74.87
        0,                      0.90,          3.30,       3.17,      31.64,    104.28                      0.87,          3.30,       2.27,      22.71,     74.86
        0,                      0.90,          3.30,       3.16,      31.61,    104.19                      0.87,          3.30,       2.27,      22.69,     74.82
        0,                      0.90,          3.30,       3.16,      31.66,    104.35                      0.87,          3.30,       2.27,      22.70,     74.83
        1,                      1.73,          3.30,       3.35,      33.50,    110.42                      1.27,          3.30,       2.17,      21.64,     71.35
        1,                      1.73,          3.30,       3.35,      33.52,    110.50                      1.27,          3.30,       2.17,      21.64,     71.33
        1,                      1.73,          3.30,       3.35,      33.53,    110.53                      1.27,          3.30,       2.17,      21.64,     71.34
        1,                      1.34,          3.30,       3.35,      33.53,    110.53                      1.27,          3.30,       2.16,      21.65,     71.39
        1,                      1.34,          3.30,       3.35,      33.54,    110.57                      0.90,          3.30,       2.17,      21.65,     71.37
        1,                      1.73,          3.30,       3.35,      33.54,    110.56                      1.27,          3.30,       2.16,      21.64,     71.33
        1,                      1.73,          3.30,       3.35,      33.50,    110.44                      1.27,          3.30,       2.16,      21.66,     71.40
        1,                      1.73,          3.30,       3.35,      33.55,    110.58                      1.27,          3.30,       2.16,      21.65,     71.39
        1,                      1.73,          3.30,       3.35,      33.55,    110.60                      1.27,          3.30,       2.16,      21.62,     71.30
        1,                      1.73,          3.30,       3.35,      33.53,    110.51                      1.27,          3.30,       2.17,      21.66,     71.40
        2,                      2.84,          3.30,       3.63,      36.26,    119.53                      2.35,          3.30,       2.40,      24.01,     79.15
        2,                      2.84,          3.30,       3.63,      36.26,    119.52                      2.35,          3.30,       2.40,      24.02,     79.18
        2,                      2.84,          3.30,       3.63,      36.27,    119.55                      2.35,          3.30,       2.40,      24.00,     79.12
        2,                      2.84,          3.30,       3.63,      36.22,    119.37                      2.35,          3.30,       2.40,      24.01,     79.14
        2,                      2.84,          3.30,       3.63,      36.29,    119.61                      2.35,          3.30,       2.40,      24.00,     79.12
        2,                      2.44,          3.30,       3.63,      36.26,    119.50                      2.35,          3.30,       2.40,      24.01,     79.15
        2,                      2.84,          3.30,       3.62,      36.25,    119.48                      1.95,          3.30,       2.40,      24.01,     79.16
        2,                      2.84,          3.30,       3.63,      36.25,    119.47                      2.35,          3.30,       2.40,      24.01,     79.15
        2,                      2.84,          3.30,       3.62,      36.25,    119.46                      2.35,          3.30,       2.40,      23.99,     79.09
        2,                      2.84,          3.30,       3.63,      36.25,    119.49                      2.35,          3.30,       2.40,      24.01,     79.17
        3,                      3.50,          3.30,       3.80,      37.97,    125.16                      3.10,          3.30,       2.31,      23.09,     76.14
        3,                      3.50,          3.30,       3.80,      37.97,    125.16                      3.10,          3.30,       2.31,      23.11,     76.19
        3,                      3.50,          3.30,       3.80,      37.98,    125.19                      3.10,          3.30,       2.31,      23.07,     76.04
        3,                      3.50,          3.30,       3.80,      37.98,    125.15                      3.10,          3.30,       2.31,      23.08,     76.11
        3,                      3.50,          3.30,       3.80,      37.97,    125.15                      2.71,          3.30,       2.31,      23.07,     76.07
        3,                      3.13,          3.30,       3.80,      37.97,    125.12                      2.72,          3.30,       2.31,      23.06,     76.03
        3,                      3.12,          3.30,       3.80,      37.98,    125.18                      2.72,          3.30,       2.31,      23.08,     76.10
        3,                      3.11,          3.30,       3.80,      37.97,    125.17                      2.73,          3.30,       2.31,      23.08,     76.10
        3,                      3.12,          3.30,       3.80,      37.97,    125.13                      3.10,          3.30,       2.31,      23.09,     76.11
        3,                      3.50,          3.30,       3.80,      37.99,    125.21                      3.10,          3.30,       2.31,      23.07,     76.07
        4,                      4.69,          3.30,       4.13,      41.26,    135.99                      4.30,          3.30,       2.34,      23.44,     77.28
        4,                      4.30,          3.30,       4.13,      41.28,    136.05                      3.91,          3.30,       2.34,      23.44,     77.28
        4,                      4.30,          3.30,       4.13,      41.26,    135.98                      3.91,          3.30,       2.34,      23.43,     77.25
        4,                      4.30,          3.30,       4.13,      41.26,    135.99                      3.90,          3.30,       2.34,      23.44,     77.30
        4,                      4.30,          3.30,       4.13,      41.24,    135.93                      4.30,          3.30,       2.34,      23.43,     77.27
        4,                      4.69,          3.30,       4.13,      41.27,    136.03                      4.30,          3.30,       2.34,      23.41,     77.18
        4,                      4.69,          3.30,       4.13,      41.25,    135.96                      4.30,          3.30,       2.34,      23.43,     77.23
        4,                      4.69,          3.30,       4.12,      41.25,    135.96                      4.29,          3.30,       2.34,      23.45,     77.30
        4,                      4.69,          3.30,       4.13,      41.23,    135.90                      4.29,          3.30,       2.34,      23.45,     77.30
        4,                      4.69,          3.30,       4.13,      41.25,    135.98                      4.29,          3.30,       2.35,      23.43,     77.24
        5,                      5.46,          3.30,       4.36,      43.52,    143.45                      5.32,          3.30,       3.33,      33.32,    109.83
        5,                      5.46,          3.30,       4.35,      43.50,    143.39                      5.32,          3.30,       3.33,      33.32,    109.84
        5,                      5.46,          3.30,       4.35,      43.49,    143.33                      5.32,          3.30,       3.33,      33.30,    109.75
        5,                      5.08,          3.30,       4.35,      43.50,    143.38                      4.95,          3.30,       3.33,      33.32,    109.84
        5,                      5.09,          3.30,       4.35,      43.50,    143.36                      5.32,          3.30,       3.33,      33.32,    109.83
        5,                      5.46,          3.30,       4.35,      43.51,    143.43                      5.32,          3.30,       3.33,      33.30,    109.77
        5,                      5.46,          3.30,       4.35,      43.51,    143.42                      5.32,          3.30,       3.33,      33.33,    109.86
        5,                      5.06,          3.30,       4.35,      43.50,    143.38                      4.93,          3.30,       3.33,      33.31,    109.80
        5,                      5.05,          3.30,       4.35,      43.52,    143.44                      5.32,          3.30,       3.33,      33.31,    109.80
        5,                      5.45,          3.30,       4.35,      43.50,    143.39                      4.92,          3.30,       3.33,      33.32,    109.82
        6,                      6.04,          3.30,       4.66,      46.55,    153.42                      5.89,          3.30,       2.86,      28.55,     94.11
        6,                      6.44,          3.30,       4.66,      46.57,    153.49                      5.89,          3.30,       2.86,      28.55,     94.12
        6,                      6.44,          3.30,       4.66,      46.55,    153.43                      5.89,          3.30,       2.86,      28.57,     94.20
        6,                      6.44,          3.30,       4.66,      46.56,    153.46                      5.89,          3.30,       2.85,      28.56,     94.15
        6,                      6.44,          3.30,       4.65,      46.54,    153.39                      5.90,          3.30,       2.86,      28.56,     94.13
        6,                      6.44,          3.30,       4.66,      46.57,    153.50                      5.90,          3.30,       2.86,      28.57,     94.18
        6,                      6.44,          3.30,       4.66,      46.56,    153.45                      5.90,          3.30,       2.86,      28.57,     94.20
        6,                      6.44,          3.30,       4.66,      46.55,    153.43                      5.89,          3.30,       2.86,      28.56,     94.16
        6,                      6.44,          3.30,       4.65,      46.56,    153.46                      5.89,          3.30,       2.86,      28.55,     94.13
        6,                      6.44,          3.30,       4.65,      46.57,    153.47                      5.89,          3.30,       2.86,      28.54,     94.09
        7,                      7.54,          3.30,       5.02,      50.24,    165.59                      7.16,          3.30,       3.53,      35.23,    116.12
        7,                      7.54,          3.30,       5.02,      50.24,    165.57                      7.15,          3.30,       3.53,      35.24,    116.17
        7,                      7.54,          3.30,       5.02,      50.21,    165.48                      6.75,          3.30,       3.52,      35.26,    116.21
        7,                      7.54,          3.30,       5.02,      50.23,    165.54                      7.15,          3.30,       3.52,      35.24,    116.14
        7,                      7.54,          3.30,       5.02,      50.21,    165.50                      6.75,          3.30,       3.52,      35.25,    116.20
        7,                      7.54,          3.30,       5.02,      50.22,    165.52                      7.15,          3.30,       3.52,      35.23,    116.13
        7,                      7.54,          3.30,       5.02,      50.22,    165.53                      7.15,          3.30,       3.52,      35.24,    116.14
        7,                      7.54,          3.30,       5.02,      50.21,    165.50                      7.15,          3.30,       3.52,      35.21,    116.06
        7,                      7.54,          3.30,       5.02,      50.22,    165.53                      7.15,          3.30,       3.52,      35.23,    116.11
        7,                      7.54,          3.30,       5.02,      50.23,    165.53                      6.76,          3.30,       3.52,      35.25,    116.20
        8,                      8.50,          3.30,       5.39,      53.86,    177.52                      8.33,          3.30,       4.51,      45.14,    148.77
        8,                      8.50,          3.30,       5.39,      53.86,    177.50                      8.33,          3.30,       4.52,      45.13,    148.75
        8,                      8.10,          3.30,       5.39,      53.85,    177.49                      7.94,          3.30,       4.51,      45.12,    148.72
        8,                      8.12,          3.30,       5.39,      53.85,    177.50                      7.93,          3.30,       4.51,      45.12,    148.72
        8,                      8.50,          3.30,       5.39,      53.86,    177.51                      7.94,          3.30,       4.51,      45.13,    148.75
        8,                      8.11,          3.30,       5.39,      53.87,    177.52                      7.95,          3.30,       4.51,      45.11,    148.68
        8,                      8.13,          3.30,       5.39,      53.87,    177.54                      7.96,          3.30,       4.51,      45.12,    148.73
        8,                      8.11,          3.30,       5.39,      53.86,    177.51                      7.94,          3.30,       4.51,      45.10,    148.65
        8,                      8.50,          3.30,       5.39,      53.84,    177.44                      8.32,          3.30,       4.51,      45.12,    148.71
        8,                      8.12,          3.30,       5.38,      53.85,    177.47                      7.93,          3.30,       4.51,      45.13,    148.73
        9,                      9.50,          3.30,       5.79,      57.95,    190.95                      8.97,          3.30,       3.67,      36.66,    120.85
        9,                      9.12,          3.30,       5.79,      57.91,    190.85                      8.58,          3.30,       3.67,      36.67,    120.88
        9,                      9.51,          3.30,       5.79,      57.91,    190.84                      8.97,          3.30,       3.67,      36.65,    120.79
        9,                      9.51,          3.30,       5.79,      57.93,    190.93                      8.59,          3.30,       3.67,      36.65,    120.81
        9,                      9.14,          3.30,       5.79,      57.95,    190.98                      8.61,          3.30,       3.67,      36.66,    120.82
        9,                      9.13,          3.30,       5.79,      57.92,    190.86                      8.59,          3.30,       3.67,      36.67,    120.89
        9,                      9.12,          3.30,       5.79,      57.91,    190.84                      8.97,          3.30,       3.66,      36.63,    120.73
        9,                      9.51,          3.30,       5.79,      57.94,    190.94                      8.57,          3.30,       3.67,      36.66,    120.82
        9,                      9.51,          3.30,       5.79,      57.92,    190.86                      8.58,          3.30,       3.67,      36.66,    120.84
        9,                      9.11,          3.30,       5.79,      57.93,    190.93                      8.58,          3.30,       3.67,      36.66,    120.85
       10,                     10.41,          3.30,       6.20,      61.96,    204.16                      9.46,          3.30,       3.76,      37.54,    123.74
       10,                     10.41,          3.29,       6.20,      61.97,    204.18                      9.85,          3.30,       3.76,      37.56,    123.81
       10,                     10.41,          3.29,       6.20,      61.95,    204.11                      9.85,          3.30,       3.76,      37.56,    123.79
       10,                     10.41,          3.29,       6.20,      61.94,    204.07                      9.85,          3.30,       3.76,      37.56,    123.78
       10,                     10.41,          3.30,       6.20,      61.95,    204.15                      9.85,          3.30,       3.76,      37.54,    123.75
       10,                     10.41,          3.30,       6.20,      61.98,    204.23                      9.85,          3.30,       3.76,      37.55,    123.77
       10,                     10.41,          3.30,       6.20,      61.96,    204.15                      9.85,          3.30,       3.75,      37.56,    123.80
       10,                     10.41,          3.29,       6.20,      61.97,    204.17                      9.45,          3.30,       3.75,      37.56,    123.80
       10,                     10.04,          3.29,       6.20,      61.94,    204.07                      9.45,          3.30,       3.75,      37.54,    123.75
       10,                     10.41,          3.29,       6.19,      61.93,    204.05                      9.46,          3.30,       3.76,      37.55,    123.75
       11,                     10.89,          3.29,       6.63,      66.30,    218.40                     10.31,          3.30,       4.23,      42.34,    139.55
       11,                     11.29,          3.29,       6.63,      66.29,    218.39                     10.70,          3.30,       4.23,      42.35,    139.58
       11,                     11.28,          3.29,       6.63,      66.29,    218.36                     10.70,          3.30,       4.24,      42.34,    139.56
       11,                     10.90,          3.29,       6.63,      66.26,    218.29                     10.70,          3.30,       4.23,      42.34,    139.57
       11,                     11.28,          3.29,       6.63,      66.29,    218.35                     10.70,          3.30,       4.24,      42.31,    139.47
       11,                     11.28,          3.29,       6.63,      66.27,    218.33                     10.70,          3.30,       4.23,      42.35,    139.58
       11,                     11.28,          3.29,       6.63,      66.30,    218.39                     10.70,          3.30,       4.24,      42.33,    139.54
       11,                     11.28,          3.29,       6.63,      66.30,    218.42                     10.70,          3.30,       4.23,      42.30,    139.41
       11,                     11.28,          3.29,       6.63,      66.27,    218.30                     10.71,          3.30,       4.23,      42.30,    139.41
       11,                     11.28,          3.29,       6.63,      66.31,    218.44                     10.70,          3.30,       4.23,      42.33,    139.54
       12,                     12.22,          3.29,       7.13,      71.25,    234.65                     11.63,          3.30,       4.75,      47.54,    156.68
       12,                     12.23,          3.29,       7.13,      71.26,    234.69                     11.62,          3.30,       4.75,      47.51,    156.60
       12,                     12.19,          3.29,       7.13,      71.25,    234.67                     11.62,          3.30,       4.75,      47.53,    156.67
       12,                     12.22,          3.29,       7.13,      71.27,    234.73                     11.62,          3.30,       4.75,      47.53,    156.65
       12,                     12.20,          3.29,       7.13,      71.24,    234.59                     11.62,          3.30,       4.75,      47.55,    156.71
       12,                     12.19,          3.29,       7.13,      71.29,    234.80                     11.62,          3.30,       4.75,      47.55,    156.72
       12,                     12.19,          3.29,       7.13,      71.27,    234.73                     11.62,          3.30,       4.75,      47.53,    156.66
       12,                     12.19,          3.29,       7.13,      71.27,    234.70                     11.62,          3.30,       4.75,      47.53,    156.67
       12,                     11.81,          3.29,       7.13,      71.29,    234.78                     11.24,          3.30,       4.75,      47.52,    156.63
       12,                     11.79,          3.29,       7.13,      71.27,    234.74                     11.25,          3.30,       4.75,      47.53,    156.64
       13,                     12.76,          3.29,       7.71,      77.11,    253.89                     12.62,          3.30,       5.56,      55.58,    183.19
       13,                     12.78,          3.29,       7.71,      77.12,    253.93                     13.02,          3.30,       5.56,      55.57,    183.16
       13,                     12.75,          3.29,       7.71,      77.12,    253.93                     13.01,          3.30,       5.56,      55.58,    183.20
       13,                     13.15,          3.29,       7.71,      77.13,    253.95                     12.65,          3.30,       5.56,      55.58,    183.17
       13,                     13.15,          3.29,       7.71,      77.10,    253.90                     13.06,          3.30,       5.56,      55.58,    183.17
       13,                     13.21,          3.29,       7.71,      77.12,    253.92                     13.06,          3.30,       5.56,      55.59,    183.21
       13,                     12.77,          3.29,       7.71,      77.10,    253.85                     13.01,          3.30,       5.56,      55.59,    183.22
       13,                     13.21,          3.29,       7.71,      77.10,    253.85                     13.07,          3.30,       5.56,      55.58,    183.19
       13,                     13.21,          3.29,       7.71,      77.12,    253.90                     12.66,          3.30,       5.56,      55.55,    183.09
       13,                     13.19,          3.29,       7.71,      77.08,    253.80                     13.01,          3.30,       5.56,      55.55,    183.09
       14,                     14.04,          3.29,       8.20,      81.95,    269.81                     13.85,          3.30,       5.76,      57.61,    189.86
       14,                     14.05,          3.29,       8.20,      81.98,    269.89                     13.49,          3.30,       5.76,      57.63,    189.93
       14,                     13.68,          3.29,       8.19,      81.94,    269.80                     13.86,          3.30,       5.76,      57.61,    189.86
       14,                     14.05,          3.29,       8.20,      81.97,    269.87                     13.88,          3.30,       5.76,      57.59,    189.82
       14,                     14.04,          3.29,       8.20,      81.93,    269.72                     13.88,          3.30,       5.76,      57.58,    189.75
       14,                     14.05,          3.29,       8.19,      81.97,    269.87                     13.88,          3.30,       5.76,      57.58,    189.77
       14,                     14.05,          3.29,       8.20,      81.94,    269.78                     13.85,          3.30,       5.76,      57.59,    189.79
       14,                     14.05,          3.29,       8.20,      81.96,    269.81                     13.49,          3.30,       5.76,      57.64,    189.97
       14,                     13.63,          3.29,       8.20,      81.97,    269.89                     13.50,          3.30,       5.76,      57.59,    189.80
       14,                     13.64,          3.29,       8.19,      81.94,    269.75                     13.51,          3.30,       5.76,      57.61,    189.84
       15,                     14.53,          3.29,       8.64,      86.37,    284.34                     13.99,          3.30,       6.37,      63.70,    209.91
       15,                     14.53,          3.29,       8.64,      86.40,    284.43                     14.02,          3.29,       6.37,      63.68,    209.82
       15,                     14.55,          3.29,       8.64,      86.35,    284.29                     14.00,          3.29,       6.37,      63.69,    209.86
       15,                     14.53,          3.29,       8.64,      86.36,    284.30                     13.99,          3.29,       6.37,      63.70,    209.86
       15,                     14.88,          3.29,       8.64,      86.37,    284.35                     14.38,          3.29,       6.37,      63.70,    209.88
       15,                     14.91,          3.29,       8.64,      86.37,    284.34                     14.38,          3.29,       6.37,      63.66,    209.75
       15,                     14.91,          3.29,       8.64,      86.35,    284.28                     13.99,          3.29,       6.37,      63.69,    209.84
       15,                     14.91,          3.29,       8.64,      86.35,    284.25                     14.38,          3.29,       6.37,      63.69,    209.83
       15,                     14.53,          3.29,       8.64,      86.38,    284.36                     13.98,          3.29,       6.37,      63.66,    209.77
       15,                     14.91,          3.29,       8.64,      86.35,    284.27                     14.38,          3.30,       6.37,      63.70,    209.90
       16,                     15.89,          3.29,       9.16,      91.59,    301.50                     15.73,          3.29,       7.40,      74.00,    243.65
       16,                     15.88,          3.29,       9.16,      91.59,    301.53                     15.73,          3.29,       7.40,      74.00,    243.71
       16,                     15.88,          3.29,       9.16,      91.60,    301.54                     15.73,          3.29,       7.40,      74.01,    243.74
       16,                     15.88,          3.29,       9.16,      91.58,    301.48                     15.34,          3.29,       7.40,      74.01,    243.72
       16,                     15.88,          3.29,       9.16,      91.58,    301.49                     15.73,          3.29,       7.40,      74.01,    243.73
       16,                     15.88,          3.29,       9.16,      91.58,    301.47                     15.73,          3.29,       7.40,      74.00,    243.69
       16,                     15.88,          3.29,       9.16,      91.56,    301.43                     15.73,          3.29,       7.40,      74.01,    243.72
       16,                     15.88,          3.29,       9.16,      91.57,    301.45                     15.73,          3.29,       7.40,      74.02,    243.78
       16,                     15.88,          3.29,       9.16,      91.58,    301.48                     15.73,          3.29,       7.40,      73.99,    243.67
       16,                     15.88,          3.29,       9.16,      91.58,    301.49                     15.73,          3.29,       7.40,      74.00,    243.70
       17,                     16.84,          3.29,       9.70,      97.02,    319.38                     16.83,          3.29,       7.54,      75.33,    248.03
       17,                     16.84,          3.29,       9.70,      96.97,    319.22                     16.83,          3.29,       7.54,      75.35,    248.12
       17,                     16.84,          3.29,       9.71,      97.05,    319.47                     16.83,          3.29,       7.54,      75.32,    248.02
       17,                     16.84,          3.29,       9.71,      97.05,    319.47                     16.45,          3.29,       7.53,      75.34,    248.11
       17,                     16.84,          3.29,       9.70,      96.95,    319.17                     16.83,          3.29,       7.53,      75.33,    248.08
       17,                     16.84,          3.29,       9.71,      97.07,    319.55                     16.83,          3.29,       7.54,      75.35,    248.13
       17,                     16.45,          3.29,       9.71,      97.05,    319.46                     16.83,          3.29,       7.54,      75.35,    248.12
       17,                     16.84,          3.29,       9.70,      96.98,    319.25                     16.43,          3.29,       7.53,      75.34,    248.09
       17,                     16.84,          3.29,       9.70,      96.99,    319.29                     16.83,          3.29,       7.53,      75.33,    248.06
       17,                     16.84,          3.29,       9.71,      97.05,    319.48                     16.83,          3.29,       7.54,      75.35,    248.15
       18,                     17.91,          3.29,      10.36,     103.59,    340.97                     17.61,          3.29,       8.34,      83.36,    274.46
       18,                     17.91,          3.29,      10.36,     103.60,    340.98                     17.60,          3.29,       8.34,      83.39,    274.52
       18,                     17.91,          3.29,      10.36,     103.60,    340.96                     17.60,          3.29,       8.34,      83.36,    274.45
       18,                     17.91,          3.29,      10.36,     103.59,    340.94                     17.60,          3.29,       8.34,      83.36,    274.46
       18,                     17.91,          3.29,      10.36,     103.57,    340.89                     17.60,          3.29,       8.34,      83.35,    274.40
       18,                     17.91,          3.29,      10.36,     103.62,    341.06                     17.60,          3.29,       8.34,      83.32,    274.35
       18,                     17.91,          3.29,      10.36,     103.58,    340.89                     17.60,          3.29,       8.34,      83.33,    274.34
       18,                     17.91,          3.29,      10.36,     103.57,    340.88                     17.60,          3.29,       8.34,      83.35,    274.42
       18,                     17.51,          3.29,      10.36,     103.60,    340.95                     17.60,          3.29,       8.34,      83.34,    274.39
       18,                     17.91,          3.29,      10.36,     103.56,    340.89                     17.60,          3.29,       8.34,      83.34,    274.38
       19,                     18.91,          3.29,      11.08,     110.78,    364.53                     18.31,          3.29,       9.68,      96.76,    318.51
       19,                     18.91,          3.29,      11.08,     110.80,    364.52                     18.30,          3.29,       9.68,      96.79,    318.65
       19,                     18.52,          3.29,      11.08,     110.81,    364.60                     18.69,          3.29,       9.68,      96.75,    318.49
       19,                     18.51,          3.29,      11.08,     110.80,    364.53                     18.29,          3.29,       9.67,      96.72,    318.38
       19,                     18.91,          3.29,      11.08,     110.81,    364.57                     18.69,          3.29,       9.68,      96.76,    318.53
       19,                     18.91,          3.29,      11.08,     110.80,    364.55                     18.31,          3.29,       9.68,      96.77,    318.56
       19,                     18.52,          3.29,      11.08,     110.80,    364.56                     18.31,          3.29,       9.67,      96.75,    318.51
       19,                     18.52,          3.29,      11.08,     110.79,    364.52                     18.31,          3.29,       9.68,      96.77,    318.57
       19,                     18.51,          3.29,      11.08,     110.83,    364.67                     18.30,          3.29,       9.67,      96.68,    318.27
       19,                     18.52,          3.29,      11.08,     110.80,    364.53                     18.31,          3.29,       9.67,      96.72,    318.37
       20,                     19.40,          3.29,      11.82,     118.18,    388.70                     19.69,          3.29,      10.86,     108.58,    357.36
       20,                     19.79,          3.29,      11.82,     118.19,    388.71                     19.29,          3.29,      10.86,     108.54,    357.21
       20,                     19.79,          3.29,      11.82,     118.20,    388.71                     19.29,          3.29,      10.86,     108.53,    357.20
       20,                     19.79,          3.29,      11.82,     118.16,    388.62                     19.69,          3.29,      10.86,     108.58,    357.35
       20,                     19.79,          3.29,      11.82,     118.12,    388.49                     19.69,          3.29,      10.85,     108.48,    357.03
       20,                     19.79,          3.29,      11.82,     118.13,    388.52                     19.69,          3.29,      10.86,     108.55,    357.23
       20,                     19.79,          3.29,      11.82,     118.16,    388.60                     19.69,          3.29,      10.85,     108.50,    357.11
       20,                     19.40,          3.29,      11.82,     118.16,    388.67                     19.31,          3.29,      10.85,     108.51,    357.15
       20,                     19.79,          3.29,      11.82,     118.13,    388.50                     19.69,          3.29,      10.85,     108.52,    357.15
       20,                     19.39,          3.29,      11.82,     118.16,    388.62                     19.29,          3.29,      10.86,     108.51,    357.12
       21,                     20.15,          3.29,      12.53,     125.33,    412.10                     20.43,          3.29,      12.28,     122.80,    403.85
       21,                     20.18,          3.29,      12.53,     125.32,    412.08                     20.43,          3.29,      12.28,     122.77,    403.75
       21,                     20.53,          3.29,      12.53,     125.32,    412.08                     20.43,          3.29,      12.28,     122.78,    403.79
       21,                     20.53,          3.29,      12.53,     125.29,    411.98                     20.06,          3.29,      12.28,     122.79,    403.80
       21,                     20.53,          3.29,      12.53,     125.32,    412.07                     20.43,          3.29,      12.28,     122.78,    403.76
       21,                     20.53,          3.29,      12.53,     125.31,    412.06                     20.43,          3.29,      12.28,     122.77,    403.77
       21,                     20.53,          3.29,      12.53,     125.28,    411.94                     20.43,          3.29,      12.28,     122.75,    403.68
       21,                     20.53,          3.29,      12.53,     125.31,    412.04                     20.43,          3.29,      12.28,     122.79,    403.80
       21,                     20.53,          3.29,      12.53,     125.32,    412.08                     20.43,          3.29,      12.28,     122.75,    403.66
       21,                     20.53,          3.29,      12.53,     125.31,    412.05                     20.43,          3.29,      12.28,     122.74,    403.67
       22,                     21.14,          3.29,      13.35,     133.46,    438.85                     21.13,          3.29,      13.35,     133.49,    438.92
       22,                     20.74,          3.29,      13.35,     133.43,    438.71                     20.74,          3.29,      13.35,     133.46,    438.78
       22,                     21.13,          3.29,      13.35,     133.47,    438.87                     21.13,          3.29,      13.35,     133.47,    438.85
       22,                     21.13,          3.29,      13.35,     133.43,    438.74                     20.74,          3.29,      13.35,     133.45,    438.79
       22,                     20.75,          3.29,      13.35,     133.43,    438.71                     20.74,          3.29,      13.35,     133.45,    438.78
       22,                     21.13,          3.29,      13.35,     133.46,    438.80                     20.74,          3.29,      13.34,     133.45,    438.78
       22,                     20.74,          3.29,      13.35,     133.48,    438.88                     21.13,          3.29,      13.34,     133.42,    438.69
       22,                     20.76,          3.29,      13.35,     133.46,    438.85                     21.13,          3.29,      13.35,     133.47,    438.85
       22,                     21.13,          3.29,      13.35,     133.43,    438.74                     21.13,          3.29,      13.35,     133.46,    438.81
       22,                     21.13,          3.29,      13.35,     133.47,    438.85                     21.13,          3.29,      13.35,     133.44,    438.74

