[Radio] Initializing ... success!
Connected to RF power monitor: Rohde&Schwarz,FPC1500,1328.6660K03/205785,V1.80
Connected to DC power monitor: radiolib-org,DCpowerMon,070dd3d
setCurrentLimit, code 0

Set [dBm],Measured unoptimized [dBm],Bus voltage[V],Voltage[mV],Current[mA],Power [mW], Measured optimized [dBm],Bus voltage[V],Voltage[mV],Current[mA],Power [mW]
       -9,                     -8.57,          3.30,       1.85,      18.53,     61.13                     -8.50,          3.30,       1.45,      14.51,     47.86
       -9,                     -8.55,          3.30,       1.86,      18.56,     61.21                     -8.48,          3.30,       1.45,      14.51,     47.89
       -9,                     -8.54,          3.30,       1.85,      18.56,     61.20                     -8.48,          3.30,       1.45,      14.51,     47.86
       -9,                     -8.54,          3.30,       1.85,      18.53,     61.09                     -8.47,          3.30,       1.45,      14.49,     47.79
       -9,                     -8.53,          3.30,       1.86,      18.54,     61.14                     -8.47,          3.30,       1.45,      14.50,     47.84
       -9,                     -8.54,          3.30,       1.85,      18.54,     61.13                     -8.48,          3.30,       1.45,      14.50,     47.84
       -9,                     -8.67,          3.30,       1.85,      18.54,     61.15                     -8.71,          3.30,       1.45,      14.51,     47.86
       -9,                     -8.88,          3.30,       1.86,      18.55,     61.18                     -8.82,          3.30,       1.45,      14.54,     47.97
       -9,                     -8.91,          3.30,       1.86,      18.57,     61.23                     -8.85,          3.30,       1.45,      14.52,     47.90
       -9,                     -8.92,          3.30,       1.85,      18.55,     61.17                     -8.46,          3.30,       1.45,      14.50,     47.83
       -8,                     -7.29,          3.30,       1.96,      19.57,     64.54                     -7.49,          3.30,       1.45,      14.48,     47.77
       -8,                     -7.29,          3.30,       1.96,      19.56,     64.51                     -7.49,          3.30,       1.45,      14.46,     47.69
       -8,                     -7.29,          3.30,       1.96,      19.59,     64.60                     -7.49,          3.30,       1.45,      14.49,     47.79
       -8,                     -7.29,          3.30,       1.96,      19.59,     64.59                     -7.49,          3.30,       1.45,      14.51,     47.85
       -8,                     -7.68,          3.30,       1.96,      19.59,     64.61                     -7.49,          3.30,       1.45,      14.47,     47.71
       -8,                     -7.29,          3.30,       1.96,      19.59,     64.60                     -7.87,          3.30,       1.45,      14.46,     47.72
       -8,                     -7.29,          3.30,       1.96,      19.58,     64.55                     -7.49,          3.30,       1.45,      14.49,     47.80
       -8,                     -7.29,          3.30,       1.96,      19.56,     64.51                     -7.48,          3.30,       1.45,      14.48,     47.76
       -8,                     -7.29,          3.30,       1.96,      19.57,     64.53                     -7.48,          3.30,       1.45,      14.47,     47.73
       -8,                     -7.67,          3.30,       1.96,      19.58,     64.56                     -7.87,          3.30,       1.45,      14.49,     47.78
       -7,                     -6.22,          3.30,       2.06,      20.55,     67.76                     -6.51,          3.30,       1.53,      15.28,     50.41
       -7,                     -6.61,          3.30,       2.05,      20.55,     67.76                     -6.13,          3.30,       1.53,      15.28,     50.40
       -7,                     -6.60,          3.30,       2.06,      20.54,     67.73                     -6.51,          3.30,       1.53,      15.29,     50.44
       -7,                     -6.22,          3.30,       2.05,      20.53,     67.71                     -6.13,          3.30,       1.53,      15.30,     50.44
       -7,                     -6.22,          3.30,       2.05,      20.55,     67.76                     -6.13,          3.30,       1.53,      15.30,     50.46
       -7,                     -6.21,          3.30,       2.05,      20.54,     67.73                     -6.51,          3.30,       1.53,      15.26,     50.34
       -7,                     -6.22,          3.30,       2.05,      20.54,     67.74                     -6.13,          3.30,       1.53,      15.28,     50.39
       -7,                     -6.22,          3.30,       2.06,      20.52,     67.68                     -6.13,          3.30,       1.53,      15.28,     50.41
       -7,                     -6.22,          3.30,       2.05,      20.54,     67.73                     -6.12,          3.30,       1.53,      15.28,     50.39
       -7,                     -6.22,          3.30,       2.05,      20.54,     67.72                     -6.12,          3.30,       1.53,      15.27,     50.39
       -6,                     -5.26,          3.30,       2.16,      21.58,     71.15                     -5.55,          3.30,       1.68,      16.80,     55.40
       -6,                     -5.26,          3.30,       2.16,      21.61,     71.26                     -5.17,          3.30,       1.68,      16.79,     55.38
       -6,                     -5.26,          3.30,       2.16,      21.59,     71.20                     -5.17,          3.30,       1.68,      16.78,     55.32
       -6,                     -5.26,          3.30,       2.16,      21.59,     71.17                     -5.17,          3.30,       1.68,      16.80,     55.40
       -6,                     -5.26,          3.30,       2.16,      21.58,     71.16                     -5.17,          3.30,       1.68,      16.78,     55.33
       -6,                     -5.26,          3.30,       2.16,      21.57,     71.12                     -5.17,          3.30,       1.68,      16.79,     55.35
       -6,                     -5.26,          3.30,       2.16,      21.55,     71.04                     -5.17,          3.30,       1.68,      16.78,     55.34
       -6,                     -5.25,          3.30,       2.16,      21.59,     71.19                     -5.17,          3.30,       1.68,      16.80,     55.42
       -6,                     -5.26,          3.30,       2.16,      21.60,     71.22                     -5.17,          3.30,       1.68,      16.82,     55.48
       -6,                     -5.25,          3.30,       2.16,      21.59,     71.20                     -5.17,          3.30,       1.68,      16.79,     55.38
       -5,                     -4.00,          3.30,       2.36,      23.63,     77.89                     -3.73,          3.30,       1.76,      17.54,     57.85
       -5,                     -3.60,          3.30,       2.36,      23.62,     77.89                     -4.12,          3.30,       1.76,      17.53,     57.81
       -5,                     -3.60,          3.30,       2.36,      23.62,     77.87                     -4.12,          3.30,       1.75,      17.59,     58.02
       -5,                     -3.99,          3.30,       2.36,      23.63,     77.91                     -3.72,          3.30,       1.76,      17.53,     57.81
       -5,                     -3.60,          3.30,       2.36,      23.65,     77.98                     -3.72,          3.30,       1.76,      17.55,     57.86
       -5,                     -3.60,          3.30,       2.36,      23.62,     77.87                     -4.11,          3.30,       1.75,      17.53,     57.80
       -5,                     -3.99,          3.30,       2.36,      23.63,     77.91                     -3.72,          3.30,       1.75,      17.53,     57.81
       -5,                     -3.60,          3.30,       2.37,      23.64,     77.93                     -3.72,          3.30,       1.75,      17.55,     57.90
       -5,                     -3.60,          3.30,       2.36,      23.61,     77.85                     -3.72,          3.30,       1.75,      17.55,     57.86
       -5,                     -3.60,          3.30,       2.37,      23.63,     77.91                     -3.72,          3.30,       1.76,      17.53,     57.82
       -4,                     -2.89,          3.30,       2.47,      24.69,     81.39                     -2.66,          3.30,       1.96,      19.55,     64.46
       -4,                     -2.89,          3.30,       2.47,      24.68,     81.37                     -2.66,          3.30,       1.96,      19.60,     64.62
       -4,                     -2.89,          3.30,       2.47,      24.69,     81.42                     -2.66,          3.30,       1.96,      19.58,     64.56
       -4,                     -2.89,          3.30,       2.47,      24.67,     81.32                     -2.66,          3.30,       1.96,      19.57,     64.54
       -4,                     -2.89,          3.30,       2.47,      24.69,     81.39                     -2.66,          3.30,       1.96,      19.57,     64.54
       -4,                     -2.89,          3.30,       2.47,      24.68,     81.37                     -2.66,          3.30,       1.96,      19.55,     64.46
       -4,                     -2.89,          3.30,       2.47,      24.68,     81.37                     -2.66,          3.30,       1.96,      19.57,     64.53
       -4,                     -2.89,          3.30,       2.47,      24.68,     81.36                     -2.66,          3.30,       1.96,      19.56,     64.48
       -4,                     -3.27,          3.30,       2.47,      24.67,     81.33                     -2.66,          3.30,       1.96,      19.56,     64.49
       -4,                     -2.89,          3.30,       2.47,      24.68,     81.37                     -3.04,          3.30,       1.96,      19.54,     64.43
       -3,                     -2.22,          3.30,       2.57,      25.69,     84.70                     -2.15,          3.30,       2.08,      20.75,     68.40
       -3,                     -2.22,          3.30,       2.57,      25.68,     84.67                     -2.15,          3.30,       2.07,      20.73,     68.37
       -3,                     -2.60,          3.30,       2.57,      25.68,     84.65                     -2.53,          3.30,       2.07,      20.73,     68.35
       -3,                     -2.61,          3.30,       2.57,      25.69,     84.68                     -2.15,          3.30,       2.08,      20.75,     68.42
       -3,                     -2.22,          3.30,       2.57,      25.70,     84.72                     -2.15,          3.30,       2.07,      20.75,     68.41
       -3,                     -2.62,          3.30,       2.57,      25.70,     84.71                     -2.15,          3.30,       2.07,      20.74,     68.37
       -3,                     -2.22,          3.30,       2.57,      25.70,     84.72                     -2.15,          3.30,       2.08,      20.72,     68.31
       -3,                     -2.22,          3.30,       2.57,      25.68,     84.67                     -2.15,          3.30,       2.08,      20.71,     68.26
       -3,                     -2.22,          3.30,       2.57,      25.69,     84.69                     -2.54,          3.30,       2.08,      20.73,     68.37
       -3,                     -2.22,          3.30,       2.57,      25.67,     84.64                     -2.15,          3.30,       2.07,      20.74,     68.38
       -2,                     -1.03,          3.30,       2.77,      27.71,     91.33                     -1.58,          3.30,       2.26,      22.62,     74.56
       -2,                     -1.42,          3.30,       2.77,      27.72,     91.39                     -1.20,          3.30,       2.26,      22.61,     74.53
       -2,                     -1.03,          3.30,       2.77,      27.73,     91.41                     -1.57,          3.30,       2.26,      22.61,     74.56
       -2,                     -1.03,          3.30,       2.77,      27.70,     91.30                     -1.20,          3.30,       2.26,      22.60,     74.50
       -2,                     -1.03,          3.30,       2.77,      27.72,     91.36                     -1.20,          3.30,       2.26,      22.58,     74.44
       -2,                     -1.03,          3.30,       2.77,      27.71,     91.32                     -1.20,          3.30,       2.26,      22.61,     74.56
       -2,                     -1.03,          3.30,       2.77,      27.72,     91.37                     -1.20,          3.30,       2.26,      22.61,     74.55
       -2,                     -1.42,          3.30,       2.77,      27.73,     91.40                     -1.19,          3.30,       2.26,      22.59,     74.50
       -2,                     -1.42,          3.30,       2.77,      27.72,     91.39                     -1.57,          3.30,       2.26,      22.59,     74.49
       -2,                     -1.40,          3.30,       2.77,      27.70,     91.33                     -1.56,          3.30,       2.26,      22.60,     74.50
       -1,                     -0.42,          3.30,       2.97,      29.66,     97.76                     -0.24,          3.30,       2.05,      20.50,     67.60
       -1,                     -0.42,          3.30,       2.97,      29.67,     97.81                     -0.62,          3.30,       2.05,      20.54,     67.73
       -1,                     -0.04,          3.30,       2.97,      29.67,     97.80                     -0.63,          3.30,       2.05,      20.52,     67.67
       -1,                     -0.03,          3.30,       2.97,      29.68,     97.82                     -0.62,          3.30,       2.05,      20.53,     67.70
       -1,                     -0.41,          3.30,       2.96,      29.66,     97.78                     -0.62,          3.30,       2.05,      20.54,     67.71
       -1,                     -0.03,          3.30,       2.97,      29.67,     97.82                     -0.24,          3.30,       2.05,      20.51,     67.64
       -1,                     -0.03,          3.30,       2.97,      29.68,     97.83                     -0.24,          3.30,       2.05,      20.52,     67.66
       -1,                     -0.03,          3.30,       2.96,      29.65,     97.73                     -0.24,          3.30,       2.05,      20.51,     67.62
       -1,                     -0.03,          3.30,       2.97,      29.67,     97.79                     -0.63,          3.30,       2.05,      20.55,     67.75
       -1,                     -0.43,          3.30,       2.97,      29.66,     97.77                     -0.24,          3.30,       2.05,      20.53,     67.70
        0,                      0.89,          3.30,       3.16,      31.66,    104.36                      0.88,          3.30,       2.27,      22.68,     74.76
        0,                      0.89,          3.30,       3.16,      31.63,    104.26                      0.88,          3.30,       2.27,      22.71,     74.88
        0,                      0.89,          3.30,       3.17,      31.64,    104.30                      0.88,          3.30,       2.27,      22.72,     74.90
        0,                      0.89,          3.30,       3.16,      31.65,    104.31                      0.88,          3.30,       2.27,      22.72,     74.91
        0,                      0.89,          3.30,       3.16,      31.65,    104.32                      0.88,          3.30,       2.27,      22.72,     74.90
        0,                      0.89,          3.30,       3.16,      31.65,    104.33                      0.88,          3.30,       2.27,      22.70,     74.85
        0,                      0.89,          3.30,       3.16,      31.65,    104.31                      0.88,          3.30,       2.27,      22.70,     74.82
        0,                      0.89,          3.30,       3.16,      31.63,    104.26                      0.88,          3.30,       2.27,      22.71,     74.89
        0,                      0.89,          3.30,       3.17,      31.65,    104.33                      0.88,          3.30,       2.27,      22.70,     74.84
        0,                      0.52,          3.30,       3.17,      31.62,    104.23                      0.50,          3.30,       2.27,      22.71,     74.87
        1,                      1.35,          3.30,       3.35,      33.52,    110.47                      0.89,          3.30,       2.16,      21.62,     71.30
        1,                      1.35,          3.30,       3.35,      33.50,    110.43                      0.91,          3.30,       2.17,      21.65,     71.38
        1,                      1.72,          3.30,       3.35,      33.53,    110.53                      1.27,          3.30,       2.17,      21.64,     71.36
        1,                      1.73,          3.30,       3.35,      33.52,    110.50                      1.27,          3.30,       2.16,      21.66,     71.41
        1,                      1.73,          3.30,       3.35,      33.54,    110.56                      1.27,          3.30,       2.16,      21.65,     71.37
        1,                      1.73,          3.30,       3.35,      33.54,    110.55                      1.27,          3.30,       2.16,      21.64,     71.35
        1,                      1.73,          3.30,       3.35,      33.53,    110.51                      1.27,          3.30,       2.17,      21.65,     71.36
        1,                      1.73,          3.30,       3.35,      33.53,    110.51                      1.27,          3.30,       2.16,      21.62,     71.30
        1,                      1.36,          3.30,       3.35,      33.52,    110.47                      0.92,          3.30,       2.17,      21.67,     71.43
        1,                      1.40,          3.30,       3.35,      33.53,    110.51                      1.27,          3.30,       2.17,      21.65,     71.37
        2,                      2.84,          3.30,       3.63,      36.22,    119.39                      2.36,          3.30,       2.40,      24.01,     79.16
        2,                      2.83,          3.30,       3.63,      36.26,    119.50                      2.36,          3.30,       2.40,      24.01,     79.13
        2,                      2.44,          3.30,       3.63,      36.27,    119.54                      2.36,          3.30,       2.40,      24.01,     79.15
        2,                      2.83,          3.30,       3.63,      36.27,    119.56                      2.36,          3.30,       2.40,      24.01,     79.14
        2,                      2.84,          3.30,       3.63,      36.26,    119.50                      2.36,          3.30,       2.40,      24.01,     79.16
        2,                      2.84,          3.30,       3.62,      36.24,    119.47                      2.36,          3.30,       2.40,      24.00,     79.13
        2,                      2.84,          3.30,       3.63,      36.24,    119.45                      1.96,          3.30,       2.40,      24.04,     79.25
        2,                      2.45,          3.30,       3.62,      36.26,    119.52                      1.96,          3.30,       2.40,      24.02,     79.20
        2,                      2.84,          3.30,       3.63,      36.23,    119.43                      1.96,          3.30,       2.40,      24.00,     79.12
        2,                      2.44,          3.30,       3.63,      36.24,    119.46                      2.36,          3.30,       2.40,      24.02,     79.18
        3,                      3.49,          3.30,       3.80,      37.97,    125.15                      2.73,          3.30,       2.31,      23.10,     76.18
        3,                      3.10,          3.30,       3.80,      37.94,    125.06                      3.11,          3.30,       2.31,      23.07,     76.08
        3,                      3.50,          3.30,       3.80,      37.97,    125.16                      3.11,          3.30,       2.31,      23.09,     76.12
        3,                      3.10,          3.30,       3.80,      37.96,    125.11                      2.72,          3.30,       2.31,      23.10,     76.15
        3,                      3.50,          3.30,       3.80,      37.97,    125.13                      3.11,          3.30,       2.31,      23.07,     76.04
        3,                      3.50,          3.30,       3.80,      37.95,    125.07                      3.11,          3.30,       2.31,      23.08,     76.10
        3,                      3.11,          3.30,       3.79,      37.93,    125.01                      2.72,          3.30,       2.31,      23.11,     76.19
        3,                      3.11,          3.30,       3.80,      37.97,    125.15                      3.11,          3.30,       2.31,      23.09,     76.13
        3,                      3.50,          3.30,       3.80,      37.96,    125.15                      3.11,          3.30,       2.31,      23.09,     76.13
        3,                      3.50,          3.30,       3.80,      37.96,    125.11                      3.11,          3.30,       2.31,      23.10,     76.17
        4,                      4.69,          3.30,       4.12,      41.28,    136.04                      4.30,          3.30,       2.34,      23.43,     77.24
        4,                      4.69,          3.30,       4.12,      41.22,    135.88                      3.92,          3.30,       2.34,      23.46,     77.36
        4,                      4.31,          3.30,       4.12,      41.21,    135.81                      3.91,          3.30,       2.34,      23.44,     77.28
        4,                      4.29,          3.30,       4.12,      41.23,    135.88                      3.91,          3.30,       2.34,      23.46,     77.33
        4,                      4.30,          3.30,       4.12,      41.24,    135.93                      4.30,          3.30,       2.34,      23.42,     77.21
        4,                      4.69,          3.30,       4.13,      41.23,    135.89                      4.30,          3.30,       2.34,      23.44,     77.28
        4,                      4.29,          3.30,       4.12,      41.25,    135.97                      4.30,          3.30,       2.34,      23.44,     77.28
        4,                      4.69,          3.30,       4.13,      41.19,    135.76                      4.30,          3.30,       2.34,      23.43,     77.23
        4,                      4.30,          3.30,       4.12,      41.23,    135.90                      4.30,          3.30,       2.34,      23.45,     77.28
        4,                      4.69,          3.30,       4.12,      41.26,    135.99                      4.30,          3.30,       2.34,      23.45,     77.31
        5,                      5.46,          3.30,       4.35,      43.51,    143.39                      5.33,          3.30,       3.33,      33.34,    109.90
        5,                      5.46,          3.30,       4.35,      43.51,    143.39                      5.33,          3.30,       3.33,      33.31,    109.81
        5,                      5.46,          3.30,       4.35,      43.51,    143.41                      5.32,          3.30,       3.33,      33.32,    109.84
        5,                      5.45,          3.30,       4.35,      43.52,    143.44                      5.32,          3.30,       3.33,      33.33,    109.86
        5,                      5.45,          3.30,       4.35,      43.51,    143.40                      5.32,          3.30,       3.33,      33.31,    109.82
        5,                      5.45,          3.30,       4.35,      43.51,    143.42                      5.32,          3.30,       3.33,      33.34,    109.89
        5,                      5.45,          3.30,       4.35,      43.54,    143.50                      5.32,          3.30,       3.33,      33.33,    109.87
        5,                      5.45,          3.30,       4.35,      43.54,    143.49                      5.31,          3.30,       3.33,      33.29,    109.73
        5,                      5.06,          3.30,       4.35,      43.53,    143.48                      5.31,          3.30,       3.33,      33.33,    109.84
        5,                      5.45,          3.30,       4.35,      43.53,    143.46                      4.93,          3.30,       3.33,      33.33,    109.85
        6,                      6.44,          3.30,       4.66,      46.56,    153.47                      5.50,          3.30,       2.86,      28.58,     94.22
        6,                      6.06,          3.30,       4.66,      46.59,    153.54                      5.90,          3.30,       2.86,      28.57,     94.19
        6,                      6.44,          3.30,       4.66,      46.58,    153.52                      5.90,          3.30,       2.86,      28.59,     94.25
        6,                      6.44,          3.30,       4.66,      46.57,    153.49                      5.90,          3.30,       2.86,      28.58,     94.22
        6,                      6.44,          3.30,       4.66,      46.58,    153.53                      5.51,          3.30,       2.86,      28.55,     94.10
        6,                      6.07,          3.30,       4.66,      46.57,    153.50                      5.90,          3.30,       2.86,      28.56,     94.13
        6,                      6.44,          3.30,       4.66,      46.57,    153.49                      5.90,          3.30,       2.86,      28.58,     94.22
        6,                      6.44,          3.30,       4.66,      46.60,    153.57                      5.90,          3.30,       2.86,      28.56,     94.16
        6,                      6.44,          3.30,       4.66,      46.55,    153.43                      5.90,          3.30,       2.86,      28.58,     94.23
        6,                      6.44,          3.30,       4.66,      46.59,    153.54                      5.90,          3.30,       2.86,      28.57,     94.16
        7,                      7.54,          3.30,       5.02,      50.24,    165.57                      7.15,          3.30,       3.52,      35.25,    116.17
        7,                      7.54,          3.30,       5.02,      50.26,    165.67                      7.15,          3.30,       3.52,      35.26,    116.22
        7,                      7.54,          3.30,       5.03,      50.26,    165.66                      7.15,          3.30,       3.53,      35.23,    116.12
        7,                      7.54,          3.30,       5.03,      50.26,    165.65                      7.15,          3.30,       3.53,      35.25,    116.17
        7,                      7.54,          3.30,       5.02,      50.27,    165.66                      7.15,          3.30,       3.52,      35.25,    116.20
        7,                      7.54,          3.30,       5.03,      50.25,    165.61                      7.15,          3.30,       3.52,      35.25,    116.17
        7,                      7.54,          3.30,       5.03,      50.26,    165.64                      7.15,          3.30,       3.52,      35.24,    116.15
        7,                      7.54,          3.30,       5.03,      50.25,    165.61                      7.15,          3.30,       3.52,      35.25,    116.20
        7,                      7.54,          3.30,       5.03,      50.24,    165.60                      7.15,          3.30,       3.52,      35.24,    116.15
        7,                      7.14,          3.30,       5.03,      50.25,    165.61                      6.75,          3.30,       3.53,      35.24,    116.16
        8,                      8.11,          3.30,       5.39,      53.89,    177.60                      7.95,          3.30,       4.52,      45.18,    148.92
        8,                      8.10,          3.30,       5.39,      53.88,    177.56                      7.95,          3.30,       4.52,      45.18,    148.91
        8,                      8.11,          3.30,       5.39,      53.88,    177.57                      8.33,          3.30,       4.52,      45.15,    148.84
        8,                      8.50,          3.30,       5.39,      53.86,    177.50                      8.33,          3.30,       4.52,      45.17,    148.87
        8,                      8.50,          3.30,       5.39,      53.87,    177.52                      8.33,          3.30,       4.52,      45.17,    148.88
        8,                      8.50,          3.30,       5.39,      53.87,    177.55                      8.33,          3.30,       4.52,      45.18,    148.91
        8,                      8.50,          3.30,       5.39,      53.85,    177.47                      8.33,          3.30,       4.52,      45.19,    148.94
        8,                      8.50,          3.30,       5.39,      53.88,    177.56                      8.33,          3.30,       4.52,      45.19,    148.95
        8,                      8.11,          3.30,       5.39,      53.85,    177.47                      8.33,          3.30,       4.52,      45.19,    148.95
        8,                      8.49,          3.30,       5.39,      53.86,    177.51                      8.33,          3.30,       4.52,      45.16,    148.85
        9,                      9.50,          3.30,       5.79,      57.93,    190.90                      8.58,          3.30,       3.67,      36.69,    120.93
        9,                      9.50,          3.30,       5.80,      57.94,    190.92                      8.97,          3.30,       3.67,      36.70,    120.97
        9,                      9.51,          3.30,       5.80,      57.95,    190.99                      8.97,          3.30,       3.67,      36.68,    120.89
        9,                      9.51,          3.30,       5.79,      57.95,    190.97                      8.98,          3.30,       3.67,      36.71,    121.00
        9,                      9.51,          3.30,       5.80,      57.95,    190.96                      8.98,          3.30,       3.67,      36.70,    120.95
        9,                      9.51,          3.30,       5.80,      57.93,    190.91                      8.97,          3.30,       3.67,      36.69,    120.93
        9,                      9.51,          3.30,       5.79,      57.94,    190.92                      8.97,          3.30,       3.67,      36.70,    120.97
        9,                      9.51,          3.30,       5.80,      57.95,    190.96                      8.97,          3.30,       3.67,      36.68,    120.90
        9,                      9.51,          3.30,       5.80,      57.96,    191.00                      8.97,          3.30,       3.67,      36.67,    120.86
        9,                      9.50,          3.30,       5.79,      57.92,    190.87                      8.97,          3.30,       3.67,      36.68,    120.90
       10,                     10.41,          3.30,       6.20,      61.97,    204.19                      9.85,          3.30,       3.76,      37.56,    123.78
       10,                     10.41,          3.30,       6.20,      61.96,    204.17                      9.85,          3.30,       3.76,      37.57,    123.81
       10,                     10.41,          3.30,       6.20,      61.96,    204.19                      9.85,          3.30,       3.76,      37.57,    123.85
       10,                     10.41,          3.29,       6.20,      61.98,    204.19                      9.45,          3.30,       3.76,      37.57,    123.84
       10,                     10.03,          3.29,       6.20,      61.99,    204.23                      9.46,          3.30,       3.76,      37.56,    123.80
       10,                     10.41,          3.29,       6.20,      61.98,    204.22                      9.48,          3.30,       3.76,      37.58,    123.85
       10,                     10.02,          3.29,       6.20,      61.96,    204.13                      9.85,          3.30,       3.76,      37.57,    123.84
       10,                     10.03,          3.29,       6.20,      61.97,    204.16                      9.85,          3.30,       3.76,      37.56,    123.80
       10,                     10.04,          3.29,       6.20,      61.99,    204.25                      9.85,          3.30,       3.76,      37.56,    123.79
       10,                     10.41,          3.29,       6.20,      61.98,    204.19                      9.48,          3.30,       3.76,      37.60,    123.92
       11,                     10.91,          3.29,       6.63,      66.31,    218.43                     10.33,          3.30,       4.24,      42.39,    139.72
       11,                     11.28,          3.29,       6.63,      66.32,    218.46                     10.32,          3.30,       4.24,      42.40,    139.74
       11,                     11.28,          3.29,       6.63,      66.31,    218.43                     10.70,          3.30,       4.24,      42.37,    139.67
       11,                     11.28,          3.29,       6.63,      66.32,    218.47                     10.70,          3.30,       4.24,      42.37,    139.65
       11,                     11.28,          3.29,       6.63,      66.32,    218.47                     10.70,          3.30,       4.24,      42.38,    139.70
       11,                     11.28,          3.29,       6.63,      66.31,    218.43                     10.70,          3.30,       4.24,      42.36,    139.61
       11,                     11.28,          3.29,       6.63,      66.31,    218.44                     10.70,          3.30,       4.24,      42.38,    139.68
       11,                     11.28,          3.29,       6.63,      66.34,    218.52                     10.70,          3.30,       4.24,      42.37,    139.64
       11,                     11.28,          3.29,       6.63,      66.32,    218.43                     10.70,          3.30,       4.24,      42.36,    139.61
       11,                     11.28,          3.29,       6.63,      66.33,    218.46                     10.70,          3.30,       4.24,      42.36,    139.61
       12,                     12.19,          3.29,       7.13,      71.29,    234.77                     11.63,          3.30,       4.75,      47.55,    156.73
       12,                     12.19,          3.29,       7.13,      71.29,    234.80                     11.63,          3.30,       4.75,      47.56,    156.76
       12,                     11.79,          3.29,       7.13,      71.30,    234.79                     11.63,          3.30,       4.76,      47.56,    156.77
       12,                     11.79,          3.29,       7.13,      71.29,    234.79                     11.23,          3.30,       4.76,      47.54,    156.68
       12,                     11.81,          3.29,       7.13,      71.30,    234.80                     11.23,          3.30,       4.76,      47.53,    156.66
       12,                     12.19,          3.29,       7.13,      71.29,    234.78                     11.63,          3.30,       4.76,      47.56,    156.76
       12,                     12.19,          3.29,       7.13,      71.28,    234.73                     11.24,          3.30,       4.75,      47.56,    156.76
       12,                     11.81,          3.29,       7.13,      71.29,    234.80                     11.25,          3.30,       4.75,      47.55,    156.73
       12,                     11.79,          3.29,       7.13,      71.30,    234.80                     11.26,          3.30,       4.76,      47.54,    156.70
       12,                     11.79,          3.29,       7.13,      71.30,    234.79                     11.62,          3.30,       4.76,      47.54,    156.68
       13,                     13.15,          3.29,       7.71,      77.15,    254.00                     12.62,          3.30,       5.56,      55.58,    183.19
       13,                     12.77,          3.29,       7.72,      77.13,    253.97                     13.02,          3.30,       5.56,      55.59,    183.22
       13,                     13.15,          3.29,       7.71,      77.15,    254.02                     13.02,          3.30,       5.56,      55.57,    183.14
       13,                     12.76,          3.29,       7.71,      77.11,    253.87                     12.62,          3.30,       5.56,      55.60,    183.22
       13,                     12.75,          3.29,       7.71,      77.14,    253.96                     12.63,          3.30,       5.56,      55.60,    183.25
       13,                     13.15,          3.29,       7.72,      77.12,    253.88                     13.01,          3.30,       5.56,      55.59,    183.22
       13,                     13.15,          3.29,       7.71,      77.13,    253.96                     13.01,          3.30,       5.56,      55.59,    183.21
       13,                     13.15,          3.29,       7.71,      77.13,    253.96                     13.01,          3.30,       5.56,      55.59,    183.20
       13,                     13.15,          3.29,       7.72,      77.12,    253.92                     13.01,          3.30,       5.56,      55.60,    183.23
       13,                     13.15,          3.29,       7.71,      77.13,    253.93                     13.01,          3.30,       5.56,      55.57,    183.13
       14,                     13.99,          3.29,       8.20,      82.02,    270.01                     13.82,          3.30,       5.76,      57.64,    189.96
       14,                     13.99,          3.29,       8.20,      81.98,    269.87                     13.82,          3.30,       5.76,      57.61,    189.86
       14,                     13.99,          3.29,       8.20,      81.99,    269.93                     13.82,          3.30,       5.76,      57.61,    189.84
       14,                     13.99,          3.29,       8.20,      81.99,    269.95                     13.82,          3.30,       5.76,      57.62,    189.87
       14,                     13.99,          3.29,       8.20,      81.99,    269.92                     13.42,          3.30,       5.76,      57.62,    189.88
       14,                     13.99,          3.29,       8.20,      82.00,    269.95                     13.42,          3.30,       5.76,      57.61,    189.82
       14,                     13.99,          3.29,       8.20,      82.00,    269.97                     13.81,          3.30,       5.76,      57.62,    189.89
       14,                     13.60,          3.29,       8.20,      82.01,    269.98                     13.81,          3.30,       5.76,      57.60,    189.82
       14,                     13.99,          3.29,       8.20,      82.00,    269.96                     13.81,          3.30,       5.76,      57.62,    189.88
       14,                     13.99,          3.29,       8.20,      82.00,    269.95                     13.43,          3.30,       5.76,      57.61,    189.85
       15,                     14.47,          3.29,       8.64,      86.42,    284.51                     14.32,          3.29,       6.38,      63.76,    210.05
       15,                     14.46,          3.29,       8.64,      86.44,    284.54                     14.32,          3.29,       6.38,      63.76,    210.08
       15,                     14.85,          3.29,       8.64,      86.41,    284.47                     14.32,          3.29,       6.37,      63.74,    210.01
       15,                     14.85,          3.29,       8.64,      86.40,    284.45                     14.32,          3.29,       6.37,      63.74,    210.00
       15,                     14.85,          3.29,       8.64,      86.42,    284.47                     14.32,          3.29,       6.37,      63.73,    209.97
       15,                     14.46,          3.29,       8.64,      86.41,    284.45                     14.32,          3.29,       6.37,      63.72,    209.95
       15,                     14.85,          3.29,       8.64,      86.40,    284.44                     13.93,          3.29,       6.38,      63.71,    209.91
       15,                     14.85,          3.29,       8.64,      86.45,    284.58                     14.32,          3.29,       6.37,      63.75,    210.04
       15,                     14.45,          3.29,       8.64,      86.41,    284.47                     13.93,          3.29,       6.37,      63.73,    209.98
       15,                     14.85,          3.29,       8.64,      86.42,    284.49                     14.32,          3.29,       6.37,      63.72,    209.96
       16,                     15.83,          3.29,       9.17,      91.65,    301.69                     15.67,          3.29,       7.40,      74.04,    243.82
       16,                     15.46,          3.29,       9.16,      91.62,    301.62                     15.67,          3.29,       7.40,      74.03,    243.77
       16,                     15.82,          3.29,       9.16,      91.60,    301.53                     15.67,          3.29,       7.40,      74.03,    243.75
       16,                     15.82,          3.29,       9.16,      91.63,    301.64                     15.67,          3.29,       7.40,      74.02,    243.77
       16,                     15.82,          3.29,       9.16,      91.64,    301.67                     15.67,          3.29,       7.40,      74.02,    243.75
       16,                     15.81,          3.29,       9.16,      91.62,    301.63                     15.66,          3.29,       7.40,      74.02,    243.74
       16,                     15.81,          3.29,       9.16,      91.61,    301.57                     15.66,          3.29,       7.40,      74.02,    243.78
       16,                     15.81,          3.29,       9.16,      91.62,    301.61                     15.66,          3.29,       7.40,      74.03,    243.78
       16,                     15.81,          3.29,       9.17,      91.63,    301.64                     15.66,          3.29,       7.40,      74.00,    243.72
       16,                     15.81,          3.29,       9.16,      91.61,    301.60                     15.66,          3.29,       7.40,      74.03,    243.77
       17,                     16.77,          3.29,       9.71,      97.04,    319.45                     16.76,          3.29,       7.53,      75.35,    248.10
       17,                     16.78,          3.29,       9.71,      97.12,    319.70                     16.76,          3.29,       7.53,      75.38,    248.20
       17,                     16.39,          3.29,       9.71,      97.11,    319.66                     16.38,          3.29,       7.54,      75.33,    248.05
       17,                     16.78,          3.29,       9.70,      97.04,    319.42                     16.76,          3.29,       7.54,      75.34,    248.08
       17,                     16.78,          3.29,       9.71,      97.06,    319.50                     16.76,          3.29,       7.54,      75.34,    248.10
       17,                     16.78,          3.29,       9.71,      97.07,    319.54                     16.76,          3.29,       7.53,      75.36,    248.15
       17,                     16.78,          3.29,       9.71,      97.08,    319.59                     16.76,          3.29,       7.54,      75.37,    248.19
       17,                     16.78,          3.29,       9.71,      97.10,    319.64                     16.76,          3.29,       7.54,      75.38,    248.23
       17,                     16.78,          3.29,       9.71,      97.12,    319.69                     16.76,          3.29,       7.54,      75.38,    248.23
       17,                     16.78,          3.29,       9.71,      97.07,    319.52                     16.36,          3.29,       7.54,      75.37,    248.18
       18,                     17.85,          3.29,      10.37,     103.68,    341.21                     17.54,          3.29,       8.34,      83.36,    274.42
       18,                     17.85,          3.29,      10.36,     103.67,    341.22                     17.15,          3.29,       8.34,      83.38,    274.52
       18,                     17.84,          3.29,      10.36,     103.64,    341.08                     17.54,          3.29,       8.34,      83.38,    274.54
       18,                     17.84,          3.29,      10.37,     103.65,    341.09                     17.15,          3.29,       8.34,      83.35,    274.41
       18,                     17.84,          3.29,      10.37,     103.65,    341.10                     17.54,          3.29,       8.34,      83.38,    274.49
       18,                     17.84,          3.29,      10.37,     103.65,    341.10                     17.16,          3.29,       8.34,      83.40,    274.56
       18,                     17.84,          3.29,      10.37,     103.67,    341.14                     17.15,          3.29,       8.34,      83.38,    274.47
       18,                     17.47,          3.29,      10.36,     103.67,    341.14                     17.15,          3.29,       8.34,      83.38,    274.50
       18,                     17.46,          3.29,      10.37,     103.66,    341.14                     17.54,          3.29,       8.34,      83.39,    274.54
       18,                     17.84,          3.29,      10.37,     103.62,    341.04                     17.54,          3.29,       8.34,      83.36,    274.45
       19,                     18.85,          3.29,      11.09,     110.86,    364.70                     18.63,          3.29,       9.68,      96.80,    318.67
       19,                     18.85,          3.29,      11.09,     110.85,    364.68                     18.24,          3.29,       9.68,      96.78,    318.60
       19,                     18.84,          3.29,      11.09,     110.90,    364.79                     18.63,          3.29,       9.68,      96.77,    318.58
       19,                     18.84,          3.29,      11.09,     110.86,    364.73                     18.63,          3.29,       9.68,      96.81,    318.68
       19,                     18.84,          3.29,      11.09,     110.87,    364.76                     18.63,          3.29,       9.68,      96.77,    318.54
       19,                     18.84,          3.29,      11.09,     110.90,    364.82                     18.63,          3.29,       9.68,      96.76,    318.51
       19,                     18.84,          3.29,      11.09,     110.88,    364.82                     18.63,          3.29,       9.68,      96.77,    318.54
       19,                     18.84,          3.29,      11.09,     110.88,    364.79                     18.62,          3.29,       9.68,      96.76,    318.52
       19,                     18.84,          3.29,      11.09,     110.87,    364.73                     18.62,          3.29,       9.68,      96.82,    318.71
       19,                     18.84,          3.29,      11.09,     110.84,    364.62                     18.24,          3.29,       9.68,      96.78,    318.60
       20,                     19.33,          3.29,      11.82,     118.21,    388.74                     19.63,          3.29,      10.86,     108.57,    357.29
       20,                     19.73,          3.29,      11.82,     118.20,    388.73                     19.63,          3.29,      10.86,     108.57,    357.32
       20,                     19.73,          3.29,      11.82,     118.20,    388.76                     19.63,          3.29,      10.86,     108.58,    357.35
       20,                     19.72,          3.29,      11.83,     118.25,    388.88                     19.62,          3.29,      10.86,     108.58,    357.32
       20,                     19.33,          3.29,      11.82,     118.22,    388.77                     19.62,          3.29,      10.86,     108.60,    357.41
       20,                     19.72,          3.29,      11.82,     118.23,    388.85                     19.64,          3.29,      10.86,     108.55,    357.22
       20,                     19.34,          3.29,      11.82,     118.25,    388.89                     19.62,          3.29,      10.86,     108.60,    357.39
       20,                     19.75,          3.29,      11.82,     118.21,    388.79                     19.62,          3.29,      10.86,     108.60,    357.39
       20,                     19.72,          3.29,      11.83,     118.24,    388.85                     19.62,          3.29,      10.86,     108.59,    357.36
       20,                     19.72,          3.29,      11.82,     118.24,    388.88                     19.62,          3.29,      10.86,     108.56,    357.28
       21,                     20.47,          3.29,      12.54,     125.38,    412.26                     20.37,          3.29,      12.29,     122.86,    404.05
       21,                     20.50,          3.29,      12.54,     125.38,    412.26                     20.37,          3.29,      12.29,     122.85,    404.01
       21,                     20.53,          3.29,      12.54,     125.39,    412.32                     20.37,          3.29,      12.29,     122.86,    404.01
       21,                     20.53,          3.29,      12.54,     125.39,    412.32                     20.40,          3.29,      12.29,     122.88,    404.07
       21,                     20.47,          3.29,      12.54,     125.37,    412.24                     20.40,          3.29,      12.29,     122.84,    403.93
       21,                     20.47,          3.29,      12.54,     125.37,    412.25                     20.38,          3.29,      12.28,     122.85,    404.00
       21,                     20.47,          3.29,      12.54,     125.34,    412.15                     20.38,          3.29,      12.29,     122.85,    403.98
       21,                     20.47,          3.29,      12.54,     125.37,    412.22                     20.37,          3.29,      12.28,     122.85,    404.00
       21,                     20.47,          3.29,      12.54,     125.37,    412.25                     20.40,          3.29,      12.29,     122.84,    403.97
       21,                     20.11,          3.29,      12.54,     125.37,    412.25                     20.00,          3.29,      12.28,     122.80,    403.85
       22,                     21.10,          3.29,      13.35,     133.50,    438.95                     21.10,          3.29,      13.35,     133.55,    439.11
       22,                     21.07,          3.29,      13.35,     133.51,    438.99                     21.07,          3.29,      13.35,     133.55,    439.12
       22,                     21.07,          3.29,      13.35,     133.50,    438.96                     20.67,          3.29,      13.36,     133.54,    439.08
       22,                     21.07,          3.29,      13.35,     133.53,    439.04                     21.07,          3.29,      13.36,     133.55,    439.11
       22,                     21.10,          3.29,      13.36,     133.56,    439.15                     20.68,          3.29,      13.35,     133.52,    439.03
       22,                     20.68,          3.29,      13.36,     133.54,    439.07                     21.07,          3.29,      13.35,     133.54,    439.08
       22,                     20.72,          3.29,      13.36,     133.56,    439.15                     21.13,          3.29,      13.35,     133.53,    439.05
       22,                     21.13,          3.29,      13.35,     133.51,    438.98                     21.07,          3.29,      13.35,     133.53,    439.04
       22,                     21.10,          3.29,      13.36,     133.54,    439.08                     21.07,          3.29,      13.36,     133.55,    439.12
       22,                     21.07,          3.29,      13.36,     133.53,    439.06                     21.12,          3.29,      13.35,     133.53,    439.02

