[Radio] Initializing ... success!
Connected to RF power monitor: Rohde&Schwarz,FPC1500,1328.6660K03/205785,V1.80
Connected to DC power monitor: radiolib-org,DCpowerMon,070dd3d
setCurrentLimit, code 0

Set [dBm],Measured unoptimized [dBm],Bus voltage[V],Voltage[mV],Current[mA],Power [mW], Measured optimized [dBm],Bus voltage[V],Voltage[mV],Current[mA],Power [mW]
       -9,                     -8.57,          3.30,       1.86,      18.54,     61.15                     -8.50,          3.30,       1.45,      14.49,     47.81
       -9,                     -8.56,          3.30,       1.85,      18.53,     61.14                     -8.49,          3.30,       1.45,      14.49,     47.80
       -9,                     -8.55,          3.30,       1.85,      18.55,     61.17                     -8.48,          3.30,       1.45,      14.49,     47.80
       -9,                     -8.55,          3.30,       1.85,      18.54,     61.16                     -8.48,          3.30,       1.45,      14.51,     47.87
       -9,                     -8.54,          3.30,       1.85,      18.55,     61.17                     -8.48,          3.30,       1.45,      14.50,     47.83
       -9,                     -8.54,          3.30,       1.85,      18.53,     61.12                     -8.48,          3.30,       1.45,      14.48,     47.75
       -9,                     -8.54,          3.30,       1.85,      18.54,     61.15                     -8.49,          3.30,       1.45,      14.50,     47.82
       -9,                     -8.62,          3.30,       1.85,      18.53,     61.09                     -8.60,          3.30,       1.45,      14.52,     47.89
       -9,                     -8.81,          3.30,       1.86,      18.56,     61.20                     -8.47,          3.30,       1.45,      14.50,     47.82
       -9,                     -8.54,          3.30,       1.85,      18.55,     61.16                     -8.47,          3.30,       1.45,      14.49,     47.79
       -8,                     -7.30,          3.30,       1.96,      19.60,     64.63                     -7.50,          3.30,       1.45,      14.49,     47.81
       -8,                     -7.30,          3.30,       1.96,      19.57,     64.53                     -7.89,          3.30,       1.45,      14.49,     47.79
       -8,                     -7.30,          3.30,       1.96,      19.56,     64.49                     -7.50,          3.30,       1.45,      14.46,     47.69
       -8,                     -7.30,          3.30,       1.96,      19.57,     64.54                     -7.50,          3.30,       1.45,      14.50,     47.83
       -8,                     -7.30,          3.30,       1.96,      19.56,     64.50                     -7.50,          3.30,       1.45,      14.49,     47.80
       -8,                     -7.67,          3.30,       1.96,      19.58,     64.57                     -7.87,          3.30,       1.45,      14.51,     47.86
       -8,                     -7.30,          3.30,       1.96,      19.57,     64.54                     -7.49,          3.30,       1.45,      14.48,     47.77
       -8,                     -7.29,          3.30,       1.96,      19.60,     64.62                     -7.49,          3.30,       1.45,      14.48,     47.75
       -8,                     -7.30,          3.30,       1.96,      19.58,     64.55                     -7.49,          3.30,       1.45,      14.44,     47.63
       -8,                     -7.30,          3.30,       1.95,      19.59,     64.60                     -7.49,          3.30,       1.45,      14.49,     47.79
       -7,                     -6.22,          3.30,       2.05,      20.52,     67.66                     -6.14,          3.30,       1.53,      15.29,     50.42
       -7,                     -6.22,          3.30,       2.05,      20.56,     67.79                     -6.13,          3.30,       1.53,      15.29,     50.44
       -7,                     -6.22,          3.30,       2.05,      20.54,     67.74                     -6.13,          3.30,       1.53,      15.30,     50.46
       -7,                     -6.22,          3.30,       2.05,      20.54,     67.72                     -6.13,          3.30,       1.53,      15.28,     50.38
       -7,                     -6.22,          3.30,       2.05,      20.55,     67.77                     -6.13,          3.30,       1.53,      15.29,     50.42
       -7,                     -6.60,          3.30,       2.06,      20.52,     67.66                     -6.52,          3.30,       1.53,      15.29,     50.44
       -7,                     -6.22,          3.30,       2.05,      20.55,     67.76                     -6.13,          3.30,       1.53,      15.29,     50.45
       -7,                     -6.22,          3.30,       2.06,      20.55,     67.75                     -6.53,          3.30,       1.53,      15.26,     50.33
       -7,                     -6.22,          3.30,       2.05,      20.55,     67.74                     -6.13,          3.30,       1.53,      15.27,     50.38
       -7,                     -6.22,          3.30,       2.05,      20.51,     67.65                     -6.13,          3.30,       1.53,      15.31,     50.48
       -6,                     -5.26,          3.30,       2.16,      21.59,     71.16                     -5.18,          3.30,       1.68,      16.78,     55.31
       -6,                     -5.27,          3.30,       2.16,      21.59,     71.17                     -5.18,          3.30,       1.68,      16.79,     55.35
       -6,                     -5.26,          3.30,       2.16,      21.58,     71.16                     -5.18,          3.30,       1.68,      16.80,     55.41
       -6,                     -5.26,          3.30,       2.16,      21.58,     71.16                     -5.18,          3.30,       1.68,      16.77,     55.32
       -6,                     -5.26,          3.30,       2.16,      21.59,     71.17                     -5.18,          3.30,       1.68,      16.77,     55.29
       -6,                     -5.26,          3.30,       2.16,      21.59,     71.16                     -5.18,          3.30,       1.68,      16.81,     55.45
       -6,                     -5.26,          3.30,       2.16,      21.59,     71.19                     -5.18,          3.30,       1.68,      16.80,     55.42
       -6,                     -5.26,          3.30,       2.16,      21.62,     71.28                     -5.58,          3.30,       1.68,      16.78,     55.35
       -6,                     -5.26,          3.30,       2.16,      21.61,     71.24                     -5.18,          3.30,       1.68,      16.81,     55.44
       -6,                     -5.26,          3.30,       2.16,      21.59,     71.19                     -5.18,          3.30,       1.68,      16.79,     55.38
       -5,                     -3.99,          3.30,       2.36,      23.63,     77.90                     -3.73,          3.30,       1.75,      17.56,     57.90
       -5,                     -4.00,          3.30,       2.36,      23.63,     77.89                     -3.73,          3.30,       1.76,      17.54,     57.85
       -5,                     -3.61,          3.30,       2.36,      23.61,     77.85                     -4.12,          3.30,       1.75,      17.55,     57.88
       -5,                     -3.62,          3.30,       2.37,      23.61,     77.86                     -3.73,          3.30,       1.75,      17.56,     57.89
       -5,                     -4.00,          3.30,       2.36,      23.64,     77.95                     -3.73,          3.30,       1.75,      17.54,     57.85
       -5,                     -3.61,          3.30,       2.36,      23.60,     77.80                     -4.13,          3.30,       1.75,      17.55,     57.86
       -5,                     -3.61,          3.30,       2.37,      23.62,     77.87                     -3.73,          3.30,       1.75,      17.53,     57.80
       -5,                     -3.61,          3.30,       2.36,      23.65,     77.97                     -3.73,          3.30,       1.75,      17.51,     57.75
       -5,                     -3.61,          3.30,       2.36,      23.65,     77.97                     -3.73,          3.30,       1.75,      17.54,     57.85
       -5,                     -3.99,          3.30,       2.36,      23.63,     77.90                     -3.73,          3.30,       1.75,      17.52,     57.76
       -4,                     -2.89,          3.30,       2.47,      24.67,     81.34                     -2.67,          3.30,       1.96,      19.58,     64.55
       -4,                     -3.29,          3.30,       2.47,      24.70,     81.43                     -3.06,          3.30,       1.96,      19.55,     64.46
       -4,                     -3.29,          3.30,       2.47,      24.66,     81.30                     -3.04,          3.30,       1.96,      19.58,     64.57
       -4,                     -3.29,          3.30,       2.47,      24.68,     81.35                     -3.05,          3.30,       1.96,      19.56,     64.49
       -4,                     -3.28,          3.30,       2.47,      24.70,     81.42                     -3.05,          3.30,       1.96,      19.57,     64.53
       -4,                     -3.26,          3.30,       2.47,      24.66,     81.31                     -2.67,          3.30,       1.95,      19.57,     64.51
       -4,                     -2.90,          3.30,       2.47,      24.68,     81.37                     -2.67,          3.30,       1.95,      19.56,     64.50
       -4,                     -2.90,          3.30,       2.47,      24.67,     81.34                     -2.67,          3.30,       1.96,      19.58,     64.55
       -4,                     -2.89,          3.30,       2.47,      24.68,     81.36                     -2.67,          3.30,       1.96,      19.58,     64.57
       -4,                     -2.90,          3.30,       2.47,      24.68,     81.36                     -2.67,          3.30,       1.96,      19.57,     64.53
       -3,                     -2.23,          3.30,       2.57,      25.67,     84.65                     -2.16,          3.30,       2.08,      20.74,     68.40
       -3,                     -2.23,          3.30,       2.57,      25.71,     84.76                     -2.16,          3.30,       2.07,      20.76,     68.45
       -3,                     -2.23,          3.30,       2.57,      25.70,     84.71                     -2.16,          3.30,       2.08,      20.74,     68.39
       -3,                     -2.23,          3.30,       2.57,      25.67,     84.62                     -2.16,          3.30,       2.08,      20.76,     68.45
       -3,                     -2.23,          3.30,       2.57,      25.69,     84.69                     -2.16,          3.30,       2.07,      20.75,     68.43
       -3,                     -2.23,          3.30,       2.57,      25.68,     84.67                     -2.16,          3.30,       2.08,      20.75,     68.40
       -3,                     -2.24,          3.30,       2.57,      25.70,     84.72                     -2.16,          3.30,       2.08,      20.76,     68.45
       -3,                     -2.23,          3.30,       2.57,      25.69,     84.67                     -2.16,          3.30,       2.08,      20.76,     68.44
       -3,                     -2.63,          3.30,       2.57,      25.68,     84.67                     -2.55,          3.30,       2.07,      20.76,     68.43
       -3,                     -2.62,          3.30,       2.57,      25.71,     84.74                     -2.56,          3.30,       2.08,      20.73,     68.34
       -2,                     -1.42,          3.30,       2.77,      27.71,     91.36                     -1.61,          3.30,       2.26,      22.60,     74.53
       -2,                     -1.44,          3.30,       2.77,      27.69,     91.26                     -1.61,          3.30,       2.26,      22.61,     74.54
       -2,                     -1.05,          3.30,       2.77,      27.72,     91.37                     -1.22,          3.30,       2.26,      22.60,     74.52
       -2,                     -1.05,          3.30,       2.77,      27.73,     91.40                     -1.59,          3.30,       2.26,      22.60,     74.52
       -2,                     -1.44,          3.30,       2.77,      27.71,     91.33                     -1.58,          3.30,       2.26,      22.58,     74.44
       -2,                     -1.42,          3.30,       2.77,      27.73,     91.40                     -1.21,          3.30,       2.26,      22.60,     74.50
       -2,                     -1.42,          3.30,       2.77,      27.73,     91.43                     -1.21,          3.30,       2.26,      22.62,     74.58
       -2,                     -1.04,          3.30,       2.77,      27.72,     91.39                     -1.22,          3.30,       2.26,      22.62,     74.59
       -2,                     -1.04,          3.30,       2.77,      27.70,     91.32                     -1.21,          3.30,       2.26,      22.62,     74.58
       -2,                     -1.05,          3.30,       2.77,      27.67,     91.23                     -1.21,          3.30,       2.26,      22.61,     74.54
       -1,                     -0.05,          3.30,       2.96,      29.65,     97.73                     -0.26,          3.30,       2.05,      20.53,     67.68
       -1,                     -0.05,          3.30,       2.96,      29.64,     97.72                     -0.26,          3.30,       2.05,      20.52,     67.66
       -1,                     -0.05,          3.30,       2.97,      29.66,     97.77                     -0.26,          3.30,       2.05,      20.52,     67.65
       -1,                     -0.05,          3.30,       2.97,      29.64,     97.70                     -0.26,          3.30,       2.05,      20.54,     67.71
       -1,                     -0.05,          3.30,       2.97,      29.66,     97.76                     -0.26,          3.30,       2.05,      20.51,     67.65
       -1,                     -0.05,          3.30,       2.97,      29.66,     97.75                     -0.26,          3.30,       2.05,      20.54,     67.72
       -1,                     -0.05,          3.30,       2.97,      29.67,     97.80                     -0.25,          3.30,       2.05,      20.51,     67.63
       -1,                     -0.05,          3.30,       2.97,      29.66,     97.77                     -0.65,          3.30,       2.05,      20.52,     67.67
       -1,                     -0.44,          3.30,       2.97,      29.66,     97.78                     -0.25,          3.30,       2.05,      20.51,     67.63
       -1,                     -0.05,          3.30,       2.97,      29.66,     97.75                     -0.64,          3.30,       2.05,      20.53,     67.68
        0,                      0.88,          3.30,       3.16,      31.62,    104.25                      0.86,          3.30,       2.27,      22.69,     74.81
        0,                      0.88,          3.30,       3.16,      31.63,    104.26                      0.86,          3.30,       2.27,      22.69,     74.79
        0,                      0.88,          3.30,       3.17,      31.63,    104.25                      0.49,          3.30,       2.27,      22.69,     74.81
        0,                      0.52,          3.30,       3.16,      31.61,    104.19                      0.49,          3.30,       2.27,      22.72,     74.91
        0,                      0.88,          3.30,       3.16,      31.64,    104.30                      0.86,          3.30,       2.27,      22.72,     74.91
        0,                      0.88,          3.30,       3.16,      31.63,    104.25                      0.86,          3.30,       2.27,      22.72,     74.91
        0,                      0.88,          3.30,       3.16,      31.65,    104.33                      0.86,          3.30,       2.27,      22.69,     74.82
        0,                      0.88,          3.30,       3.17,      31.64,    104.27                      0.86,          3.30,       2.27,      22.71,     74.89
        0,                      0.88,          3.30,       3.17,      31.64,    104.30                      0.86,          3.30,       2.27,      22.72,     74.91
        0,                      0.49,          3.30,       3.16,      31.62,    104.22                      0.48,          3.30,       2.27,      22.70,     74.85
        1,                      1.71,          3.30,       3.35,      33.53,    110.51                      1.26,          3.30,       2.17,      21.64,     71.35
        1,                      1.32,          3.30,       3.35,      33.51,    110.44                      0.87,          3.30,       2.16,      21.64,     71.34
        1,                      1.32,          3.30,       3.35,      33.53,    110.52                      1.26,          3.30,       2.16,      21.66,     71.43
        1,                      1.71,          3.30,       3.35,      33.52,    110.50                      1.26,          3.30,       2.17,      21.64,     71.34
        1,                      1.71,          3.30,       3.35,      33.49,    110.39                      1.26,          3.30,       2.17,      21.67,     71.46
        1,                      1.71,          3.30,       3.35,      33.52,    110.49                      1.26,          3.30,       2.17,      21.64,     71.32
        1,                      1.71,          3.30,       3.35,      33.53,    110.50                      1.26,          3.30,       2.17,      21.64,     71.34
        1,                      1.71,          3.30,       3.35,      33.52,    110.50                      1.26,          3.30,       2.16,      21.64,     71.33
        1,                      1.71,          3.30,       3.35,      33.54,    110.55                      1.26,          3.30,       2.17,      21.64,     71.35
        1,                      1.71,          3.30,       3.35,      33.52,    110.48                      1.26,          3.30,       2.17,      21.64,     71.33
        2,                      2.82,          3.30,       3.63,      36.23,    119.40                      2.34,          3.30,       2.40,      24.02,     79.18
        2,                      2.82,          3.30,       3.63,      36.22,    119.38                      2.34,          3.30,       2.40,      24.01,     79.17
        2,                      2.82,          3.30,       3.63,      36.23,    119.40                      2.34,          3.30,       2.40,      24.03,     79.23
        2,                      2.42,          3.30,       3.62,      36.26,    119.50                      1.96,          3.30,       2.40,      24.00,     79.13
        2,                      2.82,          3.30,       3.63,      36.25,    119.48                      2.34,          3.30,       2.40,      23.98,     79.05
        2,                      2.82,          3.30,       3.62,      36.26,    119.52                      2.34,          3.30,       2.40,      24.02,     79.19
        2,                      2.82,          3.30,       3.63,      36.23,    119.43                      2.34,          3.30,       2.40,      24.01,     79.15
        2,                      2.82,          3.30,       3.63,      36.26,    119.50                      2.34,          3.30,       2.40,      24.00,     79.12
        2,                      2.82,          3.30,       3.62,      36.26,    119.50                      2.34,          3.30,       2.40,      24.00,     79.13
        2,                      2.82,          3.30,       3.63,      36.24,    119.46                      2.34,          3.30,       2.40,      24.00,     79.13
        3,                      3.48,          3.30,       3.79,      37.96,    125.12                      3.09,          3.30,       2.31,      23.09,     76.15
        3,                      3.49,          3.30,       3.80,      37.94,    125.06                      3.09,          3.30,       2.31,      23.09,     76.14
        3,                      3.48,          3.30,       3.80,      37.96,    125.10                      3.09,          3.30,       2.31,      23.07,     76.05
        3,                      3.48,          3.30,       3.80,      37.97,    125.16                      3.09,          3.30,       2.31,      23.08,     76.11
        3,                      3.48,          3.30,       3.79,      37.95,    125.07                      3.10,          3.30,       2.31,      23.08,     76.10
        3,                      3.48,          3.30,       3.80,      37.95,    125.09                      2.70,          3.30,       2.31,      23.10,     76.15
        3,                      3.51,          3.30,       3.80,      37.95,    125.09                      2.71,          3.30,       2.31,      23.09,     76.13
        3,                      3.09,          3.30,       3.80,      37.97,    125.14                      3.09,          3.30,       2.31,      23.08,     76.07
        3,                      3.48,          3.30,       3.80,      37.96,    125.12                      3.11,          3.30,       2.31,      23.09,     76.14
        3,                      3.51,          3.30,       3.80,      37.95,    125.09                      3.09,          3.30,       2.31,      23.09,     76.14
        4,                      4.68,          3.30,       4.12,      41.24,    135.91                      3.90,          3.30,       2.35,      23.45,     77.30
        4,                      4.68,          3.30,       4.12,      41.24,    135.94                      4.28,          3.30,       2.34,      23.42,     77.21
        4,                      4.67,          3.30,       4.12,      41.25,    135.95                      3.89,          3.30,       2.34,      23.46,     77.34
        4,                      4.67,          3.30,       4.12,      41.25,    135.96                      4.31,          3.30,       2.34,      23.43,     77.24
        4,                      4.70,          3.30,       4.12,      41.21,    135.83                      4.28,          3.30,       2.35,      23.43,     77.26
        4,                      4.69,          3.30,       4.13,      41.23,    135.89                      4.30,          3.30,       2.35,      23.42,     77.20
        4,                      4.70,          3.30,       4.12,      41.24,    135.92                      4.33,          3.30,       2.34,      23.44,     77.30
        4,                      4.67,          3.30,       4.12,      41.25,    135.95                      4.33,          3.30,       2.34,      23.43,     77.24
        4,                      4.73,          3.30,       4.12,      41.22,    135.84                      3.92,          3.30,       2.34,      23.45,     77.30
        4,                      4.67,          3.30,       4.12,      41.23,    135.89                      4.28,          3.30,       2.34,      23.44,     77.28
        5,                      5.44,          3.30,       4.35,      43.50,    143.36                      5.33,          3.30,       3.33,      33.32,    109.84
        5,                      5.05,          3.30,       4.35,      43.51,    143.41                      5.37,          3.30,       3.33,      33.30,    109.77
        5,                      5.09,          3.30,       4.35,      43.51,    143.41                      4.94,          3.30,       3.33,      33.33,    109.86
        5,                      5.08,          3.30,       4.35,      43.50,    143.35                      5.32,          3.30,       3.33,      33.34,    109.88
        5,                      5.50,          3.30,       4.35,      43.50,    143.37                      5.36,          3.30,       3.33,      33.31,    109.80
        5,                      5.50,          3.30,       4.35,      43.51,    143.39                      5.36,          3.30,       3.33,      33.33,    109.88
        5,                      5.49,          3.30,       4.35,      43.50,    143.37                      5.35,          3.30,       3.33,      33.33,    109.87
        5,                      5.47,          3.30,       4.35,      43.52,    143.44                      5.36,          3.30,       3.33,      33.33,    109.87
        5,                      5.50,          3.30,       4.35,      43.50,    143.37                      5.36,          3.30,       3.33,      33.32,    109.81
        5,                      5.50,          3.30,       4.35,      43.50,    143.38                      5.36,          3.30,       3.33,      33.33,    109.86
        6,                      6.47,          3.30,       4.66,      46.56,    153.45                      5.94,          3.30,       2.86,      28.60,     94.27
        6,                      6.09,          3.30,       4.66,      46.55,    153.43                      5.58,          3.30,       2.86,      28.57,     94.17
        6,                      6.45,          3.30,       4.65,      46.54,    153.41                      5.94,          3.30,       2.86,      28.56,     94.14
        6,                      6.48,          3.30,       4.66,      46.56,    153.46                      5.55,          3.30,       2.86,      28.58,     94.21
        6,                      6.48,          3.30,       4.66,      46.54,    153.40                      5.56,          3.30,       2.86,      28.58,     94.20
        6,                      6.10,          3.30,       4.66,      46.54,    153.39                      5.55,          3.30,       2.86,      28.59,     94.25
        6,                      6.49,          3.30,       4.66,      46.58,    153.51                      5.55,          3.30,       2.86,      28.59,     94.24
        6,                      6.09,          3.30,       4.66,      46.55,    153.44                      5.95,          3.30,       2.86,      28.56,     94.14
        6,                      6.48,          3.30,       4.66,      46.55,    153.44                      5.95,          3.30,       2.86,      28.58,     94.20
        6,                      6.48,          3.30,       4.66,      46.56,    153.45                      5.55,          3.30,       2.86,      28.56,     94.13
        7,                      7.58,          3.30,       5.02,      50.24,    165.58                      6.81,          3.30,       3.52,      35.26,    116.22
        7,                      7.20,          3.30,       5.03,      50.22,    165.53                      6.82,          3.30,       3.52,      35.23,    116.10
        7,                      7.19,          3.30,       5.02,      50.25,    165.60                      7.20,          3.30,       3.53,      35.24,    116.15
        7,                      7.19,          3.30,       5.02,      50.25,    165.61                      6.80,          3.30,       3.53,      35.22,    116.08
        7,                      7.58,          3.30,       5.03,      50.22,    165.52                      7.20,          3.30,       3.52,      35.23,    116.12
        7,                      7.58,          3.30,       5.02,      50.21,    165.48                      7.20,          3.30,       3.52,      35.23,    116.12
        7,                      7.58,          3.30,       5.02,      50.22,    165.52                      6.80,          3.30,       3.52,      35.25,    116.17
        7,                      7.19,          3.30,       5.02,      50.24,    165.59                      7.20,          3.30,       3.52,      35.23,    116.10
        7,                      7.58,          3.30,       5.02,      50.22,    165.53                      7.20,          3.30,       3.52,      35.24,    116.16
        7,                      7.58,          3.30,       5.02,      50.23,    165.53                      7.20,          3.30,       3.52,      35.22,    116.08
        8,                      8.54,          3.30,       5.38,      53.83,    177.40                      7.98,          3.30,       4.51,      45.16,    148.84
        8,                      8.54,          3.30,       5.38,      53.85,    177.46                      8.38,          3.30,       4.52,      45.16,    148.84
        8,                      8.16,          3.30,       5.39,      53.84,    177.42                      8.38,          3.30,       4.52,      45.16,    148.82
        8,                      8.54,          3.30,       5.39,      53.85,    177.46                      8.38,          3.30,       4.52,      45.15,    148.81
        8,                      8.16,          3.30,       5.39,      53.88,    177.55                      7.98,          3.30,       4.51,      45.16,    148.84
        8,                      8.54,          3.30,       5.39,      53.85,    177.47                      8.37,          3.30,       4.52,      45.17,    148.88
        8,                      8.54,          3.30,       5.39,      53.84,    177.45                      8.37,          3.30,       4.52,      45.17,    148.88
        8,                      8.54,          3.30,       5.38,      53.86,    177.51                      8.37,          3.30,       4.52,      45.13,    148.76
        8,                      8.54,          3.30,       5.39,      53.84,    177.44                      8.37,          3.30,       4.52,      45.19,    148.94
        8,                      8.54,          3.30,       5.39,      53.85,    177.48                      8.37,          3.30,       4.52,      45.17,    148.88
        9,                      9.55,          3.30,       5.79,      57.91,    190.82                      9.02,          3.30,       3.67,      36.68,    120.88
        9,                      9.55,          3.30,       5.79,      57.92,    190.88                      9.02,          3.30,       3.67,      36.68,    120.91
        9,                      9.55,          3.30,       5.79,      57.93,    190.91                      8.62,          3.30,       3.67,      36.68,    120.92
        9,                      9.17,          3.30,       5.79,      57.90,    190.80                      9.02,          3.30,       3.67,      36.68,    120.91
        9,                      9.55,          3.30,       5.79,      57.90,    190.81                      8.63,          3.30,       3.67,      36.68,    120.91
        9,                      9.15,          3.30,       5.79,      57.93,    190.90                      9.02,          3.30,       3.67,      36.67,    120.88
        9,                      9.55,          3.30,       5.79,      57.89,    190.76                      9.02,          3.30,       3.67,      36.68,    120.90
        9,                      9.55,          3.30,       5.79,      57.91,    190.84                      9.02,          3.30,       3.67,      36.69,    120.93
        9,                      9.16,          3.30,       5.79,      57.92,    190.87                      8.62,          3.30,       3.67,      36.68,    120.89
        9,                      9.55,          3.30,       5.79,      57.93,    190.88                      8.64,          3.30,       3.67,      36.68,    120.91
       10,                     10.45,          3.29,       6.20,      61.95,    204.10                      9.90,          3.30,       3.76,      37.59,    123.90
       10,                     10.45,          3.29,       6.20,      61.96,    204.12                      9.90,          3.30,       3.76,      37.57,    123.82
       10,                     10.45,          3.29,       6.20,      61.95,    204.09                      9.54,          3.30,       3.76,      37.57,    123.83
       10,                     10.08,          3.29,       6.20,      61.94,    204.07                      9.52,          3.30,       3.76,      37.57,    123.84
       10,                     10.45,          3.29,       6.20,      61.96,    204.14                      9.90,          3.30,       3.76,      37.58,    123.87
       10,                     10.45,          3.29,       6.20,      61.97,    204.15                      9.90,          3.30,       3.76,      37.57,    123.84
       10,                     10.45,          3.29,       6.20,      61.95,    204.08                      9.51,          3.30,       3.76,      37.57,    123.85
       10,                     10.06,          3.29,       6.20,      61.97,    204.14                      9.52,          3.30,       3.76,      37.56,    123.83
       10,                     10.06,          3.29,       6.19,      61.98,    204.19                      9.90,          3.30,       3.76,      37.57,    123.83
       10,                     10.45,          3.29,       6.19,      61.95,    204.09                      9.90,          3.30,       3.76,      37.57,    123.84
       11,                     10.94,          3.29,       6.63,      66.29,    218.34                     10.36,          3.30,       4.24,      42.39,    139.72
       11,                     11.33,          3.29,       6.63,      66.33,    218.48                     10.76,          3.30,       4.24,      42.40,    139.74
       11,                     11.33,          3.29,       6.63,      66.28,    218.31                     10.75,          3.30,       4.24,      42.40,    139.75
       11,                     11.32,          3.29,       6.63,      66.28,    218.32                     10.75,          3.30,       4.24,      42.37,    139.65
       11,                     11.32,          3.29,       6.63,      66.30,    218.37                     10.75,          3.30,       4.24,      42.38,    139.70
       11,                     11.32,          3.29,       6.63,      66.31,    218.43                     10.75,          3.30,       4.24,      42.39,    139.71
       11,                     11.32,          3.29,       6.63,      66.31,    218.43                     10.75,          3.30,       4.24,      42.37,    139.66
       11,                     11.32,          3.29,       6.63,      66.33,    218.49                     10.36,          3.30,       4.24,      42.35,    139.60
       11,                     11.32,          3.29,       6.63,      66.32,    218.47                     10.75,          3.30,       4.24,      42.36,    139.63
       11,                     10.94,          3.29,       6.63,      66.26,    218.26                     10.75,          3.30,       4.24,      42.37,    139.67
       12,                     11.85,          3.29,       7.13,      71.25,    234.63                     11.30,          3.30,       4.76,      47.53,    156.67
       12,                     11.84,          3.29,       7.13,      71.30,    234.80                     11.67,          3.30,       4.75,      47.56,    156.76
       12,                     12.23,          3.29,       7.13,      71.27,    234.69                     11.67,          3.30,       4.75,      47.56,    156.76
       12,                     12.23,          3.29,       7.13,      71.25,    234.62                     11.67,          3.30,       4.76,      47.56,    156.74
       12,                     12.23,          3.29,       7.13,      71.29,    234.80                     11.67,          3.30,       4.76,      47.54,    156.68
       12,                     12.23,          3.29,       7.13,      71.27,    234.70                     11.67,          3.30,       4.75,      47.53,    156.66
       12,                     12.23,          3.29,       7.13,      71.27,    234.70                     11.67,          3.30,       4.76,      47.55,    156.71
       12,                     12.23,          3.29,       7.13,      71.26,    234.69                     11.67,          3.30,       4.75,      47.56,    156.74
       12,                     12.23,          3.29,       7.13,      71.27,    234.72                     11.67,          3.30,       4.75,      47.53,    156.66
       12,                     12.23,          3.29,       7.13,      71.27,    234.70                     11.67,          3.30,       4.76,      47.55,    156.72
       13,                     13.19,          3.29,       7.71,      77.13,    253.96                     13.06,          3.30,       5.56,      55.59,    183.20
       13,                     12.81,          3.29,       7.71,      77.11,    253.87                     12.68,          3.30,       5.56,      55.60,    183.21
       13,                     13.19,          3.29,       7.71,      77.09,    253.80                     13.06,          3.30,       5.56,      55.58,    183.19
       13,                     13.19,          3.29,       7.71,      77.10,    253.83                     13.06,          3.30,       5.56,      55.59,    183.20
       13,                     13.19,          3.29,       7.71,      77.12,    253.92                     13.06,          3.30,       5.56,      55.59,    183.20
       13,                     13.19,          3.29,       7.71,      77.10,    253.84                     12.67,          3.30,       5.56,      55.58,    183.18
       13,                     13.19,          3.29,       7.71,      77.08,    253.77                     13.06,          3.30,       5.56,      55.59,    183.20
       13,                     13.19,          3.29,       7.71,      77.11,    253.87                     13.06,          3.30,       5.56,      55.60,    183.22
       13,                     13.19,          3.29,       7.71,      77.10,    253.86                     13.06,          3.30,       5.56,      55.57,    183.14
       13,                     13.19,          3.29,       7.71,      77.08,    253.79                     13.06,          3.30,       5.56,      55.60,    183.22
       14,                     13.65,          3.29,       8.20,      81.94,    269.73                     13.86,          3.30,       5.76,      57.61,    189.84
       14,                     14.03,          3.29,       8.20,      81.96,    269.82                     13.86,          3.30,       5.76,      57.59,    189.80
       14,                     14.03,          3.29,       8.20,      81.94,    269.75                     13.48,          3.30,       5.77,      57.60,    189.85
       14,                     14.03,          3.29,       8.20,      81.98,    269.90                     13.48,          3.30,       5.76,      57.62,    189.89
       14,                     13.65,          3.29,       8.20,      81.96,    269.82                     13.47,          3.30,       5.76,      57.62,    189.89
       14,                     13.64,          3.29,       8.19,      81.94,    269.76                     13.47,          3.30,       5.76,      57.61,    189.85
       14,                     14.03,          3.29,       8.20,      81.95,    269.82                     13.48,          3.30,       5.76,      57.62,    189.87
       14,                     14.03,          3.29,       8.19,      81.95,    269.78                     13.86,          3.30,       5.76,      57.61,    189.87
       14,                     14.03,          3.29,       8.19,      81.94,    269.77                     13.86,          3.30,       5.76,      57.61,    189.84
       14,                     14.03,          3.29,       8.20,      81.95,    269.78                     13.86,          3.30,       5.76,      57.61,    189.87
       15,                     14.89,          3.29,       8.64,      86.37,    284.33                     14.37,          3.29,       6.38,      63.79,    210.16
       15,                     14.89,          3.29,       8.64,      86.39,    284.39                     14.37,          3.29,       6.38,      63.73,    209.97
       15,                     14.89,          3.29,       8.64,      86.38,    284.36                     14.37,          3.29,       6.38,      63.76,    210.06
       15,                     14.89,          3.29,       8.64,      86.37,    284.34                     14.37,          3.29,       6.37,      63.76,    210.07
       15,                     14.89,          3.29,       8.64,      86.37,    284.33                     14.37,          3.29,       6.37,      63.74,    209.98
       15,                     14.89,          3.29,       8.64,      86.38,    284.35                     14.37,          3.29,       6.38,      63.75,    210.01
       15,                     14.89,          3.29,       8.64,      86.37,    284.33                     13.98,          3.29,       6.37,      63.74,    210.01
       15,                     14.89,          3.29,       8.64,      86.38,    284.36                     13.99,          3.29,       6.37,      63.75,    210.03
       15,                     14.50,          3.29,       8.64,      86.39,    284.41                     14.37,          3.29,       6.38,      63.74,    210.01
       15,                     14.89,          3.29,       8.64,      86.41,    284.46                     13.98,          3.29,       6.38,      63.75,    210.04
       16,                     15.48,          3.29,       9.16,      91.61,    301.59                     15.72,          3.29,       7.40,      74.04,    243.81
       16,                     15.86,          3.29,       9.16,      91.60,    301.53                     15.35,          3.29,       7.40,      74.03,    243.78
       16,                     15.86,          3.29,       9.16,      91.57,    301.45                     15.71,          3.29,       7.40,      74.01,    243.70
       16,                     15.86,          3.29,       9.16,      91.58,    301.48                     15.71,          3.29,       7.40,      74.01,    243.73
       16,                     15.86,          3.29,       9.16,      91.60,    301.54                     15.71,          3.29,       7.40,      74.01,    243.71
       16,                     15.86,          3.29,       9.16,      91.58,    301.48                     15.71,          3.29,       7.40,      74.02,    243.74
       16,                     15.86,          3.29,       9.16,      91.58,    301.48                     15.71,          3.29,       7.40,      74.02,    243.73
       16,                     15.86,          3.29,       9.16,      91.60,    301.55                     15.71,          3.29,       7.40,      74.02,    243.74
       16,                     15.86,          3.29,       9.16,      91.58,    301.47                     15.71,          3.29,       7.40,      74.03,    243.76
       16,                     15.46,          3.29,       9.16,      91.59,    301.50                     15.33,          3.29,       7.40,      74.02,    243.76
       17,                     16.82,          3.29,       9.70,      97.00,    319.30                     16.81,          3.29,       7.54,      75.35,    248.12
       17,                     16.82,          3.29,       9.70,      97.02,    319.38                     16.81,          3.29,       7.54,      75.36,    248.17
       17,                     16.83,          3.29,       9.71,      97.03,    319.40                     16.81,          3.29,       7.54,      75.37,    248.18
       17,                     16.83,          3.29,       9.70,      97.06,    319.50                     16.81,          3.29,       7.53,      75.36,    248.14
       17,                     16.83,          3.29,       9.71,      97.05,    319.47                     16.81,          3.29,       7.53,      75.37,    248.17
       17,                     16.43,          3.29,       9.70,      97.02,    319.37                     16.81,          3.29,       7.53,      75.32,    248.02
       17,                     16.83,          3.29,       9.71,      97.06,    319.47                     16.81,          3.29,       7.54,      75.36,    248.16
       17,                     16.83,          3.29,       9.71,      97.07,    319.51                     16.81,          3.29,       7.54,      75.36,    248.15
       17,                     16.83,          3.29,       9.71,      97.08,    319.55                     16.81,          3.29,       7.54,      75.35,    248.10
       17,                     16.44,          3.29,       9.70,      97.01,    319.32                     16.81,          3.29,       7.54,      75.36,    248.15
       18,                     17.53,          3.29,      10.36,     103.61,    340.97                     17.20,          3.29,       8.34,      83.42,    274.62
       18,                     17.50,          3.29,      10.36,     103.60,    340.94                     17.59,          3.29,       8.34,      83.39,    274.55
       18,                     17.89,          3.29,      10.36,     103.59,    340.88                     17.59,          3.29,       8.34,      83.41,    274.59
       18,                     17.89,          3.29,      10.36,     103.62,    341.04                     17.59,          3.29,       8.34,      83.41,    274.61
       18,                     17.89,          3.29,      10.36,     103.62,    340.98                     17.59,          3.29,       8.34,      83.43,    274.65
       18,                     17.89,          3.29,      10.36,     103.62,    341.00                     17.58,          3.29,       8.34,      83.40,    274.56
       18,                     17.89,          3.29,      10.36,     103.63,    341.03                     17.58,          3.29,       8.34,      83.39,    274.55
       18,                     17.89,          3.29,      10.36,     103.63,    341.03                     17.58,          3.29,       8.34,      83.40,    274.53
       18,                     17.89,          3.29,      10.36,     103.64,    341.07                     17.58,          3.29,       8.34,      83.40,    274.57
       18,                     17.89,          3.29,      10.36,     103.58,    340.89                     17.58,          3.29,       8.34,      83.37,    274.49
       19,                     18.51,          3.29,      11.09,     110.83,    364.56                     18.29,          3.29,       9.68,      96.78,    318.56
       19,                     18.89,          3.29,      11.09,     110.87,    364.72                     18.68,          3.29,       9.68,      96.79,    318.63
       19,                     18.50,          3.29,      11.09,     110.85,    364.69                     18.30,          3.29,       9.68,      96.82,    318.70
       19,                     18.89,          3.29,      11.09,     110.84,    364.66                     18.28,          3.29,       9.68,      96.80,    318.65
       19,                     18.89,          3.29,      11.09,     110.84,    364.66                     18.67,          3.29,       9.68,      96.76,    318.51
       19,                     18.50,          3.29,      11.09,     110.84,    364.62                     18.67,          3.29,       9.68,      96.80,    318.66
       19,                     18.89,          3.29,      11.08,     110.83,    364.62                     18.67,          3.29,       9.68,      96.75,    318.47
       19,                     18.89,          3.29,      11.09,     110.84,    364.62                     18.67,          3.29,       9.68,      96.83,    318.75
       19,                     18.49,          3.29,      11.09,     110.87,    364.75                     18.67,          3.29,       9.68,      96.74,    318.47
       19,                     18.88,          3.29,      11.08,     110.79,    364.49                     18.67,          3.29,       9.68,      96.80,    318.64
       20,                     19.77,          3.29,      11.82,     118.25,    388.86                     19.67,          3.29,      10.86,     108.61,    357.43
       20,                     19.38,          3.29,      11.83,     118.26,    388.91                     19.67,          3.29,      10.86,     108.61,    357.39
       20,                     19.37,          3.29,      11.82,     118.24,    388.87                     19.27,          3.29,      10.86,     108.60,    357.40
       20,                     19.38,          3.29,      11.82,     118.17,    388.59                     19.67,          3.29,      10.87,     108.65,    357.52
       20,                     19.77,          3.29,      11.82,     118.23,    388.81                     19.27,          3.29,      10.87,     108.66,    357.58
       20,                     19.77,          3.29,      11.82,     118.20,    388.70                     19.67,          3.29,      10.87,     108.63,    357.47
       20,                     19.77,          3.29,      11.82,     118.22,    388.78                     19.27,          3.29,      10.86,     108.59,    357.37
       20,                     19.38,          3.29,      11.83,     118.23,    388.79                     19.29,          3.29,      10.86,     108.63,    357.46
       20,                     19.76,          3.29,      11.82,     118.22,    388.77                     19.67,          3.29,      10.86,     108.62,    357.46
       20,                     19.76,          3.29,      11.82,     118.24,    388.88                     19.67,          3.29,      10.86,     108.60,    357.39
       21,                     20.12,          3.29,      12.54,     125.37,    412.24                     20.03,          3.29,      12.29,     122.91,    404.21
       21,                     20.11,          3.29,      12.54,     125.36,    412.21                     20.42,          3.29,      12.29,     122.87,    404.07
       21,                     20.51,          3.29,      12.54,     125.34,    412.13                     20.42,          3.29,      12.29,     122.89,    404.12
       21,                     20.14,          3.29,      12.54,     125.37,    412.23                     20.03,          3.29,      12.29,     122.86,    404.04
       21,                     20.13,          3.29,      12.54,     125.33,    412.09                     20.41,          3.29,      12.29,     122.87,    404.10
       21,                     20.51,          3.29,      12.54,     125.40,    412.33                     20.41,          3.29,      12.28,     122.86,    403.98
       21,                     20.51,          3.29,      12.54,     125.35,    412.16                     20.02,          3.29,      12.29,     122.87,    404.03
       21,                     20.51,          3.29,      12.54,     125.34,    412.14                     20.41,          3.29,      12.29,     122.88,    404.06
       21,                     20.13,          3.29,      12.54,     125.33,    412.11                     20.03,          3.29,      12.29,     122.85,    403.99
       21,                     20.12,          3.29,      12.54,     125.34,    412.12                     20.41,          3.29,      12.28,     122.84,    403.99
       22,                     20.73,          3.29,      13.36,     133.56,    439.14                     20.72,          3.29,      13.36,     133.54,    439.06
       22,                     20.73,          3.29,      13.36,     133.50,    438.94                     21.11,          3.29,      13.36,     133.55,    439.13
       22,                     21.11,          3.29,      13.35,     133.54,    439.10                     21.11,          3.29,      13.35,     133.52,    439.04
       22,                     21.11,          3.29,      13.35,     133.52,    439.02                     21.11,          3.29,      13.35,     133.52,    439.01
       22,                     21.11,          3.29,      13.35,     133.53,    439.05                     21.11,          3.29,      13.36,     133.53,    439.05
       22,                     20.73,          3.29,      13.35,     133.53,    439.04                     21.11,          3.29,      13.36,     133.54,    439.06
       22,                     21.11,          3.29,      13.36,     133.53,    439.03                     21.11,          3.29,      13.35,     133.52,    439.01
       22,                     21.11,          3.29,      13.35,     133.51,    438.99                     21.11,          3.29,      13.35,     133.53,    439.06
       22,                     21.11,          3.29,      13.35,     133.52,    439.01                     21.11,          3.29,      13.35,     133.52,    439.02
       22,                     21.11,          3.29,      13.35,     133.48,    438.88                     21.11,          3.29,      13.36,     133.55,    439.12

