[Radio] Initializing ... success!
Connected to RF power monitor: Rohde&Schwarz,FPC1500,1328.6660K03/205785,V1.80
Connected to DC power monitor: radiolib-org,DCpowerMon,070dd3d
setCurrentLimit, code 0

Set [dBm],Measured unoptimized [dBm],Bus voltage[V],Voltage[mV],Current[mA],Power [mW], Measured optimized [dBm],Bus voltage[V],Voltage[mV],Current[mA],Power [mW]
       -9,                     -8.54,          3.30,       1.86,      18.54,     61.15                     -8.47,          3.30,       1.45,      14.52,     47.90
       -9,                     -8.53,          3.30,       1.85,      18.53,     61.10                     -8.46,          3.30,       1.45,      14.49,     47.79
       -9,                     -8.52,          3.30,       1.85,      18.54,     61.13                     -8.45,          3.30,       1.45,      14.51,     47.85
       -9,                     -8.51,          3.30,       1.85,      18.55,     61.17                     -8.44,          3.30,       1.45,      14.49,     47.81
       -9,                     -8.51,          3.30,       1.85,      18.52,     61.09                     -8.44,          3.30,       1.45,      14.51,     47.85
       -9,                     -8.51,          3.30,       1.86,      18.55,     61.17                     -8.48,          3.30,       1.45,      14.51,     47.84
       -9,                     -8.58,          3.30,       1.86,      18.55,     61.19                     -8.63,          3.30,       1.45,      14.49,     47.80
       -9,                     -8.73,          3.30,       1.86,      18.55,     61.18                     -8.74,          3.30,       1.45,      14.49,     47.78
       -9,                     -8.50,          3.30,       1.85,      18.54,     61.15                     -8.43,          3.30,       1.45,      14.48,     47.77
       -9,                     -8.50,          3.30,       1.85,      18.54,     61.13                     -8.43,          3.30,       1.45,      14.48,     47.77
       -8,                     -7.27,          3.30,       1.96,      19.58,     64.54                     -7.46,          3.30,       1.45,      14.50,     47.83
       -8,                     -7.27,          3.30,       1.96,      19.58,     64.57                     -7.46,          3.30,       1.45,      14.49,     47.80
       -8,                     -7.26,          3.30,       1.96,      19.59,     64.59                     -7.46,          3.30,       1.45,      14.48,     47.76
       -8,                     -7.26,          3.30,       1.96,      19.57,     64.52                     -7.46,          3.30,       1.45,      14.47,     47.73
       -8,                     -7.27,          3.30,       1.96,      19.56,     64.51                     -7.46,          3.30,       1.45,      14.47,     47.71
       -8,                     -7.26,          3.30,       1.96,      19.57,     64.53                     -7.46,          3.30,       1.45,      14.47,     47.72
       -8,                     -7.26,          3.30,       1.96,      19.57,     64.52                     -7.45,          3.30,       1.45,      14.49,     47.79
       -8,                     -7.26,          3.30,       1.96,      19.56,     64.51                     -7.45,          3.30,       1.45,      14.47,     47.73
       -8,                     -7.26,          3.30,       1.96,      19.57,     64.51                     -7.45,          3.30,       1.45,      14.48,     47.77
       -8,                     -7.26,          3.30,       1.96,      19.57,     64.52                     -7.45,          3.30,       1.45,      14.50,     47.83
       -7,                     -6.19,          3.30,       2.05,      20.54,     67.71                     -6.10,          3.30,       1.53,      15.30,     50.46
       -7,                     -6.19,          3.30,       2.05,      20.55,     67.74                     -6.10,          3.30,       1.53,      15.28,     50.41
       -7,                     -6.58,          3.30,       2.06,      20.51,     67.62                     -6.10,          3.30,       1.53,      15.28,     50.40
       -7,                     -6.19,          3.30,       2.06,      20.54,     67.73                     -6.10,          3.30,       1.53,      15.28,     50.41
       -7,                     -6.19,          3.30,       2.06,      20.55,     67.77                     -6.10,          3.30,       1.53,      15.31,     50.48
       -7,                     -6.19,          3.30,       2.06,      20.56,     67.78                     -6.09,          3.30,       1.53,      15.29,     50.41
       -7,                     -6.19,          3.30,       2.05,      20.57,     67.83                     -6.09,          3.30,       1.53,      15.29,     50.43
       -7,                     -6.19,          3.30,       2.06,      20.56,     67.77                     -6.09,          3.30,       1.53,      15.28,     50.38
       -7,                     -6.19,          3.30,       2.06,      20.55,     67.76                     -6.09,          3.30,       1.53,      15.28,     50.41
       -7,                     -6.19,          3.30,       2.05,      20.52,     67.66                     -6.09,          3.30,       1.53,      15.28,     50.39
       -6,                     -5.23,          3.30,       2.16,      21.59,     71.18                     -5.14,          3.30,       1.68,      16.79,     55.35
       -6,                     -5.23,          3.30,       2.16,      21.60,     71.20                     -5.14,          3.30,       1.68,      16.78,     55.32
       -6,                     -5.23,          3.30,       2.16,      21.59,     71.18                     -5.14,          3.30,       1.68,      16.78,     55.33
       -6,                     -5.23,          3.30,       2.16,      21.61,     71.26                     -5.14,          3.30,       1.68,      16.78,     55.34
       -6,                     -5.23,          3.30,       2.16,      21.57,     71.10                     -5.14,          3.30,       1.68,      16.78,     55.32
       -6,                     -5.23,          3.30,       2.16,      21.60,     71.23                     -5.14,          3.30,       1.68,      16.77,     55.31
       -6,                     -5.23,          3.30,       2.16,      21.60,     71.20                     -5.14,          3.30,       1.68,      16.78,     55.34
       -6,                     -5.23,          3.30,       2.16,      21.60,     71.21                     -5.14,          3.30,       1.68,      16.79,     55.36
       -6,                     -5.62,          3.30,       2.16,      21.59,     71.18                     -5.14,          3.30,       1.68,      16.77,     55.32
       -6,                     -5.23,          3.30,       2.16,      21.59,     71.19                     -5.14,          3.30,       1.68,      16.78,     55.31
       -5,                     -3.58,          3.30,       2.36,      23.60,     77.81                     -3.70,          3.30,       1.75,      17.51,     57.73
       -5,                     -3.58,          3.30,       2.36,      23.63,     77.89                     -3.70,          3.30,       1.75,      17.53,     57.82
       -5,                     -3.58,          3.30,       2.36,      23.62,     77.86                     -3.70,          3.30,       1.75,      17.52,     57.75
       -5,                     -3.58,          3.30,       2.36,      23.62,     77.86                     -3.70,          3.30,       1.75,      17.54,     57.83
       -5,                     -3.58,          3.30,       2.36,      23.63,     77.88                     -3.70,          3.30,       1.75,      17.54,     57.83
       -5,                     -3.58,          3.30,       2.36,      23.62,     77.88                     -3.69,          3.30,       1.76,      17.53,     57.78
       -5,                     -3.97,          3.30,       2.36,      23.62,     77.86                     -3.70,          3.30,       1.75,      17.55,     57.87
       -5,                     -3.97,          3.30,       2.36,      23.60,     77.81                     -3.69,          3.30,       1.76,      17.53,     57.79
       -5,                     -3.58,          3.30,       2.36,      23.63,     77.88                     -3.69,          3.30,       1.75,      17.54,     57.84
       -5,                     -3.58,          3.30,       2.36,      23.61,     77.80                     -3.69,          3.30,       1.75,      17.52,     57.79
       -4,                     -2.86,          3.30,       2.47,      24.66,     81.29                     -2.63,          3.30,       1.96,      19.57,     64.54
       -4,                     -2.86,          3.30,       2.47,      24.68,     81.36                     -2.63,          3.30,       1.96,      19.55,     64.45
       -4,                     -2.86,          3.30,       2.47,      24.66,     81.30                     -2.63,          3.30,       1.96,      19.58,     64.56
       -4,                     -2.86,          3.30,       2.47,      24.66,     81.30                     -2.63,          3.30,       1.96,      19.55,     64.46
       -4,                     -2.86,          3.30,       2.47,      24.68,     81.35                     -2.63,          3.30,       1.96,      19.54,     64.42
       -4,                     -2.86,          3.30,       2.47,      24.68,     81.36                     -2.63,          3.30,       1.95,      19.54,     64.42
       -4,                     -2.86,          3.30,       2.47,      24.68,     81.38                     -2.63,          3.30,       1.96,      19.57,     64.52
       -4,                     -2.86,          3.30,       2.47,      24.69,     81.41                     -2.63,          3.30,       1.96,      19.56,     64.49
       -4,                     -2.86,          3.30,       2.47,      24.68,     81.36                     -2.63,          3.30,       1.96,      19.56,     64.47
       -4,                     -2.86,          3.30,       2.47,      24.68,     81.35                     -2.63,          3.30,       1.96,      19.56,     64.49
       -3,                     -2.20,          3.30,       2.57,      25.68,     84.65                     -2.13,          3.30,       2.08,      20.74,     68.38
       -3,                     -2.59,          3.30,       2.57,      25.69,     84.68                     -2.52,          3.30,       2.07,      20.74,     68.36
       -3,                     -2.20,          3.30,       2.57,      25.69,     84.69                     -2.12,          3.30,       2.07,      20.74,     68.39
       -3,                     -2.20,          3.30,       2.57,      25.68,     84.66                     -2.50,          3.30,       2.08,      20.73,     68.36
       -3,                     -2.20,          3.30,       2.57,      25.69,     84.69                     -2.13,          3.30,       2.07,      20.73,     68.32
       -3,                     -2.20,          3.30,       2.57,      25.67,     84.63                     -2.13,          3.30,       2.07,      20.73,     68.34
       -3,                     -2.20,          3.30,       2.57,      25.69,     84.68                     -2.13,          3.30,       2.08,      20.76,     68.44
       -3,                     -2.20,          3.30,       2.57,      25.69,     84.68                     -2.13,          3.30,       2.07,      20.75,     68.42
       -3,                     -2.20,          3.30,       2.57,      25.67,     84.64                     -2.13,          3.30,       2.07,      20.76,     68.44
       -3,                     -2.20,          3.30,       2.57,      25.71,     84.74                     -2.13,          3.30,       2.07,      20.75,     68.40
       -2,                     -1.01,          3.30,       2.77,      27.71,     91.33                     -1.17,          3.30,       2.26,      22.61,     74.54
       -2,                     -1.01,          3.30,       2.77,      27.69,     91.28                     -1.17,          3.30,       2.26,      22.62,     74.58
       -2,                     -1.01,          3.30,       2.77,      27.72,     91.37                     -1.17,          3.30,       2.26,      22.60,     74.50
       -2,                     -1.01,          3.30,       2.77,      27.70,     91.31                     -1.57,          3.30,       2.26,      22.60,     74.52
       -2,                     -1.01,          3.30,       2.77,      27.72,     91.38                     -1.17,          3.30,       2.26,      22.60,     74.52
       -2,                     -1.01,          3.30,       2.77,      27.68,     91.26                     -1.17,          3.30,       2.26,      22.62,     74.57
       -2,                     -1.41,          3.30,       2.77,      27.70,     91.30                     -1.57,          3.30,       2.26,      22.60,     74.51
       -2,                     -1.01,          3.30,       2.77,      27.70,     91.32                     -1.17,          3.30,       2.26,      22.62,     74.59
       -2,                     -1.01,          3.30,       2.77,      27.72,     91.39                     -1.57,          3.30,       2.26,      22.61,     74.55
       -2,                     -1.40,          3.30,       2.77,      27.72,     91.38                     -1.57,          3.30,       2.26,      22.63,     74.60
       -1,                     -0.39,          3.30,       2.96,      29.65,     97.74                     -0.22,          3.30,       2.05,      20.51,     67.61
       -1,                     -0.01,          3.30,       2.97,      29.66,     97.76                     -0.60,          3.30,       2.05,      20.52,     67.67
       -1,                     -0.41,          3.30,       2.96,      29.66,     97.77                     -0.22,          3.30,       2.05,      20.51,     67.62
       -1,                     -0.01,          3.30,       2.97,      29.64,     97.70                     -0.61,          3.30,       2.05,      20.50,     67.60
       -1,                     -0.01,          3.30,       2.97,      29.67,     97.80                     -0.22,          3.30,       2.05,      20.52,     67.67
       -1,                     -0.01,          3.30,       2.97,      29.68,     97.83                     -0.22,          3.30,       2.05,      20.54,     67.71
       -1,                     -0.01,          3.30,       2.97,      29.65,     97.73                     -0.22,          3.30,       2.05,      20.51,     67.62
       -1,                     -0.01,          3.30,       2.97,      29.68,     97.84                     -0.22,          3.30,       2.05,      20.52,     67.65
       -1,                     -0.40,          3.30,       2.96,      29.68,     97.82                     -0.61,          3.30,       2.05,      20.51,     67.62
       -1,                     -0.01,          3.30,       2.97,      29.66,     97.78                     -0.22,          3.30,       2.05,      20.53,     67.68
        0,                      0.92,          3.30,       3.16,      31.63,    104.24                      0.90,          3.30,       2.27,      22.73,     74.95
        0,                      0.92,          3.30,       3.17,      31.63,    104.24                      0.90,          3.30,       2.27,      22.72,     74.90
        0,                      0.54,          3.30,       3.17,      31.65,    104.31                      0.51,          3.30,       2.27,      22.71,     74.87
        0,                      0.92,          3.30,       3.16,      31.65,    104.32                      0.90,          3.30,       2.27,      22.72,     74.90
        0,                      0.91,          3.30,       3.16,      31.63,    104.27                      0.90,          3.30,       2.27,      22.70,     74.84
        0,                      0.53,          3.30,       3.16,      31.63,    104.25                      0.90,          3.30,       2.27,      22.73,     74.92
        0,                      0.51,          3.30,       3.16,      31.64,    104.30                      0.53,          3.30,       2.27,      22.72,     74.88
        0,                      0.91,          3.30,       3.17,      31.65,    104.30                      0.90,          3.30,       2.27,      22.71,     74.88
        0,                      0.91,          3.30,       3.16,      31.64,    104.30                      0.90,          3.30,       2.27,      22.70,     74.84
        0,                      0.91,          3.30,       3.16,      31.64,    104.28                      0.90,          3.30,       2.27,      22.70,     74.83
        1,                      1.75,          3.30,       3.35,      33.53,    110.51                      0.90,          3.30,       2.17,      21.67,     71.44
        1,                      1.75,          3.30,       3.35,      33.53,    110.51                      1.29,          3.30,       2.17,      21.63,     71.33
        1,                      1.35,          3.30,       3.36,      33.52,    110.48                      1.29,          3.30,       2.16,      21.66,     71.42
        1,                      1.37,          3.30,       3.36,      33.52,    110.49                      1.29,          3.30,       2.17,      21.65,     71.39
        1,                      1.75,          3.30,       3.35,      33.55,    110.58                      1.29,          3.30,       2.17,      21.66,     71.40
        1,                      1.75,          3.30,       3.35,      33.52,    110.50                      1.29,          3.30,       2.17,      21.64,     71.34
        1,                      1.75,          3.30,       3.35,      33.53,    110.52                      1.29,          3.30,       2.17,      21.65,     71.41
        1,                      1.75,          3.30,       3.35,      33.51,    110.45                      1.29,          3.30,       2.16,      21.66,     71.41
        1,                      1.75,          3.30,       3.35,      33.54,    110.54                      1.29,          3.30,       2.17,      21.63,     71.32
        1,                      1.75,          3.30,       3.35,      33.52,    110.49                      1.29,          3.30,       2.17,      21.66,     71.43
        2,                      2.86,          3.30,       3.62,      36.25,    119.46                      2.38,          3.30,       2.40,      24.01,     79.14
        2,                      2.46,          3.30,       3.63,      36.25,    119.49                      1.99,          3.30,       2.40,      24.01,     79.15
        2,                      2.47,          3.30,       3.62,      36.25,    119.48                      2.00,          3.30,       2.40,      24.00,     79.12
        2,                      2.47,          3.30,       3.63,      36.24,    119.44                      1.98,          3.30,       2.40,      24.00,     79.13
        2,                      2.86,          3.30,       3.63,      36.23,    119.42                      1.99,          3.30,       2.40,      24.01,     79.17
        2,                      2.46,          3.30,       3.62,      36.26,    119.51                      2.38,          3.30,       2.40,      24.00,     79.12
        2,                      2.85,          3.30,       3.63,      36.22,    119.40                      2.38,          3.30,       2.40,      24.01,     79.14
        2,                      2.48,          3.30,       3.62,      36.23,    119.41                      2.38,          3.30,       2.40,      24.02,     79.18
        2,                      2.85,          3.30,       3.62,      36.27,    119.56                      2.38,          3.30,       2.40,      24.01,     79.15
        2,                      2.48,          3.30,       3.62,      36.25,    119.49                      2.01,          3.30,       2.40,      24.02,     79.19
        3,                      3.13,          3.30,       3.80,      37.97,    125.16                      3.13,          3.30,       2.31,      23.10,     76.15
        3,                      3.51,          3.30,       3.80,      37.97,    125.13                      3.13,          3.30,       2.31,      23.10,     76.14
        3,                      3.52,          3.30,       3.80,      37.96,    125.10                      3.13,          3.30,       2.31,      23.09,     76.13
        3,                      3.52,          3.30,       3.80,      37.96,    125.11                      3.13,          3.30,       2.31,      23.06,     76.03
        3,                      3.52,          3.30,       3.80,      37.96,    125.11                      3.13,          3.30,       2.31,      23.09,     76.10
        3,                      3.52,          3.30,       3.80,      37.98,    125.18                      3.13,          3.30,       2.31,      23.10,     76.17
        3,                      3.52,          3.30,       3.80,      37.96,    125.12                      3.13,          3.30,       2.31,      23.09,     76.12
        3,                      3.52,          3.30,       3.80,      37.97,    125.13                      3.13,          3.30,       2.31,      23.07,     76.07
        3,                      3.52,          3.30,       3.80,      37.95,    125.08                      3.13,          3.30,       2.31,      23.09,     76.13
        3,                      3.52,          3.30,       3.80,      37.96,    125.12                      3.13,          3.30,       2.31,      23.07,     76.06
        4,                      4.71,          3.30,       4.12,      41.23,    135.89                      4.32,          3.30,       2.34,      23.44,     77.27
        4,                      4.71,          3.30,       4.13,      41.26,    136.00                      4.32,          3.30,       2.34,      23.42,     77.20
        4,                      4.71,          3.30,       4.12,      41.25,    135.95                      4.32,          3.30,       2.34,      23.42,     77.22
        4,                      4.71,          3.30,       4.13,      41.24,    135.93                      4.32,          3.30,       2.35,      23.44,     77.28
        4,                      4.71,          3.30,       4.12,      41.26,    135.99                      4.32,          3.30,       2.34,      23.44,     77.29
        4,                      4.71,          3.30,       4.12,      41.26,    136.00                      4.32,          3.30,       2.34,      23.43,     77.24
        4,                      4.71,          3.30,       4.13,      41.24,    135.95                      4.32,          3.30,       2.35,      23.44,     77.27
        4,                      4.71,          3.30,       4.12,      41.23,    135.90                      4.32,          3.30,       2.34,      23.44,     77.29
        4,                      4.71,          3.30,       4.12,      41.21,    135.84                      4.32,          3.30,       2.34,      23.43,     77.26
        4,                      4.71,          3.30,       4.12,      41.22,    135.86                      4.32,          3.30,       2.34,      23.42,     77.20
        5,                      5.48,          3.30,       4.35,      43.51,    143.43                      5.35,          3.30,       3.33,      33.32,    109.83
        5,                      5.48,          3.30,       4.35,      43.50,    143.36                      4.95,          3.30,       3.33,      33.33,    109.85
        5,                      5.08,          3.30,       4.35,      43.51,    143.41                      4.96,          3.30,       3.33,      33.31,    109.81
        5,                      5.47,          3.30,       4.35,      43.51,    143.40                      5.34,          3.30,       3.33,      33.33,    109.84
        5,                      5.47,          3.30,       4.35,      43.50,    143.37                      5.34,          3.30,       3.33,      33.33,    109.85
        5,                      5.09,          3.30,       4.35,      43.50,    143.39                      4.96,          3.30,       3.33,      33.31,    109.79
        5,                      5.09,          3.30,       4.35,      43.50,    143.36                      4.96,          3.30,       3.33,      33.33,    109.88
        5,                      5.10,          3.30,       4.35,      43.51,    143.42                      4.95,          3.30,       3.33,      33.33,    109.86
        5,                      5.09,          3.30,       4.35,      43.49,    143.32                      5.34,          3.30,       3.33,      33.31,    109.81
        5,                      5.09,          3.30,       4.35,      43.50,    143.38                      5.34,          3.30,       3.33,      33.32,    109.83
        6,                      6.46,          3.30,       4.66,      46.56,    153.44                      5.92,          3.30,       2.86,      28.57,     94.19
        6,                      6.46,          3.30,       4.66,      46.56,    153.45                      5.92,          3.30,       2.86,      28.56,     94.13
        6,                      6.06,          3.30,       4.66,      46.57,    153.47                      5.92,          3.30,       2.86,      28.59,     94.25
        6,                      6.46,          3.30,       4.66,      46.60,    153.60                      5.92,          3.30,       2.86,      28.58,     94.21
        6,                      6.46,          3.30,       4.66,      46.55,    153.44                      5.92,          3.30,       2.86,      28.59,     94.26
        6,                      6.46,          3.30,       4.66,      46.58,    153.52                      5.92,          3.30,       2.86,      28.58,     94.21
        6,                      6.46,          3.30,       4.66,      46.57,    153.49                      5.92,          3.30,       2.86,      28.58,     94.20
        6,                      6.46,          3.30,       4.66,      46.56,    153.47                      5.92,          3.30,       2.86,      28.60,     94.28
        6,                      6.46,          3.30,       4.66,      46.56,    153.44                      5.92,          3.30,       2.86,      28.58,     94.22
        6,                      6.10,          3.30,       4.66,      46.58,    153.52                      5.92,          3.30,       2.86,      28.57,     94.16
        7,                      7.56,          3.30,       5.02,      50.21,    165.50                      7.18,          3.30,       3.53,      35.25,    116.17
        7,                      7.56,          3.30,       5.02,      50.23,    165.55                      6.80,          3.30,       3.52,      35.25,    116.19
        7,                      7.17,          3.30,       5.02,      50.26,    165.63                      6.80,          3.30,       3.53,      35.25,    116.19
        7,                      7.17,          3.30,       5.02,      50.22,    165.51                      7.18,          3.30,       3.53,      35.26,    116.22
        7,                      7.17,          3.30,       5.03,      50.23,    165.54                      7.17,          3.30,       3.53,      35.26,    116.21
        7,                      7.56,          3.30,       5.02,      50.23,    165.56                      7.17,          3.30,       3.53,      35.27,    116.27
        7,                      7.17,          3.30,       5.03,      50.24,    165.58                      7.17,          3.30,       3.52,      35.25,    116.20
        7,                      7.56,          3.30,       5.03,      50.26,    165.64                      7.17,          3.30,       3.52,      35.24,    116.16
        7,                      7.56,          3.30,       5.02,      50.25,    165.61                      7.17,          3.30,       3.52,      35.25,    116.18
        7,                      7.56,          3.30,       5.03,      50.23,    165.56                      7.17,          3.30,       3.53,      35.25,    116.18
        8,                      8.52,          3.30,       5.39,      53.86,    177.52                      8.36,          3.30,       4.52,      45.18,    148.93
        8,                      8.52,          3.30,       5.39,      53.88,    177.57                      8.35,          3.30,       4.51,      45.18,    148.89
        8,                      8.13,          3.30,       5.39,      53.84,    177.44                      7.97,          3.30,       4.51,      45.16,    148.86
        8,                      8.52,          3.30,       5.39,      53.85,    177.48                      8.35,          3.30,       4.52,      45.20,    148.97
        8,                      8.52,          3.30,       5.39,      53.85,    177.49                      7.96,          3.30,       4.52,      45.17,    148.86
        8,                      8.51,          3.30,       5.39,      53.83,    177.42                      7.96,          3.30,       4.52,      45.17,    148.90
        8,                      8.52,          3.30,       5.39,      53.84,    177.46                      8.35,          3.30,       4.52,      45.18,    148.91
        8,                      8.51,          3.30,       5.39,      53.85,    177.48                      8.35,          3.30,       4.52,      45.17,    148.87
        8,                      8.51,          3.30,       5.39,      53.85,    177.46                      8.35,          3.30,       4.52,      45.20,    148.99
        8,                      8.51,          3.30,       5.39,      53.86,    177.49                      8.35,          3.30,       4.52,      45.19,    148.95
        9,                      9.13,          3.30,       5.79,      57.90,    190.79                      9.00,          3.30,       3.67,      36.67,    120.87
        9,                      9.14,          3.30,       5.79,      57.91,    190.81                      8.61,          3.30,       3.67,      36.67,    120.86
        9,                      9.52,          3.30,       5.79,      57.90,    190.81                      9.00,          3.30,       3.67,      36.71,    120.99
        9,                      9.52,          3.30,       5.79,      57.91,    190.84                      9.00,          3.30,       3.67,      36.70,    120.97
        9,                      9.52,          3.30,       5.79,      57.92,    190.89                      9.00,          3.30,       3.67,      36.70,    120.97
        9,                      9.52,          3.30,       5.79,      57.92,    190.88                      9.00,          3.30,       3.67,      36.71,    120.98
        9,                      9.52,          3.30,       5.79,      57.93,    190.88                      9.00,          3.30,       3.67,      36.70,    120.95
        9,                      9.52,          3.30,       5.79,      57.92,    190.85                      9.00,          3.30,       3.67,      36.69,    120.95
        9,                      9.52,          3.30,       5.79,      57.92,    190.86                      8.60,          3.30,       3.67,      36.69,    120.92
        9,                      9.52,          3.30,       5.79,      57.92,    190.87                      9.00,          3.30,       3.67,      36.68,    120.88
       10,                     10.03,          3.29,       6.19,      61.94,    204.07                      9.87,          3.30,       3.76,      37.60,    123.94
       10,                     10.43,          3.29,       6.20,      61.96,    204.12                      9.87,          3.30,       3.76,      37.57,    123.83
       10,                     10.43,          3.29,       6.20,      61.97,    204.16                      9.88,          3.30,       3.76,      37.58,    123.86
       10,                     10.43,          3.29,       6.20,      61.95,    204.11                      9.88,          3.30,       3.76,      37.55,    123.77
       10,                     10.43,          3.29,       6.20,      61.95,    204.09                      9.88,          3.30,       3.76,      37.59,    123.89
       10,                     10.43,          3.29,       6.20,      61.98,    204.21                      9.88,          3.30,       3.76,      37.55,    123.76
       10,                     10.43,          3.29,       6.19,      61.94,    204.06                      9.50,          3.30,       3.76,      37.57,    123.84
       10,                     10.43,          3.29,       6.20,      61.96,    204.13                      9.87,          3.30,       3.76,      37.60,    123.94
       10,                     10.05,          3.29,       6.20,      61.95,    204.09                      9.48,          3.30,       3.76,      37.59,    123.90
       10,                     10.43,          3.29,       6.19,      61.96,    204.15                      9.88,          3.30,       3.76,      37.57,    123.83
       11,                     11.30,          3.29,       6.63,      66.27,    218.29                     10.73,          3.30,       4.24,      42.37,    139.66
       11,                     11.30,          3.29,       6.63,      66.28,    218.31                     10.73,          3.30,       4.24,      42.38,    139.69
       11,                     11.30,          3.29,       6.63,      66.29,    218.35                     10.73,          3.30,       4.24,      42.36,    139.61
       11,                     11.30,          3.29,       6.63,      66.29,    218.35                     10.73,          3.30,       4.24,      42.37,    139.65
       11,                     11.30,          3.29,       6.63,      66.29,    218.35                     10.73,          3.30,       4.24,      42.36,    139.64
       11,                     11.30,          3.29,       6.63,      66.29,    218.36                     10.73,          3.30,       4.24,      42.36,    139.62
       11,                     11.30,          3.29,       6.63,      66.30,    218.36                     10.73,          3.30,       4.24,      42.38,    139.70
       11,                     11.30,          3.29,       6.63,      66.29,    218.32                     10.73,          3.30,       4.24,      42.40,    139.75
       11,                     11.30,          3.29,       6.63,      66.29,    218.34                     10.73,          3.30,       4.24,      42.41,    139.77
       11,                     11.30,          3.29,       6.63,      66.32,    218.44                     10.73,          3.30,       4.24,      42.37,    139.65
       12,                     12.20,          3.29,       7.13,      71.27,    234.70                     11.65,          3.30,       4.76,      47.57,    156.79
       12,                     12.20,          3.29,       7.13,      71.27,    234.68                     11.65,          3.30,       4.76,      47.55,    156.74
       12,                     12.20,          3.29,       7.13,      71.29,    234.75                     11.65,          3.30,       4.76,      47.56,    156.76
       12,                     12.20,          3.29,       7.13,      71.28,    234.75                     11.65,          3.30,       4.76,      47.56,    156.76
       12,                     12.20,          3.29,       7.13,      71.27,    234.74                     11.65,          3.30,       4.76,      47.59,    156.85
       12,                     12.20,          3.29,       7.13,      71.29,    234.76                     11.65,          3.30,       4.76,      47.56,    156.76
       12,                     12.20,          3.29,       7.13,      71.27,    234.70                     11.65,          3.30,       4.76,      47.58,    156.83
       12,                     12.20,          3.29,       7.13,      71.25,    234.64                     11.27,          3.30,       4.76,      47.56,    156.77
       12,                     11.82,          3.29,       7.13,      71.27,    234.69                     11.27,          3.30,       4.76,      47.56,    156.75
       12,                     11.81,          3.29,       7.13,      71.27,    234.71                     11.65,          3.30,       4.76,      47.58,    156.82
       13,                     13.17,          3.29,       7.71,      77.11,    253.86                     13.04,          3.30,       5.56,      55.60,    183.23
       13,                     13.17,          3.29,       7.71,      77.12,    253.89                     13.04,          3.30,       5.56,      55.62,    183.28
       13,                     13.16,          3.29,       7.71,      77.13,    253.93                     13.04,          3.30,       5.56,      55.59,    183.16
       13,                     13.16,          3.29,       7.71,      77.11,    253.87                     13.04,          3.30,       5.56,      55.60,    183.23
       13,                     13.16,          3.29,       7.71,      77.12,    253.91                     13.04,          3.30,       5.56,      55.59,    183.20
       13,                     13.16,          3.29,       7.71,      77.12,    253.90                     13.03,          3.30,       5.56,      55.59,    183.22
       13,                     13.16,          3.29,       7.71,      77.10,    253.84                     13.04,          3.30,       5.56,      55.61,    183.27
       13,                     13.16,          3.29,       7.71,      77.10,    253.84                     13.03,          3.30,       5.56,      55.62,    183.29
       13,                     13.16,          3.29,       7.71,      77.12,    253.91                     13.03,          3.30,       5.56,      55.58,    183.19
       13,                     13.16,          3.29,       7.71,      77.07,    253.78                     12.65,          3.30,       5.56,      55.61,    183.27
       14,                     14.01,          3.29,       8.19,      81.98,    269.87                     13.46,          3.30,       5.76,      57.64,    189.96
       14,                     13.63,          3.29,       8.20,      81.95,    269.78                     13.45,          3.30,       5.76,      57.60,    189.81
       14,                     13.63,          3.29,       8.20,      81.99,    269.92                     13.46,          3.30,       5.76,      57.61,    189.86
       14,                     13.63,          3.29,       8.20,      81.96,    269.82                     13.45,          3.30,       5.76,      57.63,    189.90
       14,                     14.01,          3.29,       8.20,      81.96,    269.83                     13.84,          3.30,       5.76,      57.60,    189.82
       14,                     14.01,          3.29,       8.19,      81.95,    269.79                     13.84,          3.30,       5.76,      57.63,    189.89
       14,                     14.01,          3.29,       8.19,      81.96,    269.81                     13.45,          3.30,       5.76,      57.62,    189.91
       14,                     14.01,          3.29,       8.20,      81.95,    269.78                     13.46,          3.30,       5.76,      57.62,    189.90
       14,                     13.63,          3.29,       8.20,      81.98,    269.88                     13.46,          3.30,       5.76,      57.61,    189.87
       14,                     13.61,          3.29,       8.19,      81.98,    269.91                     13.84,          3.30,       5.76,      57.60,    189.82
       15,                     14.48,          3.29,       8.64,      86.40,    284.43                     13.95,          3.29,       6.38,      63.79,    210.20
       15,                     14.87,          3.29,       8.64,      86.37,    284.35                     14.35,          3.29,       6.38,      63.77,    210.11
       15,                     14.87,          3.29,       8.64,      86.37,    284.32                     14.35,          3.29,       6.38,      63.76,    210.05
       15,                     14.87,          3.29,       8.64,      86.39,    284.39                     14.35,          3.29,       6.38,      63.76,    210.06
       15,                     14.87,          3.29,       8.64,      86.37,    284.33                     13.96,          3.29,       6.38,      63.77,    210.08
       15,                     14.87,          3.29,       8.64,      86.35,    284.27                     14.35,          3.29,       6.38,      63.75,    210.02
       15,                     14.87,          3.29,       8.64,      86.39,    284.41                     14.35,          3.29,       6.38,      63.77,    210.10
       15,                     14.87,          3.29,       8.64,      86.40,    284.42                     14.35,          3.29,       6.38,      63.79,    210.16
       15,                     14.87,          3.29,       8.64,      86.38,    284.37                     13.95,          3.29,       6.38,      63.78,    210.12
       15,                     14.87,          3.29,       8.64,      86.38,    284.38                     13.95,          3.29,       6.37,      63.74,    210.01
       16,                     15.85,          3.29,       9.16,      91.62,    301.62                     15.69,          3.29,       7.40,      74.02,    243.75
       16,                     15.84,          3.29,       9.16,      91.60,    301.54                     15.69,          3.29,       7.40,      74.05,    243.81
       16,                     15.84,          3.29,       9.16,      91.62,    301.58                     15.31,          3.29,       7.40,      74.02,    243.72
       16,                     15.45,          3.29,       9.16,      91.61,    301.56                     15.30,          3.29,       7.41,      74.01,    243.70
       16,                     15.45,          3.29,       9.16,      91.59,    301.52                     15.30,          3.29,       7.40,      74.00,    243.66
       16,                     15.45,          3.29,       9.16,      91.59,    301.51                     15.30,          3.29,       7.40,      74.00,    243.68
       16,                     15.83,          3.29,       9.16,      91.60,    301.55                     15.30,          3.29,       7.40,      74.02,    243.74
       16,                     15.46,          3.29,       9.16,      91.59,    301.50                     15.34,          3.29,       7.40,      74.03,    243.79
       16,                     15.48,          3.29,       9.16,      91.60,    301.54                     15.69,          3.29,       7.40,      74.03,    243.75
       16,                     15.83,          3.29,       9.16,      91.61,    301.59                     15.31,          3.29,       7.40,      74.02,    243.76
       17,                     16.42,          3.29,       9.71,      97.10,    319.62                     16.41,          3.29,       7.53,      75.35,    248.11
       17,                     16.80,          3.29,       9.71,      97.03,    319.40                     16.78,          3.29,       7.53,      75.38,    248.24
       17,                     16.80,          3.29,       9.71,      97.07,    319.52                     16.78,          3.29,       7.54,      75.36,    248.12
       17,                     16.80,          3.29,       9.71,      97.07,    319.55                     16.78,          3.29,       7.54,      75.34,    248.07
       17,                     16.80,          3.29,       9.71,      97.08,    319.58                     16.39,          3.29,       7.54,      75.33,    248.05
       17,                     16.80,          3.29,       9.71,      97.07,    319.50                     16.78,          3.29,       7.54,      75.36,    248.15
       17,                     16.80,          3.29,       9.71,      97.06,    319.49                     16.78,          3.29,       7.54,      75.38,    248.20
       17,                     16.80,          3.29,       9.71,      97.07,    319.53                     16.78,          3.29,       7.54,      75.36,    248.12
       17,                     16.80,          3.29,       9.71,      97.11,    319.62                     16.41,          3.29,       7.54,      75.34,    248.05
       17,                     16.41,          3.29,       9.71,      97.03,    319.41                     16.78,          3.29,       7.54,      75.35,    248.10
       18,                     17.87,          3.29,      10.36,     103.63,    341.02                     17.56,          3.29,       8.34,      83.41,    274.60
       18,                     17.86,          3.29,      10.36,     103.63,    341.05                     17.56,          3.29,       8.34,      83.38,    274.51
       18,                     17.86,          3.29,      10.37,     103.66,    341.11                     17.56,          3.29,       8.34,      83.39,    274.54
       18,                     17.48,          3.29,      10.36,     103.65,    341.11                     17.56,          3.29,       8.34,      83.41,    274.59
       18,                     17.86,          3.29,      10.37,     103.64,    341.08                     17.56,          3.29,       8.34,      83.41,    274.59
       18,                     17.86,          3.29,      10.36,     103.65,    341.13                     17.17,          3.29,       8.34,      83.42,    274.65
       18,                     17.86,          3.29,      10.36,     103.63,    341.06                     17.56,          3.29,       8.34,      83.40,    274.55
       18,                     17.86,          3.29,      10.36,     103.62,    340.97                     17.56,          3.29,       8.34,      83.41,    274.61
       18,                     17.86,          3.29,      10.36,     103.64,    341.04                     17.56,          3.29,       8.34,      83.38,    274.49
       18,                     17.86,          3.29,      10.37,     103.65,    341.08                     17.56,          3.29,       8.34,      83.41,    274.60
       19,                     18.87,          3.29,      11.08,     110.83,    364.57                     18.26,          3.29,       9.68,      96.82,    318.71
       19,                     18.86,          3.29,      11.09,     110.83,    364.61                     18.65,          3.29,       9.69,      96.91,    319.04
       19,                     18.48,          3.29,      11.09,     110.82,    364.60                     18.26,          3.29,       9.69,      96.85,    318.80
       19,                     18.86,          3.29,      11.09,     110.86,    364.70                     18.26,          3.29,       9.69,      96.87,    318.87
       19,                     18.86,          3.29,      11.09,     110.82,    364.57                     18.65,          3.29,       9.69,      96.86,    318.84
       19,                     18.86,          3.29,      11.09,     110.84,    364.63                     18.65,          3.29,       9.69,      96.86,    318.83
       19,                     18.48,          3.29,      11.08,     110.84,    364.60                     18.27,          3.29,       9.69,      96.92,    319.05
       19,                     18.86,          3.29,      11.09,     110.85,    364.63                     18.65,          3.29,       9.68,      96.80,    318.67
       19,                     18.86,          3.29,      11.08,     110.84,    364.62                     18.25,          3.29,       9.69,      96.85,    318.81
       19,                     18.86,          3.29,      11.09,     110.84,    364.65                     18.65,          3.29,       9.69,      96.87,    318.87
       20,                     19.75,          3.29,      11.82,     118.21,    388.77                     19.65,          3.29,      10.87,     108.66,    357.57
       20,                     19.36,          3.29,      11.82,     118.18,    388.64                     19.65,          3.29,      10.86,     108.58,    357.35
       20,                     19.74,          3.29,      11.82,     118.20,    388.72                     19.65,          3.29,      10.86,     108.64,    357.51
       20,                     19.74,          3.29,      11.82,     118.19,    388.63                     19.65,          3.29,      10.86,     108.63,    357.48
       20,                     19.74,          3.29,      11.82,     118.18,    388.66                     19.25,          3.29,      10.86,     108.58,    357.30
       20,                     19.35,          3.29,      11.82,     118.21,    388.78                     19.28,          3.29,      10.86,     108.58,    357.32
       20,                     19.36,          3.29,      11.82,     118.21,    388.78                     19.25,          3.29,      10.86,     108.59,    357.34
       20,                     19.37,          3.29,      11.82,     118.14,    388.52                     19.25,          3.29,      10.86,     108.59,    357.33
       20,                     19.36,          3.29,      11.82,     118.18,    388.64                     19.27,          3.29,      10.86,     108.60,    357.39
       20,                     19.74,          3.29,      11.82,     118.19,    388.69                     19.64,          3.29,      10.86,     108.59,    357.38
       21,                     20.11,          3.29,      12.54,     125.38,    412.27                     20.39,          3.29,      12.29,     122.88,    404.10
       21,                     20.49,          3.29,      12.54,     125.35,    412.18                     20.00,          3.29,      12.29,     122.90,    404.12
       21,                     20.11,          3.29,      12.54,     125.37,    412.24                     20.02,          3.29,      12.29,     122.88,    404.09
       21,                     20.11,          3.29,      12.54,     125.37,    412.24                     20.01,          3.29,      12.29,     122.88,    404.06
       21,                     20.49,          3.29,      12.54,     125.37,    412.21                     20.01,          3.29,      12.29,     122.86,    404.01
       21,                     20.49,          3.29,      12.54,     125.31,    412.05                     19.99,          3.29,      12.29,     122.89,    404.09
       21,                     20.09,          3.29,      12.53,     125.30,    411.99                     19.99,          3.29,      12.28,     122.83,    403.90
       21,                     20.49,          3.29,      12.53,     125.34,    412.11                     20.39,          3.29,      12.29,     122.85,    403.95
       21,                     20.48,          3.29,      12.53,     125.33,    412.10                     20.39,          3.29,      12.29,     122.85,    403.97
       21,                     20.48,          3.29,      12.53,     125.31,    412.00                     20.39,          3.29,      12.29,     122.87,    404.04
       22,                     21.09,          3.29,      13.36,     133.51,    438.98                     21.09,          3.29,      13.36,     133.53,    439.05
       22,                     21.09,          3.29,      13.36,     133.56,    439.14                     21.09,          3.29,      13.36,     133.52,    439.01
       22,                     21.09,          3.29,      13.36,     133.55,    439.09                     21.09,          3.29,      13.36,     133.54,    439.08
       22,                     21.09,          3.29,      13.36,     133.53,    439.03                     21.09,          3.29,      13.35,     133.52,    439.01
       22,                     21.09,          3.29,      13.35,     133.54,    439.07                     21.09,          3.29,      13.36,     133.54,    439.06
       22,                     21.08,          3.29,      13.36,     133.52,    438.99                     20.70,          3.29,      13.36,     133.54,    439.08
       22,                     20.69,          3.29,      13.35,     133.52,    438.99                     21.08,          3.29,      13.35,     133.52,    439.01
       22,                     20.69,          3.29,      13.35,     133.54,    439.08                     20.69,          3.29,      13.36,     133.52,    439.00
       22,                     21.08,          3.29,      13.36,     133.56,    439.12                     21.08,          3.29,      13.35,     133.52,    439.00
       22,                     21.08,          3.29,      13.36,     133.53,    439.05                     21.08,          3.29,      13.36,     133.54,    439.07

