[Radio] Initializing ... success!
Connected to RF power monitor: Rohde&Schwarz,FPC1500,1328.6660K03/205785,V1.80
Connected to DC power monitor: radiolib-org,DCpowerMon,070dd3d
setCurrentLimit, code 0

Set [dBm],paDutyCycle,hpMax,Measured [dBm],Bus voltage[V],Voltage[mV],Current[mA],Power [mW],Efficiency [%]
       -9,          1,    1,        -17.08,          3.50,       0.95,       9.49,     33.27,          0.23
       -9,          1,    2,        -14.57,          3.50,       1.07,      10.65,     37.31,          0.28
       -9,          1,    3,        -13.68,          3.50,       1.16,      11.60,     40.63,          0.27
       -9,          1,    4,        -13.17,          3.50,       1.24,      12.38,     43.38,          0.26
       -9,          1,    5,        -12.84,          3.50,       1.32,      13.17,     46.15,          0.24
       -9,          1,    6,        -12.59,          3.50,       1.39,      13.89,     48.65,          0.23
       -9,          1,    7,        -12.33,          3.50,       1.47,      14.66,     51.35,          0.22
       -9,          2,    1,        -16.48,          3.50,       0.97,       9.67,     33.88,          0.25
       -9,          2,    2,        -14.10,          3.50,       1.09,      10.90,     38.19,          0.29
       -9,          2,    3,        -13.20,          3.50,       1.19,      11.88,     41.64,          0.28
       -9,          2,    4,        -12.65,          3.50,       1.28,      12.76,     44.72,          0.27
       -9,          2,    5,        -12.24,          3.50,       1.36,      13.60,     47.64,          0.26
       -9,          2,    6,        -11.94,          3.50,       1.44,      14.41,     50.48,          0.25
       -9,          2,    7,        -11.66,          3.50,       1.52,      15.22,     53.33,          0.24
       -9,          3,    1,        -15.93,          3.50,       0.99,       9.91,     34.73,          0.26
       -9,          3,    2,        -13.51,          3.50,       1.13,      11.31,     39.62,          0.30
       -9,          3,    3,        -12.49,          3.50,       1.24,      12.43,     43.54,          0.30
       -9,          3,    4,        -11.85,          3.50,       1.34,      13.41,     46.96,          0.29
       -9,          3,    5,        -11.72,          3.50,       1.44,      14.33,     50.19,          0.26
       -9,          3,    6,        -11.38,          3.50,       1.52,      15.24,     53.39,          0.25
       -9,          3,    7,        -11.06,          3.50,       1.61,      16.04,     56.19,          0.25
       -9,          4,    1,        -15.84,          3.50,       1.02,      10.14,     35.54,          0.24
       -9,          4,    2,        -13.35,          3.50,       1.18,      11.76,     41.20,          0.28
       -9,          4,    3,        -11.87,          3.50,       1.30,      13.02,     45.61,          0.31
       -9,          4,    4,        -11.19,          3.50,       1.41,      14.06,     49.27,          0.31
       -9,          4,    5,        -10.76,          3.50,       1.51,      15.04,     52.71,          0.30
       -9,          4,    6,        -10.44,          3.50,       1.59,      15.91,     55.74,          0.29
       -9,          4,    7,        -10.19,          3.50,       1.67,      16.73,     58.59,          0.28
       -8,          1,    1,        -15.82,          3.50,       0.98,       9.78,     34.27,          0.28
       -8,          1,    2,        -13.31,          3.50,       1.11,      11.06,     38.74,          0.34
       -8,          1,    3,        -12.45,          3.50,       1.20,      11.95,     41.88,          0.33
       -8,          1,    4,        -11.96,          3.50,       1.28,      12.80,     44.86,          0.32
       -8,          1,    5,        -11.64,          3.50,       1.36,      13.62,     47.71,          0.30
       -8,          1,    6,        -11.40,          3.50,       1.43,      14.34,     50.25,          0.29
       -8,          1,    7,        -11.17,          3.50,       1.51,      15.10,     52.91,          0.27
       -8,          2,    1,        -15.21,          3.50,       1.00,       9.97,     34.93,          0.30
       -8,          2,    2,        -12.83,          3.50,       1.14,      11.32,     39.66,          0.35
       -8,          2,    3,        -11.94,          3.50,       1.24,      12.33,     43.20,          0.35
       -8,          2,    4,        -11.42,          3.50,       1.33,      13.24,     46.39,          0.33
       -8,          2,    5,        -11.03,          3.50,       1.41,      14.10,     49.42,          0.32
       -8,          2,    6,        -10.73,          3.50,       1.49,      14.92,     52.27,          0.31
       -8,          2,    7,        -10.47,          3.50,       1.57,      15.72,     55.07,          0.30
       -8,          3,    1,        -14.66,          3.50,       1.02,      10.24,     35.87,          0.31
       -8,          3,    2,        -12.24,          3.50,       1.18,      11.76,     41.19,          0.36
       -8,          3,    3,        -11.23,          3.50,       1.30,      12.95,     45.37,          0.37
       -8,          3,    4,        -10.61,          3.50,       1.40,      13.95,     48.89,          0.36
       -8,          3,    5,        -10.14,          3.50,       1.50,      14.98,     52.49,          0.35
       -8,          3,    6,         -9.80,          3.50,       1.59,      15.85,     55.55,          0.34
       -8,          3,    7,         -9.51,          3.50,       1.67,      16.70,     58.51,          0.33
       -8,          4,    1,        -14.23,          3.50,       1.05,      10.53,     36.89,          0.31
       -8,          4,    2,        -12.02,          3.50,       1.23,      12.30,     43.11,          0.34
       -8,          4,    3,        -10.59,          3.50,       1.36,      13.66,     47.84,          0.38
       -8,          4,    4,         -9.93,          3.50,       1.48,      14.78,     51.77,          0.38
       -8,          4,    5,         -9.51,          3.50,       1.58,      15.74,     55.16,          0.37
       -8,          4,    6,         -9.20,          3.50,       1.67,      16.65,     58.34,          0.36
       -8,          4,    7,         -8.96,          3.50,       1.75,      17.51,     61.33,          0.35
       -7,          1,    1,        -14.75,          3.50,       1.00,      10.02,     35.11,          0.32
       -7,          1,    2,        -12.23,          3.50,       1.14,      11.43,     40.05,          0.39
       -7,          1,    3,        -11.38,          3.50,       1.24,      12.36,     43.30,          0.39
       -7,          1,    4,        -10.91,          3.50,       1.32,      13.22,     46.33,          0.38
       -7,          1,    5,        -10.61,          3.50,       1.40,      13.99,     49.03,          0.36
       -7,          1,    6,        -10.38,          3.50,       1.48,      14.77,     51.76,          0.34
       -7,          1,    7,        -10.16,          3.50,       1.55,      15.54,     54.44,          0.32
       -7,          2,    1,        -14.12,          3.50,       1.03,      10.28,     36.01,          0.34
       -7,          2,    2,        -11.75,          3.50,       1.17,      11.72,     41.07,          0.41
       -7,          2,    3,        -10.91,          3.50,       1.28,      12.77,     44.74,          0.41
       -7,          2,    4,        -10.64,          3.50,       1.37,      13.69,     47.94,          0.37
       -7,          2,    5,        -10.34,          3.50,       1.46,      14.60,     51.15,          0.35
       -7,          2,    6,         -9.69,          3.50,       1.54,      15.43,     54.06,          0.37
       -7,          2,    7,         -9.44,          3.50,       1.62,      16.25,     56.91,          0.35
       -7,          3,    1,        -13.56,          3.50,       1.06,      10.55,     36.97,          0.36
       -7,          3,    2,        -11.15,          3.50,       1.22,      12.21,     42.79,          0.42
       -7,          3,    3,        -10.15,          3.50,       1.34,      13.42,     47.03,          0.43
       -7,          3,    4,         -9.54,          3.50,       1.46,      14.55,     50.96,          0.42
       -7,          3,    5,         -9.08,          3.50,       1.56,      15.55,     54.47,          0.42
       -7,          3,    6,         -8.75,          3.50,       1.65,      16.50,     57.78,          0.40
       -7,          3,    7,         -8.86,          3.50,       1.73,      17.31,     60.64,          0.36
       -7,          4,    1,        -13.09,          3.50,       1.09,      10.91,     38.23,          0.36
       -7,          4,    2,        -10.58,          3.50,       1.28,      12.83,     44.96,          0.43
       -7,          4,    3,         -9.51,          3.50,       1.42,      14.24,     49.88,          0.44
       -7,          4,    4,         -8.86,          3.50,       1.54,      15.44,     54.08,          0.44
       -7,          4,    5,         -8.45,          3.50,       1.65,      16.49,     57.77,          0.43
       -7,          4,    6,         -8.14,          3.50,       1.74,      17.37,     60.85,          0.42
       -7,          4,    7,         -7.91,          3.50,       1.83,      18.30,     64.11,          0.41
       -6,          1,    1,        -13.78,          3.50,       1.03,      10.27,     35.98,          0.38
       -6,          1,    2,        -11.27,          3.50,       1.18,      11.77,     41.24,          0.46
       -6,          1,    3,        -10.44,          3.50,       1.28,      12.81,     44.87,          0.45
       -6,          1,    4,         -9.98,          3.50,       1.36,      13.61,     47.69,          0.44
       -6,          1,    5,         -9.68,          3.50,       1.45,      14.46,     50.66,          0.42
       -6,          1,    6,         -9.46,          3.50,       1.52,      15.23,     53.37,          0.40
       -6,          1,    7,         -9.25,          3.50,       1.60,      15.96,     55.93,          0.38
       -6,          2,    1,        -13.15,          3.50,       1.06,      10.58,     37.04,          0.40
       -6,          2,    2,        -10.78,          3.50,       1.21,      12.12,     42.47,          0.47
       -6,          2,    3,         -9.91,          3.50,       1.32,      13.22,     46.32,          0.47
       -6,          2,    4,         -9.68,          3.50,       1.41,      14.14,     49.55,          0.43
       -6,          2,    5,         -9.03,          3.50,       1.51,      15.11,     52.91,          0.44
       -6,          2,    6,         -8.76,          3.50,       1.59,      15.94,     55.84,          0.43
       -6,          2,    7,         -8.51,          3.50,       1.67,      16.74,     58.67,          0.42
       -6,          3,    1,        -12.59,          3.50,       1.09,      10.90,     38.19,          0.41
       -6,          3,    2,        -10.17,          3.50,       1.27,      12.68,     44.44,          0.49
       -6,          3,    3,         -9.18,          3.50,       1.40,      13.98,     48.99,          0.50
       -6,          3,    4,         -8.93,          3.50,       1.51,      15.11,     52.93,          0.45
       -6,          3,    5,         -8.13,          3.50,       1.62,      16.16,     56.62,          0.48
       -6,          3,    6,         -7.80,          3.50,       1.71,      17.09,     59.88,          0.47
       -6,          3,    7,         -7.54,          3.50,       1.80,      18.04,     63.20,          0.46
       -6,          4,    1,        -12.11,          3.50,       1.13,      11.35,     39.75,          0.41
       -6,          4,    2,         -9.59,          3.50,       1.34,      13.37,     46.86,          0.49
       -6,          4,    3,         -8.54,          3.50,       1.49,      14.87,     52.11,          0.51
       -6,          4,    4,         -8.25,          3.50,       1.61,      16.14,     56.54,          0.47
       -6,          4,    5,         -7.86,          3.50,       1.72,      17.17,     60.15,          0.46
       -6,          4,    6,         -7.18,          3.50,       1.82,      18.15,     63.58,          0.49
       -6,          4,    7,         -6.96,          3.50,       1.90,      19.03,     66.66,          0.48
       -5,          1,    1,        -12.14,          3.50,       1.08,      10.82,     37.89,          0.47
       -5,          1,    2,         -9.62,          3.50,       1.25,      12.50,     43.77,          0.58
       -5,          1,    3,         -8.88,          3.50,       1.36,      13.56,     47.51,          0.57
       -5,          1,    4,         -8.35,          3.50,       1.45,      14.46,     50.66,          0.57
       -5,          1,    5,         -8.38,          3.50,       1.53,      15.30,     53.59,          0.51
       -5,          1,    6,         -7.86,          3.50,       1.61,      16.09,     56.39,          0.52
       -5,          1,    7,         -7.67,          3.50,       1.68,      16.84,     59.00,          0.50
       -5,          2,    1,        -11.50,          3.50,       1.12,      11.26,     39.45,          0.48
       -5,          2,    2,         -9.11,          3.50,       1.29,      12.94,     45.34,          0.60
       -5,          2,    3,         -8.25,          3.50,       1.41,      14.10,     49.39,          0.61
       -5,          2,    4,         -7.76,          3.50,       1.51,      15.11,     52.92,          0.60
       -5,          2,    5,         -7.40,          3.50,       1.61,      16.11,     56.43,          0.58
       -5,          2,    6,         -7.14,          3.50,       1.69,      16.93,     59.31,          0.56
       -5,          2,    7,         -6.91,          3.50,       1.78,      17.82,     62.43,          0.54
       -5,          3,    1,        -10.92,          3.50,       1.16,      11.61,     40.68,          0.51
       -5,          3,    2,         -8.50,          3.50,       1.36,      13.58,     47.57,          0.62
       -5,          3,    3,         -7.52,          3.50,       1.50,      15.05,     52.74,          0.63
       -5,          3,    4,         -6.92,          3.50,       1.63,      16.22,     56.82,          0.63
       -5,          3,    5,         -6.49,          3.50,       1.73,      17.33,     60.72,          0.62
       -5,          3,    6,         -6.18,          3.50,       1.83,      18.36,     64.32,          0.61
       -5,          3,    7,         -6.05,          3.50,       1.93,      19.30,     67.62,          0.58
       -5,          4,    1,        -10.44,          3.50,       1.21,      12.08,     42.33,          0.51
       -5,          4,    2,         -7.92,          3.50,       1.44,      14.42,     50.54,          0.63
       -5,          4,    3,         -6.87,          3.50,       1.61,      16.08,     56.35,          0.65
       -5,          4,    4,         -6.23,          3.50,       1.74,      17.42,     61.03,          0.66
       -5,          4,    5,         -5.83,          3.50,       1.86,      18.60,     65.15,          0.65
       -5,          4,    6,         -5.54,          3.50,       1.96,      19.64,     68.78,          0.63
       -5,          4,    7,         -5.32,          3.50,       2.05,      20.52,     71.88,          0.62
       -4,          1,    1,        -11.44,          3.50,       1.11,      11.12,     38.95,          0.51
       -4,          1,    2,         -8.91,          3.50,       1.29,      12.86,     45.07,          0.64
       -4,          1,    3,         -8.09,          3.50,       1.39,      13.93,     48.82,          0.65
       -4,          1,    4,         -7.65,          3.50,       1.49,      14.85,     52.04,          0.63
       -4,          1,    5,         -7.38,          3.50,       1.57,      15.70,     54.99,          0.61
       -4,          1,    6,         -7.16,          3.50,       1.65,      16.49,     57.75,          0.58
       -4,          1,    7,         -6.98,          3.50,       1.73,      17.25,     60.44,          0.56
       -4,          2,    1,        -10.78,          3.50,       1.15,      11.50,     40.30,          0.54
       -4,          2,    2,         -8.39,          3.50,       1.33,      13.31,     46.62,          0.67
       -4,          2,    3,         -7.53,          3.50,       1.46,      14.57,     51.04,          0.67
       -4,          2,    4,         -7.05,          3.50,       1.56,      15.54,     54.47,          0.67
       -4,          2,    5,         -6.70,          3.50,       1.65,      16.54,     57.95,          0.65
       -4,          2,    6,         -6.44,          3.50,       1.74,      17.40,     60.94,          0.63
       -4,          2,    7,         -6.21,          3.50,       1.84,      18.37,     64.35,          0.61
       -4,          3,    1,        -10.23,          3.50,       1.20,      11.96,     41.89,          0.55
       -4,          3,    2,         -7.77,          3.50,       1.40,      14.03,     49.16,          0.69
       -4,          3,    3,         -6.80,          3.50,       1.55,      15.54,     54.43,          0.71
       -4,          3,    4,         -6.21,          3.50,       1.68,      16.75,     58.69,          0.71
       -4,          3,    5,         -5.78,          3.50,       1.80,      17.96,     62.92,          0.69
       -4,          3,    6,         -5.47,          3.50,       1.90,      19.00,     66.54,          0.68
       -4,          3,    7,         -5.22,          3.50,       2.00,      20.00,     70.04,          0.67
       -4,          4,    1,         -9.72,          3.50,       1.24,      12.44,     43.59,          0.56
       -4,          4,    2,         -7.55,          3.50,       1.50,      14.95,     52.38,          0.63
       -4,          4,    3,         -6.15,          3.50,       1.67,      16.69,     58.47,          0.72
       -4,          4,    4,         -5.52,          3.50,       1.81,      18.12,     63.47,          0.72
       -4,          4,    5,         -5.11,          3.50,       1.93,      19.31,     67.66,          0.72
       -4,          4,    6,         -4.82,          3.50,       2.03,      20.32,     71.18,          0.71
       -4,          4,    7,         -4.61,          3.50,       2.13,      21.32,     74.67,          0.69
       -3,          1,    1,        -10.79,          3.50,       1.14,      11.39,     39.91,          0.56
       -3,          1,    2,         -8.57,          3.50,       1.32,      13.22,     46.32,          0.65
       -3,          1,    3,         -7.43,          3.50,       1.43,      14.33,     50.20,          0.71
       -3,          1,    4,         -7.31,          3.50,       1.53,      15.25,     53.43,          0.65
       -3,          1,    5,         -6.72,          3.50,       1.62,      16.14,     56.56,          0.67
       -3,          1,    6,         -6.52,          3.50,       1.69,      16.89,     59.15,          0.65
       -3,          1,    7,         -6.37,          3.50,       1.77,      17.72,     62.07,          0.62
       -3,          2,    1,        -10.13,          3.50,       1.18,      11.78,     41.28,          0.59
       -3,          2,    2,         -7.73,          3.50,       1.37,      13.70,     47.99,          0.73
       -3,          2,    3,         -6.87,          3.50,       1.50,      15.01,     52.58,          0.74
       -3,          2,    4,         -6.40,          3.50,       1.60,      16.02,     56.11,          0.74
       -3,          2,    5,         -6.04,          3.50,       1.70,      17.01,     59.58,          0.72
       -3,          2,    6,         -5.79,          3.50,       1.79,      17.95,     62.90,          0.69
       -3,          2,    7,         -5.56,          3.50,       1.89,      18.87,     66.10,          0.68
       -3,          3,    1,         -9.54,          3.50,       1.23,      12.26,     42.96,          0.61
       -3,          3,    2,         -7.41,          3.50,       1.45,      14.51,     50.84,          0.69
       -3,          3,    3,         -6.13,          3.50,       1.61,      16.09,     56.36,          0.77
       -3,          3,    4,         -5.55,          3.50,       1.73,      17.33,     60.71,          0.77
       -3,          3,    5,         -5.47,          3.50,       1.86,      18.57,     65.06,          0.70
       -3,          3,    6,         -4.81,          3.50,       1.96,      19.64,     68.81,          0.75
       -3,          3,    7,         -4.56,          3.50,       2.06,      20.60,     72.16,          0.74
       -3,          4,    1,         -9.06,          3.50,       1.28,      12.84,     44.99,          0.61
       -3,          4,    2,         -6.53,          3.50,       1.55,      15.43,     54.07,          0.76
       -3,          4,    3,         -5.48,          3.50,       1.72,      17.25,     60.45,          0.79
       -3,          4,    4,         -4.85,          3.50,       1.87,      18.76,     65.72,          0.80
       -3,          4,    5,         -4.67,          3.50,       2.00,      20.01,     70.11,          0.75
       -3,          4,    6,         -4.16,          3.50,       2.11,      21.07,     73.78,          0.78
       -3,          4,    7,         -3.95,          3.50,       2.20,      22.04,     77.20,          0.77
       -2,          1,    1,         -9.62,          3.50,       1.19,      11.90,     41.69,          0.65
       -2,          1,    2,         -7.07,          3.50,       1.39,      13.88,     48.62,          0.83
       -2,          1,    3,         -6.24,          3.50,       1.51,      15.12,     52.99,          0.85
       -2,          1,    4,         -6.18,          3.50,       1.61,      16.06,     56.27,          0.77
       -2,          1,    5,         -5.56,          3.50,       1.69,      16.95,     59.36,          0.81
       -2,          1,    6,         -5.35,          3.50,       1.78,      17.77,     62.25,          0.78
       -2,          1,    7,         -5.18,          3.50,       1.86,      18.61,     65.18,          0.75
       -2,          2,    1,         -8.95,          3.50,       1.24,      12.39,     43.41,          0.69
       -2,          2,    2,         -6.53,          3.50,       1.45,      14.52,     50.89,          0.86
       -2,          2,    3,         -5.68,          3.50,       1.58,      15.84,     55.48,          0.89
       -2,          2,    4,         -5.49,          3.50,       1.69,      16.91,     59.24,          0.82
       -2,          2,    5,         -4.86,          3.50,       1.80,      18.01,     63.09,          0.86
       -2,          2,    6,         -4.61,          3.50,       1.90,      18.95,     66.39,          0.84
       -2,          2,    7,         -4.38,          3.50,       1.99,      19.90,     69.71,          0.81
       -2,          3,    1,         -8.37,          3.50,       1.30,      12.97,     45.44,          0.71
       -2,          3,    2,         -5.91,          3.50,       1.54,      15.39,     53.91,          0.88
       -2,          3,    3,         -4.93,          3.50,       1.70,      17.04,     59.70,          0.92
       -2,          3,    4,         -4.35,          3.50,       1.84,      18.43,     64.56,          0.92
       -2,          3,    5,         -4.30,          3.50,       1.98,      19.74,     69.14,          0.84
       -2,          3,    6,         -3.64,          3.50,       2.08,      20.79,     72.82,          0.90
       -2,          3,    7,         -3.38,          3.50,       2.19,      21.87,     76.60,          0.89
       -2,          4,    1,         -7.92,          3.50,       1.36,      13.57,     47.55,          0.71
       -2,          4,    2,         -5.32,          3.50,       1.65,      16.51,     57.83,          0.89
       -2,          4,    3,         -4.27,          3.50,       1.85,      18.50,     64.80,          0.94
       -2,          4,    4,         -3.80,          3.50,       2.01,      20.06,     70.27,          0.92
       -2,          4,    5,         -3.25,          3.50,       2.14,      21.39,     74.94,          0.94
       -2,          4,    6,         -2.96,          3.50,       2.25,      22.48,     78.73,          0.94
       -2,          4,    7,         -2.76,          3.50,       2.35,      23.52,     82.36,          0.92
       -1,          1,    1,         -8.64,          3.50,       1.24,      12.35,     43.28,          0.74
       -1,          1,    2,         -6.06,          3.50,       1.46,      14.62,     51.20,          0.94
       -1,          1,    3,         -5.23,          3.50,       1.58,      15.84,     55.51,          0.98
       -1,          1,    4,         -4.81,          3.50,       1.68,      16.80,     58.87,          0.97
       -1,          1,    5,         -4.91,          3.50,       1.77,      17.73,     62.12,          0.87
       -1,          1,    6,         -4.72,          3.50,       1.86,      18.58,     65.10,          0.84
       -1,          1,    7,         -4.19,          3.50,       1.95,      19.46,     68.19,          0.88
       -1,          2,    1,         -7.96,          3.50,       1.29,      12.96,     45.39,          0.78
       -1,          2,    2,         -5.52,          3.50,       1.52,      15.23,     53.34,          0.98
       -1,          2,    3,         -4.66,          3.50,       1.67,      16.68,     58.44,          1.02
       -1,          2,    4,         -4.19,          3.50,       1.78,      17.82,     62.42,          1.01
       -1,          2,    5,         -3.85,          3.50,       1.89,      18.93,     66.29,          0.99
       -1,          2,    6,         -3.87,          3.50,       1.99,      19.94,     69.83,          0.91
       -1,          2,    7,         -3.39,          3.50,       2.08,      20.85,     73.00,          0.95
       -1,          3,    1,         -7.37,          3.50,       1.36,      13.58,     47.58,          0.81
       -1,          3,    2,         -4.89,          3.50,       1.63,      16.25,     56.93,          1.01
       -1,          3,    3,         -4.22,          3.50,       1.81,      18.06,     63.27,          0.99
       -1,          3,    4,         -3.34,          3.50,       1.95,      19.52,     68.37,          1.07
       -1,          3,    5,         -2.92,          3.50,       2.08,      20.82,     72.91,          1.06
       -1,          3,    6,         -2.64,          3.50,       2.20,      22.00,     77.06,          1.04
       -1,          3,    7,         -2.73,          3.50,       2.31,      23.10,     80.90,          0.95
       -1,          4,    1,         -6.88,          3.50,       1.43,      14.26,     49.97,          0.81
       -1,          4,    2,         -4.31,          3.50,       1.74,      17.42,     61.01,          1.02
       -1,          4,    3,         -3.25,          3.50,       1.97,      19.66,     68.85,          1.07
       -1,          4,    4,         -2.63,          3.50,       2.13,      21.32,     74.65,          1.09
       -1,          4,    5,         -2.23,          3.50,       2.27,      22.68,     79.44,          1.09
       -1,          4,    6,         -1.94,          3.50,       2.39,      23.89,     83.66,          1.08
       -1,          4,    7,         -1.74,          3.50,       2.50,      24.98,     87.47,          1.07
        0,          1,    1,         -7.75,          3.50,       1.29,      12.90,     45.19,          0.83
        0,          1,    2,         -5.13,          3.50,       1.53,      15.29,     53.57,          1.07
        0,          1,    3,         -4.30,          3.50,       1.66,      16.62,     58.23,          1.11
        0,          1,    4,         -4.20,          3.50,       1.76,      17.62,     61.71,          1.03
        0,          1,    5,         -3.63,          3.50,       1.86,      18.58,     65.09,          1.08
        0,          1,    6,         -3.44,          3.50,       1.94,      19.44,     68.08,          1.05
        0,          1,    7,         -3.62,          3.50,       2.03,      20.26,     70.96,          0.94
        0,          2,    1,         -7.07,          3.50,       1.35,      13.49,     47.26,          0.88
        0,          2,    2,         -4.60,          3.50,       1.60,      16.03,     56.15,          1.11
        0,          2,    3,         -3.73,          3.50,       1.75,      17.49,     61.27,          1.16
        0,          2,    4,         -3.27,          3.50,       1.87,      18.69,     65.48,          1.16
        0,          2,    5,         -2.93,          3.50,       1.99,      19.90,     69.70,          1.14
        0,          2,    6,         -2.68,          3.50,       2.09,      20.85,     73.04,          1.12
        0,          2,    7,         -2.47,          3.50,       2.19,      21.86,     76.57,          1.10
        0,          3,    1,         -6.55,          3.50,       1.42,      14.19,     49.70,          0.89
        0,          3,    2,         -3.97,          3.50,       1.71,      17.10,     59.90,          1.14
        0,          3,    3,         -2.99,          3.50,       1.90,      19.05,     66.74,          1.20
        0,          3,    4,         -2.41,          3.50,       2.05,      20.53,     71.90,          1.22
        0,          3,    5,         -2.01,          3.50,       2.20,      21.99,     77.00,          1.21
        0,          3,    6,         -1.69,          3.50,       2.32,      23.22,     81.32,          1.20
        0,          3,    7,         -1.45,          3.50,       2.43,      24.33,     85.21,          1.18
        0,          4,    1,         -5.98,          3.50,       1.50,      15.03,     52.66,          0.91
        0,          4,    2,         -3.39,          3.50,       1.85,      18.48,     64.73,          1.15
        0,          4,    3,         -2.32,          3.50,       2.07,      20.76,     72.70,          1.22
        0,          4,    4,         -1.69,          3.50,       2.26,      22.56,     79.01,          1.25
        0,          4,    5,         -1.30,          3.50,       2.40,      24.03,     84.13,          1.25
        0,          4,    6,         -1.24,          3.50,       2.54,      25.36,     88.79,          1.17
        0,          4,    7,         -0.81,          3.50,       2.65,      26.48,     92.70,          1.22
        1,          1,    1,         -7.25,          3.50,       1.34,      13.35,     46.76,          0.86
        1,          1,    2,         -4.31,          3.50,       1.60,      15.95,     55.88,          1.19
        1,          1,    3,         -3.56,          3.50,       1.73,      17.32,     60.67,          1.23
        1,          1,    4,         -3.11,          3.50,       1.84,      18.42,     64.52,          1.23
        1,          1,    5,         -2.90,          3.50,       1.94,      19.39,     67.91,          1.19
        1,          1,    6,         -2.81,          3.50,       2.02,      20.26,     70.97,          1.14
        1,          1,    7,         -2.45,          3.50,       2.11,      21.14,     74.03,          1.16
        1,          2,    1,         -6.60,          3.50,       1.40,      14.04,     49.18,          0.90
        1,          2,    2,         -3.98,          3.50,       1.68,      16.74,     58.66,          1.18
        1,          2,    3,         -3.23,          3.50,       1.84,      18.38,     64.41,          1.20
        1,          2,    4,         -2.79,          3.50,       1.96,      19.59,     68.63,          1.20
        1,          2,    5,         -2.46,          3.50,       2.08,      20.76,     72.72,          1.18
        1,          2,    6,         -2.22,          3.50,       2.18,      21.82,     76.44,          1.16
        1,          2,    7,         -2.02,          3.50,       2.29,      22.88,     80.14,          1.14
        1,          3,    1,         -6.01,          3.50,       1.48,      14.83,     51.94,          0.92
        1,          3,    2,         -3.14,          3.50,       1.80,      17.99,     63.02,          1.27
        1,          3,    3,         -2.15,          3.50,       2.00,      20.03,     70.15,          1.34
        1,          3,    4,         -1.58,          3.50,       2.16,      21.60,     75.66,          1.37
        1,          3,    5,         -1.16,          3.50,       2.31,      23.09,     80.85,          1.36
        1,          3,    6,         -0.86,          3.50,       2.44,      24.39,     85.39,          1.35
        1,          3,    7,         -0.62,          3.50,       2.56,      25.59,     89.59,          1.34
        1,          4,    1,         -5.19,          3.50,       1.57,      15.70,     55.01,          1.00
        1,          4,    2,         -2.56,          3.50,       1.94,      19.42,     68.02,          1.29
        1,          4,    3,         -1.49,          3.50,       2.19,      21.92,     76.76,          1.37
        1,          4,    4,         -0.86,          3.50,       2.38,      23.81,     83.39,          1.40
        1,          4,    5,         -0.71,          3.50,       2.54,      25.39,     88.89,          1.33
        1,          4,    6,         -0.18,          3.50,       2.67,      26.73,     93.58,          1.40
        1,          4,    7,          0.03,          3.50,       2.79,      27.85,     97.51,          1.39
        2,          1,    1,         -6.32,          3.50,       1.41,      14.08,     49.32,          0.96
        2,          1,    2,         -3.22,          3.50,       1.69,      16.92,     59.27,          1.39
        2,          1,    3,         -2.36,          3.50,       1.85,      18.49,     64.79,          1.46
        2,          1,    4,         -2.30,          3.50,       1.96,      19.59,     68.60,          1.35
        2,          1,    5,         -1.70,          3.50,       2.06,      20.57,     72.03,          1.44
        2,          1,    6,         -1.51,          3.50,       2.15,      21.49,     75.27,          1.40
        2,          1,    7,         -1.35,          3.50,       2.24,      22.37,     78.34,          1.37
        2,          2,    1,         -5.24,          3.50,       1.49,      14.88,     52.12,          1.10
        2,          2,    2,         -2.67,          3.50,       1.79,      17.88,     62.65,          1.43
        2,          2,    3,         -2.00,          3.50,       1.96,      19.61,     68.68,          1.44
        2,          2,    4,         -1.32,          3.50,       2.09,      20.87,     73.09,          1.53
        2,          2,    5,         -0.99,          3.50,       2.21,      22.14,     77.54,          1.51
        2,          2,    6,         -0.75,          3.50,       2.33,      23.25,     81.43,          1.49
        2,          2,    7,         -0.54,          3.50,       2.43,      24.31,     85.14,          1.47
        2,          3,    1,         -4.63,          3.50,       1.57,      15.73,     55.10,          1.14
        2,          3,    2,         -2.04,          3.50,       1.92,      19.19,     67.24,          1.48
        2,          3,    3,         -1.04,          3.50,       2.14,      21.42,     75.02,          1.57
        2,          3,    4,         -0.68,          3.50,       2.32,      23.17,     81.15,          1.52
        2,          3,    5,         -0.06,          3.50,       2.48,      24.79,     86.81,          1.59
        2,          3,    6,          0.24,          3.50,       2.61,      26.11,     91.43,          1.59
        2,          3,    7,          0.48,          3.50,       2.74,      27.36,     95.80,          1.58
        2,          4,    1,         -4.13,          3.50,       1.67,      16.68,     58.44,          1.14
        2,          4,    2,         -1.46,          3.50,       2.08,      20.83,     72.95,          1.48
        2,          4,    3,         -0.38,          3.50,       2.35,      23.55,     82.48,          1.59
        2,          4,    4,          0.17,          3.50,       2.56,      25.65,     89.82,          1.60
        2,          4,    5,          0.66,          3.50,       2.73,      27.31,     95.63,          1.64
        2,          4,    6,          0.63,          3.50,       2.88,      28.80,    100.82,          1.52
        2,          4,    7,          1.15,          3.50,       3.00,      29.94,    104.83,          1.63
        3,          1,    1,         -5.34,          3.50,       1.46,      14.55,     50.99,          1.12
        3,          1,    2,         -2.57,          3.50,       1.76,      17.58,     61.58,          1.51
        3,          1,    3,         -1.70,          3.50,       1.92,      19.21,     67.29,          1.60
        3,          1,    4,         -1.50,          3.50,       2.03,      20.33,     71.19,          1.53
        3,          1,    5,         -1.03,          3.50,       2.14,      21.38,     74.87,          1.58
        3,          1,    6,         -0.85,          3.50,       2.23,      22.28,     78.04,          1.55
        3,          1,    7,         -0.69,          3.50,       2.32,      23.23,     81.34,          1.51
        3,          2,    1,         -4.63,          3.50,       1.54,      15.39,     53.91,          1.19
        3,          2,    2,         -2.01,          3.50,       1.86,      18.61,     65.19,          1.56
        3,          2,    3,         -1.12,          3.50,       2.04,      20.39,     71.41,          1.66
        3,          2,    4,         -0.97,          3.50,       2.17,      21.74,     76.13,          1.56
        3,          2,    5,         -0.33,          3.50,       2.31,      23.06,     80.76,          1.66
        3,          2,    6,         -0.09,          3.50,       2.42,      24.15,     84.55,          1.64
        3,          2,    7,          0.12,          3.50,       2.53,      25.29,     88.55,          1.62
        3,          3,    1,         -4.02,          3.50,       1.63,      16.33,     57.21,          1.22
        3,          3,    2,         -1.38,          3.50,       2.00,      20.05,     70.20,          1.60
        3,          3,    3,         -0.38,          3.50,       2.23,      22.33,     78.19,          1.72
        3,          3,    4,          0.19,          3.50,       2.41,      24.11,     84.41,          1.75
        3,          3,    5,          0.61,          3.50,       2.58,      25.84,     90.46,          1.75
        3,          3,    6,          0.91,          3.50,       2.72,      27.23,     95.32,          1.75
        3,          3,    7,          1.14,          3.50,       2.86,      28.54,     99.93,          1.73
        3,          4,    1,         -3.51,          3.50,       1.73,      17.33,     60.72,          1.24
        3,          4,    2,         -0.80,          3.50,       2.18,      21.77,     76.22,          1.62
        3,          4,    3,          0.29,          3.50,       2.46,      24.65,     86.33,          1.74
        3,          4,    4,          0.93,          3.50,       2.68,      26.81,     93.87,          1.79
        3,          4,    5,          1.33,          3.50,       2.86,      28.58,    100.07,          1.81
        3,          4,    6,          1.62,          3.50,       3.01,      30.03,    105.13,          1.81
        3,          4,    7,          1.83,          3.50,       3.12,      31.24,    109.35,          1.80
        4,          1,    1,         -4.28,          3.50,       1.54,      15.41,     53.98,          1.29
        4,          1,    2,         -1.40,          3.50,       1.89,      18.91,     66.24,          1.75
        4,          1,    3,         -0.51,          3.50,       2.06,      20.60,     72.16,          1.88
        4,          1,    4,         -0.08,          3.50,       2.18,      21.79,     76.30,          1.91
        4,          1,    5,         -0.14,          3.50,       2.29,      22.88,     80.13,          1.75
        4,          1,    6,          0.34,          3.50,       2.38,      23.80,     83.36,          1.85
        4,          1,    7,          0.49,          3.50,       2.48,      24.81,     86.87,          1.81
        4,          2,    1,         -3.55,          3.50,       1.64,      16.38,     57.39,          1.36
        4,          2,    2,         -0.84,          3.50,       2.00,      20.03,     70.14,          1.82
        4,          2,    3,          0.07,          3.50,       2.19,      21.94,     76.83,          1.95
        4,          2,    4,          0.53,          3.50,       2.34,      23.36,     81.82,          1.98
        4,          2,    5,          0.86,          3.50,       2.48,      24.74,     86.64,          1.97
        4,          2,    6,          1.10,          3.50,       2.59,      25.93,     90.80,          1.95
        4,          2,    7,          0.96,          3.50,       2.71,      27.07,     94.79,          1.78
        4,          3,    1,         -2.93,          3.50,       1.74,      17.39,     60.92,          1.41
        4,          3,    2,         -0.21,          3.50,       2.16,      21.58,     75.58,          1.88
        4,          3,    3,          0.81,          3.50,       2.41,      24.09,     84.34,          2.03
        4,          3,    4,          1.39,          3.50,       2.60,      26.03,     91.13,          2.07
        4,          3,    5,          1.81,          3.50,       2.78,      27.78,     97.29,          2.09
        4,          3,    6,          2.11,          3.50,       2.93,      29.26,    102.42,          2.09
        4,          3,    7,          2.07,          3.50,       3.06,      30.59,    107.09,          1.96
        4,          4,    1,         -2.43,          3.50,       1.86,      18.56,     65.00,          1.42
        4,          4,    2,          0.38,          3.50,       2.35,      23.51,     82.34,          1.90
        4,          4,    3,          1.50,          3.50,       2.67,      26.66,     93.35,          2.06
        4,          4,    4,          2.15,          3.50,       2.90,      28.96,    101.39,          2.14
        4,          4,    5,          2.57,          3.50,       3.08,      30.77,    107.71,          2.18
        4,          4,    6,          2.86,          3.50,       3.23,      32.27,    112.96,          2.19
        4,          4,    7,          2.77,          3.50,       3.36,      33.54,    117.42,          2.04
        5,          1,    1,         -3.62,          3.50,       1.60,      15.97,     55.96,          1.40
        5,          1,    2,         -0.75,          3.50,       1.98,      19.84,     69.49,          1.89
        5,          1,    3,          0.27,          3.50,       2.16,      21.61,     75.68,          2.10
        5,          1,    4,          0.70,          3.50,       2.28,      22.84,     79.97,          2.14
        5,          1,    5,          0.94,          3.50,       2.39,      23.92,     83.78,          2.11
        5,          1,    6,          0.79,          3.50,       2.49,      24.94,     87.32,          1.92
        5,          1,    7,          1.26,          3.50,       2.58,      25.86,     90.56,          2.04
        5,          2,    1,         -2.87,          3.50,       1.70,      17.01,     59.57,          1.49
        5,          2,    2,         -0.08,          3.50,       2.09,      20.94,     73.33,          2.03
        5,          2,    3,          0.84,          3.50,       2.30,      23.00,     80.57,          2.18
        5,          2,    4,          1.31,          3.50,       2.45,      24.45,     85.63,          2.23
        5,          2,    5,          1.64,          3.50,       2.59,      25.87,     90.61,          2.22
        5,          2,    6,          1.88,          3.50,       2.71,      27.08,     94.81,          2.21
        5,          2,    7,          1.88,          3.50,       2.83,      28.25,     98.93,          2.08
        5,          3,    1,         -2.56,          3.50,       1.82,      18.20,     63.74,          1.43
        5,          3,    2,          0.56,          3.50,       2.26,      22.63,     79.24,          2.09
        5,          3,    3,          1.60,          3.50,       2.53,      25.27,     88.50,          2.27
        5,          3,    4,          1.91,          3.50,       2.72,      27.23,     95.35,          2.20
        5,          3,    5,          2.25,          3.50,       2.90,      29.05,    101.71,          2.19
        5,          3,    6,          2.91,          3.50,       3.05,      30.51,    106.82,          2.38
        5,          3,    7,          3.11,          3.50,       3.19,      31.89,    111.64,          2.36
        5,          4,    1,         -2.07,          3.50,       1.94,      19.40,     67.96,          1.44
        5,          4,    2,          0.80,          3.50,       2.47,      24.69,     86.45,          1.95
        5,          4,    3,          2.31,          3.50,       2.79,      27.95,     97.87,          2.33
        5,          4,    4,          2.94,          3.50,       3.03,      30.26,    105.94,          2.42
        5,          4,    5,          3.39,          3.50,       3.22,      32.17,    112.61,          2.48
        5,          4,    6,          3.68,          3.50,       3.37,      33.67,    117.85,          2.51
        5,          4,    7,          3.59,          3.50,       3.50,      35.04,    122.64,          2.34
        6,          1,    1,         -2.83,          3.50,       1.67,      16.70,     58.52,          1.56
        6,          1,    2,          0.29,          3.50,       2.09,      20.88,     73.13,          2.23
        6,          1,    3,          1.24,          3.50,       2.29,      22.85,     80.03,          2.43
        6,          1,    4,          1.42,          3.50,       2.41,      24.10,     84.38,          2.34
        6,          1,    5,          1.57,          3.50,       2.52,      25.23,     88.33,          2.27
        6,          1,    6,          2.09,          3.50,       2.62,      26.18,     91.68,          2.43
        6,          1,    7,          2.19,          3.50,       2.71,      27.13,     94.98,          2.37
        6,          2,    1,         -2.06,          3.50,       1.78,      17.83,     62.44,          1.66
        6,          2,    2,          0.88,          3.50,       2.22,      22.17,     77.63,          2.32
        6,          2,    3,          1.78,          3.50,       2.43,      24.27,     84.99,          2.51
        6,          2,    4,          2.30,          3.50,       2.58,      25.77,     90.22,          2.60
        6,          2,    5,          2.28,          3.50,       2.72,      27.18,     95.18,          2.41
        6,          2,    6,          2.86,          3.50,       2.85,      28.43,     99.53,          2.59
        6,          2,    7,          3.02,          3.50,       2.96,      29.61,    103.69,          2.55
        6,          3,    1,         -1.40,          3.50,       1.91,      19.13,     67.01,          1.72
        6,          3,    2,          1.54,          3.50,       2.39,      23.89,     83.64,          2.42
        6,          3,    3,          2.60,          3.50,       2.67,      26.67,     93.39,          2.65
        6,          3,    4,          3.18,          3.50,       2.87,      28.64,    100.25,          2.76
        6,          3,    5,          3.60,          3.50,       3.05,      30.52,    106.84,          2.80
        6,          3,    6,          3.90,          3.50,       3.21,      32.05,    112.21,          2.81
        6,          3,    7,          4.14,          3.50,       3.35,      33.48,    117.21,          2.81
        6,          4,    1,         -0.86,          3.50,       2.04,      20.42,     71.53,          1.75
        6,          4,    2,          2.16,          3.50,       2.60,      26.02,     91.10,          2.48
        6,          4,    3,          3.32,          3.50,       2.94,      29.43,    103.04,          2.75
        6,          4,    4,          3.97,          3.50,       3.19,      31.91,    111.72,          2.87
        6,          4,    5,          4.40,          3.50,       3.39,      33.87,    118.58,          2.94
        6,          4,    6,          4.69,          3.50,       3.55,      35.51,    124.30,          2.96
        6,          4,    7,          4.90,          3.50,       3.69,      36.89,    129.13,          2.96
        7,          1,    1,         -1.94,          3.50,       1.75,      17.46,     61.18,          1.77
        7,          1,    2,          1.39,          3.50,       2.20,      22.06,     77.25,          2.64
        7,          1,    3,          2.38,          3.50,       2.41,      24.08,     84.34,          2.92
        7,          1,    4,          2.82,          3.50,       2.54,      25.39,     88.93,          3.00
        7,          1,    5,          2.83,          3.50,       2.65,      26.54,     92.94,          2.83
        7,          1,    6,          3.22,          3.50,       2.75,      27.46,     96.14,          2.96
        7,          1,    7,          3.36,          3.50,       2.85,      28.48,     99.72,          2.91
        7,          2,    1,         -1.10,          3.50,       1.88,      18.75,     65.70,          1.91
        7,          2,    2,          2.00,          3.50,       2.34,      23.38,     81.88,          2.79
        7,          2,    3,          2.96,          3.50,       2.56,      25.60,     89.65,          3.06
        7,          2,    4,          3.43,          3.50,       2.71,      27.12,     94.96,          3.15
        7,          2,    5,          3.75,          3.50,       2.86,      28.63,    100.21,          3.16
        7,          2,    6,          3.98,          3.50,       2.98,      29.84,    104.47,          3.15
        7,          2,    7,          4.17,          3.50,       3.10,      31.03,    108.63,          3.13
        7,          3,    1,         -0.73,          3.50,       2.01,      20.10,     70.41,          1.86
        7,          3,    2,          2.67,          3.50,       2.53,      25.26,     88.45,          2.91
        7,          3,    3,          3.73,          3.50,       2.82,      28.15,     98.57,          3.21
        7,          3,    4,          4.09,          3.50,       3.02,      30.22,    105.79,          3.17
        7,          3,    5,          4.72,          3.50,       3.22,      32.20,    112.73,          3.38
        7,          3,    6,          5.01,          3.50,       3.38,      33.77,    118.24,          3.40
        7,          3,    7,          5.25,          3.50,       3.53,      35.31,    123.62,          3.40
        7,          4,    1,          0.18,          3.50,       2.15,      21.48,     75.24,          2.07
        7,          4,    2,          3.30,          3.50,       2.75,      27.51,     96.35,          2.99
        7,          4,    3,          4.45,          3.50,       3.11,      31.14,    109.03,          3.32
        7,          4,    4,          5.09,          3.50,       3.38,      33.78,    118.23,          3.46
        7,          4,    5,          5.49,          3.50,       3.59,      35.93,    125.75,          3.51
        7,          4,    6,          5.81,          3.50,       3.77,      37.65,    131.80,          3.57
        7,          4,    7,          6.02,          3.50,       3.92,      39.17,    137.12,          3.57
        8,          1,    1,         -1.02,          3.50,       1.81,      18.08,     63.32,          2.07
        8,          1,    2,          2.43,          3.50,       2.30,      22.97,     80.44,          3.16
        8,          1,    3,          3.43,          3.50,       2.52,      25.17,     88.13,          3.50
        8,          1,    4,          3.86,          3.50,       2.65,      26.51,     92.84,          3.60
        8,          1,    5,          4.09,          3.50,       2.76,      27.63,     96.77,          3.58
        8,          1,    6,          4.07,          3.50,       2.87,      28.68,    100.41,          3.39
        8,          1,    7,          4.39,          3.50,       2.97,      29.67,    103.88,          3.49
        8,          2,    1,         -0.15,          3.50,       1.94,      19.43,     68.08,          2.25
        8,          2,    2,          3.03,          3.50,       2.44,      24.39,     85.42,          3.32
        8,          2,    3,          3.99,          3.50,       2.68,      26.79,     93.83,          3.65
        8,          2,    4,          4.45,          3.50,       2.84,      28.37,     99.34,          3.75
        8,          2,    5,          4.77,          3.50,       2.99,      29.87,    104.60,          3.77
        8,          2,    6,          4.68,          3.50,       3.12,      31.15,    109.04,          3.50
        8,          2,    7,          4.89,          3.50,       3.24,      32.43,    113.56,          3.48
        8,          3,    1,          0.58,          3.50,       2.08,      20.82,     72.93,          2.39
        8,          3,    2,          3.69,          3.50,       2.64,      26.43,     92.56,          3.46
        8,          3,    3,          4.74,          3.50,       2.95,      29.49,    103.26,          3.80
        8,          3,    4,          5.30,          3.50,       3.17,      31.70,    110.98,          3.94
        8,          3,    5,          5.71,          3.50,       3.37,      33.73,    118.09,          4.00
        8,          3,    6,          5.99,          3.50,       3.55,      35.44,    124.05,          4.01
        8,          3,    7,          6.23,          3.50,       3.70,      37.00,    129.52,          4.02
        8,          4,    1,          0.88,          3.50,       2.23,      22.30,     78.10,          2.31
        8,          4,    2,          4.31,          3.50,       2.89,      28.86,    101.05,          3.55
        8,          4,    3,          5.45,          3.50,       3.28,      32.76,    114.67,          3.91
        8,          4,    4,          6.08,          3.50,       3.56,      35.56,    124.45,          4.08
        8,          4,    5,          6.48,          3.50,       3.79,      37.88,    132.58,          4.14
        8,          4,    6,          6.68,          3.50,       3.98,      39.76,    139.15,          4.08
        8,          4,    7,          6.76,          3.50,       4.13,      41.32,    144.64,          3.96
        9,          1,    1,          0.04,          3.50,       1.86,      18.62,     65.25,          2.52
        9,          1,    2,          3.51,          3.50,       2.40,      24.00,     84.04,          3.81
        9,          1,    3,          4.52,          3.50,       2.64,      26.40,     92.45,          4.21
        9,          1,    4,          4.95,          3.50,       2.78,      27.82,     97.41,          4.33
        9,          1,    5,          5.18,          3.50,       2.90,      28.98,    101.47,          4.32
        9,          1,    6,          5.34,          3.50,       3.00,      29.96,    104.91,          4.29
        9,          1,    7,          5.47,          3.50,       3.10,      30.97,    108.43,          4.23
        9,          2,    1,          0.91,          3.50,       2.01,      20.07,     70.30,          2.73
        9,          2,    2,          4.10,          3.50,       2.56,      25.55,     89.50,          3.99
        9,          2,    3,          5.07,          3.50,       2.81,      28.14,     98.55,          4.38
        9,          2,    4,          5.51,          3.50,       2.98,      29.77,    104.24,          4.50
        9,          2,    5,          5.84,          3.50,       3.14,      31.37,    109.80,          4.53
        9,          2,    6,          6.05,          3.50,       3.27,      32.64,    114.26,          4.52
        9,          2,    7,          6.24,          3.50,       3.40,      33.97,    118.93,          4.48
        9,          3,    1,          1.63,          3.50,       2.16,      21.56,     75.52,          2.89
        9,          3,    2,          4.75,          3.50,       2.77,      27.72,     97.07,          4.15
        9,          3,    3,          5.51,          3.50,       3.10,      30.98,    108.48,          4.26
        9,          3,    4,          6.35,          3.50,       3.34,      33.35,    116.73,          4.71
        9,          3,    5,          6.76,          3.50,       3.55,      35.52,    124.36,          4.78
        9,          3,    6,          6.67,          3.50,       3.73,      37.32,    130.62,          4.40
        9,          3,    7,          7.27,          3.50,       3.90,      39.03,    136.62,          4.79
        9,          4,    1,          2.21,          3.50,       2.32,      23.20,     81.28,          2.96
        9,          4,    2,          5.36,          3.50,       3.04,      30.37,    106.34,          4.22
        9,          4,    3,          6.50,          3.50,       3.45,      34.50,    120.76,          4.66
        9,          4,    4,          7.12,          3.50,       3.75,      37.55,    131.43,          4.85
        9,          4,    5,          7.55,          3.50,       4.01,      40.12,    140.42,          4.93
        9,          4,    6,          7.83,          3.50,       4.21,      42.13,    147.46,          4.96
        9,          4,    7,          8.04,          3.50,       4.38,      43.77,    153.20,          4.97
       10,          1,    1,          0.96,          3.50,       1.91,      19.10,     66.91,          2.99
       10,          1,    2,          4.44,          3.50,       2.50,      25.00,     87.54,          4.46
       10,          1,    3,          5.47,          3.50,       2.76,      27.58,     96.56,          4.94
       10,          1,    4,          5.91,          3.50,       2.91,      29.09,    101.84,          5.09
       10,          1,    5,          6.13,          3.50,       3.03,      30.27,    105.99,          5.08
       10,          1,    6,          6.29,          3.50,       3.13,      31.31,    109.58,          5.04
       10,          1,    7,          6.41,          3.50,       3.24,      32.35,    113.25,          4.98
       10,          2,    1,          1.82,          3.50,       2.06,      20.59,     72.13,          3.23
       10,          2,    2,          5.03,          3.50,       2.67,      26.69,     93.46,          4.66
       10,          2,    3,          5.77,          3.50,       2.94,      29.44,    103.06,          4.84
       10,          2,    4,          6.13,          3.50,       3.11,      31.14,    109.01,          4.88
       10,          2,    5,          6.78,          3.50,       3.28,      32.86,    115.03,          5.30
       10,          2,    6,          6.99,          3.50,       3.42,      34.18,    119.64,          5.29
       10,          2,    7,          7.18,          3.50,       3.55,      35.55,    124.46,          5.25
       10,          3,    1,          2.53,          3.50,       2.22,      22.22,     77.84,          3.39
       10,          3,    2,          5.67,          3.50,       2.90,      29.00,    101.54,          4.82
       10,          3,    3,          6.54,          3.50,       3.25,      32.53,    113.88,          5.07
       10,          3,    4,          7.28,          3.50,       3.50,      34.98,    122.46,          5.49
       10,          3,    5,          7.68,          3.50,       3.73,      37.29,    130.53,          5.56
       10,          3,    6,          7.96,          3.50,       3.92,      39.21,    137.23,          5.57
       10,          3,    7,          8.19,          3.50,       4.10,      40.95,    143.34,          5.58
       10,          4,    1,          3.01,          3.50,       2.39,      23.96,     83.91,          3.39
       10,          4,    2,          6.04,          3.50,       3.18,      31.81,    111.37,          4.65
       10,          4,    3,          7.41,          3.50,       3.63,      36.29,    127.05,          5.40
       10,          4,    4,          7.68,          3.50,       3.95,      39.53,    138.37,          5.17
       10,          4,    5,          8.46,          3.50,       4.23,      42.33,    148.14,          5.70
       10,          4,    6,          8.75,          3.50,       4.44,      44.37,    155.29,          5.75
       10,          4,    7,          8.96,          3.50,       4.62,      46.23,    161.82,          5.76
       11,          1,    1,          1.52,          3.50,       1.95,      19.54,     68.44,          3.28
       11,          1,    2,          5.33,          3.50,       2.60,      26.04,     91.18,          5.17
       11,          1,    3,          6.39,          3.50,       2.89,      28.89,    101.14,          5.74
       11,          1,    4,          6.84,          3.50,       3.05,      30.49,    106.74,          5.92
       11,          1,    5,          7.07,          3.50,       3.18,      31.78,    111.26,          5.91
       11,          1,    6,          7.18,          3.50,       3.28,      32.85,    115.01,          5.81
       11,          1,    7,          7.16,          3.50,       3.39,      33.85,    118.50,          5.57
       11,          2,    1,          2.66,          3.50,       2.12,      21.16,     74.10,          3.77
       11,          2,    2,          5.94,          3.50,       2.79,      27.87,     97.58,          5.42
       11,          2,    3,          6.94,          3.50,       3.09,      30.84,    107.98,          5.97
       11,          2,    4,          7.40,          3.50,       3.27,      32.74,    114.61,          6.14
       11,          2,    5,          7.71,          3.50,       3.45,      34.42,    120.49,          6.19
       11,          2,    6,          7.59,          3.50,       3.59,      35.87,    125.58,          5.72
       11,          2,    7,          8.11,          3.50,       3.73,      37.31,    130.58,          6.13
       11,          3,    1,          3.36,          3.50,       2.29,      22.89,     80.16,          3.94
       11,          3,    2,          6.56,          3.50,       3.03,      30.32,    106.14,          5.60
       11,          3,    3,          7.33,          3.50,       3.41,      34.13,    119.49,          5.74
       11,          3,    4,          8.19,          3.50,       3.68,      36.78,    128.73,          6.37
       11,          3,    5,          8.60,          3.50,       3.93,      39.29,    137.53,          6.45
       11,          3,    6,          8.87,          3.50,       4.13,      41.25,    144.38,          6.47
       11,          3,    7,          9.10,          3.50,       4.31,      43.15,    151.05,          6.46
       11,          4,    1,          3.91,          3.50,       2.47,      24.74,     86.62,          4.00
       11,          4,    2,          7.15,          3.50,       3.33,      33.35,    116.76,          5.66
       11,          4,    3,          8.31,          3.50,       3.82,      38.24,    133.84,          6.23
       11,          4,    4,          8.94,          3.50,       4.18,      41.73,    146.07,          6.47
       11,          4,    5,          9.37,          3.50,       4.47,      44.67,    156.33,          6.59
       11,          4,    6,          9.66,          3.50,       4.70,      46.94,    164.28,          6.64
       11,          4,    7,          9.88,          3.50,       4.89,      48.89,    171.12,          6.66
       12,          1,    1,          2.34,          3.50,       2.00,      19.98,     69.97,          3.84
       12,          1,    2,          6.20,          3.50,       2.72,      27.19,     95.22,          5.97
       12,          1,    3,          7.32,          3.50,       3.04,      30.36,    106.30,          6.67
       12,          1,    4,          7.78,          3.50,       3.22,      32.18,    112.65,          6.87
       12,          1,    5,          8.01,          3.50,       3.35,      33.47,    117.17,          6.89
       12,          1,    6,          8.17,          3.50,       3.45,      34.53,    120.88,          6.86
       12,          1,    7,          8.29,          3.50,       3.57,      35.66,    124.83,          6.78
       12,          2,    1,          3.42,          3.50,       2.17,      21.72,     76.06,          4.33
       12,          2,    2,          6.55,          3.50,       2.92,      29.22,    102.31,          5.86
       12,          2,    3,          7.58,          3.50,       3.26,      32.56,    113.99,          6.45
       12,          2,    4,          8.34,          3.50,       3.45,      34.52,    120.84,          7.14
       12,          2,    5,          8.65,          3.50,       3.64,      36.40,    127.41,          7.18
       12,          2,    6,          8.87,          3.50,       3.79,      37.89,    132.65,          7.17
       12,          2,    7,          9.06,          3.50,       3.94,      39.41,    137.96,          7.14
       12,          3,    1,          4.13,          3.50,       2.36,      23.54,     82.43,          4.52
       12,          3,    2,          7.45,          3.50,       3.19,      31.88,    111.63,          6.44
       12,          3,    3,          8.57,          3.50,       3.60,      36.01,    126.06,          7.13
       12,          3,    4,          8.83,          3.50,       3.89,      38.90,    136.15,          6.88
       12,          3,    5,          9.22,          3.50,       4.16,      41.63,    145.70,          6.93
       12,          3,    6,          9.81,          3.50,       4.37,      43.69,    152.91,          7.50
       12,          3,    7,         10.05,          3.50,       4.57,      45.72,    160.01,          7.50
       12,          4,    1,          4.69,          3.50,       2.55,      25.48,     89.24,          4.59
       12,          4,    2,          8.03,          3.50,       3.50,      35.02,    122.58,          6.52
       12,          4,    3,          9.23,          3.50,       4.04,      40.39,    141.39,          7.20
       12,          4,    4,          9.86,          3.50,       4.42,      44.16,    154.57,          7.49
       12,          4,    5,         10.31,          3.50,       4.74,      47.42,    165.94,          7.62
       12,          4,    6,         10.52,          3.50,       4.99,      49.92,    174.72,          7.54
       12,          4,    7,         10.62,          3.50,       5.21,      52.06,    182.21,          7.34
       13,          1,    1,          3.26,          3.50,       2.04,      20.36,     71.33,          4.61
       13,          1,    2,          7.09,          3.50,       2.86,      28.57,    100.03,          6.85
       13,          1,    3,          8.08,          3.50,       3.23,      32.26,    112.95,          7.34
       13,          1,    4,          8.79,          3.50,       3.42,      34.17,    119.61,          8.03
       13,          1,    5,          9.03,          3.50,       3.56,      35.59,    124.59,          8.06
       13,          1,    6,          9.19,          3.50,       3.67,      36.72,    128.53,          8.03
       13,          1,    7,          9.30,          3.50,       3.78,      37.81,    132.37,          7.95
       13,          2,    1,          3.94,          3.50,       2.22,      22.26,     77.96,          4.70
       13,          2,    2,          7.74,          3.50,       3.08,      30.80,    107.84,          7.21
       13,          2,    3,          8.86,          3.50,       3.46,      34.57,    121.04,          8.04
       13,          2,    4,          9.35,          3.50,       3.68,      36.76,    128.69,          8.32
       13,          2,    5,          9.67,          3.50,       3.88,      38.79,    135.77,          8.39
       13,          2,    6,          9.88,          3.50,       4.03,      40.35,    141.21,          8.40
       13,          2,    7,         10.07,          3.50,       4.20,      41.97,    146.90,          8.37
       13,          3,    1,          4.88,          3.50,       2.42,      24.21,     84.79,          5.17
       13,          3,    2,          8.38,          3.50,       3.37,      33.63,    117.74,          7.45
       13,          3,    3,          9.56,          3.50,       3.84,      38.37,    134.29,          8.28
       13,          3,    4,         10.13,          3.50,       4.15,      41.48,    145.20,          8.60
       13,          3,    5,         10.56,          3.50,       4.44,      44.36,    155.27,          8.74
       13,          3,    6,         10.84,          3.50,       4.66,      46.64,    163.25,          8.79
       13,          3,    7,         11.08,          3.50,       4.88,      48.81,    170.85,          8.81
       13,          4,    1,          5.45,          3.50,       2.63,      26.28,     92.05,          5.24
       13,          4,    2,          8.97,          3.50,       3.70,      37.01,    129.54,          7.55
       13,          4,    3,         10.22,          3.50,       4.30,      43.00,    150.50,          8.39
       13,          4,    4,         10.87,          3.50,       4.72,      47.17,    165.09,          8.74
       13,          4,    5,         11.33,          3.50,       5.08,      50.75,    177.62,          8.91
       13,          4,    6,         11.63,          3.50,       5.36,      53.53,    187.34,          8.98
       13,          4,    7,         11.87,          3.50,       5.59,      55.91,    195.69,          9.01
       14,          1,    1,          3.81,          3.50,       2.08,      20.72,     72.59,          5.09
       14,          1,    2,          7.83,          3.50,       2.98,      29.75,    104.16,          7.71
       14,          1,    3,          9.15,          3.50,       3.40,      34.00,    119.00,          8.79
       14,          1,    4,          9.67,          3.50,       3.62,      36.18,    126.65,          9.16
       14,          1,    5,          9.92,          3.50,       3.76,      37.63,    131.72,          9.24
       14,          1,    6,         10.08,          3.50,       3.89,      38.89,    136.13,          9.20
       14,          1,    7,         10.21,          3.50,       4.01,      40.08,    140.28,          9.13
       14,          2,    1,          4.72,          3.50,       2.27,      22.71,     79.54,          5.48
       14,          2,    2,          8.51,          3.50,       3.23,      32.29,    113.05,          8.11
       14,          2,    3,          9.72,          3.50,       3.66,      36.59,    128.07,          9.13
       14,          2,    4,         10.22,          3.50,       3.90,      38.97,    136.41,          9.49
       14,          2,    5,         10.55,          3.50,       4.11,      41.05,    143.68,          9.61
       14,          2,    6,         10.77,          3.50,       4.27,      42.74,    149.61,          9.62
       14,          2,    7,         10.96,          3.50,       4.44,      44.39,    155.37,          9.61
       14,          3,    1,          5.46,          3.50,       2.48,      24.81,     86.88,          5.72
       14,          3,    2,          9.16,          3.50,       3.53,      35.32,    123.66,          8.39
       14,          3,    3,         10.41,          3.50,       4.06,      40.58,    142.03,          9.42
       14,          3,    4,         11.00,          3.50,       4.39,      43.96,    153.84,          9.81
       14,          3,    5,         11.44,          3.50,       4.71,      47.07,    164.75,         10.00
       14,          3,    6,         11.34,          3.50,       4.95,      49.52,    173.32,          9.21
       14,          3,    7,         11.97,          3.50,       5.19,      51.90,    181.63,         10.08
       14,          4,    1,          6.04,          3.50,       2.69,      26.89,     94.17,          5.83
       14,          4,    2,          9.75,          3.50,       3.89,      38.91,    136.20,          8.51
       14,          4,    3,         11.07,          3.50,       4.55,      45.55,    159.41,          9.53
       14,          4,    4,         11.74,          3.50,       5.00,      50.04,    175.13,          9.98
       14,          4,    5,         12.22,          3.50,       5.40,      54.02,    189.07,         10.19
       14,          4,    6,         12.54,          3.50,       5.70,      57.02,    199.56,         10.29
       14,          4,    7,         12.78,          3.50,       5.96,      59.62,    208.64,         10.34
       15,          1,    1,          4.23,          3.50,       2.11,      21.07,     73.82,          5.49
       15,          1,    2,          8.48,          3.50,       3.09,      30.85,    108.03,          8.54
       15,          1,    3,          9.95,          3.50,       3.58,      35.87,    125.54,          9.88
       15,          1,    4,         10.52,          3.50,       3.84,      38.37,    134.31,         10.35
       15,          1,    5,         10.78,          3.50,       4.00,      40.00,    139.98,         10.46
       15,          1,    6,         10.95,          3.50,       4.12,      41.21,    144.22,         10.48
       15,          1,    7,         11.07,          3.50,       4.24,      42.43,    148.51,         10.41
       15,          2,    1,          5.16,          3.50,       2.31,      23.12,     80.98,          5.91
       15,          2,    2,          9.20,          3.50,       3.37,      33.68,    117.90,          8.99
       15,          2,    3,         10.52,          3.50,       3.87,      38.68,    135.37,         10.25
       15,          2,    4,         11.06,          3.50,       4.13,      41.32,    144.63,         10.71
       15,          2,    5,         11.40,          3.50,       4.35,      43.54,    152.37,         10.88
       15,          2,    6,         11.61,          3.50,       4.53,      45.29,    158.51,         10.89
       15,          2,    7,         11.70,          3.50,       4.71,      47.07,    164.74,         10.62
       15,          3,    1,          5.92,          3.50,       2.53,      25.27,     88.51,          6.19
       15,          3,    2,          9.62,          3.50,       3.70,      36.96,    129.37,          8.81
       15,          3,    3,         11.20,          3.50,       4.29,      42.92,    150.22,         10.57
       15,          3,    4,         11.83,          3.50,       4.66,      46.58,    163.02,         11.07
       15,          3,    5,         11.99,          3.50,       4.99,      49.92,    174.71,         10.59
       15,          3,    6,         12.28,          3.50,       5.26,      52.61,    184.10,         10.66
       15,          3,    7,         12.85,          3.50,       5.52,      55.19,    193.16,         11.49
       15,          4,    1,          6.49,          3.50,       2.74,      27.44,     96.09,          6.30
       15,          4,    2,         10.45,          3.50,       4.07,      40.73,    142.57,          9.45
       15,          4,    3,         11.86,          3.50,       4.81,      48.07,    168.26,         10.74
       15,          4,    4,         12.58,          3.50,       5.31,      53.08,    185.77,         11.28
       15,          4,    5,         13.08,          3.50,       5.74,      57.41,    200.91,         11.58
       15,          4,    6,         13.43,          3.50,       6.07,      60.68,    212.36,         11.78
       15,          4,    7,         13.71,          3.50,       6.35,      63.47,    222.08,         11.95
       16,          1,    1,          4.51,          3.50,       2.14,      21.37,     74.89,          5.73
       16,          1,    2,          9.08,          3.50,       3.20,      32.01,    112.05,          9.35
       16,          1,    3,         10.52,          3.50,       3.79,      37.89,    132.62,         10.53
       16,          1,    4,         11.38,          3.50,       4.08,      40.79,    142.77,         11.72
       16,          1,    5,         11.68,          3.50,       4.26,      42.60,    149.09,         11.92
       16,          1,    6,         11.85,          3.50,       4.39,      43.91,    153.68,         11.96
       16,          1,    7,         11.98,          3.50,       4.52,      45.20,    158.21,         11.88
       16,          2,    1,          5.16,          3.50,       2.35,      23.48,     82.25,          5.78
       16,          2,    2,          9.85,          3.50,       3.51,      35.13,    122.98,          9.91
       16,          2,    3,         11.34,          3.50,       4.10,      41.03,    143.61,         11.52
       16,          2,    4,         11.93,          3.50,       4.40,      43.97,    153.91,         12.13
       16,          2,    5,         12.26,          3.50,       4.64,      46.37,    162.31,         12.30
       16,          2,    6,         12.36,          3.50,       4.82,      48.18,    168.62,         12.03
       16,          2,    7,         12.72,          3.50,       5.01,      50.04,    175.12,         12.50
       16,          3,    1,          6.24,          3.50,       2.57,      25.74,     90.15,          6.49
       16,          3,    2,         10.26,          3.50,       3.87,      38.73,    135.59,          9.62
       16,          3,    3,         11.72,          3.50,       4.55,      45.53,    159.34,         11.09
       16,          3,    4,         12.70,          3.50,       4.95,      49.47,    173.14,         12.60
       16,          3,    5,         13.20,          3.50,       5.31,      53.15,    186.02,         13.01
       16,          3,    6,         13.56,          3.50,       5.60,      55.96,    195.86,         13.32
       16,          3,    7,         13.89,          3.50,       5.87,      58.73,    205.53,         13.59
       16,          4,    1,          6.80,          3.50,       2.80,      27.96,     97.89,          6.60
       16,          4,    2,         11.13,          3.50,       4.27,      42.66,    149.31,         10.47
       16,          4,    3,         12.52,          3.50,       5.09,      50.91,    178.18,         11.69
       16,          4,    4,         13.25,          3.50,       5.64,      56.37,    197.30,         12.30
       16,          4,    5,         14.15,          3.50,       6.10,      60.95,    213.29,         13.83
       16,          4,    6,         14.57,          3.50,       6.44,      64.34,    225.14,         14.34
       16,          4,    7,         14.89,          3.50,       6.73,      67.26,    235.31,         14.68
       17,          1,    1,          4.70,          3.50,       2.16,      21.64,     75.78,          5.89
       17,          1,    2,          9.36,          3.50,       3.30,      32.94,    115.32,          9.62
       17,          1,    3,         11.16,          3.50,       3.99,      39.91,    139.69,         11.46
       17,          1,    4,         11.88,          3.50,       4.32,      43.19,    151.17,         12.28
       17,          1,    5,         12.52,          3.50,       4.51,      45.15,    158.02,         13.50
       17,          1,    6,         12.71,          3.50,       4.64,      46.42,    162.47,         13.64
       17,          1,    7,         12.84,          3.50,       4.75,      47.54,    166.39,         13.67
       17,          2,    1,          5.68,          3.50,       2.38,      23.79,     83.34,          6.39
       17,          2,    2,         10.39,          3.50,       3.64,      36.39,    127.37,         10.73
       17,          2,    3,         12.09,          3.50,       4.33,      43.31,    151.59,         12.83
       17,          2,    4,         12.77,          3.50,       4.66,      46.56,    162.97,         13.76
       17,          2,    5,         13.02,          3.50,       4.89,      48.93,    171.25,         13.77
       17,          2,    6,         13.18,          3.50,       5.08,      50.81,    177.84,         13.65
       17,          2,    7,         13.41,          3.50,       5.28,      52.81,    184.84,         13.75
       17,          3,    1,          6.22,          3.50,       2.61,      26.11,     91.44,          6.35
       17,          3,    2,         10.85,          3.50,       4.02,      40.25,    140.87,         10.53
       17,          3,    3,         12.86,          3.50,       4.79,      47.94,    167.81,         13.59
       17,          3,    4,         13.35,          3.50,       5.23,      52.31,    183.08,         13.72
       17,          3,    5,         14.25,          3.50,       5.62,      56.23,    196.81,         15.55
       17,          3,    6,         14.66,          3.50,       5.93,      59.34,    207.68,         16.05
       17,          3,    7,         15.02,          3.50,       6.24,      62.39,    218.36,         16.48
       17,          4,    1,          7.01,          3.50,       2.84,      28.35,     99.27,          6.80
       17,          4,    2,         11.74,          3.50,       4.43,      44.30,    155.06,         11.52
       17,          4,    3,         13.67,          3.50,       5.36,      53.63,    187.69,         14.36
       17,          4,    4,         14.61,          3.50,       5.93,      59.24,    207.32,         15.88
       17,          4,    5,         15.26,          3.50,       6.39,      63.92,    223.64,         16.94
       17,          4,    6,         15.67,          3.50,       6.74,      67.40,    235.82,         17.56
       17,          4,    7,         15.98,          3.50,       7.03,      70.29,    245.85,         17.99
       18,          1,    1,          4.87,          3.50,       2.19,      21.93,     76.82,          6.01
       18,          1,    2,         10.00,          3.50,       3.38,      33.79,    118.30,         10.80
       18,          1,    3,         12.30,          3.50,       4.18,      41.81,    146.37,         14.07
       18,          1,    4,         13.18,          3.50,       4.56,      45.55,    159.45,         15.56
       18,          1,    5,         13.45,          3.50,       4.76,      47.56,    166.47,         15.73
       18,          1,    6,         13.77,          3.50,       4.89,      48.95,    171.32,         16.35
       18,          1,    7,         13.91,          3.50,       5.03,      50.23,    175.81,         16.40
       18,          2,    1,          5.86,          3.50,       2.41,      24.13,     84.50,          6.56
       18,          2,    2,         10.98,          3.50,       3.75,      37.54,    131.40,         11.87
       18,          2,    3,         13.10,          3.50,       4.57,      45.71,    159.98,         15.20
       18,          2,    4,         13.89,          3.50,       4.94,      49.43,    173.00,         16.62
       18,          2,    5,         14.35,          3.50,       5.24,      52.37,    183.31,         17.30
       18,          2,    6,         14.65,          3.50,       5.46,      54.60,    191.08,         17.65
       18,          2,    7,         14.93,          3.50,       5.70,      56.97,    199.39,         17.90
       18,          3,    1,          6.63,          3.50,       2.65,      26.49,     92.77,          6.87
       18,          3,    2,         11.88,          3.50,       4.17,      41.68,    145.89,         12.83
       18,          3,    3,         13.69,          3.50,       5.08,      50.78,    177.73,         15.39
       18,          3,    4,         14.85,          3.50,       5.59,      55.85,    195.46,         18.00
       18,          3,    5,         15.47,          3.50,       6.03,      60.34,    211.13,         19.00
       18,          3,    6,         15.88,          3.50,       6.38,      63.80,    223.25,         19.61
       18,          3,    7,         16.24,          3.50,       6.72,      67.17,    234.98,         20.12
       18,          4,    1,          7.20,          3.50,       2.88,      28.77,    100.72,          6.99
       18,          4,    2,         12.65,          3.50,       4.58,      45.83,    160.41,         13.68
       18,          4,    3,         14.83,          3.50,       5.65,      56.46,    197.62,         17.68
       18,          4,    4,         15.78,          3.50,       6.27,      62.72,    219.47,         19.54
       18,          4,    5,         16.43,          3.50,       6.80,      67.97,    237.81,         20.73
       18,          4,    6,         16.82,          3.50,       7.17,      71.74,    250.93,         21.34
       18,          4,    7,         17.13,          3.50,       7.47,      74.74,    261.38,         21.92
       19,          1,    1,          4.99,          3.50,       2.22,      22.16,     77.62,          6.12
       19,          1,    2,         10.41,          3.50,       3.45,      34.51,    120.78,         11.59
       19,          1,    3,         13.17,          3.50,       4.37,      43.68,    152.87,         16.34
       19,          1,    4,         14.20,          3.50,       4.83,      48.34,    169.19,         18.37
       19,          1,    5,         14.70,          3.50,       5.10,      50.99,    178.47,         19.34
       19,          1,    6,         14.95,          3.50,       5.28,      52.75,    184.65,         19.72
       19,          1,    7,         15.00,          3.50,       5.43,      54.32,    190.10,         19.27
       19,          2,    1,          5.80,          3.50,       2.44,      24.45,     85.62,          6.36
       19,          2,    2,         11.70,          3.50,       3.87,      38.66,    135.30,         13.52
       19,          2,    3,         14.07,          3.50,       4.83,      48.32,    169.13,         17.84
       19,          2,    4,         15.00,          3.50,       5.32,      53.17,    186.07,         19.74
       19,          2,    5,         15.54,          3.50,       5.67,      56.71,    198.47,         20.74
       19,          2,    6,         15.86,          3.50,       5.93,      59.33,    207.63,         21.23
       19,          2,    7,         16.15,          3.50,       6.20,      61.94,    216.73,         21.59
       19,          3,    1,          6.91,          3.50,       2.68,      26.80,     93.86,          7.22
       19,          3,    2,         12.65,          3.50,       4.29,      42.95,    150.34,         14.80
       19,          3,    3,         15.00,          3.50,       5.39,      53.89,    188.60,         19.41
       19,          3,    4,         15.91,          3.50,       5.99,      59.89,    209.60,         21.24
       19,          3,    5,         16.58,          3.50,       6.49,      64.88,    226.99,         22.62
       19,          3,    6,         17.00,          3.50,       6.88,      68.77,    240.59,         23.32
       19,          3,    7,         17.35,          3.50,       7.23,      72.32,    252.94,         23.90
       19,          4,    1,          7.60,          3.50,       2.91,      29.12,    101.95,          7.56
       19,          4,    2,         13.47,          3.50,       4.71,      47.12,    164.91,         15.97
       19,          4,    3,         15.82,          3.50,       5.96,      59.60,    208.58,         20.92
       19,          4,    4,         16.82,          3.50,       6.69,      66.87,    233.99,         23.12
       19,          4,    5,         17.48,          3.50,       7.27,      72.74,    254.40,         24.48
       19,          4,    6,         17.89,          3.50,       7.68,      76.84,    268.72,         25.30
       19,          4,    7,         18.18,          3.50,       8.02,      80.22,    280.51,         25.83
       20,          1,    1,          5.51,          3.50,       2.24,      22.43,     78.57,          6.80
       20,          1,    2,         10.95,          3.50,       3.53,      35.29,    123.56,         12.80
       20,          1,    3,         13.95,          3.50,       4.56,      45.57,    159.49,         18.62
       20,          1,    4,         15.14,          3.50,       5.14,      51.33,    179.65,         21.28
       20,          1,    5,         15.49,          3.50,       5.47,      54.65,    191.28,         21.45
       20,          1,    6,         16.01,          3.50,       5.66,      56.65,    198.25,         23.22
       20,          1,    7,         16.22,          3.50,       5.84,      58.44,    204.52,         23.48
       20,          2,    1,          6.68,          3.50,       2.48,      24.81,     86.89,          7.66
       20,          2,    2,         12.32,          3.50,       3.96,      39.61,    138.63,         15.17
       20,          2,    3,         14.94,          3.50,       5.09,      50.93,    178.25,         20.49
       20,          2,    4,         16.01,          3.50,       5.71,      57.07,    199.72,         22.99
       20,          2,    5,         16.60,          3.50,       6.11,      61.09,    213.77,         24.36
       20,          2,    6,         16.75,          3.50,       6.40,      63.98,    223.88,         23.90
       20,          2,    7,         17.24,          3.50,       6.69,      66.88,    233.99,         25.48
       20,          3,    1,          7.70,          3.50,       2.72,      27.18,     95.17,          8.51
       20,          3,    2,         13.29,          3.50,       4.40,      44.02,    154.08,         16.67
       20,          3,    3,         15.87,          3.50,       5.69,      56.93,    199.25,         22.32
       20,          3,    4,         16.95,          3.50,       6.41,      64.12,    224.38,         24.98
       20,          3,    5,         17.61,          3.50,       6.97,      69.68,    243.75,         26.48
       20,          3,    6,         18.03,          3.50,       7.39,      73.87,    258.35,         27.32
       20,          3,    7,         18.37,          3.50,       7.77,      77.70,    271.67,         27.98
       20,          4,    1,          8.32,          3.50,       2.95,      29.51,    103.31,          8.79
       20,          4,    2,         14.10,          3.50,       4.84,      48.35,    169.21,         17.96
       20,          4,    3,         16.38,          3.50,       6.28,      62.78,    219.67,         22.46
       20,          4,    4,         17.77,          3.50,       7.13,      71.34,    249.51,         26.79
       20,          4,    5,         18.12,          3.50,       7.79,      77.87,    272.27,         26.36
       20,          4,    6,         18.72,          3.50,       8.26,      82.57,    288.68,         28.32
       20,          4,    7,         19.17,          3.50,       8.63,      86.27,    301.60,         29.96
       21,          1,    1,          6.52,          3.50,       2.27,      22.68,     79.42,          8.48
       21,          1,    2,         11.86,          3.50,       3.59,      35.91,    125.69,         15.47
       21,          1,    3,         14.62,          3.50,       4.70,      47.01,    164.54,         20.97
       21,          1,    4,         15.94,          3.50,       5.39,      53.90,    188.65,         24.23
       21,          1,    5,         16.58,          3.50,       5.78,      57.75,    202.09,         25.93
       21,          1,    6,         16.89,          3.50,       6.00,      59.98,    209.90,         26.66
       21,          1,    7,         17.11,          3.50,       6.19,      61.87,    216.51,         27.06
       21,          2,    1,          7.63,          3.50,       2.51,      25.12,     87.99,          9.40
       21,          2,    2,         12.93,          3.50,       4.04,      40.41,    141.44,         17.07
       21,          2,    3,         15.63,          3.50,       5.30,      52.97,    185.39,         23.00
       21,          2,    4,         16.54,          3.50,       6.04,      60.40,    211.40,         24.36
       21,          2,    5,         17.51,          3.50,       6.49,      64.95,    227.28,         28.05
       21,          2,    6,         17.87,          3.50,       6.80,      68.03,    238.02,         28.94
       21,          2,    7,         18.17,          3.50,       7.11,      71.04,    248.48,         29.54
       21,          3,    1,          8.53,          3.50,       2.75,      27.56,     96.50,         10.15
       21,          3,    2,         13.86,          3.50,       4.50,      45.04,    157.65,         18.49
       21,          3,    3,         16.57,          3.50,       5.95,      59.48,    208.16,         24.92
       21,          3,    4,         17.83,          3.50,       6.83,      68.33,    239.06,         28.48
       21,          3,    5,         18.53,          3.50,       7.45,      74.48,    260.45,         30.45
       21,          3,    6,         18.96,          3.50,       7.91,      79.10,    276.59,         31.45
       21,          3,    7,         19.31,          3.50,       8.33,      83.27,    291.13,         32.21
       21,          4,    1,          9.28,          3.50,       2.99,      29.93,    104.81,         10.77
       21,          4,    2,         14.64,          3.50,       4.95,      49.47,    173.14,         19.79
       21,          4,    3,         17.35,          3.50,       6.57,      65.65,    229.73,         26.67
       21,          4,    4,         18.35,          3.50,       7.60,      75.99,    265.74,         28.56
       21,          4,    5,         19.35,          3.50,       8.34,      83.39,    291.53,         32.46
       21,          4,    6,         19.78,          3.50,       8.86,      88.63,    309.87,         33.53
       21,          4,    7,         20.09,          3.50,       9.29,      92.94,    324.91,         34.21
       22,          1,    1,          7.11,          3.50,       2.29,      22.93,     80.34,          9.60
       22,          1,    2,         12.45,          3.50,       3.64,      36.45,    127.61,         17.42
       22,          1,    3,         15.18,          3.50,       4.81,      48.04,    168.15,         23.33
       22,          1,    4,         16.60,          3.50,       5.60,      56.02,    196.06,         26.98
       22,          1,    5,         17.29,          3.50,       6.06,      60.52,    211.79,         28.98
       22,          1,    6,         17.46,          3.50,       6.30,      62.98,    220.41,         28.77
       22,          1,    7,         17.59,          3.50,       6.51,      65.05,    227.63,         28.60
       22,          2,    1,          8.38,          3.50,       2.54,      25.39,     88.92,         11.06
       22,          2,    2,         13.52,          3.50,       4.11,      41.07,    143.76,         19.20
       22,          2,    3,         16.22,          3.50,       5.44,      54.42,    190.48,         25.54
       22,          2,    4,         17.58,          3.50,       6.31,      63.14,    220.95,         29.46
       22,          2,    5,         17.99,          3.50,       6.85,      68.44,    239.42,         29.62
       22,          2,    6,         18.67,          3.50,       7.18,      71.77,    251.05,         32.78
       22,          2,    7,         18.98,          3.50,       7.49,      74.88,    261.90,         33.59
       22,          3,    1,          9.27,          3.50,       2.79,      27.90,     97.70,         11.90
       22,          3,    2,         14.37,          3.50,       4.59,      45.91,    160.68,         20.38
       22,          3,    3,         17.12,          3.50,       6.13,      61.26,    214.38,         27.44
       22,          3,    4,         18.56,          3.50,       7.21,      72.11,    252.22,         31.81
       22,          3,    5,         19.35,          3.50,       7.93,      79.27,    277.16,         34.36
       22,          3,    6,         19.81,          3.50,       8.42,      84.20,    294.39,         35.70
       22,          3,    7,         20.17,          3.50,       8.89,      88.86,    310.67,         36.60
       22,          4,    1,          9.94,          3.50,       3.03,      30.29,    106.07,         12.40
       22,          4,    2,         15.11,          3.50,       5.05,      50.49,    176.72,         21.59
       22,          4,    3,         17.87,          3.50,       6.79,      67.86,    237.39,         29.02
       22,          4,    4,         19.27,          3.50,       8.05,      80.48,    281.38,         33.13
       22,          4,    5,         19.91,          3.50,       8.92,      89.23,    311.95,         34.28
       22,          4,    6,         20.35,          3.50,       9.52,      95.24,    332.96,         35.35
       22,          4,    7,         20.96,          3.50,      10.02,     100.16,    350.11,         38.57

