[Radio] Initializing ... success!
Connected to RF power monitor: Rohde&Schwarz,FPC1500,1328.6660K03/205785,V1.80
Connected to DC power monitor: radiolib-org,DCpowerMon,070dd3d
setCurrentLimit, code 0

Set [dBm],paDutyCycle,hpMax,Measured [dBm],Bus voltage[V],Voltage[mV],Current[mA],Power [mW],Efficiency [%]
       -9,          1,    1,        -17.07,          3.50,       0.95,       9.51,     33.32,          0.23
       -9,          1,    2,        -14.54,          3.50,       1.07,      10.70,     37.49,          0.28
       -9,          1,    3,        -13.64,          3.50,       1.17,      11.66,     40.85,          0.27
       -9,          1,    4,        -13.13,          3.50,       1.24,      12.44,     43.58,          0.26
       -9,          1,    5,        -12.78,          3.50,       1.32,      13.23,     46.35,          0.25
       -9,          1,    6,        -12.77,          3.50,       1.39,      13.92,     48.79,          0.22
       -9,          1,    7,        -12.28,          3.50,       1.47,      14.71,     51.53,          0.22
       -9,          2,    1,        -16.51,          3.50,       0.97,       9.71,     34.02,          0.25
       -9,          2,    2,        -14.07,          3.50,       1.10,      10.98,     38.50,          0.29
       -9,          2,    3,        -13.15,          3.50,       1.19,      11.93,     41.83,          0.29
       -9,          2,    4,        -12.61,          3.50,       1.28,      12.81,     44.90,          0.28
       -9,          2,    5,        -12.19,          3.50,       1.37,      13.65,     47.82,          0.26
       -9,          2,    6,        -11.89,          3.50,       1.44,      14.46,     50.68,          0.25
       -9,          2,    7,        -11.60,          3.50,       1.53,      15.26,     53.47,          0.24
       -9,          3,    1,        -15.91,          3.50,       0.99,       9.94,     34.81,          0.26
       -9,          3,    2,        -13.47,          3.50,       1.14,      11.36,     39.80,          0.30
       -9,          3,    3,        -12.45,          3.50,       1.25,      12.46,     43.66,          0.30
       -9,          3,    4,        -11.80,          3.50,       1.34,      13.44,     47.09,          0.30
       -9,          3,    5,        -11.33,          3.50,       1.44,      14.40,     50.47,          0.29
       -9,          3,    6,        -10.97,          3.50,       1.53,      15.28,     53.55,          0.28
       -9,          3,    7,        -10.67,          3.50,       1.61,      16.10,     56.43,          0.27
       -9,          4,    1,        -15.45,          3.50,       1.02,      10.19,     35.72,          0.26
       -9,          4,    2,        -13.10,          3.50,       1.18,      11.81,     41.37,          0.30
       -9,          4,    3,        -12.07,          3.50,       1.31,      13.07,     45.81,          0.30
       -9,          4,    4,        -11.18,          3.50,       1.41,      14.11,     49.45,          0.31
       -9,          4,    5,        -10.71,          3.50,       1.51,      15.07,     52.81,          0.30
       -9,          4,    6,        -10.38,          3.50,       1.60,      15.96,     55.93,          0.29
       -9,          4,    7,        -10.14,          3.50,       1.68,      16.79,     58.83,          0.29
       -8,          1,    1,        -15.80,          3.50,       0.98,       9.81,     34.36,          0.28
       -8,          1,    2,        -13.27,          3.50,       1.11,      11.11,     38.94,          0.34
       -8,          1,    3,        -12.40,          3.50,       1.20,      12.02,     42.10,          0.34
       -8,          1,    4,        -11.90,          3.50,       1.29,      12.89,     45.18,          0.32
       -8,          1,    5,        -11.59,          3.50,       1.36,      13.64,     47.79,          0.30
       -8,          1,    6,        -11.34,          3.50,       1.44,      14.37,     50.36,          0.29
       -8,          1,    7,        -11.16,          3.50,       1.51,      15.14,     53.06,          0.27
       -8,          2,    1,        -15.19,          3.50,       1.00,      10.02,     35.11,          0.30
       -8,          2,    2,        -13.03,          3.50,       1.14,      11.40,     39.94,          0.33
       -8,          2,    3,        -11.89,          3.50,       1.24,      12.37,     43.36,          0.35
       -8,          2,    4,        -11.37,          3.50,       1.33,      13.27,     46.50,          0.34
       -8,          2,    5,        -10.97,          3.50,       1.41,      14.14,     49.56,          0.32
       -8,          2,    6,        -10.68,          3.50,       1.50,      14.95,     52.39,          0.31
       -8,          2,    7,        -10.41,          3.50,       1.58,      15.77,     55.25,          0.30
       -8,          3,    1,        -14.63,          3.50,       1.03,      10.26,     35.94,          0.31
       -8,          3,    2,        -12.45,          3.50,       1.18,      11.81,     41.36,          0.35
       -8,          3,    3,        -11.18,          3.50,       1.30,      12.99,     45.52,          0.37
       -8,          3,    4,        -10.56,          3.50,       1.40,      14.00,     49.07,          0.37
       -8,          3,    5,        -10.34,          3.50,       1.50,      15.02,     52.62,          0.33
       -8,          3,    6,         -9.74,          3.50,       1.59,      15.90,     55.70,          0.35
       -8,          3,    7,         -9.45,          3.50,       1.68,      16.76,     58.73,          0.34
       -8,          4,    1,        -14.15,          3.50,       1.06,      10.53,     36.90,          0.32
       -8,          4,    2,        -11.62,          3.50,       1.23,      12.31,     43.13,          0.38
       -8,          4,    3,        -10.55,          3.50,       1.37,      13.65,     47.85,          0.38
       -8,          4,    4,         -9.88,          3.50,       1.48,      14.83,     51.97,          0.38
       -8,          4,    5,         -9.46,          3.50,       1.58,      15.81,     55.39,          0.37
       -8,          4,    6,         -9.14,          3.50,       1.67,      16.69,     58.47,          0.36
       -8,          4,    7,         -8.91,          3.50,       1.75,      17.52,     61.39,          0.35
       -7,          1,    1,        -14.72,          3.50,       1.01,      10.06,     35.24,          0.33
       -7,          1,    2,        -12.18,          3.50,       1.15,      11.48,     40.22,          0.40
       -7,          1,    3,        -11.33,          3.50,       1.24,      12.40,     43.46,          0.40
       -7,          1,    4,        -10.86,          3.50,       1.32,      13.26,     46.45,          0.38
       -7,          1,    5,        -10.55,          3.50,       1.40,      14.03,     49.17,          0.36
       -7,          1,    6,        -10.32,          3.50,       1.48,      14.81,     51.88,          0.35
       -7,          1,    7,        -10.11,          3.50,       1.56,      15.58,     54.58,          0.33
       -7,          2,    1,        -14.08,          3.50,       1.03,      10.28,     36.03,          0.35
       -7,          2,    2,        -11.69,          3.50,       1.18,      11.75,     41.16,          0.42
       -7,          2,    3,        -10.81,          3.50,       1.28,      12.82,     44.91,          0.42
       -7,          2,    4,        -10.30,          3.50,       1.37,      13.73,     48.10,          0.40
       -7,          2,    5,         -9.91,          3.50,       1.46,      14.64,     51.31,          0.39
       -7,          2,    6,         -9.63,          3.50,       1.55,      15.48,     54.25,          0.37
       -7,          2,    7,         -9.37,          3.50,       1.63,      16.32,     57.17,          0.36
       -7,          3,    1,        -13.51,          3.50,       1.06,      10.58,     37.05,          0.37
       -7,          3,    2,        -11.09,          3.50,       1.23,      12.26,     42.96,          0.43
       -7,          3,    3,        -10.09,          3.50,       1.35,      13.49,     47.26,          0.44
       -7,          3,    4,         -9.77,          3.50,       1.46,      14.60,     51.14,          0.40
       -7,          3,    5,         -9.02,          3.50,       1.56,      15.59,     54.61,          0.42
       -7,          3,    6,         -8.69,          3.50,       1.65,      16.50,     57.81,          0.41
       -7,          3,    7,         -8.52,          3.50,       1.73,      17.36,     60.82,          0.39
       -7,          4,    1,        -13.04,          3.50,       1.09,      10.95,     38.38,          0.36
       -7,          4,    2,        -10.52,          3.50,       1.29,      12.85,     45.04,          0.44
       -7,          4,    3,         -9.46,          3.50,       1.43,      14.27,     49.99,          0.45
       -7,          4,    4,         -8.80,          3.50,       1.55,      15.45,     54.15,          0.45
       -7,          4,    5,         -8.38,          3.50,       1.65,      16.55,     57.97,          0.44
       -7,          4,    6,         -8.08,          3.50,       1.74,      17.42,     61.04,          0.43
       -7,          4,    7,         -7.85,          3.50,       1.83,      18.33,     64.24,          0.42
       -6,          1,    1,        -13.73,          3.50,       1.03,      10.31,     36.11,          0.38
       -6,          1,    2,        -11.22,          3.50,       1.18,      11.78,     41.28,          0.46
       -6,          1,    3,        -10.39,          3.50,       1.28,      12.84,     44.98,          0.46
       -6,          1,    4,         -9.92,          3.50,       1.37,      13.65,     47.82,          0.45
       -6,          1,    5,         -9.61,          3.50,       1.45,      14.49,     50.77,          0.42
       -6,          1,    6,         -9.39,          3.50,       1.53,      15.25,     53.45,          0.40
       -6,          1,    7,         -9.19,          3.50,       1.60,      16.02,     56.11,          0.39
       -6,          2,    1,        -13.10,          3.50,       1.06,      10.59,     37.11,          0.40
       -6,          2,    2,        -10.72,          3.50,       1.21,      12.12,     42.49,          0.48
       -6,          2,    3,         -9.84,          3.50,       1.32,      13.24,     46.40,          0.48
       -6,          2,    4,         -9.34,          3.50,       1.42,      14.20,     49.74,          0.47
       -6,          2,    5,         -8.97,          3.50,       1.51,      15.14,     53.05,          0.45
       -6,          2,    6,         -8.69,          3.50,       1.59,      15.94,     55.85,          0.44
       -6,          2,    7,         -8.44,          3.50,       1.68,      16.78,     58.79,          0.42
       -6,          3,    1,        -12.53,          3.50,       1.09,      10.94,     38.33,          0.42
       -6,          3,    2,        -10.25,          3.50,       1.27,      12.73,     44.60,          0.48
       -6,          3,    3,         -9.17,          3.50,       1.40,      14.01,     49.08,          0.50
       -6,          3,    4,         -8.51,          3.50,       1.51,      15.15,     53.07,          0.50
       -6,          3,    5,         -8.06,          3.50,       1.62,      16.20,     56.73,          0.49
       -6,          3,    6,         -7.74,          3.50,       1.71,      17.09,     59.88,          0.48
       -6,          3,    7,         -7.47,          3.50,       1.81,      18.09,     63.38,          0.47
       -6,          4,    1,        -12.05,          3.50,       1.14,      11.37,     39.85,          0.41
       -6,          4,    2,         -9.53,          3.50,       1.34,      13.38,     46.88,          0.50
       -6,          4,    3,         -8.55,          3.50,       1.49,      14.91,     52.23,          0.51
       -6,          4,    4,         -7.83,          3.50,       1.61,      16.13,     56.53,          0.52
       -6,          4,    5,         -7.42,          3.50,       1.72,      17.20,     60.24,          0.51
       -6,          4,    6,         -7.26,          3.50,       1.82,      18.20,     63.76,          0.48
       -6,          4,    7,         -7.12,          3.50,       1.91,      19.08,     66.82,          0.46
       -5,          1,    1,        -12.08,          3.50,       1.08,      10.84,     37.97,          0.47
       -5,          1,    2,         -9.67,          3.50,       1.25,      12.49,     43.79,          0.57
       -5,          1,    3,         -8.73,          3.50,       1.36,      13.59,     47.60,          0.59
       -5,          1,    4,         -8.29,          3.50,       1.45,      14.47,     50.69,          0.58
       -5,          1,    5,         -8.26,          3.50,       1.53,      15.32,     53.67,          0.52
       -5,          1,    6,         -7.80,          3.50,       1.61,      16.08,     56.36,          0.53
       -5,          1,    7,         -7.61,          3.50,       1.69,      16.85,     59.05,          0.51
       -5,          2,    1,        -11.43,          3.50,       1.12,      11.22,     39.32,          0.50
       -5,          2,    2,         -9.22,          3.50,       1.30,      12.99,     45.51,          0.58
       -5,          2,    3,         -8.19,          3.50,       1.41,      14.14,     49.53,          0.62
       -5,          2,    4,         -7.81,          3.50,       1.52,      15.16,     53.11,          0.59
       -5,          2,    5,         -7.34,          3.50,       1.61,      16.12,     56.48,          0.58
       -5,          2,    6,         -7.07,          3.50,       1.70,      16.93,     59.32,          0.57
       -5,          2,    7,         -6.84,          3.50,       1.79,      17.86,     62.58,          0.55
       -5,          3,    1,        -10.86,          3.50,       1.16,      11.63,     40.75,          0.52
       -5,          3,    2,         -8.43,          3.50,       1.36,      13.60,     47.66,          0.63
       -5,          3,    3,         -7.45,          3.50,       1.51,      15.07,     52.81,          0.64
       -5,          3,    4,         -6.86,          3.50,       1.63,      16.26,     56.97,          0.64
       -5,          3,    5,         -6.42,          3.50,       1.74,      17.35,     60.78,          0.64
       -5,          3,    6,         -6.11,          3.50,       1.84,      18.39,     64.42,          0.62
       -5,          3,    7,         -5.85,          3.50,       1.93,      19.35,     67.80,          0.61
       -5,          4,    1,        -10.38,          3.50,       1.21,      12.11,     42.42,          0.52
       -5,          4,    2,         -7.85,          3.50,       1.44,      14.42,     50.52,          0.63
       -5,          4,    3,         -6.80,          3.50,       1.61,      16.10,     56.42,          0.66
       -5,          4,    4,         -6.16,          3.50,       1.74,      17.43,     61.06,          0.67
       -5,          4,    5,         -5.76,          3.50,       1.86,      18.64,     65.30,          0.65
       -5,          4,    6,         -5.47,          3.50,       1.97,      19.67,     68.90,          0.64
       -5,          4,    7,         -5.26,          3.50,       2.05,      20.55,     71.97,          0.63
       -4,          1,    1,        -11.47,          3.50,       1.11,      11.13,     38.99,          0.51
       -4,          1,    2,         -8.84,          3.50,       1.29,      12.88,     45.13,          0.65
       -4,          1,    3,         -8.01,          3.50,       1.40,      13.96,     48.90,          0.66
       -4,          1,    4,         -7.58,          3.50,       1.49,      14.89,     52.18,          0.64
       -4,          1,    5,         -7.30,          3.50,       1.57,      15.70,     55.01,          0.62
       -4,          1,    6,         -7.09,          3.50,       1.65,      16.51,     57.87,          0.59
       -4,          1,    7,         -6.91,          3.50,       1.73,      17.28,     60.56,          0.57
       -4,          2,    1,        -10.99,          3.50,       1.15,      11.49,     40.25,          0.52
       -4,          2,    2,         -8.33,          3.50,       1.33,      13.34,     46.72,          0.67
       -4,          2,    3,         -7.47,          3.50,       1.46,      14.56,     51.02,          0.69
       -4,          2,    4,         -6.98,          3.50,       1.56,      15.57,     54.57,          0.67
       -4,          2,    5,         -6.75,          3.50,       1.66,      16.57,     58.04,          0.64
       -4,          2,    6,         -6.37,          3.50,       1.74,      17.43,     61.06,          0.64
       -4,          2,    7,         -6.14,          3.50,       1.84,      18.38,     64.40,          0.62
       -4,          3,    1,        -10.14,          3.50,       1.20,      11.96,     41.89,          0.57
       -4,          3,    2,         -7.71,          3.50,       1.41,      14.06,     49.27,          0.69
       -4,          3,    3,         -6.73,          3.50,       1.56,      15.57,     54.55,          0.71
       -4,          3,    4,         -6.29,          3.50,       1.68,      16.79,     58.84,          0.69
       -4,          3,    5,         -5.96,          3.50,       1.80,      17.98,     62.99,          0.66
       -4,          3,    6,         -5.61,          3.50,       1.90,      19.00,     66.55,          0.66
       -4,          3,    7,         -5.14,          3.50,       2.00,      20.00,     70.08,          0.68
       -4,          4,    1,         -9.66,          3.50,       1.25,      12.47,     43.69,          0.57
       -4,          4,    2,         -7.13,          3.50,       1.49,      14.94,     52.36,          0.70
       -4,          4,    3,         -6.08,          3.50,       1.67,      16.70,     58.50,          0.73
       -4,          4,    4,         -5.74,          3.50,       1.81,      18.13,     63.51,          0.69
       -4,          4,    5,         -5.05,          3.50,       1.93,      19.31,     67.64,          0.73
       -4,          4,    6,         -4.75,          3.50,       2.04,      20.36,     71.31,          0.72
       -4,          4,    7,         -4.54,          3.50,       2.13,      21.32,     74.68,          0.70
       -3,          1,    1,        -10.92,          3.50,       1.14,      11.41,     39.97,          0.54
       -3,          1,    2,         -8.41,          3.50,       1.32,      13.22,     46.34,          0.67
       -3,          1,    3,         -7.57,          3.50,       1.44,      14.35,     50.30,          0.69
       -3,          1,    4,         -6.93,          3.50,       1.53,      15.30,     53.61,          0.71
       -3,          1,    5,         -6.66,          3.50,       1.61,      16.14,     56.55,          0.68
       -3,          1,    6,         -6.46,          3.50,       1.69,      16.94,     59.36,          0.66
       -3,          1,    7,         -6.27,          3.50,       1.78,      17.75,     62.17,          0.63
       -3,          2,    1,        -10.07,          3.50,       1.18,      11.80,     41.35,          0.60
       -3,          2,    2,         -7.81,          3.50,       1.37,      13.73,     48.12,          0.71
       -3,          2,    3,         -7.04,          3.50,       1.50,      15.02,     52.62,          0.71
       -3,          2,    4,         -6.33,          3.50,       1.60,      16.04,     56.19,          0.74
       -3,          2,    5,         -6.13,          3.50,       1.70,      17.06,     59.76,          0.70
       -3,          2,    6,         -5.71,          3.50,       1.80,      17.99,     63.01,          0.70
       -3,          2,    7,         -5.48,          3.50,       1.89,      18.90,     66.22,          0.68
       -3,          3,    1,         -9.48,          3.50,       1.23,      12.30,     43.08,          0.62
       -3,          3,    2,         -7.04,          3.50,       1.46,      14.53,     50.91,          0.76
       -3,          3,    3,         -6.06,          3.50,       1.61,      16.07,     56.30,          0.79
       -3,          3,    4,         -5.51,          3.50,       1.73,      17.33,     60.73,          0.78
       -3,          3,    5,         -5.05,          3.50,       1.86,      18.58,     65.09,          0.78
       -3,          3,    6,         -4.74,          3.50,       1.97,      19.66,     68.86,          0.76
       -3,          3,    7,         -4.49,          3.50,       2.06,      20.60,     72.16,          0.75
       -3,          4,    1,         -9.00,          3.50,       1.29,      12.88,     45.14,          0.62
       -3,          4,    2,         -6.46,          3.50,       1.55,      15.46,     54.17,          0.77
       -3,          4,    3,         -5.41,          3.50,       1.73,      17.30,     60.60,          0.80
       -3,          4,    4,         -4.78,          3.50,       1.88,      18.79,     65.83,          0.81
       -3,          4,    5,         -4.38,          3.50,       2.00,      20.03,     70.17,          0.80
       -3,          4,    6,         -4.09,          3.50,       2.11,      21.10,     73.90,          0.79
       -3,          4,    7,         -3.90,          3.50,       2.21,      22.05,     77.23,          0.78
       -2,          1,    1,         -9.55,          3.50,       1.19,      11.92,     41.76,          0.66
       -2,          1,    2,         -6.99,          3.50,       1.39,      13.89,     48.69,          0.84
       -2,          1,    3,         -6.17,          3.50,       1.52,      15.14,     53.04,          0.86
       -2,          1,    4,         -5.74,          3.50,       1.61,      16.09,     56.38,          0.85
       -2,          1,    5,         -5.48,          3.50,       1.70,      16.95,     59.37,          0.83
       -2,          1,    6,         -5.55,          3.50,       1.78,      17.81,     62.38,          0.75
       -2,          1,    7,         -5.11,          3.50,       1.86,      18.63,     65.27,          0.77
       -2,          2,    1,         -9.12,          3.50,       1.24,      12.37,     43.35,          0.66
       -2,          2,    2,         -6.47,          3.50,       1.45,      14.53,     50.91,          0.87
       -2,          2,    3,         -5.68,          3.50,       1.59,      15.85,     55.52,          0.88
       -2,          2,    4,         -5.14,          3.50,       1.69,      16.93,     59.33,          0.89
       -2,          2,    5,         -4.79,          3.50,       1.80,      18.05,     63.26,          0.87
       -2,          2,    6,         -4.67,          3.50,       1.90,      18.98,     66.48,          0.82
       -2,          2,    7,         -4.31,          3.50,       1.99,      19.95,     69.90,          0.82
       -2,          3,    1,         -8.30,          3.50,       1.30,      12.97,     45.43,          0.72
       -2,          3,    2,         -5.84,          3.50,       1.54,      15.41,     53.99,          0.89
       -2,          3,    3,         -4.86,          3.50,       1.71,      17.07,     59.79,          0.93
       -2,          3,    4,         -4.28,          3.50,       1.85,      18.46,     64.67,          0.94
       -2,          3,    5,         -3.86,          3.50,       1.98,      19.77,     69.26,          0.93
       -2,          3,    6,         -3.56,          3.50,       2.08,      20.83,     72.98,          0.92
       -2,          3,    7,         -3.31,          3.50,       2.19,      21.89,     76.68,          0.90
       -2,          4,    1,         -7.82,          3.50,       1.36,      13.58,     47.60,          0.73
       -2,          4,    2,         -5.26,          3.50,       1.65,      16.51,     57.85,          0.90
       -2,          4,    3,         -4.20,          3.50,       1.85,      18.50,     64.81,          0.95
       -2,          4,    4,         -3.58,          3.50,       2.01,      20.12,     70.47,          0.96
       -2,          4,    5,         -3.18,          3.50,       2.14,      21.42,     75.02,          0.96
       -2,          4,    6,         -2.89,          3.50,       2.25,      22.53,     78.92,          0.95
       -2,          4,    7,         -2.69,          3.50,       2.36,      23.56,     82.50,          0.93
       -1,          1,    1,         -8.58,          3.50,       1.24,      12.39,     43.43,          0.75
       -1,          1,    2,         -5.99,          3.50,       1.46,      14.62,     51.23,          0.96
       -1,          1,    3,         -5.16,          3.50,       1.59,      15.88,     55.64,          0.99
       -1,          1,    4,         -4.74,          3.50,       1.68,      16.85,     59.03,          0.99
       -1,          1,    5,         -4.48,          3.50,       1.78,      17.77,     62.26,          0.96
       -1,          1,    6,         -4.28,          3.50,       1.86,      18.61,     65.21,          0.93
       -1,          1,    7,         -4.11,          3.50,       1.95,      19.49,     68.27,          0.90
       -1,          2,    1,         -7.91,          3.50,       1.30,      12.96,     45.41,          0.79
       -1,          2,    2,         -5.45,          3.50,       1.53,      15.27,     53.51,          1.00
       -1,          2,    3,         -4.59,          3.50,       1.67,      16.71,     58.56,          1.03
       -1,          2,    4,         -4.12,          3.50,       1.78,      17.81,     62.40,          1.03
       -1,          2,    5,         -3.78,          3.50,       1.90,      18.97,     66.44,          1.01
       -1,          2,    6,         -3.53,          3.50,       2.00,      19.97,     69.97,          0.99
       -1,          2,    7,         -3.31,          3.50,       2.09,      20.87,     73.09,          0.97
       -1,          3,    1,         -7.32,          3.50,       1.36,      13.59,     47.61,          0.81
       -1,          3,    2,         -4.82,          3.50,       1.63,      16.26,     56.96,          1.02
       -1,          3,    3,         -3.84,          3.50,       1.81,      18.09,     63.37,          1.07
       -1,          3,    4,         -3.27,          3.50,       1.95,      19.53,     68.41,          1.08
       -1,          3,    5,         -2.85,          3.50,       2.09,      20.86,     73.06,          1.08
       -1,          3,    6,         -2.55,          3.50,       2.20,      22.03,     77.16,          1.06
       -1,          3,    7,         -2.30,          3.50,       2.32,      23.14,     81.06,          1.05
       -1,          4,    1,         -6.82,          3.50,       1.43,      14.31,     50.13,          0.82
       -1,          4,    2,         -4.24,          3.50,       1.74,      17.44,     61.12,          1.04
       -1,          4,    3,         -3.38,          3.50,       1.97,      19.67,     68.92,          1.04
       -1,          4,    4,         -2.56,          3.50,       2.14,      21.34,     74.75,          1.11
       -1,          4,    5,         -2.16,          3.50,       2.27,      22.69,     79.49,          1.11
       -1,          4,    6,         -1.88,          3.50,       2.39,      23.92,     83.78,          1.10
       -1,          4,    7,         -1.71,          3.50,       2.50,      25.03,     87.67,          1.07
        0,          1,    1,         -7.69,          3.50,       1.29,      12.93,     45.32,          0.84
        0,          1,    2,         -5.07,          3.50,       1.53,      15.30,     53.61,          1.09
        0,          1,    3,         -4.23,          3.50,       1.66,      16.63,     58.28,          1.13
        0,          1,    4,         -3.85,          3.50,       1.76,      17.62,     61.75,          1.12
        0,          1,    5,         -3.56,          3.50,       1.86,      18.64,     65.29,          1.09
        0,          1,    6,         -3.37,          3.50,       1.95,      19.45,     68.14,          1.07
        0,          1,    7,         -3.20,          3.50,       2.03,      20.33,     71.19,          1.04
        0,          2,    1,         -7.01,          3.50,       1.35,      13.52,     47.37,          0.89
        0,          2,    2,         -4.53,          3.50,       1.60,      16.05,     56.23,          1.13
        0,          2,    3,         -3.66,          3.50,       1.75,      17.53,     61.42,          1.18
        0,          2,    4,         -3.50,          3.50,       1.88,      18.74,     65.66,          1.10
        0,          2,    5,         -2.85,          3.50,       1.99,      19.93,     69.82,          1.16
        0,          2,    6,         -2.61,          3.50,       2.09,      20.87,     73.12,          1.14
        0,          2,    7,         -2.71,          3.50,       2.19,      21.90,     76.72,          1.04
        0,          3,    1,         -6.42,          3.50,       1.42,      14.23,     49.83,          0.92
        0,          3,    2,         -4.12,          3.50,       1.71,      17.11,     59.96,          1.11
        0,          3,    3,         -2.94,          3.50,       1.91,      19.06,     66.79,          1.21
        0,          3,    4,         -2.48,          3.50,       2.06,      20.59,     72.12,          1.20
        0,          3,    5,         -1.93,          3.50,       2.20,      21.99,     77.03,          1.23
        0,          3,    6,         -1.62,          3.50,       2.32,      23.23,     81.36,          1.22
        0,          3,    7,         -1.38,          3.50,       2.44,      24.35,     85.28,          1.20
        0,          4,    1,         -5.93,          3.50,       1.50,      15.00,     52.54,          0.92
        0,          4,    2,         -3.32,          3.50,       1.85,      18.50,     64.80,          1.16
        0,          4,    3,         -2.25,          3.50,       2.08,      20.78,     72.80,          1.24
        0,          4,    4,         -1.63,          3.50,       2.26,      22.56,     79.02,          1.27
        0,          4,    5,         -1.23,          3.50,       2.41,      24.06,     84.27,          1.27
        0,          4,    6,         -1.02,          3.50,       2.54,      25.37,     88.85,          1.24
        0,          4,    7,         -0.74,          3.50,       2.65,      26.50,     92.81,          1.24
        1,          1,    1,         -6.91,          3.50,       1.34,      13.39,     46.92,          0.93
        1,          1,    2,         -4.25,          3.50,       1.60,      15.98,     55.99,          1.21
        1,          1,    3,         -3.40,          3.50,       1.73,      17.35,     60.79,          1.27
        1,          1,    4,         -2.98,          3.50,       1.85,      18.45,     64.63,          1.27
        1,          1,    5,         -2.73,          3.50,       1.94,      19.42,     68.02,          1.24
        1,          1,    6,         -2.54,          3.50,       2.03,      20.27,     71.01,          1.21
        1,          1,    7,         -2.38,          3.50,       2.12,      21.21,     74.30,          1.17
        1,          2,    1,         -6.50,          3.50,       1.41,      14.07,     49.29,          0.92
        1,          2,    2,         -3.70,          3.50,       1.68,      16.77,     58.75,          1.26
        1,          2,    3,         -2.83,          3.50,       1.84,      18.39,     64.44,          1.32
        1,          2,    4,         -2.36,          3.50,       1.96,      19.65,     68.84,          1.32
        1,          2,    5,         -2.02,          3.50,       2.08,      20.79,     72.82,          1.31
        1,          2,    6,         -1.78,          3.50,       2.19,      21.85,     76.52,          1.29
        1,          2,    7,         -1.57,          3.50,       2.29,      22.92,     80.29,          1.26
        1,          3,    1,         -5.62,          3.50,       1.49,      14.86,     52.06,          1.01
        1,          3,    2,         -3.08,          3.50,       1.80,      18.01,     63.08,          1.29
        1,          3,    3,         -2.08,          3.50,       2.01,      20.06,     70.27,          1.36
        1,          3,    4,         -1.51,          3.50,       2.16,      21.64,     75.79,          1.39
        1,          3,    5,         -1.40,          3.50,       2.32,      23.18,     81.18,          1.29
        1,          3,    6,         -1.04,          3.50,       2.44,      24.43,     85.55,          1.30
        1,          3,    7,         -0.82,          3.50,       2.56,      25.59,     89.63,          1.28
        1,          4,    1,         -5.13,          3.50,       1.57,      15.71,     55.03,          1.01
        1,          4,    2,         -2.49,          3.50,       1.95,      19.47,     68.22,          1.30
        1,          4,    3,         -1.42,          3.50,       2.19,      21.93,     76.82,          1.39
        1,          4,    4,         -0.79,          3.50,       2.38,      23.82,     83.42,          1.42
        1,          4,    5,         -0.61,          3.50,       2.54,      25.41,     88.98,          1.35
        1,          4,    6,         -0.11,          3.50,       2.68,      26.74,     93.65,          1.42
        1,          4,    7,          0.10,          3.50,       2.79,      27.92,     97.77,          1.40
        2,          1,    1,         -5.88,          3.50,       1.41,      14.09,     49.35,          1.06
        2,          1,    2,         -3.15,          3.50,       1.70,      16.98,     59.50,          1.40
        2,          1,    3,         -2.29,          3.50,       1.85,      18.53,     64.92,          1.48
        2,          1,    4,         -1.87,          3.50,       1.96,      19.63,     68.78,          1.48
        2,          1,    5,         -1.62,          3.50,       2.06,      20.61,     72.18,          1.46
        2,          1,    6,         -1.44,          3.50,       2.15,      21.50,     75.29,          1.43
        2,          1,    7,         -1.49,          3.50,       2.24,      22.40,     78.45,          1.33
        2,          2,    1,         -5.18,          3.50,       1.49,      14.89,     52.17,          1.11
        2,          2,    2,         -2.60,          3.50,       1.79,      17.89,     62.67,          1.45
        2,          2,    3,         -2.01,          3.50,       1.96,      19.64,     68.81,          1.43
        2,          2,    4,         -1.25,          3.50,       2.09,      20.90,     73.20,          1.55
        2,          2,    5,         -1.14,          3.50,       2.21,      22.15,     77.58,          1.46
        2,          2,    6,         -0.68,          3.50,       2.33,      23.31,     81.63,          1.51
        2,          2,    7,         -0.47,          3.50,       2.43,      24.34,     85.24,          1.49
        2,          3,    1,         -4.58,          3.50,       1.57,      15.75,     55.17,          1.15
        2,          3,    2,         -1.98,          3.50,       1.92,      19.23,     67.37,          1.49
        2,          3,    3,         -1.28,          3.50,       2.15,      21.46,     75.17,          1.48
        2,          3,    4,         -0.40,          3.50,       2.32,      23.18,     81.18,          1.62
        2,          3,    5,          0.02,          3.50,       2.48,      24.79,     86.80,          1.62
        2,          3,    6,          0.31,          3.50,       2.62,      26.16,     91.62,          1.61
        2,          3,    7,          0.27,          3.50,       2.74,      27.41,     95.98,          1.50
        2,          4,    1,         -4.24,          3.50,       1.67,      16.72,     58.57,          1.12
        2,          4,    2,         -1.66,          3.50,       2.08,      20.83,     72.99,          1.42
        2,          4,    3,         -0.31,          3.50,       2.36,      23.58,     82.57,          1.61
        2,          4,    4,          0.10,          3.50,       2.57,      25.66,     89.89,          1.57
        2,          4,    5,          0.73,          3.50,       2.73,      27.34,     95.73,          1.67
        2,          4,    6,          1.02,          3.50,       2.88,      28.80,    100.84,          1.66
        2,          4,    7,          1.22,          3.50,       3.00,      29.99,    105.01,          1.65
        3,          1,    1,         -5.28,          3.50,       1.46,      14.56,     51.03,          1.14
        3,          1,    2,         -2.50,          3.50,       1.76,      17.65,     61.85,          1.53
        3,          1,    3,         -1.64,          3.50,       1.92,      19.25,     67.44,          1.62
        3,          1,    4,         -1.20,          3.50,       2.03,      20.34,     71.27,          1.64
        3,          1,    5,         -0.96,          3.50,       2.14,      21.40,     74.96,          1.61
        3,          1,    6,         -0.77,          3.50,       2.23,      22.32,     78.19,          1.57
        3,          1,    7,         -0.62,          3.50,       2.33,      23.24,     81.41,          1.54
        3,          2,    1,         -4.56,          3.50,       1.54,      15.42,     54.03,          1.20
        3,          2,    2,         -1.94,          3.50,       1.86,      18.62,     65.23,          1.59
        3,          2,    3,         -1.05,          3.50,       2.04,      20.41,     71.47,          1.69
        3,          2,    4,         -0.58,          3.50,       2.18,      21.74,     76.17,          1.71
        3,          2,    5,         -0.25,          3.50,       2.31,      23.09,     80.89,          1.69
        3,          2,    6,         -0.01,          3.50,       2.42,      24.19,     84.75,          1.67
        3,          2,    7,          0.20,          3.50,       2.53,      25.32,     88.65,          1.64
        3,          3,    1,         -3.95,          3.50,       1.64,      16.33,     57.23,          1.24
        3,          3,    2,         -1.31,          3.50,       2.01,      20.09,     70.35,          1.62
        3,          3,    3,         -0.31,          3.50,       2.24,      22.36,     78.33,          1.74
        3,          3,    4,          0.26,          3.50,       2.42,      24.16,     84.61,          1.78
        3,          3,    5,          0.68,          3.50,       2.59,      25.87,     90.59,          1.78
        3,          3,    6,          0.98,          3.50,       2.72,      27.25,     95.41,          1.78
        3,          3,    7,          1.18,          3.50,       2.86,      28.59,    100.11,          1.74
        3,          4,    1,         -3.45,          3.50,       1.73,      17.32,     60.68,          1.26
        3,          4,    2,         -0.73,          3.50,       2.18,      21.78,     76.28,          1.65
        3,          4,    3,          0.11,          3.50,       2.47,      24.69,     86.45,          1.67
        3,          4,    4,          1.00,          3.50,       2.68,      26.81,     93.88,          1.82
        3,          4,    5,          1.41,          3.50,       2.86,      28.61,    100.20,          1.84
        3,          4,    6,          1.70,          3.50,       3.00,      30.03,    105.16,          1.84
        3,          4,    7,          1.90,          3.50,       3.13,      31.27,    109.50,          1.83
        4,          1,    1,         -4.21,          3.50,       1.54,      15.40,     53.95,          1.31
        4,          1,    2,         -1.33,          3.50,       1.90,      18.94,     66.37,          1.78
        4,          1,    3,         -0.72,          3.50,       2.06,      20.64,     72.31,          1.79
        4,          1,    4,         -0.23,          3.50,       2.18,      21.83,     76.44,          1.84
        4,          1,    5,          0.24,          3.50,       2.29,      22.92,     80.29,          1.91
        4,          1,    6,          0.42,          3.50,       2.39,      23.83,     83.46,          1.88
        4,          1,    7,          0.57,          3.50,       2.48,      24.87,     87.10,          1.84
        4,          2,    1,         -3.49,          3.50,       1.64,      16.39,     57.41,          1.38
        4,          2,    2,         -0.77,          3.50,       2.00,      20.03,     70.18,          1.85
        4,          2,    3,          0.14,          3.50,       2.20,      21.96,     76.90,          1.99
        4,          2,    4,          0.61,          3.50,       2.34,      23.39,     81.93,          2.02
        4,          2,    5,          0.94,          3.50,       2.48,      24.79,     86.83,          2.01
        4,          2,    6,          1.17,          3.50,       2.59,      25.92,     90.79,          1.99
        4,          2,    7,          1.38,          3.50,       2.71,      27.10,     94.89,          1.96
        4,          3,    1,         -2.86,          3.50,       1.74,      17.40,     60.96,          1.43
        4,          3,    2,         -0.14,          3.50,       2.16,      21.59,     75.64,          1.91
        4,          3,    3,          0.67,          3.50,       2.41,      24.11,     84.44,          1.96
        4,          3,    4,          1.46,          3.50,       2.60,      26.04,     91.19,          2.11
        4,          3,    5,          1.88,          3.50,       2.78,      27.82,     97.42,          2.13
        4,          3,    6,          2.18,          3.50,       2.93,      29.27,    102.49,          2.13
        4,          3,    7,          2.43,          3.50,       3.06,      30.64,    107.27,          2.12
        4,          4,    1,         -2.36,          3.50,       1.86,      18.63,     65.27,          1.44
        4,          4,    2,          0.45,          3.50,       2.35,      23.50,     82.31,          1.93
        4,          4,    3,          1.57,          3.50,       2.67,      26.66,     93.36,          2.10
        4,          4,    4,          2.22,          3.50,       2.90,      28.99,    101.51,          2.17
        4,          4,    5,          2.64,          3.50,       3.08,      30.75,    107.65,          2.22
        4,          4,    6,          2.94,          3.50,       3.23,      32.32,    113.14,          2.23
        4,          4,    7,          2.87,          3.50,       3.36,      33.58,    117.57,          2.09
        5,          1,    1,         -3.55,          3.50,       1.60,      16.00,     56.06,          1.42
        5,          1,    2,         -0.58,          3.50,       1.98,      19.84,     69.50,          1.96
        5,          1,    3,          0.34,          3.50,       2.16,      21.64,     75.80,          2.13
        5,          1,    4,          0.76,          3.50,       2.29,      22.90,     80.21,          2.16
        5,          1,    5,          1.01,          3.50,       2.39,      23.90,     83.71,          2.15
        5,          1,    6,          1.19,          3.50,       2.49,      24.92,     87.27,          2.11
        5,          1,    7,          1.34,          3.50,       2.59,      25.89,     90.66,          2.07
        5,          2,    1,         -2.80,          3.50,       1.70,      17.04,     59.70,          1.51
        5,          2,    2,         -0.01,          3.50,       2.10,      20.98,     73.51,          2.06
        5,          2,    3,          0.92,          3.50,       2.30,      23.04,     80.71,          2.22
        5,          2,    4,          1.39,          3.50,       2.45,      24.45,     85.65,          2.27
        5,          2,    5,          1.46,          3.50,       2.59,      25.90,     90.70,          2.13
        5,          2,    6,          1.96,          3.50,       2.71,      27.07,     94.81,          2.25
        5,          2,    7,          2.16,          3.50,       2.83,      28.28,     99.04,          2.22
        5,          3,    1,         -2.17,          3.50,       1.82,      18.18,     63.70,          1.57
        5,          3,    2,          0.40,          3.50,       2.26,      22.63,     79.26,          2.02
        5,          3,    3,          1.39,          3.50,       2.53,      25.30,     88.59,          2.16
        5,          3,    4,          2.26,          3.50,       2.72,      27.24,     95.40,          2.39
        5,          3,    5,          2.68,          3.50,       2.91,      29.05,    101.72,          2.42
        5,          3,    6,          2.88,          3.50,       3.05,      30.52,    106.86,          2.37
        5,          3,    7,          3.23,          3.50,       3.19,      31.93,    111.77,          2.42
        5,          4,    1,         -1.66,          3.50,       1.94,      19.42,     68.04,          1.58
        5,          4,    2,          1.24,          3.50,       2.47,      24.68,     86.42,          2.16
        5,          4,    3,          2.38,          3.50,       2.79,      27.92,     97.76,          2.37
        5,          4,    4,          3.04,          3.50,       3.03,      30.26,    105.96,          2.48
        5,          4,    5,          3.46,          3.50,       3.22,      32.21,    112.76,          2.53
        5,          4,    6,          3.54,          3.50,       3.37,      33.72,    118.07,          2.42
        5,          4,    7,          3.97,          3.50,       3.50,      35.05,    122.69,          2.55
        6,          1,    1,         -2.76,          3.50,       1.67,      16.73,     58.62,          1.58
        6,          1,    2,          0.36,          3.50,       2.09,      20.90,     73.21,          2.26
        6,          1,    3,          1.32,          3.50,       2.29,      22.87,     80.10,          2.46
        6,          1,    4,          1.76,          3.50,       2.41,      24.11,     84.45,          2.52
        6,          1,    5,          2.00,          3.50,       2.52,      25.20,     88.26,          2.50
        6,          1,    6,          2.17,          3.50,       2.62,      26.17,     91.63,          2.47
        6,          1,    7,          2.04,          3.50,       2.72,      27.16,     95.13,          2.28
        6,          2,    1,         -1.98,          3.50,       1.79,      17.87,     62.59,          1.68
        6,          2,    2,          0.95,          3.50,       2.22,      22.16,     77.61,          2.37
        6,          2,    3,          1.91,          3.50,       2.43,      24.29,     85.08,          2.58
        6,          2,    4,          2.38,          3.50,       2.58,      25.77,     90.27,          2.65
        6,          2,    5,          2.71,          3.50,       2.72,      27.19,     95.21,          2.66
        6,          2,    6,          2.94,          3.50,       2.84,      28.43,     99.55,          2.64
        6,          2,    7,          3.14,          3.50,       2.96,      29.62,    103.71,          2.62
        6,          3,    1,         -1.32,          3.50,       1.91,      19.13,     67.02,          1.75
        6,          3,    2,          1.61,          3.50,       2.39,      23.88,     83.65,          2.47
        6,          3,    3,          2.68,          3.50,       2.67,      26.67,     93.40,          2.70
        6,          3,    4,          3.04,          3.50,       2.87,      28.67,    100.41,          2.67
        6,          3,    5,          3.68,          3.50,       3.05,      30.51,    106.81,          2.85
        6,          3,    6,          3.98,          3.50,       3.21,      32.10,    112.38,          2.86
        6,          3,    7,          4.22,          3.50,       3.35,      33.48,    117.22,          2.86
        6,          4,    1,         -0.80,          3.50,       2.04,      20.42,     71.53,          1.79
        6,          4,    2,          2.24,          3.50,       2.61,      26.03,     91.16,          2.53
        6,          4,    3,          3.40,          3.50,       2.95,      29.44,    103.11,          2.80
        6,          4,    4,          3.82,          3.50,       3.19,      31.92,    111.75,          2.78
        6,          4,    5,          4.48,          3.50,       3.39,      33.89,    118.64,          2.99
        6,          4,    6,          4.78,          3.50,       3.55,      35.52,    124.34,          3.02
        6,          4,    7,          4.99,          3.50,       3.69,      36.92,    129.25,          3.02
        7,          1,    1,         -1.86,          3.50,       1.75,      17.49,     61.27,          1.80
        7,          1,    2,          1.47,          3.50,       2.21,      22.07,     77.32,          2.69
        7,          1,    3,          2.47,          3.50,       2.41,      24.09,     84.36,          2.98
        7,          1,    4,          2.90,          3.50,       2.54,      25.40,     88.96,          3.05
        7,          1,    5,          3.14,          3.50,       2.66,      26.53,     92.92,          3.04
        7,          1,    6,          3.31,          3.50,       2.75,      27.49,     96.28,          3.01
        7,          1,    7,          3.44,          3.50,       2.85,      28.51,     99.85,          2.96
        7,          2,    1,         -1.02,          3.50,       1.88,      18.76,     65.73,          1.94
        7,          2,    2,          2.08,          3.50,       2.34,      23.40,     81.97,          2.84
        7,          2,    3,          2.76,          3.50,       2.56,      25.61,     89.68,          2.93
        7,          2,    4,          3.51,          3.50,       2.71,      27.13,     94.99,          3.21
        7,          2,    5,          3.83,          3.50,       2.86,      28.61,    100.18,          3.22
        7,          2,    6,          4.06,          3.50,       2.99,      29.84,    104.49,          3.21
        7,          2,    7,          4.03,          3.50,       3.10,      31.04,    108.66,          3.03
        7,          3,    1,         -0.31,          3.50,       2.01,      20.10,     70.42,          2.05
        7,          3,    2,          2.75,          3.50,       2.53,      25.29,     88.57,          2.96
        7,          3,    3,          3.54,          3.50,       2.82,      28.18,     98.66,          3.07
        7,          3,    4,          4.38,          3.50,       3.02,      30.22,    105.80,          3.39
        7,          3,    5,          4.65,          3.50,       3.22,      32.24,    112.86,          3.32
        7,          3,    6,          5.09,          3.50,       3.38,      33.81,    118.36,          3.46
        7,          3,    7,          5.33,          3.50,       3.53,      35.32,    123.64,          3.46
        7,          4,    1,          0.27,          3.50,       2.15,      21.47,     75.21,          2.11
        7,          4,    2,          3.38,          3.50,       2.75,      27.52,     96.35,          3.05
        7,          4,    3,          4.54,          3.50,       3.12,      31.13,    108.98,          3.38
        7,          4,    4,          5.18,          3.50,       3.38,      33.78,    118.24,          3.53
        7,          4,    5,          5.60,          3.50,       3.60,      35.94,    125.78,          3.60
        7,          4,    6,          5.89,          3.50,       3.77,      37.67,    131.86,          3.63
        7,          4,    7,          6.10,          3.50,       3.92,      39.18,    137.15,          3.63
        8,          1,    1,         -0.94,          3.50,       1.81,      18.11,     63.46,          2.10
        8,          1,    2,          2.51,          3.50,       2.30,      23.01,     80.62,          3.21
        8,          1,    3,          3.51,          3.50,       2.52,      25.21,     88.29,          3.55
        8,          1,    4,          3.95,          3.50,       2.66,      26.57,     93.03,          3.65
        8,          1,    5,          4.17,          3.50,       2.76,      27.66,     96.87,          3.64
        8,          1,    6,          4.34,          3.50,       2.87,      28.68,    100.44,          3.61
        8,          1,    7,          4.47,          3.50,       2.97,      29.66,    103.85,          3.56
        8,          2,    1,         -0.06,          3.50,       1.94,      19.45,     68.12,          2.29
        8,          2,    2,          3.11,          3.50,       2.44,      24.38,     85.38,          3.39
        8,          2,    3,          4.08,          3.50,       2.68,      26.79,     93.83,          3.72
        8,          2,    4,          4.53,          3.50,       2.84,      28.39,     99.41,          3.82
        8,          2,    5,          4.85,          3.50,       2.99,      29.91,    104.73,          3.84
        8,          2,    6,          5.07,          3.50,       3.12,      31.16,    109.09,          3.82
        8,          2,    7,          5.26,          3.50,       3.25,      32.45,    113.60,          3.79
        8,          3,    1,          0.67,          3.50,       2.08,      20.84,     72.99,          2.43
        8,          3,    2,          3.77,          3.50,       2.64,      26.44,     92.59,          3.52
        8,          3,    3,          4.82,          3.50,       2.95,      29.51,    103.32,          3.88
        8,          3,    4,          5.38,          3.50,       3.17,      31.71,    111.01,          4.01
        8,          3,    5,          5.79,          3.50,       3.37,      33.75,    118.17,          4.07
        8,          3,    6,          6.08,          3.50,       3.55,      35.45,    124.10,          4.09
        8,          3,    7,          6.32,          3.50,       3.70,      37.02,    129.59,          4.09
        8,          4,    1,          1.25,          3.50,       2.23,      22.32,     78.17,          2.51
        8,          4,    2,          4.39,          3.50,       2.89,      28.89,    101.16,          3.60
        8,          4,    3,          5.53,          3.50,       3.28,      32.74,    114.63,          3.98
        8,          4,    4,          6.06,          3.50,       3.55,      35.51,    124.32,          4.06
        8,          4,    5,          6.59,          3.50,       3.79,      37.87,    132.54,          4.23
        8,          4,    6,          6.88,          3.50,       3.98,      39.76,    139.15,          4.26
        8,          4,    7,          7.09,          3.50,       4.13,      41.32,    144.63,          4.27
        9,          1,    1,          0.12,          3.50,       1.86,      18.64,     65.31,          2.56
        9,          1,    2,          3.58,          3.50,       2.40,      23.99,     84.04,          3.88
        9,          1,    3,          4.26,          3.50,       2.64,      26.40,     92.48,          3.97
        9,          1,    4,          4.75,          3.50,       2.78,      27.79,     97.31,          4.14
        9,          1,    5,          5.25,          3.50,       2.90,      28.99,    101.51,          4.39
        9,          1,    6,          5.40,          3.50,       3.00,      30.01,    105.06,          4.34
        9,          1,    7,          5.54,          3.50,       3.10,      30.98,    108.47,          4.30
        9,          2,    1,          0.98,          3.50,       2.01,      20.07,     70.29,          2.78
        9,          2,    2,          4.18,          3.50,       2.56,      25.57,     89.55,          4.06
        9,          2,    3,          4.83,          3.50,       2.81,      28.13,     98.51,          4.15
        9,          2,    4,          5.60,          3.50,       2.98,      29.80,    104.35,          4.58
        9,          2,    5,          5.91,          3.50,       3.14,      31.38,    109.86,          4.60
        9,          2,    6,          6.12,          3.50,       3.27,      32.70,    114.47,          4.59
        9,          2,    7,          6.30,          3.50,       3.40,      34.01,    119.04,          4.54
        9,          3,    1,          1.70,          3.50,       2.16,      21.59,     75.64,          2.92
        9,          3,    2,          4.82,          3.50,       2.77,      27.71,     97.05,          4.21
        9,          3,    3,          5.87,          3.50,       3.10,      30.99,    108.51,          4.63
        9,          3,    4,          6.42,          3.50,       3.34,      33.36,    116.80,          4.78
        9,          3,    5,          6.83,          3.50,       3.55,      35.56,    124.48,          4.85
        9,          3,    6,          6.82,          3.50,       3.73,      37.34,    130.71,          4.55
        9,          3,    7,          7.35,          3.50,       3.90,      39.04,    136.65,          4.86
        9,          4,    1,          2.28,          3.50,       2.32,      23.23,     81.38,          3.00
        9,          4,    2,          5.20,          3.50,       3.04,      30.37,    106.34,          4.08
        9,          4,    3,          6.57,          3.50,       3.45,      34.52,    120.83,          4.73
        9,          4,    4,          7.19,          3.50,       3.76,      37.58,    131.53,          4.92
        9,          4,    5,          7.62,          3.50,       4.01,      40.13,    140.44,          5.00
        9,          4,    6,          7.90,          3.50,       4.21,      42.13,    147.46,          5.04
        9,          4,    7,          8.11,          3.50,       4.38,      43.75,    153.14,          5.06
       10,          1,    1,          1.03,          3.50,       1.91,      19.10,     66.90,          3.04
       10,          1,    2,          4.51,          3.50,       2.50,      25.01,     87.59,          4.53
       10,          1,    3,          5.27,          3.50,       2.76,      27.57,     96.54,          4.72
       10,          1,    4,          5.98,          3.50,       2.91,      29.11,    101.95,          5.17
       10,          1,    5,          6.21,          3.50,       3.03,      30.31,    106.12,          5.16
       10,          1,    6,          6.36,          3.50,       3.13,      31.32,    109.67,          5.12
       10,          1,    7,          6.21,          3.50,       3.24,      32.39,    113.40,          4.74
       10,          2,    1,          1.89,          3.50,       2.06,      20.59,     72.13,          3.29
       10,          2,    2,          5.10,          3.50,       2.67,      26.69,     93.45,          4.74
       10,          2,    3,          6.08,          3.50,       2.95,      29.46,    103.15,          5.20
       10,          2,    4,          6.54,          3.50,       3.12,      31.15,    109.05,          5.38
       10,          2,    5,          6.85,          3.50,       3.29,      32.86,    115.04,          5.39
       10,          2,    6,          7.06,          3.50,       3.42,      34.18,    119.68,          5.38
       10,          2,    7,          7.25,          3.50,       3.56,      35.56,    124.50,          5.34
       10,          3,    1,          2.29,          3.50,       2.22,      22.23,     77.89,          3.20
       10,          3,    2,          5.74,          3.50,       2.90,      28.99,    101.50,          4.91
       10,          3,    3,          6.80,          3.50,       3.25,      32.51,    113.82,          5.39
       10,          3,    4,          7.35,          3.50,       3.50,      34.97,    122.41,          5.58
       10,          3,    5,          7.75,          3.50,       3.73,      37.33,    130.68,          5.65
       10,          3,    6,          8.03,          3.50,       3.92,      39.21,    137.25,          5.66
       10,          3,    7,          8.00,          3.50,       4.10,      40.99,    143.47,          5.33
       10,          4,    1,          3.16,          3.50,       2.40,      23.94,     83.87,          3.52
       10,          4,    2,          6.33,          3.50,       3.18,      31.81,    111.35,          4.98
       10,          4,    3,          7.48,          3.50,       3.63,      36.29,    127.03,          5.49
       10,          4,    4,          8.10,          3.50,       3.96,      39.57,    138.51,          5.69
       10,          4,    5,          8.53,          3.50,       4.23,      42.30,    148.05,          5.80
       10,          4,    6,          8.53,          3.50,       4.44,      44.40,    155.41,          5.47
       10,          4,    7,          9.03,          3.50,       4.62,      46.21,    161.72,          5.85
       11,          1,    1,          1.85,          3.50,       1.95,      19.54,     68.45,          3.55
       11,          1,    2,          5.40,          3.50,       2.60,      26.03,     91.18,          5.26
       11,          1,    3,          6.39,          3.50,       2.89,      28.94,    101.33,          5.73
       11,          1,    4,          6.91,          3.50,       3.05,      30.51,    106.84,          6.01
       11,          1,    5,          7.13,          3.50,       3.18,      31.79,    111.29,          6.01
       11,          1,    6,          7.29,          3.50,       3.29,      32.84,    114.97,          5.97
       11,          1,    7,          7.41,          3.50,       3.39,      33.89,    118.63,          5.90
       11,          2,    1,          2.72,          3.50,       2.12,      21.18,     74.19,          3.81
       11,          2,    2,          6.00,          3.50,       2.79,      27.87,     97.60,          5.49
       11,          2,    3,          7.01,          3.50,       3.08,      30.87,    108.08,          6.05
       11,          2,    4,          7.47,          3.50,       3.28,      32.76,    114.68,          6.23
       11,          2,    5,          7.78,          3.50,       3.44,      34.42,    120.49,          6.29
       11,          2,    6,          7.83,          3.50,       3.59,      35.86,    125.52,          6.05
       11,          2,    7,          8.17,          3.50,       3.73,      37.30,    130.57,          6.23
       11,          3,    1,          3.42,          3.50,       2.29,      22.90,     80.22,          4.00
       11,          3,    2,          6.44,          3.50,       3.03,      30.33,    106.18,          5.43
       11,          3,    3,          7.71,          3.50,       3.41,      34.13,    119.49,          6.26
       11,          3,    4,          8.26,          3.50,       3.68,      36.79,    128.80,          6.47
       11,          3,    5,          8.67,          3.50,       3.93,      39.29,    137.50,          6.55
       11,          3,    6,          8.94,          3.50,       4.13,      41.28,    144.48,          6.57
       11,          3,    7,          9.17,          3.50,       4.32,      43.16,    151.08,          6.57
       11,          4,    1,          3.98,          3.50,       2.47,      24.73,     86.63,          4.06
       11,          4,    2,          7.22,          3.50,       3.33,      33.35,    116.75,          5.75
       11,          4,    3,          8.38,          3.50,       3.82,      38.24,    133.85,          6.33
       11,          4,    4,          9.01,          3.50,       4.18,      41.76,    146.17,          6.57
       11,          4,    5,          9.37,          3.50,       4.47,      44.68,    156.38,          6.58
       11,          4,    6,          9.73,          3.50,       4.70,      46.97,    164.40,          6.74
       11,          4,    7,          9.95,          3.50,       4.89,      48.91,    171.18,          6.76
       12,          1,    1,          2.61,          3.50,       2.00,      19.97,     69.97,          4.10
       12,          1,    2,          6.27,          3.50,       2.72,      27.21,     95.29,          6.07
       12,          1,    3,          7.39,          3.50,       3.04,      30.42,    106.49,          6.77
       12,          1,    4,          7.63,          3.50,       3.22,      32.23,    112.85,          6.63
       12,          1,    5,          8.08,          3.50,       3.35,      33.48,    117.21,          7.01
       12,          1,    6,          8.24,          3.50,       3.45,      34.55,    120.95,          6.97
       12,          1,    7,          8.35,          3.50,       3.56,      35.64,    124.75,          6.89
       12,          2,    1,          3.49,          3.50,       2.17,      21.70,     76.02,          4.40
       12,          2,    2,          6.85,          3.50,       2.92,      29.24,    102.39,          6.27
       12,          2,    3,          7.94,          3.50,       3.26,      32.57,    114.04,          7.01
       12,          2,    4,          8.41,          3.50,       3.45,      34.54,    120.91,          7.25
       12,          2,    5,          8.73,          3.50,       3.64,      36.40,    127.41,          7.30
       12,          2,    6,          8.63,          3.50,       3.79,      37.86,    132.51,          6.80
       12,          2,    7,          9.13,          3.50,       3.94,      39.41,    137.94,          7.25
       12,          3,    1,          4.21,          3.50,       2.36,      23.55,     82.47,          4.60
       12,          3,    2,          7.53,          3.50,       3.19,      31.88,    111.62,          6.55
       12,          3,    3,          8.64,          3.50,       3.61,      36.04,    126.15,          7.25
       12,          3,    4,          9.18,          3.50,       3.89,      38.90,    136.15,          7.47
       12,          3,    5,          9.49,          3.50,       4.16,      41.63,    145.72,          7.38
       12,          3,    6,          9.89,          3.50,       4.37,      43.66,    152.81,          7.64
       12,          3,    7,         10.07,          3.50,       4.57,      45.72,    160.02,          7.54
       12,          4,    1,          4.76,          3.50,       2.55,      25.48,     89.25,          4.67
       12,          4,    2,          7.89,          3.50,       3.51,      35.04,    122.68,          6.30
       12,          4,    3,          9.27,          3.50,       4.04,      40.42,    141.47,          7.28
       12,          4,    4,          9.94,          3.50,       4.42,      44.16,    154.58,          7.62
       12,          4,    5,         10.38,          3.50,       4.74,      47.42,    165.98,          7.76
       12,          4,    6,         10.68,          3.50,       4.99,      49.93,    174.77,          7.81
       12,          4,    7,         10.90,          3.50,       5.21,      52.07,    182.23,          7.83
       13,          1,    1,          3.34,          3.50,       2.04,      20.38,     71.40,          4.69
       13,          1,    2,          7.17,          3.50,       2.86,      28.56,    100.00,          6.99
       13,          1,    3,          8.38,          3.50,       3.23,      32.28,    113.04,          7.86
       13,          1,    4,          8.86,          3.50,       3.42,      34.17,    119.61,          8.17
       13,          1,    5,          9.11,          3.50,       3.56,      35.59,    124.58,          8.21
       13,          1,    6,          9.26,          3.50,       3.67,      36.73,    128.55,          8.17
       13,          1,    7,          9.38,          3.50,       3.78,      37.82,    132.41,          8.11
       13,          2,    1,          4.23,          3.50,       2.23,      22.28,     78.03,          5.02
       13,          2,    2,          7.82,          3.50,       3.08,      30.78,    107.77,          7.34
       13,          2,    3,          8.94,          3.50,       3.46,      34.58,    121.08,          8.18
       13,          2,    4,          9.19,          3.50,       3.67,      36.76,    128.67,          8.03
       13,          2,    5,          9.74,          3.50,       3.88,      38.78,    135.73,          8.53
       13,          2,    6,          9.96,          3.50,       4.04,      40.36,    141.29,          8.54
       13,          2,    7,         10.02,          3.50,       4.20,      41.95,    146.84,          8.26
       13,          3,    1,          4.96,          3.50,       2.42,      24.22,     84.84,          5.26
       13,          3,    2,          8.46,          3.50,       3.36,      33.64,    117.79,          7.58
       13,          3,    3,          9.63,          3.50,       3.84,      38.36,    134.26,          8.43
       13,          3,    4,         10.20,          3.50,       4.15,      41.50,    145.26,          8.74
       13,          3,    5,         10.63,          3.50,       4.44,      44.35,    155.22,          8.89
       13,          3,    6,         10.91,          3.50,       4.67,      46.65,    163.30,          8.94
       13,          3,    7,         11.15,          3.50,       4.88,      48.83,    170.90,          8.96
       13,          4,    1,          5.52,          3.50,       2.63,      26.29,     92.07,          5.34
       13,          4,    2,          9.04,          3.50,       3.70,      37.03,    129.63,          7.68
       13,          4,    3,         10.28,          3.50,       4.30,      43.00,    150.51,          8.53
       13,          4,    4,         10.94,          3.50,       4.72,      47.14,    164.98,          8.89
       13,          4,    5,         11.40,          3.50,       5.07,      50.74,    177.61,          9.06
       13,          4,    6,         11.70,          3.50,       5.35,      53.53,    187.35,          9.14
       13,          4,    7,         11.93,          3.50,       5.59,      55.87,    195.55,          9.17
       14,          1,    1,          3.88,          3.50,       2.07,      20.72,     72.57,          5.18
       14,          1,    2,          7.60,          3.50,       2.98,      29.75,    104.16,          7.31
       14,          1,    3,          9.22,          3.50,       3.40,      34.03,    119.14,          8.93
       14,          1,    4,          9.53,          3.50,       3.62,      36.17,    126.61,          8.87
       14,          1,    5,         10.00,          3.50,       3.77,      37.69,    131.92,          9.39
       14,          1,    6,         10.15,          3.50,       3.89,      38.91,    136.21,          9.35
       14,          1,    7,         10.28,          3.50,       4.01,      40.09,    140.35,          9.28
       14,          2,    1,          4.78,          3.50,       2.27,      22.73,     79.62,          5.55
       14,          2,    2,          8.58,          3.50,       3.23,      32.28,    113.02,          8.23
       14,          2,    3,          9.79,          3.50,       3.66,      36.60,    128.11,          9.27
       14,          2,    4,         10.30,          3.50,       3.90,      39.00,    136.49,          9.63
       14,          2,    5,         10.62,          3.50,       4.11,      41.05,    143.69,          9.76
       14,          2,    6,         10.84,          3.50,       4.28,      42.77,    149.68,          9.76
       14,          2,    7,         11.03,          3.50,       4.44,      44.43,    155.50,          9.75
       14,          3,    1,          5.53,          3.50,       2.48,      24.84,     87.00,          5.79
       14,          3,    2,          9.23,          3.50,       3.53,      35.34,    123.71,          8.52
       14,          3,    3,         10.48,          3.50,       4.06,      40.58,    142.03,          9.57
       14,          3,    4,         11.07,          3.50,       4.39,      43.94,    153.79,          9.97
       14,          3,    5,         11.51,          3.50,       4.71,      47.08,    164.79,         10.15
       14,          3,    6,         11.80,          3.50,       4.95,      49.52,    173.34,         10.23
       14,          3,    7,         11.78,          3.50,       5.19,      51.93,    181.76,          9.64
       14,          4,    1,          6.10,          3.50,       2.69,      26.86,     94.07,          5.92
       14,          4,    2,          9.81,          3.50,       3.89,      38.91,    136.21,          8.64
       14,          4,    3,         11.11,          3.50,       4.55,      45.53,    159.36,          9.64
       14,          4,    4,         11.82,          3.50,       5.01,      50.05,    175.16,         10.14
       14,          4,    5,         12.02,          3.50,       5.40,      54.04,    189.12,          9.71
       14,          4,    6,         12.61,          3.50,       5.70,      57.02,    199.57,         10.46
       14,          4,    7,         12.64,          3.50,       5.96,      59.62,    208.64,         10.01
       15,          1,    1,          4.30,          3.50,       2.11,      21.10,     73.91,          5.57
       15,          1,    2,          8.55,          3.50,       3.09,      30.88,    108.11,          8.67
       15,          1,    3,         10.02,          3.50,       3.59,      35.84,    125.49,         10.06
       15,          1,    4,         10.59,          3.50,       3.84,      38.37,    134.32,         10.52
       15,          1,    5,         10.86,          3.50,       4.00,      40.00,    140.01,         10.65
       15,          1,    6,         11.02,          3.50,       4.12,      41.21,    144.26,         10.66
       15,          1,    7,         11.15,          3.50,       4.25,      42.46,    148.61,         10.58
       15,          2,    1,          5.23,          3.50,       2.31,      23.15,     81.07,          6.01
       15,          2,    2,          9.01,          3.50,       3.37,      33.69,    117.95,          8.61
       15,          2,    3,         10.59,          3.50,       3.87,      38.69,    135.43,         10.43
       15,          2,    4,         11.13,          3.50,       4.13,      41.32,    144.63,         10.90
       15,          2,    5,         11.47,          3.50,       4.36,      43.53,    152.37,         11.06
       15,          2,    6,         11.55,          3.50,       4.53,      45.33,    158.65,         10.74
       15,          2,    7,         11.89,          3.50,       4.71,      47.07,    164.75,         11.09
       15,          3,    1,          5.99,          3.50,       2.53,      25.28,     88.53,          6.29
       15,          3,    2,          9.94,          3.50,       3.70,      37.01,    129.56,          9.47
       15,          3,    3,         11.27,          3.50,       4.29,      42.93,    150.28,         10.74
       15,          3,    4,         11.90,          3.50,       4.66,      46.58,    163.04,         11.26
       15,          3,    5,         12.14,          3.50,       4.99,      49.94,    174.79,         10.95
       15,          3,    6,         12.65,          3.50,       5.26,      52.57,    184.01,         11.62
       15,          3,    7,         12.92,          3.50,       5.52,      55.19,    193.16,         11.68
       15,          4,    1,          6.57,          3.50,       2.74,      27.43,     96.04,          6.42
       15,          4,    2,         10.52,          3.50,       4.07,      40.73,    142.57,          9.62
       15,          4,    3,         11.94,          3.50,       4.81,      48.05,    168.15,         10.93
       15,          4,    4,         12.65,          3.50,       5.31,      53.07,    185.75,         11.47
       15,          4,    5,         13.15,          3.50,       5.74,      57.43,    200.99,         11.77
       15,          4,    6,         13.50,          3.50,       6.07,      60.67,    212.29,         11.98
       15,          4,    7,         13.60,          3.50,       6.35,      63.46,    222.08,         11.66
       16,          1,    1,          4.58,          3.50,       2.14,      21.37,     74.86,          5.84
       16,          1,    2,          9.15,          3.50,       3.20,      32.01,    112.07,          9.51
       16,          1,    3,         10.82,          3.50,       3.79,      37.90,    132.68,         11.27
       16,          1,    4,         11.45,          3.50,       4.08,      40.77,    142.70,         11.93
       16,          1,    5,         11.65,          3.50,       4.26,      42.60,    149.12,         11.84
       16,          1,    6,         11.93,          3.50,       4.39,      43.92,    153.73,         12.16
       16,          1,    7,         12.05,          3.50,       4.52,      45.18,    158.13,         12.10
       16,          2,    1,          5.55,          3.50,       2.35,      23.50,     82.31,          6.33
       16,          2,    2,          9.92,          3.50,       3.51,      35.14,    123.00,         10.09
       16,          2,    3,         11.38,          3.50,       4.10,      41.01,    143.54,         11.66
       16,          2,    4,         12.00,          3.50,       4.40,      43.95,    153.83,         12.35
       16,          2,    5,         12.36,          3.50,       4.64,      46.36,    162.27,         12.59
       16,          2,    6,         12.59,          3.50,       4.82,      48.17,    168.59,         12.68
       16,          2,    7,         12.79,          3.50,       5.01,      50.05,    175.17,         12.71
       16,          3,    1,          6.13,          3.50,       2.57,      25.73,     90.09,          6.36
       16,          3,    2,         10.60,          3.50,       3.87,      38.72,    135.55,         10.43
       16,          3,    3,         12.10,          3.50,       4.55,      45.53,    159.36,         12.11
       16,          3,    4,         12.77,          3.50,       4.95,      49.48,    173.18,         12.82
       16,          3,    5,         13.28,          3.50,       5.31,      53.13,    185.95,         13.25
       16,          3,    6,         13.56,          3.50,       5.60,      55.95,    195.82,         13.32
       16,          3,    7,         13.96,          3.50,       5.88,      58.76,    205.65,         13.82
       16,          4,    1,          6.87,          3.50,       2.80,      27.95,     97.85,          6.72
       16,          4,    2,         11.20,          3.50,       4.27,      42.65,    149.27,         10.66
       16,          4,    3,         12.77,          3.50,       5.09,      50.90,    178.15,         12.38
       16,          4,    4,         13.44,          3.50,       5.64,      56.35,    197.22,         12.87
       16,          4,    5,         14.22,          3.50,       6.10,      60.96,    213.32,         14.08
       16,          4,    6,         14.64,          3.50,       6.43,      64.35,    225.18,         14.59
       16,          4,    7,         14.96,          3.50,       6.72,      67.23,    235.23,         14.95
       17,          1,    1,          4.77,          3.50,       2.17,      21.66,     75.87,          5.98
       17,          1,    2,          9.61,          3.50,       3.29,      32.92,    115.25,         10.22
       17,          1,    3,         11.52,          3.50,       3.99,      39.94,    139.80,         12.43
       17,          1,    4,         12.23,          3.50,       4.32,      43.24,    151.34,         13.32
       17,          1,    5,         12.59,          3.50,       4.51,      45.13,    157.94,         13.74
       17,          1,    6,         12.78,          3.50,       4.64,      46.39,    162.37,         13.87
       17,          1,    7,         12.91,          3.50,       4.75,      47.54,    166.39,         13.89
       17,          2,    1,          5.46,          3.50,       2.38,      23.82,     83.44,          6.08
       17,          2,    2,         10.35,          3.50,       3.64,      36.40,    127.43,         10.64
       17,          2,    3,         12.16,          3.50,       4.33,      43.32,    151.62,         13.07
       17,          2,    4,         12.84,          3.50,       4.65,      46.51,    162.78,         14.03
       17,          2,    5,         13.01,          3.50,       4.89,      48.94,    171.30,         13.74
       17,          2,    6,         13.52,          3.50,       5.08,      50.81,    177.83,         14.78
       17,          2,    7,         13.77,          3.50,       5.28,      52.81,    184.81,         14.95
       17,          3,    1,          6.52,          3.50,       2.61,      26.10,     91.40,          6.82
       17,          3,    2,         10.91,          3.50,       4.03,      40.25,    140.86,         10.69
       17,          3,    3,         12.94,          3.50,       4.80,      47.96,    167.86,         13.84
       17,          3,    4,         13.61,          3.50,       5.23,      52.32,    183.10,         14.57
       17,          3,    5,         14.27,          3.50,       5.62,      56.20,    196.70,         15.63
       17,          3,    6,         14.73,          3.50,       5.94,      59.35,    207.72,         16.33
       17,          3,    7,         15.10,          3.50,       6.24,      62.43,    218.47,         16.77
       17,          4,    1,          6.80,          3.50,       2.84,      28.38,     99.38,          6.49
       17,          4,    2,         11.68,          3.50,       4.43,      44.32,    155.10,         11.37
       17,          4,    3,         13.75,          3.50,       5.36,      53.58,    187.54,         14.64
       17,          4,    4,         14.69,          3.50,       5.92,      59.22,    207.26,         16.19
       17,          4,    5,         15.18,          3.50,       6.40,      63.96,    223.80,         16.63
       17,          4,    6,         15.53,          3.50,       6.74,      67.42,    235.87,         16.99
       17,          4,    7,         16.06,          3.50,       7.03,      70.26,    245.79,         18.32
       18,          1,    1,          4.89,          3.50,       2.19,      21.89,     76.69,          6.07
       18,          1,    2,          9.89,          3.50,       3.38,      33.81,    118.36,         10.55
       18,          1,    3,         12.38,          3.50,       4.18,      41.84,    146.46,         14.33
       18,          1,    4,         13.26,          3.50,       4.56,      45.53,    159.38,         15.85
       18,          1,    5,         13.64,          3.50,       4.76,      47.57,    166.50,         16.44
       18,          1,    6,         13.84,          3.50,       4.90,      48.96,    171.36,         16.65
       18,          1,    7,         13.98,          3.50,       5.02,      50.22,    175.77,         16.69
       18,          2,    1,          5.93,          3.50,       2.41,      24.14,     84.56,          6.66
       18,          2,    2,         10.76,          3.50,       3.75,      37.54,    131.40,         11.28
       18,          2,    3,         12.93,          3.50,       4.57,      45.69,    159.93,         14.64
       18,          2,    4,         13.97,          3.50,       4.94,      49.42,    172.98,         16.93
       18,          2,    5,         14.14,          3.50,       5.24,      52.36,    183.25,         16.47
       18,          2,    6,         14.73,          3.50,       5.46,      54.54,    190.88,         17.99
       18,          2,    7,         15.00,          3.50,       5.70,      56.95,    199.31,         18.24
       18,          3,    1,          6.71,          3.50,       2.65,      26.50,     92.81,          6.98
       18,          3,    2,         11.66,          3.50,       4.17,      41.70,    145.96,         12.19
       18,          3,    3,         13.82,          3.50,       5.08,      50.75,    177.62,         15.86
       18,          3,    4,         14.65,          3.50,       5.59,      55.84,    195.41,         17.21
       18,          3,    5,         15.55,          3.50,       6.03,      60.32,    211.09,         19.35
       18,          3,    6,         15.96,          3.50,       6.39,      63.83,    223.34,         19.96
       18,          3,    7,         16.32,          3.50,       6.72,      67.16,    234.98,         20.49
       18,          4,    1,          7.28,          3.50,       2.88,      28.77,    100.76,          7.13
       18,          4,    2,         12.74,          3.50,       4.58,      45.83,    160.43,         13.96
       18,          4,    3,         14.63,          3.50,       5.64,      56.40,    197.37,         16.91
       18,          4,    4,         15.71,          3.50,       6.28,      62.77,    219.65,         19.21
       18,          4,    5,         16.51,          3.50,       6.80,      67.96,    237.75,         21.12
       18,          4,    6,         16.91,          3.50,       7.17,      71.71,    250.83,         21.83
       18,          4,    7,         17.21,          3.50,       7.47,      74.69,    261.25,         22.35
       19,          1,    1,          5.07,          3.50,       2.21,      22.17,     77.65,          6.23
       19,          1,    2,         10.69,          3.50,       3.45,      34.53,    120.89,         12.35
       19,          1,    3,         13.25,          3.50,       4.37,      43.67,    152.86,         16.66
       19,          1,    4,         14.23,          3.50,       4.83,      48.32,    169.13,         18.49
       19,          1,    5,         14.77,          3.50,       5.10,      50.99,    178.46,         19.70
       19,          1,    6,         15.03,          3.50,       5.28,      52.73,    184.56,         20.09
       19,          1,    7,         15.21,          3.50,       5.43,      54.31,    190.05,         20.25
       19,          2,    1,          5.82,          3.50,       2.45,      24.46,     85.66,          6.41
       19,          2,    2,         11.78,          3.50,       3.87,      38.65,    135.31,         13.78
       19,          2,    3,         14.15,          3.50,       4.83,      48.32,    169.14,         18.19
       19,          2,    4,         15.07,          3.50,       5.32,      53.13,    185.95,         20.11
       19,          2,    5,         15.61,          3.50,       5.67,      56.68,    198.36,         21.13
       19,          2,    6,         15.94,          3.50,       5.93,      59.30,    207.54,         21.64
       19,          2,    7,         16.23,          3.50,       6.19,      61.93,    216.73,         22.00
       19,          3,    1,          6.99,          3.50,       2.68,      26.83,     93.95,          7.35
       19,          3,    2,         12.59,          3.50,       4.29,      42.93,    150.26,         14.58
       19,          3,    3,         15.08,          3.50,       5.39,      53.85,    188.48,         19.81
       19,          3,    4,         16.03,          3.50,       5.98,      59.84,    209.41,         21.85
       19,          3,    5,         16.66,          3.50,       6.49,      64.86,    226.95,         23.07
       19,          3,    6,         17.08,          3.50,       6.87,      68.74,    240.51,         23.78
       19,          3,    7,         17.43,          3.50,       7.23,      72.30,    252.88,         24.37
       19,          4,    1,          7.69,          3.50,       2.91,      29.14,    102.04,          7.71
       19,          4,    2,         13.26,          3.50,       4.71,      47.13,    164.96,         15.24
       19,          4,    3,         15.91,          3.50,       5.96,      59.59,    208.55,         21.35
       19,          4,    4,         16.91,          3.50,       6.69,      66.90,    234.07,         23.57
       19,          4,    5,         17.56,          3.50,       7.27,      72.72,    254.38,         24.97
       19,          4,    6,         17.79,          3.50,       7.68,      76.77,    268.49,         24.78
       19,          4,    7,         18.26,          3.50,       8.02,      80.16,    280.26,         26.35
       20,          1,    1,          5.60,          3.50,       2.24,      22.41,     78.48,          6.96
       20,          1,    2,         11.30,          3.50,       3.53,      35.28,    123.52,         13.86
       20,          1,    3,         14.04,          3.50,       4.56,      45.59,    159.57,         19.01
       20,          1,    4,         15.20,          3.50,       5.13,      51.35,    179.72,         21.59
       20,          1,    5,         15.69,          3.50,       5.46,      54.61,    191.14,         22.47
       20,          1,    6,         16.09,          3.50,       5.66,      56.63,    198.21,         23.67
       20,          1,    7,         16.30,          3.50,       5.84,      58.41,    204.42,         23.95
       20,          2,    1,          6.79,          3.50,       2.48,      24.81,     86.89,          7.85
       20,          2,    2,         12.41,          3.50,       3.96,      39.64,    138.77,         15.47
       20,          2,    3,         14.79,          3.50,       5.09,      50.94,    178.29,         19.78
       20,          2,    4,         16.09,          3.50,       5.70,      57.04,    199.64,         23.43
       20,          2,    5,         16.68,          3.50,       6.10,      61.03,    213.60,         24.82
       20,          2,    6,         17.03,          3.50,       6.39,      63.94,    223.74,         25.52
       20,          2,    7,         17.32,          3.50,       6.69,      66.85,    233.90,         25.95
       20,          3,    1,          7.79,          3.50,       2.72,      27.19,     95.22,          8.69
       20,          3,    2,         13.39,          3.50,       4.41,      44.03,    154.11,         17.03
       20,          3,    3,         15.96,          3.50,       5.69,      56.91,    199.20,         22.79
       20,          3,    4,         17.03,          3.50,       6.41,      64.14,    224.40,         25.47
       20,          3,    5,         17.69,          3.50,       6.97,      69.69,    243.83,         26.99
       20,          3,    6,         18.11,          3.50,       7.39,      73.84,    258.26,         27.85
       20,          3,    7,         18.45,          3.50,       7.77,      77.67,    271.57,         28.52
       20,          4,    1,          8.35,          3.50,       2.96,      29.54,    103.42,          8.83
       20,          4,    2,         14.19,          3.50,       4.84,      48.33,    169.18,         18.35
       20,          4,    3,         16.76,          3.50,       6.28,      62.78,    219.68,         24.48
       20,          4,    4,         17.86,          3.50,       7.13,      71.34,    249.53,         27.31
       20,          4,    5,         18.53,          3.50,       7.78,      77.83,    272.17,         28.98
       20,          4,    6,         18.95,          3.50,       8.25,      82.50,    288.46,         29.89
       20,          4,    7,         19.25,          3.50,       8.62,      86.19,    301.32,         30.54
       21,          1,    1,          6.32,          3.50,       2.27,      22.66,     79.39,          8.09
       21,          1,    2,         11.85,          3.50,       3.59,      35.91,    125.69,         15.43
       21,          1,    3,         14.71,          3.50,       4.70,      47.00,    164.49,         21.43
       21,          1,    4,         16.03,          3.50,       5.39,      53.90,    188.64,         24.73
       21,          1,    5,         16.67,          3.50,       5.77,      57.73,    202.05,         26.44
       21,          1,    6,         16.98,          3.50,       5.99,      59.92,    209.69,         27.21
       21,          1,    7,         17.19,          3.50,       6.18,      61.83,    216.36,         27.59
       21,          2,    1,          7.42,          3.50,       2.52,      25.15,     88.08,          8.95
       21,          2,    2,         13.02,          3.50,       4.04,      40.42,    141.47,         17.41
       21,          2,    3,         15.72,          3.50,       5.30,      52.94,    185.29,         23.49
       21,          2,    4,         16.89,          3.50,       6.03,      60.35,    211.19,         26.42
       21,          2,    5,         17.59,          3.50,       6.49,      64.87,    226.98,         28.62
       21,          2,    6,         17.95,          3.50,       6.80,      67.98,    237.86,         29.51
       21,          2,    7,         18.25,          3.50,       7.10,      70.99,    248.32,         30.10
       21,          3,    1,          8.63,          3.50,       2.76,      27.56,     96.51,         10.37
       21,          3,    2,         13.95,          3.50,       4.51,      45.07,    157.73,         18.88
       21,          3,    3,         16.66,          3.50,       5.95,      59.46,    208.06,         25.46
       21,          3,    4,         17.91,          3.50,       6.84,      68.32,    239.04,         29.04
       21,          3,    5,         18.62,          3.50,       7.45,      74.46,    260.41,         31.05
       21,          3,    6,         19.05,          3.50,       7.91,      79.05,    276.41,         32.09
       21,          3,    7,         19.09,          3.50,       8.32,      83.24,    291.01,         30.60
       21,          4,    1,          9.37,          3.50,       3.00,      29.95,    104.88,         11.01
       21,          4,    2,         14.73,          3.50,       4.95,      49.42,    172.98,         20.25
       21,          4,    3,         17.44,          3.50,       6.56,      65.62,    229.62,         27.27
       21,          4,    4,         18.66,          3.50,       7.60,      75.97,    265.66,         30.66
       21,          4,    5,         19.43,          3.50,       8.34,      83.34,    291.40,         33.10
       21,          4,    6,         19.86,          3.50,       8.86,      88.57,    309.64,         34.19
       21,          4,    7,         20.17,          3.50,       9.29,      92.84,    324.57,         34.89
       22,          1,    1,          7.31,          3.50,       2.29,      22.93,     80.32,         10.04
       22,          1,    2,         12.31,          3.50,       3.65,      36.45,    127.61,         16.87
       22,          1,    3,         15.08,          3.50,       4.81,      48.06,    168.20,         22.78
       22,          1,    4,         16.42,          3.50,       5.60,      55.99,    195.97,         25.90
       22,          1,    5,         17.37,          3.50,       6.05,      60.51,    211.75,         29.52
       22,          1,    6,         17.69,          3.50,       6.30,      62.95,    220.29,         30.38
       22,          1,    7,         17.80,          3.50,       6.50,      65.02,    227.51,         29.98
       22,          2,    1,          8.43,          3.50,       2.54,      25.39,     88.94,         11.16
       22,          2,    2,         13.61,          3.50,       4.11,      41.07,    143.75,         19.57
       22,          2,    3,         16.13,          3.50,       5.44,      54.38,    190.34,         25.03
       22,          2,    4,         17.66,          3.50,       6.31,      63.07,    220.71,         30.04
       22,          2,    5,         18.36,          3.50,       6.84,      68.36,    239.19,         32.25
       22,          2,    6,         18.75,          3.50,       7.17,      71.66,    250.67,         33.41
       22,          2,    7,         19.06,          3.50,       7.48,      74.80,    261.59,         34.22
       22,          3,    1,          9.37,          3.50,       2.79,      27.92,     97.78,         12.16
       22,          3,    2,         14.49,          3.50,       4.59,      45.92,    160.70,         20.98
       22,          3,    3,         17.21,          3.50,       6.12,      61.23,    214.28,         28.02
       22,          3,    4,         18.65,          3.50,       7.20,      72.03,    251.97,         32.48
       22,          3,    5,         19.43,          3.50,       7.92,      79.23,    277.05,         35.02
       22,          3,    6,         19.89,          3.50,       8.42,      84.16,    294.24,         36.39
       22,          3,    7,         20.06,          3.50,       8.88,      88.81,    310.49,         35.72
       22,          4,    1,          9.70,          3.50,       3.03,      30.30,    106.11,         11.74
       22,          4,    2,         15.21,          3.50,       5.05,      50.47,    176.64,         22.09
       22,          4,    3,         17.96,          3.50,       6.79,      67.89,    237.52,         29.63
       22,          4,    4,         19.44,          3.50,       8.05,      80.45,    281.28,         34.55
       22,          4,    5,         20.25,          3.50,       8.92,      89.19,    311.81,         37.17
       22,          4,    6,         20.71,          3.50,       9.51,      95.13,    332.57,         38.52
       22,          4,    7,         21.04,          3.50,      10.01,     100.04,    349.74,         39.30

