[Radio] Initializing ... success!
Connected to RF power monitor: Rohde&Schwarz,FPC1500,1328.6660K03/205785,V1.80
Connected to DC power monitor: radiolib-org,DCpowerMon,070dd3d
setCurrentLimit, code 0

Set [dBm],paDutyCycle,hpMax,Measured [dBm],Bus voltage[V],Voltage[mV],Current[mA],Power [mW],Efficiency [%]
       -9,          1,    1,        -17.14,          3.50,       0.95,       9.53,     33.37,          0.23
       -9,          1,    2,        -14.90,          3.50,       1.07,      10.69,     37.46,          0.26
       -9,          1,    3,        -13.70,          3.50,       1.16,      11.63,     40.76,          0.27
       -9,          1,    4,        -13.19,          3.50,       1.24,      12.41,     43.49,          0.26
       -9,          1,    5,        -12.85,          3.50,       1.32,      13.22,     46.33,          0.24
       -9,          1,    6,        -12.59,          3.50,       1.39,      13.91,     48.74,          0.23
       -9,          1,    7,        -12.35,          3.50,       1.47,      14.73,     51.60,          0.22
       -9,          2,    1,        -16.52,          3.50,       0.97,       9.68,     33.91,          0.25
       -9,          2,    2,        -14.13,          3.50,       1.09,      10.93,     38.29,          0.29
       -9,          2,    3,        -13.21,          3.50,       1.19,      11.93,     41.80,          0.28
       -9,          2,    4,        -12.67,          3.50,       1.28,      12.81,     44.89,          0.27
       -9,          2,    5,        -12.26,          3.50,       1.36,      13.63,     47.76,          0.26
       -9,          2,    6,        -11.95,          3.50,       1.44,      14.44,     50.59,          0.25
       -9,          2,    7,        -11.68,          3.50,       1.52,      15.22,     53.34,          0.24
       -9,          3,    1,        -15.97,          3.50,       0.99,       9.92,     34.76,          0.26
       -9,          3,    2,        -13.53,          3.50,       1.13,      11.34,     39.73,          0.30
       -9,          3,    3,        -12.50,          3.50,       1.24,      12.42,     43.50,          0.30
       -9,          3,    4,        -11.86,          3.50,       1.34,      13.43,     47.07,          0.29
       -9,          3,    5,        -11.38,          3.50,       1.44,      14.40,     50.44,          0.28
       -9,          3,    6,        -11.03,          3.50,       1.53,      15.24,     53.40,          0.28
       -9,          3,    7,        -10.73,          3.50,       1.61,      16.09,     56.36,          0.27
       -9,          4,    1,        -15.51,          3.50,       1.02,      10.18,     35.68,          0.26
       -9,          4,    2,        -12.98,          3.50,       1.18,      11.80,     41.35,          0.30
       -9,          4,    3,        -11.89,          3.50,       1.30,      13.05,     45.72,          0.31
       -9,          4,    4,        -11.20,          3.50,       1.41,      14.10,     49.42,          0.31
       -9,          4,    5,        -10.77,          3.50,       1.51,      15.08,     52.84,          0.30
       -9,          4,    6,        -10.45,          3.50,       1.59,      15.95,     55.91,          0.29
       -9,          4,    7,        -10.20,          3.50,       1.68,      16.76,     58.73,          0.28
       -8,          1,    1,        -15.86,          3.50,       0.98,       9.76,     34.20,          0.28
       -8,          1,    2,        -13.54,          3.50,       1.11,      11.11,     38.92,          0.32
       -8,          1,    3,        -12.46,          3.50,       1.20,      12.01,     42.09,          0.33
       -8,          1,    4,        -12.22,          3.50,       1.29,      12.87,     45.07,          0.30
       -8,          1,    5,        -11.65,          3.50,       1.36,      13.62,     47.72,          0.30
       -8,          1,    6,        -11.60,          3.50,       1.44,      14.38,     50.38,          0.27
       -8,          1,    7,        -11.45,          3.50,       1.51,      15.14,     53.04,          0.26
       -8,          2,    1,        -15.24,          3.50,       1.00,      10.00,     35.03,          0.29
       -8,          2,    2,        -12.85,          3.50,       1.14,      11.36,     39.79,          0.35
       -8,          2,    3,        -11.96,          3.50,       1.23,      12.35,     43.27,          0.35
       -8,          2,    4,        -11.44,          3.50,       1.33,      13.29,     46.55,          0.33
       -8,          2,    5,        -11.04,          3.50,       1.41,      14.13,     49.50,          0.32
       -8,          2,    6,        -10.75,          3.50,       1.50,      14.98,     52.47,          0.31
       -8,          2,    7,        -10.48,          3.50,       1.58,      15.75,     55.17,          0.30
       -8,          3,    1,        -14.70,          3.50,       1.02,      10.26,     35.94,          0.30
       -8,          3,    2,        -12.26,          3.50,       1.18,      11.79,     41.29,          0.36
       -8,          3,    3,        -11.25,          3.50,       1.30,      12.99,     45.51,          0.36
       -8,          3,    4,        -10.62,          3.50,       1.40,      13.98,     48.99,          0.36
       -8,          3,    5,        -10.16,          3.50,       1.50,      15.02,     52.61,          0.35
       -8,          3,    6,         -9.81,          3.50,       1.59,      15.88,     55.64,          0.34
       -8,          3,    7,         -9.63,          3.50,       1.67,      16.74,     58.64,          0.32
       -8,          4,    1,        -14.49,          3.50,       1.05,      10.53,     36.88,          0.29
       -8,          4,    2,        -11.70,          3.50,       1.23,      12.31,     43.14,          0.37
       -8,          4,    3,        -10.83,          3.50,       1.37,      13.66,     47.85,          0.36
       -8,          4,    4,         -9.98,          3.50,       1.48,      14.82,     51.91,          0.37
       -8,          4,    5,         -9.52,          3.50,       1.58,      15.82,     55.43,          0.36
       -8,          4,    6,         -9.22,          3.50,       1.67,      16.69,     58.48,          0.35
       -8,          4,    7,         -8.98,          3.50,       1.75,      17.52,     61.40,          0.34
       -7,          1,    1,        -14.79,          3.50,       1.01,      10.04,     35.18,          0.32
       -7,          1,    2,        -12.26,          3.50,       1.15,      11.46,     40.15,          0.39
       -7,          1,    3,        -11.41,          3.50,       1.24,      12.39,     43.41,          0.39
       -7,          1,    4,        -10.94,          3.50,       1.32,      13.24,     46.41,          0.37
       -7,          1,    5,        -10.62,          3.50,       1.40,      14.06,     49.27,          0.36
       -7,          1,    6,        -10.39,          3.50,       1.48,      14.80,     51.86,          0.34
       -7,          1,    7,        -10.19,          3.50,       1.56,      15.56,     54.54,          0.32
       -7,          2,    1,        -14.15,          3.50,       1.03,      10.31,     36.13,          0.34
       -7,          2,    2,        -11.83,          3.50,       1.17,      11.73,     41.11,          0.40
       -7,          2,    3,        -11.07,          3.50,       1.28,      12.81,     44.89,          0.39
       -7,          2,    4,        -10.62,          3.50,       1.37,      13.70,     47.98,          0.38
       -7,          2,    5,        -10.27,          3.50,       1.46,      14.64,     51.30,          0.36
       -7,          2,    6,         -9.95,          3.50,       1.55,      15.45,     54.14,          0.35
       -7,          2,    7,         -9.45,          3.50,       1.63,      16.29,     57.06,          0.35
       -7,          3,    1,        -13.59,          3.50,       1.06,      10.57,     37.04,          0.36
       -7,          3,    2,        -11.17,          3.50,       1.22,      12.23,     42.84,          0.42
       -7,          3,    3,        -10.17,          3.50,       1.35,      13.47,     47.22,          0.43
       -7,          3,    4,         -9.55,          3.50,       1.46,      14.59,     51.13,          0.42
       -7,          3,    5,         -9.10,          3.50,       1.56,      15.56,     54.52,          0.41
       -7,          3,    6,         -8.76,          3.50,       1.65,      16.51,     57.85,          0.40
       -7,          3,    7,         -8.49,          3.50,       1.74,      17.36,     60.84,          0.39
       -7,          4,    1,        -13.11,          3.50,       1.09,      10.92,     38.25,          0.36
       -7,          4,    2,        -10.60,          3.50,       1.29,      12.86,     45.07,          0.43
       -7,          4,    3,         -9.77,          3.50,       1.43,      14.28,     50.03,          0.42
       -7,          4,    4,         -8.87,          3.50,       1.55,      15.48,     54.22,          0.44
       -7,          4,    5,         -8.46,          3.50,       1.65,      16.50,     57.81,          0.43
       -7,          4,    6,         -8.15,          3.50,       1.74,      17.40,     60.95,          0.42
       -7,          4,    7,         -8.22,          3.50,       1.83,      18.29,     64.09,          0.38
       -6,          1,    1,        -13.80,          3.50,       1.03,      10.30,     36.11,          0.37
       -6,          1,    2,        -11.29,          3.50,       1.18,      11.82,     41.41,          0.45
       -6,          1,    3,        -10.45,          3.50,       1.28,      12.80,     44.85,          0.45
       -6,          1,    4,         -9.98,          3.50,       1.37,      13.65,     47.81,          0.44
       -6,          1,    5,         -9.69,          3.50,       1.45,      14.47,     50.72,          0.42
       -6,          1,    6,         -9.46,          3.50,       1.52,      15.24,     53.40,          0.40
       -6,          1,    7,         -9.26,          3.50,       1.60,      15.99,     56.02,          0.38
       -6,          2,    1,        -13.17,          3.50,       1.06,      10.59,     37.10,          0.39
       -6,          2,    2,        -10.79,          3.50,       1.21,      12.15,     42.55,          0.47
       -6,          2,    3,         -9.91,          3.50,       1.33,      13.24,     46.40,          0.47
       -6,          2,    4,         -9.41,          3.50,       1.42,      14.19,     49.70,          0.46
       -6,          2,    5,         -9.04,          3.50,       1.51,      15.13,     53.01,          0.44
       -6,          2,    6,         -8.76,          3.50,       1.60,      15.97,     55.97,          0.43
       -6,          2,    7,         -8.51,          3.50,       1.68,      16.79,     58.83,          0.41
       -6,          3,    1,        -12.60,          3.50,       1.09,      10.95,     38.36,          0.41
       -6,          3,    2,        -10.18,          3.50,       1.27,      12.72,     44.57,          0.49
       -6,          3,    3,         -9.18,          3.50,       1.40,      13.99,     49.02,          0.50
       -6,          3,    4,         -8.58,          3.50,       1.51,      15.17,     53.14,          0.49
       -6,          3,    5,         -8.41,          3.50,       1.62,      16.20,     56.75,          0.45
       -6,          3,    6,         -8.01,          3.50,       1.71,      17.09,     59.90,          0.45
       -6,          3,    7,         -7.54,          3.50,       1.81,      18.06,     63.26,          0.46
       -6,          4,    1,        -12.38,          3.50,       1.13,      11.35,     39.75,          0.38
       -6,          4,    2,         -9.60,          3.50,       1.34,      13.37,     46.85,          0.49
       -6,          4,    3,         -8.54,          3.50,       1.49,      14.89,     52.18,          0.51
       -6,          4,    4,         -7.90,          3.50,       1.62,      16.15,     56.58,          0.51
       -6,          4,    5,         -7.49,          3.50,       1.72,      17.18,     60.18,          0.50
       -6,          4,    6,         -7.19,          3.50,       1.82,      18.20,     63.75,          0.49
       -6,          4,    7,         -6.98,          3.50,       1.91,      19.06,     66.79,          0.48
       -5,          1,    1,        -12.15,          3.50,       1.08,      10.84,     37.99,          0.47
       -5,          1,    2,         -9.65,          3.50,       1.25,      12.51,     43.84,          0.57
       -5,          1,    3,         -8.92,          3.50,       1.36,      13.56,     47.53,          0.57
       -5,          1,    4,         -8.57,          3.50,       1.45,      14.45,     50.61,          0.54
       -5,          1,    5,         -8.08,          3.50,       1.53,      15.31,     53.64,          0.54
       -5,          1,    6,         -7.86,          3.50,       1.61,      16.11,     56.46,          0.52
       -5,          1,    7,         -7.67,          3.50,       1.69,      16.87,     59.12,          0.50
       -5,          2,    1,        -11.51,          3.50,       1.12,      11.22,     39.33,          0.49
       -5,          2,    2,         -9.41,          3.50,       1.30,      12.96,     45.42,          0.56
       -5,          2,    3,         -8.26,          3.50,       1.41,      14.12,     49.46,          0.61
       -5,          2,    4,         -7.77,          3.50,       1.51,      15.14,     53.05,          0.59
       -5,          2,    5,         -7.41,          3.50,       1.61,      16.09,     56.37,          0.58
       -5,          2,    6,         -7.14,          3.50,       1.70,      16.96,     59.43,          0.56
       -5,          2,    7,         -6.91,          3.50,       1.78,      17.84,     62.50,          0.54
       -5,          3,    1,        -10.94,          3.50,       1.16,      11.64,     40.77,          0.51
       -5,          3,    2,         -8.50,          3.50,       1.36,      13.62,     47.71,          0.62
       -5,          3,    3,         -7.52,          3.50,       1.51,      15.09,     52.87,          0.63
       -5,          3,    4,         -6.93,          3.50,       1.63,      16.26,     56.98,          0.63
       -5,          3,    5,         -6.57,          3.50,       1.74,      17.36,     60.81,          0.61
       -5,          3,    6,         -6.18,          3.50,       1.84,      18.38,     64.39,          0.61
       -5,          3,    7,         -5.92,          3.50,       1.93,      19.31,     67.67,          0.60
       -5,          4,    1,        -10.46,          3.50,       1.21,      12.11,     42.42,          0.51
       -5,          4,    2,         -7.93,          3.50,       1.45,      14.45,     50.64,          0.62
       -5,          4,    3,         -6.88,          3.50,       1.61,      16.13,     56.49,          0.65
       -5,          4,    4,         -6.24,          3.50,       1.74,      17.42,     61.04,          0.65
       -5,          4,    5,         -5.84,          3.50,       1.86,      18.61,     65.18,          0.65
       -5,          4,    6,         -5.84,          3.50,       1.97,      19.66,     68.90,          0.59
       -5,          4,    7,         -5.33,          3.50,       2.05,      20.53,     71.94,          0.62
       -4,          1,    1,        -11.45,          3.50,       1.11,      11.13,     38.98,          0.51
       -4,          1,    2,         -8.92,          3.50,       1.29,      12.88,     45.13,          0.64
       -4,          1,    3,         -8.11,          3.50,       1.40,      13.96,     48.91,          0.65
       -4,          1,    4,         -7.66,          3.50,       1.49,      14.88,     52.13,          0.63
       -4,          1,    5,         -7.38,          3.50,       1.57,      15.71,     55.04,          0.61
       -4,          1,    6,         -7.23,          3.50,       1.65,      16.50,     57.83,          0.58
       -4,          1,    7,         -6.99,          3.50,       1.73,      17.30,     60.60,          0.56
       -4,          2,    1,        -10.85,          3.50,       1.15,      11.51,     40.33,          0.53
       -4,          2,    2,         -8.56,          3.50,       1.33,      13.32,     46.66,          0.64
       -4,          2,    3,         -7.79,          3.50,       1.46,      14.55,     50.99,          0.64
       -4,          2,    4,         -7.35,          3.50,       1.56,      15.57,     54.54,          0.62
       -4,          2,    5,         -6.70,          3.50,       1.66,      16.57,     58.04,          0.64
       -4,          2,    6,         -6.72,          3.50,       1.74,      17.43,     61.09,          0.59
       -4,          2,    7,         -6.21,          3.50,       1.84,      18.39,     64.45,          0.61
       -4,          3,    1,        -10.52,          3.50,       1.19,      11.93,     41.80,          0.52
       -4,          3,    2,         -8.09,          3.50,       1.40,      14.05,     49.23,          0.64
       -4,          3,    3,         -7.02,          3.50,       1.56,      15.54,     54.47,          0.67
       -4,          3,    4,         -6.21,          3.50,       1.68,      16.77,     58.74,          0.71
       -4,          3,    5,         -5.79,          3.50,       1.80,      17.98,     62.98,          0.69
       -4,          3,    6,         -5.65,          3.50,       1.90,      18.99,     66.53,          0.65
       -4,          3,    7,         -5.22,          3.50,       2.00,      19.98,     70.02,          0.67
       -4,          4,    1,         -9.74,          3.50,       1.25,      12.48,     43.73,          0.56
       -4,          4,    2,         -7.21,          3.50,       1.50,      14.94,     52.36,          0.69
       -4,          4,    3,         -6.16,          3.50,       1.67,      16.68,     58.43,          0.72
       -4,          4,    4,         -5.52,          3.50,       1.81,      18.13,     63.51,          0.72
       -4,          4,    5,         -5.12,          3.50,       1.93,      19.29,     67.60,          0.72
       -4,          4,    6,         -4.83,          3.50,       2.03,      20.35,     71.30,          0.71
       -4,          4,    7,         -4.62,          3.50,       2.13,      21.31,     74.67,          0.69
       -3,          1,    1,        -10.80,          3.50,       1.14,      11.41,     39.99,          0.55
       -3,          1,    2,         -8.26,          3.50,       1.32,      13.24,     46.39,          0.70
       -3,          1,    3,         -7.44,          3.50,       1.44,      14.37,     50.35,          0.71
       -3,          1,    4,         -7.00,          3.50,       1.53,      15.29,     53.57,          0.70
       -3,          1,    5,         -6.73,          3.50,       1.62,      16.15,     56.59,          0.67
       -3,          1,    6,         -6.52,          3.50,       1.69,      16.92,     59.30,          0.65
       -3,          1,    7,         -6.38,          3.50,       1.77,      17.72,     62.08,          0.62
       -3,          2,    1,        -10.15,          3.50,       1.18,      11.79,     41.30,          0.59
       -3,          2,    2,         -7.74,          3.50,       1.37,      13.72,     48.07,          0.73
       -3,          2,    3,         -6.87,          3.50,       1.50,      14.99,     52.53,          0.75
       -3,          2,    4,         -6.40,          3.50,       1.60,      16.02,     56.11,          0.74
       -3,          2,    5,         -6.34,          3.50,       1.70,      17.02,     59.65,          0.67
       -3,          2,    6,         -5.79,          3.50,       1.80,      17.98,     62.99,          0.69
       -3,          2,    7,         -5.55,          3.50,       1.89,      18.88,     66.14,          0.68
       -3,          3,    1,         -9.56,          3.50,       1.23,      12.29,     43.08,          0.61
       -3,          3,    2,         -7.11,          3.50,       1.45,      14.55,     50.96,          0.75
       -3,          3,    3,         -6.15,          3.50,       1.61,      16.07,     56.30,          0.77
       -3,          3,    4,         -5.55,          3.50,       1.73,      17.32,     60.70,          0.78
       -3,          3,    5,         -5.12,          3.50,       1.86,      18.59,     65.11,          0.76
       -3,          3,    6,         -4.81,          3.50,       1.97,      19.66,     68.88,          0.75
       -3,          3,    7,         -4.56,          3.50,       2.06,      20.61,     72.21,          0.74
       -3,          4,    1,         -9.07,          3.50,       1.29,      12.84,     44.99,          0.61
       -3,          4,    2,         -6.55,          3.50,       1.55,      15.48,     54.23,          0.75
       -3,          4,    3,         -5.48,          3.50,       1.73,      17.27,     60.51,          0.79
       -3,          4,    4,         -4.85,          3.50,       1.88,      18.79,     65.82,          0.80
       -3,          4,    5,         -4.45,          3.50,       2.00,      20.03,     70.17,          0.79
       -3,          4,    6,         -4.15,          3.50,       2.11,      21.08,     73.83,          0.78
       -3,          4,    7,         -3.99,          3.50,       2.20,      22.03,     77.18,          0.76
       -2,          1,    1,         -9.63,          3.50,       1.19,      11.93,     41.78,          0.65
       -2,          1,    2,         -7.06,          3.50,       1.40,      13.92,     48.77,          0.83
       -2,          1,    3,         -6.24,          3.50,       1.51,      15.14,     53.07,          0.85
       -2,          1,    4,         -5.81,          3.50,       1.61,      16.09,     56.39,          0.84
       -2,          1,    5,         -5.54,          3.50,       1.69,      16.95,     59.39,          0.81
       -2,          1,    6,         -5.34,          3.50,       1.78,      17.79,     62.34,          0.78
       -2,          1,    7,         -5.17,          3.50,       1.86,      18.66,     65.35,          0.75
       -2,          2,    1,         -8.96,          3.50,       1.24,      12.40,     43.45,          0.69
       -2,          2,    2,         -6.54,          3.50,       1.46,      14.56,     51.02,          0.85
       -2,          2,    3,         -5.68,          3.50,       1.59,      15.86,     55.59,          0.88
       -2,          2,    4,         -5.28,          3.50,       1.69,      16.96,     59.44,          0.86
       -2,          2,    5,         -4.85,          3.50,       1.80,      18.03,     63.16,          0.86
       -2,          2,    6,         -4.60,          3.50,       1.90,      18.96,     66.42,          0.84
       -2,          2,    7,         -4.38,          3.50,       1.99,      19.94,     69.84,          0.81
       -2,          3,    1,         -8.38,          3.50,       1.30,      12.97,     45.43,          0.71
       -2,          3,    2,         -5.91,          3.50,       1.54,      15.42,     54.03,          0.88
       -2,          3,    3,         -4.93,          3.50,       1.71,      17.08,     59.84,          0.92
       -2,          3,    4,         -4.35,          3.50,       1.85,      18.45,     64.63,          0.92
       -2,          3,    5,         -3.93,          3.50,       1.98,      19.76,     69.24,          0.91
       -2,          3,    6,         -3.62,          3.50,       2.08,      20.83,     72.96,          0.90
       -2,          3,    7,         -3.38,          3.50,       2.19,      21.91,     76.76,          0.89
       -2,          4,    1,         -7.89,          3.50,       1.36,      13.60,     47.64,          0.71
       -2,          4,    2,         -5.33,          3.50,       1.65,      16.54,     57.94,          0.88
       -2,          4,    3,         -4.27,          3.50,       1.85,      18.53,     64.92,          0.93
       -2,          4,    4,         -3.64,          3.50,       2.01,      20.10,     70.43,          0.95
       -2,          4,    5,         -3.25,          3.50,       2.14,      21.42,     75.01,          0.94
       -2,          4,    6,         -3.06,          3.50,       2.25,      22.51,     78.84,          0.91
       -2,          4,    7,         -2.97,          3.50,       2.36,      23.55,     82.47,          0.87
       -1,          1,    1,         -8.94,          3.50,       1.24,      12.38,     43.38,          0.69
       -1,          1,    2,         -6.36,          3.50,       1.46,      14.62,     51.23,          0.88
       -1,          1,    3,         -5.23,          3.50,       1.59,      15.89,     55.67,          0.97
       -1,          1,    4,         -4.80,          3.50,       1.69,      16.86,     59.08,          0.97
       -1,          1,    5,         -4.55,          3.50,       1.78,      17.79,     62.31,          0.94
       -1,          1,    6,         -4.35,          3.50,       1.86,      18.65,     65.34,          0.91
       -1,          1,    7,         -4.18,          3.50,       1.95,      19.50,     68.32,          0.88
       -1,          2,    1,         -7.98,          3.50,       1.30,      12.97,     45.45,          0.77
       -1,          2,    2,         -5.52,          3.50,       1.53,      15.29,     53.56,          0.98
       -1,          2,    3,         -4.66,          3.50,       1.67,      16.69,     58.47,          1.02
       -1,          2,    4,         -4.19,          3.50,       1.78,      17.82,     62.43,          1.01
       -1,          2,    5,         -3.84,          3.50,       1.90,      18.97,     66.44,          0.99
       -1,          2,    6,         -3.60,          3.50,       1.99,      19.94,     69.85,          0.97
       -1,          2,    7,         -3.38,          3.50,       2.09,      20.87,     73.10,          0.95
       -1,          3,    1,         -7.39,          3.50,       1.36,      13.58,     47.59,          0.80
       -1,          3,    2,         -4.90,          3.50,       1.63,      16.29,     57.08,          1.01
       -1,          3,    3,         -3.91,          3.50,       1.81,      18.10,     63.40,          1.05
       -1,          3,    4,         -3.34,          3.50,       1.95,      19.52,     68.38,          1.07
       -1,          3,    5,         -2.92,          3.50,       2.09,      20.83,     72.97,          1.06
       -1,          3,    6,         -2.67,          3.50,       2.20,      22.01,     77.08,          1.04
       -1,          3,    7,         -2.37,          3.50,       2.31,      23.13,     81.04,          1.03
       -1,          4,    1,         -6.89,          3.50,       1.43,      14.28,     50.04,          0.81
       -1,          4,    2,         -4.31,          3.50,       1.75,      17.45,     61.14,          1.02
       -1,          4,    3,         -3.26,          3.50,       1.97,      19.66,     68.89,          1.07
       -1,          4,    4,         -2.63,          3.50,       2.14,      21.35,     74.80,          1.09
       -1,          4,    5,         -2.23,          3.50,       2.27,      22.69,     79.47,          1.09
       -1,          4,    6,         -1.94,          3.50,       2.39,      23.91,     83.73,          1.08
       -1,          4,    7,         -1.74,          3.50,       2.50,      25.00,     87.56,          1.07
        0,          1,    1,         -7.78,          3.50,       1.29,      12.93,     45.29,          0.82
        0,          1,    2,         -5.14,          3.50,       1.53,      15.30,     53.59,          1.07
        0,          1,    3,         -4.30,          3.50,       1.66,      16.62,     58.22,          1.12
        0,          1,    4,         -3.88,          3.50,       1.76,      17.60,     61.65,          1.11
        0,          1,    5,         -3.62,          3.50,       1.86,      18.62,     65.24,          1.08
        0,          1,    6,         -3.44,          3.50,       1.95,      19.46,     68.17,          1.05
        0,          1,    7,         -3.27,          3.50,       2.03,      20.29,     71.09,          1.02
        0,          2,    1,         -7.08,          3.50,       1.35,      13.49,     47.27,          0.88
        0,          2,    2,         -4.60,          3.50,       1.61,      16.04,     56.21,          1.11
        0,          2,    3,         -3.73,          3.50,       1.75,      17.50,     61.32,          1.16
        0,          2,    4,         -3.26,          3.50,       1.87,      18.72,     65.60,          1.16
        0,          2,    5,         -2.92,          3.50,       1.99,      19.92,     69.78,          1.14
        0,          2,    6,         -2.68,          3.50,       2.09,      20.89,     73.18,          1.12
        0,          2,    7,         -2.46,          3.50,       2.19,      21.90,     76.69,          1.10
        0,          3,    1,         -6.49,          3.50,       1.42,      14.20,     49.76,          0.90
        0,          3,    2,         -3.97,          3.50,       1.71,      17.10,     59.91,          1.15
        0,          3,    3,         -2.98,          3.50,       1.91,      19.09,     66.87,          1.20
        0,          3,    4,         -2.41,          3.50,       2.05,      20.55,     71.99,          1.22
        0,          3,    5,         -2.18,          3.50,       2.20,      22.01,     77.10,          1.16
        0,          3,    6,         -1.87,          3.50,       2.32,      23.22,     81.34,          1.15
        0,          3,    7,         -1.47,          3.50,       2.44,      24.36,     85.32,          1.18
        0,          4,    1,         -5.99,          3.50,       1.50,      15.03,     52.64,          0.90
        0,          4,    2,         -3.39,          3.50,       1.85,      18.48,     64.74,          1.15
        0,          4,    3,         -2.57,          3.50,       2.08,      20.77,     72.77,          1.15
        0,          4,    4,         -1.69,          3.50,       2.26,      22.57,     79.07,          1.25
        0,          4,    5,         -1.30,          3.50,       2.41,      24.05,     84.23,          1.25
        0,          4,    6,         -1.22,          3.50,       2.54,      25.36,     88.81,          1.18
        0,          4,    7,         -0.80,          3.50,       2.65,      26.48,     92.71,          1.22
        1,          1,    1,         -6.98,          3.50,       1.34,      13.38,     46.87,          0.92
        1,          1,    2,         -4.31,          3.50,       1.60,      16.00,     56.04,          1.19
        1,          1,    3,         -3.47,          3.50,       1.74,      17.35,     60.78,          1.26
        1,          1,    4,         -3.05,          3.50,       1.84,      18.43,     64.56,          1.25
        1,          1,    5,         -2.80,          3.50,       1.94,      19.41,     68.02,          1.22
        1,          1,    6,         -2.61,          3.50,       2.03,      20.26,     70.96,          1.19
        1,          1,    7,         -2.52,          3.50,       2.12,      21.19,     74.21,          1.14
        1,          2,    1,         -6.29,          3.50,       1.41,      14.06,     49.24,          0.97
        1,          2,    2,         -3.77,          3.50,       1.68,      16.77,     58.74,          1.24
        1,          2,    3,         -2.90,          3.50,       1.84,      18.40,     64.48,          1.30
        1,          2,    4,         -2.43,          3.50,       1.97,      19.64,     68.81,          1.30
        1,          2,    5,         -2.09,          3.50,       2.08,      20.77,     72.77,          1.29
        1,          2,    6,         -1.85,          3.50,       2.18,      21.85,     76.52,          1.27
        1,          2,    7,         -1.63,          3.50,       2.29,      22.91,     80.25,          1.24
        1,          3,    1,         -5.69,          3.50,       1.48,      14.86,     52.08,          0.99
        1,          3,    2,         -3.14,          3.50,       1.80,      17.98,     62.99,          1.27
        1,          3,    3,         -2.16,          3.50,       2.01,      20.09,     70.38,          1.34
        1,          3,    4,         -1.58,          3.50,       2.16,      21.63,     75.77,          1.37
        1,          3,    5,         -1.16,          3.50,       2.31,      23.11,     80.97,          1.36
        1,          3,    6,         -0.86,          3.50,       2.44,      24.40,     85.47,          1.35
        1,          3,    7,         -0.62,          3.50,       2.56,      25.62,     89.72,          1.34
        1,          4,    1,         -5.20,          3.50,       1.57,      15.71,     55.05,          1.00
        1,          4,    2,         -2.87,          3.50,       1.94,      19.44,     68.12,          1.19
        1,          4,    3,         -1.49,          3.50,       2.19,      21.88,     76.64,          1.37
        1,          4,    4,         -0.86,          3.50,       2.38,      23.81,     83.40,          1.40
        1,          4,    5,         -0.46,          3.50,       2.54,      25.41,     89.00,          1.40
        1,          4,    6,         -0.17,          3.50,       2.67,      26.77,     93.73,          1.40
        1,          4,    7,          0.03,          3.50,       2.79,      27.88,     97.62,          1.38
        2,          1,    1,         -5.95,          3.50,       1.41,      14.06,     49.25,          1.05
        2,          1,    2,         -3.22,          3.50,       1.70,      16.96,     59.43,          1.39
        2,          1,    3,         -2.62,          3.50,       1.85,      18.50,     64.80,          1.38
        2,          1,    4,         -2.23,          3.50,       1.96,      19.62,     68.73,          1.37
        2,          1,    5,         -1.69,          3.50,       2.06,      20.59,     72.14,          1.44
        2,          1,    6,         -1.50,          3.50,       2.15,      21.49,     75.30,          1.41
        2,          1,    7,         -1.34,          3.50,       2.24,      22.37,     78.36,          1.38
        2,          2,    1,         -5.51,          3.50,       1.49,      14.89,     52.18,          1.03
        2,          2,    2,         -2.67,          3.50,       1.79,      17.91,     62.75,          1.43
        2,          2,    3,         -1.78,          3.50,       1.96,      19.63,     68.78,          1.51
        2,          2,    4,         -1.32,          3.50,       2.09,      20.89,     73.20,          1.53
        2,          2,    5,         -0.98,          3.50,       2.22,      22.16,     77.63,          1.51
        2,          2,    6,         -0.74,          3.50,       2.33,      23.28,     81.53,          1.49
        2,          2,    7,         -0.53,          3.50,       2.43,      24.33,     85.21,          1.47
        2,          3,    1,         -4.64,          3.50,       1.57,      15.75,     55.17,          1.13
        2,          3,    2,         -2.04,          3.50,       1.92,      19.22,     67.35,          1.47
        2,          3,    3,         -1.04,          3.50,       2.14,      21.43,     75.06,          1.57
        2,          3,    4,         -0.47,          3.50,       2.32,      23.17,     81.14,          1.60
        2,          3,    5,         -0.05,          3.50,       2.48,      24.80,     86.85,          1.60
        2,          3,    6,          0.25,          3.50,       2.62,      26.16,     91.62,          1.59
        2,          3,    7,          0.44,          3.50,       2.74,      27.38,     95.90,          1.56
        2,          4,    1,         -4.14,          3.50,       1.67,      16.69,     58.47,          1.14
        2,          4,    2,         -1.46,          3.50,       2.08,      20.82,     72.92,          1.48
        2,          4,    3,         -0.38,          3.50,       2.36,      23.57,     82.55,          1.59
        2,          4,    4,          0.26,          3.50,       2.57,      25.65,     89.82,          1.63
        2,          4,    5,          0.66,          3.50,       2.73,      27.35,     95.77,          1.64
        2,          4,    6,          0.95,          3.50,       2.88,      28.75,    100.66,          1.64
        2,          4,    7,          0.86,          3.50,       3.00,      29.96,    104.92,          1.52
        3,          1,    1,         -5.34,          3.50,       1.46,      14.58,     51.09,          1.12
        3,          1,    2,         -2.56,          3.50,       1.76,      17.63,     61.78,          1.51
        3,          1,    3,         -1.69,          3.50,       1.93,      19.25,     67.44,          1.60
        3,          1,    4,         -1.27,          3.50,       2.03,      20.33,     71.23,          1.62
        3,          1,    5,         -1.02,          3.50,       2.14,      21.41,     75.01,          1.58
        3,          1,    6,         -0.84,          3.50,       2.23,      22.29,     78.07,          1.55
        3,          1,    7,         -0.70,          3.50,       2.32,      23.24,     81.39,          1.51
        3,          2,    1,         -4.63,          3.50,       1.54,      15.40,     53.94,          1.19
        3,          2,    2,         -2.06,          3.50,       1.86,      18.61,     65.18,          1.55
        3,          2,    3,         -1.12,          3.50,       2.04,      20.40,     71.47,          1.66
        3,          2,    4,         -0.65,          3.50,       2.17,      21.75,     76.19,          1.68
        3,          2,    5,         -0.32,          3.50,       2.31,      23.10,     80.89,          1.66
        3,          2,    6,         -0.08,          3.50,       2.42,      24.18,     84.67,          1.65
        3,          2,    7,          0.13,          3.50,       2.53,      25.32,     88.68,          1.62
        3,          3,    1,         -4.24,          3.50,       1.64,      16.36,     57.32,          1.16
        3,          3,    2,         -1.38,          3.50,       2.01,      20.06,     70.27,          1.60
        3,          3,    3,         -0.38,          3.50,       2.24,      22.36,     78.31,          1.72
        3,          3,    4,          0.20,          3.50,       2.41,      24.14,     84.55,          1.75
        3,          3,    5,          0.61,          3.50,       2.58,      25.85,     90.51,          1.75
        3,          3,    6,          0.91,          3.50,       2.73,      27.25,     95.43,          1.75
        3,          3,    7,          1.14,          3.50,       2.86,      28.56,    100.02,          1.73
        3,          4,    1,         -3.52,          3.50,       1.73,      17.32,     60.67,          1.24
        3,          4,    2,         -0.80,          3.50,       2.17,      21.74,     76.14,          1.62
        3,          4,    3,          0.17,          3.50,       2.46,      24.65,     86.30,          1.69
        3,          4,    4,          0.93,          3.50,       2.68,      26.83,     93.97,          1.79
        3,          4,    5,          1.33,          3.50,       2.86,      28.61,    100.17,          1.81
        3,          4,    6,          1.62,          3.50,       3.00,      30.01,    105.11,          1.81
        3,          4,    7,          1.76,          3.50,       3.13,      31.27,    109.49,          1.77
        4,          1,    1,         -4.52,          3.50,       1.54,      15.40,     53.97,          1.22
        4,          1,    2,         -1.40,          3.50,       1.89,      18.92,     66.30,          1.75
        4,          1,    3,         -0.51,          3.50,       2.06,      20.63,     72.29,          1.88
        4,          1,    4,         -0.08,          3.50,       2.18,      21.83,     76.47,          1.91
        4,          1,    5,          0.16,          3.50,       2.29,      22.89,     80.21,          1.88
        4,          1,    6,          0.34,          3.50,       2.38,      23.83,     83.48,          1.85
        4,          1,    7,          0.29,          3.50,       2.49,      24.85,     87.02,          1.73
        4,          2,    1,         -3.56,          3.50,       1.64,      16.37,     57.37,          1.36
        4,          2,    2,         -0.84,          3.50,       2.00,      20.05,     70.22,          1.82
        4,          2,    3,         -0.16,          3.50,       2.20,      21.95,     76.90,          1.85
        4,          2,    4,          0.53,          3.50,       2.34,      23.37,     81.88,          1.99
        4,          2,    5,          0.86,          3.50,       2.48,      24.77,     86.76,          1.97
        4,          2,    6,          0.86,          3.50,       2.59,      25.92,     90.77,          1.85
        4,          2,    7,          1.31,          3.50,       2.71,      27.11,     94.94,          1.93
        4,          3,    1,         -2.94,          3.50,       1.74,      17.37,     60.86,          1.42
        4,          3,    2,         -0.21,          3.50,       2.16,      21.56,     75.52,          1.88
        4,          3,    3,          0.81,          3.50,       2.41,      24.10,     84.42,          2.03
        4,          3,    4,          1.14,          3.50,       2.61,      26.05,     91.24,          1.96
        4,          3,    5,          1.81,          3.50,       2.78,      27.80,     97.38,          2.10
        4,          3,    6,          2.11,          3.50,       2.93,      29.28,    102.54,          2.10
        4,          3,    7,          2.35,          3.50,       3.06,      30.61,    107.19,          2.09
        4,          4,    1,         -2.73,          3.50,       1.86,      18.58,     65.09,          1.33
        4,          4,    2,          0.37,          3.50,       2.35,      23.48,     82.25,          1.90
        4,          4,    3,          1.50,          3.50,       2.67,      26.69,     93.45,          2.06
        4,          4,    4,          2.15,          3.50,       2.90,      28.99,    101.51,          2.14
        4,          4,    5,          2.57,          3.50,       3.08,      30.76,    107.69,          2.18
        4,          4,    6,          2.86,          3.50,       3.23,      32.35,    113.23,          2.19
        4,          4,    7,          3.07,          3.50,       3.36,      33.58,    117.58,          2.19
        5,          1,    1,         -3.63,          3.50,       1.60,      16.02,     56.13,          1.39
        5,          1,    2,         -0.66,          3.50,       1.98,      19.83,     69.45,          1.94
        5,          1,    3,          0.27,          3.50,       2.16,      21.61,     75.72,          2.10
        5,          1,    4,          0.70,          3.50,       2.29,      22.86,     80.05,          2.14
        5,          1,    5,          0.94,          3.50,       2.39,      23.92,     83.78,          2.12
        5,          1,    6,          1.12,          3.50,       2.49,      24.93,     87.31,          2.08
        5,          1,    7,          1.27,          3.50,       2.59,      25.91,     90.73,          2.04
        5,          2,    1,         -3.01,          3.50,       1.70,      17.00,     59.56,          1.45
        5,          2,    2,         -0.27,          3.50,       2.09,      20.96,     73.44,          1.94
        5,          2,    3,          0.85,          3.50,       2.30,      23.03,     80.67,          2.18
        5,          2,    4,          1.32,          3.50,       2.45,      24.45,     85.63,          2.23
        5,          2,    5,          1.65,          3.50,       2.59,      25.87,     90.61,          2.23
        5,          2,    6,          1.89,          3.50,       2.71,      27.09,     94.88,          2.21
        5,          2,    7,          2.09,          3.50,       2.83,      28.29,     99.08,          2.18
        5,          3,    1,         -2.25,          3.50,       1.82,      18.17,     63.67,          1.54
        5,          3,    2,          0.42,          3.50,       2.26,      22.65,     79.35,          2.02
        5,          3,    3,          1.60,          3.50,       2.53,      25.30,     88.61,          2.27
        5,          3,    4,          2.16,          3.50,       2.73,      27.25,     95.45,          2.33
        5,          3,    5,          2.50,          3.50,       2.91,      29.06,    101.76,          2.31
        5,          3,    6,          2.91,          3.50,       3.05,      30.52,    106.88,          2.39
        5,          3,    7,          3.16,          3.50,       3.19,      31.92,    111.76,          2.38
        5,          4,    1,         -1.97,          3.50,       1.94,      19.38,     67.91,          1.47
        5,          4,    2,          1.16,          3.50,       2.47,      24.71,     86.53,          2.12
        5,          4,    3,          2.31,          3.50,       2.79,      27.90,     97.72,          2.34
        5,          4,    4,          2.97,          3.50,       3.03,      30.27,    105.99,          2.44
        5,          4,    5,          3.39,          3.50,       3.22,      32.18,    112.66,          2.49
        5,          4,    6,          3.69,          3.50,       3.37,      33.71,    118.01,          2.51
        5,          4,    7,          3.90,          3.50,       3.50,      35.02,    122.60,          2.51
        6,          1,    1,         -2.84,          3.50,       1.67,      16.70,     58.52,          1.55
        6,          1,    2,          0.26,          3.50,       2.09,      20.89,     73.19,          2.21
        6,          1,    3,          1.13,          3.50,       2.29,      22.86,     80.07,          2.36
        6,          1,    4,          1.68,          3.50,       2.41,      24.11,     84.44,          2.48
        6,          1,    5,          1.93,          3.50,       2.52,      25.23,     88.37,          2.46
        6,          1,    6,          2.10,          3.50,       2.62,      26.20,     91.74,          2.43
        6,          1,    7,          2.25,          3.50,       2.72,      27.15,     95.09,          2.40
        6,          2,    1,         -2.06,          3.50,       1.79,      17.88,     62.64,          1.65
        6,          2,    2,          0.88,          3.50,       2.21,      22.14,     77.53,          2.33
        6,          2,    3,          1.83,          3.50,       2.43,      24.26,     84.96,          2.54
        6,          2,    4,          2.30,          3.50,       2.58,      25.78,     90.32,          2.60
        6,          2,    5,          2.40,          3.50,       2.72,      27.17,     95.15,          2.48
        6,          2,    6,          2.87,          3.50,       2.84,      28.43,     99.57,          2.60
        6,          2,    7,          3.07,          3.50,       2.96,      29.64,    103.77,          2.58
        6,          3,    1,         -1.40,          3.50,       1.91,      19.08,     66.84,          1.73
        6,          3,    2,          1.54,          3.50,       2.39,      23.89,     83.67,          2.43
        6,          3,    3,          2.60,          3.50,       2.67,      26.67,     93.41,          2.66
        6,          3,    4,          3.11,          3.50,       2.87,      28.70,    100.51,          2.71
        6,          3,    5,          3.61,          3.50,       3.05,      30.52,    106.84,          2.81
        6,          3,    6,          3.87,          3.50,       3.21,      32.08,    112.31,          2.79
        6,          3,    7,          4.15,          3.50,       3.35,      33.49,    117.22,          2.82
        6,          4,    1,         -0.86,          3.50,       2.04,      20.41,     71.50,          1.76
        6,          4,    2,          2.17,          3.50,       2.60,      26.04,     91.18,          2.49
        6,          4,    3,          3.33,          3.50,       2.95,      29.45,    103.10,          2.75
        6,          4,    4,          3.98,          3.50,       3.19,      31.94,    111.82,          2.88
        6,          4,    5,          4.18,          3.50,       3.39,      33.94,    118.81,          2.79
        6,          4,    6,          4.70,          3.50,       3.55,      35.53,    124.40,          2.97
        6,          4,    7,          4.91,          3.50,       3.69,      36.93,    129.25,          2.97
        7,          1,    1,         -1.93,          3.50,       1.75,      17.48,     61.24,          1.77
        7,          1,    2,          1.40,          3.50,       2.20,      22.04,     77.22,          2.65
        7,          1,    3,          2.39,          3.50,       2.41,      24.08,     84.35,          2.93
        7,          1,    4,          2.83,          3.50,       2.54,      25.40,     88.97,          3.00
        7,          1,    5,          3.07,          3.50,       2.65,      26.55,     92.95,          2.98
        7,          1,    6,          2.95,          3.50,       2.75,      27.48,     96.24,          2.77
        7,          1,    7,          3.37,          3.50,       2.85,      28.50,     99.79,          2.91
        7,          2,    1,         -1.39,          3.50,       1.87,      18.74,     65.65,          1.79
        7,          2,    2,          1.70,          3.50,       2.34,      23.35,     81.78,          2.61
        7,          2,    3,          2.70,          3.50,       2.56,      25.62,     89.72,          2.88
        7,          2,    4,          3.44,          3.50,       2.71,      27.13,     95.01,          3.15
        7,          2,    5,          3.48,          3.50,       2.86,      28.61,    100.21,          2.96
        7,          2,    6,          3.69,          3.50,       2.99,      29.86,    104.54,          2.94
        7,          2,    7,          3.85,          3.50,       3.11,      31.05,    108.70,          2.90
        7,          3,    1,         -0.39,          3.50,       2.01,      20.08,     70.34,          2.02
        7,          3,    2,          2.67,          3.50,       2.52,      25.25,     88.46,          2.92
        7,          3,    3,          3.74,          3.50,       2.82,      28.15,     98.58,          3.21
        7,          3,    4,          4.30,          3.50,       3.02,      30.22,    105.83,          3.34
        7,          3,    5,          4.72,          3.50,       3.22,      32.22,    112.79,          3.38
        7,          3,    6,          4.72,          3.50,       3.38,      33.82,    118.42,          3.17
        7,          3,    7,          5.26,          3.50,       3.53,      35.33,    123.68,          3.40
        7,          4,    1,          0.18,          3.50,       2.15,      21.49,     75.27,          2.07
        7,          4,    2,          3.30,          3.50,       2.75,      27.52,     96.37,          3.00
        7,          4,    3,          4.46,          3.50,       3.11,      31.14,    109.01,          3.32
        7,          4,    4,          4.84,          3.50,       3.38,      33.79,    118.29,          3.27
        7,          4,    5,          5.52,          3.50,       3.60,      35.95,    125.85,          3.54
        7,          4,    6,          5.82,          3.50,       3.77,      37.65,    131.79,          3.57
        7,          4,    7,          6.03,          3.50,       3.92,      39.19,    137.18,          3.57
        8,          1,    1,         -1.02,          3.50,       1.81,      18.09,     63.37,          2.07
        8,          1,    2,          2.43,          3.50,       2.30,      23.01,     80.58,          3.15
        8,          1,    3,          3.43,          3.50,       2.52,      25.18,     88.17,          3.49
        8,          1,    4,          3.87,          3.50,       2.65,      26.52,     92.89,          3.60
        8,          1,    5,          4.10,          3.50,       2.77,      27.66,     96.86,          3.58
        8,          1,    6,          4.26,          3.50,       2.87,      28.71,    100.53,          3.54
        8,          1,    7,          4.40,          3.50,       2.97,      29.66,    103.86,          3.50
        8,          2,    1,         -0.15,          3.50,       1.94,      19.41,     67.99,          2.25
        8,          2,    2,          3.03,          3.50,       2.44,      24.40,     85.46,          3.33
        8,          2,    3,          4.00,          3.50,       2.68,      26.81,     93.91,          3.65
        8,          2,    4,          4.46,          3.50,       2.84,      28.39,     99.42,          3.76
        8,          2,    5,          4.78,          3.50,       2.99,      29.89,    104.68,          3.77
        8,          2,    6,          4.99,          3.50,       3.12,      31.16,    109.08,          3.76
        8,          2,    7,          5.19,          3.50,       3.24,      32.44,    113.61,          3.73
        8,          3,    1,          0.58,          3.50,       2.08,      20.81,     72.92,          2.39
        8,          3,    2,          3.64,          3.50,       2.64,      26.44,     92.58,          3.42
        8,          3,    3,          4.75,          3.50,       2.95,      29.50,    103.31,          3.81
        8,          3,    4,          5.31,          3.50,       3.17,      31.73,    111.08,          3.94
        8,          3,    5,          5.72,          3.50,       3.37,      33.75,    118.14,          4.01
        8,          3,    6,          6.00,          3.50,       3.54,      35.45,    124.09,          4.02
        8,          3,    7,          6.24,          3.50,       3.70,      37.04,    129.67,          4.02
        8,          4,    1,          1.17,          3.50,       2.23,      22.31,     78.16,          2.46
        8,          4,    2,          4.31,          3.50,       2.89,      28.89,    101.17,          3.54
        8,          4,    3,          5.46,          3.50,       3.28,      32.76,    114.68,          3.92
        8,          4,    4,          6.09,          3.50,       3.56,      35.55,    124.48,          4.08
        8,          4,    5,          6.51,          3.50,       3.79,      37.86,    132.54,          4.17
        8,          4,    6,          6.80,          3.50,       3.98,      39.76,    139.18,          4.19
        8,          4,    7,          7.01,          3.50,       4.13,      41.33,    144.65,          4.20
        9,          1,    1,         -0.24,          3.50,       1.86,      18.64,     65.30,          2.36
        9,          1,    2,          3.51,          3.50,       2.40,      23.99,     84.02,          3.81
        9,          1,    3,          4.52,          3.50,       2.64,      26.41,     92.50,          4.20
        9,          1,    4,          4.67,          3.50,       2.78,      27.82,     97.41,          4.06
        9,          1,    5,          4.89,          3.50,       2.90,      29.02,    101.62,          4.03
        9,          1,    6,          5.34,          3.50,       3.00,      29.98,    104.99,          4.28
        9,          1,    7,          5.47,          3.50,       3.10,      31.00,    108.56,          4.22
        9,          2,    1,          0.90,          3.50,       2.01,      20.07,     70.31,          2.73
        9,          2,    2,          4.10,          3.50,       2.56,      25.57,     89.55,          3.99
        9,          2,    3,          5.06,          3.50,       2.82,      28.14,     98.52,          4.37
        9,          2,    4,          5.52,          3.50,       2.98,      29.83,    104.46,          4.49
        9,          2,    5,          5.81,          3.50,       3.14,      31.39,    109.92,          4.49
        9,          2,    6,          6.04,          3.50,       3.27,      32.69,    114.45,          4.50
        9,          2,    7,          6.22,          3.50,       3.40,      34.00,    119.05,          4.46
        9,          3,    1,          1.61,          3.50,       2.16,      21.56,     75.51,          2.87
        9,          3,    2,          4.73,          3.50,       2.77,      27.73,     97.10,          4.13
        9,          3,    3,          5.79,          3.50,       3.10,      31.00,    108.55,          4.54
        9,          3,    4,          6.34,          3.50,       3.34,      33.35,    116.75,          4.69
        9,          3,    5,          6.74,          3.50,       3.56,      35.57,    124.53,          4.75
        9,          3,    6,          7.03,          3.50,       3.73,      37.34,    130.72,          4.77
        9,          3,    7,          7.26,          3.50,       3.91,      39.08,    136.80,          4.77
        9,          4,    1,          2.18,          3.50,       2.32,      23.23,     81.38,          2.93
        9,          4,    2,          5.34,          3.50,       3.04,      30.34,    106.22,          4.21
        9,          4,    3,          6.48,          3.50,       3.45,      34.51,    120.82,          4.64
        9,          4,    4,          7.10,          3.50,       3.76,      37.55,    131.46,          4.82
        9,          4,    5,          7.53,          3.50,       4.02,      40.17,    140.59,          4.90
        9,          4,    6,          7.82,          3.50,       4.22,      42.17,    147.59,          4.93
        9,          4,    7,          7.79,          3.50,       4.38,      43.82,    153.36,          4.68
       10,          1,    1,          0.93,          3.50,       1.91,      19.09,     66.89,          2.96
       10,          1,    2,          4.42,          3.50,       2.50,      25.02,     87.61,          4.42
       10,          1,    3,          5.45,          3.50,       2.76,      27.59,     96.62,          4.91
       10,          1,    4,          5.89,          3.50,       2.91,      29.12,    101.94,          5.05
       10,          1,    5,          6.12,          3.50,       3.03,      30.32,    106.15,          5.05
       10,          1,    6,          6.27,          3.50,       3.13,      31.35,    109.75,          5.01
       10,          1,    7,          6.25,          3.50,       3.24,      32.39,    113.41,          4.77
       10,          2,    1,          1.79,          3.50,       2.06,      20.58,     72.11,          3.22
       10,          2,    2,          5.01,          3.50,       2.67,      26.70,     93.52,          4.64
       10,          2,    3,          6.00,          3.50,       2.94,      29.45,    103.12,          5.10
       10,          2,    4,          6.33,          3.50,       3.12,      31.19,    109.19,          5.12
       10,          2,    5,          6.76,          3.50,       3.29,      32.87,    115.08,          5.28
       10,          2,    6,          6.98,          3.50,       3.42,      34.20,    119.73,          5.27
       10,          2,    7,          7.16,          3.50,       3.56,      35.60,    124.60,          5.23
       10,          3,    1,          2.49,          3.50,       2.22,      22.22,     77.83,          3.36
       10,          3,    2,          5.64,          3.50,       2.90,      28.99,    101.54,          4.79
       10,          3,    3,          6.71,          3.50,       3.25,      32.54,    113.93,          5.27
       10,          3,    4,          7.25,          3.50,       3.50,      35.00,    122.53,          5.45
       10,          3,    5,          7.46,          3.50,       3.74,      37.34,    130.73,          5.28
       10,          3,    6,          7.94,          3.50,       3.92,      39.26,    137.41,          5.53
       10,          3,    7,          8.17,          3.50,       4.10,      41.00,    143.49,          5.54
       10,          4,    1,          3.05,          3.50,       2.39,      23.93,     83.83,          3.43
       10,          4,    2,          6.24,          3.50,       3.18,      31.84,    111.47,          4.86
       10,          4,    3,          7.39,          3.50,       3.63,      36.34,    127.22,          5.36
       10,          4,    4,          7.79,          3.50,       3.96,      39.59,    138.60,          5.29
       10,          4,    5,          8.44,          3.50,       4.23,      42.34,    148.20,          5.66
       10,          4,    6,          8.67,          3.50,       4.44,      44.41,    155.44,          5.65
       10,          4,    7,          8.81,          3.50,       4.63,      46.27,    161.95,          5.56
       11,          1,    1,          1.74,          3.50,       1.95,      19.54,     68.47,          3.46
       11,          1,    2,          5.29,          3.50,       2.60,      26.03,     91.16,          5.14
       11,          1,    3,          6.36,          3.50,       2.89,      28.92,    101.27,          5.70
       11,          1,    4,          6.81,          3.50,       3.05,      30.52,    106.84,          5.88
       11,          1,    5,          7.04,          3.50,       3.18,      31.84,    111.48,          5.87
       11,          1,    6,          7.20,          3.50,       3.29,      32.88,    115.12,          5.84
       11,          1,    7,          7.32,          3.50,       3.39,      33.91,    118.73,          5.78
       11,          2,    1,          2.61,          3.50,       2.12,      21.16,     74.13,          3.73
       11,          2,    2,          5.90,          3.50,       2.79,      27.88,     97.63,          5.37
       11,          2,    3,          6.91,          3.50,       3.09,      30.89,    108.17,          5.92
       11,          2,    4,          7.37,          3.50,       3.28,      32.80,    114.83,          6.09
       11,          2,    5,          7.69,          3.50,       3.45,      34.51,    120.81,          6.14
       11,          2,    6,          7.90,          3.50,       3.59,      35.93,    125.77,          6.13
       11,          2,    7,          8.08,          3.50,       3.74,      37.34,    130.70,          6.09
       11,          3,    1,          3.31,          3.50,       2.29,      22.87,     80.12,          3.89
       11,          3,    2,          6.53,          3.50,       3.03,      30.35,    106.27,          5.54
       11,          3,    3,          7.61,          3.50,       3.42,      34.20,    119.75,          6.09
       11,          3,    4,          8.16,          3.50,       3.68,      36.79,    128.80,          6.32
       11,          3,    5,          8.57,          3.50,       3.93,      39.32,    137.63,          6.39
       11,          3,    6,          8.84,          3.50,       4.13,      41.28,    144.48,          6.42
       11,          3,    7,          9.08,          3.50,       4.32,      43.21,    151.24,          6.41
       11,          4,    1,          3.86,          3.50,       2.47,      24.74,     86.64,          3.96
       11,          4,    2,          7.13,          3.50,       3.34,      33.37,    116.83,          5.63
       11,          4,    3,          8.30,          3.50,       3.83,      38.26,    133.92,          6.21
       11,          4,    4,          8.91,          3.50,       4.18,      41.77,    146.20,          6.43
       11,          4,    5,          9.34,          3.50,       4.47,      44.71,    156.51,          6.54
       11,          4,    6,          9.64,          3.50,       4.70,      46.97,    164.40,          6.61
       11,          4,    7,          9.85,          3.50,       4.89,      48.95,    171.31,          6.60
       12,          1,    1,          2.50,          3.50,       2.00,      20.01,     70.10,          3.97
       12,          1,    2,          6.19,          3.50,       2.72,      27.22,     95.33,          5.95
       12,          1,    3,          7.29,          3.50,       3.04,      30.41,    106.47,          6.61
       12,          1,    4,          7.77,          3.50,       3.22,      32.22,    112.82,          6.84
       12,          1,    5,          7.99,          3.50,       3.35,      33.55,    117.48,          6.83
       12,          1,    6,          8.15,          3.50,       3.46,      34.59,    121.12,          6.82
       12,          1,    7,          8.27,          3.50,       3.57,      35.70,    124.98,          6.74
       12,          2,    1,          3.43,          3.50,       2.17,      21.69,     76.01,          4.35
       12,          2,    2,          6.83,          3.50,       2.93,      29.24,    102.38,          6.25
       12,          2,    3,          7.86,          3.50,       3.26,      32.60,    114.13,          6.88
       12,          2,    4,          8.08,          3.50,       3.46,      34.58,    121.06,          6.71
       12,          2,    5,          8.40,          3.50,       3.64,      36.44,    127.58,          6.77
       12,          2,    6,          8.89,          3.50,       3.79,      37.90,    132.68,          7.21
       12,          2,    7,          9.07,          3.50,       3.94,      39.44,    138.06,          7.15
       12,          3,    1,          4.08,          3.50,       2.36,      23.54,     82.46,          4.48
       12,          3,    2,          7.44,          3.50,       3.19,      31.91,    111.74,          6.41
       12,          3,    3,          8.57,          3.50,       3.61,      36.05,    126.22,          7.12
       12,          3,    4,          9.14,          3.50,       3.89,      38.93,    136.28,          7.39
       12,          3,    5,          9.57,          3.50,       4.16,      41.64,    145.76,          7.52
       12,          3,    6,          9.85,          3.50,       4.37,      43.70,    152.97,          7.56
       12,          3,    7,         10.08,          3.50,       4.58,      45.79,    160.27,          7.55
       12,          4,    1,          4.70,          3.50,       2.55,      25.49,     89.28,          4.60
       12,          4,    2,          8.06,          3.50,       3.50,      35.02,    122.62,          6.56
       12,          4,    3,          9.23,          3.50,       4.04,      40.43,    141.52,          7.19
       12,          4,    4,          9.89,          3.50,       4.42,      44.20,    154.70,          7.53
       12,          4,    5,         10.34,          3.50,       4.74,      47.45,    166.08,          7.67
       12,          4,    6,         10.63,          3.50,       4.99,      49.91,    174.68,          7.74
       12,          4,    7,         10.86,          3.50,       5.21,      52.10,    182.36,          7.75
       13,          1,    1,          3.28,          3.50,       2.04,      20.38,     71.40,          4.63
       13,          1,    2,          6.73,          3.50,       2.86,      28.55,     99.99,          6.31
       13,          1,    3,          8.33,          3.50,       3.23,      32.28,    113.02,          7.78
       13,          1,    4,          8.82,          3.50,       3.42,      34.21,    119.75,          8.08
       13,          1,    5,          9.06,          3.50,       3.56,      35.61,    124.66,          8.12
       13,          1,    6,          9.01,          3.50,       3.68,      36.76,    128.69,          7.71
       13,          1,    7,          9.34,          3.50,       3.79,      37.86,    132.54,          8.03
       13,          2,    1,          4.17,          3.50,       2.23,      22.26,     77.98,          4.97
       13,          2,    2,          7.76,          3.50,       3.08,      30.80,    107.84,          7.24
       13,          2,    3,          8.89,          3.50,       3.46,      34.60,    121.15,          8.09
       13,          2,    4,          9.37,          3.50,       3.68,      36.82,    128.89,          8.37
       13,          2,    5,          9.67,          3.50,       3.88,      38.80,    135.83,          8.40
       13,          2,    6,          9.91,          3.50,       4.04,      40.40,    141.41,          8.45
       13,          2,    7,         10.11,          3.50,       4.20,      42.02,    147.10,          8.42
       13,          3,    1,          4.66,          3.50,       2.42,      24.24,     84.89,          4.91
       13,          3,    2,          8.40,          3.50,       3.37,      33.67,    117.86,          7.49
       13,          3,    3,          9.58,          3.50,       3.84,      38.39,    134.40,          8.33
       13,          3,    4,         10.16,          3.50,       4.15,      41.53,    145.37,          8.65
       13,          3,    5,         10.59,          3.50,       4.44,      44.38,    155.32,          8.80
       13,          3,    6,         10.59,          3.50,       4.67,      46.67,    163.32,          8.30
       13,          3,    7,         10.87,          3.50,       4.88,      48.83,    170.92,          8.39
       13,          4,    1,          5.46,          3.50,       2.63,      26.30,     92.10,          5.26
       13,          4,    2,          8.98,          3.50,       3.70,      37.00,    129.51,          7.59
       13,          4,    3,         10.24,          3.50,       4.30,      43.02,    150.58,          8.43
       13,          4,    4,         10.84,          3.50,       4.72,      47.17,    165.10,          8.67
       13,          4,    5,         11.35,          3.50,       5.08,      50.77,    177.69,          8.97
       13,          4,    6,         11.65,          3.50,       5.35,      53.55,    187.43,          9.03
       13,          4,    7,         11.89,          3.50,       5.59,      55.89,    195.62,          9.08
       14,          1,    1,          3.82,          3.50,       2.08,      20.73,     72.62,          5.11
       14,          1,    2,          7.85,          3.50,       2.98,      29.79,    104.32,          7.72
       14,          1,    3,          9.18,          3.50,       3.40,      34.03,    119.15,          8.83
       14,          1,    4,          9.70,          3.50,       3.62,      36.23,    126.85,          9.21
       14,          1,    5,          9.95,          3.50,       3.77,      37.71,    132.03,          9.29
       14,          1,    6,          9.84,          3.50,       3.90,      38.95,    136.35,          8.69
       14,          1,    7,         10.24,          3.50,       4.01,      40.11,    140.41,          9.19
       14,          2,    1,          4.72,          3.50,       2.27,      22.73,     79.64,          5.47
       14,          2,    2,          8.53,          3.50,       3.23,      32.27,    113.01,          8.13
       14,          2,    3,          9.44,          3.50,       3.66,      36.62,    128.19,          8.56
       14,          2,    4,         10.05,          3.50,       3.90,      39.04,    136.65,          9.10
       14,          2,    5,         10.58,          3.50,       4.11,      41.09,    143.83,          9.66
       14,          2,    6,         10.52,          3.50,       4.28,      42.80,    149.81,          9.07
       14,          2,    7,         10.93,          3.50,       4.45,      44.46,    155.64,          9.51
       14,          3,    1,          5.45,          3.50,       2.48,      24.83,     86.97,          5.70
       14,          3,    2,          9.18,          3.50,       3.53,      35.32,    123.66,          8.42
       14,          3,    3,         10.43,          3.50,       4.06,      40.58,    142.06,          9.47
       14,          3,    4,         11.01,          3.50,       4.40,      43.96,    153.87,          9.82
       14,          3,    5,         11.38,          3.50,       4.71,      47.11,    164.90,          9.86
       14,          3,    6,         11.66,          3.50,       4.96,      49.55,    173.42,          9.90
       14,          3,    7,         12.01,          3.50,       5.20,      51.97,    181.88,         10.15
       14,          4,    1,          6.04,          3.50,       2.69,      26.87,     94.12,          5.84
       14,          4,    2,          9.76,          3.50,       3.89,      38.90,    136.16,          8.53
       14,          4,    3,         11.08,          3.50,       4.55,      45.53,    159.39,          9.57
       14,          4,    4,         11.77,          3.50,       5.01,      50.03,    175.10,         10.02
       14,          4,    5,         12.24,          3.50,       5.40,      54.02,    189.06,         10.23
       14,          4,    6,         12.56,          3.50,       5.70,      57.02,    199.57,         10.34
       14,          4,    7,         12.80,          3.50,       5.96,      59.63,    208.69,         10.40
       15,          1,    1,          4.24,          3.50,       2.11,      21.09,     73.87,          5.50
       15,          1,    2,          8.49,          3.50,       3.08,      30.84,    108.01,          8.57
       15,          1,    3,          9.96,          3.50,       3.59,      35.89,    125.65,          9.91
       15,          1,    4,         10.54,          3.50,       3.84,      38.38,    134.35,         10.40
       15,          1,    5,         10.81,          3.50,       4.00,      40.04,    140.15,         10.52
       15,          1,    6,         10.98,          3.50,       4.13,      41.29,    144.54,         10.53
       15,          1,    7,         11.10,          3.50,       4.25,      42.45,    148.59,         10.47
       15,          2,    1,          4.93,          3.50,       2.32,      23.17,     81.15,          5.60
       15,          2,    2,          9.21,          3.50,       3.37,      33.67,    117.89,          9.03
       15,          2,    3,         10.35,          3.50,       3.87,      38.71,    135.52,          9.86
       15,          2,    4,         11.08,          3.50,       4.13,      41.34,    144.70,         10.76
       15,          2,    5,         11.42,          3.50,       4.36,      43.58,    152.52,         10.92
       15,          2,    6,         11.65,          3.50,       4.54,      45.34,    158.72,         10.96
       15,          2,    7,         11.84,          3.50,       4.71,      47.10,    164.85,         10.97
       15,          3,    1,          5.92,          3.50,       2.53,      25.27,     88.52,          6.19
       15,          3,    2,          9.88,          3.50,       3.70,      36.95,    129.35,          9.35
       15,          3,    3,         10.95,          3.50,       4.29,      42.92,    150.22,          9.98
       15,          3,    4,         11.85,          3.50,       4.66,      46.60,    163.11,         11.12
       15,          3,    5,         12.30,          3.50,       5.00,      49.96,    174.87,         11.37
       15,          3,    6,         12.60,          3.50,       5.26,      52.63,    184.21,         11.45
       15,          3,    7,         12.87,          3.50,       5.52,      55.22,    193.26,         11.54
       15,          4,    1,          6.50,          3.50,       2.74,      27.38,     95.91,          6.33
       15,          4,    2,         10.46,          3.50,       4.07,      40.70,    142.46,          9.49
       15,          4,    3,         11.88,          3.50,       4.80,      48.04,    168.15,         10.79
       15,          4,    4,         12.59,          3.50,       5.30,      53.03,    185.60,         11.33
       15,          4,    5,         13.10,          3.50,       5.74,      57.38,    200.84,         11.64
       15,          4,    6,         13.45,          3.50,       6.07,      60.71,    212.47,         11.83
       15,          4,    7,         13.72,          3.50,       6.35,      63.47,    222.13,         11.98
       16,          1,    1,          4.52,          3.50,       2.14,      21.40,     74.96,          5.74
       16,          1,    2,          9.09,          3.50,       3.20,      31.99,    112.02,          9.39
       16,          1,    3,         10.76,          3.50,       3.79,      37.93,    132.80,         11.12
       16,          1,    4,         11.40,          3.50,       4.08,      40.80,    142.82,         11.79
       16,          1,    5,         11.70,          3.50,       4.26,      42.64,    149.27,         11.97
       16,          1,    6,         11.88,          3.50,       4.40,      43.97,    153.90,         12.02
       16,          1,    7,         11.90,          3.50,       4.52,      45.20,    158.22,         11.68
       16,          2,    1,          5.48,          3.50,       2.35,      23.51,     82.35,          6.22
       16,          2,    2,          9.86,          3.50,       3.51,      35.13,    122.98,          9.94
       16,          2,    3,         11.35,          3.50,       4.10,      41.01,    143.54,         11.58
       16,          2,    4,         11.95,          3.50,       4.40,      44.03,    154.12,         12.18
       16,          2,    5,         12.31,          3.50,       4.64,      46.40,    162.40,         12.43
       16,          2,    6,         12.54,          3.50,       4.82,      48.19,    168.67,         12.53
       16,          2,    7,         12.55,          3.50,       5.01,      50.12,    175.43,         12.01
       16,          3,    1,          6.24,          3.50,       2.57,      25.73,     90.14,          6.51
       16,          3,    2,         10.55,          3.50,       3.87,      38.70,    135.49,         10.33
       16,          3,    3,         12.04,          3.50,       4.55,      45.54,    159.39,         11.95
       16,          3,    4,         12.45,          3.50,       4.95,      49.50,    173.23,         11.91
       16,          3,    5,         13.22,          3.50,       5.32,      53.16,    186.06,         13.09
       16,          3,    6,         13.58,          3.50,       5.60,      55.98,    195.92,         13.39
       16,          3,    7,         13.91,          3.50,       5.88,      58.77,    205.69,         13.65
       16,          4,    1,          6.58,          3.50,       2.79,      27.91,     97.74,          6.30
       16,          4,    2,         11.14,          3.50,       4.26,      42.63,    149.20,         10.50
       16,          4,    3,         12.70,          3.50,       5.09,      50.90,    178.17,         12.21
       16,          4,    4,         13.53,          3.50,       5.63,      56.31,    197.07,         13.14
       16,          4,    5,         14.16,          3.50,       6.10,      60.97,    213.38,         13.88
       16,          4,    6,         14.58,          3.50,       6.44,      64.37,    225.23,         14.38
       16,          4,    7,         14.90,          3.50,       6.73,      67.26,    235.31,         14.75
       17,          1,    1,          4.70,          3.50,       2.17,      21.65,     75.84,          5.91
       17,          1,    2,          9.57,          3.50,       3.29,      32.92,    115.24,         10.14
       17,          1,    3,         11.46,          3.50,       3.99,      39.91,    139.71,         12.30
       17,          1,    4,         12.19,          3.50,       4.32,      43.23,    151.32,         13.22
       17,          1,    5,         12.54,          3.50,       4.52,      45.17,    158.10,         13.58
       17,          1,    6,         12.72,          3.50,       4.65,      46.45,    162.57,         13.69
       17,          1,    7,         12.56,          3.50,       4.76,      47.61,    166.65,         12.80
       17,          2,    1,          5.44,          3.50,       2.38,      23.81,     83.41,          6.08
       17,          2,    2,         10.39,          3.50,       3.64,      36.38,    127.38,         10.79
       17,          2,    3,         12.11,          3.50,       4.33,      43.34,    151.69,         12.91
       17,          2,    4,         12.67,          3.50,       4.66,      46.56,    162.97,         13.49
       17,          2,    5,         13.20,          3.50,       4.90,      48.99,    171.47,         14.37
       17,          2,    6,         13.46,          3.50,       5.08,      50.83,    177.92,         14.60
       17,          2,    7,         13.42,          3.50,       5.29,      52.86,    185.01,         13.81
       17,          3,    1,          6.44,          3.50,       2.61,      26.09,     91.37,          6.71
       17,          3,    2,         11.12,          3.50,       4.02,      40.21,    140.77,         11.25
       17,          3,    3,         12.88,          3.50,       4.80,      47.98,    167.96,         13.64
       17,          3,    4,         13.68,          3.50,       5.23,      52.31,    183.07,         14.83
       17,          3,    5,         14.27,          3.50,       5.62,      56.20,    196.72,         15.63
       17,          3,    6,         14.68,          3.50,       5.94,      59.38,    207.81,         16.11
       17,          3,    7,         14.97,          3.50,       6.24,      62.40,    218.37,         16.30
       17,          4,    1,          7.00,          3.50,       2.83,      28.31,     99.14,          6.83
       17,          4,    2,         11.74,          3.50,       4.43,      44.28,    155.00,         11.55
       17,          4,    3,         13.68,          3.50,       5.36,      53.59,    187.56,         14.41
       17,          4,    4,         14.62,          3.50,       5.92,      59.21,    207.24,         15.95
       17,          4,    5,         15.27,          3.50,       6.39,      63.92,    223.73,         17.01
       17,          4,    6,         15.69,          3.50,       6.74,      67.43,    235.93,         17.63
       17,          4,    7,         16.00,          3.50,       7.03,      70.33,    246.05,         18.06
       18,          1,    1,          4.58,          3.50,       2.19,      21.92,     76.80,          5.66
       18,          1,    2,         10.00,          3.50,       3.38,      33.78,    118.27,         10.85
       18,          1,    3,         12.31,          3.50,       4.18,      41.82,    146.37,         14.13
       18,          1,    4,         13.19,          3.50,       4.56,      45.58,    159.54,         15.64
       18,          1,    5,         13.59,          3.50,       4.76,      47.61,    166.62,         16.25
       18,          1,    6,         13.79,          3.50,       4.90,      49.01,    171.54,         16.44
       18,          1,    7,         13.93,          3.50,       5.03,      50.26,    175.90,         16.50
       18,          2,    1,          5.63,          3.50,       2.41,      24.15,     84.60,          6.23
       18,          2,    2,         10.83,          3.50,       3.75,      37.49,    131.24,         11.48
       18,          2,    3,         13.11,          3.50,       4.57,      45.70,    159.95,         15.25
       18,          2,    4,         13.90,          3.50,       4.95,      49.46,    173.11,         16.68
       18,          2,    5,         14.37,          3.50,       5.24,      52.38,    183.34,         17.38
       18,          2,    6,         14.41,          3.50,       5.46,      54.59,    191.06,         16.73
       18,          2,    7,         14.94,          3.50,       5.70,      56.96,    199.37,         18.00
       18,          3,    1,          6.63,          3.50,       2.65,      26.45,     92.67,          6.89
       18,          3,    2,         11.88,          3.50,       4.16,      41.67,    145.85,         12.85
       18,          3,    3,         13.99,          3.50,       5.07,      50.76,    177.65,         16.53
       18,          3,    4,         14.87,          3.50,       5.59,      55.85,    195.47,         18.09
       18,          3,    5,         15.48,          3.50,       6.03,      60.31,    211.08,         19.10
       18,          3,    6,         15.90,          3.50,       6.38,      63.82,    223.35,         19.71
       18,          3,    7,         16.26,          3.50,       6.72,      67.17,    235.04,         20.21
       18,          4,    1,          7.20,          3.50,       2.87,      28.75,    100.67,          7.01
       18,          4,    2,         12.65,          3.50,       4.58,      45.81,    160.32,         13.70
       18,          4,    3,         14.84,          3.50,       5.64,      56.39,    197.36,         17.77
       18,          4,    4,         15.80,          3.50,       6.27,      62.72,    219.49,         19.61
       18,          4,    5,         16.43,          3.50,       6.80,      67.95,    237.73,         20.76
       18,          4,    6,         16.85,          3.50,       7.17,      71.71,    250.83,         21.52
       18,          4,    7,         17.15,          3.50,       7.47,      74.72,    261.35,         22.02
       19,          1,    1,          5.00,          3.50,       2.21,      22.14,     77.58,          6.14
       19,          1,    2,         10.60,          3.50,       3.45,      34.52,    120.85,         12.13
       19,          1,    3,         12.96,          3.50,       4.37,      43.66,    152.83,         15.60
       19,          1,    4,         14.22,          3.50,       4.83,      48.34,    169.19,         18.45
       19,          1,    5,         14.62,          3.50,       5.10,      51.03,    178.60,         19.02
       19,          1,    6,         14.97,          3.50,       5.28,      52.79,    184.76,         19.81
       19,          1,    7,         15.16,          3.50,       5.44,      54.33,    190.16,         19.98
       19,          2,    1,          6.04,          3.50,       2.44,      24.42,     85.52,          6.76
       19,          2,    2,         11.69,          3.50,       3.86,      38.60,    135.11,         13.56
       19,          2,    3,         14.08,          3.50,       4.83,      48.25,    168.88,         17.92
       19,          2,    4,         15.01,          3.50,       5.32,      53.14,    185.99,         19.83
       19,          2,    5,         15.41,          3.50,       5.67,      56.65,    198.30,         20.19
       19,          2,    6,         15.86,          3.50,       5.93,      59.33,    207.63,         21.24
       19,          2,    7,         16.17,          3.50,       6.19,      61.94,    216.75,         21.70
       19,          3,    1,          6.90,          3.50,       2.68,      26.77,     93.78,          7.22
       19,          3,    2,         12.65,          3.50,       4.28,      42.83,    149.92,         14.85
       19,          3,    3,         15.00,          3.50,       5.39,      53.85,    188.47,         19.48
       19,          3,    4,         15.75,          3.50,       5.98,      59.82,    209.35,         20.49
       19,          3,    5,         16.59,          3.50,       6.48,      64.81,    226.79,         22.72
       19,          3,    6,         17.01,          3.50,       6.87,      68.70,    240.38,         23.44
       19,          3,    7,         17.06,          3.50,       7.23,      72.28,    252.88,         22.39
       19,          4,    1,          7.59,          3.50,       2.91,      29.08,    101.83,          7.57
       19,          4,    2,         13.17,          3.50,       4.70,      47.05,    164.69,         14.97
       19,          4,    3,         15.83,          3.50,       5.95,      59.52,    208.29,         21.01
       19,          4,    4,         16.83,          3.50,       6.68,      66.85,    233.91,         23.21
       19,          4,    5,         17.49,          3.50,       7.27,      72.65,    254.19,         24.61
       19,          4,    6,         17.90,          3.50,       7.68,      76.76,    268.42,         25.44
       19,          4,    7,         18.20,          3.50,       8.02,      80.19,    280.41,         25.96
       20,          1,    1,          5.23,          3.50,       2.24,      22.40,     78.48,          6.39
       20,          1,    2,         11.21,          3.50,       3.53,      35.27,    123.50,         13.57
       20,          1,    3,         13.95,          3.50,       4.56,      45.54,    159.40,         18.65
       20,          1,    4,         15.15,          3.50,       5.13,      51.33,    179.66,         21.35
       20,          1,    5,         15.74,          3.50,       5.47,      54.65,    191.26,         22.71
       20,          1,    6,         15.91,          3.50,       5.67,      56.65,    198.27,         22.67
       20,          1,    7,         16.24,          3.50,       5.84,      58.43,    204.50,         23.57
       20,          2,    1,          6.47,          3.50,       2.48,      24.79,     86.85,          7.32
       20,          2,    2,         12.33,          3.50,       3.96,      39.55,    138.43,         15.24
       20,          2,    3,         14.78,          3.50,       5.09,      50.89,    178.13,         19.80
       20,          2,    4,         15.88,          3.50,       5.70,      57.01,    199.52,         22.34
       20,          2,    5,         16.50,          3.50,       6.11,      61.06,    213.69,         23.86
       20,          2,    6,         16.96,          3.50,       6.40,      63.95,    223.82,         25.16
       20,          2,    7,         17.26,          3.50,       6.69,      66.89,    234.06,         25.59
       20,          3,    1,          7.69,          3.50,       2.72,      27.15,     95.11,          8.53
       20,          3,    2,         13.30,          3.50,       4.40,      43.96,    153.88,         16.73
       20,          3,    3,         15.88,          3.50,       5.69,      56.85,    198.99,         22.42
       20,          3,    4,         16.97,          3.50,       6.41,      64.08,    224.24,         25.10
       20,          3,    5,         17.62,          3.50,       6.97,      69.64,    243.65,         26.60
       20,          3,    6,         18.04,          3.50,       7.38,      73.82,    258.22,         27.45
       20,          3,    7,         18.39,          3.50,       7.77,      77.68,    271.67,         28.12
       20,          4,    1,          8.51,          3.50,       2.95,      29.51,    103.33,          9.21
       20,          4,    2,         14.11,          3.50,       4.82,      48.22,    168.78,         18.06
       20,          4,    3,         16.68,          3.50,       6.27,      62.69,    219.40,         24.10
       20,          4,    4,         17.78,          3.50,       7.13,      71.28,    249.38,         26.90
       20,          4,    5,         18.45,          3.50,       7.78,      77.78,    272.03,         28.51
       20,          4,    6,         18.88,          3.50,       8.25,      82.50,    288.47,         29.47
       20,          4,    7,         19.05,          3.50,       8.62,      86.21,    301.39,         29.17
       21,          1,    1,          6.52,          3.50,       2.27,      22.68,     79.44,          8.51
       21,          1,    2,         11.87,          3.50,       3.59,      35.88,    125.61,         15.53
       21,          1,    3,         14.63,          3.50,       4.69,      46.94,    164.29,         21.09
       21,          1,    4,         15.96,          3.50,       5.39,      53.87,    188.55,         24.35
       21,          1,    5,         16.60,          3.50,       5.78,      57.74,    202.10,         26.07
       21,          1,    6,         16.92,          3.50,       6.00,      59.99,    209.96,         26.81
       21,          1,    7,         17.14,          3.50,       6.19,      61.89,    216.58,         27.22
       21,          2,    1,          7.63,          3.50,       2.51,      25.12,     88.00,          9.42
       21,          2,    2,         12.94,          3.50,       4.04,      40.37,    141.32,         17.12
       21,          2,    3,         15.42,          3.50,       5.29,      52.90,    185.14,         21.95
       21,          2,    4,         16.88,          3.50,       6.03,      60.32,    211.12,         26.41
       21,          2,    5,         17.28,          3.50,       6.49,      64.90,    227.10,         26.64
       21,          2,    6,         17.89,          3.50,       6.80,      67.98,    237.88,         29.12
       21,          2,    7,         18.19,          3.50,       7.11,      71.04,    248.52,         29.69
       21,          3,    1,          8.53,          3.50,       2.75,      27.54,     96.46,         10.17
       21,          3,    2,         13.86,          3.50,       4.50,      44.99,    157.48,         18.54
       21,          3,    3,         16.57,          3.50,       5.94,      59.37,    207.78,         25.04
       21,          3,    4,         17.66,          3.50,       6.83,      68.27,    238.86,         27.47
       21,          3,    5,         18.50,          3.50,       7.45,      74.46,    260.45,         30.25
       21,          3,    6,         18.84,          3.50,       7.90,      79.01,    276.31,         30.63
       21,          3,    7,         19.33,          3.50,       8.32,      83.23,    291.03,         32.37
       21,          4,    1,          9.28,          3.50,       2.99,      29.93,    104.81,         10.79
       21,          4,    2,         14.64,          3.50,       4.94,      49.37,    172.79,         19.87
       21,          4,    3,         17.35,          3.50,       6.56,      65.56,    229.41,         26.79
       21,          4,    4,         18.64,          3.50,       7.59,      75.88,    265.40,         30.56
       21,          4,    5,         19.09,          3.50,       8.33,      83.30,    291.24,         30.65
       21,          4,    6,         19.76,          3.50,       8.86,      88.54,    309.56,         33.45
       21,          4,    7,         20.11,          3.50,       9.29,      92.86,    324.63,         34.38
       22,          1,    1,          7.23,          3.50,       2.29,      22.91,     80.24,          9.88
       22,          1,    2,         12.15,          3.50,       3.64,      36.43,    127.56,         16.28
       22,          1,    3,         14.96,          3.50,       4.80,      47.99,    167.98,         22.20
       22,          1,    4,         16.61,          3.50,       5.60,      55.97,    195.89,         27.10
       22,          1,    5,         17.31,          3.50,       6.05,      60.54,    211.87,         29.09
       22,          1,    6,         17.50,          3.50,       6.30,      62.98,    220.40,         29.06
       22,          1,    7,         17.86,          3.50,       6.51,      65.10,    227.83,         30.42
       22,          2,    1,          8.37,          3.50,       2.54,      25.36,     88.85,         11.06
       22,          2,    2,         13.52,          3.50,       4.10,      40.99,    143.50,         19.27
       22,          2,    3,         16.22,          3.50,       5.44,      54.34,    190.17,         25.61
       22,          2,    4,         17.36,          3.50,       6.31,      63.06,    220.69,         28.07
       22,          2,    5,         18.30,          3.50,       6.84,      68.38,    239.28,         31.80
       22,          2,    6,         18.68,          3.50,       7.17,      71.69,    250.80,         32.96
       22,          2,    7,         19.00,          3.50,       7.48,      74.83,    261.72,         33.77
       22,          3,    1,          9.27,          3.50,       2.79,      27.89,     97.66,         11.91
       22,          3,    2,         14.40,          3.50,       4.58,      45.84,    160.47,         20.58
       22,          3,    3,         17.12,          3.50,       6.12,      61.12,    213.93,         27.54
       22,          3,    4,         18.57,          3.50,       7.20,      72.01,    251.90,         31.93
       22,          3,    5,         19.36,          3.50,       7.92,      79.19,    276.96,         34.48
       22,          3,    6,         19.82,          3.50,       8.42,      84.16,    294.27,         35.83
       22,          3,    7,         20.18,          3.50,       8.88,      88.79,    310.44,         36.76
       22,          4,    1,          9.76,          3.50,       3.03,      30.26,    105.96,         11.92
       22,          4,    2,         15.11,          3.50,       5.04,      50.38,    176.34,         21.66
       22,          4,    3,         17.87,          3.50,       6.77,      67.71,    236.92,         29.11
       22,          4,    4,         19.36,          3.50,       8.03,      80.33,    280.92,         33.97
       22,          4,    5,         20.18,          3.50,       8.91,      89.13,    311.60,         36.59
       22,          4,    6,         20.65,          3.50,       9.51,      95.11,    332.51,         37.93
       22,          4,    7,         20.98,          3.50,      10.01,     100.04,    349.71,         38.74

