[Radio] Initializing ... success!
Connected to RF power monitor: Rohde&Schwarz,FPC1500,1328.6660K03/205785,V1.80
Connected to DC power monitor: radiolib-org,DCpowerMon,070dd3d
setCurrentLimit, code 0

Set [dBm],paDutyCycle,hpMax,Measured [dBm],Bus voltage[V],Voltage[mV],Current[mA],Power [mW],Efficiency [%]
       -9,          1,    1,        -17.14,          3.50,       0.95,       9.54,     33.43,          0.23
       -9,          1,    2,        -14.60,          3.50,       1.07,      10.73,     37.61,          0.28
       -9,          1,    3,        -13.69,          3.50,       1.17,      11.66,     40.88,          0.27
       -9,          1,    4,        -13.18,          3.50,       1.24,      12.44,     43.60,          0.26
       -9,          1,    5,        -12.84,          3.50,       1.32,      13.23,     46.36,          0.25
       -9,          1,    6,        -12.57,          3.50,       1.39,      13.94,     48.85,          0.23
       -9,          1,    7,        -12.33,          3.50,       1.47,      14.72,     51.58,          0.22
       -9,          2,    1,        -16.53,          3.50,       0.97,       9.76,     34.22,          0.24
       -9,          2,    2,        -14.13,          3.50,       1.10,      10.99,     38.49,          0.29
       -9,          2,    3,        -13.51,          3.50,       1.20,      11.97,     41.95,          0.26
       -9,          2,    4,        -12.98,          3.50,       1.28,      12.85,     45.02,          0.25
       -9,          2,    5,        -12.38,          3.50,       1.37,      13.68,     47.93,          0.25
       -9,          2,    6,        -11.94,          3.50,       1.45,      14.48,     50.75,          0.25
       -9,          2,    7,        -11.94,          3.50,       1.53,      15.25,     53.45,          0.23
       -9,          3,    1,        -15.98,          3.50,       0.99,       9.94,     34.81,          0.26
       -9,          3,    2,        -13.53,          3.50,       1.14,      11.35,     39.78,          0.30
       -9,          3,    3,        -12.51,          3.50,       1.25,      12.47,     43.69,          0.30
       -9,          3,    4,        -11.86,          3.50,       1.35,      13.45,     47.15,          0.29
       -9,          3,    5,        -11.38,          3.50,       1.44,      14.42,     50.54,          0.28
       -9,          3,    6,        -11.02,          3.50,       1.53,      15.29,     53.56,          0.28
       -9,          3,    7,        -10.71,          3.50,       1.62,      16.17,     56.67,          0.27
       -9,          4,    1,        -15.53,          3.50,       1.02,      10.17,     35.63,          0.26
       -9,          4,    2,        -12.98,          3.50,       1.18,      11.79,     41.30,          0.31
       -9,          4,    3,        -11.88,          3.50,       1.31,      13.06,     45.75,          0.31
       -9,          4,    4,        -11.20,          3.50,       1.41,      14.13,     49.50,          0.31
       -9,          4,    5,        -10.76,          3.50,       1.51,      15.10,     52.90,          0.30
       -9,          4,    6,        -10.43,          3.50,       1.60,      15.98,     55.98,          0.29
       -9,          4,    7,        -10.42,          3.50,       1.68,      16.81,     58.92,          0.27
       -8,          1,    1,        -15.86,          3.50,       0.98,       9.79,     34.31,          0.28
       -8,          1,    2,        -13.46,          3.50,       1.11,      11.12,     38.95,          0.33
       -8,          1,    3,        -12.45,          3.50,       1.20,      12.03,     42.17,          0.33
       -8,          1,    4,        -11.98,          3.50,       1.29,      12.86,     45.06,          0.32
       -8,          1,    5,        -11.73,          3.50,       1.36,      13.65,     47.83,          0.29
       -8,          1,    6,        -11.39,          3.50,       1.44,      14.42,     50.52,          0.29
       -8,          1,    7,        -11.16,          3.50,       1.52,      15.17,     53.14,          0.27
       -8,          2,    1,        -15.33,          3.50,       1.00,      10.03,     35.14,          0.29
       -8,          2,    2,        -12.85,          3.50,       1.14,      11.40,     39.95,          0.35
       -8,          2,    3,        -11.94,          3.50,       1.24,      12.37,     43.33,          0.35
       -8,          2,    4,        -11.42,          3.50,       1.33,      13.29,     46.56,          0.33
       -8,          2,    5,        -11.24,          3.50,       1.41,      14.15,     49.58,          0.31
       -8,          2,    6,        -10.73,          3.50,       1.50,      14.96,     52.41,          0.31
       -8,          2,    7,        -10.46,          3.50,       1.58,      15.76,     55.23,          0.30
       -8,          3,    1,        -14.70,          3.50,       1.03,      10.27,     35.99,          0.30
       -8,          3,    2,        -12.25,          3.50,       1.18,      11.80,     41.33,          0.36
       -8,          3,    3,        -11.24,          3.50,       1.30,      12.99,     45.53,          0.36
       -8,          3,    4,        -10.61,          3.50,       1.40,      14.00,     49.06,          0.36
       -8,          3,    5,        -10.14,          3.50,       1.50,      15.00,     52.54,          0.35
       -8,          3,    6,         -9.82,          3.50,       1.59,      15.91,     55.73,          0.34
       -8,          3,    7,         -9.57,          3.50,       1.67,      16.75,     58.68,          0.33
       -8,          4,    1,        -14.23,          3.50,       1.05,      10.55,     36.97,          0.31
       -8,          4,    2,        -11.70,          3.50,       1.23,      12.32,     43.18,          0.37
       -8,          4,    3,        -10.61,          3.50,       1.37,      13.67,     47.91,          0.38
       -8,          4,    4,         -9.94,          3.50,       1.48,      14.82,     51.93,          0.37
       -8,          4,    5,         -9.51,          3.50,       1.58,      15.78,     55.27,          0.37
       -8,          4,    6,         -9.20,          3.50,       1.67,      16.70,     58.52,          0.36
       -8,          4,    7,         -8.97,          3.50,       1.75,      17.56,     61.54,          0.35
       -7,          1,    1,        -14.83,          3.50,       1.01,      10.08,     35.30,          0.32
       -7,          1,    2,        -12.25,          3.50,       1.14,      11.44,     40.09,          0.39
       -7,          1,    3,        -11.39,          3.50,       1.24,      12.42,     43.52,          0.39
       -7,          1,    4,        -10.91,          3.50,       1.33,      13.25,     46.42,          0.38
       -7,          1,    5,        -10.61,          3.50,       1.41,      14.05,     49.25,          0.36
       -7,          1,    6,        -10.38,          3.50,       1.49,      14.85,     52.05,          0.34
       -7,          1,    7,        -10.16,          3.50,       1.56,      15.58,     54.58,          0.33
       -7,          2,    1,        -14.16,          3.50,       1.03,      10.29,     36.06,          0.34
       -7,          2,    2,        -11.76,          3.50,       1.17,      11.74,     41.13,          0.41
       -7,          2,    3,        -10.86,          3.50,       1.28,      12.83,     44.97,          0.41
       -7,          2,    4,        -10.36,          3.50,       1.37,      13.74,     48.14,          0.39
       -7,          2,    5,         -9.97,          3.50,       1.46,      14.65,     51.33,          0.38
       -7,          2,    6,         -9.69,          3.50,       1.55,      15.46,     54.17,          0.37
       -7,          2,    7,         -9.43,          3.50,       1.63,      16.31,     57.13,          0.35
       -7,          3,    1,        -13.59,          3.50,       1.06,      10.59,     37.10,          0.36
       -7,          3,    2,        -11.15,          3.50,       1.22,      12.24,     42.88,          0.43
       -7,          3,    3,        -10.15,          3.50,       1.35,      13.49,     47.28,          0.43
       -7,          3,    4,         -9.53,          3.50,       1.46,      14.57,     51.06,          0.43
       -7,          3,    5,         -9.08,          3.50,       1.56,      15.59,     54.62,          0.42
       -7,          3,    6,         -8.74,          3.50,       1.65,      16.52,     57.88,          0.40
       -7,          3,    7,         -8.47,          3.50,       1.74,      17.38,     60.90,          0.39
       -7,          4,    1,        -13.40,          3.50,       1.10,      10.98,     38.47,          0.33
       -7,          4,    2,        -10.60,          3.50,       1.28,      12.85,     45.02,          0.43
       -7,          4,    3,         -9.51,          3.50,       1.43,      14.25,     49.93,          0.45
       -7,          4,    4,         -8.86,          3.50,       1.54,      15.46,     54.17,          0.44
       -7,          4,    5,         -8.44,          3.50,       1.65,      16.52,     57.86,          0.43
       -7,          4,    6,         -8.14,          3.50,       1.74,      17.41,     60.99,          0.42
       -7,          4,    7,         -7.91,          3.50,       1.83,      18.31,     64.17,          0.41
       -6,          1,    1,        -14.04,          3.50,       1.03,      10.32,     36.15,          0.36
       -6,          1,    2,        -11.29,          3.50,       1.18,      11.80,     41.36,          0.46
       -6,          1,    3,        -10.44,          3.50,       1.28,      12.83,     44.95,          0.45
       -6,          1,    4,         -9.97,          3.50,       1.37,      13.66,     47.88,          0.44
       -6,          1,    5,         -9.67,          3.50,       1.45,      14.51,     50.83,          0.42
       -6,          1,    6,         -9.71,          3.50,       1.52,      15.26,     53.46,          0.38
       -6,          1,    7,         -9.48,          3.50,       1.60,      16.02,     56.15,          0.36
       -6,          2,    1,        -13.18,          3.50,       1.06,      10.58,     37.08,          0.40
       -6,          2,    2,        -10.78,          3.50,       1.21,      12.15,     42.56,          0.48
       -6,          2,    3,         -9.90,          3.50,       1.33,      13.24,     46.40,          0.48
       -6,          2,    4,         -9.40,          3.50,       1.42,      14.15,     49.60,          0.47
       -6,          2,    5,         -9.02,          3.50,       1.52,      15.15,     53.09,          0.45
       -6,          2,    6,         -9.04,          3.50,       1.60,      15.97,     55.97,          0.40
       -6,          2,    7,         -8.80,          3.50,       1.68,      16.78,     58.81,          0.39
       -6,          3,    1,        -12.61,          3.50,       1.10,      10.97,     38.46,          0.40
       -6,          3,    2,        -10.17,          3.50,       1.27,      12.72,     44.58,          0.49
       -6,          3,    3,         -9.18,          3.50,       1.40,      14.00,     49.05,          0.50
       -6,          3,    4,         -8.57,          3.50,       1.51,      15.14,     53.04,          0.49
       -6,          3,    5,         -8.12,          3.50,       1.62,      16.20,     56.75,          0.48
       -6,          3,    6,         -8.02,          3.50,       1.71,      17.10,     59.91,          0.45
       -6,          3,    7,         -7.79,          3.50,       1.81,      18.07,     63.32,          0.43
       -6,          4,    1,        -12.14,          3.50,       1.14,      11.36,     39.81,          0.41
       -6,          4,    2,         -9.82,          3.50,       1.34,      13.36,     46.82,          0.47
       -6,          4,    3,         -8.54,          3.50,       1.49,      14.91,     52.23,          0.51
       -6,          4,    4,         -7.89,          3.50,       1.62,      16.13,     56.53,          0.51
       -6,          4,    5,         -7.48,          3.50,       1.72,      17.20,     60.27,          0.50
       -6,          4,    6,         -7.17,          3.50,       1.82,      18.18,     63.71,          0.49
       -6,          4,    7,         -7.23,          3.50,       1.91,      19.07,     66.82,          0.45
       -5,          1,    1,        -12.16,          3.50,       1.09,      10.84,     38.01,          0.47
       -5,          1,    2,         -9.62,          3.50,       1.25,      12.53,     43.91,          0.58
       -5,          1,    3,         -8.79,          3.50,       1.36,      13.58,     47.57,          0.59
       -5,          1,    4,         -8.58,          3.50,       1.45,      14.49,     50.77,          0.54
       -5,          1,    5,         -8.27,          3.50,       1.53,      15.34,     53.73,          0.52
       -5,          1,    6,         -7.85,          3.50,       1.61,      16.13,     56.52,          0.52
       -5,          1,    7,         -7.66,          3.50,       1.69,      16.87,     59.09,          0.50
       -5,          2,    1,        -11.51,          3.50,       1.12,      11.25,     39.41,          0.49
       -5,          2,    2,         -9.11,          3.50,       1.30,      12.98,     45.49,          0.60
       -5,          2,    3,         -8.24,          3.50,       1.41,      14.13,     49.51,          0.61
       -5,          2,    4,         -7.76,          3.50,       1.52,      15.15,     53.08,          0.60
       -5,          2,    5,         -7.39,          3.50,       1.61,      16.12,     56.46,          0.58
       -5,          2,    6,         -7.13,          3.50,       1.70,      16.95,     59.37,          0.56
       -5,          2,    7,         -6.94,          3.50,       1.79,      17.87,     62.61,          0.54
       -5,          3,    1,        -10.94,          3.50,       1.16,      11.66,     40.86,          0.51
       -5,          3,    2,         -8.51,          3.50,       1.36,      13.61,     47.70,          0.62
       -5,          3,    3,         -7.56,          3.50,       1.51,      15.06,     52.79,          0.63
       -5,          3,    4,         -6.91,          3.50,       1.63,      16.28,     57.06,          0.63
       -5,          3,    5,         -6.48,          3.50,       1.73,      17.37,     60.85,          0.63
       -5,          3,    6,         -6.16,          3.50,       1.84,      18.45,     64.64,          0.61
       -5,          3,    7,         -5.95,          3.50,       1.94,      19.35,     67.79,          0.59
       -5,          4,    1,        -10.46,          3.50,       1.21,      12.11,     42.43,          0.51
       -5,          4,    2,         -7.92,          3.50,       1.44,      14.46,     50.66,          0.62
       -5,          4,    3,         -6.86,          3.50,       1.61,      16.14,     56.56,          0.65
       -5,          4,    4,         -6.22,          3.50,       1.74,      17.46,     61.18,          0.66
       -5,          4,    5,         -5.82,          3.50,       1.86,      18.62,     65.23,          0.65
       -5,          4,    6,         -5.52,          3.50,       1.97,      19.67,     68.89,          0.64
       -5,          4,    7,         -5.31,          3.50,       2.06,      20.58,     72.09,          0.62
       -4,          1,    1,        -11.45,          3.50,       1.11,      11.13,     39.00,          0.52
       -4,          1,    2,         -8.91,          3.50,       1.29,      12.88,     45.13,          0.64
       -4,          1,    3,         -8.08,          3.50,       1.40,      13.96,     48.90,          0.65
       -4,          1,    4,         -7.64,          3.50,       1.49,      14.90,     52.19,          0.64
       -4,          1,    5,         -7.36,          3.50,       1.57,      15.75,     55.17,          0.61
       -4,          1,    6,         -7.15,          3.50,       1.65,      16.53,     57.92,          0.59
       -4,          1,    7,         -6.97,          3.50,       1.73,      17.31,     60.64,          0.57
       -4,          2,    1,        -10.80,          3.50,       1.15,      11.52,     40.37,          0.54
       -4,          2,    2,         -8.39,          3.50,       1.34,      13.35,     46.77,          0.66
       -4,          2,    3,         -7.52,          3.50,       1.46,      14.61,     51.21,          0.67
       -4,          2,    4,         -7.04,          3.50,       1.56,      15.61,     54.69,          0.66
       -4,          2,    5,         -6.68,          3.50,       1.66,      16.60,     58.14,          0.65
       -4,          2,    6,         -6.42,          3.50,       1.74,      17.44,     61.10,          0.63
       -4,          2,    7,         -6.19,          3.50,       1.84,      18.40,     64.48,          0.61
       -4,          3,    1,        -10.25,          3.50,       1.20,      12.00,     42.03,          0.55
       -4,          3,    2,         -7.81,          3.50,       1.40,      14.03,     49.17,          0.68
       -4,          3,    3,         -6.79,          3.50,       1.56,      15.57,     54.56,          0.70
       -4,          3,    4,         -6.20,          3.50,       1.68,      16.79,     58.83,          0.71
       -4,          3,    5,         -5.77,          3.50,       1.80,      18.00,     63.04,          0.69
       -4,          3,    6,         -5.46,          3.50,       1.90,      19.01,     66.59,          0.68
       -4,          3,    7,         -5.20,          3.50,       2.00,      20.00,     70.07,          0.67
       -4,          4,    1,         -9.73,          3.50,       1.25,      12.48,     43.72,          0.56
       -4,          4,    2,         -7.20,          3.50,       1.50,      14.97,     52.44,          0.69
       -4,          4,    3,         -6.44,          3.50,       1.67,      16.71,     58.55,          0.67
       -4,          4,    4,         -5.51,          3.50,       1.81,      18.14,     63.55,          0.73
       -4,          4,    5,         -5.10,          3.50,       1.93,      19.33,     67.71,          0.72
       -4,          4,    6,         -4.81,          3.50,       2.03,      20.32,     71.19,          0.71
       -4,          4,    7,         -4.89,          3.50,       2.13,      21.33,     74.73,          0.65
       -3,          1,    1,        -10.95,          3.50,       1.14,      11.42,     40.01,          0.54
       -3,          1,    2,         -8.25,          3.50,       1.32,      13.24,     46.41,          0.70
       -3,          1,    3,         -7.42,          3.50,       1.44,      14.39,     50.43,          0.72
       -3,          1,    4,         -6.98,          3.50,       1.53,      15.31,     53.63,          0.70
       -3,          1,    5,         -6.82,          3.50,       1.62,      16.17,     56.65,          0.66
       -3,          1,    6,         -6.69,          3.50,       1.69,      16.93,     59.32,          0.63
       -3,          1,    7,         -6.56,          3.50,       1.78,      17.76,     62.24,          0.59
       -3,          2,    1,        -10.14,          3.50,       1.18,      11.81,     41.37,          0.59
       -3,          2,    2,         -7.72,          3.50,       1.37,      13.72,     48.09,          0.73
       -3,          2,    3,         -6.86,          3.50,       1.50,      15.00,     52.55,          0.75
       -3,          2,    4,         -6.38,          3.50,       1.61,      16.04,     56.20,          0.74
       -3,          2,    5,         -6.02,          3.50,       1.70,      17.06,     59.79,          0.72
       -3,          2,    6,         -6.00,          3.50,       1.80,      18.00,     63.09,          0.66
       -3,          2,    7,         -5.54,          3.50,       1.89,      18.92,     66.29,          0.68
       -3,          3,    1,         -9.71,          3.50,       1.23,      12.31,     43.13,          0.59
       -3,          3,    2,         -7.10,          3.50,       1.45,      14.54,     50.94,          0.75
       -3,          3,    3,         -6.12,          3.50,       1.61,      16.08,     56.36,          0.78
       -3,          3,    4,         -5.53,          3.50,       1.73,      17.34,     60.76,          0.78
       -3,          3,    5,         -5.11,          3.50,       1.86,      18.61,     65.20,          0.77
       -3,          3,    6,         -4.80,          3.50,       1.97,      19.64,     68.81,          0.75
       -3,          3,    7,         -4.55,          3.50,       2.06,      20.60,     72.18,          0.74
       -3,          4,    1,         -9.08,          3.50,       1.29,      12.87,     45.09,          0.61
       -3,          4,    2,         -6.53,          3.50,       1.55,      15.49,     54.29,          0.76
       -3,          4,    3,         -5.72,          3.50,       1.73,      17.30,     60.63,          0.75
       -3,          4,    4,         -5.11,          3.50,       1.88,      18.78,     65.78,          0.75
       -3,          4,    5,         -4.44,          3.50,       2.00,      20.03,     70.17,          0.79
       -3,          4,    6,         -4.14,          3.50,       2.11,      21.10,     73.92,          0.78
       -3,          4,    7,         -3.94,          3.50,       2.21,      22.06,     77.28,          0.77
       -2,          1,    1,         -9.63,          3.50,       1.19,      11.91,     41.74,          0.65
       -2,          1,    2,         -7.06,          3.50,       1.39,      13.94,     48.83,          0.82
       -2,          1,    3,         -6.49,          3.50,       1.52,      15.15,     53.09,          0.80
       -2,          1,    4,         -5.95,          3.50,       1.61,      16.08,     56.34,          0.81
       -2,          1,    5,         -5.68,          3.50,       1.70,      16.98,     59.48,          0.78
       -2,          1,    6,         -5.48,          3.50,       1.78,      17.81,     62.42,          0.76
       -2,          1,    7,         -5.37,          3.50,       1.86,      18.65,     65.35,          0.72
       -2,          2,    1,         -8.97,          3.50,       1.24,      12.38,     43.39,          0.69
       -2,          2,    2,         -6.53,          3.50,       1.45,      14.56,     51.04,          0.85
       -2,          2,    3,         -5.75,          3.50,       1.59,      15.86,     55.59,          0.87
       -2,          2,    4,         -5.19,          3.50,       1.70,      16.94,     59.35,          0.88
       -2,          2,    5,         -4.85,          3.50,       1.81,      18.06,     63.29,          0.85
       -2,          2,    6,         -4.59,          3.50,       1.90,      19.00,     66.55,          0.83
       -2,          2,    7,         -4.37,          3.50,       1.99,      19.95,     69.91,          0.81
       -2,          3,    1,         -8.38,          3.50,       1.30,      13.00,     45.55,          0.70
       -2,          3,    2,         -6.22,          3.50,       1.54,      15.44,     54.08,          0.82
       -2,          3,    3,         -4.92,          3.50,       1.71,      17.06,     59.76,          0.92
       -2,          3,    4,         -4.34,          3.50,       1.85,      18.49,     64.78,          0.92
       -2,          3,    5,         -3.92,          3.50,       1.98,      19.79,     69.31,          0.91
       -2,          3,    6,         -3.61,          3.50,       2.09,      20.85,     73.04,          0.90
       -2,          3,    7,         -3.59,          3.50,       2.19,      21.89,     76.69,          0.85
       -2,          4,    1,         -7.89,          3.50,       1.36,      13.56,     47.51,          0.72
       -2,          4,    2,         -5.41,          3.50,       1.65,      16.51,     57.84,          0.87
       -2,          4,    3,         -4.27,          3.50,       1.85,      18.51,     64.87,          0.94
       -2,          4,    4,         -3.64,          3.50,       2.01,      20.08,     70.36,          0.95
       -2,          4,    5,         -3.24,          3.50,       2.14,      21.41,     75.01,          0.95
       -2,          4,    6,         -2.95,          3.50,       2.25,      22.51,     78.86,          0.94
       -2,          4,    7,         -2.76,          3.50,       2.36,      23.57,     82.57,          0.92
       -1,          1,    1,         -8.65,          3.50,       1.24,      12.39,     43.41,          0.74
       -1,          1,    2,         -6.06,          3.50,       1.47,      14.65,     51.35,          0.94
       -1,          1,    3,         -5.22,          3.50,       1.59,      15.88,     55.66,          0.98
       -1,          1,    4,         -4.80,          3.50,       1.69,      16.86,     59.08,          0.97
       -1,          1,    5,         -4.54,          3.50,       1.78,      17.80,     62.39,          0.94
       -1,          1,    6,         -4.34,          3.50,       1.87,      18.62,     65.23,          0.92
       -1,          1,    7,         -4.17,          3.50,       1.95,      19.48,     68.26,          0.89
       -1,          2,    1,         -7.98,          3.50,       1.30,      12.96,     45.41,          0.78
       -1,          2,    2,         -5.80,          3.50,       1.53,      15.30,     53.59,          0.92
       -1,          2,    3,         -4.94,          3.50,       1.67,      16.69,     58.49,          0.95
       -1,          2,    4,         -4.18,          3.50,       1.78,      17.84,     62.49,          1.02
       -1,          2,    5,         -3.84,          3.50,       1.89,      18.93,     66.35,          1.00
       -1,          2,    6,         -3.59,          3.50,       2.00,      19.96,     69.94,          0.97
       -1,          2,    7,         -3.37,          3.50,       2.09,      20.88,     73.16,          0.95
       -1,          3,    1,         -7.39,          3.50,       1.36,      13.59,     47.63,          0.80
       -1,          3,    2,         -5.10,          3.50,       1.63,      16.29,     57.09,          0.96
       -1,          3,    3,         -3.91,          3.50,       1.81,      18.10,     63.40,          1.05
       -1,          3,    4,         -3.36,          3.50,       1.95,      19.54,     68.47,          1.06
       -1,          3,    5,         -2.91,          3.50,       2.09,      20.88,     73.14,          1.06
       -1,          3,    6,         -2.60,          3.50,       2.21,      22.06,     77.27,          1.05
       -1,          3,    7,         -2.36,          3.50,       2.32,      23.17,     81.19,          1.03
       -1,          4,    1,         -6.90,          3.50,       1.43,      14.31,     50.14,          0.81
       -1,          4,    2,         -4.31,          3.50,       1.75,      17.43,     61.06,          1.02
       -1,          4,    3,         -3.25,          3.50,       1.97,      19.69,     69.01,          1.07
       -1,          4,    4,         -2.62,          3.50,       2.14,      21.32,     74.72,          1.10
       -1,          4,    5,         -2.22,          3.50,       2.27,      22.72,     79.60,          1.09
       -1,          4,    6,         -1.94,          3.50,       2.39,      23.90,     83.72,          1.09
       -1,          4,    7,         -1.73,          3.50,       2.50,      25.05,     87.77,          1.07
        0,          1,    1,         -7.78,          3.50,       1.29,      12.94,     45.32,          0.82
        0,          1,    2,         -5.14,          3.50,       1.53,      15.30,     53.61,          1.07
        0,          1,    3,         -4.40,          3.50,       1.66,      16.64,     58.30,          1.09
        0,          1,    4,         -3.87,          3.50,       1.76,      17.64,     61.81,          1.12
        0,          1,    5,         -3.64,          3.50,       1.86,      18.62,     65.23,          1.08
        0,          1,    6,         -3.42,          3.50,       1.95,      19.51,     68.34,          1.05
        0,          1,    7,         -3.26,          3.50,       2.03,      20.32,     71.20,          1.02
        0,          2,    1,         -7.09,          3.50,       1.35,      13.53,     47.40,          0.87
        0,          2,    2,         -4.60,          3.50,       1.60,      16.04,     56.20,          1.11
        0,          2,    3,         -3.72,          3.50,       1.75,      17.52,     61.37,          1.17
        0,          2,    4,         -3.26,          3.50,       1.88,      18.76,     65.73,          1.16
        0,          2,    5,         -2.91,          3.50,       1.99,      19.94,     69.85,          1.14
        0,          2,    6,         -2.67,          3.50,       2.09,      20.88,     73.16,          1.12
        0,          2,    7,         -2.45,          3.50,       2.19,      21.92,     76.80,          1.10
        0,          3,    1,         -6.50,          3.50,       1.42,      14.22,     49.82,          0.90
        0,          3,    2,         -3.97,          3.50,       1.71,      17.11,     59.97,          1.14
        0,          3,    3,         -2.98,          3.50,       1.91,      19.09,     66.87,          1.20
        0,          3,    4,         -2.41,          3.50,       2.06,      20.57,     72.06,          1.22
        0,          3,    5,         -1.98,          3.50,       2.20,      22.01,     77.12,          1.21
        0,          3,    6,         -1.68,          3.50,       2.33,      23.25,     81.44,          1.20
        0,          3,    7,         -1.44,          3.50,       2.44,      24.36,     85.34,          1.19
        0,          4,    1,         -6.01,          3.50,       1.50,      15.05,     52.72,          0.90
        0,          4,    2,         -3.39,          3.50,       1.85,      18.46,     64.67,          1.15
        0,          4,    3,         -2.32,          3.50,       2.08,      20.77,     72.75,          1.22
        0,          4,    4,         -1.69,          3.50,       2.26,      22.58,     79.11,          1.25
        0,          4,    5,         -1.29,          3.50,       2.41,      24.08,     84.36,          1.25
        0,          4,    6,         -1.00,          3.50,       2.54,      25.38,     88.92,          1.24
        0,          4,    7,         -0.80,          3.50,       2.65,      26.49,     92.77,          1.22
        1,          1,    1,         -6.99,          3.50,       1.34,      13.38,     46.87,          0.91
        1,          1,    2,         -4.32,          3.50,       1.60,      16.00,     56.07,          1.19
        1,          1,    3,         -3.47,          3.50,       1.74,      17.35,     60.78,          1.26
        1,          1,    4,         -3.04,          3.50,       1.85,      18.46,     64.67,          1.25
        1,          1,    5,         -2.79,          3.50,       1.94,      19.43,     68.09,          1.22
        1,          1,    6,         -2.60,          3.50,       2.03,      20.28,     71.06,          1.19
        1,          1,    7,         -2.44,          3.50,       2.12,      21.19,     74.25,          1.16
        1,          2,    1,         -6.30,          3.50,       1.41,      14.06,     49.27,          0.96
        1,          2,    2,         -4.07,          3.50,       1.68,      16.79,     58.84,          1.16
        1,          2,    3,         -2.89,          3.50,       1.84,      18.40,     64.47,          1.30
        1,          2,    4,         -2.63,          3.50,       1.97,      19.66,     68.87,          1.24
        1,          2,    5,         -2.08,          3.50,       2.08,      20.78,     72.81,          1.29
        1,          2,    6,         -1.84,          3.50,       2.19,      21.89,     76.67,          1.27
        1,          2,    7,         -1.81,          3.50,       2.29,      22.92,     80.29,          1.19
        1,          3,    1,         -5.70,          3.50,       1.49,      14.86,     52.06,          0.99
        1,          3,    2,         -3.14,          3.50,       1.80,      18.03,     63.16,          1.27
        1,          3,    3,         -2.15,          3.50,       2.01,      20.06,     70.28,          1.35
        1,          3,    4,         -1.57,          3.50,       2.16,      21.63,     75.79,          1.37
        1,          3,    5,         -1.15,          3.50,       2.31,      23.14,     81.08,          1.37
        1,          3,    6,         -0.85,          3.50,       2.44,      24.43,     85.56,          1.36
        1,          3,    7,         -0.61,          3.50,       2.57,      25.65,     89.84,          1.34
        1,          4,    1,         -5.21,          3.50,       1.57,      15.72,     55.07,          1.00
        1,          4,    2,         -2.79,          3.50,       1.94,      19.44,     68.10,          1.21
        1,          4,    3,         -1.69,          3.50,       2.19,      21.93,     76.83,          1.30
        1,          4,    4,         -0.85,          3.50,       2.38,      23.80,     83.38,          1.40
        1,          4,    5,         -0.45,          3.50,       2.54,      25.41,     88.99,          1.40
        1,          4,    6,         -0.17,          3.50,       2.68,      26.75,     93.66,          1.40
        1,          4,    7,          0.04,          3.50,       2.79,      27.93,     97.81,          1.38
        2,          1,    1,         -5.95,          3.50,       1.41,      14.08,     49.34,          1.04
        2,          1,    2,         -3.46,          3.50,       1.70,      16.94,     59.35,          1.31
        2,          1,    3,         -2.62,          3.50,       1.85,      18.51,     64.84,          1.37
        2,          1,    4,         -1.93,          3.50,       1.96,      19.63,     68.79,          1.46
        2,          1,    5,         -1.68,          3.50,       2.06,      20.60,     72.17,          1.44
        2,          1,    6,         -1.49,          3.50,       2.15,      21.51,     75.38,          1.41
        2,          1,    7,         -1.58,          3.50,       2.24,      22.41,     78.51,          1.30
        2,          2,    1,         -5.26,          3.50,       1.49,      14.87,     52.11,          1.10
        2,          2,    2,         -2.67,          3.50,       1.79,      17.90,     62.71,          1.44
        2,          2,    3,         -1.78,          3.50,       1.97,      19.65,     68.84,          1.52
        2,          2,    4,         -1.31,          3.50,       2.09,      20.90,     73.22,          1.54
        2,          2,    5,         -0.97,          3.50,       2.22,      22.18,     77.72,          1.52
        2,          2,    6,         -0.73,          3.50,       2.33,      23.29,     81.59,          1.49
        2,          2,    7,         -0.52,          3.50,       2.44,      24.37,     85.36,          1.47
        2,          3,    1,         -4.65,          3.50,       1.57,      15.72,     55.08,          1.14
        2,          3,    2,         -2.04,          3.50,       1.92,      19.24,     67.40,          1.47
        2,          3,    3,         -1.04,          3.50,       2.14,      21.45,     75.16,          1.57
        2,          3,    4,         -0.47,          3.50,       2.32,      23.20,     81.26,          1.60
        2,          3,    5,         -0.13,          3.50,       2.48,      24.82,     86.95,          1.57
        2,          3,    6,          0.25,          3.50,       2.62,      26.18,     91.69,          1.59
        2,          3,    7,          0.49,          3.50,       2.74,      27.42,     96.03,          1.58
        2,          4,    1,         -4.15,          3.50,       1.67,      16.70,     58.51,          1.14
        2,          4,    2,         -1.46,          3.50,       2.08,      20.81,     72.91,          1.49
        2,          4,    3,         -0.37,          3.50,       2.36,      23.58,     82.61,          1.59
        2,          4,    4,          0.25,          3.50,       2.56,      25.67,     89.93,          1.63
        2,          4,    5,          0.63,          3.50,       2.74,      27.36,     95.83,          1.63
        2,          4,    6,          0.96,          3.50,       2.88,      28.81,    100.89,          1.64
        2,          4,    7,          1.15,          3.50,       3.00,      29.99,    105.02,          1.63
        3,          1,    1,         -5.35,          3.50,       1.46,      14.58,     51.08,          1.12
        3,          1,    2,         -2.57,          3.50,       1.76,      17.63,     61.75,          1.51
        3,          1,    3,         -1.69,          3.50,       1.93,      19.24,     67.43,          1.60
        3,          1,    4,         -1.27,          3.50,       2.04,      20.38,     71.41,          1.61
        3,          1,    5,         -1.02,          3.50,       2.14,      21.41,     75.03,          1.58
        3,          1,    6,         -0.83,          3.50,       2.23,      22.34,     78.26,          1.55
        3,          1,    7,         -0.68,          3.50,       2.33,      23.26,     81.49,          1.52
        3,          2,    1,         -4.93,          3.50,       1.54,      15.37,     53.87,          1.11
        3,          2,    2,         -2.01,          3.50,       1.87,      18.61,     65.20,          1.56
        3,          2,    3,         -1.12,          3.50,       2.04,      20.40,     71.48,          1.66
        3,          2,    4,         -0.65,          3.50,       2.18,      21.78,     76.29,          1.68
        3,          2,    5,         -0.50,          3.50,       2.31,      23.09,     80.87,          1.59
        3,          2,    6,         -0.18,          3.50,       2.42,      24.18,     84.71,          1.60
        3,          2,    7,         -0.01,          3.50,       2.54,      25.35,     88.78,          1.56
        3,          3,    1,         -4.04,          3.50,       1.63,      16.31,     57.16,          1.22
        3,          3,    2,         -1.38,          3.50,       2.00,      20.05,     70.23,          1.61
        3,          3,    3,         -0.37,          3.50,       2.24,      22.37,     78.37,          1.72
        3,          3,    4,         -0.09,          3.50,       2.42,      24.16,     84.62,          1.64
        3,          3,    5,          0.32,          3.50,       2.59,      25.85,     90.56,          1.64
        3,          3,    6,          0.92,          3.50,       2.73,      27.26,     95.50,          1.75
        3,          3,    7,          0.91,          3.50,       2.86,      28.57,    100.05,          1.64
        3,          4,    1,         -3.62,          3.50,       1.73,      17.34,     60.73,          1.21
        3,          4,    2,         -0.99,          3.50,       2.18,      21.77,     76.27,          1.55
        3,          4,    3,          0.29,          3.50,       2.47,      24.67,     86.42,          1.74
        3,          4,    4,          0.93,          3.50,       2.69,      26.83,     93.98,          1.79
        3,          4,    5,          1.34,          3.50,       2.86,      28.61,    100.20,          1.81
        3,          4,    6,          1.63,          3.50,       3.00,      30.04,    105.21,          1.81
        3,          4,    7,          1.84,          3.50,       3.13,      31.31,    109.62,          1.80
        4,          1,    1,         -4.30,          3.50,       1.54,      15.41,     53.99,          1.29
        4,          1,    2,         -1.40,          3.50,       1.90,      18.93,     66.32,          1.75
        4,          1,    3,         -0.50,          3.50,       2.06,      20.63,     72.28,          1.89
        4,          1,    4,         -0.07,          3.50,       2.18,      21.84,     76.52,          1.91
        4,          1,    5,          0.17,          3.50,       2.29,      22.91,     80.27,          1.89
        4,          1,    6,          0.35,          3.50,       2.39,      23.84,     83.48,          1.86
        4,          1,    7,          0.50,          3.50,       2.48,      24.86,     87.07,          1.81
        4,          2,    1,         -3.56,          3.50,       1.64,      16.38,     57.39,          1.36
        4,          2,    2,         -0.84,          3.50,       2.00,      20.06,     70.30,          1.82
        4,          2,    3,          0.08,          3.50,       2.20,      21.98,     76.99,          1.96
        4,          2,    4,          0.54,          3.50,       2.34,      23.39,     81.95,          1.99
        4,          2,    5,          0.88,          3.50,       2.48,      24.80,     86.86,          1.98
        4,          2,    6,          1.12,          3.50,       2.60,      25.98,     91.01,          1.96
        4,          2,    7,          1.11,          3.50,       2.71,      27.12,     94.98,          1.85
        4,          3,    1,         -2.95,          3.50,       1.74,      17.37,     60.87,          1.41
        4,          3,    2,         -0.21,          3.50,       2.16,      21.57,     75.59,          1.88
        4,          3,    3,          0.82,          3.50,       2.41,      24.14,     84.55,          2.03
        4,          3,    4,          1.40,          3.50,       2.61,      26.08,     91.34,          2.08
        4,          3,    5,          1.82,          3.50,       2.79,      27.85,     97.54,          2.09
        4,          3,    6,          2.12,          3.50,       2.93,      29.31,    102.66,          2.10
        4,          3,    7,          2.36,          3.50,       3.07,      30.64,    107.30,          2.09
        4,          4,    1,         -2.44,          3.50,       1.86,      18.56,     65.04,          1.42
        4,          4,    2,          0.38,          3.50,       2.35,      23.50,     82.35,          1.90
        4,          4,    3,          1.50,          3.50,       2.67,      26.67,     93.42,          2.06
        4,          4,    4,          2.16,          3.50,       2.90,      28.99,    101.55,          2.14
        4,          4,    5,          2.57,          3.50,       3.08,      30.82,    107.95,          2.18
        4,          4,    6,          2.65,          3.50,       3.24,      32.37,    113.36,          2.08
        4,          4,    7,          3.08,          3.50,       3.36,      33.62,    117.70,          2.19
        5,          1,    1,         -3.63,          3.50,       1.60,      15.98,     56.01,          1.40
        5,          1,    2,         -0.65,          3.50,       1.99,      19.86,     69.58,          1.94
        5,          1,    3,          0.28,          3.50,       2.17,      21.64,     75.80,          2.10
        5,          1,    4,          0.71,          3.50,       2.29,      22.88,     80.17,          2.14
        5,          1,    5,          0.95,          3.50,       2.40,      23.94,     83.86,          2.12
        5,          1,    6,          1.13,          3.50,       2.50,      24.98,     87.49,          2.08
        5,          1,    7,          0.99,          3.50,       2.59,      25.88,     90.65,          1.92
        5,          2,    1,         -2.89,          3.50,       1.70,      16.99,     59.52,          1.49
        5,          2,    2,         -0.08,          3.50,       2.10,      20.97,     73.48,          2.03
        5,          2,    3,          0.85,          3.50,       2.31,      23.06,     80.76,          2.19
        5,          2,    4,          1.32,          3.50,       2.45,      24.49,     85.80,          2.23
        5,          2,    5,          1.66,          3.50,       2.59,      25.91,     90.75,          2.23
        5,          2,    6,          1.90,          3.50,       2.71,      27.13,     95.03,          2.21
        5,          2,    7,          2.10,          3.50,       2.83,      28.34,     99.24,          2.19
        5,          3,    1,         -2.26,          3.50,       1.82,      18.18,     63.68,          1.54
        5,          3,    2,          0.56,          3.50,       2.27,      22.66,     79.38,          2.09
        5,          3,    3,          1.61,          3.50,       2.53,      25.28,     88.53,          2.28
        5,          3,    4,          2.18,          3.50,       2.73,      27.29,     95.58,          2.34
        5,          3,    5,          2.59,          3.50,       2.91,      29.10,    101.91,          2.36
        5,          3,    6,          2.92,          3.50,       3.06,      30.58,    107.08,          2.39
        5,          3,    7,          3.17,          3.50,       3.20,      31.98,    111.96,          2.39
        5,          4,    1,         -1.74,          3.50,       1.94,      19.40,     67.96,          1.55
        5,          4,    2,          0.90,          3.50,       2.47,      24.71,     86.53,          1.99
        5,          4,    3,          2.31,          3.50,       2.80,      27.96,     97.93,          2.33
        5,          4,    4,          2.97,          3.50,       3.03,      30.29,    106.05,          2.44
        5,          4,    5,          3.40,          3.50,       3.22,      32.22,    112.81,          2.49
        5,          4,    6,          3.69,          3.50,       3.37,      33.75,    118.15,          2.51
        5,          4,    7,          3.90,          3.50,       3.51,      35.05,    122.71,          2.51
        6,          1,    1,         -2.85,          3.50,       1.67,      16.71,     58.55,          1.55
        6,          1,    2,          0.29,          3.50,       2.09,      20.89,     73.18,          2.22
        6,          1,    3,          1.25,          3.50,       2.29,      22.86,     80.07,          2.42
        6,          1,    4,          1.69,          3.50,       2.41,      24.14,     84.57,          2.48
        6,          1,    5,          1.62,          3.50,       2.53,      25.27,     88.54,          2.28
        6,          1,    6,          2.11,          3.50,       2.62,      26.23,     91.89,          2.43
        6,          1,    7,          2.26,          3.50,       2.72,      27.22,     95.35,          2.39
        6,          2,    1,         -2.07,          3.50,       1.79,      17.89,     62.69,          1.65
        6,          2,    2,          0.62,          3.50,       2.22,      22.14,     77.56,          2.20
        6,          2,    3,          1.84,          3.50,       2.43,      24.29,     85.08,          2.54
        6,          2,    4,          2.31,          3.50,       2.58,      25.81,     90.40,          2.61
        6,          2,    5,          2.64,          3.50,       2.72,      27.22,     95.35,          2.61
        6,          2,    6,          2.87,          3.50,       2.85,      28.48,     99.74,          2.59
        6,          2,    7,          3.06,          3.50,       2.97,      29.69,    103.97,          2.56
        6,          3,    1,         -1.41,          3.50,       1.91,      19.10,     66.92,          1.73
        6,          3,    2,          1.54,          3.50,       2.39,      23.91,     83.75,          2.43
        6,          3,    3,          2.31,          3.50,       2.67,      26.71,     93.53,          2.49
        6,          3,    4,          3.19,          3.50,       2.87,      28.72,    100.55,          2.76
        6,          3,    5,          3.62,          3.50,       3.06,      30.59,    107.12,          2.81
        6,          3,    6,          3.92,          3.50,       3.22,      32.12,    112.47,          2.82
        6,          3,    7,          4.16,          3.50,       3.35,      33.54,    117.42,          2.82
        6,          4,    1,         -0.88,          3.50,       2.04,      20.38,     71.41,          1.76
        6,          4,    2,          2.09,          3.50,       2.61,      26.06,     91.28,          2.44
        6,          4,    3,          3.18,          3.50,       2.95,      29.47,    103.23,          2.66
        6,          4,    4,          3.79,          3.50,       3.20,      31.97,    111.94,          2.75
        6,          4,    5,          4.40,          3.50,       3.39,      33.91,    118.72,          2.94
        6,          4,    6,          4.64,          3.50,       3.56,      35.58,    124.56,          2.92
        6,          4,    7,          4.83,          3.50,       3.70,      36.96,    129.37,          2.91
        7,          1,    1,         -1.95,          3.50,       1.75,      17.49,     61.26,          1.77
        7,          1,    2,          1.15,          3.50,       2.20,      22.07,     77.32,          2.50
        7,          1,    3,          2.39,          3.50,       2.41,      24.11,     84.45,          2.93
        7,          1,    4,          2.57,          3.50,       2.55,      25.45,     89.14,          2.82
        7,          1,    5,          3.07,          3.50,       2.66,      26.58,     93.08,          2.99
        7,          1,    6,          3.21,          3.50,       2.76,      27.57,     96.56,          2.93
        7,          1,    7,          3.28,          3.50,       2.86,      28.55,    100.00,          2.85
        7,          2,    1,         -1.11,          3.50,       1.87,      18.74,     65.65,          1.91
        7,          2,    2,          2.00,          3.50,       2.34,      23.40,     81.99,          2.79
        7,          2,    3,          2.67,          3.50,       2.57,      25.65,     89.85,          2.86
        7,          2,    4,          3.44,          3.50,       2.72,      27.21,     95.30,          3.15
        7,          2,    5,          3.52,          3.50,       2.87,      28.69,    100.49,          2.98
        7,          2,    6,          4.00,          3.50,       2.99,      29.91,    104.73,          3.15
        7,          2,    7,          4.19,          3.50,       3.11,      31.12,    108.97,          3.13
        7,          3,    1,         -0.41,          3.50,       2.01,      20.09,     70.39,          2.00
        7,          3,    2,          2.67,          3.50,       2.53,      25.28,     88.56,          2.91
        7,          3,    3,          3.74,          3.50,       2.82,      28.24,     98.89,          3.20
        7,          3,    4,          4.31,          3.50,       3.03,      30.27,    106.00,          3.33
        7,          3,    5,          4.74,          3.50,       3.23,      32.29,    113.06,          3.38
        7,          3,    6,          5.03,          3.50,       3.38,      33.84,    118.50,          3.40
        7,          3,    7,          5.08,          3.50,       3.54,      35.36,    123.79,          3.26
        7,          4,    1,          0.17,          3.50,       2.15,      21.49,     75.30,          2.07
        7,          4,    2,          3.31,          3.50,       2.76,      27.57,     96.55,          2.99
        7,          4,    3,          4.46,          3.50,       3.12,      31.17,    109.14,          3.32
        7,          4,    4,          5.11,          3.50,       3.38,      33.81,    118.38,          3.47
        7,          4,    5,          5.54,          3.50,       3.60,      35.96,    125.90,          3.55
        7,          4,    6,          5.58,          3.50,       3.77,      37.70,    131.97,          3.38
        7,          4,    7,          6.04,          3.50,       3.92,      39.21,    137.24,          3.58
        8,          1,    1,         -1.03,          3.50,       1.81,      18.09,     63.37,          2.07
        8,          1,    2,          2.43,          3.50,       2.30,      23.00,     80.59,          3.16
        8,          1,    3,          3.44,          3.50,       2.52,      25.21,     88.32,          3.50
        8,          1,    4,          3.72,          3.50,       2.66,      26.58,     93.09,          3.47
        8,          1,    5,          4.11,          3.50,       2.77,      27.69,     97.00,          3.59
        8,          1,    6,          4.27,          3.50,       2.88,      28.74,    100.64,          3.55
        8,          1,    7,          4.41,          3.50,       2.97,      29.73,    104.12,          3.50
        8,          2,    1,         -0.15,          3.50,       1.94,      19.40,     67.97,          2.25
        8,          2,    2,          3.03,          3.50,       2.44,      24.42,     85.55,          3.33
        8,          2,    3,          4.01,          3.50,       2.69,      26.85,     94.05,          3.65
        8,          2,    4,          4.47,          3.50,       2.85,      28.45,     99.63,          3.76
        8,          2,    5,          4.79,          3.50,       2.99,      29.93,    104.81,          3.78
        8,          2,    6,          5.01,          3.50,       3.12,      31.20,    109.25,          3.77
        8,          2,    7,          5.20,          3.50,       3.25,      32.49,    113.76,          3.74
        8,          3,    1,          0.57,          3.50,       2.08,      20.78,     72.82,          2.39
        8,          3,    2,          3.69,          3.50,       2.65,      26.47,     92.71,          3.46
        8,          3,    3,          4.75,          3.50,       2.96,      29.57,    103.54,          3.81
        8,          3,    4,          5.32,          3.50,       3.18,      31.77,    111.23,          3.95
        8,          3,    5,          5.73,          3.50,       3.38,      33.80,    118.33,          4.01
        8,          3,    6,          5.72,          3.50,       3.55,      35.49,    124.27,          3.76
        8,          3,    7,          6.26,          3.50,       3.71,      37.07,    129.78,          4.03
        8,          4,    1,          0.92,          3.50,       2.23,      22.31,     78.15,          2.33
        8,          4,    2,          4.32,          3.50,       2.89,      28.93,    101.31,          3.54
        8,          4,    3,          5.46,          3.50,       3.28,      32.78,    114.78,          3.92
        8,          4,    4,          6.09,          3.50,       3.56,      35.57,    124.56,          4.08
        8,          4,    5,          6.52,          3.50,       3.79,      37.91,    132.71,          4.17
        8,          4,    6,          6.81,          3.50,       3.98,      39.80,    139.31,          4.20
        8,          4,    7,          7.03,          3.50,       4.14,      41.34,    144.72,          4.21
        9,          1,    1,          0.03,          3.50,       1.87,      18.66,     65.39,          2.51
        9,          1,    2,          3.51,          3.50,       2.40,      24.02,     84.13,          3.81
        9,          1,    3,          4.53,          3.50,       2.65,      26.45,     92.64,          4.21
        9,          1,    4,          4.97,          3.50,       2.79,      27.85,     97.53,          4.34
        9,          1,    5,          5.18,          3.50,       2.91,      29.04,    101.71,          4.31
        9,          1,    6,          5.35,          3.50,       3.00,      30.04,    105.20,          4.28
        9,          1,    7,          5.48,          3.50,       3.11,      31.05,    108.75,          4.23
        9,          2,    1,          0.90,          3.50,       2.01,      20.07,     70.31,          2.72
        9,          2,    2,          4.10,          3.50,       2.56,      25.57,     89.55,          3.99
        9,          2,    3,          5.08,          3.50,       2.82,      28.17,     98.65,          4.38
        9,          2,    4,          5.54,          3.50,       2.98,      29.84,    104.50,          4.51
        9,          2,    5,          5.85,          3.50,       3.15,      31.47,    110.20,          4.52
        9,          2,    6,          6.07,          3.50,       3.27,      32.72,    114.57,          4.52
        9,          2,    7,          6.25,          3.50,       3.41,      34.06,    119.26,          4.48
        9,          3,    1,          1.62,          3.50,       2.15,      21.56,     75.53,          2.88
        9,          3,    2,          4.45,          3.50,       2.77,      27.76,     97.24,          3.87
        9,          3,    3,          5.51,          3.50,       3.10,      31.04,    108.70,          4.25
        9,          3,    4,          6.36,          3.50,       3.34,      33.39,    116.92,          4.71
        9,          3,    5,          6.77,          3.50,       3.56,      35.58,    124.56,          4.78
        9,          3,    6,          7.05,          3.50,       3.73,      37.34,    130.72,          4.80
        9,          3,    7,          7.29,          3.50,       3.91,      39.08,    136.81,          4.79
        9,          4,    1,          1.97,          3.50,       2.32,      23.20,     81.29,          2.80
        9,          4,    2,          5.36,          3.50,       3.04,      30.38,    106.39,          4.22
        9,          4,    3,          6.43,          3.50,       3.45,      34.55,    120.98,          4.58
        9,          4,    4,          7.13,          3.50,       3.76,      37.56,    131.51,          4.86
        9,          4,    5,          7.55,          3.50,       4.02,      40.16,    140.58,          4.93
        9,          4,    6,          7.55,          3.50,       4.21,      42.15,    147.54,          4.65
        9,          4,    7,          7.76,          3.50,       4.38,      43.80,    153.29,          4.65
       10,          1,    1,          0.70,          3.50,       1.91,      19.09,     66.88,          2.82
       10,          1,    2,          4.44,          3.50,       2.50,      25.01,     87.61,          4.46
       10,          1,    3,          5.48,          3.50,       2.76,      27.60,     96.65,          4.94
       10,          1,    4,          5.64,          3.50,       2.91,      29.13,    102.02,          4.77
       10,          1,    5,          6.15,          3.50,       3.03,      30.33,    106.22,          5.09
       10,          1,    6,          6.30,          3.50,       3.14,      31.39,    109.92,          5.04
       10,          1,    7,          6.20,          3.50,       3.25,      32.45,    113.64,          4.71
       10,          2,    1,          1.80,          3.50,       2.06,      20.58,     72.10,          3.23
       10,          2,    2,          5.03,          3.50,       2.67,      26.72,     93.56,          4.66
       10,          2,    3,          6.02,          3.50,       2.95,      29.49,    103.26,          5.13
       10,          2,    4,          6.48,          3.50,       3.12,      31.22,    109.33,          5.28
       10,          2,    5,          6.79,          3.50,       3.29,      32.90,    115.19,          5.31
       10,          2,    6,          6.77,          3.50,       3.42,      34.19,    119.71,          5.03
       10,          2,    7,          7.19,          3.50,       3.56,      35.58,    124.57,          5.27
       10,          3,    1,          2.51,          3.50,       2.22,      22.23,     77.89,          3.38
       10,          3,    2,          5.67,          3.50,       2.90,      29.04,    101.71,          4.82
       10,          3,    3,          6.69,          3.50,       3.26,      32.56,    114.02,          5.25
       10,          3,    4,          7.28,          3.50,       3.50,      34.99,    122.52,          5.49
       10,          3,    5,          7.69,          3.50,       3.74,      37.34,    130.72,          5.56
       10,          3,    6,          7.97,          3.50,       3.92,      39.22,    137.30,          5.58
       10,          3,    7,          8.20,          3.50,       4.10,      41.00,    143.52,          5.58
       10,          4,    1,          2.91,          3.50,       2.40,      23.96,     83.92,          3.33
       10,          4,    2,          6.26,          3.50,       3.18,      31.82,    111.44,          4.90
       10,          4,    3,          7.41,          3.50,       3.63,      36.32,    127.15,          5.40
       10,          4,    4,          8.04,          3.50,       3.96,      39.60,    138.61,          5.61
       10,          4,    5,          8.47,          3.50,       4.23,      42.32,    148.12,          5.71
       10,          4,    6,          8.76,          3.50,       4.44,      44.40,    155.42,          5.76
       10,          4,    7,          8.97,          3.50,       4.63,      46.28,    161.99,          5.77
       11,          1,    1,          1.77,          3.50,       1.95,      19.54,     68.48,          3.49
       11,          1,    2,          5.33,          3.50,       2.61,      26.09,     91.38,          5.16
       11,          1,    3,          6.40,          3.50,       2.90,      28.96,    101.41,          5.74
       11,          1,    4,          6.68,          3.50,       3.05,      30.51,    106.85,          5.72
       11,          1,    5,          7.08,          3.50,       3.18,      31.82,    111.43,          5.93
       11,          1,    6,          7.23,          3.50,       3.29,      32.92,    115.27,          5.88
       11,          1,    7,          7.36,          3.50,       3.39,      33.93,    118.79,          5.83
       11,          2,    1,          2.41,          3.50,       2.12,      21.18,     74.21,          3.56
       11,          2,    2,          5.73,          3.50,       2.79,      27.87,     97.60,          5.17
       11,          2,    3,          6.95,          3.50,       3.09,      30.91,    108.23,          5.97
       11,          2,    4,          7.41,          3.50,       3.28,      32.80,    114.83,          6.15
       11,          2,    5,          7.72,          3.50,       3.45,      34.50,    120.81,          6.19
       11,          2,    6,          7.93,          3.50,       3.59,      35.89,    125.68,          6.19
       11,          2,    7,          8.11,          3.50,       3.74,      37.35,    130.73,          6.13
       11,          3,    1,          3.34,          3.50,       2.29,      22.91,     80.24,          3.92
       11,          3,    2,          6.56,          3.50,       3.03,      30.36,    106.30,          5.59
       11,          3,    3,          7.65,          3.50,       3.42,      34.19,    119.71,          6.15
       11,          3,    4,          8.20,          3.50,       3.68,      36.80,    128.84,          6.37
       11,          3,    5,          8.61,          3.50,       3.93,      39.33,    137.69,          6.45
       11,          3,    6,          8.88,          3.50,       4.13,      41.31,    144.58,          6.47
       11,          3,    7,          8.81,          3.50,       4.32,      43.21,    151.24,          6.03
       11,          4,    1,          3.67,          3.50,       2.48,      24.77,     86.76,          3.78
       11,          4,    2,          7.12,          3.50,       3.33,      33.34,    116.75,          5.63
       11,          4,    3,          8.31,          3.50,       3.83,      38.24,    133.85,          6.24
       11,          4,    4,          8.94,          3.50,       4.18,      41.75,    146.14,          6.48
       11,          4,    5,          9.38,          3.50,       4.47,      44.68,    156.40,          6.60
       11,          4,    6,          9.67,          3.50,       4.70,      46.97,    164.40,          6.65
       11,          4,    7,          9.89,          3.50,       4.89,      48.92,    171.22,          6.67
       12,          1,    1,          2.53,          3.50,       2.00,      19.97,     69.97,          4.02
       12,          1,    2,          6.20,          3.50,       2.72,      27.23,     95.37,          5.96
       12,          1,    3,          7.33,          3.50,       3.05,      30.45,    106.65,          6.65
       12,          1,    4,          7.79,          3.50,       3.22,      32.24,    112.88,          6.87
       12,          1,    5,          8.02,          3.50,       3.35,      33.53,    117.40,          6.89
       12,          1,    6,          8.18,          3.50,       3.46,      34.61,    121.19,          6.86
       12,          1,    7,          8.31,          3.50,       3.57,      35.70,    124.99,          6.79
       12,          2,    1,          3.41,          3.50,       2.17,      21.69,     76.00,          4.33
       12,          2,    2,          6.83,          3.50,       2.93,      29.25,    102.42,          6.25
       12,          2,    3,          7.88,          3.50,       3.26,      32.61,    114.17,          6.91
       12,          2,    4,          8.35,          3.50,       3.46,      34.56,    120.98,          7.15
       12,          2,    5,          8.66,          3.50,       3.64,      36.43,    127.55,          7.19
       12,          2,    6,          8.88,          3.50,       3.79,      37.91,    132.73,          7.20
       12,          2,    7,          9.07,          3.50,       3.94,      39.45,    138.11,          7.16
       12,          3,    1,          3.89,          3.50,       2.35,      23.53,     82.41,          4.29
       12,          3,    2,          7.42,          3.50,       3.19,      31.90,    111.68,          6.39
       12,          3,    3,          8.57,          3.50,       3.61,      36.06,    126.22,          7.13
       12,          3,    4,          9.14,          3.50,       3.89,      38.93,    136.28,          7.39
       12,          3,    5,          9.34,          3.50,       4.17,      41.64,    145.78,          7.12
       12,          3,    6,          9.83,          3.50,       4.37,      43.71,    152.98,          7.53
       12,          3,    7,         10.07,          3.50,       4.58,      45.76,    160.17,          7.53
       12,          4,    1,          4.68,          3.50,       2.55,      25.50,     89.34,          4.59
       12,          4,    2,          8.03,          3.50,       3.50,      35.02,    122.62,          6.53
       12,          4,    3,          9.24,          3.50,       4.04,      40.42,    141.50,          7.22
       12,          4,    4,          9.88,          3.50,       4.42,      44.19,    154.67,          7.51
       12,          4,    5,         10.32,          3.50,       4.74,      47.43,    165.99,          7.65
       12,          4,    6,         10.32,          3.50,       4.99,      49.93,    174.76,          7.21
       12,          4,    7,         10.62,          3.50,       5.21,      52.06,    182.23,          7.35
       13,          1,    1,          3.26,          3.50,       2.04,      20.39,     71.41,          4.61
       13,          1,    2,          7.10,          3.50,       2.86,      28.58,    100.11,          6.87
       13,          1,    3,          8.31,          3.50,       3.23,      32.27,    113.00,          7.75
       13,          1,    4,          8.80,          3.50,       3.42,      34.21,    119.78,          8.05
       13,          1,    5,          9.05,          3.50,       3.56,      35.61,    124.66,          8.09
       13,          1,    6,          9.17,          3.50,       3.68,      36.77,    128.74,          8.00
       13,          1,    7,          9.33,          3.50,       3.79,      37.90,    132.66,          7.99
       13,          2,    1,          4.15,          3.50,       2.23,      22.27,     78.03,          4.95
       13,          2,    2,          7.75,          3.50,       3.08,      30.81,    107.88,          7.22
       13,          2,    3,          8.87,          3.50,       3.46,      34.59,    121.12,          8.07
       13,          2,    4,          9.36,          3.50,       3.68,      36.80,    128.84,          8.35
       13,          2,    5,          9.69,          3.50,       3.88,      38.82,    135.89,          8.43
       13,          2,    6,          9.90,          3.50,       4.04,      40.38,    141.35,          8.43
       13,          2,    7,         10.09,          3.50,       4.20,      42.02,    147.08,          8.40
       13,          3,    1,          4.88,          3.50,       2.43,      24.24,     84.91,          5.17
       13,          3,    2,          8.39,          3.50,       3.37,      33.66,    117.84,          7.47
       13,          3,    3,          9.50,          3.50,       3.84,      38.39,    134.39,          8.17
       13,          3,    4,         10.15,          3.50,       4.15,      41.49,    145.24,          8.63
       13,          3,    5,         10.57,          3.50,       4.44,      44.38,    155.32,          8.77
       13,          3,    6,         10.64,          3.50,       4.67,      46.67,    163.36,          8.39
       13,          3,    7,         11.10,          3.50,       4.89,      48.85,    170.97,          8.84
       13,          4,    1,          5.22,          3.50,       2.63,      26.27,     92.01,          4.99
       13,          4,    2,          8.97,          3.50,       3.70,      37.03,    129.63,          7.55
       13,          4,    3,         10.23,          3.50,       4.30,      43.03,    150.60,          8.40
       13,          4,    4,         10.88,          3.50,       4.72,      47.16,    165.06,          8.76
       13,          4,    5,         11.34,          3.50,       5.08,      50.76,    177.68,          8.93
       13,          4,    6,         11.64,          3.50,       5.35,      53.55,    187.41,          9.00
       13,          4,    7,         11.88,          3.50,       5.59,      55.90,    195.63,          9.05
       14,          1,    1,          3.81,          3.50,       2.08,      20.76,     72.72,          5.09
       14,          1,    2,          7.83,          3.50,       2.98,      29.79,    104.31,          7.71
       14,          1,    3,          9.16,          3.50,       3.41,      34.07,    119.28,          8.79
       14,          1,    4,          9.69,          3.50,       3.62,      36.19,    126.71,          9.19
       14,          1,    5,          9.94,          3.50,       3.77,      37.72,    132.07,          9.26
       14,          1,    6,         10.10,          3.50,       3.89,      38.95,    136.37,          9.23
       14,          1,    7,         10.22,          3.50,       4.01,      40.13,    140.49,          9.15
       14,          2,    1,          4.71,          3.50,       2.28,      22.74,     79.67,          5.45
       14,          2,    2,          8.52,          3.50,       3.23,      32.28,    113.05,          8.10
       14,          2,    3,          9.73,          3.50,       3.66,      36.61,    128.18,          9.13
       14,          2,    4,         10.24,          3.50,       3.90,      39.04,    136.65,          9.49
       14,          2,    5,         10.57,          3.50,       4.11,      41.08,    143.78,          9.63
       14,          2,    6,         10.78,          3.50,       4.28,      42.77,    149.71,          9.64
       14,          2,    7,         10.77,          3.50,       4.45,      44.46,    155.65,          9.18
       14,          3,    1,          5.45,          3.50,       2.48,      24.82,     86.93,          5.70
       14,          3,    2,          9.17,          3.50,       3.53,      35.32,    123.68,          8.40
       14,          3,    3,         10.41,          3.50,       4.06,      40.60,    142.11,          9.43
       14,          3,    4,         11.02,          3.50,       4.40,      43.96,    153.88,          9.84
       14,          3,    5,         11.45,          3.50,       4.71,      47.10,    164.87,         10.02
       14,          3,    6,         11.74,          3.50,       4.95,      49.54,    173.39,         10.10
       14,          3,    7,         11.99,          3.50,       5.19,      51.92,    181.73,         10.13
       14,          4,    1,          6.03,          3.50,       2.69,      26.89,     94.19,          5.82
       14,          4,    2,          9.75,          3.50,       3.89,      38.89,    136.12,          8.52
       14,          4,    3,         11.07,          3.50,       4.55,      45.54,    159.40,          9.55
       14,          4,    4,         11.75,          3.50,       5.01,      50.07,    175.26,          9.99
       14,          4,    5,         11.95,          3.50,       5.40,      54.01,    189.01,          9.58
       14,          4,    6,         12.55,          3.50,       5.70,      57.04,    199.62,         10.32
       14,          4,    7,         12.79,          3.50,       5.96,      59.65,    208.75,         10.37
       15,          1,    1,          4.23,          3.50,       2.11,      21.11,     73.98,          5.47
       15,          1,    2,          8.48,          3.50,       3.09,      30.88,    108.13,          8.54
       15,          1,    3,          9.96,          3.50,       3.59,      35.86,    125.57,          9.90
       15,          1,    4,         10.53,          3.50,       3.84,      38.40,    134.41,         10.38
       15,          1,    5,         10.71,          3.50,       4.00,      40.03,    140.11,         10.28
       15,          1,    6,         10.79,          3.50,       4.12,      41.26,    144.44,         10.08
       15,          1,    7,         10.85,          3.50,       4.25,      42.48,    148.68,          9.88
       15,          2,    1,          4.86,          3.50,       2.31,      23.12,     81.01,          5.52
       15,          2,    2,          9.20,          3.50,       3.37,      33.69,    117.98,          9.01
       15,          2,    3,         10.53,          3.50,       3.87,      38.74,    135.61,         10.27
       15,          2,    4,         11.05,          3.50,       4.13,      41.36,    144.78,         10.69
       15,          2,    5,         11.41,          3.50,       4.36,      43.56,    152.47,         10.91
       15,          2,    6,         11.64,          3.50,       4.54,      45.36,    158.77,         10.94
       15,          2,    7,         11.83,          3.50,       4.71,      47.08,    164.80,         10.96
       15,          3,    1,          5.61,          3.50,       2.53,      25.29,     88.61,          5.76
       15,          3,    2,          9.63,          3.50,       3.70,      36.96,    129.40,          8.83
       15,          3,    3,         11.22,          3.50,       4.29,      42.93,    150.26,         10.61
       15,          3,    4,         11.84,          3.50,       4.66,      46.58,    163.03,         11.11
       15,          3,    5,         11.98,          3.50,       4.99,      49.92,    174.73,         10.56
       15,          3,    6,         12.60,          3.50,       5.26,      52.61,    184.12,         11.47
       15,          3,    7,         12.86,          3.50,       5.52,      55.22,    193.25,         11.52
       15,          4,    1,          6.16,          3.50,       2.74,      27.42,     96.06,          5.85
       15,          4,    2,         10.12,          3.50,       4.07,      40.73,    142.57,          8.79
       15,          4,    3,         11.87,          3.50,       4.80,      48.03,    168.08,         10.80
       15,          4,    4,         12.34,          3.50,       5.31,      53.07,    185.75,         10.69
       15,          4,    5,         13.07,          3.50,       5.74,      57.41,    200.91,         11.57
       15,          4,    6,         13.44,          3.50,       6.07,      60.65,    212.26,         11.84
       15,          4,    7,         13.73,          3.50,       6.35,      63.45,    222.04,         12.01
       16,          1,    1,          4.51,          3.50,       2.14,      21.41,     75.02,          5.73
       16,          1,    2,          9.08,          3.50,       3.20,      32.00,    112.04,          9.37
       16,          1,    3,         10.74,          3.50,       3.79,      37.93,    132.78,         11.06
       16,          1,    4,         11.39,          3.50,       4.08,      40.78,    142.77,         11.76
       16,          1,    5,         11.69,          3.50,       4.26,      42.62,    149.19,         11.96
       16,          1,    6,         11.87,          3.50,       4.40,      43.95,    153.85,         12.00
       16,          1,    7,         12.00,          3.50,       4.52,      45.22,    158.27,         11.94
       16,          2,    1,          5.25,          3.50,       2.35,      23.52,     82.38,          5.91
       16,          2,    2,          9.86,          3.50,       3.51,      35.12,    122.95,          9.94
       16,          2,    3,         11.35,          3.50,       4.10,      41.03,    143.63,         11.56
       16,          2,    4,         11.94,          3.50,       4.40,      43.99,    153.97,         12.18
       16,          2,    5,         12.30,          3.50,       4.64,      46.39,    162.38,         12.41
       16,          2,    6,         12.53,          3.50,       4.82,      48.20,    168.70,         12.52
       16,          2,    7,         12.74,          3.50,       5.01,      50.10,    175.37,         12.54
       16,          3,    1,          6.23,          3.50,       2.57,      25.73,     90.13,          6.50
       16,          3,    2,         10.55,          3.50,       3.87,      38.69,    135.46,         10.31
       16,          3,    3,         11.98,          3.50,       4.55,      45.53,    159.36,         11.79
       16,          3,    4,         12.71,          3.50,       4.95,      49.51,    173.27,         12.63
       16,          3,    5,         13.22,          3.50,       5.32,      53.15,    186.02,         13.07
       16,          3,    6,         13.57,          3.50,       5.60,      55.97,    195.88,         13.36
       16,          3,    7,         13.90,          3.50,       5.88,      58.75,    205.60,         13.64
       16,          4,    1,          6.80,          3.50,       2.79,      27.91,     97.76,          6.62
       16,          4,    2,         10.81,          3.50,       4.26,      42.61,    149.15,          9.75
       16,          4,    3,         12.70,          3.50,       5.09,      50.90,    178.16,         12.20
       16,          4,    4,         13.53,          3.50,       5.63,      56.34,    197.19,         13.12
       16,          4,    5,         14.05,          3.50,       6.10,      60.94,    213.28,         13.54
       16,          4,    6,         14.58,          3.50,       6.44,      64.36,    225.22,         14.36
       16,          4,    7,         14.90,          3.50,       6.73,      67.27,    235.40,         14.73
       17,          1,    1,          4.46,          3.50,       2.16,      21.66,     75.89,          5.57
       17,          1,    2,          9.57,          3.50,       3.29,      32.91,    115.24,         10.11
       17,          1,    3,         11.46,          3.50,       3.99,      39.90,    139.66,         12.27
       17,          1,    4,         11.95,          3.50,       4.32,      43.19,    151.19,         12.49
       17,          1,    5,         12.54,          3.50,       4.51,      45.14,    157.98,         13.56
       17,          1,    6,         12.73,          3.50,       4.64,      46.44,    162.57,         13.70
       17,          1,    7,         12.86,          3.50,       4.76,      47.59,    166.58,         13.72
       17,          2,    1,          5.68,          3.50,       2.38,      23.81,     83.40,          6.40
       17,          2,    2,         10.39,          3.50,       3.64,      36.35,    127.25,         10.78
       17,          2,    3,         12.10,          3.50,       4.33,      43.34,    151.70,         12.88
       17,          2,    4,         12.78,          3.50,       4.66,      46.55,    162.93,         13.83
       17,          2,    5,         13.20,          3.50,       4.90,      48.97,    171.39,         14.35
       17,          2,    6,         13.47,          3.50,       5.09,      50.84,    177.94,         14.59
       17,          2,    7,         13.40,          3.50,       5.29,      52.83,    184.92,         13.74
       17,          3,    1,          6.20,          3.50,       2.61,      26.11,     91.44,          6.34
       17,          3,    2,         11.12,          3.50,       4.02,      40.21,    140.76,         11.24
       17,          3,    3,         12.88,          3.50,       4.80,      47.99,    167.98,         13.62
       17,          3,    4,         13.68,          3.50,       5.23,      52.31,    183.09,         14.81
       17,          3,    5,         14.27,          3.50,       5.62,      56.21,    196.73,         15.62
       17,          3,    6,         14.67,          3.50,       5.94,      59.36,    207.74,         16.11
       17,          3,    7,         14.90,          3.50,       6.24,      62.40,    218.36,         16.03
       17,          4,    1,          7.01,          3.50,       2.84,      28.35,     99.29,          6.82
       17,          4,    2,         11.74,          3.50,       4.42,      44.26,    154.92,         11.56
       17,          4,    3,         13.68,          3.50,       5.36,      53.58,    187.54,         14.40
       17,          4,    4,         14.62,          3.50,       5.92,      59.21,    207.24,         15.94
       17,          4,    5,         15.16,          3.50,       6.39,      63.93,    223.73,         16.55
       17,          4,    6,         15.69,          3.50,       6.74,      67.42,    235.92,         17.62
       17,          4,    7,         16.00,          3.50,       7.03,      70.29,    245.93,         18.06
       18,          1,    1,          4.87,          3.50,       2.19,      21.90,     76.74,          6.04
       18,          1,    2,         10.00,          3.50,       3.38,      33.76,    118.19,         10.85
       18,          1,    3,         12.31,          3.50,       4.18,      41.81,    146.34,         14.13
       18,          1,    4,         13.19,          3.50,       4.56,      45.57,    159.51,         15.62
       18,          1,    5,         13.58,          3.50,       4.76,      47.61,    166.64,         16.23
       18,          1,    6,         13.78,          3.50,       4.90,      48.98,    171.42,         16.44
       18,          1,    7,         13.93,          3.50,       5.03,      50.26,    175.93,         16.48
       18,          2,    1,          5.86,          3.50,       2.42,      24.16,     84.63,          6.56
       18,          2,    2,         10.99,          3.50,       3.75,      37.52,    131.33,         11.90
       18,          2,    3,         12.95,          3.50,       4.57,      45.68,    159.89,         14.73
       18,          2,    4,         13.90,          3.50,       4.94,      49.44,    173.04,         16.68
       18,          2,    5,         14.37,          3.50,       5.24,      52.36,    183.26,         17.37
       18,          2,    6,         14.57,          3.50,       5.46,      54.61,    191.14,         17.33
       18,          2,    7,         14.94,          3.50,       5.70,      56.96,    199.34,         17.99
       18,          3,    1,          6.63,          3.50,       2.65,      26.50,     92.81,          6.87
       18,          3,    2,         11.88,          3.50,       4.17,      41.65,    145.80,         12.85
       18,          3,    3,         13.99,          3.50,       5.08,      50.75,    177.63,         16.51
       18,          3,    4,         14.87,          3.50,       5.58,      55.83,    195.39,         18.09
       18,          3,    5,         15.49,          3.50,       6.03,      60.33,    211.15,         19.08
       18,          3,    6,         15.68,          3.50,       6.38,      63.78,    223.21,         18.75
       18,          3,    7,         16.26,          3.50,       6.72,      67.17,    235.02,         20.21
       18,          4,    1,          7.20,          3.50,       2.87,      28.72,    100.57,          7.01
       18,          4,    2,         12.66,          3.50,       4.58,      45.81,    160.35,         13.70
       18,          4,    3,         14.84,          3.50,       5.64,      56.40,    197.39,         17.76
       18,          4,    4,         15.80,          3.50,       6.27,      62.69,    219.39,         19.62
       18,          4,    5,         16.15,          3.50,       6.80,      67.95,    237.76,         19.43
       18,          4,    6,         16.85,          3.50,       7.17,      71.71,    250.89,         21.52
       18,          4,    7,         17.15,          3.50,       7.47,      74.70,    261.33,         22.04
       19,          1,    1,          5.00,          3.50,       2.22,      22.17,     77.69,          6.13
       19,          1,    2,         10.61,          3.50,       3.45,      34.51,    120.82,         12.15
       19,          1,    3,         13.18,          3.50,       4.37,      43.64,    152.75,         16.42
       19,          1,    4,         14.17,          3.50,       4.83,      48.32,    169.14,         18.26
       19,          1,    5,         14.72,          3.50,       5.10,      50.99,    178.48,         19.44
       19,          1,    6,         14.98,          3.50,       5.28,      52.75,    184.64,         19.83
       19,          1,    7,         15.16,          3.50,       5.43,      54.34,    190.17,         19.98
       19,          2,    1,          6.05,          3.50,       2.44,      24.45,     85.65,          6.76
       19,          2,    2,         11.70,          3.50,       3.86,      38.60,    135.13,         13.57
       19,          2,    3,         14.09,          3.50,       4.83,      48.26,    168.93,         17.94
       19,          2,    4,         15.02,          3.50,       5.32,      53.20,    186.19,         19.82
       19,          2,    5,         15.56,          3.50,       5.67,      56.70,    198.43,         20.86
       19,          2,    6,         15.88,          3.50,       5.93,      59.31,    207.57,         21.36
       19,          2,    7,         16.17,          3.50,       6.19,      61.95,    216.80,         21.72
       19,          3,    1,          6.91,          3.50,       2.68,      26.80,     93.86,          7.23
       19,          3,    2,         12.37,          3.50,       4.29,      42.88,    150.08,         13.92
       19,          3,    3,         15.01,          3.50,       5.39,      53.82,    188.37,         19.52
       19,          3,    4,         15.97,          3.50,       5.98,      59.81,    209.33,         21.56
       19,          3,    5,         16.60,          3.50,       6.48,      64.83,    226.86,         22.77
       19,          3,    6,         17.02,          3.50,       6.88,      68.73,    240.47,         23.46
       19,          3,    7,         17.37,          3.50,       7.23,      72.31,    252.93,         24.05
       19,          4,    1,          7.60,          3.50,       2.91,      29.08,    101.84,          7.58
       19,          4,    2,         13.48,          3.50,       4.71,      47.08,    164.80,         16.04
       19,          4,    3,         15.84,          3.50,       5.95,      59.55,    208.43,         21.03
       19,          4,    4,         16.84,          3.50,       6.68,      66.81,    233.76,         23.26
       19,          4,    5,         17.50,          3.50,       7.27,      72.68,    254.27,         24.63
       19,          4,    6,         17.91,          3.50,       7.68,      76.78,    268.52,         25.47
       19,          4,    7,         17.92,          3.50,       8.02,      80.17,    280.36,         24.31
       20,          1,    1,          5.53,          3.50,       2.24,      22.43,     78.56,          6.83
       20,          1,    2,         11.21,          3.50,       3.53,      35.27,    123.49,         13.59
       20,          1,    3,         13.97,          3.50,       4.56,      45.58,    159.53,         18.72
       20,          1,    4,         15.16,          3.50,       5.13,      51.34,    179.71,         21.40
       20,          1,    5,         15.74,          3.50,       5.46,      54.64,    191.23,         22.76
       20,          1,    6,         16.04,          3.50,       5.67,      56.65,    198.25,         23.37
       20,          1,    7,         16.25,          3.50,       5.85,      58.42,    204.46,         23.64
       20,          2,    1,          6.69,          3.50,       2.48,      24.82,     86.95,          7.69
       20,          2,    2,         12.27,          3.50,       3.96,      39.59,    138.60,         15.01
       20,          2,    3,         14.96,          3.50,       5.09,      50.89,    178.10,         20.64
       20,          2,    4,         16.03,          3.50,       5.70,      57.01,    199.52,         23.15
       20,          2,    5,         16.62,          3.50,       6.10,      61.05,    213.67,         24.53
       20,          2,    6,         16.97,          3.50,       6.40,      63.96,    223.85,         25.19
       20,          2,    7,         17.26,          3.50,       6.69,      66.87,    233.99,         25.64
       20,          3,    1,          7.71,          3.50,       2.72,      27.20,     95.27,          8.54
       20,          3,    2,         13.31,          3.50,       4.40,      43.98,    153.95,         16.76
       20,          3,    3,         15.89,          3.50,       5.69,      56.87,    199.03,         22.47
       20,          3,    4,         16.97,          3.50,       6.41,      64.10,    224.33,         25.14
       20,          3,    5,         17.61,          3.50,       6.96,      69.65,    243.66,         26.51
       20,          3,    6,         18.05,          3.50,       7.39,      73.85,    258.32,         27.50
       20,          3,    7,         18.40,          3.50,       7.77,      77.66,    271.63,         28.17
       20,          4,    1,          8.53,          3.50,       2.95,      29.49,    103.28,          9.25
       20,          4,    2,         13.92,          3.50,       4.83,      48.26,    168.90,         17.29
       20,          4,    3,         16.69,          3.50,       6.27,      62.71,    219.46,         24.16
       20,          4,    4,         17.80,          3.50,       7.13,      71.27,    249.35,         26.97
       20,          4,    5,         18.47,          3.50,       7.78,      77.80,    272.09,         28.60
       20,          4,    6,         18.89,          3.50,       8.25,      82.49,    288.42,         29.53
       20,          4,    7,         19.18,          3.50,       8.62,      86.20,    301.39,         30.08
       21,          1,    1,          6.54,          3.50,       2.27,      22.70,     79.51,          8.54
       21,          1,    2,         11.88,          3.50,       3.59,      35.90,    125.71,         15.57
       21,          1,    3,         14.64,          3.50,       4.70,      46.96,    164.37,         21.15
       21,          1,    4,         15.97,          3.50,       5.39,      53.90,    188.65,         24.41
       21,          1,    5,         16.61,          3.50,       5.78,      57.75,    202.13,         26.13
       21,          1,    6,         16.85,          3.50,       6.00,      59.96,    209.86,         26.46
       21,          1,    7,         17.14,          3.50,       6.19,      61.87,    216.52,         27.29
       21,          2,    1,          7.64,          3.50,       2.51,      25.14,     88.06,          9.42
       21,          2,    2,         12.95,          3.50,       4.04,      40.37,    141.33,         17.16
       21,          2,    3,         15.66,          3.50,       5.29,      52.90,    185.16,         23.16
       21,          2,    4,         16.89,          3.50,       6.03,      60.33,    211.12,         26.46
       21,          2,    5,         17.54,          3.50,       6.49,      64.89,    227.09,         28.25
       21,          2,    6,         17.90,          3.50,       6.80,      67.96,    237.79,         29.17
       21,          2,    7,         18.20,          3.50,       7.10,      70.99,    248.34,         29.75
       21,          3,    1,          8.56,          3.50,       2.75,      27.55,     96.50,         10.24
       21,          3,    2,         13.88,          3.50,       4.50,      45.02,    157.55,         18.64
       21,          3,    3,         16.59,          3.50,       5.94,      59.38,    207.81,         25.14
       21,          3,    4,         17.85,          3.50,       6.83,      68.28,    238.89,         28.70
       21,          3,    5,         18.33,          3.50,       7.45,      74.46,    260.46,         29.11
       21,          3,    6,         18.99,          3.50,       7.91,      79.06,    276.49,         31.69
       21,          3,    7,         19.34,          3.50,       8.33,      83.24,    291.02,         32.47
       21,          4,    1,          9.29,          3.50,       2.99,      29.93,    104.81,         10.83
       21,          4,    2,         14.64,          3.50,       4.94,      49.39,    172.88,         19.88
       21,          4,    3,         17.37,          3.50,       6.55,      65.54,    229.35,         26.88
       21,          4,    4,         18.65,          3.50,       7.59,      75.89,    265.41,         30.67
       21,          4,    5,         19.38,          3.50,       8.33,      83.29,    291.22,         32.69
       21,          4,    6,         19.52,          3.50,       8.86,      88.56,    309.61,         31.62
       21,          4,    7,         20.03,          3.50,       9.29,      92.85,    324.61,         33.78
       22,          1,    1,          7.25,          3.50,       2.29,      22.93,     80.32,          9.92
       22,          1,    2,         12.18,          3.50,       3.64,      36.45,    127.63,         16.38
       22,          1,    3,         15.21,          3.50,       4.80,      48.00,    168.00,         23.50
       22,          1,    4,         16.62,          3.50,       5.60,      55.99,    195.95,         27.17
       22,          1,    5,         17.33,          3.50,       6.05,      60.53,    211.83,         29.19
       22,          1,    6,         17.65,          3.50,       6.30,      63.01,    220.53,         30.01
       22,          1,    7,         17.88,          3.50,       6.51,      65.06,    227.70,         30.51
       22,          2,    1,          8.39,          3.50,       2.54,      25.38,     88.92,         11.09
       22,          2,    2,         13.54,          3.50,       4.10,      41.03,    143.61,         19.33
       22,          2,    3,         16.24,          3.50,       5.44,      54.37,    190.28,         25.72
       22,          2,    4,         17.60,          3.50,       6.31,      63.05,    220.65,         29.69
       22,          2,    5,         18.31,          3.50,       6.84,      68.40,    239.33,         31.87
       22,          2,    6,         18.37,          3.50,       7.17,      71.69,    250.80,         30.65
       22,          2,    7,         19.01,          3.50,       7.48,      74.83,    261.75,         33.86
       22,          3,    1,          9.30,          3.50,       2.79,      27.89,     97.69,         11.98
       22,          3,    2,         14.42,          3.50,       4.58,      45.87,    160.54,         20.66
       22,          3,    3,         17.14,          3.50,       6.12,      61.16,    214.05,         27.63
       22,          3,    4,         18.59,          3.50,       7.20,      72.02,    251.97,         32.06
       22,          3,    5,         19.38,          3.50,       7.92,      79.23,    277.05,         34.59
       22,          3,    6,         19.83,          3.50,       8.42,      84.14,    294.18,         35.96
       22,          3,    7,         20.20,          3.50,       8.88,      88.78,    310.41,         36.89
       22,          4,    1,          9.96,          3.50,       3.03,      30.29,    106.07,         12.46
       22,          4,    2,         15.13,          3.50,       5.04,      50.41,    176.44,         21.76
       22,          4,    3,         17.89,          3.50,       6.78,      67.82,    237.31,         29.21
       22,          4,    4,         19.38,          3.50,       8.04,      80.36,    281.01,         34.11
       22,          4,    5,         20.01,          3.50,       8.92,      89.13,    311.64,         35.19
       22,          4,    6,         20.66,          3.50,       9.51,      95.13,    332.59,         38.08
       22,          4,    7,         20.99,          3.50,      10.01,     100.07,    349.85,         38.87

