[Radio] Initializing ... success!
Connected to RF power monitor: Rohde&Schwarz,FPC1500,1328.6660K03/205785,V1.80
Connected to DC power monitor: radiolib-org,DCpowerMon,070dd3d
setCurrentLimit, code 0

Set [dBm],paDutyCycle,hpMax,Measured [dBm],Bus voltage[V],Voltage[mV],Current[mA],Power [mW],Efficiency [%]
       -9,          1,    1,        -17.40,          3.50,       0.95,       9.53,     33.41,          0.21
       -9,          1,    2,        -14.60,          3.50,       1.07,      10.70,     37.48,          0.28
       -9,          1,    3,        -13.69,          3.50,       1.16,      11.65,     40.81,          0.27
       -9,          1,    4,        -13.18,          3.50,       1.25,      12.45,     43.63,          0.26
       -9,          1,    5,        -13.13,          3.50,       1.32,      13.23,     46.37,          0.23
       -9,          1,    6,        -12.57,          3.50,       1.40,      13.95,     48.86,          0.23
       -9,          1,    7,        -12.33,          3.50,       1.47,      14.74,     51.65,          0.22
       -9,          2,    1,        -16.51,          3.50,       0.97,       9.72,     34.05,          0.24
       -9,          2,    2,        -14.11,          3.50,       1.10,      10.97,     38.46,          0.29
       -9,          2,    3,        -13.20,          3.50,       1.19,      11.96,     41.90,          0.28
       -9,          2,    4,        -12.65,          3.50,       1.28,      12.84,     44.98,          0.27
       -9,          2,    5,        -12.24,          3.50,       1.37,      13.66,     47.87,          0.26
       -9,          2,    6,        -11.94,          3.50,       1.44,      14.46,     50.68,          0.25
       -9,          2,    7,        -11.94,          3.50,       1.53,      15.27,     53.51,          0.22
       -9,          3,    1,        -16.09,          3.50,       0.99,       9.92,     34.77,          0.25
       -9,          3,    2,        -13.52,          3.50,       1.13,      11.34,     39.74,          0.30
       -9,          3,    3,        -12.54,          3.50,       1.24,      12.41,     43.49,          0.30
       -9,          3,    4,        -11.85,          3.50,       1.34,      13.44,     47.09,          0.29
       -9,          3,    5,        -11.37,          3.50,       1.44,      14.41,     50.48,          0.28
       -9,          3,    6,        -11.02,          3.50,       1.53,      15.27,     53.51,          0.28
       -9,          3,    7,        -10.78,          3.50,       1.61,      16.13,     56.52,          0.26
       -9,          4,    1,        -15.50,          3.50,       1.02,      10.21,     35.77,          0.26
       -9,          4,    2,        -12.97,          3.50,       1.18,      11.78,     41.29,          0.31
       -9,          4,    3,        -11.87,          3.50,       1.30,      13.06,     45.75,          0.31
       -9,          4,    4,        -11.20,          3.50,       1.41,      14.12,     49.48,          0.31
       -9,          4,    5,        -10.76,          3.50,       1.51,      15.08,     52.84,          0.30
       -9,          4,    6,        -10.44,          3.50,       1.59,      15.94,     55.84,          0.29
       -9,          4,    7,        -10.19,          3.50,       1.68,      16.78,     58.80,          0.28
       -8,          1,    1,        -15.84,          3.50,       0.98,       9.79,     34.30,          0.28
       -8,          1,    2,        -13.32,          3.50,       1.11,      11.10,     38.89,          0.34
       -8,          1,    3,        -12.73,          3.50,       1.20,      12.05,     42.23,          0.31
       -8,          1,    4,        -12.06,          3.50,       1.28,      12.83,     44.95,          0.31
       -8,          1,    5,        -11.83,          3.50,       1.36,      13.64,     47.80,          0.29
       -8,          1,    6,        -11.39,          3.50,       1.44,      14.40,     50.46,          0.28
       -8,          1,    7,        -11.17,          3.50,       1.51,      15.12,     52.97,          0.27
       -8,          2,    1,        -15.24,          3.50,       1.00,      10.02,     35.11,          0.30
       -8,          2,    2,        -12.84,          3.50,       1.14,      11.38,     39.88,          0.35
       -8,          2,    3,        -11.94,          3.50,       1.24,      12.37,     43.35,          0.35
       -8,          2,    4,        -11.42,          3.50,       1.33,      13.29,     46.57,          0.33
       -8,          2,    5,        -11.28,          3.50,       1.42,      14.15,     49.57,          0.30
       -8,          2,    6,        -10.73,          3.50,       1.50,      14.95,     52.38,          0.31
       -8,          2,    7,        -10.47,          3.50,       1.58,      15.80,     55.35,          0.30
       -8,          3,    1,        -14.69,          3.50,       1.03,      10.26,     35.94,          0.31
       -8,          3,    2,        -12.24,          3.50,       1.18,      11.80,     41.37,          0.36
       -8,          3,    3,        -11.23,          3.50,       1.30,      12.99,     45.52,          0.36
       -8,          3,    4,        -10.60,          3.50,       1.40,      13.99,     49.01,          0.36
       -8,          3,    5,        -10.14,          3.50,       1.50,      15.02,     52.63,          0.35
       -8,          3,    6,         -9.79,          3.50,       1.59,      15.90,     55.71,          0.34
       -8,          3,    7,         -9.51,          3.50,       1.67,      16.74,     58.66,          0.33
       -8,          4,    1,        -14.32,          3.50,       1.06,      10.54,     36.95,          0.30
       -8,          4,    2,        -11.69,          3.50,       1.23,      12.32,     43.15,          0.37
       -8,          4,    3,        -10.60,          3.50,       1.37,      13.68,     47.91,          0.38
       -8,          4,    4,         -9.92,          3.50,       1.48,      14.81,     51.90,          0.38
       -8,          4,    5,         -9.50,          3.50,       1.58,      15.81,     55.40,          0.37
       -8,          4,    6,         -9.19,          3.50,       1.67,      16.69,     58.47,          0.36
       -8,          4,    7,         -8.97,          3.50,       1.75,      17.55,     61.49,          0.35
       -7,          1,    1,        -14.77,          3.50,       1.00,      10.05,     35.20,          0.33
       -7,          1,    2,        -12.24,          3.50,       1.14,      11.45,     40.12,          0.39
       -7,          1,    3,        -11.39,          3.50,       1.24,      12.40,     43.46,          0.39
       -7,          1,    4,        -10.91,          3.50,       1.32,      13.25,     46.44,          0.38
       -7,          1,    5,        -10.61,          3.50,       1.41,      14.04,     49.19,          0.36
       -7,          1,    6,        -10.45,          3.50,       1.48,      14.83,     51.96,          0.33
       -7,          1,    7,        -10.16,          3.50,       1.55,      15.57,     54.55,          0.33
       -7,          2,    1,        -14.14,          3.50,       1.03,      10.28,     36.04,          0.35
       -7,          2,    2,        -11.76,          3.50,       1.18,      11.77,     41.22,          0.41
       -7,          2,    3,        -10.87,          3.50,       1.28,      12.81,     44.88,          0.41
       -7,          2,    4,        -10.68,          3.50,       1.37,      13.72,     48.08,          0.37
       -7,          2,    5,         -9.97,          3.50,       1.47,      14.64,     51.30,          0.38
       -7,          2,    6,         -9.68,          3.50,       1.55,      15.48,     54.22,          0.37
       -7,          2,    7,         -9.72,          3.50,       1.63,      16.29,     57.08,          0.33
       -7,          3,    1,        -13.58,          3.50,       1.06,      10.57,     37.05,          0.36
       -7,          3,    2,        -11.15,          3.50,       1.23,      12.25,     42.91,          0.43
       -7,          3,    3,        -10.14,          3.50,       1.35,      13.48,     47.25,          0.43
       -7,          3,    4,         -9.53,          3.50,       1.46,      14.57,     51.04,          0.43
       -7,          3,    5,         -9.07,          3.50,       1.56,      15.59,     54.62,          0.42
       -7,          3,    6,         -8.74,          3.50,       1.65,      16.51,     57.86,          0.41
       -7,          3,    7,         -8.47,          3.50,       1.74,      17.38,     60.90,          0.40
       -7,          4,    1,        -13.10,          3.50,       1.09,      10.96,     38.40,          0.36
       -7,          4,    2,        -10.58,          3.50,       1.29,      12.87,     45.09,          0.43
       -7,          4,    3,         -9.66,          3.50,       1.43,      14.29,     50.09,          0.43
       -7,          4,    4,         -8.86,          3.50,       1.55,      15.45,     54.14,          0.44
       -7,          4,    5,         -8.44,          3.50,       1.65,      16.50,     57.82,          0.43
       -7,          4,    6,         -8.14,          3.50,       1.74,      17.38,     60.91,          0.43
       -7,          4,    7,         -7.92,          3.50,       1.83,      18.31,     64.15,          0.41
       -6,          1,    1,        -13.80,          3.50,       1.03,      10.31,     36.12,          0.38
       -6,          1,    2,        -11.31,          3.50,       1.18,      11.81,     41.39,          0.45
       -6,          1,    3,        -10.43,          3.50,       1.28,      12.81,     44.88,          0.46
       -6,          1,    4,        -10.18,          3.50,       1.36,      13.65,     47.81,          0.42
       -6,          1,    5,         -9.67,          3.50,       1.45,      14.51,     50.84,          0.42
       -6,          1,    6,         -9.44,          3.50,       1.53,      15.26,     53.45,          0.40
       -6,          1,    7,         -9.25,          3.50,       1.60,      16.01,     56.10,          0.38
       -6,          2,    1,        -13.17,          3.50,       1.06,      10.56,     37.02,          0.40
       -6,          2,    2,        -10.78,          3.50,       1.21,      12.14,     42.55,          0.47
       -6,          2,    3,         -9.89,          3.50,       1.33,      13.26,     46.47,          0.48
       -6,          2,    4,         -9.40,          3.50,       1.42,      14.17,     49.66,          0.46
       -6,          2,    5,         -9.34,          3.50,       1.51,      15.12,     52.99,          0.41
       -6,          2,    6,         -8.75,          3.50,       1.60,      15.97,     55.96,          0.43
       -6,          2,    7,         -8.77,          3.50,       1.68,      16.81,     58.88,          0.39
       -6,          3,    1,        -12.60,          3.50,       1.09,      10.95,     38.35,          0.41
       -6,          3,    2,        -10.17,          3.50,       1.27,      12.72,     44.58,          0.49
       -6,          3,    3,         -9.17,          3.50,       1.40,      14.02,     49.11,          0.50
       -6,          3,    4,         -8.57,          3.50,       1.51,      15.15,     53.09,          0.49
       -6,          3,    5,         -8.12,          3.50,       1.62,      16.21,     56.78,          0.48
       -6,          3,    6,         -7.79,          3.50,       1.71,      17.11,     59.96,          0.47
       -6,          3,    7,         -7.53,          3.50,       1.81,      18.07,     63.32,          0.46
       -6,          4,    1,        -12.35,          3.50,       1.14,      11.37,     39.82,          0.39
       -6,          4,    2,         -9.59,          3.50,       1.34,      13.39,     46.92,          0.50
       -6,          4,    3,         -8.54,          3.50,       1.49,      14.90,     52.20,          0.51
       -6,          4,    4,         -7.88,          3.50,       1.62,      16.16,     56.63,          0.51
       -6,          4,    5,         -7.62,          3.50,       1.72,      17.21,     60.30,          0.49
       -6,          4,    6,         -7.17,          3.50,       1.82,      18.18,     63.71,          0.49
       -6,          4,    7,         -6.95,          3.50,       1.91,      19.11,     66.95,          0.48
       -5,          1,    1,        -12.15,          3.50,       1.08,      10.85,     38.01,          0.47
       -5,          1,    2,         -9.61,          3.50,       1.25,      12.52,     43.85,          0.58
       -5,          1,    3,         -8.78,          3.50,       1.36,      13.57,     47.57,          0.58
       -5,          1,    4,         -8.34,          3.50,       1.45,      14.50,     50.79,          0.57
       -5,          1,    5,         -8.06,          3.50,       1.53,      15.33,     53.70,          0.54
       -5,          1,    6,         -7.85,          3.50,       1.61,      16.11,     56.46,          0.52
       -5,          1,    7,         -7.66,          3.50,       1.69,      16.86,     59.08,          0.50
       -5,          2,    1,        -11.51,          3.50,       1.12,      11.22,     39.32,          0.49
       -5,          2,    2,         -9.11,          3.50,       1.30,      12.98,     45.47,          0.60
       -5,          2,    3,         -8.24,          3.50,       1.41,      14.12,     49.48,          0.61
       -5,          2,    4,         -7.75,          3.50,       1.51,      15.16,     53.12,          0.60
       -5,          2,    5,         -7.39,          3.50,       1.61,      16.10,     56.41,          0.58
       -5,          2,    6,         -7.12,          3.50,       1.69,      16.96,     59.43,          0.56
       -5,          2,    7,         -6.89,          3.50,       1.79,      17.86,     62.59,          0.54
       -5,          3,    1,        -10.93,          3.50,       1.16,      11.64,     40.78,          0.51
       -5,          3,    2,         -8.71,          3.50,       1.36,      13.63,     47.75,          0.59
       -5,          3,    3,         -7.51,          3.50,       1.51,      15.08,     52.84,          0.64
       -5,          3,    4,         -6.91,          3.50,       1.63,      16.26,     57.00,          0.63
       -5,          3,    5,         -6.65,          3.50,       1.74,      17.37,     60.85,          0.60
       -5,          3,    6,         -6.39,          3.50,       1.84,      18.40,     64.46,          0.58
       -5,          3,    7,         -6.13,          3.50,       1.94,      19.37,     67.88,          0.57
       -5,          4,    1,        -10.44,          3.50,       1.21,      12.11,     42.42,          0.51
       -5,          4,    2,         -7.91,          3.50,       1.45,      14.46,     50.67,          0.63
       -5,          4,    3,         -7.15,          3.50,       1.61,      16.09,     56.40,          0.61
       -5,          4,    4,         -6.22,          3.50,       1.74,      17.44,     61.09,          0.66
       -5,          4,    5,         -5.82,          3.50,       1.86,      18.63,     65.29,          0.65
       -5,          4,    6,         -5.52,          3.50,       1.97,      19.69,     68.99,          0.64
       -5,          4,    7,         -5.32,          3.50,       2.06,      20.54,     71.98,          0.62
       -4,          1,    1,        -11.44,          3.50,       1.11,      11.14,     39.01,          0.51
       -4,          1,    2,         -8.90,          3.50,       1.29,      12.89,     45.17,          0.64
       -4,          1,    3,         -8.07,          3.50,       1.40,      13.96,     48.93,          0.65
       -4,          1,    4,         -7.63,          3.50,       1.49,      14.89,     52.19,          0.64
       -4,          1,    5,         -7.35,          3.50,       1.58,      15.75,     55.18,          0.61
       -4,          1,    6,         -7.14,          3.50,       1.65,      16.54,     57.95,          0.59
       -4,          1,    7,         -6.96,          3.50,       1.73,      17.29,     60.57,          0.57
       -4,          2,    1,        -10.78,          3.50,       1.15,      11.52,     40.38,          0.54
       -4,          2,    2,         -8.38,          3.50,       1.33,      13.33,     46.72,          0.67
       -4,          2,    3,         -7.52,          3.50,       1.46,      14.60,     51.16,          0.68
       -4,          2,    4,         -7.03,          3.50,       1.56,      15.60,     54.66,          0.67
       -4,          2,    5,         -6.68,          3.50,       1.66,      16.60,     58.17,          0.65
       -4,          2,    6,         -6.42,          3.50,       1.75,      17.45,     61.14,          0.63
       -4,          2,    7,         -6.47,          3.50,       1.84,      18.38,     64.42,          0.57
       -4,          3,    1,        -10.51,          3.50,       1.20,      11.96,     41.92,          0.52
       -4,          3,    2,         -7.76,          3.50,       1.40,      14.03,     49.18,          0.69
       -4,          3,    3,         -6.78,          3.50,       1.56,      15.59,     54.62,          0.70
       -4,          3,    4,         -6.19,          3.50,       1.68,      16.79,     58.82,          0.71
       -4,          3,    5,         -5.76,          3.50,       1.80,      17.98,     63.01,          0.69
       -4,          3,    6,         -5.45,          3.50,       1.90,      19.00,     66.57,          0.68
       -4,          3,    7,         -5.19,          3.50,       2.00,      20.01,     70.13,          0.67
       -4,          4,    1,         -9.72,          3.50,       1.25,      12.47,     43.70,          0.56
       -4,          4,    2,         -7.47,          3.50,       1.50,      14.97,     52.45,          0.65
       -4,          4,    3,         -6.13,          3.50,       1.67,      16.70,     58.54,          0.72
       -4,          4,    4,         -5.50,          3.50,       1.82,      18.14,     63.57,          0.73
       -4,          4,    5,         -5.10,          3.50,       1.93,      19.32,     67.69,          0.72
       -4,          4,    6,         -4.80,          3.50,       2.04,      20.36,     71.33,          0.71
       -4,          4,    7,         -4.59,          3.50,       2.13,      21.34,     74.74,          0.70
       -3,          1,    1,        -10.78,          3.50,       1.14,      11.41,     39.98,          0.56
       -3,          1,    2,         -8.52,          3.50,       1.32,      13.23,     46.35,          0.66
       -3,          1,    3,         -7.41,          3.50,       1.44,      14.39,     50.40,          0.71
       -3,          1,    4,         -7.18,          3.50,       1.53,      15.29,     53.59,          0.67
       -3,          1,    5,         -6.70,          3.50,       1.62,      16.18,     56.69,          0.67
       -3,          1,    6,         -6.50,          3.50,       1.69,      16.94,     59.37,          0.65
       -3,          1,    7,         -6.32,          3.50,       1.78,      17.74,     62.14,          0.63
       -3,          2,    1,        -10.15,          3.50,       1.18,      11.82,     41.43,          0.58
       -3,          2,    2,         -7.71,          3.50,       1.37,      13.75,     48.18,          0.73
       -3,          2,    3,         -6.85,          3.50,       1.50,      15.01,     52.60,          0.75
       -3,          2,    4,         -6.37,          3.50,       1.61,      16.06,     56.26,          0.74
       -3,          2,    5,         -6.02,          3.50,       1.70,      17.06,     59.76,          0.72
       -3,          2,    6,         -5.76,          3.50,       1.80,      18.00,     63.05,          0.70
       -3,          2,    7,         -5.53,          3.50,       1.89,      18.92,     66.28,          0.68
       -3,          3,    1,         -9.79,          3.50,       1.23,      12.30,     43.09,          0.58
       -3,          3,    2,         -7.09,          3.50,       1.45,      14.56,     51.02,          0.75
       -3,          3,    3,         -6.11,          3.50,       1.61,      16.09,     56.39,          0.78
       -3,          3,    4,         -5.62,          3.50,       1.73,      17.30,     60.61,          0.77
       -3,          3,    5,         -5.10,          3.50,       1.86,      18.60,     65.18,          0.77
       -3,          3,    6,         -4.79,          3.50,       1.97,      19.66,     68.88,          0.76
       -3,          3,    7,         -4.54,          3.50,       2.06,      20.61,     72.19,          0.74
       -3,          4,    1,         -9.06,          3.50,       1.29,      12.88,     45.12,          0.61
       -3,          4,    2,         -6.52,          3.50,       1.55,      15.51,     54.33,          0.76
       -3,          4,    3,         -5.46,          3.50,       1.73,      17.29,     60.57,          0.80
       -3,          4,    4,         -4.83,          3.50,       1.88,      18.78,     65.79,          0.80
       -3,          4,    5,         -4.43,          3.50,       2.00,      20.04,     70.18,          0.80
       -3,          4,    6,         -4.14,          3.50,       2.11,      21.11,     73.96,          0.79
       -3,          4,    7,         -3.93,          3.50,       2.21,      22.05,     77.24,          0.77
       -2,          1,    1,         -9.61,          3.50,       1.19,      11.92,     41.77,          0.65
       -2,          1,    2,         -7.05,          3.50,       1.39,      13.94,     48.85,          0.83
       -2,          1,    3,         -6.22,          3.50,       1.51,      15.11,     52.95,          0.85
       -2,          1,    4,         -5.79,          3.50,       1.61,      16.11,     56.43,          0.84
       -2,          1,    5,         -5.53,          3.50,       1.70,      16.96,     59.44,          0.81
       -2,          1,    6,         -5.33,          3.50,       1.78,      17.81,     62.37,          0.78
       -2,          1,    7,         -5.16,          3.50,       1.86,      18.64,     65.29,          0.76
       -2,          2,    1,         -9.27,          3.50,       1.24,      12.39,     43.42,          0.64
       -2,          2,    2,         -6.52,          3.50,       1.45,      14.53,     50.90,          0.86
       -2,          2,    3,         -5.65,          3.50,       1.59,      15.84,     55.53,          0.89
       -2,          2,    4,         -5.39,          3.50,       1.69,      16.94,     59.35,          0.84
       -2,          2,    5,         -4.83,          3.50,       1.81,      18.04,     63.17,          0.86
       -2,          2,    6,         -4.58,          3.50,       1.90,      18.98,     66.49,          0.84
       -2,          2,    7,         -4.36,          3.50,       1.99,      19.95,     69.88,          0.82
       -2,          3,    1,         -8.44,          3.50,       1.30,      12.98,     45.47,          0.70
       -2,          3,    2,         -5.89,          3.50,       1.54,      15.40,     53.98,          0.89
       -2,          3,    3,         -4.91,          3.50,       1.71,      17.06,     59.76,          0.93
       -2,          3,    4,         -4.33,          3.50,       1.85,      18.51,     64.87,          0.92
       -2,          3,    5,         -4.02,          3.50,       1.98,      19.75,     69.18,          0.89
       -2,          3,    6,         -3.60,          3.50,       2.08,      20.83,     72.98,          0.91
       -2,          3,    7,         -3.35,          3.50,       2.19,      21.89,     76.69,          0.89
       -2,          4,    1,         -7.87,          3.50,       1.36,      13.59,     47.63,          0.71
       -2,          4,    2,         -5.31,          3.50,       1.65,      16.51,     57.84,          0.89
       -2,          4,    3,         -4.25,          3.50,       1.85,      18.51,     64.86,          0.94
       -2,          4,    4,         -3.63,          3.50,       2.01,      20.10,     70.43,          0.95
       -2,          4,    5,         -3.23,          3.50,       2.14,      21.40,     74.97,          0.95
       -2,          4,    6,         -2.94,          3.50,       2.25,      22.48,     78.76,          0.94
       -2,          4,    7,         -2.73,          3.50,       2.35,      23.54,     82.47,          0.92
       -1,          1,    1,         -8.90,          3.50,       1.24,      12.40,     43.46,          0.70
       -1,          1,    2,         -6.04,          3.50,       1.46,      14.64,     51.28,          0.95
       -1,          1,    3,         -5.42,          3.50,       1.59,      15.88,     55.66,          0.94
       -1,          1,    4,         -4.79,          3.50,       1.69,      16.86,     59.09,          0.97
       -1,          1,    5,         -4.60,          3.50,       1.78,      17.78,     62.30,          0.93
       -1,          1,    6,         -4.33,          3.50,       1.86,      18.63,     65.27,          0.92
       -1,          1,    7,         -4.16,          3.50,       1.95,      19.47,     68.20,          0.89
       -1,          2,    1,         -7.96,          3.50,       1.30,      12.96,     45.43,          0.78
       -1,          2,    2,         -5.67,          3.50,       1.53,      15.27,     53.51,          0.95
       -1,          2,    3,         -4.64,          3.50,       1.67,      16.70,     58.53,          1.02
       -1,          2,    4,         -4.24,          3.50,       1.79,      17.82,     62.44,          1.01
       -1,          2,    5,         -3.83,          3.50,       1.90,      18.95,     66.40,          1.00
       -1,          2,    6,         -3.62,          3.50,       2.00,      19.97,     69.94,          0.97
       -1,          2,    7,         -3.50,          3.50,       2.09,      20.86,     73.09,          0.93
       -1,          3,    1,         -7.37,          3.50,       1.36,      13.57,     47.53,          0.81
       -1,          3,    2,         -4.88,          3.50,       1.63,      16.28,     57.04,          1.01
       -1,          3,    3,         -3.89,          3.50,       1.81,      18.10,     63.42,          1.06
       -1,          3,    4,         -3.32,          3.50,       1.96,      19.54,     68.45,          1.07
       -1,          3,    5,         -2.89,          3.50,       2.09,      20.84,     73.00,          1.07
       -1,          3,    6,         -2.59,          3.50,       2.20,      22.05,     77.23,          1.05
       -1,          3,    7,         -2.53,          3.50,       2.32,      23.15,     81.11,          0.99
       -1,          4,    1,         -6.88,          3.50,       1.43,      14.30,     50.09,          0.81
       -1,          4,    2,         -4.36,          3.50,       1.74,      17.44,     61.10,          1.01
       -1,          4,    3,         -3.24,          3.50,       1.97,      19.69,     68.97,          1.07
       -1,          4,    4,         -2.61,          3.50,       2.13,      21.35,     74.79,          1.10
       -1,          4,    5,         -2.29,          3.50,       2.27,      22.71,     79.56,          1.08
       -1,          4,    6,         -1.92,          3.50,       2.39,      23.90,     83.71,          1.09
       -1,          4,    7,         -1.72,          3.50,       2.50,      25.02,     87.63,          1.07
        0,          1,    1,         -7.75,          3.50,       1.29,      12.90,     45.18,          0.83
        0,          1,    2,         -5.42,          3.50,       1.53,      15.34,     53.73,          1.00
        0,          1,    3,         -4.28,          3.50,       1.66,      16.62,     58.24,          1.12
        0,          1,    4,         -3.86,          3.50,       1.77,      17.65,     61.84,          1.12
        0,          1,    5,         -3.60,          3.50,       1.86,      18.59,     65.14,          1.09
        0,          1,    6,         -3.41,          3.50,       1.95,      19.48,     68.26,          1.05
        0,          1,    7,         -3.25,          3.50,       2.03,      20.31,     71.15,          1.03
        0,          2,    1,         -7.07,          3.50,       1.35,      13.52,     47.37,          0.88
        0,          2,    2,         -4.58,          3.50,       1.60,      16.02,     56.14,          1.12
        0,          2,    3,         -3.71,          3.50,       1.75,      17.50,     61.32,          1.17
        0,          2,    4,         -3.24,          3.50,       1.87,      18.74,     65.66,          1.16
        0,          2,    5,         -2.98,          3.50,       1.99,      19.92,     69.80,          1.12
        0,          2,    6,         -2.66,          3.50,       2.09,      20.87,     73.11,          1.13
        0,          2,    7,         -2.44,          3.50,       2.19,      21.92,     76.80,          1.10
        0,          3,    1,         -6.47,          3.50,       1.42,      14.20,     49.76,          0.91
        0,          3,    2,         -3.95,          3.50,       1.71,      17.10,     59.91,          1.15
        0,          3,    3,         -2.96,          3.50,       1.91,      19.09,     66.87,          1.21
        0,          3,    4,         -2.41,          3.50,       2.06,      20.56,     72.03,          1.22
        0,          3,    5,         -1.97,          3.50,       2.20,      21.99,     77.04,          1.22
        0,          3,    6,         -1.67,          3.50,       2.33,      23.24,     81.42,          1.21
        0,          3,    7,         -1.57,          3.50,       2.44,      24.35,     85.29,          1.16
        0,          4,    1,         -6.02,          3.50,       1.50,      15.03,     52.67,          0.90
        0,          4,    2,         -3.37,          3.50,       1.85,      18.49,     64.79,          1.15
        0,          4,    3,         -2.32,          3.50,       2.08,      20.77,     72.76,          1.22
        0,          4,    4,         -1.67,          3.50,       2.26,      22.59,     79.12,          1.25
        0,          4,    5,         -1.27,          3.50,       2.41,      24.08,     84.34,          1.25
        0,          4,    6,         -0.99,          3.50,       2.54,      25.37,     88.89,          1.24
        0,          4,    7,         -0.79,          3.50,       2.65,      26.49,     92.76,          1.23
        1,          1,    1,         -6.96,          3.50,       1.34,      13.38,     46.87,          0.92
        1,          1,    2,         -4.29,          3.50,       1.60,      16.00,     56.05,          1.20
        1,          1,    3,         -3.45,          3.50,       1.74,      17.36,     60.84,          1.26
        1,          1,    4,         -3.03,          3.50,       1.84,      18.44,     64.63,          1.26
        1,          1,    5,         -2.77,          3.50,       1.94,      19.42,     68.06,          1.23
        1,          1,    6,         -2.58,          3.50,       2.03,      20.27,     71.01,          1.20
        1,          1,    7,         -2.42,          3.50,       2.12,      21.18,     74.20,          1.17
        1,          2,    1,         -6.27,          3.50,       1.40,      14.08,     49.35,          0.97
        1,          2,    2,         -3.75,          3.50,       1.68,      16.76,     58.71,          1.25
        1,          2,    3,         -2.88,          3.50,       1.84,      18.38,     64.39,          1.31
        1,          2,    4,         -2.41,          3.50,       1.97,      19.66,     68.88,          1.31
        1,          2,    5,         -2.07,          3.50,       2.08,      20.78,     72.79,          1.30
        1,          2,    6,         -1.82,          3.50,       2.19,      21.86,     76.56,          1.28
        1,          2,    7,         -1.89,          3.50,       2.29,      22.93,     80.33,          1.17
        1,          3,    1,         -5.67,          3.50,       1.48,      14.86,     52.05,          1.00
        1,          3,    2,         -3.12,          3.50,       1.80,      17.98,     63.00,          1.28
        1,          3,    3,         -2.13,          3.50,       2.01,      20.06,     70.28,          1.35
        1,          3,    4,         -1.57,          3.50,       2.16,      21.64,     75.80,          1.37
        1,          3,    5,         -1.14,          3.50,       2.31,      23.13,     81.01,          1.37
        1,          3,    6,         -0.84,          3.50,       2.44,      24.41,     85.51,          1.36
        1,          3,    7,         -0.59,          3.50,       2.56,      25.62,     89.74,          1.34
        1,          4,    1,         -5.43,          3.50,       1.57,      15.72,     55.07,          0.95
        1,          4,    2,         -2.54,          3.50,       1.95,      19.44,     68.11,          1.29
        1,          4,    3,         -1.47,          3.50,       2.19,      21.94,     76.85,          1.38
        1,          4,    4,         -0.84,          3.50,       2.38,      23.82,     83.42,          1.41
        1,          4,    5,         -0.44,          3.50,       2.54,      25.40,     88.97,          1.41
        1,          4,    6,         -0.15,          3.50,       2.68,      26.77,     93.76,          1.41
        1,          4,    7,          0.05,          3.50,       2.79,      27.92,     97.79,          1.39
        2,          1,    1,         -5.93,          3.50,       1.41,      14.07,     49.30,          1.05
        2,          1,    2,         -3.21,          3.50,       1.70,      16.96,     59.42,          1.39
        2,          1,    3,         -2.42,          3.50,       1.85,      18.51,     64.84,          1.44
        2,          1,    4,         -1.91,          3.50,       1.97,      19.62,     68.75,          1.47
        2,          1,    5,         -1.66,          3.50,       2.06,      20.59,     72.14,          1.45
        2,          1,    6,         -1.65,          3.50,       2.15,      21.50,     75.31,          1.36
        2,          1,    7,         -1.32,          3.50,       2.24,      22.41,     78.50,          1.38
        2,          2,    1,         -5.23,          3.50,       1.49,      14.85,     52.05,          1.11
        2,          2,    2,         -2.65,          3.50,       1.79,      17.90,     62.70,          1.44
        2,          2,    3,         -1.76,          3.50,       1.97,      19.68,     68.93,          1.52
        2,          2,    4,         -1.29,          3.50,       2.09,      20.91,     73.25,          1.54
        2,          2,    5,         -0.96,          3.50,       2.22,      22.18,     77.70,          1.52
        2,          2,    6,         -0.72,          3.50,       2.33,      23.30,     81.62,          1.50
        2,          2,    7,         -0.51,          3.50,       2.44,      24.36,     85.32,          1.47
        2,          3,    1,         -4.62,          3.50,       1.57,      15.73,     55.11,          1.14
        2,          3,    2,         -2.02,          3.50,       1.92,      19.24,     67.40,          1.48
        2,          3,    3,         -1.02,          3.50,       2.14,      21.45,     75.15,          1.58
        2,          3,    4,         -0.53,          3.50,       2.32,      23.18,     81.19,          1.57
        2,          3,    5,         -0.03,          3.50,       2.48,      24.81,     86.90,          1.60
        2,          3,    6,          0.27,          3.50,       2.62,      26.14,     91.56,          1.60
        2,          3,    7,          0.51,          3.50,       2.74,      27.44,     96.10,          1.58
        2,          4,    1,         -4.36,          3.50,       1.67,      16.70,     58.51,          1.09
        2,          4,    2,         -1.44,          3.50,       2.08,      20.83,     72.97,          1.49
        2,          4,    3,         -0.35,          3.50,       2.36,      23.60,     82.65,          1.60
        2,          4,    4,          0.28,          3.50,       2.57,      25.65,     89.86,          1.64
        2,          4,    5,          0.68,          3.50,       2.73,      27.35,     95.79,          1.65
        2,          4,    6,          0.97,          3.50,       2.88,      28.79,    100.82,          1.65
        2,          4,    7,          1.18,          3.50,       3.00,      30.00,    105.06,          1.64
        3,          1,    1,         -5.32,          3.50,       1.46,      14.55,     50.99,          1.13
        3,          1,    2,         -2.83,          3.50,       1.76,      17.61,     61.70,          1.42
        3,          1,    3,         -1.67,          3.50,       1.92,      19.22,     67.35,          1.61
        3,          1,    4,         -1.25,          3.50,       2.04,      20.37,     71.35,          1.62
        3,          1,    5,         -1.00,          3.50,       2.14,      21.41,     75.01,          1.59
        3,          1,    6,         -0.82,          3.50,       2.23,      22.29,     78.09,          1.56
        3,          1,    7,         -0.66,          3.50,       2.32,      23.25,     81.45,          1.52
        3,          2,    1,         -4.62,          3.50,       1.54,      15.38,     53.89,          1.20
        3,          2,    2,         -1.99,          3.50,       1.86,      18.63,     65.28,          1.57
        3,          2,    3,         -1.10,          3.50,       2.04,      20.42,     71.54,          1.67
        3,          2,    4,         -0.63,          3.50,       2.17,      21.76,     76.24,          1.69
        3,          2,    5,         -0.29,          3.50,       2.31,      23.09,     80.88,          1.67
        3,          2,    6,         -0.05,          3.50,       2.42,      24.21,     84.80,          1.65
        3,          2,    7,          0.15,          3.50,       2.54,      25.37,     88.85,          1.62
        3,          3,    1,         -4.01,          3.50,       1.63,      16.33,     57.22,          1.23
        3,          3,    2,         -1.43,          3.50,       2.01,      20.05,     70.23,          1.59
        3,          3,    3,         -0.35,          3.50,       2.24,      22.36,     78.32,          1.73
        3,          3,    4,          0.22,          3.50,       2.42,      24.16,     84.64,          1.76
        3,          3,    5,          0.64,          3.50,       2.59,      25.86,     90.59,          1.76
        3,          3,    6,          0.93,          3.50,       2.73,      27.26,     95.48,          1.76
        3,          3,    7,          1.18,          3.50,       2.86,      28.59,    100.13,          1.74
        3,          4,    1,         -3.53,          3.50,       1.73,      17.31,     60.66,          1.24
        3,          4,    2,         -0.78,          3.50,       2.18,      21.77,     76.25,          1.62
        3,          4,    3,          0.31,          3.50,       2.47,      24.68,     86.44,          1.74
        3,          4,    4,          0.95,          3.50,       2.68,      26.86,     94.06,          1.80
        3,          4,    5,          1.36,          3.50,       2.86,      28.60,    100.16,          1.82
        3,          4,    6,          1.65,          3.50,       3.00,      30.04,    105.18,          1.82
        3,          4,    7,          1.85,          3.50,       3.13,      31.30,    109.59,          1.81
        4,          1,    1,         -4.27,          3.50,       1.54,      15.43,     54.06,          1.29
        4,          1,    2,         -1.38,          3.50,       1.89,      18.94,     66.35,          1.76
        4,          1,    3,         -0.48,          3.50,       2.06,      20.63,     72.25,          1.90
        4,          1,    4,         -0.35,          3.50,       2.19,      21.85,     76.56,          1.79
        4,          1,    5,          0.19,          3.50,       2.29,      22.94,     80.37,          1.89
        4,          1,    6,          0.37,          3.50,       2.39,      23.86,     83.57,          1.86
        4,          1,    7,          0.52,          3.50,       2.49,      24.86,     87.06,          1.82
        4,          2,    1,         -3.56,          3.50,       1.64,      16.37,     57.35,          1.36
        4,          2,    2,         -0.82,          3.50,       2.00,      20.04,     70.22,          1.83
        4,          2,    3,          0.09,          3.50,       2.20,      21.97,     76.95,          1.97
        4,          2,    4,          0.56,          3.50,       2.34,      23.38,     81.89,          2.00
        4,          2,    5,          0.90,          3.50,       2.48,      24.77,     86.77,          1.99
        4,          2,    6,          1.05,          3.50,       2.60,      25.97,     90.95,          1.93
        4,          2,    7,          1.33,          3.50,       2.71,      27.12,     94.99,          1.94
        4,          3,    1,         -2.92,          3.50,       1.74,      17.39,     60.93,          1.42
        4,          3,    2,         -0.19,          3.50,       2.16,      21.62,     75.74,          1.88
        4,          3,    3,          0.84,          3.50,       2.41,      24.13,     84.52,          2.03
        4,          3,    4,          1.41,          3.50,       2.61,      26.08,     91.33,          2.09
        4,          3,    5,          1.84,          3.50,       2.78,      27.82,     97.42,          2.11
        4,          3,    6,          2.14,          3.50,       2.93,      29.30,    102.62,          2.10
        4,          3,    7,          2.38,          3.50,       3.06,      30.62,    107.21,          2.10
        4,          4,    1,         -2.43,          3.50,       1.86,      18.54,     64.97,          1.42
        4,          4,    2,          0.40,          3.50,       2.35,      23.50,     82.29,          1.91
        4,          4,    3,          1.52,          3.50,       2.67,      26.69,     93.46,          2.07
        4,          4,    4,          2.17,          3.50,       2.90,      28.97,    101.44,          2.15
        4,          4,    5,          2.59,          3.50,       3.08,      30.79,    107.83,          2.19
        4,          4,    6,          2.89,          3.50,       3.23,      32.34,    113.24,          2.20
        4,          4,    7,          3.10,          3.50,       3.36,      33.56,    117.50,          2.20
        5,          1,    1,         -3.61,          3.50,       1.60,      15.99,     56.03,          1.41
        5,          1,    2,         -0.63,          3.50,       1.99,      19.85,     69.55,          1.94
        5,          1,    3,          0.28,          3.50,       2.17,      21.65,     75.82,          2.10
        5,          1,    4,          0.73,          3.50,       2.29,      22.88,     80.16,          2.14
        5,          1,    5,          0.97,          3.50,       2.39,      23.94,     83.88,          2.12
        5,          1,    6,          1.15,          3.50,       2.49,      24.94,     87.39,          2.09
        5,          1,    7,          1.29,          3.50,       2.59,      25.93,     90.82,          2.05
        5,          2,    1,         -2.86,          3.50,       1.70,      16.99,     59.53,          1.50
        5,          2,    2,         -0.06,          3.50,       2.10,      20.97,     73.44,          2.03
        5,          2,    3,          0.87,          3.50,       2.31,      23.04,     80.69,          2.19
        5,          2,    4,          1.13,          3.50,       2.45,      24.48,     85.76,          2.13
        5,          2,    5,          1.66,          3.50,       2.59,      25.87,     90.59,          2.23
        5,          2,    6,          1.91,          3.50,       2.71,      27.10,     94.90,          2.22
        5,          2,    7,          2.11,          3.50,       2.83,      28.28,     99.01,          2.20
        5,          3,    1,         -2.23,          3.50,       1.82,      18.21,     63.80,          1.54
        5,          3,    2,          0.57,          3.50,       2.27,      22.66,     79.36,          2.10
        5,          3,    3,          1.62,          3.50,       2.53,      25.31,     88.64,          2.28
        5,          3,    4,          2.21,          3.50,       2.73,      27.26,     95.48,          2.36
        5,          3,    5,          2.64,          3.50,       2.91,      29.06,    101.75,          2.39
        5,          3,    6,          2.93,          3.50,       3.05,      30.53,    106.92,          2.40
        5,          3,    7,          3.18,          3.50,       3.19,      31.93,    111.79,          2.40
        5,          4,    1,         -1.72,          3.50,       1.94,      19.41,     67.99,          1.56
        5,          4,    2,          1.18,          3.50,       2.47,      24.72,     86.57,          2.13
        5,          4,    3,          2.33,          3.50,       2.79,      27.95,     97.89,          2.34
        5,          4,    4,          2.99,          3.50,       3.03,      30.28,    106.05,          2.45
        5,          4,    5,          3.41,          3.50,       3.22,      32.21,    112.77,          2.50
        5,          4,    6,          3.71,          3.50,       3.38,      33.74,    118.13,          2.52
        5,          4,    7,          3.92,          3.50,       3.50,      35.04,    122.69,          2.52
        6,          1,    1,         -2.82,          3.50,       1.67,      16.72,     58.56,          1.56
        6,          1,    2,          0.31,          3.50,       2.09,      20.93,     73.31,          2.23
        6,          1,    3,          1.07,          3.50,       2.29,      22.88,     80.17,          2.33
        6,          1,    4,          1.45,          3.50,       2.41,      24.10,     84.42,          2.35
        6,          1,    5,          1.95,          3.50,       2.53,      25.24,     88.42,          2.48
        6,          1,    6,          2.12,          3.50,       2.62,      26.19,     91.75,          2.45
        6,          1,    7,          2.27,          3.50,       2.72,      27.21,     95.28,          2.40
        6,          2,    1,         -2.25,          3.50,       1.79,      17.86,     62.57,          1.59
        6,          2,    2,          0.90,          3.50,       2.22,      22.16,     77.62,          2.34
        6,          2,    3,          1.85,          3.50,       2.43,      24.28,     85.05,          2.55
        6,          2,    4,          2.33,          3.50,       2.58,      25.81,     90.39,          2.62
        6,          2,    5,          2.66,          3.50,       2.72,      27.22,     95.35,          2.62
        6,          2,    6,          2.61,          3.50,       2.85,      28.46,     99.66,          2.44
        6,          2,    7,          3.09,          3.50,       2.97,      29.63,    103.78,          2.59
        6,          3,    1,         -1.38,          3.50,       1.91,      19.11,     66.96,          1.73
        6,          3,    2,          1.59,          3.50,       2.39,      23.89,     83.68,          2.46
        6,          3,    3,          2.68,          3.50,       2.67,      26.67,     93.41,          2.71
        6,          3,    4,          3.26,          3.50,       2.87,      28.70,    100.51,          2.81
        6,          3,    5,          3.66,          3.50,       3.05,      30.55,    107.00,          2.83
        6,          3,    6,          3.69,          3.50,       3.21,      32.11,    112.43,          2.67
        6,          3,    7,          4.23,          3.50,       3.35,      33.52,    117.37,          2.87
        6,          4,    1,         -0.80,          3.50,       2.04,      20.40,     71.48,          1.79
        6,          4,    2,          2.24,          3.50,       2.60,      26.04,     91.20,          2.53
        6,          4,    3,          3.35,          3.50,       2.94,      29.46,    103.16,          2.76
        6,          4,    4,          4.06,          3.50,       3.19,      31.93,    111.81,          2.93
        6,          4,    5,          4.48,          3.50,       3.39,      33.93,    118.78,          2.99
        6,          4,    6,          4.78,          3.50,       3.56,      35.58,    124.57,          3.02
        6,          4,    7,          4.99,          3.50,       3.70,      36.96,    129.39,          3.02
        7,          1,    1,         -1.87,          3.50,       1.75,      17.45,     61.15,          1.81
        7,          1,    2,          1.47,          3.50,       2.21,      22.08,     77.37,          2.68
        7,          1,    3,          2.47,          3.50,       2.41,      24.11,     84.47,          2.97
        7,          1,    4,          2.71,          3.50,       2.55,      25.46,     89.17,          2.92
        7,          1,    5,          3.14,          3.50,       2.66,      26.58,     93.11,          3.03
        7,          1,    6,          3.31,          3.50,       2.75,      27.51,     96.33,          3.01
        7,          1,    7,          3.45,          3.50,       2.86,      28.55,     99.97,          2.96
        7,          2,    1,         -1.04,          3.50,       1.88,      18.75,     65.71,          1.94
        7,          2,    2,          2.08,          3.50,       2.34,      23.40,     81.98,          2.83
        7,          2,    3,          3.04,          3.50,       2.56,      25.62,     89.72,          3.12
        7,          2,    4,          3.51,          3.50,       2.72,      27.17,     95.16,          3.20
        7,          2,    5,          3.84,          3.50,       2.87,      28.66,    100.37,          3.21
        7,          2,    6,          4.07,          3.50,       2.99,      29.88,    104.63,          3.21
        7,          2,    7,          4.26,          3.50,       3.11,      31.07,    108.82,          3.19
        7,          3,    1,         -0.33,          3.50,       2.01,      20.09,     70.38,          2.04
        7,          3,    2,          2.75,          3.50,       2.53,      25.25,     88.46,          2.97
        7,          3,    3,          3.56,          3.50,       2.82,      28.18,     98.71,          3.08
        7,          3,    4,          4.38,          3.50,       3.03,      30.25,    105.93,          3.39
        7,          3,    5,          4.81,          3.50,       3.23,      32.26,    112.97,          3.44
        7,          3,    6,          5.10,          3.50,       3.39,      33.84,    118.48,          3.46
        7,          3,    7,          5.31,          3.50,       3.54,      35.37,    123.82,          3.44
        7,          4,    1,          0.24,          3.50,       2.15,      21.48,     75.25,          2.10
        7,          4,    2,          3.38,          3.50,       2.75,      27.54,     96.45,          3.05
        7,          4,    3,          4.53,          3.50,       3.12,      31.17,    109.16,          3.38
        7,          4,    4,          5.17,          3.50,       3.38,      33.81,    118.39,          3.53
        7,          4,    5,          5.60,          3.50,       3.60,      36.00,    126.03,          3.60
        7,          4,    6,          5.89,          3.50,       3.77,      37.71,    132.01,          3.63
        7,          4,    7,          6.11,          3.50,       3.92,      39.22,    137.28,          3.63
        8,          1,    1,         -0.95,          3.50,       1.81,      18.12,     63.49,          2.10
        8,          1,    2,          2.21,          3.50,       2.30,      23.05,     80.74,          2.99
        8,          1,    3,          3.51,          3.50,       2.52,      25.20,     88.29,          3.56
        8,          1,    4,          3.94,          3.50,       2.66,      26.59,     93.12,          3.65
        8,          1,    5,          4.18,          3.50,       2.77,      27.70,     97.02,          3.64
        8,          1,    6,          4.34,          3.50,       2.87,      28.68,    100.45,          3.61
        8,          1,    7,          4.35,          3.50,       2.97,      29.72,    104.08,          3.45
        8,          2,    1,         -0.08,          3.50,       1.94,      19.43,     68.07,          2.29
        8,          2,    2,          3.10,          3.50,       2.44,      24.39,     85.46,          3.39
        8,          2,    3,          4.08,          3.50,       2.68,      26.80,     93.88,          3.72
        8,          2,    4,          4.54,          3.50,       2.84,      28.41,     99.47,          3.83
        8,          2,    5,          4.86,          3.50,       2.99,      29.92,    104.77,          3.84
        8,          2,    6,          5.08,          3.50,       3.12,      31.17,    109.16,          3.83
        8,          2,    7,          5.27,          3.50,       3.25,      32.49,    113.76,          3.80
        8,          3,    1,          0.65,          3.50,       2.08,      20.78,     72.81,          2.43
        8,          3,    2,          3.77,          3.50,       2.65,      26.47,     92.71,          3.52
        8,          3,    3,          4.56,          3.50,       2.95,      29.54,    103.45,          3.64
        8,          3,    4,          5.38,          3.50,       3.18,      31.74,    111.13,          4.01
        8,          3,    5,          5.80,          3.50,       3.38,      33.80,    118.34,          4.08
        8,          3,    6,          6.08,          3.50,       3.55,      35.48,    124.22,          4.09
        8,          3,    7,          6.32,          3.50,       3.71,      37.07,    129.75,          4.10
        8,          4,    1,          1.24,          3.50,       2.23,      22.31,     78.17,          2.50
        8,          4,    2,          4.38,          3.50,       2.89,      28.89,    101.20,          3.60
        8,          4,    3,          5.45,          3.50,       3.28,      32.78,    114.75,          3.91
        8,          4,    4,          6.17,          3.50,       3.56,      35.58,    124.54,          4.15
        8,          4,    5,          6.59,          3.50,       3.79,      37.89,    132.62,          4.24
        8,          4,    6,          6.88,          3.50,       3.98,      39.82,    139.39,          4.26
        8,          4,    7,          7.09,          3.50,       4.14,      41.36,    144.76,          4.27
        9,          1,    1,         -0.11,          3.50,       1.86,      18.65,     65.32,          2.44
        9,          1,    2,          3.52,          3.50,       2.40,      24.01,     84.09,          3.83
        9,          1,    3,          4.44,          3.50,       2.64,      26.45,     92.63,          4.13
        9,          1,    4,          5.03,          3.50,       2.78,      27.84,     97.48,          4.41
        9,          1,    5,          5.21,          3.50,       2.90,      29.02,    101.61,          4.35
        9,          1,    6,          5.42,          3.50,       3.00,      30.01,    105.07,          4.36
        9,          1,    7,          5.55,          3.50,       3.10,      31.02,    108.61,          4.30
        9,          2,    1,          0.97,          3.50,       2.01,      20.06,     70.28,          2.78
        9,          2,    2,          3.90,          3.50,       2.56,      25.58,     89.61,          3.81
        9,          2,    3,          5.15,          3.50,       2.82,      28.15,     98.58,          4.46
        9,          2,    4,          5.60,          3.50,       2.98,      29.83,    104.48,          4.58
        9,          2,    5,          5.92,          3.50,       3.14,      31.42,    110.03,          4.60
        9,          2,    6,          6.13,          3.50,       3.27,      32.72,    114.57,          4.59
        9,          2,    7,          6.32,          3.50,       3.40,      34.03,    119.14,          4.56
        9,          3,    1,          1.69,          3.50,       2.16,      21.58,     75.58,          2.92
        9,          3,    2,          4.82,          3.50,       2.77,      27.70,     97.02,          4.21
        9,          3,    3,          5.63,          3.50,       3.10,      31.02,    108.62,          4.37
        9,          3,    4,          6.42,          3.50,       3.34,      33.37,    116.82,          4.78
        9,          3,    5,          6.83,          3.50,       3.56,      35.59,    124.60,          4.84
        9,          3,    6,          7.11,          3.50,       3.74,      37.35,    130.74,          4.86
        9,          3,    7,          7.35,          3.50,       3.91,      39.08,    136.82,          4.86
        9,          4,    1,          2.26,          3.50,       2.32,      23.19,     81.25,          3.00
        9,          4,    2,          5.42,          3.50,       3.04,      30.36,    106.31,          4.28
        9,          4,    3,          6.56,          3.50,       3.45,      34.52,    120.86,          4.73
        9,          4,    4,          7.19,          3.50,       3.76,      37.59,    131.59,          4.92
        9,          4,    5,          7.62,          3.50,       4.02,      40.17,    140.61,          5.00
        9,          4,    6,          7.91,          3.50,       4.22,      42.15,    147.50,          5.04
        9,          4,    7,          7.92,          3.50,       4.38,      43.82,    153.41,          4.82
       10,          1,    1,          1.01,          3.50,       1.91,      19.10,     66.91,          3.03
       10,          1,    2,          4.50,          3.50,       2.50,      25.03,     87.66,          4.52
       10,          1,    3,          5.54,          3.50,       2.76,      27.59,     96.61,          5.02
       10,          1,    4,          5.73,          3.50,       2.91,      29.11,    101.92,          4.87
       10,          1,    5,          6.21,          3.50,       3.03,      30.33,    106.18,          5.16
       10,          1,    6,          6.35,          3.50,       3.14,      31.37,    109.84,          5.10
       10,          1,    7,          6.49,          3.50,       3.24,      32.42,    113.52,          5.05
       10,          2,    1,          1.87,          3.50,       2.06,      20.58,     72.10,          3.28
       10,          2,    2,          5.10,          3.50,       2.67,      26.70,     93.51,          4.74
       10,          2,    3,          6.09,          3.50,       2.95,      29.45,    103.14,          5.21
       10,          2,    4,          6.54,          3.50,       3.12,      31.19,    109.23,          5.37
       10,          2,    5,          6.85,          3.50,       3.29,      32.90,    115.19,          5.39
       10,          2,    6,          7.07,          3.50,       3.42,      34.22,    119.83,          5.38
       10,          2,    7,          7.25,          3.50,       3.56,      35.59,    124.61,          5.34
       10,          3,    1,          2.58,          3.50,       2.22,      22.22,     77.83,          3.44
       10,          3,    2,          5.73,          3.50,       2.90,      29.00,    101.58,          4.90
       10,          3,    3,          6.80,          3.50,       3.25,      32.53,    113.89,          5.39
       10,          3,    4,          7.12,          3.50,       3.50,      35.02,    122.62,          5.28
       10,          3,    5,          7.73,          3.50,       3.74,      37.35,    130.75,          5.61
       10,          3,    6,          8.03,          3.50,       3.93,      39.25,    137.41,          5.65
       10,          3,    7,          8.26,          3.50,       4.10,      41.02,    143.60,          5.65
       10,          4,    1,          2.92,          3.50,       2.39,      23.93,     83.85,          3.33
       10,          4,    2,          6.33,          3.50,       3.18,      31.81,    111.37,          4.97
       10,          4,    3,          7.33,          3.50,       3.63,      36.32,    127.14,          5.30
       10,          4,    4,          8.10,          3.50,       3.96,      39.58,    138.55,          5.69
       10,          4,    5,          8.53,          3.50,       4.23,      42.33,    148.17,          5.79
       10,          4,    6,          8.82,          3.50,       4.44,      44.40,    155.39,          5.84
       10,          4,    7,          9.03,          3.50,       4.62,      46.25,    161.88,          5.85
       11,          1,    1,          1.84,          3.50,       1.96,      19.54,     68.47,          3.54
       11,          1,    2,          5.39,          3.50,       2.60,      26.06,     91.27,          5.24
       11,          1,    3,          6.46,          3.50,       2.89,      28.91,    101.25,          5.82
       11,          1,    4,          6.90,          3.50,       3.05,      30.50,    106.81,          6.01
       11,          1,    5,          6.84,          3.50,       3.18,      31.82,    111.39,          5.61
       11,          1,    6,          7.29,          3.50,       3.29,      32.87,    115.08,          5.97
       11,          1,    7,          7.42,          3.50,       3.39,      33.89,    118.64,          5.91
       11,          2,    1,          2.70,          3.50,       2.12,      21.18,     74.19,          3.80
       11,          2,    2,          5.99,          3.50,       2.79,      27.87,     97.60,          5.49
       11,          2,    3,          7.01,          3.50,       3.09,      30.90,    108.19,          6.05
       11,          2,    4,          7.46,          3.50,       3.28,      32.77,    114.72,          6.23
       11,          2,    5,          7.78,          3.50,       3.45,      34.46,    120.65,          6.28
       11,          2,    6,          7.94,          3.50,       3.59,      35.91,    125.71,          6.19
       11,          2,    7,          8.17,          3.50,       3.74,      37.37,    130.82,          6.22
       11,          3,    1,          3.41,          3.50,       2.29,      22.88,     80.16,          3.98
       11,          3,    2,          6.45,          3.50,       3.03,      30.34,    106.25,          5.44
       11,          3,    3,          7.71,          3.50,       3.42,      34.19,    119.70,          6.23
       11,          3,    4,          8.25,          3.50,       3.68,      36.81,    128.87,          6.45
       11,          3,    5,          8.66,          3.50,       3.94,      39.36,    137.78,          6.52
       11,          3,    6,          8.94,          3.50,       4.13,      41.29,    144.53,          6.56
       11,          3,    7,          9.17,          3.50,       4.32,      43.22,    151.28,          6.55
       11,          4,    1,          3.96,          3.50,       2.47,      24.74,     86.65,          4.05
       11,          4,    2,          7.21,          3.50,       3.33,      33.34,    116.71,          5.74
       11,          4,    3,          8.37,          3.50,       3.83,      38.24,    133.88,          6.32
       11,          4,    4,          9.00,          3.50,       4.18,      41.74,    146.12,          6.57
       11,          4,    5,          9.43,          3.50,       4.47,      44.71,    156.51,          6.68
       11,          4,    6,          9.72,          3.50,       4.70,      46.98,    164.42,          6.73
       11,          4,    7,          9.94,          3.50,       4.89,      48.91,    171.19,          6.76
       12,          1,    1,          2.60,          3.50,       2.00,      19.97,     69.98,          4.08
       12,          1,    2,          6.20,          3.50,       2.72,      27.21,     95.29,          5.97
       12,          1,    3,          7.39,          3.50,       3.04,      30.41,    106.49,          6.76
       12,          1,    4,          7.55,          3.50,       3.22,      32.21,    112.79,          6.51
       12,          1,    5,          8.08,          3.50,       3.35,      33.48,    117.22,          7.00
       12,          1,    6,          8.24,          3.50,       3.46,      34.57,    121.04,          6.97
       12,          1,    7,          8.36,          3.50,       3.57,      35.70,    125.00,          6.89
       12,          2,    1,          3.23,          3.50,       2.17,      21.72,     76.10,          4.15
       12,          2,    2,          6.88,          3.50,       2.92,      29.25,    102.42,          6.33
       12,          2,    3,          7.94,          3.50,       3.26,      32.59,    114.11,          7.01
       12,          2,    4,          8.41,          3.50,       3.46,      34.52,    120.87,          7.25
       12,          2,    5,          8.72,          3.50,       3.65,      36.48,    127.69,          7.29
       12,          2,    6,          8.86,          3.50,       3.79,      37.91,    132.70,          7.17
       12,          2,    7,          9.12,          3.50,       3.95,      39.47,    138.17,          7.24
       12,          3,    1,          4.19,          3.50,       2.35,      23.54,     82.47,          4.59
       12,          3,    2,          7.51,          3.50,       3.19,      31.90,    111.70,          6.53
       12,          3,    3,          8.63,          3.50,       3.61,      36.05,    126.20,          7.23
       12,          3,    4,          9.19,          3.50,       3.89,      38.92,    136.26,          7.48
       12,          3,    5,          9.60,          3.50,       4.17,      41.64,    145.75,          7.58
       12,          3,    6,          9.88,          3.50,       4.37,      43.72,    153.03,          7.61
       12,          3,    7,         10.12,          3.50,       4.58,      45.75,    160.13,          7.62
       12,          4,    1,          4.64,          3.50,       2.55,      25.49,     89.27,          4.54
       12,          4,    2,          8.09,          3.50,       3.50,      35.04,    122.69,          6.62
       12,          4,    3,          9.29,          3.50,       4.05,      40.46,    141.62,          7.30
       12,          4,    4,          9.93,          3.50,       4.42,      44.21,    154.73,          7.60
       12,          4,    5,         10.37,          3.50,       4.74,      47.41,    165.95,          7.74
       12,          4,    6,         10.67,          3.50,       4.99,      49.88,    174.59,          7.81
       12,          4,    7,         10.89,          3.50,       5.21,      52.07,    182.24,          7.82
       13,          1,    1,          3.32,          3.50,       2.04,      20.39,     71.42,          4.66
       13,          1,    2,          7.15,          3.50,       2.86,      28.54,     99.96,          6.96
       13,          1,    3,          8.37,          3.50,       3.23,      32.28,    113.04,          7.84
       13,          1,    4,          8.86,          3.50,       3.42,      34.18,    119.67,          8.15
       13,          1,    5,          9.10,          3.50,       3.56,      35.59,    124.60,          8.18
       13,          1,    6,          9.10,          3.50,       3.68,      36.75,    128.66,          7.87
       13,          1,    7,          9.37,          3.50,       3.79,      37.87,    132.56,          8.07
       13,          2,    1,          4.21,          3.50,       2.23,      22.25,     77.93,          5.01
       13,          2,    2,          7.80,          3.50,       3.08,      30.81,    107.87,          7.31
       13,          2,    3,          8.92,          3.50,       3.46,      34.58,    121.05,          8.15
       13,          2,    4,          9.41,          3.50,       3.68,      36.77,    128.73,          8.44
       13,          2,    5,          9.73,          3.50,       3.88,      38.79,    135.77,          8.52
       13,          2,    6,          9.79,          3.50,       4.04,      40.41,    141.45,          8.20
       13,          2,    7,         10.14,          3.50,       4.20,      42.04,    147.13,          8.48
       13,          3,    1,          4.93,          3.50,       2.42,      24.21,     84.78,          5.24
       13,          3,    2,          8.44,          3.50,       3.36,      33.64,    117.79,          7.56
       13,          3,    3,          9.62,          3.50,       3.84,      38.37,    134.33,          8.40
       13,          3,    4,         10.20,          3.50,       4.15,      41.49,    145.23,          8.72
       13,          3,    5,         10.62,          3.50,       4.44,      44.38,    155.34,          8.87
       13,          3,    6,         10.90,          3.50,       4.66,      46.64,    163.25,          8.92
       13,          3,    7,         11.15,          3.50,       4.88,      48.82,    170.86,          8.95
       13,          4,    1,          5.50,          3.50,       2.63,      26.27,     92.00,          5.32
       13,          4,    2,          9.02,          3.50,       3.70,      37.01,    129.56,          7.66
       13,          4,    3,         10.28,          3.50,       4.31,      43.05,    150.70,          8.50
       13,          4,    4,         10.93,          3.50,       4.72,      47.16,    165.07,          8.87
       13,          4,    5,         11.39,          3.50,       5.08,      50.75,    177.61,          9.05
       13,          4,    6,         11.69,          3.50,       5.35,      53.52,    187.30,          9.12
       13,          4,    7,         11.93,          3.50,       5.59,      55.88,    195.57,          9.15
       14,          1,    1,          3.66,          3.50,       2.07,      20.76,     72.72,          4.91
       14,          1,    2,          7.89,          3.50,       2.97,      29.76,    104.21,          7.81
       14,          1,    3,          9.21,          3.50,       3.40,      34.03,    119.13,          8.91
       14,          1,    4,          9.73,          3.50,       3.62,      36.20,    126.73,          9.29
       14,          1,    5,          9.99,          3.50,       3.77,      37.68,    131.91,          9.37
       14,          1,    6,         10.15,          3.50,       3.89,      38.92,    136.26,          9.33
       14,          1,    7,         10.27,          3.50,       4.01,      40.11,    140.40,          9.26
       14,          2,    1,          4.77,          3.50,       2.27,      22.70,     79.54,          5.54
       14,          2,    2,          8.57,          3.50,       3.23,      32.31,    113.11,          8.20
       14,          2,    3,          9.78,          3.50,       3.66,      36.61,    128.18,          9.25
       14,          2,    4,         10.07,          3.50,       3.90,      39.01,    136.54,          9.15
       14,          2,    5,         10.38,          3.50,       4.11,      41.08,    143.80,          9.21
       14,          2,    6,         10.83,          3.50,       4.28,      42.81,    149.85,          9.74
       14,          2,    7,         11.03,          3.50,       4.45,      44.46,    155.61,          9.73
       14,          3,    1,          5.51,          3.50,       2.48,      24.82,     86.94,          5.78
       14,          3,    2,          9.14,          3.50,       3.53,      35.34,    123.71,          8.34
       14,          3,    3,         10.47,          3.50,       4.06,      40.63,    142.21,          9.53
       14,          3,    4,         11.06,          3.50,       4.40,      43.98,    153.96,          9.94
       14,          3,    5,         11.42,          3.50,       4.71,      47.09,    164.83,          9.95
       14,          3,    6,         11.79,          3.50,       4.95,      49.54,    173.40,         10.21
       14,          3,    7,         12.04,          3.50,       5.20,      51.93,    181.75,         10.24
       14,          4,    1,          6.08,          3.50,       2.69,      26.89,     94.18,          5.90
       14,          4,    2,          9.80,          3.50,       3.89,      38.91,    136.21,          8.61
       14,          4,    3,         11.08,          3.50,       4.56,      45.54,    159.42,          9.57
       14,          4,    4,         11.64,          3.50,       5.01,      50.05,    175.17,          9.74
       14,          4,    5,         12.28,          3.50,       5.40,      54.03,    189.11,         10.32
       14,          4,    6,         12.52,          3.50,       5.70,      57.02,    199.56,         10.26
       14,          4,    7,         12.84,          3.50,       5.96,      59.59,    208.56,         10.50
       15,          1,    1,          4.28,          3.50,       2.11,      21.11,     73.93,          5.54
       15,          1,    2,          8.53,          3.50,       3.09,      30.85,    108.03,          8.64
       15,          1,    3,         10.00,          3.50,       3.59,      35.85,    125.51,         10.01
       15,          1,    4,         10.57,          3.50,       3.84,      38.39,    134.39,         10.48
       15,          1,    5,        -87.40,          3.50,       0.17,       1.67,      5.86,         -0.00
       15,          1,    6,         11.01,          3.50,       4.12,      41.22,    144.31,         10.61
       15,          1,    7,         11.15,          3.50,       4.25,      42.46,    148.65,         10.59
       15,          2,    1,          4.99,          3.50,       2.31,      23.15,     81.12,          5.66
       15,          2,    2,          9.27,          3.50,       3.37,      33.68,    117.92,          9.15
       15,          2,    3,         10.60,          3.50,       3.87,      38.69,    135.46,         10.45
       15,          2,    4,         11.12,          3.50,       4.13,      41.32,    144.63,         10.86
       15,          2,    5,         11.46,          3.50,       4.36,      43.57,    152.51,         11.02
       15,          2,    6,         11.64,          3.50,       4.53,      45.35,    158.75,         10.94
       15,          2,    7,         11.89,          3.50,       4.71,      47.11,    164.88,         11.10
       15,          3,    1,          5.99,          3.50,       2.53,      25.28,     88.55,          6.29
       15,          3,    2,          9.92,          3.50,       3.70,      36.99,    129.49,          9.43
       15,          3,    3,         11.28,          3.50,       4.29,      42.95,    150.32,         10.75
       15,          3,    4,        -87.80,          3.50,       0.17,       1.68,      5.89,         -0.00
       15,          3,    5,         12.40,          3.50,       4.99,      49.94,    174.79,         11.63
       15,          3,    6,         12.69,          3.50,       5.26,      52.60,    184.10,         11.70
       15,          3,    7,         12.97,          3.50,       5.52,      55.20,    193.20,         11.80
       15,          4,    1,          6.36,          3.50,       2.74,      27.43,     96.05,          6.12
       15,          4,    2,         10.40,          3.50,       4.07,      40.73,    142.59,          9.37
       15,          4,    3,         11.94,          3.50,       4.81,      48.04,    168.14,         10.96
       15,          4,    4,         12.69,          3.50,       5.31,      53.06,    185.71,         11.60
       15,          4,    5,         13.20,          3.50,       5.74,      57.39,    200.86,         11.91
       15,          4,    6,         13.55,          3.50,       6.07,      60.69,    212.39,         12.11
       15,          4,    7,         13.83,          3.50,       6.35,      63.48,    222.15,         12.28
       16,          1,    1,          4.63,          3.50,       2.14,      21.40,     74.98,          5.88
       16,          1,    2,          9.19,          3.50,       3.20,      31.97,    111.93,          9.62
       16,          1,    3,         10.86,          3.50,       3.79,      37.91,    132.71,         11.38
       16,          1,    4,         11.48,          3.50,       4.08,      40.80,    142.82,         11.99
       16,          1,    5,         11.80,          3.50,       4.26,      42.62,    149.21,         12.24
       16,          1,    6,         11.97,          3.50,       4.39,      43.95,    153.82,         12.29
       16,          1,    7,         12.10,          3.50,       4.52,      45.23,    158.33,         12.21
       16,          2,    1,          5.59,          3.50,       2.35,      23.53,     82.45,          6.37
       16,          2,    2,          9.97,          3.50,       3.51,      35.12,    122.97,         10.19
       16,          2,    3,         11.45,          3.50,       4.10,      41.01,    143.55,         11.85
       16,          2,    4,         12.04,          3.50,       4.40,      43.99,    153.98,         12.46
       16,          2,    5,         12.33,          3.50,       4.64,      46.41,    162.43,         12.49
       16,          2,    6,         12.45,          3.50,       4.82,      48.20,    168.70,         12.29
       16,          2,    7,         12.84,          3.50,       5.01,      50.10,    175.34,         12.83
       16,          3,    1,          6.35,          3.50,       2.57,      25.70,     90.00,          6.69
       16,          3,    2,         10.65,          3.50,       3.87,      38.72,    135.55,         10.57
       16,          3,    3,         12.14,          3.50,       4.56,      45.57,    159.50,         12.22
       16,          3,    4,         12.82,          3.50,       4.95,      49.49,    173.22,         12.95
       16,          3,    5,         13.12,          3.50,       5.32,      53.13,    185.93,         12.78
       16,          3,    6,         13.68,          3.50,       5.60,      55.96,    195.85,         13.69
       16,          3,    7,         14.01,          3.50,       5.87,      58.73,    205.54,         13.97
       16,          4,    1,          6.91,          3.50,       2.79,      27.94,     97.88,          6.78
       16,          4,    2,         10.93,          3.50,       4.27,      42.66,    149.32,         10.01
       16,          4,    3,         12.60,          3.50,       5.09,      50.91,    178.18,         11.92
       16,          4,    4,         13.63,          3.50,       5.63,      56.32,    197.11,         13.45
       16,          4,    5,         14.07,          3.50,       6.09,      60.95,    213.31,         13.60
       16,          4,    6,         14.68,          3.50,       6.43,      64.34,    225.14,         14.73
       16,          4,    7,         15.00,          3.50,       6.73,      67.26,    235.32,         15.08
       17,          1,    1,          4.81,          3.50,       2.16,      21.64,     75.78,          6.05
       17,          1,    2,          9.67,          3.50,       3.29,      32.93,    115.31,         10.35
       17,          1,    3,         11.56,          3.50,       3.99,      39.91,    139.70,         12.56
       17,          1,    4,         12.27,          3.50,       4.32,      43.20,    151.22,         13.44
       17,          1,    5,         12.64,          3.50,       4.52,      45.14,    158.01,         13.88
       17,          1,    6,         12.82,          3.50,       4.64,      46.44,    162.55,         14.01
       17,          1,    7,         12.96,          3.50,       4.76,      47.59,    166.58,         14.04
       17,          2,    1,          5.73,          3.50,       2.38,      23.80,     83.36,          6.48
       17,          2,    2,         10.50,          3.50,       3.64,      36.37,    127.34,         11.03
       17,          2,    3,         12.20,          3.50,       4.34,      43.36,    151.77,         13.17
       17,          2,    4,         12.89,          3.50,       4.66,      46.57,    163.01,         14.15
       17,          2,    5,         13.30,          3.50,       4.90,      48.99,    171.46,         14.67
       17,          2,    6,         13.56,          3.50,       5.08,      50.84,    177.93,         14.92
       17,          2,    7,         13.81,          3.50,       5.28,      52.83,    184.91,         15.08
       17,          3,    1,          6.55,          3.50,       2.61,      26.09,     91.39,          6.87
       17,          3,    2,         10.98,          3.50,       4.02,      40.23,    140.83,         10.87
       17,          3,    3,         12.98,          3.50,       4.80,      47.96,    167.85,         13.96
       17,          3,    4,         13.78,          3.50,       5.23,      52.30,    183.04,         15.16
       17,          3,    5,         14.37,          3.50,       5.62,      56.21,    196.75,         15.97
       17,          3,    6,         14.77,          3.50,       5.94,      59.36,    207.76,         16.47
       17,          3,    7,         15.14,          3.50,       6.24,      62.38,    218.32,         16.95
       17,          4,    1,          7.09,          3.50,       2.84,      28.36,     99.33,          6.94
       17,          4,    2,         11.85,          3.50,       4.43,      44.30,    155.06,         11.81
       17,          4,    3,         13.78,          3.50,       5.36,      53.61,    187.63,         14.74
       17,          4,    4,         14.72,          3.50,       5.92,      59.21,    207.23,         16.31
       17,          4,    5,         15.37,          3.50,       6.39,      63.94,    223.75,         17.39
       17,          4,    6,         15.79,          3.50,       6.74,      67.42,    235.91,         18.02
       17,          4,    7,         16.10,          3.50,       7.03,      70.25,    245.79,         18.48
       18,          1,    1,          4.97,          3.50,       2.19,      21.90,     76.72,          6.18
       18,          1,    2,         10.11,          3.50,       3.38,      33.78,    118.27,         11.09
       18,          1,    3,         12.41,          3.50,       4.18,      41.84,    146.44,         14.44
       18,          1,    4,         13.29,          3.50,       4.56,      45.59,    159.54,         15.97
       18,          1,    5,         13.68,          3.50,       4.76,      47.62,    166.66,         16.58
       18,          1,    6,         13.88,          3.50,       4.90,      48.97,    171.40,         16.79
       18,          1,    7,         14.02,          3.50,       5.03,      50.25,    175.89,         16.83
       18,          2,    1,          5.87,          3.50,       2.41,      24.13,     84.52,          6.58
       18,          2,    2,         11.09,          3.50,       3.75,      37.56,    131.47,         12.17
       18,          2,    3,         13.21,          3.50,       4.57,      45.71,    159.99,         15.60
       18,          2,    4,         14.00,          3.50,       4.95,      49.45,    173.06,         17.05
       18,          2,    5,         14.47,          3.50,       5.24,      52.36,    183.24,         17.78
       18,          2,    6,         14.77,          3.50,       5.46,      54.56,    190.95,         18.15
       18,          2,    7,         15.04,          3.50,       5.70,      56.97,    199.39,         18.39
       18,          3,    1,          6.73,          3.50,       2.65,      26.48,     92.76,          7.04
       18,          3,    2,         11.98,          3.50,       4.17,      41.67,    145.85,         13.15
       18,          3,    3,         13.84,          3.50,       5.08,      50.77,    177.70,         15.92
       18,          3,    4,         14.97,          3.50,       5.58,      55.83,    195.40,         18.49
       18,          3,    5,         15.58,          3.50,       6.03,      60.30,    211.03,         19.49
       18,          3,    6,         15.99,          3.50,       6.38,      63.81,    223.30,         20.12
       18,          3,    7,         16.35,          3.50,       6.72,      67.16,    234.97,         20.65
       18,          4,    1,          7.30,          3.50,       2.88,      28.75,    100.67,          7.18
       18,          4,    2,         12.76,          3.50,       4.58,      45.84,    160.45,         14.03
       18,          4,    3,         14.94,          3.50,       5.64,      56.37,    197.30,         18.18
       18,          4,    4,         15.89,          3.50,       6.27,      62.70,    219.42,         20.06
       18,          4,    5,         16.54,          3.50,       6.80,      67.94,    237.73,         21.28
       18,          4,    6,         16.95,          3.50,       7.17,      71.69,    250.76,         22.00
       18,          4,    7,         17.02,          3.50,       7.47,      74.68,    261.21,         21.40
       19,          1,    1,          5.10,          3.50,       2.21,      22.17,     77.65,          6.28
       19,          1,    2,         10.71,          3.50,       3.45,      34.53,    120.88,         12.43
       19,          1,    3,         13.28,          3.50,       4.37,      43.67,    152.84,         16.80
       19,          1,    4,         14.29,          3.50,       4.83,      48.30,    169.07,         18.78
       19,          1,    5,         14.81,          3.50,       5.10,      51.01,    178.56,         19.86
       19,          1,    6,         15.06,          3.50,       5.28,      52.76,    184.64,         20.25
       19,          1,    7,         15.25,          3.50,       5.43,      54.33,    190.16,         20.41
       19,          2,    1,          6.15,          3.50,       2.44,      24.43,     85.58,          6.91
       19,          2,    2,         11.80,          3.50,       3.86,      38.63,    135.22,         13.87
       19,          2,    3,         13.93,          3.50,       4.83,      48.33,    169.14,         17.27
       19,          2,    4,         14.83,          3.50,       5.32,      53.18,    186.13,         19.01
       19,          2,    5,         15.65,          3.50,       5.67,      56.69,    198.39,         21.29
       19,          2,    6,         15.98,          3.50,       5.93,      59.29,    207.49,         21.81
       19,          2,    7,         16.26,          3.50,       6.19,      61.93,    216.71,         22.17
       19,          3,    1,          7.01,          3.50,       2.68,      26.81,     93.90,          7.39
       19,          3,    2,         12.76,          3.50,       4.29,      42.91,    150.17,         15.20
       19,          3,    3,         15.11,          3.50,       5.38,      53.84,    188.43,         19.94
       19,          3,    4,         16.06,          3.50,       5.98,      59.81,    209.32,         22.00
       19,          3,    5,         16.69,          3.50,       6.48,      64.82,    226.79,         23.25
       19,          3,    6,         17.11,          3.50,       6.87,      68.72,    240.46,         23.96
       19,          3,    7,         17.46,          3.50,       7.23,      72.31,    252.95,         24.54
       19,          4,    1,          7.70,          3.50,       2.91,      29.11,    101.95,          7.74
       19,          4,    2,         13.58,          3.50,       4.71,      47.11,    164.90,         16.39
       19,          4,    3,         15.93,          3.50,       5.96,      59.57,    208.47,         21.46
       19,          4,    4,         16.93,          3.50,       6.68,      66.83,    233.86,         23.73
       19,          4,    5,         17.50,          3.50,       7.27,      72.69,    254.27,         24.61
       19,          4,    6,         18.00,          3.50,       7.68,      76.77,    268.49,         25.97
       19,          4,    7,         18.29,          3.50,       8.02,      80.16,    280.29,         26.52
       20,          1,    1,          5.53,          3.50,       2.24,      22.42,     78.56,          6.81
       20,          1,    2,         11.32,          3.50,       3.53,      35.30,    123.58,         13.88
       20,          1,    3,         13.87,          3.50,       4.56,      45.57,    159.51,         18.28
       20,          1,    4,         15.25,          3.50,       5.13,      51.32,    179.64,         21.83
       20,          1,    5,         15.83,          3.50,       5.47,      54.64,    191.25,         23.20
       20,          1,    6,         16.13,          3.50,       5.66,      56.63,    198.20,         23.81
       20,          1,    7,         16.33,          3.50,       5.84,      58.43,    204.49,         24.09
       20,          2,    1,          6.81,          3.50,       2.48,      24.83,     86.96,          7.89
       20,          2,    2,         12.44,          3.50,       3.96,      39.60,    138.63,         15.59
       20,          2,    3,         15.04,          3.50,       5.09,      50.90,    178.17,         21.01
       20,          2,    4,         15.89,          3.50,       5.70,      56.98,    199.41,         22.41
       20,          2,    5,         16.71,          3.50,       6.10,      61.02,    213.54,         25.03
       20,          2,    6,         17.06,          3.50,       6.40,      63.96,    223.82,         25.71
       20,          2,    7,         17.35,          3.50,       6.69,      66.84,    233.90,         26.16
       20,          3,    1,          7.51,          3.50,       2.72,      27.17,     95.17,          8.17
       20,          3,    2,         13.40,          3.50,       4.40,      44.02,    154.07,         17.12
       20,          3,    3,         15.98,          3.50,       5.69,      56.87,    199.05,         22.94
       20,          3,    4,         16.76,          3.50,       6.41,      64.08,    224.24,         23.95
       20,          3,    5,         17.72,          3.50,       6.96,      69.63,    243.60,         27.20
       20,          3,    6,         17.92,          3.50,       7.38,      73.81,    258.16,         26.73
       20,          3,    7,         18.48,          3.50,       7.77,      77.66,    271.62,         28.72
       20,          4,    1,          8.62,          3.50,       2.95,      29.50,    103.32,          9.42
       20,          4,    2,         14.22,          3.50,       4.83,      48.31,    169.09,         18.44
       20,          4,    3,         16.78,          3.50,       6.27,      62.73,    219.51,         24.63
       20,          4,    4,         17.88,          3.50,       7.13,      71.27,    249.27,         27.51
       20,          4,    5,         18.56,          3.50,       7.78,      77.77,    271.99,         29.17
       20,          4,    6,         18.98,          3.50,       8.25,      82.51,    288.47,         30.09
       20,          4,    7,         19.28,          3.50,       8.62,      86.19,    301.34,         30.75
       21,          1,    1,          6.63,          3.50,       2.27,      22.67,     79.42,          8.69
       21,          1,    2,         11.85,          3.50,       3.59,      35.88,    125.62,         15.44
       21,          1,    3,         14.73,          3.50,       4.70,      46.99,    164.45,         21.55
       21,          1,    4,         16.06,          3.50,       5.39,      53.93,    188.77,         24.86
       21,          1,    5,         16.48,          3.50,       5.78,      57.77,    202.20,         25.27
       21,          1,    6,         17.01,          3.50,       6.00,      59.96,    209.84,         27.37
       21,          1,    7,         17.23,          3.50,       6.19,      61.88,    216.54,         27.77
       21,          2,    1,          7.67,          3.50,       2.51,      25.14,     88.06,          9.49
       21,          2,    2,         13.04,          3.50,       4.05,      40.45,    141.58,         17.49
       21,          2,    3,         15.74,          3.50,       5.29,      52.93,    185.24,         23.63
       21,          2,    4,         16.97,          3.50,       6.04,      60.34,    211.16,         26.96
       21,          2,    5,         17.62,          3.50,       6.49,      64.89,    227.07,         28.80
       21,          2,    6,         17.98,          3.50,       6.80,      67.97,    237.81,         29.72
       21,          2,    7,         18.28,          3.50,       7.10,      71.00,    248.38,         30.31
       21,          3,    1,          8.65,          3.50,       2.76,      27.58,     96.59,         10.42
       21,          3,    2,         13.97,          3.50,       4.50,      45.04,    157.65,         19.00
       21,          3,    3,         16.68,          3.50,       5.94,      59.42,    207.95,         25.64
       21,          3,    4,         17.87,          3.50,       6.83,      68.29,    238.94,         28.81
       21,          3,    5,         18.64,          3.50,       7.45,      74.45,    260.42,         31.25
       21,          3,    6,         18.86,          3.50,       7.91,      79.03,    276.36,         30.75
       21,          3,    7,         19.42,          3.50,       8.32,      83.21,    290.94,         33.07
       21,          4,    1,          9.38,          3.50,       2.99,      29.95,    104.88,         11.02
       21,          4,    2,         14.74,          3.50,       4.94,      49.40,    172.90,         20.31
       21,          4,    3,         17.37,          3.50,       6.56,      65.57,    229.47,         26.87
       21,          4,    4,         18.73,          3.50,       7.59,      75.90,    265.45,         31.23
       21,          4,    5,         19.45,          3.50,       8.33,      83.31,    291.30,         33.25
       21,          4,    6,         19.84,          3.50,       8.85,      88.54,    309.55,         34.03
       21,          4,    7,         20.06,          3.50,       9.29,      92.85,    324.62,         33.99
       22,          1,    1,          7.30,          3.50,       2.29,      22.90,     80.22,         10.02
       22,          1,    2,         12.55,          3.50,       3.65,      36.48,    127.71,         17.81
       22,          1,    3,         15.29,          3.50,       4.80,      48.04,    168.15,         23.92
       22,          1,    4,         16.71,          3.50,       5.60,      56.00,    196.01,         27.66
       22,          1,    5,         17.40,          3.50,       6.05,      60.52,    211.79,         29.70
       22,          1,    6,         17.72,          3.50,       6.30,      62.99,    220.41,         30.53
       22,          1,    7,         17.71,          3.50,       6.51,      65.03,    227.55,         29.39
       22,          2,    1,          8.36,          3.50,       2.54,      25.37,     88.89,         11.00
       22,          2,    2,         13.40,          3.50,       4.10,      41.07,    143.77,         18.67
       22,          2,    3,         16.32,          3.50,       5.44,      54.36,    190.25,         26.18
       22,          2,    4,         17.68,          3.50,       6.30,      63.04,    220.61,         30.23
       22,          2,    5,         18.39,          3.50,       6.84,      68.36,    239.19,         32.47
       22,          2,    6,         18.77,          3.50,       7.17,      71.66,    250.66,         33.65
       22,          2,    7,         18.79,          3.50,       7.48,      74.77,    261.52,         32.20
       22,          3,    1,          9.38,          3.50,       2.79,      27.88,     97.66,         12.23
       22,          3,    2,         14.51,          3.50,       4.59,      45.86,    160.51,         21.09
       22,          3,    3,         17.23,          3.50,       6.12,      61.18,    214.08,         28.18
       22,          3,    4,         18.67,          3.50,       7.20,      72.02,    251.91,         32.66
       22,          3,    5,         19.13,          3.50,       7.92,      79.21,    276.99,         32.69
       22,          3,    6,         19.91,          3.50,       8.42,      84.14,    294.18,         36.62
       22,          3,    7,         19.98,          3.50,       8.88,      88.81,    310.49,         35.09
       22,          4,    1,         10.05,          3.50,       3.03,      30.31,    106.17,         12.69
       22,          4,    2,         15.22,          3.50,       5.04,      50.44,    176.53,         22.18
       22,          4,    3,         17.78,          3.50,       6.78,      67.79,    237.17,         28.47
       22,          4,    4,         19.45,          3.50,       8.04,      80.40,    281.13,         34.62
       22,          4,    5,         20.21,          3.50,       8.91,      89.14,    311.64,         36.81
       22,          4,    6,         20.74,          3.50,       9.51,      95.10,    332.48,         38.73
       22,          4,    7,        -87.60,          3.50,       0.17,       1.72,      6.03,         -0.00

