[Radio] Initializing ... success!
Connected to RF power monitor: Rohde&Schwarz,FPC1500,1328.6660K03/205785,V1.80
Connected to DC power monitor: radiolib-org,DCpowerMon,070dd3d
setCurrentLimit, code 0

Set [dBm],paDutyCycle,hpMax,Measured [dBm],Bus voltage[V],Voltage[mV],Current[mA],Power [mW],Efficiency [%]
       -9,          1,    1,        -17.11,          3.50,       0.96,       9.53,     33.39,          0.23
       -9,          1,    2,        -14.58,          3.50,       1.07,      10.73,     37.61,          0.28
       -9,          1,    3,        -13.67,          3.50,       1.16,      11.65,     40.82,          0.27
       -9,          1,    4,        -13.16,          3.50,       1.25,      12.43,     43.53,          0.26
       -9,          1,    5,        -12.82,          3.50,       1.33,      13.25,     46.41,          0.24
       -9,          1,    6,        -12.56,          3.50,       1.39,      13.97,     48.93,          0.23
       -9,          1,    7,        -12.31,          3.50,       1.47,      14.72,     51.59,          0.22
       -9,          2,    1,        -16.51,          3.50,       0.97,       9.73,     34.09,          0.24
       -9,          2,    2,        -14.10,          3.50,       1.10,      10.96,     38.40,          0.29
       -9,          2,    3,        -13.17,          3.50,       1.19,      11.92,     41.76,          0.29
       -9,          2,    4,        -12.63,          3.50,       1.28,      12.82,     44.92,          0.27
       -9,          2,    5,        -12.44,          3.50,       1.37,      13.65,     47.82,          0.25
       -9,          2,    6,        -11.92,          3.50,       1.45,      14.48,     50.72,          0.25
       -9,          2,    7,        -11.64,          3.50,       1.53,      15.24,     53.42,          0.24
       -9,          3,    1,        -15.96,          3.50,       0.99,       9.95,     34.84,          0.26
       -9,          3,    2,        -13.51,          3.50,       1.14,      11.36,     39.78,          0.30
       -9,          3,    3,        -12.48,          3.50,       1.25,      12.44,     43.61,          0.30
       -9,          3,    4,        -11.86,          3.50,       1.35,      13.46,     47.16,          0.29
       -9,          3,    5,        -11.36,          3.50,       1.44,      14.41,     50.47,          0.29
       -9,          3,    6,        -11.00,          3.50,       1.53,      15.28,     53.54,          0.28
       -9,          3,    7,        -10.70,          3.50,       1.61,      16.11,     56.44,          0.27
       -9,          4,    1,        -15.51,          3.50,       1.02,      10.19,     35.70,          0.26
       -9,          4,    2,        -12.96,          3.50,       1.18,      11.78,     41.29,          0.31
       -9,          4,    3,        -11.86,          3.50,       1.31,      13.08,     45.83,          0.31
       -9,          4,    4,        -11.18,          3.50,       1.41,      14.12,     49.48,          0.31
       -9,          4,    5,        -10.74,          3.50,       1.51,      15.07,     52.81,          0.30
       -9,          4,    6,        -10.43,          3.50,       1.60,      15.96,     55.91,          0.29
       -9,          4,    7,        -10.17,          3.50,       1.68,      16.80,     58.85,          0.28
       -8,          1,    1,        -15.85,          3.50,       0.98,       9.80,     34.34,          0.28
       -8,          1,    2,        -13.37,          3.50,       1.11,      11.12,     38.98,          0.33
       -8,          1,    3,        -12.49,          3.50,       1.20,      12.04,     42.19,          0.33
       -8,          1,    4,        -12.17,          3.50,       1.29,      12.87,     45.10,          0.30
       -8,          1,    5,        -11.66,          3.50,       1.37,      13.65,     47.82,          0.30
       -8,          1,    6,        -11.43,          3.50,       1.44,      14.40,     50.46,          0.28
       -8,          1,    7,        -11.21,          3.50,       1.51,      15.15,     53.08,          0.27
       -8,          2,    1,        -15.27,          3.50,       1.00,       9.99,     35.02,          0.30
       -8,          2,    2,        -12.85,          3.50,       1.14,      11.38,     39.88,          0.35
       -8,          2,    3,        -12.03,          3.50,       1.24,      12.37,     43.34,          0.34
       -8,          2,    4,        -11.43,          3.50,       1.33,      13.30,     46.60,          0.33
       -8,          2,    5,        -11.03,          3.50,       1.41,      14.16,     49.61,          0.32
       -8,          2,    6,        -10.77,          3.50,       1.50,      14.99,     52.53,          0.30
       -8,          2,    7,        -10.48,          3.50,       1.58,      15.79,     55.31,          0.29
       -8,          3,    1,        -14.73,          3.50,       1.03,      10.26,     35.96,          0.30
       -8,          3,    2,        -12.28,          3.50,       1.18,      11.81,     41.39,          0.36
       -8,          3,    3,        -11.26,          3.50,       1.30,      12.98,     45.47,          0.36
       -8,          3,    4,        -10.65,          3.50,       1.40,      14.01,     49.08,          0.36
       -8,          3,    5,        -10.16,          3.50,       1.50,      15.03,     52.67,          0.35
       -8,          3,    6,         -9.81,          3.50,       1.59,      15.90,     55.70,          0.34
       -8,          3,    7,         -9.62,          3.50,       1.68,      16.76,     58.72,          0.32
       -8,          4,    1,        -14.25,          3.50,       1.05,      10.53,     36.89,          0.31
       -8,          4,    2,        -11.71,          3.50,       1.23,      12.31,     43.13,          0.37
       -8,          4,    3,        -10.83,          3.50,       1.37,      13.66,     47.88,          0.36
       -8,          4,    4,        -10.14,          3.50,       1.48,      14.84,     51.99,          0.36
       -8,          4,    5,         -9.55,          3.50,       1.58,      15.82,     55.43,          0.36
       -8,          4,    6,         -9.24,          3.50,       1.67,      16.71,     58.53,          0.35
       -8,          4,    7,         -9.01,          3.50,       1.75,      17.53,     61.43,          0.34
       -7,          1,    1,        -14.83,          3.50,       1.00,      10.04,     35.18,          0.32
       -7,          1,    2,        -12.29,          3.50,       1.14,      11.44,     40.09,          0.39
       -7,          1,    3,        -11.43,          3.50,       1.24,      12.42,     43.50,          0.39
       -7,          1,    4,        -10.95,          3.50,       1.33,      13.25,     46.42,          0.37
       -7,          1,    5,        -10.65,          3.50,       1.41,      14.05,     49.22,          0.36
       -7,          1,    6,        -10.41,          3.50,       1.48,      14.85,     52.04,          0.34
       -7,          1,    7,        -10.21,          3.50,       1.56,      15.57,     54.56,          0.32
       -7,          2,    1,        -14.19,          3.50,       1.03,      10.30,     36.08,          0.34
       -7,          2,    2,        -11.79,          3.50,       1.17,      11.76,     41.23,          0.41
       -7,          2,    3,        -10.90,          3.50,       1.28,      12.81,     44.88,          0.41
       -7,          2,    4,        -10.64,          3.50,       1.37,      13.73,     48.11,          0.37
       -7,          2,    5,        -10.00,          3.50,       1.47,      14.68,     51.44,          0.38
       -7,          2,    6,         -9.72,          3.50,       1.55,      15.46,     54.16,          0.36
       -7,          2,    7,         -9.46,          3.50,       1.63,      16.32,     57.17,          0.35
       -7,          3,    1,        -13.85,          3.50,       1.06,      10.57,     37.06,          0.34
       -7,          3,    2,        -11.18,          3.50,       1.23,      12.25,     42.92,          0.42
       -7,          3,    3,        -10.18,          3.50,       1.35,      13.49,     47.26,          0.43
       -7,          3,    4,         -9.56,          3.50,       1.46,      14.59,     51.13,          0.42
       -7,          3,    5,         -9.11,          3.50,       1.56,      15.62,     54.75,          0.41
       -7,          3,    6,         -8.78,          3.50,       1.65,      16.53,     57.90,          0.40
       -7,          3,    7,         -8.50,          3.50,       1.74,      17.38,     60.90,          0.39
       -7,          4,    1,        -13.15,          3.50,       1.09,      10.96,     38.38,          0.36
       -7,          4,    2,        -10.63,          3.50,       1.28,      12.87,     45.10,          0.43
       -7,          4,    3,         -9.55,          3.50,       1.42,      14.27,     49.99,          0.44
       -7,          4,    4,         -8.90,          3.50,       1.55,      15.48,     54.25,          0.44
       -7,          4,    5,         -8.48,          3.50,       1.65,      16.51,     57.85,          0.43
       -7,          4,    6,         -8.17,          3.50,       1.74,      17.42,     61.05,          0.42
       -7,          4,    7,         -8.02,          3.50,       1.83,      18.32,     64.18,          0.40
       -6,          1,    1,        -13.84,          3.50,       1.03,      10.32,     36.16,          0.37
       -6,          1,    2,        -11.51,          3.50,       1.18,      11.80,     41.34,          0.43
       -6,          1,    3,        -10.47,          3.50,       1.28,      12.81,     44.90,          0.45
       -6,          1,    4,        -10.00,          3.50,       1.37,      13.65,     47.82,          0.44
       -6,          1,    5,         -9.71,          3.50,       1.45,      14.49,     50.78,          0.42
       -6,          1,    6,         -9.47,          3.50,       1.53,      15.26,     53.47,          0.40
       -6,          1,    7,         -9.28,          3.50,       1.61,      16.03,     56.18,          0.38
       -6,          2,    1,        -13.21,          3.50,       1.06,      10.56,     37.01,          0.40
       -6,          2,    2,        -10.81,          3.50,       1.22,      12.17,     42.65,          0.47
       -6,          2,    3,         -9.94,          3.50,       1.33,      13.27,     46.50,          0.47
       -6,          2,    4,         -9.69,          3.50,       1.42,      14.20,     49.74,          0.43
       -6,          2,    5,         -9.29,          3.50,       1.52,      15.16,     53.10,          0.42
       -6,          2,    6,         -8.96,          3.50,       1.60,      15.99,     56.02,          0.41
       -6,          2,    7,         -8.54,          3.50,       1.68,      16.81,     58.88,          0.41
       -6,          3,    1,        -12.74,          3.50,       1.09,      10.95,     38.39,          0.39
       -6,          3,    2,        -10.20,          3.50,       1.27,      12.72,     44.57,          0.48
       -6,          3,    3,         -9.21,          3.50,       1.40,      14.00,     49.05,          0.50
       -6,          3,    4,         -8.61,          3.50,       1.52,      15.16,     53.11,          0.49
       -6,          3,    5,         -8.16,          3.50,       1.62,      16.24,     56.91,          0.48
       -6,          3,    6,         -7.83,          3.50,       1.71,      17.12,     59.98,          0.47
       -6,          3,    7,         -7.56,          3.50,       1.81,      18.09,     63.37,          0.45
       -6,          4,    1,        -12.16,          3.50,       1.14,      11.37,     39.82,          0.41
       -6,          4,    2,         -9.63,          3.50,       1.34,      13.39,     46.92,          0.49
       -6,          4,    3,         -8.59,          3.50,       1.49,      14.91,     52.24,          0.51
       -6,          4,    4,         -7.93,          3.50,       1.61,      16.15,     56.58,          0.51
       -6,          4,    5,         -7.51,          3.50,       1.72,      17.21,     60.29,          0.50
       -6,          4,    6,         -7.21,          3.50,       1.82,      18.20,     63.76,          0.49
       -6,          4,    7,         -6.98,          3.50,       1.91,      19.10,     66.93,          0.48
       -5,          1,    1,        -12.19,          3.50,       1.08,      10.85,     38.01,          0.47
       -5,          1,    2,         -9.65,          3.50,       1.25,      12.50,     43.79,          0.58
       -5,          1,    3,         -8.82,          3.50,       1.36,      13.61,     47.69,          0.58
       -5,          1,    4,         -8.38,          3.50,       1.45,      14.49,     50.77,          0.56
       -5,          1,    5,         -8.31,          3.50,       1.53,      15.34,     53.75,          0.51
       -5,          1,    6,         -7.90,          3.50,       1.61,      16.12,     56.48,          0.52
       -5,          1,    7,         -7.69,          3.50,       1.69,      16.86,     59.09,          0.50
       -5,          2,    1,        -11.54,          3.50,       1.12,      11.26,     39.44,          0.48
       -5,          2,    2,         -9.14,          3.50,       1.30,      12.97,     45.46,          0.59
       -5,          2,    3,         -8.27,          3.50,       1.41,      14.15,     49.57,          0.60
       -5,          2,    4,         -7.79,          3.50,       1.52,      15.14,     53.03,          0.59
       -5,          2,    5,         -7.43,          3.50,       1.61,      16.12,     56.48,          0.57
       -5,          2,    6,         -7.16,          3.50,       1.70,      16.97,     59.45,          0.56
       -5,          2,    7,         -6.92,          3.50,       1.79,      17.88,     62.64,          0.54
       -5,          3,    1,        -10.97,          3.50,       1.16,      11.64,     40.77,          0.50
       -5,          3,    2,         -8.53,          3.50,       1.36,      13.63,     47.77,          0.61
       -5,          3,    3,         -7.54,          3.50,       1.51,      15.05,     52.76,          0.63
       -5,          3,    4,         -6.95,          3.50,       1.63,      16.29,     57.08,          0.63
       -5,          3,    5,         -6.52,          3.50,       1.74,      17.35,     60.79,          0.62
       -5,          3,    6,         -6.49,          3.50,       1.84,      18.43,     64.57,          0.57
       -5,          3,    7,         -5.94,          3.50,       1.94,      19.36,     67.84,          0.59
       -5,          4,    1,        -10.49,          3.50,       1.21,      12.11,     42.43,          0.51
       -5,          4,    2,         -7.95,          3.50,       1.44,      14.45,     50.63,          0.62
       -5,          4,    3,         -6.89,          3.50,       1.61,      16.13,     56.54,          0.64
       -5,          4,    4,         -6.26,          3.50,       1.74,      17.44,     61.10,          0.65
       -5,          4,    5,         -6.08,          3.50,       1.87,      18.64,     65.32,          0.61
       -5,          4,    6,         -5.56,          3.50,       1.97,      19.67,     68.90,          0.63
       -5,          4,    7,         -5.34,          3.50,       2.06,      20.55,     72.01,          0.62
       -4,          1,    1,        -11.48,          3.50,       1.11,      11.12,     38.97,          0.51
       -4,          1,    2,         -8.94,          3.50,       1.29,      12.88,     45.13,          0.63
       -4,          1,    3,         -8.11,          3.50,       1.40,      13.96,     48.93,          0.64
       -4,          1,    4,         -7.67,          3.50,       1.49,      14.89,     52.17,          0.63
       -4,          1,    5,         -7.40,          3.50,       1.58,      15.74,     55.16,          0.60
       -4,          1,    6,         -7.18,          3.50,       1.66,      16.55,     57.97,          0.58
       -4,          1,    7,         -7.33,          3.50,       1.73,      17.32,     60.68,          0.52
       -4,          2,    1,        -10.82,          3.50,       1.15,      11.56,     40.51,          0.53
       -4,          2,    2,         -8.42,          3.50,       1.33,      13.34,     46.74,          0.66
       -4,          2,    3,         -7.56,          3.50,       1.46,      14.59,     51.10,          0.67
       -4,          2,    4,         -7.07,          3.50,       1.56,      15.56,     54.53,          0.66
       -4,          2,    5,         -6.71,          3.50,       1.66,      16.60,     58.17,          0.64
       -4,          2,    6,         -6.45,          3.50,       1.75,      17.45,     61.14,          0.62
       -4,          2,    7,         -6.22,          3.50,       1.84,      18.38,     64.40,          0.60
       -4,          3,    1,        -10.26,          3.50,       1.20,      11.97,     41.96,          0.55
       -4,          3,    2,         -7.86,          3.50,       1.41,      14.06,     49.26,          0.67
       -4,          3,    3,         -6.81,          3.50,       1.56,      15.58,     54.60,          0.70
       -4,          3,    4,         -6.23,          3.50,       1.68,      16.82,     58.93,          0.70
       -4,          3,    5,         -5.79,          3.50,       1.80,      18.03,     63.14,          0.69
       -4,          3,    6,         -5.48,          3.50,       1.90,      19.02,     66.64,          0.68
       -4,          3,    7,         -5.46,          3.50,       2.00,      20.01,     70.12,          0.63
       -4,          4,    1,         -9.76,          3.50,       1.25,      12.46,     43.66,          0.56
       -4,          4,    2,         -7.22,          3.50,       1.50,      14.99,     52.52,          0.68
       -4,          4,    3,         -6.17,          3.50,       1.67,      16.72,     58.58,          0.71
       -4,          4,    4,         -5.53,          3.50,       1.81,      18.14,     63.55,          0.72
       -4,          4,    5,         -5.13,          3.50,       1.93,      19.34,     67.75,          0.71
       -4,          4,    6,         -4.84,          3.50,       2.04,      20.35,     71.30,          0.71
       -4,          4,    7,         -4.62,          3.50,       2.13,      21.36,     74.83,          0.69
       -3,          1,    1,        -10.82,          3.50,       1.14,      11.41,     39.99,          0.56
       -3,          1,    2,         -8.27,          3.50,       1.32,      13.23,     46.33,          0.70
       -3,          1,    3,         -7.45,          3.50,       1.44,      14.39,     50.44,          0.71
       -3,          1,    4,         -7.01,          3.50,       1.53,      15.29,     53.58,          0.70
       -3,          1,    5,         -6.74,          3.50,       1.62,      16.17,     56.66,          0.67
       -3,          1,    6,         -6.53,          3.50,       1.70,      16.95,     59.38,          0.65
       -3,          1,    7,         -6.35,          3.50,       1.78,      17.77,     62.28,          0.62
       -3,          2,    1,        -10.17,          3.50,       1.18,      11.79,     41.32,          0.59
       -3,          2,    2,         -7.75,          3.50,       1.37,      13.74,     48.16,          0.72
       -3,          2,    3,         -7.06,          3.50,       1.50,      15.02,     52.62,          0.71
       -3,          2,    4,         -6.41,          3.50,       1.61,      16.06,     56.27,          0.73
       -3,          2,    5,         -6.05,          3.50,       1.70,      17.03,     59.69,          0.71
       -3,          2,    6,         -5.80,          3.50,       1.80,      18.00,     63.08,          0.69
       -3,          2,    7,         -5.57,          3.50,       1.89,      18.91,     66.27,          0.67
       -3,          3,    1,         -9.58,          3.50,       1.23,      12.28,     43.02,          0.61
       -3,          3,    2,         -7.13,          3.50,       1.45,      14.54,     50.94,          0.75
       -3,          3,    3,         -6.15,          3.50,       1.61,      16.10,     56.41,          0.77
       -3,          3,    4,         -5.56,          3.50,       1.73,      17.34,     60.77,          0.78
       -3,          3,    5,         -5.13,          3.50,       1.86,      18.61,     65.19,          0.76
       -3,          3,    6,         -4.82,          3.50,       1.97,      19.66,     68.88,          0.75
       -3,          3,    7,         -4.57,          3.50,       2.06,      20.62,     72.24,          0.74
       -3,          4,    1,         -9.10,          3.50,       1.29,      12.87,     45.10,          0.61
       -3,          4,    2,         -6.55,          3.50,       1.55,      15.50,     54.29,          0.75
       -3,          4,    3,         -5.50,          3.50,       1.73,      17.30,     60.62,          0.79
       -3,          4,    4,         -4.86,          3.50,       1.88,      18.81,     65.91,          0.80
       -3,          4,    5,         -4.46,          3.50,       2.01,      20.05,     70.23,          0.79
       -3,          4,    6,         -4.17,          3.50,       2.11,      21.10,     73.93,          0.78
       -3,          4,    7,         -3.96,          3.50,       2.21,      22.06,     77.29,          0.77
       -2,          1,    1,         -9.65,          3.50,       1.19,      11.91,     41.74,          0.65
       -2,          1,    2,         -7.37,          3.50,       1.39,      13.91,     48.73,          0.77
       -2,          1,    3,         -6.50,          3.50,       1.51,      15.14,     53.08,          0.80
       -2,          1,    4,         -5.82,          3.50,       1.61,      16.13,     56.51,          0.83
       -2,          1,    5,         -5.56,          3.50,       1.70,      17.01,     59.58,          0.80
       -2,          1,    6,         -5.62,          3.50,       1.78,      17.82,     62.42,          0.73
       -2,          1,    7,         -5.19,          3.50,       1.87,      18.66,     65.40,          0.75
       -2,          2,    1,         -8.99,          3.50,       1.24,      12.37,     43.34,          0.69
       -2,          2,    2,         -6.56,          3.50,       1.45,      14.54,     50.96,          0.85
       -2,          2,    3,         -5.69,          3.50,       1.59,      15.85,     55.54,          0.88
       -2,          2,    4,         -5.42,          3.50,       1.70,      16.94,     59.36,          0.83
       -2,          2,    5,         -4.87,          3.50,       1.81,      18.04,     63.22,          0.85
       -2,          2,    6,         -4.61,          3.50,       1.90,      19.01,     66.62,          0.83
       -2,          2,    7,         -4.39,          3.50,       2.00,      19.96,     69.91,          0.81
       -2,          3,    1,         -8.41,          3.50,       1.30,      12.97,     45.45,          0.70
       -2,          3,    2,         -5.93,          3.50,       1.54,      15.43,     54.05,          0.88
       -2,          3,    3,         -5.16,          3.50,       1.71,      17.08,     59.86,          0.87
       -2,          3,    4,         -4.37,          3.50,       1.85,      18.50,     64.82,          0.92
       -2,          3,    5,         -3.94,          3.50,       1.98,      19.79,     69.35,          0.91
       -2,          3,    6,         -3.64,          3.50,       2.08,      20.86,     73.07,          0.90
       -2,          3,    7,         -3.39,          3.50,       2.19,      21.91,     76.74,          0.88
       -2,          4,    1,         -7.92,          3.50,       1.36,      13.60,     47.65,          0.71
       -2,          4,    2,         -5.35,          3.50,       1.65,      16.50,     57.80,          0.89
       -2,          4,    3,         -4.29,          3.50,       1.85,      18.52,     64.87,          0.93
       -2,          4,    4,         -3.66,          3.50,       2.01,      20.10,     70.42,          0.94
       -2,          4,    5,         -3.27,          3.50,       2.14,      21.42,     75.04,          0.94
       -2,          4,    6,         -2.98,          3.50,       2.25,      22.57,     79.05,          0.93
       -2,          4,    7,         -2.77,          3.50,       2.36,      23.55,     82.51,          0.92
       -1,          1,    1,         -8.68,          3.50,       1.24,      12.40,     43.45,          0.74
       -1,          1,    2,         -6.08,          3.50,       1.46,      14.63,     51.28,          0.94
       -1,          1,    3,         -5.24,          3.50,       1.59,      15.91,     55.74,          0.97
       -1,          1,    4,         -4.82,          3.50,       1.69,      16.85,     59.02,          0.97
       -1,          1,    5,         -4.56,          3.50,       1.78,      17.77,     62.25,          0.94
       -1,          1,    6,         -4.36,          3.50,       1.86,      18.63,     65.27,          0.91
       -1,          1,    7,         -4.19,          3.50,       1.95,      19.49,     68.29,          0.88
       -1,          2,    1,         -8.00,          3.50,       1.30,      12.97,     45.45,          0.77
       -1,          2,    2,         -5.54,          3.50,       1.53,      15.27,     53.52,          0.98
       -1,          2,    3,         -4.67,          3.50,       1.67,      16.68,     58.44,          1.02
       -1,          2,    4,         -4.20,          3.50,       1.78,      17.84,     62.49,          1.01
       -1,          2,    5,         -4.00,          3.50,       1.90,      18.97,     66.48,          0.96
       -1,          2,    6,         -3.81,          3.50,       2.00,      19.97,     69.97,          0.92
       -1,          2,    7,         -3.39,          3.50,       2.09,      20.87,     73.11,          0.95
       -1,          3,    1,         -7.41,          3.50,       1.36,      13.57,     47.56,          0.80
       -1,          3,    2,         -4.91,          3.50,       1.63,      16.28,     57.04,          1.00
       -1,          3,    3,         -3.93,          3.50,       1.81,      18.09,     63.39,          1.05
       -1,          3,    4,         -3.35,          3.50,       1.96,      19.54,     68.44,          1.06
       -1,          3,    5,         -2.93,          3.50,       2.09,      20.84,     73.00,          1.06
       -1,          3,    6,         -2.90,          3.50,       2.20,      22.05,     77.26,          0.98
       -1,          3,    7,         -2.67,          3.50,       2.32,      23.16,     81.10,          0.96
       -1,          4,    1,         -6.91,          3.50,       1.43,      14.30,     50.11,          0.81
       -1,          4,    2,         -4.33,          3.50,       1.74,      17.45,     61.12,          1.02
       -1,          4,    3,         -3.27,          3.50,       1.97,      19.67,     68.92,          1.07
       -1,          4,    4,         -2.78,          3.50,       2.13,      21.35,     74.81,          1.06
       -1,          4,    5,         -2.27,          3.50,       2.27,      22.72,     79.57,          1.08
       -1,          4,    6,         -1.95,          3.50,       2.39,      23.92,     83.81,          1.08
       -1,          4,    7,         -1.75,          3.50,       2.50,      25.05,     87.71,          1.06
        0,          1,    1,         -7.78,          3.50,       1.29,      12.94,     45.34,          0.82
        0,          1,    2,         -5.15,          3.50,       1.53,      15.31,     53.66,          1.06
        0,          1,    3,         -4.31,          3.50,       1.66,      16.63,     58.29,          1.11
        0,          1,    4,         -4.11,          3.50,       1.76,      17.64,     61.79,          1.05
        0,          1,    5,         -3.63,          3.50,       1.86,      18.62,     65.25,          1.08
        0,          1,    6,         -3.44,          3.50,       1.95,      19.50,     68.31,          1.04
        0,          1,    7,         -3.28,          3.50,       2.03,      20.30,     71.12,          1.02
        0,          2,    1,         -7.33,          3.50,       1.35,      13.52,     47.38,          0.82
        0,          2,    2,         -4.61,          3.50,       1.60,      16.03,     56.18,          1.11
        0,          2,    3,         -3.74,          3.50,       1.75,      17.55,     61.49,          1.16
        0,          2,    4,         -3.28,          3.50,       1.88,      18.73,     65.64,          1.15
        0,          2,    5,         -2.93,          3.50,       1.99,      19.93,     69.82,          1.13
        0,          2,    6,         -2.69,          3.50,       2.09,      20.88,     73.12,          1.12
        0,          2,    7,         -2.47,          3.50,       2.19,      21.90,     76.71,          1.09
        0,          3,    1,         -6.53,          3.50,       1.42,      14.22,     49.83,          0.89
        0,          3,    2,         -3.98,          3.50,       1.71,      17.11,     59.95,          1.14
        0,          3,    3,         -3.00,          3.50,       1.90,      19.09,     66.89,          1.20
        0,          3,    4,         -2.42,          3.50,       2.06,      20.57,     72.06,          1.22
        0,          3,    5,         -2.00,          3.50,       2.20,      22.01,     77.13,          1.21
        0,          3,    6,         -1.70,          3.50,       2.32,      23.24,     81.42,          1.20
        0,          3,    7,         -1.46,          3.50,       2.44,      24.39,     85.43,          1.18
        0,          4,    1,         -6.02,          3.50,       1.50,      15.03,     52.65,          0.90
        0,          4,    2,         -3.41,          3.50,       1.85,      18.48,     64.73,          1.15
        0,          4,    3,         -2.34,          3.50,       2.08,      20.79,     72.82,          1.22
        0,          4,    4,         -1.70,          3.50,       2.26,      22.58,     79.09,          1.25
        0,          4,    5,         -1.33,          3.50,       2.40,      24.05,     84.25,          1.24
        0,          4,    6,         -1.02,          3.50,       2.54,      25.36,     88.83,          1.24
        0,          4,    7,         -0.82,          3.50,       2.65,      26.49,     92.78,          1.22
        1,          1,    1,         -7.00,          3.50,       1.34,      13.39,     46.92,          0.91
        1,          1,    2,         -4.32,          3.50,       1.60,      16.00,     56.06,          1.19
        1,          1,    3,         -3.48,          3.50,       1.74,      17.36,     60.82,          1.25
        1,          1,    4,         -3.06,          3.50,       1.85,      18.45,     64.65,          1.25
        1,          1,    5,         -2.81,          3.50,       1.94,      19.43,     68.08,          1.22
        1,          1,    6,         -2.62,          3.50,       2.03,      20.29,     71.07,          1.19
        1,          1,    7,         -2.68,          3.50,       2.12,      21.18,     74.19,          1.10
        1,          2,    1,         -6.31,          3.50,       1.40,      14.04,     49.20,          0.97
        1,          2,    2,         -3.78,          3.50,       1.68,      16.77,     58.75,          1.24
        1,          2,    3,         -3.23,          3.50,       1.84,      18.41,     64.51,          1.20
        1,          2,    4,         -2.44,          3.50,       1.97,      19.67,     68.90,          1.30
        1,          2,    5,         -2.10,          3.50,       2.08,      20.81,     72.89,          1.29
        1,          2,    6,         -1.86,          3.50,       2.19,      21.88,     76.65,          1.26
        1,          2,    7,         -1.64,          3.50,       2.29,      22.93,     80.31,          1.24
        1,          3,    1,         -5.71,          3.50,       1.49,      14.85,     52.06,          0.99
        1,          3,    2,         -3.28,          3.50,       1.80,      18.00,     63.07,          1.23
        1,          3,    3,         -2.31,          3.50,       2.01,      20.08,     70.35,          1.29
        1,          3,    4,         -1.59,          3.50,       2.16,      21.64,     75.82,          1.37
        1,          3,    5,         -1.19,          3.50,       2.31,      23.16,     81.13,          1.35
        1,          3,    6,         -0.98,          3.50,       2.44,      24.44,     85.58,          1.32
        1,          3,    7,         -0.62,          3.50,       2.56,      25.64,     89.80,          1.34
        1,          4,    1,         -5.21,          3.50,       1.57,      15.70,     55.03,          1.00
        1,          4,    2,         -2.57,          3.50,       1.94,      19.43,     68.07,          1.28
        1,          4,    3,         -1.50,          3.50,       2.19,      21.94,     76.84,          1.36
        1,          4,    4,         -0.87,          3.50,       2.38,      23.81,     83.41,          1.40
        1,          4,    5,         -0.49,          3.50,       2.54,      25.41,     89.02,          1.39
        1,          4,    6,         -0.18,          3.50,       2.68,      26.78,     93.81,          1.39
        1,          4,    7,          0.02,          3.50,       2.79,      27.92,     97.78,          1.38
        2,          1,    1,         -5.96,          3.50,       1.41,      14.07,     49.30,          1.04
        2,          1,    2,         -3.23,          3.50,       1.70,      16.95,     59.38,          1.38
        2,          1,    3,         -2.37,          3.50,       1.85,      18.53,     64.91,          1.45
        2,          1,    4,         -1.95,          3.50,       1.96,      19.65,     68.82,          1.46
        2,          1,    5,         -1.76,          3.50,       2.06,      20.57,     72.06,          1.42
        2,          1,    6,         -1.51,          3.50,       2.15,      21.50,     75.33,          1.41
        2,          1,    7,         -1.35,          3.50,       2.24,      22.41,     78.49,          1.37
        2,          2,    1,         -5.53,          3.50,       1.49,      14.88,     52.16,          1.03
        2,          2,    2,         -2.68,          3.50,       1.79,      17.92,     62.79,          1.43
        2,          2,    3,         -1.79,          3.50,       1.96,      19.66,     68.88,          1.51
        2,          2,    4,         -1.33,          3.50,       2.09,      20.89,     73.20,          1.53
        2,          2,    5,         -0.99,          3.50,       2.22,      22.16,     77.64,          1.51
        2,          2,    6,         -0.75,          3.50,       2.33,      23.27,     81.52,          1.49
        2,          2,    7,         -0.54,          3.50,       2.44,      24.37,     85.37,          1.46
        2,          3,    1,         -4.66,          3.50,       1.57,      15.74,     55.16,          1.13
        2,          3,    2,         -2.05,          3.50,       1.93,      19.25,     67.42,          1.47
        2,          3,    3,         -1.05,          3.50,       2.14,      21.46,     75.17,          1.56
        2,          3,    4,         -0.48,          3.50,       2.32,      23.18,     81.22,          1.59
        2,          3,    5,         -0.06,          3.50,       2.48,      24.81,     86.92,          1.59
        2,          3,    6,          0.24,          3.50,       2.61,      26.12,     91.49,          1.59
        2,          3,    7,          0.48,          3.50,       2.74,      27.42,     96.04,          1.57
        2,          4,    1,         -4.16,          3.50,       1.67,      16.70,     58.51,          1.14
        2,          4,    2,         -1.47,          3.50,       2.09,      20.82,     72.96,          1.48
        2,          4,    3,         -0.60,          3.50,       2.36,      23.58,     82.58,          1.51
        2,          4,    4,          0.25,          3.50,       2.57,      25.68,     89.95,          1.63
        2,          4,    5,          0.65,          3.50,       2.73,      27.36,     95.81,          1.64
        2,          4,    6,          0.94,          3.50,       2.88,      28.81,    100.88,          1.63
        2,          4,    7,          1.15,          3.50,       3.00,      29.98,    104.97,          1.62
        3,          1,    1,         -5.38,          3.50,       1.46,      14.58,     51.10,          1.11
        3,          1,    2,         -2.58,          3.50,       1.76,      17.61,     61.70,          1.51
        3,          1,    3,         -1.70,          3.50,       1.92,      19.24,     67.41,          1.60
        3,          1,    4,         -1.27,          3.50,       2.04,      20.35,     71.31,          1.61
        3,          1,    5,         -1.03,          3.50,       2.14,      21.41,     75.02,          1.58
        3,          1,    6,         -0.84,          3.50,       2.23,      22.32,     78.17,          1.55
        3,          1,    7,         -0.69,          3.50,       2.32,      23.25,     81.46,          1.51
        3,          2,    1,         -4.64,          3.50,       1.54,      15.39,     53.92,          1.19
        3,          2,    2,         -2.02,          3.50,       1.86,      18.62,     65.25,          1.56
        3,          2,    3,         -1.40,          3.50,       2.04,      20.43,     71.56,          1.55
        3,          2,    4,         -0.66,          3.50,       2.17,      21.77,     76.26,          1.68
        3,          2,    5,         -0.32,          3.50,       2.31,      23.08,     80.86,          1.66
        3,          2,    6,         -0.08,          3.50,       2.42,      24.21,     84.79,          1.64
        3,          2,    7,          0.12,          3.50,       2.54,      25.36,     88.81,          1.61
        3,          3,    1,         -4.03,          3.50,       1.63,      16.32,     57.20,          1.22
        3,          3,    2,         -1.39,          3.50,       2.01,      20.07,     70.32,          1.60
        3,          3,    3,         -0.38,          3.50,       2.24,      22.39,     78.42,          1.71
        3,          3,    4,          0.19,          3.50,       2.42,      24.16,     84.64,          1.75
        3,          3,    5,          0.61,          3.50,       2.59,      25.87,     90.59,          1.75
        3,          3,    6,          0.91,          3.50,       2.73,      27.27,     95.49,          1.75
        3,          3,    7,          1.15,          3.50,       2.86,      28.57,    100.04,          1.73
        3,          4,    1,         -3.53,          3.50,       1.73,      17.32,     60.70,          1.23
        3,          4,    2,         -0.81,          3.50,       2.18,      21.77,     76.28,          1.61
        3,          4,    3,          0.29,          3.50,       2.47,      24.66,     86.36,          1.74
        3,          4,    4,          0.71,          3.50,       2.69,      26.86,     94.07,          1.70
        3,          4,    5,          1.33,          3.50,       2.86,      28.59,    100.13,          1.80
        3,          4,    6,          1.58,          3.50,       3.01,      30.06,    105.25,          1.79
        3,          4,    7,          1.83,          3.50,       3.13,      31.28,    109.53,          1.80
        4,          1,    1,         -4.30,          3.50,       1.54,      15.42,     54.03,          1.28
        4,          1,    2,         -1.55,          3.50,       1.89,      18.96,     66.41,          1.69
        4,          1,    3,         -0.51,          3.50,       2.06,      20.62,     72.22,          1.88
        4,          1,    4,         -0.08,          3.50,       2.19,      21.82,     76.45,          1.91
        4,          1,    5,          0.16,          3.50,       2.29,      22.90,     80.22,          1.88
        4,          1,    6,          0.34,          3.50,       2.39,      23.86,     83.58,          1.85
        4,          1,    7,          0.28,          3.50,       2.49,      24.84,     87.00,          1.72
        4,          2,    1,         -3.56,          3.50,       1.64,      16.39,     57.43,          1.36
        4,          2,    2,         -0.84,          3.50,       2.01,      20.06,     70.27,          1.82
        4,          2,    3,          0.07,          3.50,       2.20,      21.97,     76.93,          1.96
        4,          2,    4,          0.53,          3.50,       2.34,      23.41,     82.00,          1.99
        4,          2,    5,          0.86,          3.50,       2.48,      24.81,     86.89,          1.97
        4,          2,    6,          1.10,          3.50,       2.59,      25.94,     90.84,          1.96
        4,          2,    7,          1.31,          3.50,       2.71,      27.10,     94.92,          1.93
        4,          3,    1,         -2.95,          3.50,       1.74,      17.37,     60.87,          1.41
        4,          3,    2,         -0.22,          3.50,       2.16,      21.59,     75.63,          1.88
        4,          3,    3,          0.81,          3.50,       2.41,      24.10,     84.43,          2.03
        4,          3,    4,          1.39,          3.50,       2.61,      26.05,     91.22,          2.08
        4,          3,    5,          1.81,          3.50,       2.78,      27.83,     97.47,          2.09
        4,          3,    6,          2.11,          3.50,       2.93,      29.28,    102.52,          2.10
        4,          3,    7,          2.35,          3.50,       3.06,      30.61,    107.18,          2.09
        4,          4,    1,         -2.64,          3.50,       1.86,      18.58,     65.09,          1.35
        4,          4,    2,          0.11,          3.50,       2.35,      23.48,     82.22,          1.79
        4,          4,    3,          1.28,          3.50,       2.67,      26.68,     93.42,          1.96
        4,          4,    4,          2.14,          3.50,       2.90,      28.96,    101.42,          2.14
        4,          4,    5,          2.35,          3.50,       3.08,      30.78,    107.78,          2.08
        4,          4,    6,          2.86,          3.50,       3.23,      32.31,    113.12,          2.19
        4,          4,    7,          3.07,          3.50,       3.36,      33.58,    117.56,          2.19
        5,          1,    1,         -3.67,          3.50,       1.60,      16.00,     56.06,          1.39
        5,          1,    2,         -0.66,          3.50,       1.98,      19.83,     69.48,          1.94
        5,          1,    3,          0.27,          3.50,       2.17,      21.65,     75.85,          2.10
        5,          1,    4,          0.39,          3.50,       2.29,      22.86,     80.08,          1.99
        5,          1,    5,          0.94,          3.50,       2.40,      23.96,     83.93,          2.11
        5,          1,    6,          1.12,          3.50,       2.50,      24.95,     87.37,          2.08
        5,          1,    7,          1.27,          3.50,       2.59,      25.88,     90.65,          2.04
        5,          2,    1,         -2.93,          3.50,       1.70,      17.00,     59.54,          1.48
        5,          2,    2,         -0.18,          3.50,       2.10,      20.96,     73.43,          1.98
        5,          2,    3,          0.84,          3.50,       2.30,      23.05,     80.73,          2.18
        5,          2,    4,          1.31,          3.50,       2.45,      24.49,     85.78,          2.23
        5,          2,    5,          1.65,          3.50,       2.59,      25.90,     90.69,          2.22
        5,          2,    6,          1.88,          3.50,       2.71,      27.10,     94.89,          2.21
        5,          2,    7,          2.09,          3.50,       2.83,      28.30,     99.12,          2.18
        5,          3,    1,         -2.51,          3.50,       1.82,      18.20,     63.76,          1.45
        5,          3,    2,          0.31,          3.50,       2.26,      22.64,     79.30,          1.98
        5,          3,    3,          1.60,          3.50,       2.53,      25.32,     88.66,          2.27
        5,          3,    4,          2.18,          3.50,       2.73,      27.25,     95.44,          2.35
        5,          3,    5,          2.61,          3.50,       2.91,      29.08,    101.82,          2.37
        5,          3,    6,          2.62,          3.50,       3.06,      30.55,    106.97,          2.23
        5,          3,    7,          2.85,          3.50,       3.19,      31.94,    111.82,          2.22
        5,          4,    1,         -1.74,          3.50,       1.94,      19.42,     68.05,          1.55
        5,          4,    2,          1.16,          3.50,       2.47,      24.68,     86.45,          2.12
        5,          4,    3,          2.07,          3.50,       2.79,      27.91,     97.74,          2.21
        5,          4,    4,          2.96,          3.50,       3.03,      30.28,    106.05,          2.44
        5,          4,    5,          3.39,          3.50,       3.22,      32.20,    112.76,          2.48
        5,          4,    6,          3.69,          3.50,       3.37,      33.72,    118.05,          2.51
        5,          4,    7,          3.90,          3.50,       3.51,      35.04,    122.65,          2.51
        6,          1,    1,         -2.84,          3.50,       1.67,      16.73,     58.61,          1.55
        6,          1,    2,          0.28,          3.50,       2.09,      20.90,     73.24,          2.22
        6,          1,    3,          1.25,          3.50,       2.29,      22.87,     80.12,          2.42
        6,          1,    4,          1.68,          3.50,       2.41,      24.11,     84.46,          2.48
        6,          1,    5,          1.92,          3.50,       2.52,      25.26,     88.47,          2.46
        6,          1,    6,          2.09,          3.50,       2.62,      26.20,     91.77,          2.43
        6,          1,    7,          2.24,          3.50,       2.72,      27.17,     95.16,          2.39
        6,          2,    1,         -2.07,          3.50,       1.79,      17.87,     62.61,          1.65
        6,          2,    2,          0.88,          3.50,       2.21,      22.15,     77.59,          2.32
        6,          2,    3,          1.83,          3.50,       2.43,      24.28,     85.05,          2.54
        6,          2,    4,          2.30,          3.50,       2.58,      25.81,     90.37,          2.60
        6,          2,    5,          2.64,          3.50,       2.72,      27.24,     95.37,          2.61
        6,          2,    6,          2.87,          3.50,       2.85,      28.43,     99.57,          2.59
        6,          2,    7,          2.77,          3.50,       2.96,      29.64,    103.78,          2.40
        6,          3,    1,         -1.41,          3.50,       1.91,      19.08,     66.84,          1.73
        6,          3,    2,          1.36,          3.50,       2.39,      23.92,     83.80,          2.32
        6,          3,    3,          2.60,          3.50,       2.67,      26.68,     93.44,          2.66
        6,          3,    4,          3.18,          3.50,       2.87,      28.67,    100.37,          2.76
        6,          3,    5,          3.61,          3.50,       3.06,      30.55,    106.99,          2.80
        6,          3,    6,          3.91,          3.50,       3.21,      32.11,    112.43,          2.81
        6,          3,    7,          4.15,          3.50,       3.35,      33.51,    117.32,          2.81
        6,          4,    1,         -0.87,          3.50,       2.04,      20.42,     71.54,          1.75
        6,          4,    2,          2.16,          3.50,       2.60,      26.05,     91.23,          2.48
        6,          4,    3,          3.33,          3.50,       2.94,      29.44,    103.09,          2.75
        6,          4,    4,          3.98,          3.50,       3.19,      31.94,    111.82,          2.88
        6,          4,    5,          4.41,          3.50,       3.39,      33.93,    118.79,          2.94
        6,          4,    6,          4.44,          3.50,       3.56,      35.55,    124.46,          2.79
        6,          4,    7,          4.91,          3.50,       3.69,      36.91,    129.22,          2.97
        7,          1,    1,         -1.94,          3.50,       1.75,      17.46,     61.15,          1.78
        7,          1,    2,          1.39,          3.50,       2.21,      22.08,     77.35,          2.64
        7,          1,    3,          2.39,          3.50,       2.41,      24.11,     84.46,          2.92
        7,          1,    4,          2.83,          3.50,       2.54,      25.45,     89.14,          3.00
        7,          1,    5,          2.78,          3.50,       2.66,      26.59,     93.13,          2.79
        7,          1,    6,          3.23,          3.50,       2.75,      27.51,     96.35,          2.96
        7,          1,    7,          3.37,          3.50,       2.85,      28.52,     99.88,          2.91
        7,          2,    1,         -1.11,          3.50,       1.87,      18.75,     65.68,          1.91
        7,          2,    2,          2.00,          3.50,       2.34,      23.39,     81.95,          2.78
        7,          2,    3,          2.97,          3.50,       2.56,      25.63,     89.76,          3.06
        7,          2,    4,          3.44,          3.50,       2.72,      27.16,     95.11,          3.15
        7,          2,    5,          3.75,          3.50,       2.86,      28.65,    100.31,          3.15
        7,          2,    6,          3.99,          3.50,       2.98,      29.86,    104.58,          3.15
        7,          2,    7,          4.18,          3.50,       3.11,      31.06,    108.75,          3.13
        7,          3,    1,         -0.49,          3.50,       2.01,      20.07,     70.32,          1.97
        7,          3,    2,          2.57,          3.50,       2.53,      25.28,     88.54,          2.84
        7,          3,    3,          3.72,          3.50,       2.82,      28.17,     98.65,          3.20
        7,          3,    4,          4.31,          3.50,       3.02,      30.24,    105.91,          3.33
        7,          3,    5,          4.73,          3.50,       3.23,      32.25,    112.91,          3.38
        7,          3,    6,          5.02,          3.50,       3.38,      33.83,    118.44,          3.40
        7,          3,    7,          5.26,          3.50,       3.54,      35.34,    123.72,          3.40
        7,          4,    1,          0.18,          3.50,       2.15,      21.49,     75.30,          2.07
        7,          4,    2,          3.30,          3.50,       2.75,      27.53,     96.41,          3.00
        7,          4,    3,          4.46,          3.50,       3.12,      31.14,    109.02,          3.32
        7,          4,    4,          4.81,          3.50,       3.38,      33.77,    118.26,          3.24
        7,          4,    5,          5.53,          3.50,       3.60,      35.95,    125.84,          3.54
        7,          4,    6,          5.82,          3.50,       3.77,      37.71,    132.01,          3.57
        7,          4,    7,          5.98,          3.50,       3.92,      39.19,    137.19,          3.53
        8,          1,    1,         -1.02,          3.50,       1.81,      18.10,     63.41,          2.07
        8,          1,    2,          2.43,          3.50,       2.30,      23.03,     80.66,          3.15
        8,          1,    3,          3.44,          3.50,       2.52,      25.19,     88.25,          3.50
        8,          1,    4,          3.87,          3.50,       2.66,      26.60,     93.17,          3.59
        8,          1,    5,          4.11,          3.50,       2.77,      27.67,     96.93,          3.59
        8,          1,    6,          4.27,          3.50,       2.87,      28.70,    100.49,          3.55
        8,          1,    7,          4.40,          3.50,       2.97,      29.69,    103.95,          3.50
        8,          2,    1,         -0.44,          3.50,       1.94,      19.41,     68.01,          2.10
        8,          2,    2,          3.03,          3.50,       2.44,      24.41,     85.49,          3.33
        8,          2,    3,          4.00,          3.50,       2.68,      26.82,     93.94,          3.65
        8,          2,    4,          4.46,          3.50,       2.84,      28.42,     99.51,          3.75
        8,          2,    5,          4.78,          3.50,       2.99,      29.90,    104.71,          3.78
        8,          2,    6,          5.00,          3.50,       3.12,      31.17,    109.14,          3.76
        8,          2,    7,          5.19,          3.50,       3.25,      32.46,    113.63,          3.73
        8,          3,    1,          0.59,          3.50,       2.08,      20.77,     72.77,          2.40
        8,          3,    2,          3.41,          3.50,       2.65,      26.48,     92.73,          3.24
        8,          3,    3,          4.54,          3.50,       2.95,      29.53,    103.38,          3.63
        8,          3,    4,          5.31,          3.50,       3.17,      31.72,    111.08,          3.95
        8,          3,    5,          5.47,          3.50,       3.38,      33.79,    118.29,          3.78
        8,          3,    6,          5.72,          3.50,       3.55,      35.46,    124.13,          3.77
        8,          3,    7,          6.11,          3.50,       3.71,      37.05,    129.71,          3.91
        8,          4,    1,          1.18,          3.50,       2.23,      22.32,     78.18,          2.46
        8,          4,    2,          4.32,          3.50,       2.89,      28.89,    101.20,          3.54
        8,          4,    3,          5.46,          3.50,       3.28,      32.78,    114.76,          3.92
        8,          4,    4,          6.10,          3.50,       3.56,      35.56,    124.47,          4.09
        8,          4,    5,          6.52,          3.50,       3.79,      37.89,    132.63,          4.17
        8,          4,    6,          6.81,          3.50,       3.98,      39.79,    139.29,          4.20
        8,          4,    7,          7.02,          3.50,       4.13,      41.33,    144.67,          4.21
        9,          1,    1,          0.05,          3.50,       1.86,      18.64,     65.30,          2.52
        9,          1,    2,          3.51,          3.50,       2.40,      23.98,     84.01,          3.82
        9,          1,    3,          4.52,          3.50,       2.64,      26.45,     92.64,          4.20
        9,          1,    4,          4.96,          3.50,       2.78,      27.81,     97.40,          4.34
        9,          1,    5,          5.19,          3.50,       2.90,      29.00,    101.56,          4.32
        9,          1,    6,          5.35,          3.50,       3.00,      30.00,    105.04,          4.29
        9,          1,    7,          5.48,          3.50,       3.10,      30.98,    108.49,          4.24
        9,          2,    1,          0.91,          3.50,       2.01,      20.05,     70.24,          2.73
        9,          2,    2,          4.11,          3.50,       2.56,      25.58,     89.59,          3.99
        9,          2,    3,          5.08,          3.50,       2.81,      28.13,     98.53,          4.38
        9,          2,    4,          5.53,          3.50,       2.98,      29.80,    104.35,          4.51
        9,          2,    5,          5.85,          3.50,       3.14,      31.39,    109.92,          4.53
        9,          2,    6,          6.06,          3.50,       3.27,      32.71,    114.53,          4.51
        9,          2,    7,          6.25,          3.50,       3.40,      34.01,    119.06,          4.48
        9,          3,    1,          1.63,          3.50,       2.16,      21.60,     75.69,          2.88
        9,          3,    2,          4.75,          3.50,       2.77,      27.74,     97.13,          4.14
        9,          3,    3,          5.81,          3.50,       3.10,      31.00,    108.55,          4.56
        9,          3,    4,          6.36,          3.50,       3.34,      33.37,    116.83,          4.71
        9,          3,    5,          6.71,          3.50,       3.56,      35.56,    124.47,          4.71
        9,          3,    6,          6.88,          3.50,       3.73,      37.32,    130.66,          4.62
        9,          3,    7,          7.28,          3.50,       3.91,      39.05,    136.69,          4.79
        9,          4,    1,          2.21,          3.50,       2.32,      23.22,     81.31,          2.96
        9,          4,    2,          5.36,          3.50,       3.04,      30.35,    106.29,          4.23
        9,          4,    3,          6.18,          3.50,       3.45,      34.52,    120.85,          4.34
        9,          4,    4,          7.13,          3.50,       3.76,      37.55,    131.43,          4.85
        9,          4,    5,          7.55,          3.50,       4.01,      40.14,    140.49,          4.93
        9,          4,    6,          7.84,          3.50,       4.22,      42.14,    147.51,          4.96
        9,          4,    7,          8.05,          3.50,       4.38,      43.78,    153.23,          4.98
       10,          1,    1,          0.96,          3.50,       1.91,      19.11,     66.98,          2.99
       10,          1,    2,          4.44,          3.50,       2.50,      25.01,     87.61,          4.46
       10,          1,    3,          5.47,          3.50,       2.76,      27.57,     96.57,          4.95
       10,          1,    4,          5.91,          3.50,       2.91,      29.11,    101.94,          5.09
       10,          1,    5,          5.90,          3.50,       3.03,      30.32,    106.15,          4.81
       10,          1,    6,          6.29,          3.50,       3.14,      31.36,    109.80,          5.04
       10,          1,    7,          6.42,          3.50,       3.24,      32.40,    113.44,          4.98
       10,          2,    1,          1.81,          3.50,       2.06,      20.58,     72.11,          3.24
       10,          2,    2,          5.03,          3.50,       2.67,      26.70,     93.51,          4.67
       10,          2,    3,          6.02,          3.50,       2.95,      29.46,    103.15,          5.13
       10,          2,    4,          6.47,          3.50,       3.12,      31.20,    109.24,          5.28
       10,          2,    5,          6.79,          3.50,       3.29,      32.88,    115.11,          5.31
       10,          2,    6,          6.99,          3.50,       3.42,      34.20,    119.73,          5.29
       10,          2,    7,          7.16,          3.50,       3.56,      35.57,    124.53,          5.24
       10,          3,    1,          2.52,          3.50,       2.22,      22.24,     77.92,          3.39
       10,          3,    2,          5.67,          3.50,       2.90,      28.98,    101.48,          4.83
       10,          3,    3,          6.73,          3.50,       3.25,      32.53,    113.88,          5.31
       10,          3,    4,          7.28,          3.50,       3.50,      34.98,    122.48,          5.49
       10,          3,    5,          7.68,          3.50,       3.73,      37.32,    130.66,          5.56
       10,          3,    6,          7.96,          3.50,       3.92,      39.24,    137.35,          5.57
       10,          3,    7,          8.20,          3.50,       4.10,      41.05,    143.69,          5.57
       10,          4,    1,          2.86,          3.50,       2.39,      23.94,     83.85,          3.29
       10,          4,    2,          6.26,          3.50,       3.18,      31.81,    111.38,          4.90
       10,          4,    3,          7.41,          3.50,       3.63,      36.30,    127.07,          5.40
       10,          4,    4,          8.04,          3.50,       3.96,      39.57,    138.52,          5.61
       10,          4,    5,          8.46,          3.50,       4.24,      42.35,    148.24,          5.69
       10,          4,    6,          8.75,          3.50,       4.44,      44.44,    155.56,          5.75
       10,          4,    7,          8.96,          3.50,       4.63,      46.27,    161.94,          5.76
       11,          1,    1,          1.77,          3.50,       1.95,      19.54,     68.47,          3.49
       11,          1,    2,          5.32,          3.50,       2.61,      26.03,     91.18,          5.17
       11,          1,    3,          6.39,          3.50,       2.89,      28.93,    101.31,          5.73
       11,          1,    4,          6.84,          3.50,       3.05,      30.51,    106.82,          5.92
       11,          1,    5,          7.07,          3.50,       3.18,      31.81,    111.38,          5.91
       11,          1,    6,          7.22,          3.50,       3.29,      32.88,    115.10,          5.87
       11,          1,    7,          7.35,          3.50,       3.39,      33.88,    118.61,          5.82
       11,          2,    1,          2.64,          3.50,       2.12,      21.18,     74.21,          3.75
       11,          2,    2,          5.93,          3.50,       2.79,      27.87,     97.60,          5.41
       11,          2,    3,          6.94,          3.50,       3.09,      30.87,    108.12,          5.96
       11,          2,    4,          7.40,          3.50,       3.28,      32.75,    114.67,          6.14
       11,          2,    5,          7.42,          3.50,       3.44,      34.45,    120.61,          5.79
       11,          2,    6,          7.92,          3.50,       3.59,      35.89,    125.64,          6.17
       11,          2,    7,          7.88,          3.50,       3.73,      37.34,    130.71,          5.82
       11,          3,    1,          3.29,          3.50,       2.29,      22.90,     80.23,          3.87
       11,          3,    2,          6.56,          3.50,       3.03,      30.31,    106.16,          5.59
       11,          3,    3,          7.64,          3.50,       3.42,      34.13,    119.49,          6.16
       11,          3,    4,          8.19,          3.50,       3.68,      36.84,    128.97,          6.35
       11,          3,    5,          8.60,          3.50,       3.93,      39.36,    137.79,          6.43
       11,          3,    6,          8.87,          3.50,       4.13,      41.33,    144.67,          6.45
       11,          3,    7,          9.11,          3.50,       4.32,      43.20,    151.19,          6.46
       11,          4,    1,          3.90,          3.50,       2.47,      24.72,     86.58,          3.99
       11,          4,    2,          7.14,          3.50,       3.34,      33.35,    116.78,          5.65
       11,          4,    3,          8.31,          3.50,       3.82,      38.25,    133.90,          6.23
       11,          4,    4,          8.94,          3.50,       4.18,      41.80,    146.33,          6.46
       11,          4,    5,          9.13,          3.50,       4.47,      44.71,    156.48,          6.23
       11,          4,    6,          9.66,          3.50,       4.70,      46.98,    164.44,          6.63
       11,          4,    7,          9.88,          3.50,       4.89,      48.92,    171.22,          6.66
       12,          1,    1,          2.53,          3.50,       2.00,      20.00,     70.06,          4.01
       12,          1,    2,          6.20,          3.50,       2.72,      27.22,     95.35,          5.96
       12,          1,    3,          7.32,          3.50,       3.04,      30.41,    106.47,          6.66
       12,          1,    4,          7.57,          3.50,       3.22,      32.21,    112.78,          6.54
       12,          1,    5,          8.02,          3.50,       3.35,      33.49,    117.27,          6.89
       12,          1,    6,          8.17,          3.50,       3.46,      34.59,    121.09,          6.86
       12,          1,    7,          8.30,          3.50,       3.57,      35.66,    124.83,          6.79
       12,          2,    1,          3.41,          3.50,       2.17,      21.69,     75.99,          4.32
       12,          2,    2,          6.82,          3.50,       2.92,      29.21,    102.29,          6.24
       12,          2,    3,          7.87,          3.50,       3.26,      32.60,    114.17,          6.89
       12,          2,    4,          8.34,          3.50,       3.46,      34.55,    120.95,          7.14
       12,          2,    5,          8.66,          3.50,       3.65,      36.43,    127.54,          7.18
       12,          2,    6,          8.72,          3.50,       3.79,      37.91,    132.72,          6.93
       12,          2,    7,          9.06,          3.50,       3.95,      39.46,    138.12,          7.13
       12,          3,    1,          4.12,          3.50,       2.36,      23.54,     82.47,          4.52
       12,          3,    2,          7.45,          3.50,       3.19,      31.89,    111.65,          6.44
       12,          3,    3,          8.57,          3.50,       3.61,      36.07,    126.28,          7.12
       12,          3,    4,          9.13,          3.50,       3.89,      38.93,    136.27,          7.37
       12,          3,    5,          9.53,          3.50,       4.17,      41.65,    145.78,          7.44
       12,          3,    6,          9.82,          3.50,       4.37,      43.71,    152.99,          7.51
       12,          3,    7,         10.06,          3.50,       4.58,      45.77,    160.19,          7.51
       12,          4,    1,          4.40,          3.50,       2.55,      25.46,     89.17,          4.31
       12,          4,    2,          8.03,          3.50,       3.50,      35.02,    122.62,          6.52
       12,          4,    3,          9.23,          3.50,       4.05,      40.45,    141.60,          7.20
       12,          4,    4,          9.87,          3.50,       4.42,      44.17,    154.62,          7.50
       12,          4,    5,         10.31,          3.50,       4.74,      47.43,    166.03,          7.63
       12,          4,    6,         10.60,          3.50,       4.99,      49.92,    174.71,          7.69
       12,          4,    7,         10.83,          3.50,       5.21,      52.04,    182.15,          7.71
       13,          1,    1,          3.26,          3.50,       2.04,      20.37,     71.38,          4.61
       13,          1,    2,          7.09,          3.50,       2.86,      28.58,    100.08,          6.86
       13,          1,    3,          8.31,          3.50,       3.23,      32.28,    113.03,          7.73
       13,          1,    4,          8.59,          3.50,       3.42,      34.20,    119.74,          7.67
       13,          1,    5,          9.04,          3.50,       3.56,      35.62,    124.70,          8.07
       13,          1,    6,          9.19,          3.50,       3.68,      36.75,    128.66,          8.04
       13,          1,    7,          9.32,          3.50,       3.79,      37.89,    132.65,          7.97
       13,          2,    1,          3.84,          3.50,       2.22,      22.25,     77.93,          4.61
       13,          2,    2,          7.74,          3.50,       3.08,      30.79,    107.82,          7.21
       13,          2,    3,          8.87,          3.50,       3.46,      34.60,    121.16,          8.04
       13,          2,    4,          9.35,          3.50,       3.68,      36.81,    128.87,          8.32
       13,          2,    5,          9.59,          3.50,       3.88,      38.82,    135.90,          8.24
       13,          2,    6,          9.89,          3.50,       4.04,      40.41,    141.47,          8.40
       13,          2,    7,         10.08,          3.50,       4.20,      42.03,    147.12,          8.37
       13,          3,    1,          4.87,          3.50,       2.42,      24.21,     84.80,          5.17
       13,          3,    2,          8.38,          3.50,       3.37,      33.67,    117.89,          7.45
       13,          3,    3,          9.40,          3.50,       3.84,      38.41,    134.44,          7.99
       13,          3,    4,         10.13,          3.50,       4.15,      41.49,    145.24,          8.60
       13,          3,    5,         10.51,          3.50,       4.44,      44.39,    155.39,          8.65
       13,          3,    6,         10.84,          3.50,       4.67,      46.67,    163.35,          8.80
       13,          3,    7,         11.07,          3.50,       4.89,      48.83,    170.91,          8.80
       13,          4,    1,          5.44,          3.50,       2.63,      26.25,     91.96,          5.24
       13,          4,    2,          8.96,          3.50,       3.70,      37.01,    129.58,          7.55
       13,          4,    3,         10.22,          3.50,       4.30,      43.03,    150.62,          8.38
       13,          4,    4,         10.86,          3.50,       4.72,      47.17,    165.10,          8.73
       13,          4,    5,         11.33,          3.50,       5.08,      50.74,    177.60,          8.92
       13,          4,    6,         11.63,          3.50,       5.35,      53.53,    187.35,          8.99
       13,          4,    7,         11.87,          3.50,       5.59,      55.91,    195.69,          9.02
       14,          1,    1,          3.80,          3.50,       2.08,      20.72,     72.61,          5.09
       14,          1,    2,          7.63,          3.50,       2.98,      29.77,    104.25,          7.35
       14,          1,    3,          8.97,          3.50,       3.41,      34.05,    119.22,          8.43
       14,          1,    4,          9.68,          3.50,       3.62,      36.24,    126.87,          9.16
       14,          1,    5,          9.93,          3.50,       3.77,      37.74,    132.10,          9.24
       14,          1,    6,         10.09,          3.50,       3.90,      38.95,    136.34,          9.21
       14,          1,    7,         10.21,          3.50,       4.01,      40.14,    140.50,          9.13
       14,          2,    1,          4.70,          3.50,       2.27,      22.72,     79.61,          5.45
       14,          2,    2,          8.30,          3.50,       3.23,      32.32,    113.16,          7.70
       14,          2,    3,          9.72,          3.50,       3.66,      36.61,    128.16,          9.12
       14,          2,    4,         10.22,          3.50,       3.90,      39.04,    136.65,          9.47
       14,          2,    5,         10.55,          3.50,       4.11,      41.09,    143.82,          9.58
       14,          2,    6,         10.47,          3.50,       4.28,      42.79,    149.78,          8.96
       14,          2,    7,         10.97,          3.50,       4.45,      44.47,    155.64,          9.60
       14,          3,    1,          5.45,          3.50,       2.48,      24.81,     86.92,          5.70
       14,          3,    2,          9.16,          3.50,       3.54,      35.37,    123.82,          8.38
       14,          3,    3,         10.41,          3.50,       4.06,      40.60,    142.12,          9.42
       14,          3,    4,         11.01,          3.50,       4.40,      43.98,    153.94,          9.81
       14,          3,    5,         11.44,          3.50,       4.71,      47.11,    164.88,         10.00
       14,          3,    6,         11.74,          3.50,       4.96,      49.55,    173.42,         10.08
       14,          3,    7,         11.99,          3.50,       5.20,      51.95,    181.84,         10.10
       14,          4,    1,          6.02,          3.50,       2.69,      26.88,     94.17,          5.81
       14,          4,    2,          9.74,          3.50,       3.89,      38.91,    136.22,          8.50
       14,          4,    3,         11.06,          3.50,       4.55,      45.53,    159.36,          9.54
       14,          4,    4,         11.75,          3.50,       5.00,      50.01,    175.04,          9.99
       14,          4,    5,         11.94,          3.50,       5.41,      54.02,    189.07,          9.55
       14,          4,    6,         12.54,          3.50,       5.70,      57.01,    199.55,         10.29
       14,          4,    7,         12.78,          3.50,       5.96,      59.65,    208.74,         10.35
       15,          1,    1,          4.23,          3.50,       2.11,      21.10,     73.93,          5.48
       15,          1,    2,          8.47,          3.50,       3.09,      30.87,    108.11,          8.53
       15,          1,    3,          9.95,          3.50,       3.59,      35.89,    125.68,          9.87
       15,          1,    4,         10.52,          3.50,       3.84,      38.41,    134.49,         10.35
       15,          1,    5,         10.79,          3.50,       4.00,      40.03,    140.12,         10.48
       15,          1,    6,         10.95,          3.50,       4.13,      41.26,    144.43,         10.48
       15,          1,    7,         11.08,          3.50,       4.25,      42.46,    148.62,         10.43
       15,          2,    1,          5.15,          3.50,       2.31,      23.12,     80.99,          5.91
       15,          2,    2,          9.20,          3.50,       3.37,      33.70,    118.00,          8.99
       15,          2,    3,         10.52,          3.50,       3.87,      38.72,    135.56,         10.25
       15,          2,    4,         10.84,          3.50,       4.14,      41.37,    144.80,         10.18
       15,          2,    5,         11.41,          3.50,       4.36,      43.56,    152.48,         10.89
       15,          2,    6,         11.57,          3.50,       4.54,      45.35,    158.73,         10.77
       15,          2,    7,         11.82,          3.50,       4.71,      47.10,    164.85,         10.92
       15,          3,    1,          5.91,          3.50,       2.53,      25.29,     88.59,          6.16
       15,          3,    2,          9.86,          3.50,       3.70,      36.99,    129.49,          9.31
       15,          3,    3,         11.00,          3.50,       4.29,      42.93,    150.25,         10.08
       15,          3,    4,         11.83,          3.50,       4.66,      46.59,    163.08,         11.08
       15,          3,    5,         12.28,          3.50,       4.99,      49.92,    174.72,         11.33
       15,          3,    6,         12.59,          3.50,       5.26,      52.62,    184.17,         11.43
       15,          3,    7,         12.56,          3.50,       5.52,      55.22,    193.26,         10.74
       15,          4,    1,          6.33,          3.50,       2.74,      27.42,     96.05,          6.08
       15,          4,    2,         10.45,          3.50,       4.08,      40.73,    142.58,          9.46
       15,          4,    3,         11.87,          3.50,       4.80,      48.06,    168.21,         10.76
       15,          4,    4,         12.58,          3.50,       5.31,      53.07,    185.73,         11.29
       15,          4,    5,         13.09,          3.50,       5.74,      57.45,    201.05,         11.58
       15,          4,    6,         13.43,          3.50,       6.07,      60.68,    212.37,         11.79
       15,          4,    7,         13.54,          3.50,       6.35,      63.48,    222.16,         11.49
       16,          1,    1,          4.48,          3.50,       2.14,      21.40,     74.98,          5.68
       16,          1,    2,          8.92,          3.50,       3.20,      32.00,    112.04,          9.03
       16,          1,    3,         10.75,          3.50,       3.79,      37.94,    132.83,         11.08
       16,          1,    4,         11.39,          3.50,       4.08,      40.82,    142.90,         11.74
       16,          1,    5,         11.64,          3.50,       4.26,      42.64,    149.26,         11.81
       16,          1,    6,         11.86,          3.50,       4.39,      43.96,    153.87,         11.98
       16,          1,    7,         11.98,          3.50,       4.52,      45.21,    158.23,         11.92
       16,          2,    1,          5.47,          3.50,       2.35,      23.50,     82.30,          6.22
       16,          2,    2,          9.85,          3.50,       3.51,      35.14,    123.04,          9.91
       16,          2,    3,         11.34,          3.50,       4.10,      41.03,    143.62,         11.54
       16,          2,    4,         11.93,          3.50,       4.40,      44.03,    154.10,         12.15
       16,          2,    5,         12.29,          3.50,       4.64,      46.40,    162.42,         12.38
       16,          2,    6,         12.52,          3.50,       4.82,      48.22,    168.76,         12.49
       16,          2,    7,         12.73,          3.50,       5.01,      50.11,    175.36,         12.52
       16,          3,    1,          6.20,          3.50,       2.57,      25.72,     90.11,          6.45
       16,          3,    2,         10.44,          3.50,       3.87,      38.73,    135.59,         10.06
       16,          3,    3,         12.02,          3.50,       4.55,      45.52,    159.31,         11.91
       16,          3,    4,         12.70,          3.50,       4.95,      49.49,    173.23,         12.62
       16,          3,    5,         13.21,          3.50,       5.31,      53.13,    185.94,         13.05
       16,          3,    6,         13.57,          3.50,       5.60,      55.96,    195.86,         13.34
       16,          3,    7,         13.89,          3.50,       5.88,      58.74,    205.60,         13.61
       16,          4,    1,          6.79,          3.50,       2.80,      27.96,     97.94,          6.60
       16,          4,    2,         11.13,          3.50,       4.26,      42.61,    149.15,         10.49
       16,          4,    3,         12.70,          3.50,       5.09,      50.91,    178.17,         12.19
       16,          4,    4,         13.52,          3.50,       5.63,      56.34,    197.17,         13.11
       16,          4,    5,         14.15,          3.50,       6.10,      60.95,    213.30,         13.86
       16,          4,    6,         14.57,          3.50,       6.44,      64.36,    225.20,         14.35
       16,          4,    7,         14.89,          3.50,       6.73,      67.28,    235.41,         14.70
       17,          1,    1,          4.70,          3.50,       2.17,      21.66,     75.89,          5.87
       17,          1,    2,          9.56,          3.50,       3.30,      32.94,    115.36,         10.08
       17,          1,    3,         11.45,          3.50,       4.00,      39.94,    139.81,         12.23
       17,          1,    4,         12.18,          3.50,       4.32,      43.25,    151.38,         13.14
       17,          1,    5,         12.53,          3.50,       4.52,      45.14,    157.99,         13.53
       17,          1,    6,         12.72,          3.50,       4.64,      46.44,    162.56,         13.67
       17,          1,    7,         12.56,          3.50,       4.76,      47.60,    166.61,         12.80
       17,          2,    1,          5.67,          3.50,       2.38,      23.82,     83.43,          6.40
       17,          2,    2,         10.39,          3.50,       3.64,      36.40,    127.41,         10.75
       17,          2,    3,         12.10,          3.50,       4.33,      43.36,    151.76,         12.86
       17,          2,    4,         12.78,          3.50,       4.66,      46.56,    162.95,         13.81
       17,          2,    5,         13.19,          3.50,       4.90,      48.98,    171.42,         14.31
       17,          2,    6,         13.46,          3.50,       5.09,      50.84,    177.95,         14.56
       17,          2,    7,         13.70,          3.50,       5.29,      52.85,    184.97,         14.73
       17,          3,    1,          6.36,          3.50,       2.61,      26.10,     91.41,          6.58
       17,          3,    2,         11.12,          3.50,       4.02,      40.22,    140.80,         11.23
       17,          3,    3,         12.87,          3.50,       4.80,      48.00,    167.99,         13.61
       17,          3,    4,         13.67,          3.50,       5.23,      52.32,    183.12,         14.79
       17,          3,    5,         14.26,          3.50,       5.62,      56.22,    196.77,         15.59
       17,          3,    6,         14.67,          3.50,       5.94,      59.36,    207.77,         16.08
       17,          3,    7,         14.92,          3.50,       6.24,      62.39,    218.32,         16.11
       17,          4,    1,          6.94,          3.50,       2.84,      28.37,     99.38,          6.69
       17,          4,    2,         11.74,          3.50,       4.43,      44.28,    155.00,         11.54
       17,          4,    3,         13.67,          3.50,       5.36,      53.58,    187.53,         14.37
       17,          4,    4,         14.61,          3.50,       5.92,      59.22,    207.27,         15.91
       17,          4,    5,         14.96,          3.50,       6.39,      63.90,    223.64,         15.82
       17,          4,    6,         15.68,          3.50,       6.74,      67.40,    235.85,         17.60
       17,          4,    7,         15.96,          3.50,       7.03,      70.29,    245.89,         17.91
       18,          1,    1,          4.87,          3.50,       2.19,      21.93,     76.84,          6.02
       18,          1,    2,         10.00,          3.50,       3.38,      33.81,    118.38,         10.82
       18,          1,    3,         12.30,          3.50,       4.18,      41.84,    146.46,         14.09
       18,          1,    4,         13.15,          3.50,       4.56,      45.58,    159.53,         15.45
       18,          1,    5,         13.49,          3.50,       4.76,      47.60,    166.62,         15.88
       18,          1,    6,         13.78,          3.50,       4.90,      48.99,    171.47,         16.40
       18,          1,    7,         13.92,          3.50,       5.03,      50.24,    175.84,         16.46
       18,          2,    1,          5.86,          3.50,       2.42,      24.18,     84.69,          6.55
       18,          2,    2,         10.98,          3.50,       3.75,      37.55,    131.45,         11.88
       18,          2,    3,         12.87,          3.50,       4.57,      45.71,    159.99,         14.44
       18,          2,    4,         13.90,          3.50,       4.94,      49.44,    173.04,         16.67
       18,          2,    5,         14.37,          3.50,       5.24,      52.36,    183.26,         17.37
       18,          2,    6,         14.66,          3.50,       5.46,      54.61,    191.11,         17.71
       18,          2,    7,         14.94,          3.50,       5.70,      56.98,    199.42,         17.96
       18,          3,    1,          6.63,          3.50,       2.65,      26.49,     92.80,          6.87
       18,          3,    2,         11.88,          3.50,       4.17,      41.66,    145.82,         12.85
       18,          3,    3,         13.99,          3.50,       5.08,      50.73,    177.58,         16.51
       18,          3,    4,         14.86,          3.50,       5.59,      55.84,    195.43,         18.06
       18,          3,    5,         15.48,          3.50,       6.03,      60.35,    211.21,         19.05
       18,          3,    6,         15.89,          3.50,       6.38,      63.81,    223.29,         19.67
       18,          3,    7,         16.16,          3.50,       6.72,      67.19,    235.10,         19.73
       18,          4,    1,          7.20,          3.50,       2.88,      28.77,    100.76,          6.99
       18,          4,    2,         12.66,          3.50,       4.58,      45.82,    160.37,         13.70
       18,          4,    3,         14.84,          3.50,       5.64,      56.42,    197.46,         17.74
       18,          4,    4,         15.79,          3.50,       6.27,      62.69,    219.41,         19.60
       18,          4,    5,         16.44,          3.50,       6.79,      67.93,    237.69,         20.79
       18,          4,    6,         16.61,          3.50,       7.17,      71.73,    250.94,         20.37
       18,          4,    7,         17.11,          3.50,       7.47,      74.68,    261.20,         21.85
       19,          1,    1,          4.99,          3.50,       2.22,      22.18,     77.69,          6.12
       19,          1,    2,         10.60,          3.50,       3.45,      34.54,    120.94,         12.11
       19,          1,    3,         13.17,          3.50,       4.37,      43.65,    152.81,         16.39
       19,          1,    4,         14.21,          3.50,       4.83,      48.32,    169.11,         18.43
       19,          1,    5,         14.71,          3.50,       5.10,      51.00,    178.49,         19.41
       19,          1,    6,         14.97,          3.50,       5.28,      52.79,    184.75,         19.79
       19,          1,    7,         14.91,          3.50,       5.43,      54.33,    190.16,         18.90
       19,          2,    1,          6.04,          3.50,       2.45,      24.48,     85.72,          6.73
       19,          2,    2,         11.70,          3.50,       3.86,      38.62,    135.20,         13.53
       19,          2,    3,         14.08,          3.50,       4.83,      48.30,    169.05,         17.88
       19,          2,    4,         15.01,          3.50,       5.32,      53.18,    186.12,         19.78
       19,          2,    5,         15.29,          3.50,       5.67,      56.71,    198.50,         19.59
       19,          2,    6,         15.88,          3.50,       5.93,      59.33,    207.67,         21.29
       19,          2,    7,         15.93,          3.50,       6.20,      61.95,    216.81,         20.52
       19,          3,    1,          6.62,          3.50,       2.68,      26.82,     93.94,          6.76
       19,          3,    2,         12.66,          3.50,       4.29,      42.88,    150.07,         14.87
       19,          3,    3,         15.01,          3.50,       5.39,      53.85,    188.47,         19.50
       19,          3,    4,         15.96,          3.50,       5.99,      59.85,    209.46,         21.52
       19,          3,    5,         16.60,          3.50,       6.49,      64.84,    226.90,         22.74
       19,          3,    6,         17.01,          3.50,       6.87,      68.70,    240.40,         23.44
       19,          3,    7,         17.36,          3.50,       7.23,      72.29,    252.91,         24.02
       19,          4,    1,          7.60,          3.50,       2.91,      29.14,    102.06,          7.55
       19,          4,    2,         13.47,          3.50,       4.71,      47.08,    164.79,         16.02
       19,          4,    3,         15.73,          3.50,       5.96,      59.57,    208.48,         20.49
       19,          4,    4,         16.84,          3.50,       6.68,      66.84,    233.88,         23.20
       19,          4,    5,         17.49,          3.50,       7.27,      72.64,    254.14,         24.60
       19,          4,    6,         17.90,          3.50,       7.68,      76.77,    268.52,         25.41
       19,          4,    7,         18.18,          3.50,       8.02,      80.16,    280.33,         25.85
       20,          1,    1,          5.40,          3.50,       2.25,      22.42,     78.54,          6.63
       20,          1,    2,         11.22,          3.50,       3.53,      35.27,    123.50,         13.62
       20,          1,    3,         13.96,          3.50,       4.56,      45.56,    159.47,         18.69
       20,          1,    4,         15.16,          3.50,       5.13,      51.34,    179.70,         21.37
       20,          1,    5,         15.69,          3.50,       5.46,      54.62,    191.18,         22.48
       20,          1,    6,         16.03,          3.50,       5.66,      56.65,    198.25,         23.31
       20,          1,    7,         16.24,          3.50,       5.84,      58.44,    204.51,         23.59
       20,          2,    1,          6.51,          3.50,       2.48,      24.81,     86.90,          7.38
       20,          2,    2,         12.33,          3.50,       3.96,      39.59,    138.57,         15.22
       20,          2,    3,         14.95,          3.50,       5.09,      50.91,    178.20,         20.57
       20,          2,    4,         16.02,          3.50,       5.70,      57.01,    199.53,         23.10
       20,          2,    5,         16.43,          3.50,       6.10,      61.05,    213.64,         23.48
       20,          2,    6,         16.72,          3.50,       6.40,      63.97,    223.88,         23.74
       20,          2,    7,         17.25,          3.50,       6.69,      66.87,    234.00,         25.58
       20,          3,    1,          7.70,          3.50,       2.72,      27.18,     95.21,          8.53
       20,          3,    2,         13.31,          3.50,       4.40,      44.02,    154.08,         16.73
       20,          3,    3,         15.85,          3.50,       5.69,      56.86,    199.01,         22.27
       20,          3,    4,         16.97,          3.50,       6.41,      64.10,    224.30,         25.10
       20,          3,    5,         17.62,          3.50,       6.97,      69.63,    243.65,         26.61
       20,          3,    6,         17.75,          3.50,       7.38,      73.85,    258.34,         25.68
       20,          3,    7,         18.39,          3.50,       7.77,      77.66,    271.58,         28.12
       20,          4,    1,          8.35,          3.50,       2.95,      29.52,    103.37,          8.84
       20,          4,    2,         13.92,          3.50,       4.83,      48.28,    169.00,         17.24
       20,          4,    3,         16.69,          3.50,       6.27,      62.76,    219.64,         24.08
       20,          4,    4,         17.79,          3.50,       7.13,      71.25,    249.26,         26.91
       20,          4,    5,         18.47,          3.50,       7.78,      77.80,    272.07,         28.54
       20,          4,    6,         18.88,          3.50,       8.25,      82.48,    288.41,         29.46
       20,          4,    7,         19.18,          3.50,       8.62,      86.22,    301.44,         30.08
       21,          1,    1,          6.53,          3.50,       2.27,      22.70,     79.52,          8.49
       21,          1,    2,         11.87,          3.50,       3.59,      35.89,    125.67,         15.52
       21,          1,    3,         14.63,          3.50,       4.70,      46.97,    164.38,         21.07
       21,          1,    4,         15.96,          3.50,       5.39,      53.90,    188.65,         24.35
       21,          1,    5,         16.61,          3.50,       5.78,      57.74,    202.06,         26.07
       21,          1,    6,         16.77,          3.50,       6.00,      59.99,    209.94,         25.89
       21,          1,    7,         17.13,          3.50,       6.19,      61.88,    216.53,         27.19
       21,          2,    1,          7.64,          3.50,       2.52,      25.14,     88.06,          9.42
       21,          2,    2,         12.95,          3.50,       4.04,      40.40,    141.41,         17.14
       21,          2,    3,         15.65,          3.50,       5.29,      52.92,    185.22,         23.13
       21,          2,    4,         16.88,          3.50,       6.03,      60.34,    211.18,         26.41
       21,          2,    5,         17.53,          3.50,       6.49,      64.89,    227.09,         28.22
       21,          2,    6,         17.89,          3.50,       6.80,      67.99,    237.90,         29.10
       21,          2,    7,         18.19,          3.50,       7.10,      71.02,    248.49,         29.69
       21,          3,    1,          8.55,          3.50,       2.76,      27.57,     96.55,         10.20
       21,          3,    2,         13.87,          3.50,       4.50,      45.01,    157.55,         18.59
       21,          3,    3,         16.48,          3.50,       5.94,      59.42,    207.94,         24.45
       21,          3,    4,         17.85,          3.50,       6.83,      68.29,    238.95,         28.64
       21,          3,    5,         18.55,          3.50,       7.45,      74.45,    260.44,         30.61
       21,          3,    6,         18.98,          3.50,       7.90,      79.02,    276.33,         31.63
       21,          3,    7,         19.33,          3.50,       8.32,      83.25,    291.08,         32.39
       21,          4,    1,          9.29,          3.50,       2.99,      29.95,    104.87,         10.80
       21,          4,    2,         14.65,          3.50,       4.94,      49.37,    172.80,         19.92
       21,          4,    3,         17.37,          3.50,       6.56,      65.56,    229.44,         26.84
       21,          4,    4,         18.65,          3.50,       7.59,      75.90,    265.47,         30.60
       21,          4,    5,         19.37,          3.50,       8.33,      83.28,    291.17,         32.64
       21,          4,    6,         19.51,          3.50,       8.85,      88.52,    309.48,         31.58
       21,          4,    7,         20.11,          3.50,       9.28,      92.83,    324.53,         34.41
       22,          1,    1,          7.24,          3.50,       2.29,      22.95,     80.42,          9.88
       22,          1,    2,         12.46,          3.50,       3.65,      36.46,    127.65,         17.48
       22,          1,    3,         15.20,          3.50,       4.80,      48.00,    167.99,         23.45
       22,          1,    4,         16.62,          3.50,       5.60,      56.00,    196.00,         27.14
       22,          1,    5,         17.31,          3.50,       6.05,      60.51,    211.80,         29.11
       22,          1,    6,         17.54,          3.50,       6.30,      62.97,    220.37,         29.30
       22,          1,    7,         17.87,          3.50,       6.51,      65.06,    227.67,         30.45
       22,          2,    1,          8.09,          3.50,       2.54,      25.39,     88.95,         10.34
       22,          2,    2,         13.54,          3.50,       4.10,      41.03,    143.64,         19.31
       22,          2,    3,         16.23,          3.50,       5.44,      54.35,    190.22,         25.69
       22,          2,    4,         17.59,          3.50,       6.31,      63.08,    220.74,         29.61
       22,          2,    5,         18.30,          3.50,       6.84,      68.38,    239.26,         31.82
       22,          2,    6,         18.69,          3.50,       7.17,      71.68,    250.76,         32.99
       22,          2,    7,         19.00,          3.50,       7.49,      74.82,    261.70,         33.78
       22,          3,    1,          9.29,          3.50,       2.79,      27.89,     97.66,         11.97
       22,          3,    2,         14.41,          3.50,       4.59,      45.84,    160.46,         20.66
       22,          3,    3,         17.14,          3.50,       6.12,      61.17,    214.08,         27.59
       22,          3,    4,         18.58,          3.50,       7.20,      72.03,    251.97,         32.00
       22,          3,    5,         19.37,          3.50,       7.92,      79.23,    277.10,         34.53
       22,          3,    6,         19.83,          3.50,       8.42,      84.16,    294.28,         35.89
       22,          3,    7,         20.19,          3.50,       8.88,      88.78,    310.36,         36.82
       22,          4,    1,          9.95,          3.50,       3.03,      30.30,    106.12,         12.43
       22,          4,    2,         15.13,          3.50,       5.04,      50.43,    176.49,         21.72
       22,          4,    3,         17.88,          3.50,       6.78,      67.78,    237.17,         29.15
       22,          4,    4,         19.38,          3.50,       8.04,      80.43,    281.24,         34.01
       22,          4,    5,         20.19,          3.50,       8.91,      89.12,    311.56,         36.66
       22,          4,    6,         20.64,          3.50,       9.51,      95.11,    332.51,         37.89
       22,          4,    7,         20.98,          3.50,      10.01,     100.06,    349.81,         38.75

