[Radio] Initializing ... success!
Connected to RF power monitor: Rohde&Schwarz,FPC1500,1328.6660K03/205785,V1.80
Connected to DC power monitor: radiolib-org,DCpowerMon,070dd3d
setCurrentLimit, code 0

Set [dBm],paDutyCycle,hpMax,Measured [dBm],Bus voltage[V],Voltage[mV],Current[mA],Power [mW],Efficiency [%]
       -9,          1,    1,        -17.04,          3.50,       0.95,       9.55,     33.45,          0.23
       -9,          1,    2,        -14.51,          3.50,       1.07,      10.72,     37.57,          0.28
       -9,          1,    3,        -13.61,          3.50,       1.17,      11.66,     40.84,          0.27
       -9,          1,    4,        -13.10,          3.50,       1.25,      12.45,     43.62,          0.26
       -9,          1,    5,        -12.76,          3.50,       1.32,      13.24,     46.38,          0.25
       -9,          1,    6,        -12.50,          3.50,       1.39,      13.94,     48.86,          0.24
       -9,          1,    7,        -12.26,          3.50,       1.47,      14.71,     51.53,          0.22
       -9,          2,    1,        -16.43,          3.50,       0.97,       9.71,     34.03,          0.25
       -9,          2,    2,        -14.03,          3.50,       1.09,      10.94,     38.32,          0.29
       -9,          2,    3,        -13.12,          3.50,       1.19,      11.94,     41.83,          0.29
       -9,          2,    4,        -12.67,          3.50,       1.28,      12.80,     44.85,          0.27
       -9,          2,    5,        -12.17,          3.50,       1.36,      13.66,     47.85,          0.26
       -9,          2,    6,        -11.86,          3.50,       1.45,      14.46,     50.68,          0.25
       -9,          2,    7,        -11.59,          3.50,       1.52,      15.23,     53.37,          0.24
       -9,          3,    1,        -15.89,          3.50,       0.99,       9.93,     34.79,          0.26
       -9,          3,    2,        -13.44,          3.50,       1.14,      11.35,     39.78,          0.30
       -9,          3,    3,        -12.42,          3.50,       1.24,      12.44,     43.58,          0.30
       -9,          3,    4,        -11.78,          3.50,       1.34,      13.46,     47.17,          0.30
       -9,          3,    5,        -11.30,          3.50,       1.44,      14.40,     50.46,          0.29
       -9,          3,    6,        -10.94,          3.50,       1.53,      15.26,     53.47,          0.28
       -9,          3,    7,        -10.85,          3.50,       1.61,      16.13,     56.52,          0.26
       -9,          4,    1,        -15.43,          3.50,       1.02,      10.16,     35.60,          0.26
       -9,          4,    2,        -12.90,          3.50,       1.18,      11.78,     41.26,          0.31
       -9,          4,    3,        -11.81,          3.50,       1.31,      13.08,     45.82,          0.31
       -9,          4,    4,        -11.12,          3.50,       1.41,      14.10,     49.40,          0.31
       -9,          4,    5,        -10.69,          3.50,       1.51,      15.07,     52.80,          0.30
       -9,          4,    6,        -10.41,          3.50,       1.60,      15.96,     55.91,          0.29
       -9,          4,    7,        -10.11,          3.50,       1.68,      16.78,     58.80,          0.29
       -8,          1,    1,        -15.77,          3.50,       0.98,       9.77,     34.22,          0.28
       -8,          1,    2,        -13.25,          3.50,       1.11,      11.08,     38.84,          0.34
       -8,          1,    3,        -12.38,          3.50,       1.20,      12.02,     42.11,          0.34
       -8,          1,    4,        -11.89,          3.50,       1.29,      12.87,     45.09,          0.32
       -8,          1,    5,        -11.57,          3.50,       1.36,      13.65,     47.83,          0.30
       -8,          1,    6,        -11.32,          3.50,       1.44,      14.35,     50.28,          0.29
       -8,          1,    7,        -11.10,          3.50,       1.51,      15.14,     53.02,          0.28
       -8,          2,    1,        -15.18,          3.50,       1.00,      10.02,     35.12,          0.30
       -8,          2,    2,        -12.77,          3.50,       1.14,      11.36,     39.80,          0.35
       -8,          2,    3,        -11.88,          3.50,       1.24,      12.37,     43.36,          0.35
       -8,          2,    4,        -11.35,          3.50,       1.33,      13.25,     46.42,          0.34
       -8,          2,    5,        -11.24,          3.50,       1.41,      14.14,     49.53,          0.30
       -8,          2,    6,        -10.67,          3.50,       1.50,      14.97,     52.46,          0.31
       -8,          2,    7,        -10.40,          3.50,       1.57,      15.75,     55.20,          0.30
       -8,          3,    1,        -14.78,          3.50,       1.03,      10.25,     35.93,          0.30
       -8,          3,    2,        -12.17,          3.50,       1.18,      11.80,     41.34,          0.37
       -8,          3,    3,        -11.16,          3.50,       1.30,      12.98,     45.47,          0.37
       -8,          3,    4,        -10.57,          3.50,       1.40,      13.99,     49.00,          0.36
       -8,          3,    5,        -10.20,          3.50,       1.50,      15.01,     52.57,          0.34
       -8,          3,    6,         -9.73,          3.50,       1.59,      15.86,     55.57,          0.35
       -8,          3,    7,         -9.44,          3.50,       1.67,      16.73,     58.60,          0.34
       -8,          4,    1,        -14.13,          3.50,       1.06,      10.54,     36.95,          0.32
       -8,          4,    2,        -11.61,          3.50,       1.23,      12.33,     43.19,          0.38
       -8,          4,    3,        -10.55,          3.50,       1.36,      13.63,     47.75,          0.38
       -8,          4,    4,         -9.87,          3.50,       1.48,      14.81,     51.91,          0.38
       -8,          4,    5,         -9.46,          3.50,       1.58,      15.79,     55.33,          0.37
       -8,          4,    6,         -9.13,          3.50,       1.67,      16.69,     58.47,          0.36
       -8,          4,    7,         -8.90,          3.50,       1.75,      17.51,     61.35,          0.35
       -7,          1,    1,        -14.69,          3.50,       1.00,      10.04,     35.17,          0.33
       -7,          1,    2,        -12.17,          3.50,       1.14,      11.46,     40.15,          0.40
       -7,          1,    3,        -11.31,          3.50,       1.24,      12.40,     43.46,          0.40
       -7,          1,    4,        -10.89,          3.50,       1.32,      13.22,     46.30,          0.38
       -7,          1,    5,        -10.74,          3.50,       1.40,      14.05,     49.21,          0.35
       -7,          1,    6,        -10.58,          3.50,       1.48,      14.83,     51.95,          0.32
       -7,          1,    7,        -10.09,          3.50,       1.56,      15.57,     54.55,          0.33
       -7,          2,    1,        -14.12,          3.50,       1.03,      10.29,     36.07,          0.35
       -7,          2,    2,        -11.88,          3.50,       1.17,      11.76,     41.20,          0.40
       -7,          2,    3,        -10.80,          3.50,       1.28,      12.80,     44.87,          0.42
       -7,          2,    4,        -10.29,          3.50,       1.37,      13.70,     47.99,          0.41
       -7,          2,    5,         -9.91,          3.50,       1.46,      14.65,     51.32,          0.39
       -7,          2,    6,         -9.62,          3.50,       1.54,      15.45,     54.12,          0.37
       -7,          2,    7,         -9.37,          3.50,       1.63,      16.29,     57.07,          0.36
       -7,          3,    1,        -13.50,          3.50,       1.06,      10.57,     37.03,          0.37
       -7,          3,    2,        -11.07,          3.50,       1.22,      12.22,     42.82,          0.44
       -7,          3,    3,        -10.38,          3.50,       1.35,      13.49,     47.27,          0.41
       -7,          3,    4,         -9.46,          3.50,       1.46,      14.58,     51.07,          0.43
       -7,          3,    5,         -9.00,          3.50,       1.56,      15.59,     54.64,          0.42
       -7,          3,    6,         -8.67,          3.50,       1.65,      16.51,     57.85,          0.41
       -7,          3,    7,         -8.40,          3.50,       1.74,      17.38,     60.89,          0.40
       -7,          4,    1,        -13.02,          3.50,       1.09,      10.95,     38.36,          0.37
       -7,          4,    2,        -10.51,          3.50,       1.29,      12.85,     45.03,          0.44
       -7,          4,    3,         -9.44,          3.50,       1.43,      14.27,     50.01,          0.45
       -7,          4,    4,         -8.79,          3.50,       1.55,      15.48,     54.23,          0.45
       -7,          4,    5,         -8.37,          3.50,       1.65,      16.48,     57.72,          0.44
       -7,          4,    6,         -8.06,          3.50,       1.74,      17.38,     60.90,          0.43
       -7,          4,    7,         -8.03,          3.50,       1.83,      18.31,     64.15,          0.40
       -6,          1,    1,        -13.71,          3.50,       1.03,      10.30,     36.10,          0.38
       -6,          1,    2,        -11.19,          3.50,       1.18,      11.80,     41.34,          0.46
       -6,          1,    3,        -10.35,          3.50,       1.28,      12.80,     44.87,          0.46
       -6,          1,    4,         -9.99,          3.50,       1.37,      13.67,     47.88,          0.44
       -6,          1,    5,         -9.60,          3.50,       1.45,      14.50,     50.79,          0.42
       -6,          1,    6,         -9.38,          3.50,       1.52,      15.24,     53.38,          0.41
       -6,          1,    7,         -9.17,          3.50,       1.60,      16.00,     56.08,          0.39
       -6,          2,    1,        -13.08,          3.50,       1.06,      10.60,     37.13,          0.40
       -6,          2,    2,        -10.70,          3.50,       1.21,      12.12,     42.47,          0.48
       -6,          2,    3,         -9.82,          3.50,       1.32,      13.25,     46.43,          0.48
       -6,          2,    4,         -9.33,          3.50,       1.42,      14.16,     49.62,          0.47
       -6,          2,    5,         -9.24,          3.50,       1.51,      15.12,     52.98,          0.42
       -6,          2,    6,         -8.68,          3.50,       1.60,      15.94,     55.86,          0.44
       -6,          2,    7,         -8.43,          3.50,       1.68,      16.77,     58.74,          0.42
       -6,          3,    1,        -12.51,          3.50,       1.09,      10.96,     38.40,          0.41
       -6,          3,    2,        -10.38,          3.50,       1.27,      12.70,     44.50,          0.47
       -6,          3,    3,         -9.10,          3.50,       1.40,      13.96,     48.91,          0.51
       -6,          3,    4,         -8.50,          3.50,       1.51,      15.12,     52.96,          0.50
       -6,          3,    5,         -8.35,          3.50,       1.62,      16.23,     56.86,          0.46
       -6,          3,    6,         -7.73,          3.50,       1.71,      17.13,     60.01,          0.48
       -6,          3,    7,         -7.76,          3.50,       1.81,      18.05,     63.22,          0.44
       -6,          4,    1,        -12.04,          3.50,       1.14,      11.36,     39.81,          0.42
       -6,          4,    2,         -9.52,          3.50,       1.34,      13.38,     46.87,          0.51
       -6,          4,    3,         -8.46,          3.50,       1.49,      14.89,     52.18,          0.52
       -6,          4,    4,         -7.82,          3.50,       1.61,      16.13,     56.52,          0.52
       -6,          4,    5,         -7.41,          3.50,       1.72,      17.18,     60.18,          0.51
       -6,          4,    6,         -7.10,          3.50,       1.82,      18.18,     63.70,          0.50
       -6,          4,    7,         -7.16,          3.50,       1.91,      19.05,     66.73,          0.46
       -5,          1,    1,        -12.07,          3.50,       1.09,      10.85,     38.00,          0.48
       -5,          1,    2,         -9.55,          3.50,       1.25,      12.50,     43.77,          0.59
       -5,          1,    3,         -8.71,          3.50,       1.36,      13.58,     47.57,          0.59
       -5,          1,    4,         -8.27,          3.50,       1.45,      14.50,     50.79,          0.58
       -5,          1,    5,         -7.99,          3.50,       1.53,      15.31,     53.64,          0.55
       -5,          1,    6,         -7.78,          3.50,       1.61,      16.10,     56.41,          0.53
       -5,          1,    7,         -7.59,          3.50,       1.68,      16.83,     58.97,          0.51
       -5,          2,    1,        -11.42,          3.50,       1.12,      11.25,     39.42,          0.50
       -5,          2,    2,         -9.03,          3.50,       1.30,      12.95,     45.37,          0.61
       -5,          2,    3,         -8.17,          3.50,       1.41,      14.11,     49.44,          0.62
       -5,          2,    4,         -7.69,          3.50,       1.51,      15.13,     52.99,          0.61
       -5,          2,    5,         -7.33,          3.50,       1.61,      16.10,     56.43,          0.59
       -5,          2,    6,         -7.06,          3.50,       1.69,      16.93,     59.34,          0.57
       -5,          2,    7,         -6.82,          3.50,       1.78,      17.86,     62.56,          0.55
       -5,          3,    1,        -10.84,          3.50,       1.17,      11.64,     40.80,          0.51
       -5,          3,    2,         -8.41,          3.50,       1.36,      13.62,     47.71,          0.63
       -5,          3,    3,         -7.43,          3.50,       1.51,      15.05,     52.74,          0.65
       -5,          3,    4,         -6.84,          3.50,       1.63,      16.28,     57.02,          0.64
       -5,          3,    5,         -6.41,          3.50,       1.74,      17.35,     60.79,          0.64
       -5,          3,    6,         -6.09,          3.50,       1.84,      18.38,     64.40,          0.62
       -5,          3,    7,         -5.87,          3.50,       1.94,      19.38,     67.87,          0.60
       -5,          4,    1,        -10.38,          3.50,       1.21,      12.11,     42.43,          0.52
       -5,          4,    2,         -7.99,          3.50,       1.45,      14.46,     50.67,          0.61
       -5,          4,    3,         -7.04,          3.50,       1.61,      16.12,     56.48,          0.62
       -5,          4,    4,         -6.15,          3.50,       1.74,      17.43,     61.06,          0.67
       -5,          4,    5,         -5.75,          3.50,       1.86,      18.61,     65.20,          0.66
       -5,          4,    6,         -5.46,          3.50,       1.97,      19.65,     68.85,          0.65
       -5,          4,    7,         -5.24,          3.50,       2.05,      20.56,     72.01,          0.63
       -4,          1,    1,        -11.66,          3.50,       1.11,      11.13,     38.99,          0.49
       -4,          1,    2,         -8.83,          3.50,       1.29,      12.89,     45.16,          0.65
       -4,          1,    3,         -8.00,          3.50,       1.39,      13.94,     48.84,          0.66
       -4,          1,    4,         -7.57,          3.50,       1.49,      14.88,     52.14,          0.64
       -4,          1,    5,         -7.29,          3.50,       1.57,      15.73,     55.11,          0.62
       -4,          1,    6,         -7.08,          3.50,       1.65,      16.49,     57.78,          0.60
       -4,          1,    7,         -6.90,          3.50,       1.73,      17.29,     60.57,          0.57
       -4,          2,    1,        -10.70,          3.50,       1.15,      11.51,     40.33,          0.55
       -4,          2,    2,         -8.31,          3.50,       1.33,      13.35,     46.74,          0.68
       -4,          2,    3,         -7.45,          3.50,       1.46,      14.56,     51.03,          0.69
       -4,          2,    4,         -6.97,          3.50,       1.56,      15.58,     54.58,          0.68
       -4,          2,    5,         -6.61,          3.50,       1.66,      16.57,     58.07,          0.66
       -4,          2,    6,         -6.36,          3.50,       1.74,      17.43,     61.05,          0.64
       -4,          2,    7,         -6.12,          3.50,       1.84,      18.37,     64.37,          0.62
       -4,          3,    1,        -10.13,          3.50,       1.20,      11.97,     41.95,          0.57
       -4,          3,    2,         -7.69,          3.50,       1.40,      14.04,     49.20,          0.70
       -4,          3,    3,         -6.72,          3.50,       1.56,      15.54,     54.43,          0.72
       -4,          3,    4,         -6.13,          3.50,       1.68,      16.77,     58.77,          0.72
       -4,          3,    5,         -5.70,          3.50,       1.80,      17.98,     62.99,          0.71
       -4,          3,    6,         -5.38,          3.50,       1.90,      19.03,     66.66,          0.69
       -4,          3,    7,         -5.13,          3.50,       2.00,      20.01,     70.09,          0.68
       -4,          4,    1,         -9.64,          3.50,       1.25,      12.49,     43.75,          0.57
       -4,          4,    2,         -7.11,          3.50,       1.50,      14.96,     52.42,          0.70
       -4,          4,    3,         -6.06,          3.50,       1.67,      16.69,     58.48,          0.74
       -4,          4,    4,         -5.43,          3.50,       1.81,      18.16,     63.61,          0.74
       -4,          4,    5,         -5.02,          3.50,       1.93,      19.33,     67.71,          0.73
       -4,          4,    6,         -4.73,          3.50,       2.03,      20.35,     71.28,          0.72
       -4,          4,    7,         -4.53,          3.50,       2.13,      21.33,     74.69,          0.71
       -3,          1,    1,        -10.70,          3.50,       1.14,      11.41,     39.96,          0.57
       -3,          1,    2,         -8.43,          3.50,       1.32,      13.23,     46.35,          0.67
       -3,          1,    3,         -7.34,          3.50,       1.44,      14.38,     50.38,          0.72
       -3,          1,    4,         -6.91,          3.50,       1.53,      15.26,     53.46,          0.71
       -3,          1,    5,         -6.64,          3.50,       1.62,      16.17,     56.65,          0.68
       -3,          1,    6,         -6.43,          3.50,       1.69,      16.93,     59.31,          0.66
       -3,          1,    7,         -6.25,          3.50,       1.78,      17.76,     62.21,          0.64
       -3,          2,    1,        -10.04,          3.50,       1.18,      11.82,     41.40,          0.60
       -3,          2,    2,         -7.82,          3.50,       1.37,      13.75,     48.19,          0.71
       -3,          2,    3,         -6.78,          3.50,       1.50,      15.01,     52.58,          0.76
       -3,          2,    4,         -6.31,          3.50,       1.60,      16.05,     56.23,          0.75
       -3,          2,    5,         -5.95,          3.50,       1.70,      17.02,     59.64,          0.73
       -3,          2,    6,         -5.69,          3.50,       1.80,      17.98,     62.98,          0.71
       -3,          2,    7,         -5.47,          3.50,       1.89,      18.89,     66.16,          0.69
       -3,          3,    1,         -9.46,          3.50,       1.23,      12.30,     43.11,          0.62
       -3,          3,    2,         -7.05,          3.50,       1.45,      14.51,     50.85,          0.76
       -3,          3,    3,         -6.04,          3.50,       1.61,      16.07,     56.31,          0.79
       -3,          3,    4,         -5.46,          3.50,       1.73,      17.34,     60.74,          0.79
       -3,          3,    5,         -5.18,          3.50,       1.86,      18.58,     65.10,          0.75
       -3,          3,    6,         -4.72,          3.50,       1.96,      19.62,     68.73,          0.77
       -3,          3,    7,         -4.47,          3.50,       2.06,      20.58,     72.10,          0.76
       -3,          4,    1,         -8.97,          3.50,       1.29,      12.86,     45.06,          0.62
       -3,          4,    2,         -6.44,          3.50,       1.55,      15.49,     54.27,          0.77
       -3,          4,    3,         -5.39,          3.50,       1.73,      17.30,     60.59,          0.81
       -3,          4,    4,         -4.97,          3.50,       1.88,      18.79,     65.84,          0.77
       -3,          4,    5,         -4.36,          3.50,       2.00,      20.03,     70.15,          0.81
       -3,          4,    6,         -4.07,          3.50,       2.11,      21.10,     73.90,          0.80
       -3,          4,    7,         -3.86,          3.50,       2.20,      22.04,     77.19,          0.78
       -2,          1,    1,         -9.53,          3.50,       1.19,      11.90,     41.70,          0.66
       -2,          1,    2,         -7.10,          3.50,       1.39,      13.92,     48.78,          0.82
       -2,          1,    3,         -6.15,          3.50,       1.51,      15.12,     52.98,          0.86
       -2,          1,    4,         -5.83,          3.50,       1.61,      16.06,     56.27,          0.83
       -2,          1,    5,         -5.46,          3.50,       1.70,      16.95,     59.37,          0.83
       -2,          1,    6,         -5.27,          3.50,       1.78,      17.79,     62.34,          0.79
       -2,          1,    7,         -5.10,          3.50,       1.86,      18.63,     65.27,          0.77
       -2,          2,    1,         -8.87,          3.50,       1.24,      12.37,     43.33,          0.70
       -2,          2,    2,         -6.45,          3.50,       1.45,      14.53,     50.92,          0.87
       -2,          2,    3,         -5.59,          3.50,       1.59,      15.87,     55.60,          0.90
       -2,          2,    4,         -5.40,          3.50,       1.69,      16.94,     59.36,          0.84
       -2,          2,    5,         -4.77,          3.50,       1.80,      18.04,     63.18,          0.87
       -2,          2,    6,         -4.52,          3.50,       1.90,      18.98,     66.46,          0.85
       -2,          2,    7,         -4.30,          3.50,       2.00,      19.93,     69.82,          0.83
       -2,          3,    1,         -8.28,          3.50,       1.30,      12.97,     45.43,          0.72
       -2,          3,    2,         -5.82,          3.50,       1.54,      15.43,     54.05,          0.90
       -2,          3,    3,         -4.85,          3.50,       1.71,      17.06,     59.76,          0.94
       -2,          3,    4,         -4.27,          3.50,       1.85,      18.46,     64.67,          0.94
       -2,          3,    5,         -3.84,          3.50,       1.98,      19.79,     69.31,          0.93
       -2,          3,    6,         -3.54,          3.50,       2.08,      20.81,     72.89,          0.92
       -2,          3,    7,         -3.29,          3.50,       2.19,      21.91,     76.73,          0.90
       -2,          4,    1,         -7.80,          3.50,       1.36,      13.58,     47.59,          0.73
       -2,          4,    2,         -5.25,          3.50,       1.65,      16.51,     57.84,          0.91
       -2,          4,    3,         -4.19,          3.50,       1.85,      18.50,     64.80,          0.96
       -2,          4,    4,         -3.56,          3.50,       2.01,      20.09,     70.36,          0.97
       -2,          4,    5,         -3.17,          3.50,       2.14,      21.39,     74.94,          0.96
       -2,          4,    6,         -3.08,          3.50,       2.25,      22.51,     78.83,          0.91
       -2,          4,    7,         -2.67,          3.50,       2.35,      23.53,     82.41,          0.94
       -1,          1,    1,         -8.56,          3.50,       1.24,      12.40,     43.46,          0.75
       -1,          1,    2,         -6.16,          3.50,       1.46,      14.62,     51.21,          0.92
       -1,          1,    3,         -5.42,          3.50,       1.59,      15.85,     55.53,          0.94
       -1,          1,    4,         -4.72,          3.50,       1.68,      16.84,     58.99,          0.99
       -1,          1,    5,         -4.47,          3.50,       1.78,      17.75,     62.20,          0.96
       -1,          1,    6,         -4.27,          3.50,       1.86,      18.63,     65.28,          0.93
       -1,          1,    7,         -4.11,          3.50,       1.95,      19.46,     68.17,          0.90
       -1,          2,    1,         -7.89,          3.50,       1.30,      12.97,     45.44,          0.79
       -1,          2,    2,         -5.44,          3.50,       1.53,      15.27,     53.49,          1.00
       -1,          2,    3,         -4.58,          3.50,       1.67,      16.69,     58.47,          1.04
       -1,          2,    4,         -4.11,          3.50,       1.78,      17.84,     62.50,          1.03
       -1,          2,    5,         -3.77,          3.50,       1.89,      18.98,     66.49,          1.01
       -1,          2,    6,         -3.52,          3.50,       2.00,      19.94,     69.86,          0.99
       -1,          2,    7,         -3.30,          3.50,       2.09,      20.87,     73.10,          0.97
       -1,          3,    1,         -7.30,          3.50,       1.36,      13.59,     47.59,          0.82
       -1,          3,    2,         -4.81,          3.50,       1.63,      16.28,     57.05,          1.03
       -1,          3,    3,         -3.83,          3.50,       1.81,      18.08,     63.33,          1.08
       -1,          3,    4,         -3.26,          3.50,       1.95,      19.54,     68.45,          1.08
       -1,          3,    5,         -2.84,          3.50,       2.09,      20.84,     72.99,          1.08
       -1,          3,    6,         -2.53,          3.50,       2.20,      21.99,     77.03,          1.07
       -1,          3,    7,         -2.29,          3.50,       2.31,      23.13,     81.01,          1.05
       -1,          4,    1,         -6.82,          3.50,       1.43,      14.31,     50.11,          0.82
       -1,          4,    2,         -4.28,          3.50,       1.74,      17.43,     61.07,          1.03
       -1,          4,    3,         -3.17,          3.50,       1.97,      19.68,     68.94,          1.09
       -1,          4,    4,         -2.54,          3.50,       2.13,      21.33,     74.74,          1.12
       -1,          4,    5,         -2.15,          3.50,       2.27,      22.73,     79.59,          1.11
       -1,          4,    6,         -1.86,          3.50,       2.39,      23.93,     83.82,          1.11
       -1,          4,    7,         -1.66,          3.50,       2.50,      25.02,     87.61,          1.09
        0,          1,    1,         -7.67,          3.50,       1.29,      12.92,     45.28,          0.84
        0,          1,    2,         -5.35,          3.50,       1.53,      15.29,     53.58,          1.02
        0,          1,    3,         -4.22,          3.50,       1.66,      16.64,     58.31,          1.13
        0,          1,    4,         -3.89,          3.50,       1.76,      17.64,     61.79,          1.11
        0,          1,    5,         -3.54,          3.50,       1.86,      18.61,     65.19,          1.10
        0,          1,    6,         -3.40,          3.50,       1.95,      19.46,     68.16,          1.06
        0,          1,    7,         -3.19,          3.50,       2.03,      20.32,     71.17,          1.04
        0,          2,    1,         -7.22,          3.50,       1.35,      13.53,     47.42,          0.84
        0,          2,    2,         -4.51,          3.50,       1.60,      16.01,     56.11,          1.13
        0,          2,    3,         -3.65,          3.50,       1.75,      17.53,     61.39,          1.18
        0,          2,    4,         -3.45,          3.50,       1.87,      18.76,     65.71,          1.11
        0,          2,    5,         -2.84,          3.50,       1.99,      19.95,     69.88,          1.16
        0,          2,    6,         -2.59,          3.50,       2.09,      20.90,     73.20,          1.14
        0,          2,    7,         -2.38,          3.50,       2.19,      21.90,     76.71,          1.12
        0,          3,    1,         -6.40,          3.50,       1.42,      14.19,     49.72,          0.92
        0,          3,    2,         -3.88,          3.50,       1.71,      17.10,     59.90,          1.17
        0,          3,    3,         -2.90,          3.50,       1.90,      19.06,     66.78,          1.22
        0,          3,    4,         -2.32,          3.50,       2.06,      20.57,     72.04,          1.24
        0,          3,    5,         -1.90,          3.50,       2.20,      22.02,     77.10,          1.23
        0,          3,    6,         -1.60,          3.50,       2.32,      23.24,     81.37,          1.22
        0,          3,    7,         -1.36,          3.50,       2.44,      24.35,     85.26,          1.21
        0,          4,    1,         -5.90,          3.50,       1.50,      15.03,     52.65,          0.92
        0,          4,    2,         -3.57,          3.50,       1.85,      18.48,     64.73,          1.10
        0,          4,    3,         -2.23,          3.50,       2.08,      20.77,     72.75,          1.25
        0,          4,    4,         -1.61,          3.50,       2.26,      22.57,     79.04,          1.27
        0,          4,    5,         -1.21,          3.50,       2.41,      24.04,     84.18,          1.27
        0,          4,    6,         -0.93,          3.50,       2.53,      25.33,     88.72,          1.26
        0,          4,    7,         -0.72,          3.50,       2.65,      26.49,     92.75,          1.25
        1,          1,    1,         -6.92,          3.50,       1.34,      13.37,     46.85,          0.93
        1,          1,    2,         -4.23,          3.50,       1.60,      16.00,     56.05,          1.22
        1,          1,    3,         -3.39,          3.50,       1.73,      17.35,     60.79,          1.28
        1,          1,    4,         -2.97,          3.50,       1.84,      18.44,     64.61,          1.27
        1,          1,    5,         -2.71,          3.50,       1.94,      19.41,     67.99,          1.24
        1,          1,    6,         -2.52,          3.50,       2.03,      20.29,     71.05,          1.21
        1,          1,    7,         -2.36,          3.50,       2.12,      21.17,     74.14,          1.18
        1,          2,    1,         -6.20,          3.50,       1.41,      14.06,     49.28,          0.99
        1,          2,    2,         -3.68,          3.50,       1.68,      16.75,     58.70,          1.27
        1,          2,    3,         -2.83,          3.50,       1.84,      18.41,     64.47,          1.32
        1,          2,    4,         -2.35,          3.50,       1.97,      19.64,     68.80,          1.33
        1,          2,    5,         -2.01,          3.50,       2.08,      20.77,     72.76,          1.32
        1,          2,    6,         -1.77,          3.50,       2.19,      21.84,     76.48,          1.29
        1,          2,    7,         -1.55,          3.50,       2.29,      22.91,     80.25,          1.27
        1,          3,    1,         -5.90,          3.50,       1.49,      14.87,     52.09,          0.94
        1,          3,    2,         -3.05,          3.50,       1.80,      17.98,     63.00,          1.30
        1,          3,    3,         -2.29,          3.50,       2.00,      20.05,     70.25,          1.30
        1,          3,    4,         -1.49,          3.50,       2.17,      21.62,     75.73,          1.39
        1,          3,    5,         -1.37,          3.50,       2.32,      23.15,     81.10,          1.30
        1,          3,    6,         -0.77,          3.50,       2.44,      24.43,     85.56,          1.38
        1,          3,    7,         -0.70,          3.50,       2.56,      25.63,     89.75,          1.31
        1,          4,    1,         -5.10,          3.50,       1.57,      15.69,     54.96,          1.02
        1,          4,    2,         -2.47,          3.50,       1.94,      19.44,     68.09,          1.31
        1,          4,    3,         -1.40,          3.50,       2.19,      21.92,     76.77,          1.39
        1,          4,    4,         -0.84,          3.50,       2.38,      23.81,     83.38,          1.41
        1,          4,    5,         -0.38,          3.50,       2.54,      25.42,     89.02,          1.43
        1,          4,    6,         -0.09,          3.50,       2.68,      26.77,     93.73,          1.42
        1,          4,    7,          0.12,          3.50,       2.79,      27.91,     97.72,          1.41
        2,          1,    1,         -5.86,          3.50,       1.41,      14.07,     49.31,          1.07
        2,          1,    2,         -3.13,          3.50,       1.70,      16.97,     59.43,          1.41
        2,          1,    3,         -2.28,          3.50,       1.85,      18.48,     64.74,          1.49
        2,          1,    4,         -1.85,          3.50,       1.96,      19.63,     68.77,          1.49
        2,          1,    5,         -1.60,          3.50,       2.06,      20.57,     72.07,          1.47
        2,          1,    6,         -1.42,          3.50,       2.15,      21.50,     75.31,          1.43
        2,          1,    7,         -1.57,          3.50,       2.24,      22.39,     78.41,          1.30
        2,          2,    1,         -5.16,          3.50,       1.49,      14.88,     52.14,          1.12
        2,          2,    2,         -2.58,          3.50,       1.79,      17.89,     62.67,          1.46
        2,          2,    3,         -1.99,          3.50,       1.96,      19.62,     68.73,          1.44
        2,          2,    4,         -1.23,          3.50,       2.09,      20.90,     73.19,          1.56
        2,          2,    5,         -0.90,          3.50,       2.22,      22.16,     77.61,          1.54
        2,          2,    6,         -0.83,          3.50,       2.33,      23.25,     81.43,          1.46
        2,          2,    7,         -0.45,          3.50,       2.43,      24.33,     85.22,          1.49
        2,          3,    1,         -4.55,          3.50,       1.57,      15.73,     55.13,          1.16
        2,          3,    2,         -1.95,          3.50,       1.92,      19.20,     67.26,          1.50
        2,          3,    3,         -0.96,          3.50,       2.14,      21.46,     75.15,          1.59
        2,          3,    4,         -0.61,          3.50,       2.32,      23.16,     81.12,          1.55
        2,          3,    5,          0.03,          3.50,       2.48,      24.80,     86.87,          1.62
        2,          3,    6,          0.09,          3.50,       2.62,      26.14,     91.54,          1.53
        2,          3,    7,          0.33,          3.50,       2.74,      27.40,     95.93,          1.52
        2,          4,    1,         -4.05,          3.50,       1.67,      16.69,     58.46,          1.17
        2,          4,    2,         -1.37,          3.50,       2.08,      20.83,     72.95,          1.51
        2,          4,    3,         -0.29,          3.50,       2.36,      23.55,     82.49,          1.62
        2,          4,    4,          0.09,          3.50,       2.57,      25.66,     89.86,          1.57
        2,          4,    5,          0.75,          3.50,       2.73,      27.33,     95.71,          1.67
        2,          4,    6,          1.03,          3.50,       2.88,      28.79,    100.80,          1.67
        2,          4,    7,          1.14,          3.50,       3.00,      29.99,    105.00,          1.62
        3,          1,    1,         -5.25,          3.50,       1.46,      14.55,     50.97,          1.15
        3,          1,    2,         -2.55,          3.50,       1.76,      17.62,     61.73,          1.51
        3,          1,    3,         -1.61,          3.50,       1.92,      19.25,     67.43,          1.63
        3,          1,    4,         -1.21,          3.50,       2.03,      20.33,     71.19,          1.64
        3,          1,    5,         -0.94,          3.50,       2.14,      21.39,     74.91,          1.61
        3,          1,    6,         -0.76,          3.50,       2.23,      22.31,     78.12,          1.58
        3,          1,    7,         -0.60,          3.50,       2.33,      23.23,     81.35,          1.54
        3,          2,    1,         -4.54,          3.50,       1.54,      15.39,     53.93,          1.21
        3,          2,    2,         -1.92,          3.50,       1.86,      18.62,     65.21,          1.60
        3,          2,    3,         -1.35,          3.50,       2.04,      20.39,     71.42,          1.58
        3,          2,    4,         -0.57,          3.50,       2.18,      21.78,     76.28,          1.71
        3,          2,    5,         -0.43,          3.50,       2.30,      23.04,     80.72,          1.63
        3,          2,    6,          0.01,          3.50,       2.42,      24.17,     84.67,          1.68
        3,          2,    7,          0.21,          3.50,       2.53,      25.32,     88.65,          1.65
        3,          3,    1,         -3.93,          3.50,       1.63,      16.34,     57.23,          1.25
        3,          3,    2,         -1.29,          3.50,       2.01,      20.05,     70.25,          1.63
        3,          3,    3,         -0.29,          3.50,       2.23,      22.34,     78.26,          1.75
        3,          3,    4,          0.28,          3.50,       2.41,      24.13,     84.51,          1.79
        3,          3,    5,          0.70,          3.50,       2.58,      25.85,     90.53,          1.79
        3,          3,    6,          1.00,          3.50,       2.73,      27.26,     95.45,          1.78
        3,          3,    7,          0.97,          3.50,       2.86,      28.58,    100.07,          1.66
        3,          4,    1,         -3.55,          3.50,       1.73,      17.32,     60.69,          1.23
        3,          4,    2,         -0.71,          3.50,       2.18,      21.76,     76.23,          1.65
        3,          4,    3,          0.38,          3.50,       2.47,      24.65,     86.33,          1.78
        3,          4,    4,          1.02,          3.50,       2.69,      26.85,     94.04,          1.83
        3,          4,    5,          1.42,          3.50,       2.86,      28.61,    100.16,          1.84
        3,          4,    6,          1.71,          3.50,       3.00,      30.04,    105.18,          1.85
        3,          4,    7,          1.92,          3.50,       3.13,      31.28,    109.50,          1.84
        4,          1,    1,         -4.44,          3.50,       1.54,      15.42,     54.01,          1.24
        4,          1,    2,         -1.31,          3.50,       1.89,      18.95,     66.37,          1.79
        4,          1,    3,         -0.42,          3.50,       2.06,      20.63,     72.25,          1.93
        4,          1,    4,          0.01,          3.50,       2.18,      21.85,     76.52,          1.95
        4,          1,    5,          0.25,          3.50,       2.29,      22.92,     80.25,          1.92
        4,          1,    6,          0.43,          3.50,       2.38,      23.83,     83.45,          1.89
        4,          1,    7,          0.58,          3.50,       2.48,      24.84,     86.96,          1.85
        4,          2,    1,         -3.46,          3.50,       1.64,      16.39,     57.44,          1.39
        4,          2,    2,         -0.75,          3.50,       2.00,      20.03,     70.15,          1.86
        4,          2,    3,          0.16,          3.50,       2.19,      21.95,     76.87,          2.00
        4,          2,    4,          0.63,          3.50,       2.34,      23.38,     81.89,          2.03
        4,          2,    5,          0.95,          3.50,       2.48,      24.76,     86.73,          2.02
        4,          2,    6,          1.19,          3.50,       2.59,      25.92,     90.76,          2.00
        4,          2,    7,          1.39,          3.50,       2.71,      27.11,     94.90,          1.97
        4,          3,    1,         -2.84,          3.50,       1.74,      17.38,     60.90,          1.45
        4,          3,    2,         -0.12,          3.50,       2.16,      21.59,     75.63,          1.92
        4,          3,    3,          0.90,          3.50,       2.41,      24.10,     84.41,          2.07
        4,          3,    4,          1.18,          3.50,       2.61,      26.04,     91.18,          1.98
        4,          3,    5,          1.78,          3.50,       2.78,      27.79,     97.30,          2.08
        4,          3,    6,          2.20,          3.50,       2.93,      29.28,    102.54,          2.14
        4,          3,    7,          2.44,          3.50,       3.06,      30.63,    107.23,          2.13
        4,          4,    1,         -2.34,          3.50,       1.86,      18.58,     65.09,          1.45
        4,          4,    2,          0.47,          3.50,       2.35,      23.50,     82.29,          1.94
        4,          4,    3,          1.59,          3.50,       2.67,      26.67,     93.39,          2.10
        4,          4,    4,          1.93,          3.50,       2.90,      28.98,    101.48,          2.04
        4,          4,    5,          2.66,          3.50,       3.08,      30.76,    107.69,          2.23
        4,          4,    6,          2.95,          3.50,       3.23,      32.33,    113.18,          2.23
        4,          4,    7,          3.16,          3.50,       3.36,      33.59,    117.59,          2.23
        5,          1,    1,         -3.53,          3.50,       1.60,      16.01,     56.10,          1.43
        5,          1,    2,         -0.56,          3.50,       1.98,      19.85,     69.55,          1.98
        5,          1,    3,          0.36,          3.50,       2.16,      21.62,     75.70,          2.14
        5,          1,    4,          0.79,          3.50,       2.28,      22.83,     79.96,          2.18
        5,          1,    5,          1.03,          3.50,       2.39,      23.92,     83.78,          2.16
        5,          1,    6,          0.91,          3.50,       2.49,      24.94,     87.34,          1.98
        5,          1,    7,          1.05,          3.50,       2.59,      25.87,     90.60,          1.94
        5,          2,    1,         -3.00,          3.50,       1.70,      17.01,     59.60,          1.44
        5,          2,    2,          0.02,          3.50,       2.10,      20.97,     73.46,          2.07
        5,          2,    3,          0.94,          3.50,       2.30,      23.02,     80.63,          2.23
        5,          2,    4,          1.41,          3.50,       2.45,      24.45,     85.60,          2.28
        5,          2,    5,          1.74,          3.50,       2.59,      25.87,     90.61,          2.27
        5,          2,    6,          1.97,          3.50,       2.71,      27.07,     94.81,          2.25
        5,          2,    7,          2.18,          3.50,       2.83,      28.28,     99.01,          2.23
        5,          3,    1,         -2.15,          3.50,       1.82,      18.20,     63.74,          1.57
        5,          3,    2,          0.63,          3.50,       2.27,      22.66,     79.34,          2.12
        5,          3,    3,          1.70,          3.50,       2.53,      25.31,     88.60,          2.32
        5,          3,    4,          2.02,          3.50,       2.73,      27.25,     95.42,          2.25
        5,          3,    5,          2.70,          3.50,       2.90,      29.05,    101.72,          2.42
        5,          3,    6,          3.00,          3.50,       3.05,      30.50,    106.80,          2.44
        5,          3,    7,          3.25,          3.50,       3.19,      31.93,    111.79,          2.43
        5,          4,    1,         -1.92,          3.50,       1.94,      19.42,     68.02,          1.49
        5,          4,    2,          0.95,          3.50,       2.47,      24.69,     86.47,          2.02
        5,          4,    3,          2.40,          3.50,       2.79,      27.91,     97.72,          2.39
        5,          4,    4,          3.06,          3.50,       3.03,      30.26,    105.94,          2.49
        5,          4,    5,          3.48,          3.50,       3.22,      32.19,    112.69,          2.54
        5,          4,    6,          3.78,          3.50,       3.37,      33.69,    117.94,          2.56
        5,          4,    7,          3.99,          3.50,       3.50,      35.04,    122.67,          2.56
        6,          1,    1,         -2.73,          3.50,       1.67,      16.71,     58.56,          1.59
        6,          1,    2,          0.39,          3.50,       2.09,      20.91,     73.24,          2.27
        6,          1,    3,          1.15,          3.50,       2.28,      22.86,     80.08,          2.37
        6,          1,    4,          1.63,          3.50,       2.41,      24.10,     84.40,          2.45
        6,          1,    5,          2.02,          3.50,       2.52,      25.20,     88.24,          2.52
        6,          1,    6,          2.19,          3.50,       2.62,      26.17,     91.66,          2.48
        6,          1,    7,          2.33,          3.50,       2.72,      27.17,     95.12,          2.44
        6,          2,    1,         -1.98,          3.50,       1.79,      17.86,     62.59,          1.69
        6,          2,    2,          0.97,          3.50,       2.22,      22.15,     77.57,          2.38
        6,          2,    3,          1.92,          3.50,       2.43,      24.25,     84.92,          2.60
        6,          2,    4,          2.39,          3.50,       2.58,      25.76,     90.20,          2.66
        6,          2,    5,          2.72,          3.50,       2.72,      27.20,     95.23,          2.67
        6,          2,    6,          2.95,          3.50,       2.84,      28.42,     99.48,          2.65
        6,          2,    7,          3.15,          3.50,       2.96,      29.63,    103.71,          2.63
        6,          3,    1,         -1.34,          3.50,       1.91,      19.11,     66.94,          1.75
        6,          3,    2,          1.63,          3.50,       2.39,      23.89,     83.68,          2.48
        6,          3,    3,          2.70,          3.50,       2.67,      26.67,     93.39,          2.72
        6,          3,    4,          3.27,          3.50,       2.87,      28.68,    100.41,          2.82
        6,          3,    5,          3.70,          3.50,       3.05,      30.51,    106.82,          2.86
        6,          3,    6,          4.00,          3.50,       3.21,      32.08,    112.31,          2.87
        6,          3,    7,          4.24,          3.50,       3.35,      33.50,    117.26,          2.88
        6,          4,    1,         -0.77,          3.50,       2.04,      20.38,     71.39,          1.80
        6,          4,    2,          2.26,          3.50,       2.61,      26.06,     91.25,          2.54
        6,          4,    3,          3.42,          3.50,       2.95,      29.45,    103.10,          2.81
        6,          4,    4,          4.07,          3.50,       3.19,      31.93,    111.78,          2.94
        6,          4,    5,          4.50,          3.50,       3.39,      33.89,    118.62,          3.01
        6,          4,    6,          4.79,          3.50,       3.55,      35.51,    124.30,          3.03
        6,          4,    7,          5.00,          3.50,       3.69,      36.90,    129.17,          3.03
        7,          1,    1,         -1.83,          3.50,       1.75,      17.51,     61.34,          1.81
        7,          1,    2,          1.49,          3.50,       2.20,      22.05,     77.21,          2.71
        7,          1,    3,          2.19,          3.50,       2.41,      24.09,     84.37,          2.79
        7,          1,    4,          2.92,          3.50,       2.54,      25.41,     88.99,          3.07
        7,          1,    5,          3.16,          3.50,       2.66,      26.54,     92.93,          3.05
        7,          1,    6,          3.32,          3.50,       2.75,      27.48,     96.24,          3.02
        7,          1,    7,          3.46,          3.50,       2.85,      28.48,     99.71,          2.97
        7,          2,    1,         -1.27,          3.50,       1.88,      18.75,     65.68,          1.84
        7,          2,    2,          1.81,          3.50,       2.34,      23.34,     81.74,          2.67
        7,          2,    3,          3.06,          3.50,       2.56,      25.59,     89.61,          3.13
        7,          2,    4,          3.34,          3.50,       2.71,      27.12,     94.96,          3.09
        7,          2,    5,          3.71,          3.50,       2.87,      28.64,    100.29,          3.12
        7,          2,    6,          4.07,          3.50,       2.98,      29.84,    104.47,          3.22
        7,          2,    7,          4.27,          3.50,       3.10,      31.04,    108.68,          3.19
        7,          3,    1,         -0.29,          3.50,       2.01,      20.08,     70.31,          2.07
        7,          3,    2,          2.74,          3.50,       2.53,      25.26,     88.46,          2.96
        7,          3,    3,          3.83,          3.50,       2.82,      28.16,     98.58,          3.28
        7,          3,    4,          4.40,          3.50,       3.02,      30.24,    105.86,          3.41
        7,          3,    5,          4.82,          3.50,       3.22,      32.23,    112.81,          3.45
        7,          3,    6,          5.11,          3.50,       3.38,      33.79,    118.28,          3.48
        7,          3,    7,          5.35,          3.50,       3.53,      35.30,    123.56,          3.48
        7,          4,    1,          0.29,          3.50,       2.15,      21.51,     75.34,          2.12
        7,          4,    2,          3.40,          3.50,       2.75,      27.51,     96.32,          3.06
        7,          4,    3,          4.55,          3.50,       3.11,      31.12,    108.94,          3.39
        7,          4,    4,          5.19,          3.50,       3.38,      33.76,    118.15,          3.54
        7,          4,    5,          5.62,          3.50,       3.60,      35.96,    125.88,          3.61
        7,          4,    6,          5.91,          3.50,       3.76,      37.67,    131.84,          3.65
        7,          4,    7,          6.12,          3.50,       3.92,      39.16,    137.08,          3.65
        8,          1,    1,         -0.91,          3.50,       1.81,      18.13,     63.51,          2.11
        8,          1,    2,          2.53,          3.50,       2.30,      23.03,     80.67,          3.22
        8,          1,    3,          3.53,          3.50,       2.52,      25.22,     88.32,          3.57
        8,          1,    4,          3.96,          3.50,       2.66,      26.58,     93.07,          3.66
        8,          1,    5,          4.19,          3.50,       2.76,      27.64,     96.79,          3.66
        8,          1,    6,          4.35,          3.50,       2.87,      28.66,    100.35,          3.62
        8,          1,    7,          4.47,          3.50,       2.97,      29.66,    103.85,          3.56
        8,          2,    1,         -0.04,          3.50,       1.94,      19.43,     68.06,          2.30
        8,          2,    2,          3.13,          3.50,       2.44,      24.43,     85.53,          3.40
        8,          2,    3,          4.09,          3.50,       2.68,      26.80,     93.85,          3.73
        8,          2,    4,          4.35,          3.50,       2.84,      28.40,     99.42,          3.66
        8,          2,    5,          4.87,          3.50,       2.99,      29.89,    104.64,          3.85
        8,          2,    6,          5.09,          3.50,       3.11,      31.13,    109.01,          3.84
        8,          2,    7,          5.28,          3.50,       3.25,      32.45,    113.59,          3.81
        8,          3,    1,          0.69,          3.50,       2.08,      20.82,     72.92,          2.45
        8,          3,    2,          3.79,          3.50,       2.64,      26.45,     92.61,          3.54
        8,          3,    3,          4.84,          3.50,       2.95,      29.47,    103.17,          3.90
        8,          3,    4,          5.40,          3.50,       3.17,      31.73,    111.08,          4.03
        8,          3,    5,          5.81,          3.50,       3.38,      33.74,    118.11,          4.09
        8,          3,    6,          6.09,          3.50,       3.54,      35.43,    124.05,          4.11
        8,          3,    7,          6.33,          3.50,       3.70,      37.02,    129.57,          4.11
        8,          4,    1,          1.28,          3.50,       2.24,      22.35,     78.27,          2.52
        8,          4,    2,          4.41,          3.50,       2.89,      28.89,    101.15,          3.62
        8,          4,    3,          5.55,          3.50,       3.28,      32.75,    114.65,          4.00
        8,          4,    4,          6.18,          3.50,       3.55,      35.54,    124.41,          4.18
        8,          4,    5,          6.61,          3.50,       3.78,      37.86,    132.51,          4.26
        8,          4,    6,          6.90,          3.50,       3.98,      39.75,    139.14,          4.29
        8,          4,    7,          7.11,          3.50,       4.13,      41.28,    144.51,          4.30
        9,          1,    1,         -0.11,          3.50,       1.86,      18.63,     65.27,          2.43
        9,          1,    2,          3.31,          3.50,       2.40,      24.01,     84.09,          3.64
        9,          1,    3,          4.43,          3.50,       2.64,      26.42,     92.51,          4.12
        9,          1,    4,          5.05,          3.50,       2.78,      27.81,     97.37,          4.42
        9,          1,    5,          5.27,          3.50,       2.90,      29.00,    101.53,          4.41
        9,          1,    6,          5.43,          3.50,       3.00,      29.98,    104.96,          4.37
        9,          1,    7,          5.56,          3.50,       3.10,      30.96,    108.37,          4.32
        9,          2,    1,          1.01,          3.50,       2.01,      20.08,     70.33,          2.79
        9,          2,    2,          4.20,          3.50,       2.56,      25.59,     89.62,          4.08
        9,          2,    3,          5.17,          3.50,       2.81,      28.15,     98.57,          4.47
        9,          2,    4,          5.37,          3.50,       2.98,      29.81,    104.38,          4.34
        9,          2,    5,          5.93,          3.50,       3.14,      31.36,    109.80,          4.63
        9,          2,    6,          6.14,          3.50,       3.27,      32.67,    114.38,          4.61
        9,          2,    7,          6.33,          3.50,       3.39,      33.94,    118.82,          4.58
        9,          3,    1,          1.57,          3.50,       2.16,      21.58,     75.59,          2.85
        9,          3,    2,          4.82,          3.50,       2.77,      27.73,     97.09,          4.21
        9,          3,    3,          5.89,          3.50,       3.10,      30.98,    108.46,          4.66
        9,          3,    4,          6.44,          3.50,       3.34,      33.38,    116.86,          4.81
        9,          3,    5,          6.85,          3.50,       3.56,      35.53,    124.39,          4.87
        9,          3,    6,          7.13,          3.50,       3.73,      37.29,    130.55,          4.89
        9,          3,    7,          7.36,          3.50,       3.90,      39.03,    136.63,          4.89
        9,          4,    1,          2.31,          3.50,       2.32,      23.22,     81.32,          3.02
        9,          4,    2,          5.45,          3.50,       3.04,      30.36,    106.29,          4.32
        9,          4,    3,          6.59,          3.50,       3.45,      34.50,    120.77,          4.76
        9,          4,    4,          7.21,          3.50,       3.76,      37.55,    131.44,          4.95
        9,          4,    5,          7.64,          3.50,       4.01,      40.11,    140.38,          5.03
        9,          4,    6,          7.92,          3.50,       4.21,      42.14,    147.50,          5.06
        9,          4,    7,          8.13,          3.50,       4.38,      43.76,    153.19,          5.08
       10,          1,    1,          1.05,          3.50,       1.91,      19.10,     66.91,          3.06
       10,          1,    2,          4.53,          3.50,       2.50,      25.03,     87.66,          4.55
       10,          1,    3,        -87.75,          3.50,       0.17,       1.67,      5.85,         -0.00
       10,          1,    4,          5.71,          3.50,       2.91,      29.10,    101.90,          4.86
       10,          1,    5,          6.22,          3.50,       3.03,      30.27,    105.96,          5.19
       10,          1,    6,          6.38,          3.50,       3.13,      31.31,    109.61,          5.15
       10,          1,    7,          6.51,          3.50,       3.24,      32.36,    113.28,          5.08
       10,          2,    1,          1.91,          3.50,       2.06,      20.58,     72.06,          3.31
       10,          2,    2,          5.13,          3.50,       2.67,      26.70,     93.46,          4.76
       10,          2,    3,          6.11,          3.50,       2.95,      29.46,    103.13,          5.23
       10,          2,    4,          6.56,          3.50,       3.11,      31.17,    109.10,          5.39
       10,          2,    5,          6.87,          3.50,       3.28,      32.83,    114.92,          5.42
       10,          2,    6,          7.08,          3.50,       3.42,      34.15,    119.55,          5.40
       10,          2,    7,          7.26,          3.50,       3.56,      35.54,    124.40,          5.36
       10,          3,    1,          2.62,          3.50,       2.22,      22.22,     77.84,          3.47
       10,          3,    2,          5.76,          3.50,       2.90,      28.98,    101.47,          4.94
       10,          3,    3,          6.82,          3.50,       3.25,      32.52,    113.84,          5.42
       10,          3,    4,          7.37,          3.50,       3.50,      34.98,    122.44,          5.60
       10,          3,    5,          7.77,          3.50,       3.73,      37.30,    130.55,          5.68
       10,          3,    6,          7.76,          3.50,       3.92,      39.19,    137.15,          5.33
       10,          3,    7,          8.28,          3.50,       4.10,      40.96,    143.35,          5.69
       10,          4,    1,          3.18,          3.50,       2.40,      23.97,     83.93,          3.53
       10,          4,    2,          6.36,          3.50,       3.18,      31.84,    111.46,          5.00
       10,          4,    3,          7.50,          3.50,       3.63,      36.29,    127.03,          5.51
       10,          4,    4,          8.06,          3.50,       3.95,      39.55,    138.41,          5.64
       10,          4,    5,          8.55,          3.50,       4.23,      42.33,    148.14,          5.81
       10,          4,    6,          8.84,          3.50,       4.44,      44.40,    155.40,          5.87
       10,          4,    7,          9.05,          3.50,       4.62,      46.20,    161.70,          5.88
       11,          1,    1,          1.88,          3.50,       1.95,      19.52,     68.38,          3.57
       11,          1,    2,          5.39,          3.50,       2.60,      26.04,     91.17,          5.25
       11,          1,    3,          6.48,          3.50,       2.89,      28.90,    101.17,          5.86
       11,          1,    4,          6.92,          3.50,       3.05,      30.50,    106.79,          6.04
       11,          1,    5,          6.99,          3.50,       3.18,      31.76,    111.19,          5.81
       11,          1,    6,          7.17,          3.50,       3.28,      32.83,    114.93,          5.81
       11,          1,    7,          7.43,          3.50,       3.39,      33.86,    118.53,          5.94
       11,          2,    1,          2.50,          3.50,       2.12,      21.19,     74.23,          3.62
       11,          2,    2,          6.02,          3.50,       2.78,      27.86,     97.54,          5.52
       11,          2,    3,          7.03,          3.50,       3.09,      30.86,    108.03,          6.08
       11,          2,    4,          7.48,          3.50,       3.27,      32.73,    114.56,          6.26
       11,          2,    5,          7.80,          3.50,       3.45,      34.45,    120.61,          6.31
       11,          2,    6,          7.83,          3.50,       3.59,      35.85,    125.48,          6.05
       11,          2,    7,          8.19,          3.50,       3.73,      37.29,    130.54,          6.25
       11,          3,    1,          3.45,          3.50,       2.29,      22.89,     80.16,          4.02
       11,          3,    2,          6.48,          3.50,       3.03,      30.31,    106.10,          5.48
       11,          3,    3,          7.57,          3.50,       3.41,      34.16,    119.59,          6.05
       11,          3,    4,          8.28,          3.50,       3.68,      36.77,    128.70,          6.49
       11,          3,    5,          8.68,          3.50,       3.93,      39.27,    137.45,          6.57
       11,          3,    6,          8.96,          3.50,       4.12,      41.24,    144.34,          6.60
       11,          3,    7,          9.19,          3.50,       4.32,      43.16,    151.08,          6.59
       11,          4,    1,          4.01,          3.50,       2.47,      24.76,     86.69,          4.08
       11,          4,    2,          7.24,          3.50,       3.33,      33.31,    116.60,          5.78
       11,          4,    3,          8.40,          3.50,       3.82,      38.23,    133.80,          6.36
       11,          4,    4,          9.03,          3.50,       4.18,      41.75,    146.11,          6.60
       11,          4,    5,          9.46,          3.50,       4.47,      44.66,    156.33,          6.72
       11,          4,    6,          9.53,          3.50,       4.70,      46.97,    164.37,          6.44
       11,          4,    7,          9.96,          3.50,       4.89,      48.88,    171.06,          6.79
       12,          1,    1,          2.64,          3.50,       2.00,      20.00,     70.05,          4.10
       12,          1,    2,          6.30,          3.50,       2.72,      27.19,     95.21,          6.09
       12,          1,    3,          7.20,          3.50,       3.04,      30.39,    106.38,          6.47
       12,          1,    4,          7.70,          3.50,       3.22,      32.18,    112.65,          6.74
       12,          1,    5,          8.10,          3.50,       3.35,      33.47,    117.18,          7.02
       12,          1,    6,          8.25,          3.50,       3.45,      34.53,    120.87,          7.00
       12,          1,    7,          8.38,          3.50,       3.57,      35.64,    124.76,          6.92
       12,          2,    1,          3.52,          3.50,       2.17,      21.71,     76.03,          4.44
       12,          2,    2,          6.92,          3.50,       2.92,      29.24,    102.35,          6.39
       12,          2,    3,          7.96,          3.50,       3.26,      32.58,    114.04,          7.05
       12,          2,    4,          8.43,          3.50,       3.45,      34.51,    120.80,          7.30
       12,          2,    5,          8.74,          3.50,       3.64,      36.39,    127.38,          7.34
       12,          2,    6,          8.96,          3.50,       3.79,      37.86,    132.55,          7.34
       12,          2,    7,          8.89,          3.50,       3.94,      39.39,    137.87,          6.88
       12,          3,    1,          4.23,          3.50,       2.36,      23.55,     82.50,          4.62
       12,          3,    2,          7.55,          3.50,       3.19,      31.88,    111.62,          6.58
       12,          3,    3,          8.66,          3.50,       3.61,      36.01,    126.04,          7.28
       12,          3,    4,          9.22,          3.50,       3.89,      38.90,    136.16,          7.53
       12,          3,    5,          9.63,          3.50,       4.16,      41.60,    145.62,          7.63
       12,          3,    6,          9.90,          3.50,       4.37,      43.69,    152.93,          7.66
       12,          3,    7,         10.14,          3.50,       4.57,      45.73,    160.06,          7.65
       12,          4,    1,          4.79,          3.50,       2.55,      25.49,     89.28,          4.70
       12,          4,    2,          7.91,          3.50,       3.51,      35.04,    122.64,          6.34
       12,          4,    3,          9.03,          3.50,       4.04,      40.40,    141.39,          6.89
       12,          4,    4,          9.96,          3.50,       4.42,      44.19,    154.65,          7.65
       12,          4,    5,         10.40,          3.50,       4.74,      47.43,    165.99,          7.79
       12,          4,    6,         10.69,          3.50,       4.99,      49.88,    174.59,          7.85
       12,          4,    7,         10.91,          3.50,       5.21,      52.04,    182.12,          7.87
       13,          1,    1,          3.36,          3.50,       2.04,      20.43,     71.54,          4.70
       13,          1,    2,          7.15,          3.50,       2.86,      28.56,    100.00,          6.95
       13,          1,    3,          8.40,          3.50,       3.23,      32.26,    112.93,          7.91
       13,          1,    4,          8.88,          3.50,       3.42,      34.17,    119.60,          8.21
       13,          1,    5,          9.12,          3.50,       3.56,      35.58,    124.53,          8.24
       13,          1,    6,          9.28,          3.50,       3.67,      36.71,    128.50,          8.21
       13,          1,    7,          9.40,          3.50,       3.78,      37.83,    132.42,          8.14
       13,          2,    1,          4.26,          3.50,       2.23,      22.28,     78.02,          5.06
       13,          2,    2,          7.84,          3.50,       3.08,      30.79,    107.78,          7.38
       13,          2,    3,          8.74,          3.50,       3.46,      34.57,    121.02,          7.83
       13,          2,    4,          9.44,          3.50,       3.68,      36.76,    128.67,          8.51
       13,          2,    5,          9.76,          3.50,       3.88,      38.72,    135.55,          8.59
       13,          2,    6,          9.98,          3.50,       4.03,      40.34,    141.19,          8.59
       13,          2,    7,         10.17,          3.50,       4.20,      41.95,    146.84,          8.56
       13,          3,    1,          4.98,          3.50,       2.43,      24.22,     84.83,          5.29
       13,          3,    2,          8.26,          3.50,       3.37,      33.67,    117.88,          7.23
       13,          3,    3,          9.65,          3.50,       3.84,      38.38,    134.32,          8.46
       13,          3,    4,         10.03,          3.50,       4.15,      41.47,    145.14,          8.40
       13,          3,    5,         10.65,          3.50,       4.43,      44.33,    155.15,          8.93
       13,          3,    6,         10.86,          3.50,       4.66,      46.63,    163.21,          8.84
       13,          3,    7,         11.17,          3.50,       4.88,      48.81,    170.82,          8.99
       13,          4,    1,          5.55,          3.50,       2.63,      26.29,     92.05,          5.36
       13,          4,    2,          9.06,          3.50,       3.70,      37.02,    129.57,          7.71
       13,          4,    3,         10.31,          3.50,       4.30,      43.00,    150.52,          8.56
       13,          4,    4,         10.71,          3.50,       4.72,      47.15,    165.03,          8.42
       13,          4,    5,         11.42,          3.50,       5.08,      50.73,    177.55,          9.10
       13,          4,    6,         11.72,          3.50,       5.35,      53.50,    187.25,          9.17
       13,          4,    7,         11.95,          3.50,       5.59,      55.85,    195.45,          9.21
       14,          1,    1,          3.90,          3.50,       2.07,      20.75,     72.69,          5.20
       14,          1,    2,          7.92,          3.50,       2.98,      29.77,    104.24,          7.87
       14,          1,    3,          9.25,          3.50,       3.40,      33.99,    118.97,          8.99
       14,          1,    4,          9.57,          3.50,       3.62,      36.18,    126.63,          8.95
       14,          1,    5,          9.97,          3.50,       3.77,      37.68,    131.87,          9.34
       14,          1,    6,         10.17,          3.50,       3.89,      38.89,    136.13,          9.40
       14,          1,    7,         10.29,          3.50,       4.00,      40.06,    140.20,          9.33
       14,          2,    1,          4.81,          3.50,       2.27,      22.72,     79.58,          5.58
       14,          2,    2,          8.60,          3.50,       3.23,      32.29,    113.03,          8.27
       14,          2,    3,          9.81,          3.50,       3.66,      36.58,    128.07,          9.31
       14,          2,    4,         10.28,          3.50,       3.90,      38.97,    136.38,          9.61
       14,          2,    5,         10.64,          3.50,       4.10,      41.05,    143.69,          9.79
       14,          2,    6,         10.86,          3.50,       4.28,      42.77,    149.70,          9.80
       14,          2,    7,         11.05,          3.50,       4.44,      44.40,    155.40,          9.79
       14,          3,    1,          5.55,          3.50,       2.48,      24.85,     87.01,          5.82
       14,          3,    2,          9.25,          3.50,       3.53,      35.33,    123.69,          8.56
       14,          3,    3,         10.49,          3.50,       4.06,      40.58,    142.03,          9.60
       14,          3,    4,         11.09,          3.50,       4.39,      43.93,    153.75,         10.01
       14,          3,    5,         11.51,          3.50,       4.71,      47.08,    164.78,         10.16
       14,          3,    6,         11.82,          3.50,       4.95,      49.49,    173.24,         10.27
       14,          3,    7,         11.88,          3.50,       5.19,      51.91,    181.67,          9.85
       14,          4,    1,          5.93,          3.50,       2.69,      26.91,     94.21,          5.68
       14,          4,    2,          9.84,          3.50,       3.89,      38.91,    136.19,          8.69
       14,          4,    3,         11.15,          3.50,       4.55,      45.53,    159.34,          9.73
       14,          4,    4,         11.84,          3.50,       5.00,      50.01,    175.05,         10.19
       14,          4,    5,         12.31,          3.50,       5.40,      54.00,    188.99,         10.40
       14,          4,    6,         12.62,          3.50,       5.70,      57.00,    199.48,         10.50
       14,          4,    7,         12.87,          3.50,       5.96,      59.58,    208.51,         10.56
       15,          1,    1,          4.04,          3.50,       2.11,      21.08,     73.84,          5.24
       15,          1,    2,          8.57,          3.50,       3.09,      30.87,    108.06,          8.72
       15,          1,    3,         10.04,          3.50,       3.59,      35.87,    125.58,         10.09
       15,          1,    4,         10.60,          3.50,       3.84,      38.36,    134.28,         10.57
       15,          1,    5,         10.62,          3.50,       4.00,      39.95,    139.83,         10.10
       15,          1,    6,         10.98,          3.50,       4.12,      41.20,    144.22,         10.57
       15,          1,    7,         11.16,          3.50,       4.25,      42.42,    148.47,         10.62
       15,          2,    1,          5.26,          3.50,       2.31,      23.14,     81.06,          6.03
       15,          2,    2,          9.00,          3.50,       3.37,      33.68,    117.89,          8.59
       15,          2,    3,         10.61,          3.50,       3.87,      38.69,    135.44,         10.46
       15,          2,    4,         10.98,          3.50,       4.13,      41.30,    144.56,         10.51
       15,          2,    5,         11.49,          3.50,       4.35,      43.53,    152.35,         11.10
       15,          2,    6,         11.71,          3.50,       4.53,      45.29,    158.53,         11.14
       15,          2,    7,         11.80,          3.50,       4.70,      47.04,    164.63,         10.88
       15,          3,    1,          6.01,          3.50,       2.53,      25.29,     88.55,          6.33
       15,          3,    2,          9.66,          3.50,       3.70,      36.99,    129.48,          8.89
       15,          3,    3,         11.30,          3.50,       4.29,      42.93,    150.24,         10.80
       15,          3,    4,         11.90,          3.50,       4.66,      46.54,    162.90,         11.27
       15,          3,    5,         12.37,          3.50,       4.99,      49.91,    174.69,         11.56
       15,          3,    6,         12.34,          3.50,       5.26,      52.56,    183.96,         10.81
       15,          3,    7,        -88.06,          3.50,       0.17,       1.69,      5.91,         -0.00
       15,          4,    1,          6.59,          3.50,       2.74,      27.42,     96.00,          6.46
       15,          4,    2,         10.55,          3.50,       4.08,      40.75,    142.65,          9.66
       15,          4,    3,         11.79,          3.50,       4.81,      48.05,    168.17,         10.56
       15,          4,    4,         12.67,          3.50,       5.30,      53.02,    185.57,         11.54
       15,          4,    5,         13.17,          3.50,       5.74,      57.38,    200.83,         11.83
       15,          4,    6,         13.52,          3.50,       6.07,      60.65,    212.24,         12.04
       15,          4,    7,         13.81,          3.50,       6.35,      63.46,    222.07,         12.21
       16,          1,    1,          4.61,          3.50,       2.14,      21.39,     74.91,          5.87
       16,          1,    2,          9.17,          3.50,       3.20,      31.99,    112.01,          9.57
       16,          1,    3,         10.84,          3.50,       3.79,      37.92,    132.73,         11.32
       16,          1,    4,         11.47,          3.50,       4.08,      40.77,    142.70,         11.99
       16,          1,    5,         11.74,          3.50,       4.26,      42.61,    149.13,         12.10
       16,          1,    6,         11.94,          3.50,       4.39,      43.90,    153.64,         12.22
       16,          1,    7,         12.07,          3.50,       4.52,      45.16,    158.05,         12.16
       16,          2,    1,          5.56,          3.50,       2.35,      23.52,     82.38,          6.33
       16,          2,    2,          9.94,          3.50,       3.52,      35.16,    123.06,         10.13
       16,          2,    3,         11.43,          3.50,       4.10,      41.02,    143.56,         11.78
       16,          2,    4,         12.02,          3.50,       4.40,      44.00,    154.01,         12.40
       16,          2,    5,         12.36,          3.50,       4.64,      46.36,    162.27,         12.60
       16,          2,    6,         12.59,          3.50,       4.81,      48.15,    168.52,         12.70
       16,          2,    7,         12.80,          3.50,       5.01,      50.04,    175.14,         12.75
       16,          3,    1,          6.30,          3.50,       2.57,      25.71,     90.04,          6.61
       16,          3,    2,         10.64,          3.50,       3.87,      38.72,    135.54,         10.52
       16,          3,    3,         12.09,          3.50,       4.55,      45.53,    159.36,         12.09
       16,          3,    4,         12.76,          3.50,       4.95,      49.47,    173.13,         12.78
       16,          3,    5,         13.26,          3.50,       5.31,      53.13,    185.95,         13.18
       16,          3,    6,         13.61,          3.50,       5.60,      55.95,    195.80,         13.48
       16,          3,    7,         13.90,          3.50,       5.87,      58.72,    205.48,         13.64
       16,          4,    1,          6.90,          3.50,       2.79,      27.95,     97.87,          6.76
       16,          4,    2,         11.21,          3.50,       4.27,      42.66,    149.31,         10.66
       16,          4,    3,         12.60,          3.50,       5.09,      50.93,    178.24,         11.92
       16,          4,    4,         13.57,          3.50,       5.63,      56.35,    197.20,         13.25
       16,          4,    5,         14.22,          3.50,       6.09,      60.94,    213.24,         14.07
       16,          4,    6,         14.66,          3.50,       6.43,      64.33,    225.07,         14.65
       16,          4,    7,         14.95,          3.50,       6.73,      67.24,    235.26,         14.92
       17,          1,    1,          4.67,          3.50,       2.17,      21.66,     75.87,          5.84
       17,          1,    2,          9.66,          3.50,       3.30,      32.96,    115.37,         10.30
       17,          1,    3,         11.51,          3.50,       3.99,      39.89,    139.64,         12.42
       17,          1,    4,         12.27,          3.50,       4.32,      43.19,    151.17,         13.43
       17,          1,    5,         12.61,          3.50,       4.51,      45.10,    157.87,         13.80
       17,          1,    6,         12.64,          3.50,       4.64,      46.41,    162.43,         13.41
       17,          1,    7,         12.93,          3.50,       4.75,      47.52,    166.31,         13.95
       17,          2,    1,          5.76,          3.50,       2.38,      23.82,     83.42,          6.51
       17,          2,    2,         10.18,          3.50,       3.64,      36.40,    127.43,         10.22
       17,          2,    3,         12.18,          3.50,       4.33,      43.32,    151.62,         13.10
       17,          2,    4,         12.85,          3.50,       4.65,      46.53,    162.87,         14.04
       17,          2,    5,         13.26,          3.50,       4.89,      48.92,    171.21,         14.55
       17,          2,    6,         13.53,          3.50,       5.08,      50.79,    177.78,         14.81
       17,          2,    7,         13.77,          3.50,       5.28,      52.81,    184.84,         14.97
       17,          3,    1,          6.52,          3.50,       2.61,      26.09,     91.38,          6.82
       17,          3,    2,         11.19,          3.50,       4.03,      40.23,    140.80,         11.42
       17,          3,    3,         12.65,          3.50,       4.80,      47.99,    167.96,         12.94
       17,          3,    4,         13.71,          3.50,       5.23,      52.28,    182.99,         14.94
       17,          3,    5,         14.31,          3.50,       5.62,      56.22,    196.75,         15.77
       17,          3,    6,         14.71,          3.50,       5.94,      59.35,    207.70,         16.26
       17,          3,    7,         15.06,          3.50,       6.24,      62.38,    218.29,         16.63
       17,          4,    1,          7.08,          3.50,       2.84,      28.37,     99.35,          6.92
       17,          4,    2,         11.80,          3.50,       4.43,      44.31,    155.10,         11.67
       17,          4,    3,         13.73,          3.50,       5.36,      53.57,    187.48,         14.57
       17,          4,    4,         14.66,          3.50,       5.92,      59.21,    207.19,         16.10
       17,          4,    5,         15.34,          3.50,       6.39,      63.93,    223.69,         17.26
       17,          4,    6,         15.71,          3.50,       6.74,      67.41,    235.83,         17.69
       17,          4,    7,         16.03,          3.50,       7.03,      70.27,    245.83,         18.21
       18,          1,    1,          4.92,          3.50,       2.19,      21.92,     76.77,          6.09
       18,          1,    2,         10.04,          3.50,       3.38,      33.81,    118.35,         10.90
       18,          1,    3,         12.20,          3.50,       4.18,      41.83,    146.41,         13.75
       18,          1,    4,         13.23,          3.50,       4.55,      45.52,    159.32,         15.76
       18,          1,    5,         13.60,          3.50,       4.75,      47.54,    166.40,         16.30
       18,          1,    6,         13.81,          3.50,       4.89,      48.93,    171.23,         16.52
       18,          1,    7,         13.96,          3.50,       5.02,      50.18,    175.63,         16.62
       18,          2,    1,          5.92,          3.50,       2.41,      24.12,     84.46,          6.67
       18,          2,    2,         11.03,          3.50,       3.75,      37.56,    131.45,         11.99
       18,          2,    3,         13.17,          3.50,       4.57,      45.70,    159.94,         15.45
       18,          2,    4,         13.92,          3.50,       4.94,      49.40,    172.91,         16.78
       18,          2,    5,         14.37,          3.50,       5.23,      52.33,    183.14,         17.39
       18,          2,    6,         14.71,          3.50,       5.46,      54.55,    190.91,         17.90
       18,          2,    7,         15.02,          3.50,       5.69,      56.95,    199.29,         18.31
       18,          3,    1,          6.70,          3.50,       2.65,      26.50,     92.81,          6.97
       18,          3,    2,         11.93,          3.50,       4.17,      41.68,    145.89,         12.97
       18,          3,    3,         13.87,          3.50,       5.08,      50.77,    177.68,         16.03
       18,          3,    4,         14.91,          3.50,       5.59,      55.84,    195.45,         18.25
       18,          3,    5,         15.51,          3.50,       6.03,      60.32,    211.09,         19.19
       18,          3,    6,         15.94,          3.50,       6.38,      63.80,    223.22,         19.87
       18,          3,    7,         16.34,          3.50,       6.72,      67.15,    234.93,         20.59
       18,          4,    1,          7.09,          3.50,       2.88,      28.78,    100.77,          6.81
       18,          4,    2,         12.73,          3.50,       4.58,      45.84,    160.46,         13.91
       18,          4,    3,         14.88,          3.50,       5.64,      56.41,    197.45,         17.92
       18,          4,    4,         15.82,          3.50,       6.27,      62.69,    219.34,         19.74
       18,          4,    5,         16.47,          3.50,       6.79,      67.93,    237.64,         20.93
       18,          4,    6,         16.87,          3.50,       7.17,      71.64,    250.56,         21.63
       18,          4,    7,         17.18,          3.50,       7.47,      74.68,    261.15,         22.21
       19,          1,    1,          4.85,          3.50,       2.22,      22.15,     77.56,          5.93
       19,          1,    2,         10.39,          3.50,       3.45,      34.54,    120.93,         11.53
       19,          1,    3,         13.21,          3.50,       4.36,      43.66,    152.80,         16.52
       19,          1,    4,         14.24,          3.50,       4.83,      48.29,    169.03,         18.56
       19,          1,    5,         14.75,          3.50,       5.10,      50.95,    178.33,         19.61
       19,          1,    6,         14.99,          3.50,       5.27,      52.71,    184.50,         19.90
       19,          1,    7,         15.17,          3.50,       5.43,      54.27,    189.93,         20.07
       19,          2,    1,          6.09,          3.50,       2.45,      24.43,     85.58,          6.81
       19,          2,    2,         11.67,          3.50,       3.87,      38.67,    135.36,         13.40
       19,          2,    3,         14.14,          3.50,       4.83,      48.29,    169.02,         18.11
       19,          2,    4,         15.04,          3.50,       5.32,      53.16,    186.05,         19.91
       19,          2,    5,        -28.83,          3.50,       1.06,      10.62,     37.21,          0.01
       19,          2,    6,         15.90,          3.50,       5.93,      59.29,    207.51,         21.43
       19,          2,    7,         16.19,          3.50,       6.19,      61.89,    216.58,         21.81
       19,          3,    1,          6.66,          3.50,       2.68,      26.80,     93.84,          5.27
       19,          3,    2,         12.71,          3.50,       4.29,      42.92,    150.20,         12.93
       19,          3,    3,         15.04,          3.50,       5.39,      53.88,    188.58,         17.49
       19,          3,    4,        -88.29,          3.50,       0.17,       1.68,      5.87,         -0.00
       19,          3,    5,         16.62,          3.50,       6.49,      64.84,    226.89,         20.80
       19,          3,    6,         17.04,          3.50,       6.87,      68.72,    240.41,         21.57
       19,          3,    7,         17.39,          3.50,       7.23,      72.28,    252.78,         22.21
       19,          4,    1,          7.43,          3.50,       2.91,      29.13,    101.99,          7.27
       19,          4,    2,         13.53,          3.50,       4.72,      47.15,    165.02,         16.18
       19,          4,    3,         15.87,          3.50,       5.96,      59.60,    208.56,         21.15
       19,          4,    4,         16.87,          3.50,       6.69,      66.87,    233.93,         23.37
       19,          4,    5,         17.53,          3.50,       7.27,      72.67,    254.17,         24.80
       19,          4,    6,         17.93,          3.50,       7.68,      76.77,    268.46,         25.58
       19,          4,    7,         18.23,          3.50,       8.02,      80.13,    280.19,         26.17
       20,          1,    1,          5.58,          3.50,       2.24,      22.43,     78.57,          6.88
       20,          1,    2,         11.26,          3.50,       3.53,      35.31,    123.58,         13.72
       20,          1,    3,         14.00,          3.50,       4.56,      45.58,    159.53,         18.83
       20,          1,    4,         15.19,          3.50,       5.13,      51.34,    179.67,         21.51
       20,          1,    5,         15.76,          3.50,       5.46,      54.60,    191.07,         22.85
       20,          1,    6,         16.05,          3.50,       5.66,      56.60,    198.08,         23.42
       20,          1,    7,         16.11,          3.50,       5.83,      58.35,    204.22,         22.93
       20,          2,    1,          6.76,          3.50,       2.48,      24.81,     86.88,          7.80
       20,          2,    2,         12.38,          3.50,       3.96,      39.62,    138.69,         15.37
       20,          2,    3,         15.01,          3.50,       5.09,      50.93,    178.23,         20.81
       20,          2,    4,         15.97,          3.50,       5.70,      56.99,    199.43,         22.83
       20,          2,    5,         16.64,          3.50,       6.10,      61.03,    213.57,         24.59
       20,          2,    6,         16.99,          3.50,       6.39,      63.93,    223.69,         25.28
       20,          2,    7,         17.28,          3.50,       6.69,      66.83,    233.80,         25.73
       20,          3,    1,          7.76,          3.50,       2.72,      27.19,     95.21,          8.63
       20,          3,    2,         13.10,          3.50,       4.41,      44.07,    154.24,         15.91
       20,          3,    3,         15.93,          3.50,       5.69,      56.94,    199.26,         22.59
       20,          3,    4,         17.02,          3.50,       6.41,      64.10,    224.26,         25.37
       20,          3,    5,         17.48,          3.50,       6.97,      69.66,    243.68,         25.74
       20,          3,    6,         17.82,          3.50,       7.38,      73.85,    258.29,         26.05
       20,          3,    7,         18.44,          3.50,       7.77,      77.69,    271.64,         28.40
       20,          4,    1,          8.58,          3.50,       2.95,      29.55,    103.48,          9.31
       20,          4,    2,         14.16,          3.50,       4.83,      48.34,    169.21,         18.21
       20,          4,    3,         16.72,          3.50,       6.28,      62.79,    219.71,         24.27
       20,          4,    4,         17.82,          3.50,       7.13,      71.29,    249.36,         27.09
       20,          4,    5,         18.49,          3.50,       7.78,      77.80,    272.05,         28.70
       20,          4,    6,         18.91,          3.50,       8.25,      82.51,    288.46,         29.61
       20,          4,    7,         19.20,          3.50,       8.62,      86.20,    301.39,         30.23
       21,          1,    1,          6.60,          3.50,       2.27,      22.69,     79.48,          8.63
       21,          1,    2,         11.66,          3.50,       3.59,      35.91,    125.69,         14.77
       21,          1,    3,         14.67,          3.50,       4.70,      47.00,    164.50,         21.25
       21,          1,    4,         16.05,          3.50,       5.39,      53.92,    188.69,         24.83
       21,          1,    5,         16.65,          3.50,       5.77,      57.73,    202.06,         26.31
       21,          1,    6,         16.93,          3.50,       5.99,      59.93,    209.75,         26.94
       21,          1,    7,         16.94,          3.50,       6.18,      61.82,    216.33,         26.04
       21,          2,    1,          7.69,          3.50,       2.51,      25.15,     88.06,          9.51
       21,          2,    2,         12.99,          3.50,       4.04,      40.44,    141.55,         17.26
       21,          2,    3,         15.69,          3.50,       5.30,      52.97,    185.38,         23.28
       21,          2,    4,         16.91,          3.50,       6.04,      60.37,    211.25,         26.54
       21,          2,    5,         17.55,          3.50,       6.49,      64.88,    227.01,         28.34
       21,          2,    6,         17.91,          3.50,       6.79,      67.93,    237.68,         29.24
       21,          2,    7,         18.21,          3.50,       7.10,      70.95,    248.18,         29.82
       21,          3,    1,          8.60,          3.50,       2.76,      27.59,     96.63,         10.29
       21,          3,    2,         13.92,          3.50,       4.51,      45.09,    157.81,         18.73
       21,          3,    3,         16.42,          3.50,       5.95,      59.45,    208.08,         24.12
       21,          3,    4,         17.60,          3.50,       6.83,      68.29,    238.88,         27.06
       21,          3,    5,         18.58,          3.50,       7.45,      74.46,    260.44,         30.75
       21,          3,    6,         18.76,          3.50,       7.90,      79.04,    276.37,         30.04
       21,          3,    7,         19.35,          3.50,       8.33,      83.24,    291.01,         32.52
       21,          4,    1,        -87.45,          3.50,       0.17,       1.70,      5.96,         -0.00
       21,          4,    2,         14.70,          3.50,       4.95,      49.48,    173.18,         20.07
       21,          4,    3,         17.40,          3.50,       6.57,      65.64,    229.65,         27.03
       21,          4,    4,         18.67,          3.50,       7.60,      75.95,    265.57,         30.78
       21,          4,    5,         19.39,          3.50,       8.33,      83.33,    291.32,         32.81
       21,          4,    6,         19.82,          3.50,       8.85,      88.54,    309.52,         33.88
       21,          4,    7,         20.13,          3.50,       9.29,      92.87,    324.66,         34.54
       22,          1,    1,          7.28,          3.50,       2.29,      22.92,     80.29,          9.99
       22,          1,    2,         12.50,          3.50,       3.65,      36.49,    127.74,         17.61
       22,          1,    3,         15.24,          3.50,       4.80,      48.04,    168.12,         23.64
       22,          1,    4,         16.48,          3.50,       5.60,      56.01,    196.04,         26.25
       22,          1,    5,         17.34,          3.50,       6.05,      60.48,    211.67,         29.28
       22,          1,    6,         17.34,          3.50,       6.29,      62.93,    220.22,         28.02
       22,          1,    7,         17.88,          3.50,       6.50,      65.00,    227.43,         30.60
       22,          2,    1,          8.43,          3.50,       2.54,      25.38,     88.89,         11.18
       22,          2,    2,         13.57,          3.50,       4.11,      41.07,    143.76,         19.43
       22,          2,    3,         16.24,          3.50,       5.44,      54.41,    190.41,         25.67
       22,          2,    4,         17.54,          3.50,       6.31,      63.07,    220.69,         29.27
       22,          2,    5,         18.32,          3.50,       6.83,      68.31,    238.98,         32.01
       22,          2,    6,         18.70,          3.50,       7.16,      71.60,    250.44,         33.14
       22,          2,    7,         19.01,          3.50,       7.48,      74.75,    261.40,         33.94
       22,          3,    1,          9.04,          3.50,       2.79,      27.91,     97.73,         11.27
       22,          3,    2,         14.45,          3.50,       4.59,      45.92,    160.71,         20.78
       22,          3,    3,         17.17,          3.50,       6.12,      61.23,    214.27,         27.79
       22,          3,    4,         18.60,          3.50,       7.20,      72.03,    251.94,         32.18
       22,          3,    5,         19.21,          3.50,       7.92,      79.21,    276.92,         33.31
       22,          3,    6,         19.84,          3.50,       8.42,      84.12,    294.11,         36.05
       22,          3,    7,         20.20,          3.50,       8.88,      88.78,    310.37,         36.93
       22,          4,    1,         10.01,          3.50,       3.03,      30.30,    106.07,         12.56
       22,          4,    2,         15.16,          3.50,       5.05,      50.49,    176.72,         21.85
       22,          4,    3,         17.69,          3.50,       6.78,      67.83,    237.29,         27.85
       22,          4,    4,         19.40,          3.50,       8.05,      80.44,    281.23,         34.20
       22,          4,    5,         20.21,          3.50,       8.92,      89.15,    311.68,         36.79
       22,          4,    6,         20.67,          3.50,       9.52,      95.13,    332.59,         38.12
       22,          4,    7,         21.00,          3.50,      10.01,     100.04,    349.72,         38.90

