[Radio] Initializing ... success!
Connected to RF power monitor: Rohde&Schwarz,FPC1500,1328.6660K03/205785,V1.80
Connected to DC power monitor: radiolib-org,DCpowerMon,070dd3d
setCurrentLimit, code 0

Set [dBm],paDutyCycle,hpMax,Measured [dBm],Bus voltage[V],Voltage[mV],Current[mA],Power [mW],Efficiency [%]
       -9,          1,    1,        -17.08,          3.50,       0.95,       9.52,     33.38,          0.23
       -9,          1,    2,        -14.55,          3.50,       1.07,      10.69,     37.47,          0.28
       -9,          1,    3,        -13.65,          3.50,       1.17,      11.66,     40.86,          0.27
       -9,          1,    4,        -13.14,          3.50,       1.24,      12.44,     43.58,          0.26
       -9,          1,    5,        -12.79,          3.50,       1.32,      13.23,     46.37,          0.25
       -9,          1,    6,        -12.53,          3.50,       1.39,      13.94,     48.86,          0.23
       -9,          1,    7,        -12.30,          3.50,       1.47,      14.70,     51.53,          0.22
       -9,          2,    1,        -16.47,          3.50,       0.97,       9.70,     33.98,          0.25
       -9,          2,    2,        -14.34,          3.50,       1.10,      10.96,     38.42,          0.27
       -9,          2,    3,        -13.16,          3.50,       1.19,      11.91,     41.75,          0.29
       -9,          2,    4,        -12.61,          3.50,       1.28,      12.82,     44.90,          0.27
       -9,          2,    5,        -12.34,          3.50,       1.37,      13.66,     47.87,          0.25
       -9,          2,    6,        -12.00,          3.50,       1.45,      14.47,     50.68,          0.24
       -9,          2,    7,        -11.85,          3.50,       1.53,      15.25,     53.43,          0.23
       -9,          3,    1,        -15.92,          3.50,       0.99,       9.92,     34.75,          0.26
       -9,          3,    2,        -13.48,          3.50,       1.14,      11.37,     39.83,          0.30
       -9,          3,    3,        -12.45,          3.50,       1.24,      12.42,     43.54,          0.30
       -9,          3,    4,        -12.09,          3.50,       1.34,      13.44,     47.08,          0.28
       -9,          3,    5,        -11.33,          3.50,       1.44,      14.38,     50.37,          0.29
       -9,          3,    6,        -10.98,          3.50,       1.53,      15.24,     53.40,          0.28
       -9,          3,    7,        -10.68,          3.50,       1.61,      16.12,     56.48,          0.27
       -9,          4,    1,        -15.46,          3.50,       1.02,      10.16,     35.60,          0.26
       -9,          4,    2,        -12.93,          3.50,       1.18,      11.79,     41.30,          0.31
       -9,          4,    3,        -11.95,          3.50,       1.30,      13.06,     45.77,          0.30
       -9,          4,    4,        -11.15,          3.50,       1.41,      14.09,     49.35,          0.31
       -9,          4,    5,        -10.73,          3.50,       1.51,      15.07,     52.81,          0.30
       -9,          4,    6,        -10.41,          3.50,       1.60,      15.96,     55.91,          0.29
       -9,          4,    7,        -10.15,          3.50,       1.68,      16.80,     58.85,          0.28
       -8,          1,    1,        -16.12,          3.50,       0.98,       9.78,     34.27,          0.26
       -8,          1,    2,        -13.28,          3.50,       1.11,      11.11,     38.92,          0.34
       -8,          1,    3,        -12.41,          3.50,       1.20,      12.01,     42.07,          0.34
       -8,          1,    4,        -11.92,          3.50,       1.29,      12.86,     45.05,          0.32
       -8,          1,    5,        -11.60,          3.50,       1.36,      13.63,     47.74,          0.30
       -8,          1,    6,        -11.55,          3.50,       1.44,      14.40,     50.47,          0.27
       -8,          1,    7,        -11.13,          3.50,       1.51,      15.11,     52.94,          0.28
       -8,          2,    1,        -15.19,          3.50,       1.00,       9.98,     34.96,          0.30
       -8,          2,    2,        -12.80,          3.50,       1.14,      11.36,     39.80,          0.35
       -8,          2,    3,        -11.90,          3.50,       1.24,      12.38,     43.39,          0.35
       -8,          2,    4,        -11.38,          3.50,       1.33,      13.28,     46.52,          0.34
       -8,          2,    5,        -10.98,          3.50,       1.41,      14.10,     49.41,          0.32
       -8,          2,    6,        -10.70,          3.50,       1.50,      14.98,     52.50,          0.31
       -8,          2,    7,        -10.43,          3.50,       1.58,      15.75,     55.20,          0.30
       -8,          3,    1,        -14.64,          3.50,       1.03,      10.25,     35.92,          0.31
       -8,          3,    2,        -12.20,          3.50,       1.18,      11.79,     41.30,          0.37
       -8,          3,    3,        -11.19,          3.50,       1.30,      12.98,     45.47,          0.37
       -8,          3,    4,        -10.57,          3.50,       1.40,      14.00,     49.04,          0.36
       -8,          3,    5,        -10.39,          3.50,       1.50,      15.00,     52.55,          0.33
       -8,          3,    6,         -9.76,          3.50,       1.59,      15.88,     55.63,          0.34
       -8,          3,    7,         -9.47,          3.50,       1.67,      16.73,     58.62,          0.33
       -8,          4,    1,        -14.15,          3.50,       1.06,      10.55,     36.95,          0.32
       -8,          4,    2,        -11.64,          3.50,       1.23,      12.31,     43.12,          0.38
       -8,          4,    3,        -10.80,          3.50,       1.37,      13.65,     47.83,          0.36
       -8,          4,    4,         -9.89,          3.50,       1.48,      14.81,     51.89,          0.38
       -8,          4,    5,         -9.47,          3.50,       1.58,      15.77,     55.26,          0.37
       -8,          4,    6,         -9.15,          3.50,       1.67,      16.71,     58.53,          0.36
       -8,          4,    7,         -8.92,          3.50,       1.75,      17.50,     61.30,          0.35
       -7,          1,    1,        -14.72,          3.50,       1.00,      10.05,     35.20,          0.33
       -7,          1,    2,        -12.20,          3.50,       1.14,      11.46,     40.16,          0.39
       -7,          1,    3,        -11.34,          3.50,       1.24,      12.40,     43.44,          0.40
       -7,          1,    4,        -10.87,          3.50,       1.32,      13.23,     46.35,          0.38
       -7,          1,    5,        -10.57,          3.50,       1.40,      14.04,     49.20,          0.36
       -7,          1,    6,        -10.57,          3.50,       1.48,      14.81,     51.91,          0.32
       -7,          1,    7,        -10.38,          3.50,       1.56,      15.56,     54.51,          0.31
       -7,          2,    1,        -14.26,          3.50,       1.03,      10.28,     36.01,          0.34
       -7,          2,    2,        -11.73,          3.50,       1.18,      11.76,     41.22,          0.41
       -7,          2,    3,        -10.82,          3.50,       1.28,      12.81,     44.89,          0.41
       -7,          2,    4,        -10.31,          3.50,       1.37,      13.69,     47.96,          0.40
       -7,          2,    5,         -9.93,          3.50,       1.47,      14.63,     51.24,          0.39
       -7,          2,    6,         -9.64,          3.50,       1.54,      15.46,     54.16,          0.37
       -7,          2,    7,         -9.70,          3.50,       1.63,      16.28,     57.04,          0.33
       -7,          3,    1,        -13.82,          3.50,       1.06,      10.58,     37.08,          0.34
       -7,          3,    2,        -11.10,          3.50,       1.22,      12.23,     42.85,          0.43
       -7,          3,    3,        -10.39,          3.50,       1.35,      13.48,     47.24,          0.41
       -7,          3,    4,         -9.49,          3.50,       1.45,      14.57,     51.07,          0.43
       -7,          3,    5,         -9.04,          3.50,       1.56,      15.57,     54.55,          0.42
       -7,          3,    6,         -8.95,          3.50,       1.65,      16.53,     57.92,          0.38
       -7,          3,    7,         -8.43,          3.50,       1.73,      17.35,     60.76,          0.40
       -7,          4,    1,        -13.05,          3.50,       1.10,      10.95,     38.35,          0.36
       -7,          4,    2,        -10.54,          3.50,       1.29,      12.87,     45.09,          0.43
       -7,          4,    3,         -9.47,          3.50,       1.43,      14.26,     49.95,          0.45
       -7,          4,    4,         -8.81,          3.50,       1.55,      15.47,     54.19,          0.45
       -7,          4,    5,         -8.40,          3.50,       1.65,      16.50,     57.82,          0.44
       -7,          4,    6,         -8.09,          3.50,       1.74,      17.39,     60.93,          0.43
       -7,          4,    7,         -7.86,          3.50,       1.83,      18.30,     64.12,          0.42
       -6,          1,    1,        -13.75,          3.50,       1.03,      10.29,     36.05,          0.38
       -6,          1,    2,        -11.22,          3.50,       1.18,      11.79,     41.31,          0.46
       -6,          1,    3,        -10.38,          3.50,       1.28,      12.81,     44.88,          0.46
       -6,          1,    4,         -9.93,          3.50,       1.36,      13.65,     47.82,          0.44
       -6,          1,    5,         -9.62,          3.50,       1.45,      14.49,     50.77,          0.42
       -6,          1,    6,         -9.65,          3.50,       1.53,      15.27,     53.51,          0.38
       -6,          1,    7,         -9.20,          3.50,       1.60,      16.01,     56.11,          0.39
       -6,          2,    1,        -13.11,          3.50,       1.06,      10.58,     37.09,          0.40
       -6,          2,    2,        -10.81,          3.50,       1.22,      12.16,     42.62,          0.47
       -6,          2,    3,         -9.85,          3.50,       1.32,      13.26,     46.43,          0.48
       -6,          2,    4,         -9.35,          3.50,       1.42,      14.19,     49.71,          0.47
       -6,          2,    5,         -8.98,          3.50,       1.51,      15.12,     53.00,          0.45
       -6,          2,    6,         -8.70,          3.50,       1.60,      15.95,     55.88,          0.44
       -6,          2,    7,         -8.46,          3.50,       1.68,      16.77,     58.76,          0.42
       -6,          3,    1,        -12.53,          3.50,       1.09,      10.97,     38.43,          0.41
       -6,          3,    2,        -10.11,          3.50,       1.27,      12.72,     44.57,          0.49
       -6,          3,    3,         -9.12,          3.50,       1.40,      14.01,     49.08,          0.50
       -6,          3,    4,         -8.54,          3.50,       1.51,      15.12,     52.99,          0.50
       -6,          3,    5,         -8.15,          3.50,       1.62,      16.22,     56.82,          0.48
       -6,          3,    6,         -7.75,          3.50,       1.71,      17.09,     59.87,          0.48
       -6,          3,    7,         -7.48,          3.50,       1.80,      18.04,     63.21,          0.46
       -6,          4,    1,        -12.06,          3.50,       1.14,      11.36,     39.79,          0.41
       -6,          4,    2,         -9.54,          3.50,       1.34,      13.39,     46.93,          0.50
       -6,          4,    3,         -8.48,          3.50,       1.49,      14.89,     52.17,          0.52
       -6,          4,    4,         -7.84,          3.50,       1.62,      16.15,     56.56,          0.52
       -6,          4,    5,         -7.74,          3.50,       1.72,      17.17,     60.16,          0.48
       -6,          4,    6,         -7.13,          3.50,       1.82,      18.20,     63.75,          0.50
       -6,          4,    7,         -7.01,          3.50,       1.91,      19.08,     66.84,          0.47
       -5,          1,    1,        -12.09,          3.50,       1.08,      10.82,     37.92,          0.47
       -5,          1,    2,         -9.74,          3.50,       1.25,      12.50,     43.80,          0.56
       -5,          1,    3,         -8.73,          3.50,       1.36,      13.58,     47.58,          0.59
       -5,          1,    4,         -8.29,          3.50,       1.45,      14.49,     50.75,          0.57
       -5,          1,    5,         -8.04,          3.50,       1.53,      15.31,     53.63,          0.55
       -5,          1,    6,         -7.96,          3.50,       1.61,      16.11,     56.43,          0.51
       -5,          1,    7,         -7.79,          3.50,       1.69,      16.84,     59.01,          0.49
       -5,          2,    1,        -11.44,          3.50,       1.12,      11.25,     39.41,          0.50
       -5,          2,    2,         -9.06,          3.50,       1.30,      12.97,     45.46,          0.61
       -5,          2,    3,         -8.19,          3.50,       1.41,      14.11,     49.42,          0.62
       -5,          2,    4,         -7.73,          3.50,       1.51,      15.13,     53.01,          0.60
       -5,          2,    5,         -7.34,          3.50,       1.61,      16.10,     56.40,          0.59
       -5,          2,    6,         -7.08,          3.50,       1.70,      16.94,     59.34,          0.57
       -5,          2,    7,         -6.85,          3.50,       1.79,      17.83,     62.47,          0.55
       -5,          3,    1,        -10.87,          3.50,       1.17,      11.66,     40.85,          0.51
       -5,          3,    2,         -8.44,          3.50,       1.36,      13.63,     47.76,          0.63
       -5,          3,    3,         -7.46,          3.50,       1.51,      15.07,     52.78,          0.64
       -5,          3,    4,         -6.87,          3.50,       1.63,      16.25,     56.94,          0.64
       -5,          3,    5,         -6.44,          3.50,       1.74,      17.33,     60.72,          0.63
       -5,          3,    6,         -6.12,          3.50,       1.84,      18.39,     64.44,          0.62
       -5,          3,    7,         -5.86,          3.50,       1.93,      19.34,     67.75,          0.60
       -5,          4,    1,        -10.39,          3.50,       1.21,      12.11,     42.42,          0.52
       -5,          4,    2,         -7.86,          3.50,       1.44,      14.45,     50.62,          0.63
       -5,          4,    3,         -6.81,          3.50,       1.61,      16.10,     56.43,          0.66
       -5,          4,    4,         -6.17,          3.50,       1.74,      17.43,     61.06,          0.67
       -5,          4,    5,         -5.77,          3.50,       1.86,      18.62,     65.22,          0.65
       -5,          4,    6,         -5.48,          3.50,       1.97,      19.65,     68.85,          0.64
       -5,          4,    7,         -5.26,          3.50,       2.06,      20.54,     71.93,          0.63
       -4,          1,    1,        -11.38,          3.50,       1.11,      11.12,     38.98,          0.52
       -4,          1,    2,         -8.85,          3.50,       1.29,      12.89,     45.14,          0.64
       -4,          1,    3,         -8.22,          3.50,       1.39,      13.95,     48.86,          0.63
       -4,          1,    4,         -7.79,          3.50,       1.49,      14.86,     52.05,          0.61
       -4,          1,    5,         -7.32,          3.50,       1.57,      15.71,     55.04,          0.62
       -4,          1,    6,         -7.27,          3.50,       1.65,      16.52,     57.87,          0.57
       -4,          1,    7,         -6.92,          3.50,       1.73,      17.28,     60.54,          0.57
       -4,          2,    1,        -10.73,          3.50,       1.15,      11.52,     40.38,          0.55
       -4,          2,    2,         -8.34,          3.50,       1.33,      13.34,     46.73,          0.67
       -4,          2,    3,         -7.48,          3.50,       1.46,      14.59,     51.11,          0.68
       -4,          2,    4,         -6.99,          3.50,       1.56,      15.58,     54.60,          0.67
       -4,          2,    5,         -6.64,          3.50,       1.66,      16.57,     58.05,          0.65
       -4,          2,    6,         -6.38,          3.50,       1.74,      17.43,     61.08,          0.64
       -4,          2,    7,         -6.14,          3.50,       1.84,      18.37,     64.35,          0.62
       -4,          3,    1,        -10.15,          3.50,       1.20,      11.95,     41.87,          0.57
       -4,          3,    2,         -7.91,          3.50,       1.41,      14.04,     49.19,          0.66
       -4,          3,    3,         -6.75,          3.50,       1.56,      15.57,     54.56,          0.71
       -4,          3,    4,         -6.15,          3.50,       1.68,      16.77,     58.74,          0.72
       -4,          3,    5,         -5.72,          3.50,       1.80,      18.01,     63.08,          0.70
       -4,          3,    6,         -5.47,          3.50,       1.90,      19.01,     66.61,          0.68
       -4,          3,    7,         -5.16,          3.50,       2.00,      20.00,     70.05,          0.67
       -4,          4,    1,         -9.67,          3.50,       1.25,      12.48,     43.74,          0.57
       -4,          4,    2,         -7.17,          3.50,       1.50,      14.96,     52.41,          0.69
       -4,          4,    3,         -6.09,          3.50,       1.67,      16.70,     58.49,          0.73
       -4,          4,    4,         -5.46,          3.50,       1.81,      18.15,     63.59,          0.73
       -4,          4,    5,         -5.05,          3.50,       1.93,      19.33,     67.72,          0.73
       -4,          4,    6,         -4.77,          3.50,       2.04,      20.36,     71.30,          0.72
       -4,          4,    7,         -4.55,          3.50,       2.13,      21.31,     74.65,          0.70
       -3,          1,    1,        -10.73,          3.50,       1.14,      11.41,     39.96,          0.57
       -3,          1,    2,         -8.19,          3.50,       1.32,      13.21,     46.29,          0.71
       -3,          1,    3,         -7.41,          3.50,       1.43,      14.34,     50.25,          0.72
       -3,          1,    4,         -6.93,          3.50,       1.53,      15.29,     53.57,          0.71
       -3,          1,    5,         -6.66,          3.50,       1.62,      16.18,     56.69,          0.68
       -3,          1,    6,         -6.46,          3.50,       1.69,      16.92,     59.28,          0.66
       -3,          1,    7,         -6.28,          3.50,       1.77,      17.75,     62.17,          0.63
       -3,          2,    1,        -10.07,          3.50,       1.18,      11.82,     41.41,          0.60
       -3,          2,    2,         -7.67,          3.50,       1.37,      13.71,     48.03,          0.74
       -3,          2,    3,         -6.81,          3.50,       1.50,      15.00,     52.54,          0.75
       -3,          2,    4,         -6.35,          3.50,       1.60,      16.04,     56.21,          0.74
       -3,          2,    5,         -5.98,          3.50,       1.70,      17.03,     59.66,          0.73
       -3,          2,    6,         -5.73,          3.50,       1.80,      17.99,     63.02,          0.70
       -3,          2,    7,         -5.63,          3.50,       1.89,      18.86,     66.08,          0.67
       -3,          3,    1,         -9.49,          3.50,       1.23,      12.30,     43.10,          0.62
       -3,          3,    2,         -7.25,          3.50,       1.46,      14.56,     51.00,          0.72
       -3,          3,    3,         -6.07,          3.50,       1.61,      16.07,     56.29,          0.79
       -3,          3,    4,         -5.49,          3.50,       1.73,      17.35,     60.78,          0.79
       -3,          3,    5,         -5.06,          3.50,       1.86,      18.58,     65.10,          0.77
       -3,          3,    6,         -4.75,          3.50,       1.97,      19.65,     68.83,          0.76
       -3,          3,    7,         -4.58,          3.50,       2.06,      20.62,     72.22,          0.73
       -3,          4,    1,         -9.00,          3.50,       1.29,      12.89,     45.14,          0.62
       -3,          4,    2,         -6.47,          3.50,       1.55,      15.49,     54.28,          0.77
       -3,          4,    3,         -5.41,          3.50,       1.73,      17.30,     60.59,          0.80
       -3,          4,    4,         -4.78,          3.50,       1.88,      18.79,     65.84,          0.81
       -3,          4,    5,         -4.39,          3.50,       2.00,      20.04,     70.20,          0.80
       -3,          4,    6,         -4.10,          3.50,       2.11,      21.10,     73.88,          0.79
       -3,          4,    7,         -3.89,          3.50,       2.20,      22.06,     77.25,          0.78
       -2,          1,    1,         -9.56,          3.50,       1.19,      11.90,     41.71,          0.66
       -2,          1,    2,         -7.22,          3.50,       1.39,      13.90,     48.72,          0.80
       -2,          1,    3,         -6.18,          3.50,       1.51,      15.14,     53.05,          0.86
       -2,          1,    4,         -5.76,          3.50,       1.61,      16.11,     56.43,          0.85
       -2,          1,    5,         -5.49,          3.50,       1.70,      16.97,     59.45,          0.82
       -2,          1,    6,         -5.29,          3.50,       1.78,      17.77,     62.27,          0.79
       -2,          1,    7,         -5.12,          3.50,       1.86,      18.62,     65.22,          0.76
       -2,          2,    1,         -8.90,          3.50,       1.24,      12.40,     43.46,          0.70
       -2,          2,    2,         -6.48,          3.50,       1.45,      14.54,     50.92,          0.87
       -2,          2,    3,         -5.62,          3.50,       1.59,      15.87,     55.59,          0.89
       -2,          2,    4,         -5.15,          3.50,       1.69,      16.91,     59.23,          0.89
       -2,          2,    5,         -4.80,          3.50,       1.80,      18.04,     63.20,          0.87
       -2,          2,    6,         -4.54,          3.50,       1.90,      18.98,     66.48,          0.85
       -2,          2,    7,         -4.55,          3.50,       1.99,      19.95,     69.89,          0.78
       -2,          3,    1,         -8.51,          3.50,       1.30,      12.97,     45.44,          0.68
       -2,          3,    2,         -6.05,          3.50,       1.54,      15.42,     54.02,          0.85
       -2,          3,    3,         -4.87,          3.50,       1.70,      17.03,     59.67,          0.93
       -2,          3,    4,         -4.29,          3.50,       1.85,      18.46,     64.69,          0.93
       -2,          3,    5,         -3.87,          3.50,       1.97,      19.76,     69.19,          0.92
       -2,          3,    6,         -3.57,          3.50,       2.08,      20.85,     73.02,          0.91
       -2,          3,    7,         -3.32,          3.50,       2.19,      21.89,     76.67,          0.90
       -2,          4,    1,         -7.83,          3.50,       1.36,      13.59,     47.61,          0.72
       -2,          4,    2,         -5.27,          3.50,       1.65,      16.51,     57.85,          0.90
       -2,          4,    3,         -4.21,          3.50,       1.85,      18.51,     64.82,          0.95
       -2,          4,    4,         -3.59,          3.50,       2.01,      20.11,     70.43,          0.96
       -2,          4,    5,         -3.19,          3.50,       2.14,      21.40,     74.96,          0.96
       -2,          4,    6,         -2.90,          3.50,       2.25,      22.50,     78.81,          0.95
       -2,          4,    7,         -2.70,          3.50,       2.36,      23.55,     82.46,          0.93
       -1,          1,    1,         -8.59,          3.50,       1.24,      12.40,     43.43,          0.75
       -1,          1,    2,         -6.00,          3.50,       1.46,      14.62,     51.22,          0.96
       -1,          1,    3,         -5.17,          3.50,       1.59,      15.89,     55.69,          0.99
       -1,          1,    4,         -4.75,          3.50,       1.68,      16.84,     58.99,          0.98
       -1,          1,    5,         -4.49,          3.50,       1.78,      17.78,     62.29,          0.95
       -1,          1,    6,         -4.29,          3.50,       1.86,      18.64,     65.29,          0.92
       -1,          1,    7,         -4.30,          3.50,       1.95,      19.47,     68.19,          0.86
       -1,          2,    1,         -7.92,          3.50,       1.30,      12.96,     45.41,          0.79
       -1,          2,    2,         -5.46,          3.50,       1.53,      15.29,     53.55,          0.99
       -1,          2,    3,         -4.60,          3.50,       1.67,      16.67,     58.42,          1.03
       -1,          2,    4,         -4.14,          3.50,       1.78,      17.82,     62.42,          1.03
       -1,          2,    5,         -3.79,          3.50,       1.89,      18.93,     66.33,          1.01
       -1,          2,    6,         -3.54,          3.50,       1.99,      19.96,     69.92,          0.98
       -1,          2,    7,         -3.32,          3.50,       2.09,      20.89,     73.18,          0.96
       -1,          3,    1,         -7.32,          3.50,       1.36,      13.59,     47.64,          0.81
       -1,          3,    2,         -4.86,          3.50,       1.63,      16.29,     57.07,          1.02
       -1,          3,    3,         -3.95,          3.50,       1.81,      18.07,     63.31,          1.05
       -1,          3,    4,         -3.31,          3.50,       1.95,      19.54,     68.44,          1.07
       -1,          3,    5,         -2.98,          3.50,       2.08,      20.83,     72.98,          1.05
       -1,          3,    6,         -2.56,          3.50,       2.20,      22.00,     77.08,          1.06
       -1,          3,    7,         -2.31,          3.50,       2.31,      23.13,     81.03,          1.05
       -1,          4,    1,         -6.89,          3.50,       1.43,      14.31,     50.11,          0.81
       -1,          4,    2,         -4.43,          3.50,       1.74,      17.46,     61.16,          0.99
       -1,          4,    3,         -3.20,          3.50,       1.97,      19.67,     68.92,          1.09
       -1,          4,    4,         -2.57,          3.50,       2.14,      21.34,     74.76,          1.11
       -1,          4,    5,         -2.17,          3.50,       2.27,      22.70,     79.48,          1.11
       -1,          4,    6,         -1.89,          3.50,       2.39,      23.92,     83.78,          1.10
       -1,          4,    7,         -1.68,          3.50,       2.50,      25.00,     87.55,          1.08
        0,          1,    1,         -7.70,          3.50,       1.29,      12.90,     45.20,          0.84
        0,          1,    2,         -5.08,          3.50,       1.53,      15.33,     53.71,          1.08
        0,          1,    3,         -4.25,          3.50,       1.66,      16.65,     58.34,          1.13
        0,          1,    4,         -3.82,          3.50,       1.76,      17.62,     61.73,          1.13
        0,          1,    5,         -3.57,          3.50,       1.86,      18.62,     65.22,          1.09
        0,          1,    6,         -3.38,          3.50,       1.95,      19.46,     68.18,          1.06
        0,          1,    7,         -3.22,          3.50,       2.03,      20.29,     71.05,          1.04
        0,          2,    1,         -7.02,          3.50,       1.35,      13.51,     47.36,          0.89
        0,          2,    2,         -4.54,          3.50,       1.60,      16.03,     56.17,          1.13
        0,          2,    3,         -3.67,          3.50,       1.75,      17.53,     61.43,          1.18
        0,          2,    4,         -3.21,          3.50,       1.87,      18.76,     65.70,          1.17
        0,          2,    5,         -2.87,          3.50,       1.99,      19.92,     69.76,          1.15
        0,          2,    6,         -2.62,          3.50,       2.09,      20.89,     73.15,          1.13
        0,          2,    7,         -2.40,          3.50,       2.19,      21.91,     76.72,          1.11
        0,          3,    1,         -6.43,          3.50,       1.42,      14.23,     49.85,          0.91
        0,          3,    2,         -3.91,          3.50,       1.71,      17.09,     59.87,          1.16
        0,          3,    3,         -2.93,          3.50,       1.91,      19.06,     66.78,          1.22
        0,          3,    4,         -2.35,          3.50,       2.05,      20.56,     72.01,          1.23
        0,          3,    5,         -1.93,          3.50,       2.20,      22.04,     77.18,          1.22
        0,          3,    6,         -1.94,          3.50,       2.32,      23.22,     81.34,          1.13
        0,          3,    7,         -1.39,          3.50,       2.44,      24.36,     85.32,          1.20
        0,          4,    1,         -5.93,          3.50,       1.50,      15.03,     52.64,          0.92
        0,          4,    2,         -3.33,          3.50,       1.85,      18.49,     64.79,          1.16
        0,          4,    3,         -2.48,          3.50,       2.08,      20.78,     72.79,          1.18
        0,          4,    4,         -1.63,          3.50,       2.26,      22.59,     79.14,          1.26
        0,          4,    5,         -1.37,          3.50,       2.41,      24.06,     84.26,          1.23
        0,          4,    6,         -1.21,          3.50,       2.54,      25.37,     88.86,          1.18
        0,          4,    7,         -1.04,          3.50,       2.65,      26.50,     92.79,          1.16
        1,          1,    1,         -6.91,          3.50,       1.34,      13.42,     47.03,          0.92
        1,          1,    2,         -4.25,          3.50,       1.60,      16.00,     56.04,          1.21
        1,          1,    3,         -3.41,          3.50,       1.74,      17.36,     60.83,          1.27
        1,          1,    4,         -3.14,          3.50,       1.85,      18.46,     64.67,          1.22
        1,          1,    5,         -2.74,          3.50,       1.94,      19.44,     68.11,          1.23
        1,          1,    6,         -2.55,          3.50,       2.03,      20.26,     70.97,          1.21
        1,          1,    7,         -2.40,          3.50,       2.12,      21.16,     74.12,          1.17
        1,          2,    1,         -6.22,          3.50,       1.41,      14.03,     49.14,          0.99
        1,          2,    2,         -3.71,          3.50,       1.68,      16.75,     58.68,          1.26
        1,          2,    3,         -2.84,          3.50,       1.84,      18.42,     64.53,          1.31
        1,          2,    4,         -2.37,          3.50,       1.96,      19.65,     68.81,          1.32
        1,          2,    5,         -2.18,          3.50,       2.08,      20.78,     72.79,          1.26
        1,          2,    6,         -1.99,          3.50,       2.19,      21.87,     76.59,          1.22
        1,          2,    7,         -1.87,          3.50,       2.29,      22.93,     80.30,          1.17
        1,          3,    1,         -5.63,          3.50,       1.49,      14.85,     52.02,          1.01
        1,          3,    2,         -3.08,          3.50,       1.80,      18.03,     63.16,          1.28
        1,          3,    3,         -2.10,          3.50,       2.01,      20.05,     70.24,          1.36
        1,          3,    4,         -1.52,          3.50,       2.16,      21.63,     75.75,          1.38
        1,          3,    5,         -1.10,          3.50,       2.32,      23.15,     81.06,          1.38
        1,          3,    6,         -0.80,          3.50,       2.44,      24.39,     85.41,          1.37
        1,          3,    7,         -0.56,          3.50,       2.56,      25.63,     89.75,          1.35
        1,          4,    1,         -5.13,          3.50,       1.57,      15.70,     55.00,          1.02
        1,          4,    2,         -2.50,          3.50,       1.95,      19.46,     68.18,          1.30
        1,          4,    3,         -1.43,          3.50,       2.19,      21.94,     76.84,          1.38
        1,          4,    4,         -0.80,          3.50,       2.39,      23.85,     83.51,          1.42
        1,          4,    5,         -0.40,          3.50,       2.54,      25.44,     89.09,          1.42
        1,          4,    6,         -0.11,          3.50,       2.68,      26.78,     93.79,          1.41
        1,          4,    7,          0.09,          3.50,       2.79,      27.93,     97.79,          1.40
        2,          1,    1,         -5.89,          3.50,       1.41,      14.08,     49.33,          1.06
        2,          1,    2,         -3.19,          3.50,       1.70,      16.96,     59.43,          1.39
        2,          1,    3,         -2.30,          3.50,       1.85,      18.49,     64.79,          1.48
        2,          1,    4,         -1.88,          3.50,       1.96,      19.61,     68.71,          1.48
        2,          1,    5,         -1.63,          3.50,       2.06,      20.56,     72.02,          1.46
        2,          1,    6,         -1.76,          3.50,       2.15,      21.52,     75.37,          1.32
        2,          1,    7,         -1.29,          3.50,       2.24,      22.40,     78.44,          1.39
        2,          2,    1,         -5.18,          3.50,       1.49,      14.87,     52.11,          1.12
        2,          2,    2,         -2.90,          3.50,       1.79,      17.89,     62.67,          1.36
        2,          2,    3,         -1.95,          3.50,       1.96,      19.65,     68.84,          1.46
        2,          2,    4,         -1.26,          3.50,       2.09,      20.88,     73.13,          1.55
        2,          2,    5,         -0.92,          3.50,       2.22,      22.17,     77.66,          1.53
        2,          2,    6,         -0.68,          3.50,       2.33,      23.30,     81.60,          1.51
        2,          2,    7,         -0.47,          3.50,       2.43,      24.32,     85.16,          1.49
        2,          3,    1,         -4.86,          3.50,       1.57,      15.74,     55.14,          1.08
        2,          3,    2,         -2.29,          3.50,       1.92,      19.22,     67.31,          1.39
        2,          3,    3,         -0.98,          3.50,       2.15,      21.46,     75.18,          1.58
        2,          3,    4,         -0.41,          3.50,       2.32,      23.17,     81.13,          1.62
        2,          3,    5,          0.01,          3.50,       2.48,      24.82,     86.93,          1.61
        2,          3,    6,          0.26,          3.50,       2.62,      26.16,     91.60,          1.59
        2,          3,    7,          0.55,          3.50,       2.74,      27.41,     95.97,          1.59
        2,          4,    1,         -4.38,          3.50,       1.67,      16.70,     58.49,          1.08
        2,          4,    2,         -1.66,          3.50,       2.08,      20.82,     72.93,          1.42
        2,          4,    3,         -0.31,          3.50,       2.36,      23.56,     82.50,          1.61
        2,          4,    4,          0.32,          3.50,       2.57,      25.67,     89.90,          1.65
        2,          4,    5,          0.65,          3.50,       2.73,      27.33,     95.71,          1.64
        2,          4,    6,          1.01,          3.50,       2.88,      28.81,    100.87,          1.66
        2,          4,    7,          1.19,          3.50,       3.00,      29.99,    104.99,          1.64
        3,          1,    1,         -5.28,          3.50,       1.46,      14.55,     50.96,          1.14
        3,          1,    2,         -2.50,          3.50,       1.76,      17.63,     61.76,          1.53
        3,          1,    3,         -1.88,          3.50,       1.92,      19.25,     67.42,          1.53
        3,          1,    4,         -1.21,          3.50,       2.04,      20.33,     71.21,          1.64
        3,          1,    5,         -0.96,          3.50,       2.14,      21.40,     74.97,          1.60
        3,          1,    6,         -0.78,          3.50,       2.23,      22.30,     78.09,          1.57
        3,          1,    7,         -0.63,          3.50,       2.32,      23.24,     81.38,          1.53
        3,          2,    1,         -4.57,          3.50,       1.54,      15.39,     53.93,          1.21
        3,          2,    2,         -1.95,          3.50,       1.86,      18.62,     65.23,          1.58
        3,          2,    3,         -1.06,          3.50,       2.04,      20.40,     71.48,          1.68
        3,          2,    4,         -0.59,          3.50,       2.18,      21.74,     76.13,          1.70
        3,          2,    5,         -0.26,          3.50,       2.31,      23.10,     80.90,          1.68
        3,          2,    6,         -0.02,          3.50,       2.42,      24.16,     84.61,          1.67
        3,          2,    7,          0.18,          3.50,       2.53,      25.33,     88.70,          1.64
        3,          3,    1,         -3.96,          3.50,       1.63,      16.31,     57.16,          1.25
        3,          3,    2,         -1.32,          3.50,       2.01,      20.06,     70.25,          1.63
        3,          3,    3,         -0.32,          3.50,       2.24,      22.36,     78.33,          1.74
        3,          3,    4,          0.25,          3.50,       2.41,      24.14,     84.53,          1.78
        3,          3,    5,          0.66,          3.50,       2.58,      25.85,     90.50,          1.78
        3,          3,    6,          0.85,          3.50,       2.73,      27.27,     95.49,          1.72
        3,          3,    7,          1.21,          3.50,       2.86,      28.57,    100.01,          1.76
        3,          4,    1,         -3.69,          3.50,       1.73,      17.32,     60.69,          1.19
        3,          4,    2,         -0.74,          3.50,       2.18,      21.77,     76.24,          1.64
        3,          4,    3,          0.14,          3.50,       2.47,      24.66,     86.36,          1.68
        3,          4,    4,          0.99,          3.50,       2.69,      26.85,     94.02,          1.81
        3,          4,    5,          1.40,          3.50,       2.86,      28.58,    100.07,          1.83
        3,          4,    6,          1.69,          3.50,       3.01,      30.05,    105.21,          1.83
        3,          4,    7,          1.89,          3.50,       3.13,      31.29,    109.55,          1.82
        4,          1,    1,         -4.22,          3.50,       1.54,      15.42,     54.02,          1.30
        4,          1,    2,         -1.61,          3.50,       1.89,      18.93,     66.31,          1.67
        4,          1,    3,         -0.45,          3.50,       2.06,      20.61,     72.20,          1.91
        4,          1,    4,         -0.02,          3.50,       2.18,      21.83,     76.44,          1.93
        4,          1,    5,         -0.03,          3.50,       2.29,      22.91,     80.22,          1.80
        4,          1,    6,          0.40,          3.50,       2.38,      23.84,     83.49,          1.87
        4,          1,    7,          0.56,          3.50,       2.49,      24.85,     87.01,          1.83
        4,          2,    1,         -3.49,          3.50,       1.64,      16.39,     57.42,          1.38
        4,          2,    2,         -0.78,          3.50,       2.00,      20.04,     70.21,          1.85
        4,          2,    3,          0.13,          3.50,       2.20,      21.93,     76.83,          1.99
        4,          2,    4,          0.59,          3.50,       2.34,      23.38,     81.88,          2.01
        4,          2,    5,          0.93,          3.50,       2.48,      24.78,     86.79,          2.00
        4,          2,    6,          1.17,          3.50,       2.60,      25.96,     90.92,          1.98
        4,          2,    7,          1.37,          3.50,       2.71,      27.11,     94.92,          1.96
        4,          3,    1,         -2.87,          3.50,       1.74,      17.38,     60.90,          1.43
        4,          3,    2,         -0.15,          3.50,       2.16,      21.59,     75.60,          1.91
        4,          3,    3,          0.88,          3.50,       2.41,      24.13,     84.50,          2.05
        4,          3,    4,          1.41,          3.50,       2.61,      26.06,     91.25,          2.08
        4,          3,    5,          1.87,          3.50,       2.78,      27.79,     97.29,          2.12
        4,          3,    6,          2.17,          3.50,       2.93,      29.28,    102.51,          2.13
        4,          3,    7,          2.41,          3.50,       3.06,      30.60,    107.13,          2.12
        4,          4,    1,         -2.37,          3.50,       1.86,      18.60,     65.14,          1.44
        4,          4,    2,          0.44,          3.50,       2.35,      23.52,     82.39,          1.92
        4,          4,    3,          1.56,          3.50,       2.67,      26.66,     93.37,          2.09
        4,          4,    4,          2.21,          3.50,       2.90,      28.96,    101.41,          2.17
        4,          4,    5,          2.58,          3.50,       3.08,      30.77,    107.72,          2.19
        4,          4,    6,          2.92,          3.50,       3.23,      32.29,    113.03,          2.22
        4,          4,    7,          3.13,          3.50,       3.36,      33.56,    117.47,          2.22
        5,          1,    1,         -3.56,          3.50,       1.60,      16.02,     56.13,          1.42
        5,          1,    2,         -0.59,          3.50,       1.99,      19.84,     69.49,          1.96
        5,          1,    3,          0.33,          3.50,       2.16,      21.64,     75.79,          2.13
        5,          1,    4,          0.76,          3.50,       2.29,      22.88,     80.12,          2.16
        5,          1,    5,          1.00,          3.50,       2.39,      23.93,     83.83,          2.14
        5,          1,    6,          1.18,          3.50,       2.49,      24.93,     87.30,          2.11
        5,          1,    7,          1.33,          3.50,       2.59,      25.89,     90.66,          2.07
        5,          2,    1,         -3.12,          3.50,       1.70,      17.02,     59.62,          1.41
        5,          2,    2,         -0.02,          3.50,       2.10,      20.99,     73.53,          2.05
        5,          2,    3,          0.91,          3.50,       2.30,      23.04,     80.71,          2.21
        5,          2,    4,          1.12,          3.50,       2.45,      24.48,     85.71,          2.13
        5,          2,    5,          1.71,          3.50,       2.59,      25.88,     90.62,          2.26
        5,          2,    6,          1.95,          3.50,       2.71,      27.09,     94.85,          2.24
        5,          2,    7,          1.99,          3.50,       2.83,      28.26,     98.94,          2.14
        5,          3,    1,         -2.25,          3.50,       1.82,      18.19,     63.72,          1.53
        5,          3,    2,          0.60,          3.50,       2.26,      22.63,     79.25,          2.11
        5,          3,    3,          1.67,          3.50,       2.53,      25.32,     88.65,          2.30
        5,          3,    4,          2.25,          3.50,       2.73,      27.25,     95.39,          2.38
        5,          3,    5,          2.67,          3.50,       2.90,      29.03,    101.64,          2.41
        5,          3,    6,          2.97,          3.50,       3.05,      30.50,    106.78,          2.42
        5,          3,    7,          2.99,          3.50,       3.19,      31.93,    111.77,          2.29
        5,          4,    1,         -1.67,          3.50,       1.94,      19.42,     68.03,          1.58
        5,          4,    2,          1.23,          3.50,       2.47,      24.71,     86.53,          2.15
        5,          4,    3,          2.38,          3.50,       2.79,      27.93,     97.78,          2.37
        5,          4,    4,          2.72,          3.50,       3.03,      30.25,    105.92,          2.31
        5,          4,    5,          3.46,          3.50,       3.22,      32.17,    112.63,          2.53
        5,          4,    6,          3.75,          3.50,       3.37,      33.71,    118.01,          2.55
        5,          4,    7,          3.96,          3.50,       3.50,      35.05,    122.67,          2.55
        6,          1,    1,         -2.76,          3.50,       1.67,      16.72,     58.57,          1.58
        6,          1,    2,          0.36,          3.50,       2.09,      20.89,     73.18,          2.26
        6,          1,    3,          1.31,          3.50,       2.29,      22.85,     80.05,          2.46
        6,          1,    4,          1.45,          3.50,       2.41,      24.09,     84.37,          2.35
        6,          1,    5,          1.99,          3.50,       2.52,      25.23,     88.37,          2.50
        6,          1,    6,          1.94,          3.50,       2.62,      26.19,     91.71,          2.35
        6,          1,    7,          2.31,          3.50,       2.72,      27.17,     95.14,          2.43
        6,          2,    1,         -2.00,          3.50,       1.79,      17.88,     62.66,          1.67
        6,          2,    2,          0.94,          3.50,       2.21,      22.16,     77.62,          2.36
        6,          2,    3,          1.90,          3.50,       2.43,      24.27,     84.99,          2.58
        6,          2,    4,          2.08,          3.50,       2.58,      25.78,     90.28,          2.47
        6,          2,    5,          2.70,          3.50,       2.72,      27.22,     95.32,          2.65
        6,          2,    6,          2.93,          3.50,       2.84,      28.41,     99.46,          2.63
        6,          2,    7,          3.13,          3.50,       2.96,      29.63,    103.73,          2.61
        6,          3,    1,         -1.33,          3.50,       1.91,      19.13,     67.01,          1.75
        6,          3,    2,          1.61,          3.50,       2.39,      23.90,     83.68,          2.46
        6,          3,    3,          2.58,          3.50,       2.67,      26.68,     93.44,          2.64
        6,          3,    4,          3.25,          3.50,       2.87,      28.68,    100.43,          2.80
        6,          3,    5,          3.67,          3.50,       3.05,      30.51,    106.80,          2.85
        6,          3,    6,          3.97,          3.50,       3.21,      32.08,    112.31,          2.86
        6,          3,    7,          4.22,          3.50,       3.35,      33.51,    117.31,          2.86
        6,          4,    1,         -0.79,          3.50,       2.04,      20.40,     71.47,          1.79
        6,          4,    2,          2.02,          3.50,       2.60,      26.04,     91.18,          2.40
        6,          4,    3,          3.21,          3.50,       2.95,      29.47,    103.16,          2.67
        6,          4,    4,          4.05,          3.50,       3.19,      31.89,    111.65,          2.92
        6,          4,    5,          4.46,          3.50,       3.39,      33.88,    118.61,          2.98
        6,          4,    6,          4.77,          3.50,       3.56,      35.54,    124.43,          3.01
        6,          4,    7,          4.95,          3.50,       3.69,      36.90,    129.15,          3.00
        7,          1,    1,         -1.86,          3.50,       1.75,      17.49,     61.28,          1.80
        7,          1,    2,          1.46,          3.50,       2.20,      22.03,     77.17,          2.69
        7,          1,    3,          2.46,          3.50,       2.41,      24.10,     84.41,          2.97
        7,          1,    4,          2.89,          3.50,       2.54,      25.43,     89.06,          3.04
        7,          1,    5,          3.13,          3.50,       2.65,      26.53,     92.90,          3.03
        7,          1,    6,          3.07,          3.50,       2.75,      27.47,     96.19,          2.85
        7,          1,    7,          3.44,          3.50,       2.85,      28.51,     99.82,          2.95
        7,          2,    1,         -1.03,          3.50,       1.88,      18.77,     65.76,          1.94
        7,          2,    2,          2.07,          3.50,       2.34,      23.37,     81.83,          2.84
        7,          2,    3,          2.84,          3.50,       2.56,      25.64,     89.77,          2.97
        7,          2,    4,          3.50,          3.50,       2.72,      27.15,     95.07,          3.20
        7,          2,    5,          3.82,          3.50,       2.86,      28.62,    100.21,          3.21
        7,          2,    6,          4.05,          3.50,       2.99,      29.86,    104.53,          3.20
        7,          2,    7,          4.24,          3.50,       3.10,      31.03,    108.63,          3.18
        7,          3,    1,         -0.32,          3.50,       2.01,      20.09,     70.37,          2.05
        7,          3,    2,          2.74,          3.50,       2.53,      25.25,     88.42,          2.97
        7,          3,    3,          3.58,          3.50,       2.82,      28.18,     98.67,          3.10
        7,          3,    4,          4.37,          3.50,       3.02,      30.22,    105.81,          3.39
        7,          3,    5,          4.79,          3.50,       3.22,      32.22,    112.78,          3.43
        7,          3,    6,          5.08,          3.50,       3.38,      33.80,    118.34,          3.45
        7,          3,    7,          5.32,          3.50,       3.53,      35.33,    123.68,          3.45
        7,          4,    1,          0.26,          3.50,       2.15,      21.49,     75.27,          2.11
        7,          4,    2,          3.37,          3.50,       2.75,      27.53,     96.41,          3.05
        7,          4,    3,          4.53,          3.50,       3.11,      31.14,    109.02,          3.38
        7,          4,    4,          5.00,          3.50,       3.38,      33.78,    118.26,          3.39
        7,          4,    5,          5.59,          3.50,       3.59,      35.94,    125.81,          3.60
        7,          4,    6,          5.88,          3.50,       3.77,      37.68,    131.88,          3.63
        7,          4,    7,          6.09,          3.50,       3.92,      39.19,    137.17,          3.63
        8,          1,    1,         -0.94,          3.50,       1.81,      18.13,     63.49,          2.10
        8,          1,    2,          2.50,          3.50,       2.30,      23.02,     80.62,          3.21
        8,          1,    3,          3.50,          3.50,       2.52,      25.21,     88.29,          3.54
        8,          1,    4,          3.94,          3.50,       2.65,      26.55,     92.98,          3.65
        8,          1,    5,          4.17,          3.50,       2.76,      27.66,     96.85,          3.64
        8,          1,    6,          4.33,          3.50,       2.87,      28.69,    100.47,          3.59
        8,          1,    7,          4.39,          3.50,       2.97,      29.67,    103.90,          3.49
        8,          2,    1,         -0.07,          3.50,       1.95,      19.44,     68.10,          2.29
        8,          2,    2,          3.10,          3.50,       2.44,      24.41,     85.47,          3.39
        8,          2,    3,          4.07,          3.50,       2.68,      26.81,     93.88,          3.71
        8,          2,    4,          4.52,          3.50,       2.84,      28.37,     99.35,          3.82
        8,          2,    5,          4.84,          3.50,       2.99,      29.89,    104.66,          3.83
        8,          2,    6,          4.93,          3.50,       3.12,      31.15,    109.04,          3.71
        8,          2,    7,          5.25,          3.50,       3.24,      32.45,    113.60,          3.79
        8,          3,    1,          0.66,          3.50,       2.08,      20.82,     72.94,          2.43
        8,          3,    2,          3.76,          3.50,       2.65,      26.44,     92.59,          3.52
        8,          3,    3,          4.82,          3.50,       2.95,      29.50,    103.30,          3.88
        8,          3,    4,          5.37,          3.50,       3.17,      31.71,    111.00,          4.01
        8,          3,    5,          5.79,          3.50,       3.37,      33.74,    118.12,          4.07
        8,          3,    6,          6.07,          3.50,       3.54,      35.44,    124.05,          4.09
        8,          3,    7,          6.31,          3.50,       3.70,      37.03,    129.63,          4.09
        8,          4,    1,          1.25,          3.50,       2.23,      22.33,     78.22,          2.51
        8,          4,    2,          4.39,          3.50,       2.89,      28.91,    101.20,          3.60
        8,          4,    3,          5.52,          3.50,       3.28,      32.78,    114.77,          3.97
        8,          4,    4,          6.16,          3.50,       3.55,      35.55,    124.45,          4.15
        8,          4,    5,          6.58,          3.50,       3.79,      37.87,    132.56,          4.23
        8,          4,    6,          6.85,          3.50,       3.98,      39.76,    139.18,          4.24
        8,          4,    7,          7.08,          3.50,       4.13,      41.31,    144.57,          4.27
        9,          1,    1,          0.12,          3.50,       1.86,      18.66,     65.36,          2.55
        9,          1,    2,          3.58,          3.50,       2.40,      24.01,     84.08,          3.87
        9,          1,    3,          4.52,          3.50,       2.64,      26.43,     92.54,          4.20
        9,          1,    4,          5.02,          3.50,       2.78,      27.82,     97.40,          4.39
        9,          1,    5,          5.25,          3.50,       2.90,      28.99,    101.50,          4.38
        9,          1,    6,          5.41,          3.50,       3.00,      30.00,    105.03,          4.34
        9,          1,    7,          5.35,          3.50,       3.10,      30.97,    108.41,          4.11
        9,          2,    1,          0.90,          3.50,       2.01,      20.09,     70.38,          2.71
        9,          2,    2,          4.17,          3.50,       2.56,      25.59,     89.62,          4.05
        9,          2,    3,          5.14,          3.50,       2.82,      28.14,     98.53,          4.45
        9,          2,    4,          5.59,          3.50,       2.98,      29.78,    104.25,          4.58
        9,          2,    5,          5.90,          3.50,       3.14,      31.36,    109.79,          4.60
        9,          2,    6,          6.12,          3.50,       3.27,      32.65,    114.31,          4.58
        9,          2,    7,          6.31,          3.50,       3.40,      33.99,    118.99,          4.55
        9,          3,    1,          1.70,          3.50,       2.16,      21.60,     75.66,          2.92
        9,          3,    2,          4.55,          3.50,       2.77,      27.71,     97.03,          3.96
        9,          3,    3,          5.87,          3.50,       3.10,      30.99,    108.48,          4.63
        9,          3,    4,          6.42,          3.50,       3.34,      33.35,    116.74,          4.78
        9,          3,    5,          6.83,          3.50,       3.56,      35.56,    124.48,          4.84
        9,          3,    6,          7.10,          3.50,       3.73,      37.29,    130.55,          4.86
        9,          3,    7,          7.34,          3.50,       3.90,      39.03,    136.60,          4.86
        9,          4,    1,          2.28,          3.50,       2.32,      23.23,     81.35,          3.00
        9,          4,    2,          5.43,          3.50,       3.04,      30.33,    106.19,          4.30
        9,          4,    3,          6.56,          3.50,       3.45,      34.50,    120.78,          4.73
        9,          4,    4,          7.19,          3.50,       3.76,      37.56,    131.46,          4.92
        9,          4,    5,          7.61,          3.50,       4.01,      40.14,    140.48,          5.00
        9,          4,    6,          7.90,          3.50,       4.21,      42.13,    147.45,          5.03
        9,          4,    7,          8.05,          3.50,       4.38,      43.76,    153.15,          4.98
       10,          1,    1,          1.03,          3.50,       1.91,      19.09,     66.88,          3.04
       10,          1,    2,          4.51,          3.50,       2.50,      25.02,     87.60,          4.53
       10,          1,    3,          5.54,          3.50,       2.76,      27.58,     96.57,          5.01
       10,          1,    4,          5.96,          3.50,       2.91,      29.13,    101.98,          5.13
       10,          1,    5,          6.20,          3.50,       3.03,      30.28,    106.00,          5.16
       10,          1,    6,          6.35,          3.50,       3.13,      31.34,    109.73,          5.11
       10,          1,    7,          6.48,          3.50,       3.24,      32.37,    113.33,          5.04
       10,          2,    1,          1.89,          3.50,       2.06,      20.60,     72.16,          3.28
       10,          2,    2,          5.10,          3.50,       2.67,      26.68,     93.41,          4.74
       10,          2,    3,          5.82,          3.50,       2.95,      29.44,    103.08,          4.90
       10,          2,    4,          6.53,          3.50,       3.12,      31.17,    109.13,          5.36
       10,          2,    5,          6.84,          3.50,       3.28,      32.85,    114.99,          5.38
       10,          2,    6,          7.06,          3.50,       3.42,      34.19,    119.67,          5.37
       10,          2,    7,          7.24,          3.50,       3.56,      35.54,    124.42,          5.33
       10,          3,    1,        -88.03,          3.50,       0.17,       1.68,      5.89,         -0.00
       10,          3,    2,          5.73,          3.50,       2.90,      28.99,    101.47,          4.90
       10,          3,    3,          6.58,          3.50,       3.25,      32.52,    113.83,          5.12
       10,          3,    4,          7.21,          3.50,       3.50,      34.97,    122.42,          5.40
       10,          3,    5,          7.75,          3.50,       3.73,      37.30,    130.54,          5.64
       10,          3,    6,          7.92,          3.50,       3.92,      39.22,    137.28,          5.52
       10,          3,    7,          8.26,          3.50,       4.10,      40.96,    143.38,          5.66
       10,          4,    1,          3.16,          3.50,       2.40,      23.98,     83.97,          3.51
       10,          4,    2,          6.33,          3.50,       3.18,      31.83,    111.43,          4.97
       10,          4,    3,          7.48,          3.50,       3.63,      36.30,    127.06,          5.48
       10,          4,    4,          8.10,          3.50,       3.95,      39.53,    138.37,          5.69
       10,          4,    5,          8.52,          3.50,       4.23,      42.31,    148.11,          5.78
       10,          4,    6,          8.69,          3.50,       4.44,      44.39,    155.35,          5.68
       10,          4,    7,          9.03,          3.50,       4.62,      46.23,    161.79,          5.84
       11,          1,    1,          1.83,          3.50,       1.96,      19.56,     68.51,          3.52
       11,          1,    2,          5.39,          3.50,       2.60,      26.04,     91.19,          5.25
       11,          1,    3,          6.46,          3.50,       2.89,      28.88,    101.10,          5.83
       11,          1,    4,          6.90,          3.50,       3.05,      30.51,    106.81,          6.00
       11,          1,    5,          6.83,          3.50,       3.18,      31.79,    111.28,          5.60
       11,          1,    6,          7.28,          3.50,       3.28,      32.83,    114.93,          5.96
       11,          1,    7,          7.11,          3.50,       3.39,      33.87,    118.57,          5.51
       11,          2,    1,          2.72,          3.50,       2.12,      21.16,     74.13,          3.82
       11,          2,    2,          6.00,          3.50,       2.79,      27.90,     97.66,          5.49
       11,          2,    3,          7.00,          3.50,       3.09,      30.87,    108.06,          6.05
       11,          2,    4,          7.46,          3.50,       3.28,      32.72,    114.56,          6.23
       11,          2,    5,          7.77,          3.50,       3.44,      34.45,    120.57,          6.27
       11,          2,    6,          7.98,          3.50,       3.59,      35.87,    125.56,          6.25
       11,          2,    7,          8.17,          3.50,       3.73,      37.27,    130.46,          6.23
       11,          3,    1,          3.42,          3.50,       2.29,      22.90,     80.19,          3.99
       11,          3,    2,          6.63,          3.50,       3.03,      30.32,    106.15,          5.67
       11,          3,    3,          7.71,          3.50,       3.41,      34.15,    119.54,          6.24
       11,          3,    4,          8.25,          3.50,       3.68,      36.78,    128.74,          6.45
       11,          3,    5,          8.66,          3.50,       3.93,      39.30,    137.55,          6.53
       11,          3,    6,          8.93,          3.50,       4.13,      41.26,    144.42,          6.56
       11,          3,    7,          9.17,          3.50,       4.32,      43.16,    151.06,          6.55
       11,          4,    1,          3.98,          3.50,       2.47,      24.75,     86.66,          4.05
       11,          4,    2,          7.12,          3.50,       3.33,      33.31,    116.62,          5.63
       11,          4,    3,          8.38,          3.50,       3.82,      38.23,    133.80,          6.32
       11,          4,    4,          8.70,          3.50,       4.17,      41.72,    146.04,          6.13
       11,          4,    5,          9.43,          3.50,       4.47,      44.70,    156.45,          6.68
       11,          4,    6,          9.72,          3.50,       4.70,      46.95,    164.32,          6.73
       11,          4,    7,          9.94,          3.50,       4.89,      48.90,    171.16,          6.75
       12,          1,    1,          2.61,          3.50,       2.00,      19.98,     70.00,          4.07
       12,          1,    2,          6.27,          3.50,       2.72,      27.20,     95.24,          6.05
       12,          1,    3,          7.39,          3.50,       3.04,      30.38,    106.37,          6.75
       12,          1,    4,          7.84,          3.50,       3.22,      32.16,    112.60,          6.96
       12,          1,    5,          8.08,          3.50,       3.35,      33.46,    117.12,          6.98
       12,          1,    6,          8.23,          3.50,       3.45,      34.52,    120.85,          6.96
       12,          1,    7,          8.36,          3.50,       3.57,      35.67,    124.86,          6.87
       12,          2,    1,          3.47,          3.50,       2.17,      21.72,     76.09,          4.37
       12,          2,    2,          6.73,          3.50,       2.92,      29.24,    102.39,          6.11
       12,          2,    3,          7.90,          3.50,       3.26,      32.59,    114.08,          6.94
       12,          2,    4,          8.22,          3.50,       3.46,      34.53,    120.87,          6.95
       12,          2,    5,          8.72,          3.50,       3.64,      36.42,    127.49,          7.28
       12,          2,    6,          8.93,          3.50,       3.79,      37.86,    132.52,          7.29
       12,          2,    7,          9.12,          3.50,       3.94,      39.40,    137.90,          7.25
       12,          3,    1,          4.20,          3.50,       2.36,      23.54,     82.45,          4.60
       12,          3,    2,          7.52,          3.50,       3.19,      31.89,    111.66,          6.54
       12,          3,    3,          8.63,          3.50,       3.60,      36.05,    126.18,          7.23
       12,          3,    4,          9.19,          3.50,       3.89,      38.90,    136.17,          7.48
       12,          3,    5,          9.60,          3.50,       4.16,      41.62,    145.67,          7.58
       12,          3,    6,          9.85,          3.50,       4.37,      43.69,    152.90,          7.56
       12,          3,    7,         10.12,          3.50,       4.57,      45.72,    160.03,          7.62
       12,          4,    1,          4.76,          3.50,       2.55,      25.49,     89.26,          4.67
       12,          4,    2,          8.10,          3.50,       3.50,      34.99,    122.50,          6.64
       12,          4,    3,          9.21,          3.50,       4.04,      40.40,    141.42,          7.18
       12,          4,    4,          9.93,          3.50,       4.42,      44.18,    154.64,          7.60
       12,          4,    5,         10.38,          3.50,       4.74,      47.44,    166.03,          7.74
       12,          4,    6,         10.67,          3.50,       4.99,      49.89,    174.62,          7.81
       12,          4,    7,         10.89,          3.50,       5.21,      52.04,    182.16,          7.82
       13,          1,    1,          3.34,          3.50,       2.04,      20.38,     71.38,          4.69
       13,          1,    2,          7.17,          3.50,       2.86,      28.57,    100.02,          6.98
       13,          1,    3,          8.37,          3.50,       3.23,      32.26,    112.93,          7.85
       13,          1,    4,          8.86,          3.50,       3.42,      34.18,    119.66,          8.15
       13,          1,    5,          9.06,          3.50,       3.56,      35.58,    124.53,          8.12
       13,          1,    6,          9.25,          3.50,       3.67,      36.71,    128.51,          8.16
       13,          1,    7,          9.37,          3.50,       3.78,      37.82,    132.39,          8.09
       13,          2,    1,          4.23,          3.50,       2.23,      22.28,     78.05,          5.02
       13,          2,    2,          7.81,          3.50,       3.08,      30.76,    107.72,          7.34
       13,          2,    3,          8.93,          3.50,       3.46,      34.56,    121.00,          8.17
       13,          2,    4,          9.35,          3.50,       3.68,      36.76,    128.67,          8.34
       13,          2,    5,          9.73,          3.50,       3.88,      38.76,    135.66,          8.53
       13,          2,    6,          9.95,          3.50,       4.04,      40.33,    141.16,          8.54
       13,          2,    7,         10.14,          3.50,       4.20,      41.97,    146.93,          8.50
       13,          3,    1,          4.95,          3.50,       2.42,      24.24,     84.88,          5.24
       13,          3,    2,          8.45,          3.50,       3.37,      33.67,    117.87,          7.56
       13,          3,    3,          9.62,          3.50,       3.84,      38.35,    134.25,          8.41
       13,          3,    4,         10.20,          3.50,       4.15,      41.46,    145.13,          8.73
       13,          3,    5,         10.35,          3.50,       4.44,      44.35,    155.21,          8.33
       13,          3,    6,         10.90,          3.50,       4.67,      46.64,    163.25,          8.92
       13,          3,    7,         11.14,          3.50,       4.88,      48.81,    170.85,          8.94
       13,          4,    1,          5.42,          3.50,       2.63,      26.27,     91.99,          5.22
       13,          4,    2,          9.03,          3.50,       3.70,      37.02,    129.60,          7.67
       13,          4,    3,         10.28,          3.50,       4.30,      43.02,    150.57,          8.51
       13,          4,    4,         10.93,          3.50,       4.71,      47.14,    164.99,          8.86
       13,          4,    5,         11.40,          3.50,       5.07,      50.73,    177.56,          9.05
       13,          4,    6,         11.70,          3.50,       5.35,      53.51,    187.27,          9.12
       13,          4,    7,         11.93,          3.50,       5.59,      55.85,    195.46,          9.16
       14,          1,    1,          3.88,          3.50,       2.07,      20.74,     72.67,          5.17
       14,          1,    2,          7.90,          3.50,       2.98,      29.75,    104.15,          7.83
       14,          1,    3,          9.22,          3.50,       3.40,      34.01,    119.06,          8.92
       14,          1,    4,          9.74,          3.50,       3.62,      36.17,    126.60,          9.32
       14,          1,    5,          9.99,          3.50,       3.77,      37.65,    131.79,          9.39
       14,          1,    6,          9.92,          3.50,       3.89,      38.89,    136.12,          8.87
       14,          1,    7,         10.21,          3.50,       4.01,      40.04,    140.16,          9.14
       14,          2,    1,          4.78,          3.50,       2.27,      22.72,     79.56,          5.55
       14,          2,    2,          8.58,          3.50,       3.23,      32.28,    113.01,          8.23
       14,          2,    3,          9.78,          3.50,       3.66,      36.58,    128.05,          9.26
       14,          2,    4,         10.29,          3.50,       3.90,      38.98,    136.42,          9.62
       14,          2,    5,         10.62,          3.50,       4.10,      41.05,    143.68,          9.74
       14,          2,    6,         10.83,          3.50,       4.27,      42.74,    149.59,          9.75
       14,          2,    7,         11.03,          3.50,       4.44,      44.42,    155.45,          9.74
       14,          3,    1,          5.53,          3.50,       2.48,      24.81,     86.90,          5.81
       14,          3,    2,          8.97,          3.50,       3.53,      35.31,    123.61,          8.03
       14,          3,    3,         10.22,          3.50,       4.06,      40.60,    142.12,          9.02
       14,          3,    4,         11.07,          3.50,       4.39,      43.94,    153.79,          9.96
       14,          3,    5,         11.32,          3.50,       4.71,      47.05,    164.70,          9.73
       14,          3,    6,         11.79,          3.50,       4.95,      49.50,    173.26,         10.22
       14,          3,    7,         12.05,          3.50,       5.19,      51.94,    181.77,         10.24
       14,          4,    1,          6.10,          3.50,       2.69,      26.91,     94.22,          5.90
       14,          4,    2,          9.81,          3.50,       3.89,      38.92,    136.22,          8.62
       14,          4,    3,         11.13,          3.50,       4.55,      45.55,    159.43,          9.66
       14,          4,    4,         11.81,          3.50,       5.01,      50.02,    175.05,         10.12
       14,          4,    5,         12.28,          3.50,       5.40,      54.00,    188.99,         10.33
       14,          4,    6,         12.60,          3.50,       5.70,      56.99,    199.45,         10.45
       14,          4,    7,         12.74,          3.50,       5.96,      59.59,    208.56,         10.25
       15,          1,    1,          4.30,          3.50,       2.11,      21.08,     73.85,          5.58
       15,          1,    2,          8.37,          3.50,       3.09,      30.87,    108.07,          8.33
       15,          1,    3,         10.01,          3.50,       3.59,      35.86,    125.54,         10.04
       15,          1,    4,         10.58,          3.50,       3.84,      38.34,    134.21,         10.52
       15,          1,    5,         10.71,          3.50,       4.00,      40.00,    140.00,         10.29
       15,          1,    6,         11.01,          3.50,       4.12,      41.21,    144.24,         10.64
       15,          1,    7,         11.14,          3.50,       4.24,      42.45,    148.57,         10.56
       15,          2,    1,          5.23,          3.50,       2.31,      23.15,     81.07,          5.99
       15,          2,    2,          9.27,          3.50,       3.37,      33.69,    117.93,          9.13
       15,          2,    3,         10.59,          3.50,       3.87,      38.67,    135.36,         10.41
       15,          2,    4,         11.10,          3.50,       4.13,      41.29,    144.53,         10.81
       15,          2,    5,         11.46,          3.50,       4.35,      43.53,    152.36,         11.04
       15,          2,    6,         11.68,          3.50,       4.53,      45.33,    158.68,         11.06
       15,          2,    7,         11.88,          3.50,       4.71,      47.04,    164.67,         11.07
       15,          3,    1,          5.98,          3.50,       2.53,      25.30,     88.60,          6.28
       15,          3,    2,          9.93,          3.50,       3.70,      36.98,    129.45,          9.46
       15,          3,    3,         11.27,          3.50,       4.29,      42.92,    150.23,         10.74
       15,          3,    4,         11.65,          3.50,       4.66,      46.57,    162.98,         10.62
       15,          3,    5,         12.25,          3.50,       4.99,      49.92,    174.71,         11.24
       15,          3,    6,         12.65,          3.50,       5.26,      52.56,    183.97,         11.61
       15,          3,    7,         12.88,          3.50,       5.52,      55.18,    193.12,         11.58
       15,          4,    1,          6.56,          3.50,       2.74,      27.42,     96.01,          6.42
       15,          4,    2,         10.52,          3.50,       4.08,      40.76,    142.68,          9.60
       15,          4,    3,         11.64,          3.50,       4.81,      48.04,    168.17,         10.20
       15,          4,    4,         12.64,          3.50,       5.30,      53.03,    185.61,         11.46
       15,          4,    5,         13.09,          3.50,       5.74,      57.38,    200.81,         11.60
       15,          4,    6,         13.50,          3.50,       6.07,      60.69,    212.39,         11.96
       15,          4,    7,         13.65,          3.50,       6.35,      63.49,    222.17,         11.77
       16,          1,    1,          4.58,          3.50,       2.14,      21.41,     75.00,          5.83
       16,          1,    2,          8.93,          3.50,       3.20,      32.00,    112.03,          9.06
       16,          1,    3,         10.66,          3.50,       3.79,      37.89,    132.63,         10.89
       16,          1,    4,         11.45,          3.50,       4.08,      40.80,    142.80,         11.92
       16,          1,    5,         11.74,          3.50,       4.26,      42.58,    149.05,         12.12
       16,          1,    6,         11.92,          3.50,       4.39,      43.91,    153.68,         12.16
       16,          1,    7,         12.04,          3.50,       4.52,      45.17,    158.10,         12.08
       16,          2,    1,          5.55,          3.50,       2.35,      23.52,     82.36,          6.31
       16,          2,    2,          9.92,          3.50,       3.51,      35.13,    122.96,         10.07
       16,          2,    3,         11.40,          3.50,       4.10,      41.01,    143.56,         11.71
       16,          2,    4,         11.99,          3.50,       4.40,      43.97,    153.88,         12.33
       16,          2,    5,         12.35,          3.50,       4.64,      46.35,    162.23,         12.56
       16,          2,    6,         12.41,          3.50,       4.82,      48.13,    168.46,         12.20
       16,          2,    7,         12.78,          3.50,       5.01,      50.04,    175.15,         12.69
       16,          3,    1,          6.31,          3.50,       2.57,      25.72,     90.05,          6.63
       16,          3,    2,         10.61,          3.50,       3.87,      38.71,    135.50,         10.47
       16,          3,    3,         12.09,          3.50,       4.55,      45.51,    159.30,         12.10
       16,          3,    4,         12.53,          3.50,       4.95,      49.48,    173.17,         12.12
       16,          3,    5,         13.27,          3.50,       5.31,      53.12,    185.90,         13.24
       16,          3,    6,         13.63,          3.50,       5.59,      55.92,    195.71,         13.56
       16,          3,    7,         13.95,          3.50,       5.87,      58.74,    205.55,         13.82
       16,          4,    1,          6.87,          3.50,       2.79,      27.96,     97.90,          6.72
       16,          4,    2,         11.20,          3.50,       4.27,      42.65,    149.29,         10.65
       16,          4,    3,         12.76,          3.50,       5.09,      50.91,    178.21,         12.36
       16,          4,    4,         13.59,          3.50,       5.64,      56.34,    197.17,         13.30
       16,          4,    5,         14.09,          3.50,       6.10,      60.97,    213.34,         13.66
       16,          4,    6,         14.64,          3.50,       6.44,      64.36,    225.21,         14.57
       16,          4,    7,         14.89,          3.50,       6.72,      67.21,    235.14,         14.71
       17,          1,    1,          4.77,          3.50,       2.16,      21.63,     75.76,          5.99
       17,          1,    2,          9.63,          3.50,       3.30,      32.95,    115.37,         10.25
       17,          1,    3,         11.51,          3.50,       3.99,      39.93,    139.77,         12.43
       17,          1,    4,         12.17,          3.50,       4.32,      43.19,    151.18,         13.13
       17,          1,    5,         12.59,          3.50,       4.51,      45.13,    157.95,         13.72
       17,          1,    6,         12.77,          3.50,       4.64,      46.42,    162.45,         13.85
       17,          1,    7,         12.61,          3.50,       4.75,      47.53,    166.37,         12.97
       17,          2,    1,          5.75,          3.50,       2.38,      23.82,     83.41,          6.51
       17,          2,    2,         10.46,          3.50,       3.64,      36.38,    127.35,         10.93
       17,          2,    3,         12.16,          3.50,       4.33,      43.31,    151.58,         13.06
       17,          2,    4,         12.79,          3.50,       4.65,      46.51,    162.81,         13.86
       17,          2,    5,         13.24,          3.50,       4.89,      48.93,    171.26,         14.50
       17,          2,    6,         13.52,          3.50,       5.08,      50.79,    177.76,         14.78
       17,          2,    7,         13.76,          3.50,       5.28,      52.81,    184.84,         14.94
       17,          3,    1,          6.51,          3.50,       2.61,      26.09,     91.34,          6.82
       17,          3,    2,         10.89,          3.50,       4.02,      40.24,    140.83,         10.65
       17,          3,    3,         12.94,          3.50,       4.80,      47.97,    167.88,         13.82
       17,          3,    4,         13.46,          3.50,       5.23,      52.31,    183.07,         14.10
       17,          3,    5,         14.24,          3.50,       5.62,      56.22,    196.76,         15.50
       17,          3,    6,         14.73,          3.50,       5.94,      59.36,    207.75,         16.31
       17,          3,    7,         15.09,          3.50,       6.24,      62.38,    218.29,         16.77
       17,          4,    1,          7.08,          3.50,       2.84,      28.36,     99.32,          6.92
       17,          4,    2,         11.81,          3.50,       4.43,      44.30,    155.05,         11.72
       17,          4,    3,         13.74,          3.50,       5.36,      53.59,    187.56,         14.62
       17,          4,    4,         14.43,          3.50,       5.92,      59.22,    207.23,         15.26
       17,          4,    5,         15.33,          3.50,       6.39,      63.91,    223.62,         17.23
       17,          4,    6,         15.74,          3.50,       6.74,      67.42,    235.84,         17.84
       17,          4,    7,         16.05,          3.50,       7.03,      70.30,    245.88,         18.29
       18,          1,    1,          4.90,          3.50,       2.19,      21.91,     76.77,          6.06
       18,          1,    2,         10.07,          3.50,       3.38,      33.81,    118.36,         10.99
       18,          1,    3,         12.37,          3.50,       4.18,      41.82,    146.38,         14.31
       18,          1,    4,         13.25,          3.50,       4.56,      45.54,    159.39,         15.82
       18,          1,    5,         13.64,          3.50,       4.75,      47.54,    166.39,         16.43
       18,          1,    6,         13.84,          3.50,       4.90,      48.94,    171.31,         16.62
       18,          1,    7,         13.98,          3.50,       5.02,      50.22,    175.75,         16.66
       18,          2,    1,          5.93,          3.50,       2.41,      24.14,     84.55,          6.67
       18,          2,    2,         11.06,          3.50,       3.75,      37.52,    131.33,         12.09
       18,          2,    3,         13.17,          3.50,       4.57,      45.72,    160.00,         15.46
       18,          2,    4,         13.96,          3.50,       4.94,      49.43,    173.00,         16.89
       18,          2,    5,         14.43,          3.50,       5.23,      52.37,    183.30,         17.59
       18,          2,    6,         14.58,          3.50,       5.46,      54.57,    190.97,         17.38
       18,          2,    7,         14.99,          3.50,       5.69,      56.94,    199.26,         18.20
       18,          3,    1,          6.70,          3.50,       2.65,      26.50,     92.79,          6.99
       18,          3,    2,         11.72,          3.50,       4.17,      41.72,    146.00,         12.35
       18,          3,    3,         14.05,          3.50,       5.08,      50.75,    177.62,         16.75
       18,          3,    4,         14.92,          3.50,       5.59,      55.84,    195.45,         18.31
       18,          3,    5,         15.26,          3.50,       6.03,      60.31,    211.07,         18.12
       18,          3,    6,         15.95,          3.50,       6.38,      63.84,    223.36,         19.94
       18,          3,    7,         16.32,          3.50,       6.72,      67.16,    234.94,         20.46
       18,          4,    1,          7.28,          3.50,       2.88,      28.78,    100.77,          7.11
       18,          4,    2,         12.74,          3.50,       4.59,      45.85,    160.46,         13.93
       18,          4,    3,         14.91,          3.50,       5.64,      56.40,    197.39,         18.03
       18,          4,    4,         15.85,          3.50,       6.27,      62.71,    219.43,         19.87
       18,          4,    5,         16.50,          3.50,       6.80,      67.95,    237.72,         21.09
       18,          4,    6,         16.91,          3.50,       7.17,      71.69,    250.77,         21.80
       18,          4,    7,         17.21,          3.50,       7.47,      74.68,    261.18,         22.32
       19,          1,    1,          5.07,          3.50,       2.21,      22.15,     77.57,          6.25
       19,          1,    2,         10.69,          3.50,       3.46,      34.56,    120.97,         12.34
       19,          1,    3,         13.24,          3.50,       4.37,      43.66,    152.81,         16.66
       19,          1,    4,         14.27,          3.50,       4.83,      48.33,    169.14,         18.70
       19,          1,    5,         14.77,          3.50,       5.10,      50.96,    178.36,         19.68
       19,          1,    6,         14.74,          3.50,       5.28,      52.75,    184.64,         18.80
       19,          1,    7,         14.94,          3.50,       5.43,      54.29,    190.00,         19.01
       19,          2,    1,          6.12,          3.50,       2.45,      24.46,     85.66,          6.86
       19,          2,    2,         11.78,          3.50,       3.86,      38.65,    135.28,         13.78
       19,          2,    3,         14.15,          3.50,       4.83,      48.31,    169.07,         18.17
       19,          2,    4,         15.07,          3.50,       5.32,      53.15,    186.03,         20.09
       19,          2,    5,         15.61,          3.50,       5.67,      56.67,    198.33,         21.11
       19,          2,    6,         15.88,          3.50,       5.93,      59.29,    207.51,         21.31
       19,          2,    7,         16.22,          3.50,       6.19,      61.88,    216.54,         21.98
       19,          3,    1,          6.80,          3.50,       2.68,      26.81,     93.89,          7.04
       19,          3,    2,         12.73,          3.50,       4.29,      42.92,    150.22,         15.11
       19,          3,    3,         15.08,          3.50,       5.39,      53.85,    188.47,         19.81
       19,          3,    4,         16.03,          3.50,       5.98,      59.84,    209.43,         21.83
       19,          3,    5,         16.66,          3.50,       6.49,      64.87,    226.96,         23.05
       19,          3,    6,         17.07,          3.50,       6.88,      68.74,    240.49,         23.75
       19,          3,    7,         17.42,          3.50,       7.23,      72.27,    252.77,         24.36
       19,          4,    1,          7.68,          3.50,       2.91,      29.13,    101.98,          7.71
       19,          4,    2,         13.55,          3.50,       4.71,      47.14,    164.99,         16.29
       19,          4,    3,        -32.71,          3.50,       0.93,       9.25,     32.40,          0.01
       19,          4,    4,        -30.29,          3.50,       1.00,      10.00,     35.03,          0.01
       19,          4,    5,        -28.80,          3.50,       1.07,      10.75,     37.67,          0.01
       19,          4,    6,        -27.57,          3.50,       1.15,      11.44,     40.10,          0.01
       19,          4,    7,        -26.58,          3.50,       1.21,      12.15,     42.56,          0.01
       20,          1,    1,        -40.20,          3.50,       0.79,       7.87,     27.59,          0.00
       20,          1,    2,        -34.80,          3.50,       0.85,       8.51,     29.82,          0.01
       20,          1,    3,        -31.83,          3.50,       0.92,       9.22,     32.32,          0.01
       20,          1,    4,        -29.69,          3.50,       0.99,       9.94,     34.85,          0.01
       20,          1,    5,        -28.34,          3.50,       1.06,      10.64,     37.28,          0.01
       20,          1,    6,        -27.20,          3.50,       1.13,      11.34,     39.73,          0.01
       20,          1,    7,        -26.25,          3.50,       1.20,      11.97,     41.94,          0.01
       20,          2,    1,        -40.40,          3.50,       0.79,       7.85,     27.51,          0.00
       20,          2,    2,        -35.24,          3.50,       0.85,       8.51,     29.81,          0.01
       20,          2,    3,        -32.47,          3.50,       0.92,       9.23,     32.33,          0.01
       20,          2,    4,         16.10,          3.50,       5.70,      57.00,    199.48,         23.32
       20,          2,    5,         16.68,          3.50,       6.10,      61.00,    213.43,         24.71
       20,          2,    6,         16.93,          3.50,       6.40,      63.95,    223.75,         24.77
       20,          2,    7,         17.32,          3.50,       6.68,      66.83,    233.79,         25.80
       20,          3,    1,          7.80,          3.50,       2.72,      27.22,     95.30,          8.71
       20,          3,    2,         13.15,          3.50,       4.41,      44.04,    154.15,         16.14
       20,          3,    3,         15.91,          3.50,       5.69,      56.93,    199.23,         22.53
       20,          3,    4,         17.04,          3.50,       6.41,      64.11,    224.32,         25.49
       20,          3,    5,         17.69,          3.50,       6.97,      69.66,    243.68,         27.01
       20,          3,    6,         18.10,          3.50,       7.38,      73.82,    258.16,         27.85
       20,          3,    7,         18.15,          3.50,       7.77,      77.69,    271.63,         26.61
       20,          4,    1,          8.62,          3.50,       2.95,      29.54,    103.43,          9.40
       20,          4,    2,         14.20,          3.50,       4.83,      48.33,    169.13,         18.39
       20,          4,    3,         16.76,          3.50,       6.28,      62.79,    219.69,         24.47
       20,          4,    4,         17.86,          3.50,       7.13,      71.29,    249.35,         27.33
       20,          4,    5,         18.53,          3.50,       7.78,      77.80,    272.03,         28.98
       20,          4,    6,         18.94,          3.50,       8.26,      82.53,    288.58,         29.87
       20,          4,    7,         19.24,          3.50,       8.62,      86.21,    301.38,         30.50
       21,          1,    1,          6.36,          3.50,       2.27,      22.70,     79.51,          8.17
       21,          1,    2,         11.95,          3.50,       3.59,      35.94,    125.82,         15.80
       21,          1,    3,         14.71,          3.50,       4.70,      47.00,    164.48,         21.45
       21,          1,    4,         16.03,          3.50,       5.39,      53.90,    188.64,         24.72
       21,          1,    5,         16.50,          3.50,       5.77,      57.73,    202.05,         25.47
       21,          1,    6,         16.97,          3.50,       6.00,      59.93,    209.72,         27.19
       21,          1,    7,         17.19,          3.50,       6.18,      61.80,    216.24,         27.59
       21,          2,    1,          7.72,          3.50,       2.51,      25.13,     88.02,          9.60
       21,          2,    2,         13.03,          3.50,       4.04,      40.44,    141.55,         17.43
       21,          2,    3,         15.52,          3.50,       5.30,      52.96,    185.35,         22.42
       21,          2,    4,         16.94,          3.50,       6.03,      60.36,    211.24,         26.77
       21,          2,    5,         17.58,          3.50,       6.49,      64.87,    226.96,         28.59
       21,          2,    6,         17.95,          3.50,       6.80,      67.94,    237.66,         29.49
       21,          2,    7,         18.25,          3.50,       7.10,      70.98,    248.30,         30.09
       21,          3,    1,          8.63,          3.50,       2.76,      27.58,     96.57,         10.37
       21,          3,    2,         13.94,          3.50,       4.51,      45.09,    157.81,         18.85
       21,          3,    3,         16.65,          3.50,       5.95,      59.46,    208.09,         25.45
       21,          3,    4,         17.91,          3.50,       6.83,      68.31,    238.97,         29.02
       21,          3,    5,         18.38,          3.50,       7.45,      74.44,    260.33,         29.41
       21,          3,    6,         19.04,          3.50,       7.91,      79.08,    276.51,         32.03
       21,          3,    7,         19.20,          3.50,       8.32,      83.23,    290.98,         31.39
       21,          4,    1,          9.37,          3.50,       3.00,      29.96,    104.90,         10.98
       21,          4,    2,         14.72,          3.50,       4.95,      49.44,    173.05,         20.19
       21,          4,    3,         17.43,          3.50,       6.57,      65.64,    229.64,         27.22
       21,          4,    4,         18.71,          3.50,       7.59,      75.95,    265.60,         31.02
       21,          4,    5,         19.43,          3.50,       8.33,      83.33,    291.32,         33.05
       21,          4,    6,         19.59,          3.50,       8.86,      88.56,    309.59,         32.10
       21,          4,    7,         20.10,          3.50,       9.28,      92.84,    324.58,         34.29
       22,          1,    1,          7.31,          3.50,       2.29,      22.92,     80.30,         10.04
       22,          1,    2,         12.54,          3.50,       3.65,      36.50,    127.76,         17.74
       22,          1,    3,         15.27,          3.50,       4.80,      48.04,    168.14,         23.79
       22,          1,    4,         16.68,          3.50,       5.60,      56.01,    196.02,         27.50
       22,          1,    5,         17.37,          3.50,       6.05,      60.50,    211.71,         29.50
       22,          1,    6,         17.67,          3.50,       6.30,      62.94,    220.25,         30.21
       22,          1,    7,         17.92,          3.50,       6.50,      65.03,    227.53,         30.83
       22,          2,    1,          8.46,          3.50,       2.54,      25.39,     88.91,         11.25
       22,          2,    2,         13.56,          3.50,       4.11,      41.06,    143.71,         19.39
       22,          2,    3,         16.30,          3.50,       5.44,      54.39,    190.37,         26.01
       22,          2,    4,         17.35,          3.50,       6.31,      63.06,    220.68,         27.99
       22,          2,    5,         18.36,          3.50,       6.83,      68.31,    238.97,         32.26
       22,          2,    6,         18.74,          3.50,       7.17,      71.65,    250.61,         33.40
       22,          2,    7,         18.84,          3.50,       7.48,      74.76,    261.48,         32.60
       22,          3,    1,          9.37,          3.50,       2.79,      27.91,     97.72,         12.18
       22,          3,    2,         14.30,          3.50,       4.59,      45.92,    160.74,         20.07
       22,          3,    3,         17.21,          3.50,       6.12,      61.23,    214.26,         28.02
       22,          3,    4,         18.59,          3.50,       7.21,      72.06,    252.04,         32.06
       22,          3,    5,         19.43,          3.50,       7.92,      79.20,    276.92,         35.02
       22,          3,    6,         19.88,          3.50,       8.42,      84.14,    294.17,         36.35
       22,          3,    7,         20.24,          3.50,       8.88,      88.80,    310.46,         37.26
       22,          4,    1,         10.04,          3.50,       3.03,      30.30,    106.07,         12.67
       22,          4,    2,         15.21,          3.50,       5.05,      50.48,    176.70,         22.07
       22,          4,    3,         17.96,          3.50,       6.79,      67.87,    237.41,         29.61
       22,          4,    4,         19.44,          3.50,       8.05,      80.43,    281.21,         34.51
       22,          4,    5,         20.25,          3.50,       8.92,      89.17,    311.72,         37.13
       22,          4,    6,         20.71,          3.50,       9.52,      95.16,    332.69,         38.44
       22,          4,    7,         21.03,          3.50,      10.01,     100.04,    349.71,         39.23

