[Radio] Initializing ... success!
Connected to RF power monitor: Rohde&Schwarz,FPC1500,1328.6660K03/205785,V1.80
Connected to DC power monitor: radiolib-org,DCpowerMon,070dd3d
setCurrentLimit, code 0

Set [dBm],paDutyCycle,hpMax,Measured [dBm],Bus voltage[V],Voltage[mV],Current[mA],Power [mW],Efficiency [%]
       -9,          1,    1,        -17.07,          3.50,       0.95,       9.52,     33.36,          0.23
       -9,          1,    2,        -14.53,          3.50,       1.07,      10.71,     37.55,          0.28
       -9,          1,    3,        -13.63,          3.50,       1.17,      11.66,     40.86,          0.27
       -9,          1,    4,        -13.11,          3.50,       1.25,      12.46,     43.66,          0.26
       -9,          1,    5,        -12.77,          3.50,       1.32,      13.25,     46.42,          0.25
       -9,          1,    6,        -12.50,          3.50,       1.39,      13.94,     48.86,          0.24
       -9,          1,    7,        -12.26,          3.50,       1.47,      14.73,     51.59,          0.22
       -9,          2,    1,        -16.45,          3.50,       0.97,       9.73,     34.08,          0.25
       -9,          2,    2,        -14.05,          3.50,       1.10,      10.97,     38.44,          0.29
       -9,          2,    3,        -13.24,          3.50,       1.19,      11.94,     41.84,          0.28
       -9,          2,    4,        -12.59,          3.50,       1.28,      12.81,     44.90,          0.27
       -9,          2,    5,        -12.17,          3.50,       1.36,      13.65,     47.85,          0.26
       -9,          2,    6,        -11.87,          3.50,       1.45,      14.48,     50.73,          0.25
       -9,          2,    7,        -11.59,          3.50,       1.52,      15.26,     53.46,          0.24
       -9,          3,    1,        -16.09,          3.50,       0.99,       9.95,     34.86,          0.25
       -9,          3,    2,        -13.46,          3.50,       1.13,      11.35,     39.78,          0.30
       -9,          3,    3,        -12.44,          3.50,       1.24,      12.46,     43.65,          0.30
       -9,          3,    4,        -11.79,          3.50,       1.34,      13.44,     47.09,          0.30
       -9,          3,    5,        -11.31,          3.50,       1.44,      14.39,     50.43,          0.29
       -9,          3,    6,        -10.95,          3.50,       1.53,      15.27,     53.51,          0.28
       -9,          3,    7,        -10.89,          3.50,       1.61,      16.13,     56.51,          0.26
       -9,          4,    1,        -15.45,          3.50,       1.02,      10.18,     35.67,          0.26
       -9,          4,    2,        -12.91,          3.50,       1.18,      11.79,     41.31,          0.31
       -9,          4,    3,        -11.82,          3.50,       1.31,      13.06,     45.76,          0.31
       -9,          4,    4,        -11.14,          3.50,       1.41,      14.13,     49.51,          0.31
       -9,          4,    5,        -11.02,          3.50,       1.51,      15.11,     52.94,          0.28
       -9,          4,    6,        -10.61,          3.50,       1.60,      15.94,     55.84,          0.28
       -9,          4,    7,        -10.33,          3.50,       1.68,      16.78,     58.80,          0.27
       -8,          1,    1,        -15.80,          3.50,       0.98,       9.80,     34.34,          0.28
       -8,          1,    2,        -13.26,          3.50,       1.11,      11.11,     38.91,          0.34
       -8,          1,    3,        -12.39,          3.50,       1.20,      12.03,     42.15,          0.34
       -8,          1,    4,        -11.90,          3.50,       1.29,      12.87,     45.08,          0.32
       -8,          1,    5,        -11.58,          3.50,       1.36,      13.66,     47.87,          0.30
       -8,          1,    6,        -11.34,          3.50,       1.44,      14.39,     50.43,          0.29
       -8,          1,    7,        -11.10,          3.50,       1.52,      15.17,     53.15,          0.27
       -8,          2,    1,        -15.18,          3.50,       1.00,      10.01,     35.10,          0.30
       -8,          2,    2,        -12.77,          3.50,       1.14,      11.39,     39.89,          0.35
       -8,          2,    3,        -12.16,          3.50,       1.24,      12.38,     43.38,          0.33
       -8,          2,    4,        -11.35,          3.50,       1.33,      13.31,     46.64,          0.34
       -8,          2,    5,        -10.96,          3.50,       1.42,      14.20,     49.76,          0.32
       -8,          2,    6,        -10.88,          3.50,       1.50,      14.99,     52.51,          0.30
       -8,          2,    7,        -10.41,          3.50,       1.58,      15.78,     55.28,          0.30
       -8,          3,    1,        -14.63,          3.50,       1.03,      10.26,     35.96,          0.31
       -8,          3,    2,        -12.18,          3.50,       1.18,      11.80,     41.35,          0.37
       -8,          3,    3,        -11.17,          3.50,       1.30,      12.99,     45.50,          0.37
       -8,          3,    4,        -10.55,          3.50,       1.40,      13.99,     49.03,          0.37
       -8,          3,    5,        -10.08,          3.50,       1.50,      15.00,     52.54,          0.36
       -8,          3,    6,         -9.73,          3.50,       1.59,      15.91,     55.74,          0.35
       -8,          3,    7,         -9.45,          3.50,       1.68,      16.74,     58.65,          0.34
       -8,          4,    1,        -14.40,          3.50,       1.06,      10.58,     37.05,          0.30
       -8,          4,    2,        -11.63,          3.50,       1.23,      12.31,     43.16,          0.37
       -8,          4,    3,        -10.55,          3.50,       1.36,      13.63,     47.75,          0.38
       -8,          4,    4,         -9.88,          3.50,       1.48,      14.82,     51.91,          0.38
       -8,          4,    5,         -9.76,          3.50,       1.58,      15.79,     55.32,          0.35
       -8,          4,    6,         -9.37,          3.50,       1.67,      16.70,     58.49,          0.34
       -8,          4,    7,         -8.90,          3.50,       1.75,      17.54,     61.45,          0.35
       -7,          1,    1,        -14.72,          3.50,       1.01,      10.05,     35.20,          0.33
       -7,          1,    2,        -12.48,          3.50,       1.15,      11.47,     40.18,          0.37
       -7,          1,    3,        -11.33,          3.50,       1.24,      12.39,     43.42,          0.40
       -7,          1,    4,        -10.85,          3.50,       1.33,      13.25,     46.42,          0.38
       -7,          1,    5,        -10.65,          3.50,       1.40,      14.03,     49.17,          0.35
       -7,          1,    6,        -10.31,          3.50,       1.48,      14.82,     51.92,          0.34
       -7,          1,    7,        -10.10,          3.50,       1.56,      15.59,     54.60,          0.33
       -7,          2,    1,        -14.08,          3.50,       1.03,      10.28,     36.03,          0.35
       -7,          2,    2,        -11.69,          3.50,       1.18,      11.80,     41.34,          0.41
       -7,          2,    3,        -10.81,          3.50,       1.28,      12.83,     44.97,          0.42
       -7,          2,    4,        -10.53,          3.50,       1.37,      13.73,     48.13,          0.38
       -7,          2,    5,         -9.94,          3.50,       1.46,      14.66,     51.36,          0.38
       -7,          2,    6,         -9.86,          3.50,       1.54,      15.47,     54.21,          0.35
       -7,          2,    7,         -9.36,          3.50,       1.63,      16.31,     57.14,          0.36
       -7,          3,    1,        -13.51,          3.50,       1.06,      10.57,     37.05,          0.37
       -7,          3,    2,        -11.08,          3.50,       1.23,      12.25,     42.91,          0.43
       -7,          3,    3,        -10.08,          3.50,       1.35,      13.51,     47.35,          0.44
       -7,          3,    4,         -9.46,          3.50,       1.46,      14.58,     51.09,          0.43
       -7,          3,    5,         -9.02,          3.50,       1.56,      15.59,     54.63,          0.42
       -7,          3,    6,         -8.94,          3.50,       1.65,      16.53,     57.92,          0.39
       -7,          3,    7,         -8.41,          3.50,       1.73,      17.37,     60.85,          0.40
       -7,          4,    1,        -13.05,          3.50,       1.10,      10.96,     38.39,          0.36
       -7,          4,    2,        -10.52,          3.50,       1.29,      12.85,     45.04,          0.44
       -7,          4,    3,         -9.64,          3.50,       1.43,      14.26,     49.96,          0.43
       -7,          4,    4,         -8.80,          3.50,       1.55,      15.48,     54.25,          0.45
       -7,          4,    5,         -8.38,          3.50,       1.65,      16.53,     57.90,          0.44
       -7,          4,    6,         -8.07,          3.50,       1.74,      17.39,     60.94,          0.43
       -7,          4,    7,         -7.85,          3.50,       1.83,      18.31,     64.16,          0.42
       -6,          1,    1,        -13.74,          3.50,       1.03,      10.30,     36.11,          0.38
       -6,          1,    2,        -11.22,          3.50,       1.18,      11.82,     41.39,          0.46
       -6,          1,    3,        -10.38,          3.50,       1.28,      12.81,     44.89,          0.46
       -6,          1,    4,         -9.91,          3.50,       1.36,      13.63,     47.75,          0.45
       -6,          1,    5,         -9.62,          3.50,       1.45,      14.48,     50.76,          0.42
       -6,          1,    6,         -9.38,          3.50,       1.52,      15.25,     53.42,          0.41
       -6,          1,    7,         -9.18,          3.50,       1.60,      16.02,     56.11,          0.39
       -6,          2,    1,        -13.10,          3.50,       1.06,      10.59,     37.11,          0.40
       -6,          2,    2,        -10.72,          3.50,       1.21,      12.17,     42.64,          0.48
       -6,          2,    3,         -9.83,          3.50,       1.33,      13.25,     46.42,          0.48
       -6,          2,    4,         -9.34,          3.50,       1.42,      14.21,     49.77,          0.47
       -6,          2,    5,         -8.96,          3.50,       1.51,      15.13,     53.02,          0.45
       -6,          2,    6,         -8.69,          3.50,       1.60,      15.97,     55.95,          0.44
       -6,          2,    7,         -8.64,          3.50,       1.68,      16.81,     58.90,          0.40
       -6,          3,    1,        -12.61,          3.50,       1.10,      10.97,     38.43,          0.41
       -6,          3,    2,        -10.10,          3.50,       1.27,      12.71,     44.54,          0.50
       -6,          3,    3,         -9.11,          3.50,       1.40,      14.01,     49.07,          0.51
       -6,          3,    4,         -8.50,          3.50,       1.52,      15.15,     53.10,          0.50
       -6,          3,    5,         -8.06,          3.50,       1.62,      16.22,     56.82,          0.49
       -6,          3,    6,         -7.73,          3.50,       1.71,      17.11,     59.93,          0.48
       -6,          3,    7,         -7.47,          3.50,       1.81,      18.09,     63.37,          0.47
       -6,          4,    1,        -12.06,          3.50,       1.14,      11.37,     39.85,          0.42
       -6,          4,    2,         -9.53,          3.50,       1.34,      13.40,     46.96,          0.50
       -6,          4,    3,         -8.47,          3.50,       1.49,      14.91,     52.23,          0.52
       -6,          4,    4,         -7.82,          3.50,       1.61,      16.17,     56.65,          0.52
       -6,          4,    5,         -7.63,          3.50,       1.72,      17.22,     60.33,          0.49
       -6,          4,    6,         -7.11,          3.50,       1.82,      18.20,     63.77,          0.50
       -6,          4,    7,         -6.89,          3.50,       1.91,      19.09,     66.87,          0.49
       -5,          1,    1,        -12.09,          3.50,       1.08,      10.84,     37.98,          0.48
       -5,          1,    2,         -9.55,          3.50,       1.25,      12.51,     43.83,          0.59
       -5,          1,    3,         -8.72,          3.50,       1.36,      13.58,     47.59,          0.59
       -5,          1,    4,         -8.28,          3.50,       1.45,      14.49,     50.78,          0.58
       -5,          1,    5,         -8.00,          3.50,       1.53,      15.33,     53.73,          0.55
       -5,          1,    6,         -7.79,          3.50,       1.61,      16.13,     56.50,          0.53
       -5,          1,    7,         -7.60,          3.50,       1.69,      16.86,     59.07,          0.51
       -5,          2,    1,        -11.44,          3.50,       1.13,      11.27,     39.48,          0.49
       -5,          2,    2,         -9.06,          3.50,       1.30,      12.98,     45.48,          0.60
       -5,          2,    3,         -8.48,          3.50,       1.41,      14.12,     49.49,          0.58
       -5,          2,    4,         -7.69,          3.50,       1.51,      15.14,     53.04,          0.60
       -5,          2,    5,         -7.32,          3.50,       1.61,      16.11,     56.44,          0.59
       -5,          2,    6,         -7.06,          3.50,       1.70,      16.96,     59.41,          0.57
       -5,          2,    7,         -6.82,          3.50,       1.79,      17.88,     62.62,          0.55
       -5,          3,    1,        -10.86,          3.50,       1.17,      11.66,     40.84,          0.51
       -5,          3,    2,         -8.43,          3.50,       1.36,      13.62,     47.74,          0.63
       -5,          3,    3,         -7.45,          3.50,       1.51,      15.08,     52.82,          0.64
       -5,          3,    4,         -6.85,          3.50,       1.63,      16.29,     57.07,          0.64
       -5,          3,    5,         -6.41,          3.50,       1.74,      17.38,     60.90,          0.63
       -5,          3,    6,         -6.35,          3.50,       1.84,      18.41,     64.50,          0.58
       -5,          3,    7,         -5.84,          3.50,       1.94,      19.36,     67.82,          0.61
       -5,          4,    1,        -10.38,          3.50,       1.21,      12.13,     42.51,          0.52
       -5,          4,    2,         -8.12,          3.50,       1.45,      14.48,     50.75,          0.60
       -5,          4,    3,         -6.80,          3.50,       1.61,      16.13,     56.51,          0.66
       -5,          4,    4,         -6.30,          3.50,       1.74,      17.42,     61.04,          0.65
       -5,          4,    5,         -5.76,          3.50,       1.86,      18.62,     65.24,          0.66
       -5,          4,    6,         -5.46,          3.50,       1.97,      19.67,     68.90,          0.65
       -5,          4,    7,         -5.25,          3.50,       2.06,      20.57,     72.04,          0.63
       -4,          1,    1,        -11.37,          3.50,       1.12,      11.14,     39.04,          0.52
       -4,          1,    2,         -8.84,          3.50,       1.29,      12.90,     45.22,          0.65
       -4,          1,    3,         -8.01,          3.50,       1.40,      13.96,     48.91,          0.66
       -4,          1,    4,         -7.57,          3.50,       1.49,      14.89,     52.16,          0.64
       -4,          1,    5,         -7.29,          3.50,       1.57,      15.73,     55.12,          0.62
       -4,          1,    6,         -7.09,          3.50,       1.65,      16.54,     57.93,          0.59
       -4,          1,    7,         -6.90,          3.50,       1.73,      17.28,     60.54,          0.57
       -4,          2,    1,        -10.72,          3.50,       1.15,      11.53,     40.39,          0.55
       -4,          2,    2,         -8.32,          3.50,       1.34,      13.35,     46.78,          0.67
       -4,          2,    3,         -7.46,          3.50,       1.46,      14.58,     51.07,          0.69
       -4,          2,    4,         -6.98,          3.50,       1.56,      15.60,     54.65,          0.68
       -4,          2,    5,         -6.62,          3.50,       1.66,      16.58,     58.10,          0.66
       -4,          2,    6,         -6.37,          3.50,       1.74,      17.45,     61.13,          0.64
       -4,          2,    7,         -6.13,          3.50,       1.84,      18.40,     64.48,          0.62
       -4,          3,    1,        -10.15,          3.50,       1.20,      11.98,     42.00,          0.56
       -4,          3,    2,         -7.89,          3.50,       1.41,      14.07,     49.30,          0.67
       -4,          3,    3,         -6.72,          3.50,       1.56,      15.56,     54.52,          0.72
       -4,          3,    4,         -6.13,          3.50,       1.68,      16.80,     58.87,          0.72
       -4,          3,    5,         -5.70,          3.50,       1.80,      18.00,     63.06,          0.70
       -4,          3,    6,         -5.47,          3.50,       1.90,      19.02,     66.63,          0.68
       -4,          3,    7,         -5.13,          3.50,       2.00,      20.01,     70.11,          0.68
       -4,          4,    1,         -9.65,          3.50,       1.25,      12.50,     43.80,          0.57
       -4,          4,    2,         -7.12,          3.50,       1.50,      14.96,     52.45,          0.70
       -4,          4,    3,         -6.07,          3.50,       1.67,      16.72,     58.57,          0.73
       -4,          4,    4,         -5.43,          3.50,       1.82,      18.17,     63.67,          0.74
       -4,          4,    5,         -5.04,          3.50,       1.93,      19.35,     67.79,          0.73
       -4,          4,    6,         -4.74,          3.50,       2.04,      20.33,     71.22,          0.72
       -4,          4,    7,         -4.53,          3.50,       2.13,      21.34,     74.77,          0.70
       -3,          1,    1,        -10.72,          3.50,       1.14,      11.42,     40.02,          0.56
       -3,          1,    2,         -8.32,          3.50,       1.32,      13.25,     46.43,          0.69
       -3,          1,    3,         -7.35,          3.50,       1.44,      14.40,     50.47,          0.72
       -3,          1,    4,         -6.91,          3.50,       1.53,      15.29,     53.57,          0.71
       -3,          1,    5,         -6.65,          3.50,       1.62,      16.17,     56.63,          0.68
       -3,          1,    6,         -6.44,          3.50,       1.69,      16.91,     59.26,          0.66
       -3,          1,    7,         -6.26,          3.50,       1.78,      17.74,     62.16,          0.64
       -3,          2,    1,        -10.06,          3.50,       1.18,      11.83,     41.47,          0.60
       -3,          2,    2,         -7.87,          3.50,       1.37,      13.74,     48.13,          0.71
       -3,          2,    3,         -6.79,          3.50,       1.50,      15.00,     52.55,          0.76
       -3,          2,    4,         -6.36,          3.50,       1.61,      16.07,     56.32,          0.74
       -3,          2,    5,         -5.96,          3.50,       1.70,      17.04,     59.69,          0.73
       -3,          2,    6,         -5.70,          3.50,       1.80,      17.99,     63.01,          0.71
       -3,          2,    7,         -5.48,          3.50,       1.89,      18.90,     66.23,          0.69
       -3,          3,    1,         -9.48,          3.50,       1.23,      12.31,     43.15,          0.62
       -3,          3,    2,         -7.03,          3.50,       1.45,      14.55,     50.99,          0.76
       -3,          3,    3,         -6.06,          3.50,       1.61,      16.08,     56.35,          0.79
       -3,          3,    4,         -5.47,          3.50,       1.74,      17.36,     60.80,          0.79
       -3,          3,    5,         -5.04,          3.50,       1.86,      18.59,     65.12,          0.78
       -3,          3,    6,         -4.73,          3.50,       1.97,      19.68,     68.92,          0.77
       -3,          3,    7,         -4.48,          3.50,       2.06,      20.61,     72.20,          0.75
       -3,          4,    1,         -9.00,          3.50,       1.29,      12.90,     45.19,          0.62
       -3,          4,    2,         -6.46,          3.50,       1.55,      15.49,     54.25,          0.77
       -3,          4,    3,         -5.51,          3.50,       1.73,      17.29,     60.57,          0.79
       -3,          4,    4,         -4.77,          3.50,       1.88,      18.80,     65.85,          0.81
       -3,          4,    5,         -4.37,          3.50,       2.00,      20.03,     70.18,          0.81
       -3,          4,    6,         -4.08,          3.50,       2.11,      21.11,     73.94,          0.80
       -3,          4,    7,         -3.87,          3.50,       2.20,      22.05,     77.23,          0.78
       -2,          1,    1,         -9.78,          3.50,       1.19,      11.90,     41.72,          0.63
       -2,          1,    2,         -6.99,          3.50,       1.39,      13.95,     48.87,          0.84
       -2,          1,    3,         -6.16,          3.50,       1.52,      15.14,     53.04,          0.86
       -2,          1,    4,         -5.74,          3.50,       1.61,      16.10,     56.41,          0.85
       -2,          1,    5,         -5.48,          3.50,       1.70,      16.96,     59.43,          0.82
       -2,          1,    6,         -5.27,          3.50,       1.78,      17.79,     62.32,          0.80
       -2,          1,    7,         -5.10,          3.50,       1.86,      18.66,     65.37,          0.77
       -2,          2,    1,         -8.89,          3.50,       1.24,      12.41,     43.50,          0.69
       -2,          2,    2,         -6.67,          3.50,       1.46,      14.57,     51.06,          0.82
       -2,          2,    3,         -5.60,          3.50,       1.59,      15.88,     55.66,          0.90
       -2,          2,    4,         -5.13,          3.50,       1.69,      16.95,     59.39,          0.89
       -2,          2,    5,         -4.83,          3.50,       1.80,      18.04,     63.20,          0.86
       -2,          2,    6,         -4.53,          3.50,       1.90,      18.99,     66.51,          0.85
       -2,          2,    7,         -4.31,          3.50,       1.99,      19.93,     69.83,          0.83
       -2,          3,    1,         -8.31,          3.50,       1.30,      12.98,     45.48,          0.72
       -2,          3,    2,         -5.83,          3.50,       1.54,      15.43,     54.07,          0.89
       -2,          3,    3,         -4.85,          3.50,       1.71,      17.08,     59.85,          0.93
       -2,          3,    4,         -4.27,          3.50,       1.85,      18.50,     64.81,          0.93
       -2,          3,    5,         -3.98,          3.50,       1.98,      19.78,     69.29,          0.90
       -2,          3,    6,         -3.55,          3.50,       2.09,      20.85,     73.03,          0.92
       -2,          3,    7,         -3.30,          3.50,       2.19,      21.88,     76.65,          0.90
       -2,          4,    1,         -7.81,          3.50,       1.36,      13.62,     47.71,          0.72
       -2,          4,    2,         -5.26,          3.50,       1.65,      16.50,     57.83,          0.90
       -2,          4,    3,         -4.20,          3.50,       1.85,      18.52,     64.87,          0.95
       -2,          4,    4,         -3.57,          3.50,       2.01,      20.11,     70.44,          0.96
       -2,          4,    5,         -3.17,          3.50,       2.14,      21.41,     74.98,          0.96
       -2,          4,    6,         -2.88,          3.50,       2.25,      22.51,     78.85,          0.95
       -2,          4,    7,         -2.68,          3.50,       2.36,      23.55,     82.50,          0.94
       -1,          1,    1,         -8.58,          3.50,       1.24,      12.41,     43.47,          0.75
       -1,          1,    2,         -5.98,          3.50,       1.46,      14.63,     51.24,          0.96
       -1,          1,    3,         -5.16,          3.50,       1.59,      15.88,     55.62,          1.00
       -1,          1,    4,         -4.73,          3.50,       1.68,      16.86,     59.05,          0.99
       -1,          1,    5,         -4.47,          3.50,       1.78,      17.79,     62.31,          0.96
       -1,          1,    6,         -4.27,          3.50,       1.86,      18.62,     65.22,          0.93
       -1,          1,    7,         -4.26,          3.50,       1.95,      19.46,     68.16,          0.87
       -1,          2,    1,         -8.07,          3.50,       1.30,      12.98,     45.49,          0.76
       -1,          2,    2,         -5.45,          3.50,       1.53,      15.27,     53.50,          1.00
       -1,          2,    3,         -4.58,          3.50,       1.67,      16.70,     58.51,          1.04
       -1,          2,    4,         -4.12,          3.50,       1.79,      17.87,     62.60,          1.03
       -1,          2,    5,         -3.77,          3.50,       1.90,      18.97,     66.45,          1.01
       -1,          2,    6,         -3.52,          3.50,       2.00,      19.97,     69.95,          0.99
       -1,          2,    7,         -3.47,          3.50,       2.09,      20.90,     73.22,          0.93
       -1,          3,    1,         -7.32,          3.50,       1.36,      13.59,     47.61,          0.82
       -1,          3,    2,         -4.82,          3.50,       1.63,      16.28,     57.03,          1.03
       -1,          3,    3,         -4.03,          3.50,       1.81,      18.09,     63.40,          1.03
       -1,          3,    4,         -3.27,          3.50,       1.95,      19.51,     68.36,          1.09
       -1,          3,    5,         -2.84,          3.50,       2.09,      20.87,     73.08,          1.08
       -1,          3,    6,         -2.73,          3.50,       2.20,      22.05,     77.22,          1.02
       -1,          3,    7,         -2.32,          3.50,       2.32,      23.14,     81.04,          1.05
       -1,          4,    1,         -6.82,          3.50,       1.43,      14.31,     50.15,          0.82
       -1,          4,    2,         -4.24,          3.50,       1.75,      17.46,     61.18,          1.04
       -1,          4,    3,         -3.18,          3.50,       1.97,      19.65,     68.85,          1.09
       -1,          4,    4,         -2.55,          3.50,       2.13,      21.35,     74.78,          1.11
       -1,          4,    5,         -2.15,          3.50,       2.27,      22.73,     79.62,          1.11
       -1,          4,    6,         -1.87,          3.50,       2.39,      23.90,     83.71,          1.11
       -1,          4,    7,         -1.66,          3.50,       2.50,      25.01,     87.59,          1.09
        0,          1,    1,         -7.69,          3.50,       1.29,      12.95,     45.36,          0.83
        0,          1,    2,         -5.36,          3.50,       1.53,      15.30,     53.62,          1.01
        0,          1,    3,         -4.23,          3.50,       1.66,      16.64,     58.28,          1.13
        0,          1,    4,         -3.98,          3.50,       1.77,      17.66,     61.88,          1.08
        0,          1,    5,         -3.55,          3.50,       1.86,      18.59,     65.15,          1.10
        0,          1,    6,         -3.36,          3.50,       1.95,      19.50,     68.31,          1.06
        0,          1,    7,         -3.19,          3.50,       2.03,      20.31,     71.17,          1.04
        0,          2,    1,         -7.01,          3.50,       1.35,      13.51,     47.32,          0.89
        0,          2,    2,         -4.52,          3.50,       1.61,      16.04,     56.21,          1.13
        0,          2,    3,         -3.65,          3.50,       1.75,      17.52,     61.39,          1.18
        0,          2,    4,         -3.19,          3.50,       1.87,      18.73,     65.62,          1.18
        0,          2,    5,         -2.85,          3.50,       2.00,      19.95,     69.89,          1.15
        0,          2,    6,         -2.60,          3.50,       2.09,      20.86,     73.08,          1.14
        0,          2,    7,         -2.59,          3.50,       2.19,      21.92,     76.78,          1.06
        0,          3,    1,         -6.43,          3.50,       1.42,      14.23,     49.87,          0.91
        0,          3,    2,         -3.90,          3.50,       1.71,      17.11,     59.95,          1.16
        0,          3,    3,         -2.91,          3.50,       1.91,      19.08,     66.82,          1.22
        0,          3,    4,         -2.33,          3.50,       2.06,      20.57,     72.05,          1.24
        0,          3,    5,         -1.92,          3.50,       2.20,      21.99,     77.01,          1.23
        0,          3,    6,         -1.61,          3.50,       2.33,      23.24,     81.41,          1.22
        0,          3,    7,         -1.37,          3.50,       2.44,      24.38,     85.41,          1.21
        0,          4,    1,         -5.93,          3.50,       1.50,      15.01,     52.60,          0.92
        0,          4,    2,         -3.51,          3.50,       1.85,      18.49,     64.79,          1.11
        0,          4,    3,         -2.24,          3.50,       2.08,      20.78,     72.77,          1.24
        0,          4,    4,         -1.61,          3.50,       2.26,      22.59,     79.14,          1.27
        0,          4,    5,         -1.22,          3.50,       2.41,      24.06,     84.25,          1.27
        0,          4,    6,         -0.96,          3.50,       2.54,      25.34,     88.74,          1.25
        0,          4,    7,         -0.73,          3.50,       2.65,      26.47,     92.67,          1.25
        1,          1,    1,         -6.91,          3.50,       1.34,      13.41,     46.97,          0.93
        1,          1,    2,         -4.24,          3.50,       1.60,      16.00,     56.05,          1.22
        1,          1,    3,         -3.39,          3.50,       1.74,      17.37,     60.85,          1.28
        1,          1,    4,         -2.97,          3.50,       1.85,      18.48,     64.73,          1.27
        1,          1,    5,         -2.72,          3.50,       1.94,      19.45,     68.13,          1.24
        1,          1,    6,         -2.83,          3.50,       2.03,      20.27,     71.01,          1.13
        1,          1,    7,         -2.37,          3.50,       2.12,      21.17,     74.16,          1.18
        1,          2,    1,         -6.21,          3.50,       1.41,      14.08,     49.34,          0.98
        1,          2,    2,         -3.69,          3.50,       1.68,      16.81,     58.90,          1.26
        1,          2,    3,         -2.82,          3.50,       1.84,      18.41,     64.49,          1.32
        1,          2,    4,         -2.35,          3.50,       1.97,      19.65,     68.83,          1.33
        1,          2,    5,         -2.01,          3.50,       2.08,      20.81,     72.87,          1.31
        1,          2,    6,         -1.77,          3.50,       2.19,      21.86,     76.57,          1.29
        1,          2,    7,         -1.56,          3.50,       2.29,      22.89,     80.16,          1.27
        1,          3,    1,         -5.88,          3.50,       1.49,      14.86,     52.07,          0.95
        1,          3,    2,         -3.06,          3.50,       1.80,      17.98,     62.98,          1.30
        1,          3,    3,         -2.07,          3.50,       2.00,      20.05,     70.25,          1.37
        1,          3,    4,         -1.50,          3.50,       2.16,      21.62,     75.73,          1.39
        1,          3,    5,         -1.08,          3.50,       2.32,      23.14,     81.04,          1.39
        1,          3,    6,         -0.78,          3.50,       2.44,      24.41,     85.49,          1.38
        1,          3,    7,         -0.58,          3.50,       2.56,      25.63,     89.75,          1.35
        1,          4,    1,         -5.42,          3.50,       1.57,      15.71,     55.02,          0.95
        1,          4,    2,         -2.48,          3.50,       1.95,      19.44,     68.10,          1.31
        1,          4,    3,         -1.41,          3.50,       2.19,      21.94,     76.85,          1.39
        1,          4,    4,         -0.78,          3.50,       2.38,      23.83,     83.47,          1.43
        1,          4,    5,         -0.60,          3.50,       2.54,      25.40,     88.95,          1.36
        1,          4,    6,         -0.09,          3.50,       2.68,      26.78,     93.79,          1.42
        1,          4,    7,          0.11,          3.50,       2.79,      27.92,     97.76,          1.41
        2,          1,    1,         -5.87,          3.50,       1.41,      14.08,     49.34,          1.06
        2,          1,    2,         -3.32,          3.50,       1.69,      16.94,     59.37,          1.36
        2,          1,    3,         -2.49,          3.50,       1.85,      18.51,     64.86,          1.41
        2,          1,    4,         -1.86,          3.50,       1.97,      19.63,     68.78,          1.49
        2,          1,    5,         -1.61,          3.50,       2.06,      20.58,     72.07,          1.47
        2,          1,    6,         -1.42,          3.50,       2.15,      21.50,     75.30,          1.43
        2,          1,    7,         -1.27,          3.50,       2.24,      22.39,     78.44,          1.40
        2,          2,    1,         -5.17,          3.50,       1.49,      14.88,     52.12,          1.12
        2,          2,    2,         -2.59,          3.50,       1.79,      17.88,     62.63,          1.46
        2,          2,    3,         -1.70,          3.50,       1.97,      19.64,     68.81,          1.54
        2,          2,    4,         -1.24,          3.50,       2.09,      20.92,     73.26,          1.56
        2,          2,    5,         -0.90,          3.50,       2.22,      22.16,     77.63,          1.54
        2,          2,    6,         -0.66,          3.50,       2.33,      23.31,     81.63,          1.51
        2,          2,    7,         -0.72,          3.50,       2.44,      24.37,     85.34,          1.40
        2,          3,    1,         -4.72,          3.50,       1.58,      15.76,     55.21,          1.11
        2,          3,    2,         -1.96,          3.50,       1.92,      19.26,     67.48,          1.49
        2,          3,    3,         -0.96,          3.50,       2.14,      21.44,     75.11,          1.59
        2,          3,    4,         -0.39,          3.50,       2.32,      23.17,     81.14,          1.62
        2,          3,    5,          0.02,          3.50,       2.48,      24.83,     86.92,          1.62
        2,          3,    6,          0.33,          3.50,       2.62,      26.17,     91.64,          1.61
        2,          3,    7,          0.57,          3.50,       2.74,      27.42,     95.99,          1.60
        2,          4,    1,         -4.06,          3.50,       1.67,      16.68,     58.44,          1.17
        2,          4,    2,         -1.38,          3.50,       2.08,      20.83,     72.97,          1.51
        2,          4,    3,         -0.30,          3.50,       2.36,      23.56,     82.51,          1.62
        2,          4,    4,          0.34,          3.50,       2.57,      25.67,     89.90,          1.66
        2,          4,    5,          0.74,          3.50,       2.74,      27.36,     95.80,          1.67
        2,          4,    6,          1.03,          3.50,       2.88,      28.79,    100.80,          1.67
        2,          4,    7,          1.23,          3.50,       3.00,      29.98,    104.95,          1.66
        3,          1,    1,         -5.27,          3.50,       1.46,      14.56,     51.03,          1.14
        3,          1,    2,         -2.75,          3.50,       1.76,      17.64,     61.80,          1.44
        3,          1,    3,         -1.61,          3.50,       1.92,      19.24,     67.40,          1.63
        3,          1,    4,         -1.19,          3.50,       2.04,      20.36,     71.30,          1.64
        3,          1,    5,         -0.94,          3.50,       2.14,      21.41,     74.99,          1.61
        3,          1,    6,         -0.76,          3.50,       2.23,      22.31,     78.11,          1.58
        3,          1,    7,         -0.69,          3.50,       2.32,      23.24,     81.40,          1.51
        3,          2,    1,         -4.55,          3.50,       1.54,      15.40,     53.97,          1.21
        3,          2,    2,         -1.93,          3.50,       1.86,      18.62,     65.23,          1.59
        3,          2,    3,         -1.04,          3.50,       2.04,      20.41,     71.48,          1.69
        3,          2,    4,         -0.57,          3.50,       2.18,      21.72,     76.10,          1.72
        3,          2,    5,         -0.24,          3.50,       2.31,      23.11,     80.94,          1.69
        3,          2,    6,         -0.25,          3.50,       2.42,      24.18,     84.69,          1.58
        3,          2,    7,          0.21,          3.50,       2.53,      25.32,     88.67,          1.65
        3,          3,    1,         -3.95,          3.50,       1.63,      16.32,     57.19,          1.25
        3,          3,    2,         -1.30,          3.50,       2.01,      20.08,     70.34,          1.63
        3,          3,    3,         -0.30,          3.50,       2.24,      22.36,     78.32,          1.75
        3,          3,    4,          0.28,          3.50,       2.42,      24.17,     84.64,          1.79
        3,          3,    5,          0.70,          3.50,       2.59,      25.86,     90.55,          1.79
        3,          3,    6,          0.95,          3.50,       2.72,      27.25,     95.43,          1.77
        3,          3,    7,          1.23,          3.50,       2.86,      28.60,    100.13,          1.77
        3,          4,    1,         -3.45,          3.50,       1.73,      17.32,     60.70,          1.26
        3,          4,    2,         -0.72,          3.50,       2.17,      21.76,     76.21,          1.65
        3,          4,    3,          0.37,          3.50,       2.47,      24.67,     86.39,          1.77
        3,          4,    4,          1.01,          3.50,       2.69,      26.86,     94.06,          1.82
        3,          4,    5,          1.42,          3.50,       2.86,      28.61,    100.17,          1.84
        3,          4,    6,          1.71,          3.50,       3.01,      30.05,    105.19,          1.84
        3,          4,    7,          1.69,          3.50,       3.13,      31.29,    109.55,          1.74
        4,          1,    1,         -4.21,          3.50,       1.54,      15.43,     54.06,          1.31
        4,          1,    2,         -1.32,          3.50,       1.89,      18.94,     66.35,          1.79
        4,          1,    3,         -0.44,          3.50,       2.06,      20.63,     72.25,          1.91
        4,          1,    4,         -0.01,          3.50,       2.18,      21.83,     76.46,          1.94
        4,          1,    5,          0.21,          3.50,       2.29,      22.92,     80.30,          1.90
        4,          1,    6,          0.43,          3.50,       2.38,      23.86,     83.56,          1.89
        4,          1,    7,          0.58,          3.50,       2.49,      24.85,     87.04,          1.84
        4,          2,    1,         -3.72,          3.50,       1.64,      16.39,     57.42,          1.32
        4,          2,    2,         -0.77,          3.50,       2.00,      20.03,     70.18,          1.86
        4,          2,    3,          0.13,          3.50,       2.20,      21.98,     76.99,          1.99
        4,          2,    4,          0.60,          3.50,       2.34,      23.39,     81.91,          2.02
        4,          2,    5,          0.94,          3.50,       2.48,      24.79,     86.82,          2.01
        4,          2,    6,          1.17,          3.50,       2.59,      25.95,     90.88,          1.99
        4,          2,    7,          1.12,          3.50,       2.71,      27.12,     94.96,          1.85
        4,          3,    1,         -2.89,          3.50,       1.74,      17.39,     60.94,          1.43
        4,          3,    2,         -0.14,          3.50,       2.16,      21.57,     75.55,          1.91
        4,          3,    3,          0.83,          3.50,       2.41,      24.13,     84.53,          2.03
        4,          3,    4,          1.41,          3.50,       2.60,      26.04,     91.20,          2.09
        4,          3,    5,          1.86,          3.50,       2.78,      27.81,     97.37,          2.12
        4,          3,    6,          1.92,          3.50,       2.93,      29.29,    102.55,          2.00
        4,          3,    7,          2.40,          3.50,       3.06,      30.60,    107.15,          2.11
        4,          4,    1,         -2.41,          3.50,       1.86,      18.59,     65.12,          1.43
        4,          4,    2,          0.41,          3.50,       2.35,      23.50,     82.32,          1.91
        4,          4,    3,          1.53,          3.50,       2.67,      26.68,     93.45,          2.08
        4,          4,    4,          2.17,          3.50,       2.90,      28.99,    101.50,          2.15
        4,          4,    5,          2.61,          3.50,       3.08,      30.79,    107.79,          2.20
        4,          4,    6,          2.90,          3.50,       3.23,      32.33,    113.20,          2.21
        4,          4,    7,          3.10,          3.50,       3.36,      33.57,    117.52,          2.20
        5,          1,    1,         -3.60,          3.50,       1.60,      16.06,     56.25,          1.40
        5,          1,    2,         -0.63,          3.50,       1.98,      19.85,     69.53,          1.95
        5,          1,    3,          0.30,          3.50,       2.16,      21.62,     75.74,          2.12
        5,          1,    4,          0.73,          3.50,       2.29,      22.87,     80.11,          2.15
        5,          1,    5,          0.97,          3.50,       2.39,      23.94,     83.83,          2.13
        5,          1,    6,          1.15,          3.50,       2.49,      24.96,     87.41,          2.09
        5,          1,    7,          1.29,          3.50,       2.59,      25.89,     90.67,          2.06
        5,          2,    1,         -2.86,          3.50,       1.70,      16.99,     59.52,          1.50
        5,          2,    2,         -0.05,          3.50,       2.10,      20.98,     73.49,          2.04
        5,          2,    3,          0.88,          3.50,       2.30,      23.03,     80.68,          2.20
        5,          2,    4,          1.34,          3.50,       2.45,      24.49,     85.76,          2.24
        5,          2,    5,          1.68,          3.50,       2.59,      25.89,     90.66,          2.24
        5,          2,    6,          1.91,          3.50,       2.71,      27.07,     94.81,          2.22
        5,          2,    7,          2.06,          3.50,       2.83,      28.28,     99.04,          2.17
        5,          3,    1,         -2.22,          3.50,       1.82,      18.19,     63.71,          1.55
        5,          3,    2,          0.58,          3.50,       2.27,      22.65,     79.32,          2.11
        5,          3,    3,          1.63,          3.50,       2.53,      25.29,     88.57,          2.29
        5,          3,    4,          2.21,          3.50,       2.73,      27.26,     95.47,          2.36
        5,          3,    5,          2.64,          3.50,       2.91,      29.12,    101.96,          2.39
        5,          3,    6,          2.94,          3.50,       3.05,      30.53,    106.89,          2.40
        5,          3,    7,          3.18,          3.50,       3.19,      31.96,    111.88,          2.40
        5,          4,    1,         -1.91,          3.50,       1.94,      19.44,     68.10,          1.49
        5,          4,    2,          1.19,          3.50,       2.47,      24.71,     86.54,          2.13
        5,          4,    3,          2.28,          3.50,       2.79,      27.92,     97.76,          2.32
        5,          4,    4,          2.99,          3.50,       3.03,      30.24,    105.88,          2.46
        5,          4,    5,          3.42,          3.50,       3.22,      32.22,    112.79,          2.50
        5,          4,    6,          3.72,          3.50,       3.37,      33.74,    118.14,          2.52
        5,          4,    7,          3.92,          3.50,       3.51,      35.06,    122.72,          2.52
        6,          1,    1,         -3.10,          3.50,       1.67,      16.72,     58.58,          1.46
        6,          1,    2,          0.31,          3.50,       2.09,      20.91,     73.24,          2.23
        6,          1,    3,          1.08,          3.50,       2.29,      22.87,     80.12,          2.33
        6,          1,    4,          1.71,          3.50,       2.41,      24.11,     84.44,          2.50
        6,          1,    5,          1.95,          3.50,       2.52,      25.25,     88.42,          2.48
        6,          1,    6,          2.13,          3.50,       2.62,      26.22,     91.82,          2.45
        6,          1,    7,          2.27,          3.50,       2.72,      27.17,     95.14,          2.41
        6,          2,    1,         -2.04,          3.50,       1.79,      17.86,     62.58,          1.67
        6,          2,    2,          0.90,          3.50,       2.22,      22.17,     77.66,          2.34
        6,          2,    3,          1.86,          3.50,       2.43,      24.28,     85.02,          2.56
        6,          2,    4,          2.23,          3.50,       2.58,      25.76,     90.22,          2.57
        6,          2,    5,          2.66,          3.50,       2.72,      27.21,     95.26,          2.63
        6,          2,    6,          2.89,          3.50,       2.84,      28.44,     99.58,          2.61
        6,          2,    7,          3.09,          3.50,       2.97,      29.66,    103.85,          2.59
        6,          3,    1,         -1.38,          3.50,       1.91,      19.15,     67.07,          1.73
        6,          3,    2,          1.56,          3.50,       2.39,      23.90,     83.69,          2.45
        6,          3,    3,          2.63,          3.50,       2.67,      26.68,     93.44,          2.68
        6,          3,    4,          2.91,          3.50,       2.87,      28.69,    100.44,          2.59
        6,          3,    5,          3.64,          3.50,       3.05,      30.53,    106.86,          2.82
        6,          3,    6,          3.93,          3.50,       3.21,      32.10,    112.39,          2.83
        6,          3,    7,          4.18,          3.50,       3.35,      33.51,    117.30,          2.84
        6,          4,    1,         -1.09,          3.50,       2.04,      20.40,     71.46,          1.67
        6,          4,    2,          2.03,          3.50,       2.61,      26.05,     91.24,          2.41
        6,          4,    3,          3.36,          3.50,       2.94,      29.43,    103.04,          2.77
        6,          4,    4,          4.01,          3.50,       3.19,      31.92,    111.76,          2.90
        6,          4,    5,          4.18,          3.50,       3.39,      33.90,    118.67,          2.80
        6,          4,    6,          4.73,          3.50,       3.56,      35.56,    124.48,          2.99
        6,          4,    7,          4.94,          3.50,       3.69,      36.92,    129.23,          2.99
        7,          1,    1,         -1.90,          3.50,       1.75,      17.46,     61.19,          1.79
        7,          1,    2,          1.43,          3.50,       2.21,      22.07,     77.29,          2.66
        7,          1,    3,          2.42,          3.50,       2.41,      24.11,     84.44,          2.94
        7,          1,    4,          2.86,          3.50,       2.54,      25.42,     89.03,          3.02
        7,          1,    5,          3.09,          3.50,       2.66,      26.57,     93.03,          3.00
        7,          1,    6,          3.26,          3.50,       2.75,      27.50,     96.29,          2.98
        7,          1,    7,          3.16,          3.50,       2.85,      28.52,     99.87,          2.77
        7,          2,    1,         -1.17,          3.50,       1.88,      18.76,     65.72,          1.88
        7,          2,    2,          2.03,          3.50,       2.34,      23.39,     81.90,          2.81
        7,          2,    3,          3.00,          3.50,       2.56,      25.61,     89.69,          3.09
        7,          2,    4,          3.47,          3.50,       2.71,      27.13,     94.99,          3.18
        7,          2,    5,          3.79,          3.50,       2.87,      28.64,    100.28,          3.18
        7,          2,    6,          4.02,          3.50,       2.99,      29.87,    104.59,          3.17
        7,          2,    7,          4.21,          3.50,       3.11,      31.06,    108.73,          3.15
        7,          3,    1,         -0.36,          3.50,       2.01,      20.09,     70.38,          2.03
        7,          3,    2,          2.71,          3.50,       2.53,      25.27,     88.48,          2.94
        7,          3,    3,          3.77,          3.50,       2.82,      28.16,     98.60,          3.24
        7,          3,    4,          4.34,          3.50,       3.02,      30.24,    105.89,          3.36
        7,          3,    5,          4.47,          3.50,       3.23,      32.25,    112.91,          3.18
        7,          3,    6,          5.05,          3.50,       3.38,      33.81,    118.36,          3.43
        7,          3,    7,          5.29,          3.50,       3.53,      35.36,    123.77,          3.43
        7,          4,    1,          0.22,          3.50,       2.15,      21.51,     75.33,          2.09
        7,          4,    2,          3.05,          3.50,       2.75,      27.53,     96.40,          2.82
        7,          4,    3,          4.49,          3.50,       3.12,      31.14,    109.02,          3.35
        7,          4,    4,          5.14,          3.50,       3.38,      33.78,    118.28,          3.50
        7,          4,    5,          5.56,          3.50,       3.60,      35.95,    125.84,          3.57
        7,          4,    6,          5.84,          3.50,       3.77,      37.67,    131.88,          3.59
        7,          4,    7,          6.06,          3.50,       3.92,      39.21,    137.24,          3.60
        8,          1,    1,         -0.98,          3.50,       1.81,      18.10,     63.41,          2.08
        8,          1,    2,          2.47,          3.50,       2.30,      23.03,     80.67,          3.18
        8,          1,    3,          3.47,          3.50,       2.52,      25.22,     88.31,          3.52
        8,          1,    4,          3.91,          3.50,       2.66,      26.57,     93.04,          3.62
        8,          1,    5,          4.13,          3.50,       2.77,      27.65,     96.83,          3.61
        8,          1,    6,          4.30,          3.50,       2.87,      28.69,    100.45,          3.57
        8,          1,    7,          4.43,          3.50,       2.97,      29.70,    103.97,          3.52
        8,          2,    1,         -0.38,          3.50,       1.94,      19.46,     68.15,          2.13
        8,          2,    2,          3.07,          3.50,       2.44,      24.41,     85.48,          3.36
        8,          2,    3,          4.04,          3.50,       2.68,      26.81,     93.87,          3.68
        8,          2,    4,          4.49,          3.50,       2.84,      28.40,     99.44,          3.78
        8,          2,    5,          4.81,          3.50,       2.99,      29.91,    104.72,          3.80
        8,          2,    6,          5.03,          3.50,       3.12,      31.16,    109.10,          3.79
        8,          2,    7,          5.22,          3.50,       3.25,      32.45,    113.59,          3.76
        8,          3,    1,          0.62,          3.50,       2.08,      20.80,     72.85,          2.41
        8,          3,    2,          3.73,          3.50,       2.64,      26.44,     92.58,          3.49
        8,          3,    3,          4.79,          3.50,       2.95,      29.49,    103.24,          3.85
        8,          3,    4,          5.34,          3.50,       3.17,      31.71,    111.00,          3.98
        8,          3,    5,          5.76,          3.50,       3.38,      33.76,    118.20,          4.04
        8,          3,    6,          5.91,          3.50,       3.55,      35.45,    124.09,          3.94
        8,          3,    7,          6.28,          3.50,       3.70,      37.04,    129.65,          4.06
        8,          4,    1,          0.96,          3.50,       2.23,      22.34,     78.25,          2.34
        8,          4,    2,          4.35,          3.50,       2.89,      28.88,    101.11,          3.58
        8,          4,    3,          5.50,          3.50,       3.28,      32.75,    114.64,          3.95
        8,          4,    4,          6.13,          3.50,       3.56,      35.55,    124.45,          4.12
        8,          4,    5,          6.55,          3.50,       3.79,      37.88,    132.60,          4.20
        8,          4,    6,          6.84,          3.50,       3.98,      39.79,    139.29,          4.22
        8,          4,    7,          7.05,          3.50,       4.13,      41.32,    144.61,          4.24
        9,          1,    1,          0.08,          3.50,       1.86,      18.63,     65.27,          2.54
        9,          1,    2,          3.54,          3.50,       2.40,      23.99,     84.03,          3.84
        9,          1,    3,          4.55,          3.50,       2.64,      26.43,     92.54,          4.23
        9,          1,    4,          4.99,          3.50,       2.78,      27.80,     97.36,          4.37
        9,          1,    5,          5.22,          3.50,       2.90,      29.01,    101.57,          4.35
        9,          1,    6,          5.38,          3.50,       3.00,      30.00,    105.04,          4.31
        9,          1,    7,          5.45,          3.50,       3.10,      31.01,    108.56,          4.20
        9,          2,    1,          0.94,          3.50,       2.01,      20.06,     70.26,          2.76
        9,          2,    2,          4.13,          3.50,       2.56,      25.57,     89.52,          4.03
        9,          2,    3,          5.11,          3.50,       2.82,      28.15,     98.58,          4.42
        9,          2,    4,          5.50,          3.50,       2.98,      29.81,    104.36,          4.48
        9,          2,    5,          5.87,          3.50,       3.14,      31.39,    109.91,          4.56
        9,          2,    6,          6.09,          3.50,       3.27,      32.72,    114.54,          4.55
        9,          2,    7,          6.27,          3.50,       3.40,      34.01,    119.07,          4.52
        9,          3,    1,          1.66,          3.50,       2.16,      21.58,     75.58,          2.90
        9,          3,    2,          4.58,          3.50,       2.77,      27.73,     97.08,          3.99
        9,          3,    3,          5.65,          3.50,       3.10,      31.01,    108.56,          4.40
        9,          3,    4,          6.38,          3.50,       3.34,      33.37,    116.83,          4.74
        9,          3,    5,          6.78,          3.50,       3.56,      35.55,    124.44,          4.80
        9,          3,    6,          7.07,          3.50,       3.73,      37.34,    130.70,          4.82
        9,          3,    7,          7.31,          3.50,       3.91,      39.05,    136.68,          4.82
        9,          4,    1,          2.24,          3.50,       2.32,      23.22,     81.32,          2.98
        9,          4,    2,          5.39,          3.50,       3.03,      30.34,    106.25,          4.26
        9,          4,    3,          6.53,          3.50,       3.45,      34.54,    120.91,          4.69
        9,          4,    4,          7.15,          3.50,       3.76,      37.55,    131.44,          4.88
        9,          4,    5,          7.57,          3.50,       4.01,      40.14,    140.49,          4.96
        9,          4,    6,          7.87,          3.50,       4.21,      42.13,    147.46,          5.00
        9,          4,    7,          8.08,          3.50,       4.38,      43.79,    153.25,          5.01
       10,          1,    1,          0.99,          3.50,       1.91,      19.12,     66.97,          3.01
       10,          1,    2,          4.47,          3.50,       2.50,      25.02,     87.63,          4.49
       10,          1,    3,          5.50,          3.50,       2.76,      27.59,     96.60,          4.98
       10,          1,    4,          5.65,          3.50,       2.91,      29.11,    101.93,          4.80
       10,          1,    5,          6.17,          3.50,       3.03,      30.28,    106.02,          5.12
       10,          1,    6,          6.32,          3.50,       3.13,      31.31,    109.62,          5.09
       10,          1,    7,          6.45,          3.50,       3.24,      32.39,    113.39,          5.01
       10,          2,    1,          1.56,          3.50,       2.06,      20.59,     72.13,          3.05
       10,          2,    2,          4.88,          3.50,       2.67,      26.70,     93.51,          4.51
       10,          2,    3,          6.05,          3.50,       2.94,      29.44,    103.06,          5.18
       10,          2,    4,          6.50,          3.50,       3.12,      31.16,    109.09,          5.33
       10,          2,    5,          6.82,          3.50,       3.29,      32.86,    115.04,          5.35
       10,          2,    6,          7.03,          3.50,       3.42,      34.19,    119.71,          5.34
       10,          2,    7,          7.21,          3.50,       3.56,      35.57,    124.52,          5.30
       10,          3,    1,          2.55,          3.50,       2.22,      22.25,     77.93,          3.41
       10,          3,    2,          5.39,          3.50,       2.90,      28.99,    101.51,          4.54
       10,          3,    3,          6.76,          3.50,       3.25,      32.54,    113.91,          5.35
       10,          3,    4,          7.31,          3.50,       3.50,      34.99,    122.45,          5.53
       10,          3,    5,          7.52,          3.50,       3.73,      37.34,    130.69,          5.36
       10,          3,    6,          7.87,          3.50,       3.92,      39.22,    137.29,          5.46
       10,          3,    7,          8.23,          3.50,       4.10,      40.97,    143.39,          5.62
       10,          4,    1,          3.12,          3.50,       2.40,      23.96,     83.91,          3.49
       10,          4,    2,          6.00,          3.50,       3.18,      31.84,    111.46,          4.61
       10,          4,    3,          7.44,          3.50,       3.63,      36.30,    127.05,          5.44
       10,          4,    4,          8.07,          3.50,       3.96,      39.55,    138.42,          5.66
       10,          4,    5,          8.45,          3.50,       4.23,      42.32,    148.11,          5.68
       10,          4,    6,          8.78,          3.50,       4.44,      44.41,    155.44,          5.80
       10,          4,    7,          9.00,          3.50,       4.62,      46.22,    161.76,          5.81
       11,          1,    1,          1.81,          3.50,       1.96,      19.56,     68.50,          3.52
       11,          1,    2,          5.36,          3.50,       2.60,      26.05,     91.21,          5.22
       11,          1,    3,          6.11,          3.50,       2.89,      28.90,    101.20,          5.39
       11,          1,    4,          6.87,          3.50,       3.05,      30.50,    106.77,          5.97
       11,          1,    5,          6.86,          3.50,       3.18,      31.80,    111.33,          5.64
       11,          1,    6,          7.26,          3.50,       3.29,      32.86,    115.02,          5.93
       11,          1,    7,          7.38,          3.50,       3.39,      33.89,    118.63,          5.87
       11,          2,    1,          2.42,          3.50,       2.12,      21.18,     74.18,          3.57
       11,          2,    2,          5.96,          3.50,       2.79,      27.87,     97.58,          5.46
       11,          2,    3,          6.97,          3.50,       3.09,      30.86,    108.04,          6.01
       11,          2,    4,          7.20,          3.50,       3.28,      32.78,    114.76,          5.86
       11,          2,    5,          7.75,          3.50,       3.44,      34.46,    120.64,          6.24
       11,          2,    6,          7.74,          3.50,       3.59,      35.92,    125.71,          5.91
       11,          2,    7,          8.14,          3.50,       3.73,      37.29,    130.54,          6.19
       11,          3,    1,          3.38,          3.50,       2.29,      22.91,     80.23,          3.96
       11,          3,    2,          6.60,          3.50,       3.03,      30.33,    106.19,          5.63
       11,          3,    3,          7.67,          3.50,       3.41,      34.14,    119.52,          6.20
       11,          3,    4,          8.23,          3.50,       3.68,      36.79,    128.79,          6.41
       11,          3,    5,          8.63,          3.50,       3.93,      39.30,    137.56,          6.49
       11,          3,    6,          8.91,          3.50,       4.13,      41.30,    144.54,          6.51
       11,          3,    7,          9.14,          3.50,       4.32,      43.16,    151.08,          6.51
       11,          4,    1,          3.94,          3.50,       2.47,      24.72,     86.56,          4.04
       11,          4,    2,          7.18,          3.50,       3.33,      33.32,    116.66,          5.71
       11,          4,    3,        -87.62,          3.50,       0.17,       1.69,      5.92,         -0.00
       11,          4,    4,          8.97,          3.50,       4.17,      41.74,    146.08,          6.53
       11,          4,    5,          9.41,          3.50,       4.47,      44.67,    156.36,          6.65
       11,          4,    6,          9.70,          3.50,       4.69,      46.95,    164.33,          6.70
       11,          4,    7,          9.91,          3.50,       4.89,      48.90,    171.15,          6.72
       12,          1,    1,          2.58,          3.50,       2.00,      19.98,     69.99,          4.07
       12,          1,    2,          6.24,          3.50,       2.72,      27.19,     95.20,          6.03
       12,          1,    3,          7.36,          3.50,       3.04,      30.41,    106.45,          6.72
       12,          1,    4,          7.82,          3.50,       3.22,      32.17,    112.63,          6.94
       12,          1,    5,          8.03,          3.50,       3.35,      33.48,    117.20,          6.93
       12,          1,    6,          8.21,          3.50,       3.45,      34.53,    120.88,          6.93
       12,          1,    7,          8.33,          3.50,       3.57,      35.66,    124.83,          6.85
       12,          2,    1,          3.25,          3.50,       2.17,      21.69,     75.97,          4.17
       12,          2,    2,          6.86,          3.50,       2.92,      29.22,    102.30,          6.31
       12,          2,    3,          7.91,          3.50,       3.26,      32.58,    114.05,          6.97
       12,          2,    4,          8.38,          3.50,       3.45,      34.52,    120.84,          7.21
       12,          2,    5,          8.70,          3.50,       3.64,      36.41,    127.43,          7.25
       12,          2,    6,          8.91,          3.50,       3.79,      37.88,    132.60,          7.25
       12,          2,    7,          9.10,          3.50,       3.94,      39.41,    137.94,          7.21
       12,          3,    1,          4.18,          3.50,       2.36,      23.56,     82.52,          4.56
       12,          3,    2,          7.47,          3.50,       3.19,      31.88,    111.63,          6.46
       12,          3,    3,          8.61,          3.50,       3.60,      36.02,    126.09,          7.20
       12,          3,    4,          9.17,          3.50,       3.89,      38.91,    136.20,          7.44
       12,          3,    5,          9.31,          3.50,       4.16,      41.60,    145.59,          7.08
       12,          3,    6,          9.86,          3.50,       4.37,      43.69,    152.89,          7.58
       12,          3,    7,          9.87,          3.50,       4.57,      45.72,    160.01,          7.19
       12,          4,    1,          4.73,          3.50,       2.55,      25.50,     89.30,          4.64
       12,          4,    2,          8.08,          3.50,       3.50,      35.02,    122.58,          6.60
       12,          4,    3,          9.27,          3.50,       4.04,      40.43,    141.51,          7.27
       12,          4,    4,          9.91,          3.50,       4.42,      44.18,    154.62,          7.57
       12,          4,    5,         10.35,          3.50,       4.74,      47.43,    165.99,          7.70
       12,          4,    6,         10.65,          3.50,       4.99,      49.90,    174.62,          7.76
       12,          4,    7,         10.87,          3.50,       5.21,      52.06,    182.19,          7.78
       13,          1,    1,          3.31,          3.50,       2.04,      20.37,     71.34,          4.67
       13,          1,    2,          7.14,          3.50,       2.86,      28.56,    100.01,          6.94
       13,          1,    3,          8.10,          3.50,       3.23,      32.27,    112.98,          7.37
       13,          1,    4,          8.84,          3.50,       3.42,      34.18,    119.66,          8.12
       13,          1,    5,          9.03,          3.50,       3.56,      35.58,    124.54,          8.08
       13,          1,    6,          9.23,          3.50,       3.68,      36.74,    128.59,          8.12
       13,          1,    7,          9.35,          3.50,       3.79,      37.82,    132.39,          8.06
       13,          2,    1,          4.20,          3.50,       2.23,      22.25,     77.93,          5.01
       13,          2,    2,          7.63,          3.50,       3.08,      30.79,    107.77,          7.03
       13,          2,    3,          8.91,          3.50,       3.46,      34.54,    120.93,          8.14
       13,          2,    4,          9.39,          3.50,       3.68,      36.76,    128.69,          8.42
       13,          2,    5,          9.71,          3.50,       3.88,      38.78,    135.73,          8.48
       13,          2,    6,          9.93,          3.50,       4.03,      40.35,    141.25,          8.49
       13,          2,    7,          9.88,          3.50,       4.20,      42.01,    147.03,          7.99
       13,          3,    1,          4.93,          3.50,       2.42,      24.24,     84.89,          5.22
       13,          3,    2,          8.43,          3.50,       3.37,      33.65,    117.81,          7.54
       13,          3,    3,          9.60,          3.50,       3.84,      38.37,    134.30,          8.37
       13,          3,    4,         10.01,          3.50,       4.15,      41.48,    145.17,          8.36
       13,          3,    5,         10.53,          3.50,       4.44,      44.34,    155.20,          8.71
       13,          3,    6,         10.88,          3.50,       4.67,      46.65,    163.28,          8.89
       13,          3,    7,         11.13,          3.50,       4.88,      48.82,    170.87,          8.91
       13,          4,    1,          5.49,          3.50,       2.63,      26.26,     91.96,          5.32
       13,          4,    2,          9.01,          3.50,       3.70,      37.03,    129.61,          7.63
       13,          4,    3,         10.26,          3.50,       4.30,      43.01,    150.56,          8.48
       13,          4,    4,         10.92,          3.50,       4.72,      47.17,    165.08,          8.83
       13,          4,    5,         11.37,          3.50,       5.07,      50.74,    177.57,          9.01
       13,          4,    6,         11.68,          3.50,       5.35,      53.51,    187.26,          9.09
       13,          4,    7,         11.73,          3.50,       5.59,      55.90,    195.65,          8.74
       14,          1,    1,          3.85,          3.50,       2.08,      20.74,     72.64,          5.16
       14,          1,    2,          7.88,          3.50,       2.98,      29.77,    104.21,          7.79
       14,          1,    3,          9.20,          3.50,       3.40,      34.02,    119.10,          8.89
       14,          1,    4,          9.72,          3.50,       3.62,      36.17,    126.63,          9.27
       14,          1,    5,          9.97,          3.50,       3.77,      37.65,    131.79,          9.35
       14,          1,    6,         10.13,          3.50,       3.89,      38.91,    136.21,          9.31
       14,          1,    7,         10.25,          3.50,       4.01,      40.08,    140.27,          9.23
       14,          2,    1,          4.76,          3.50,       2.27,      22.72,     79.57,          5.53
       14,          2,    2,          8.56,          3.50,       3.23,      32.30,    113.07,          8.19
       14,          2,    3,          9.76,          3.50,       3.66,      36.58,    128.03,          9.23
       14,          2,    4,         10.27,          3.50,       3.90,      39.01,    136.54,          9.58
       14,          2,    5,         10.60,          3.50,       4.11,      41.06,    143.70,          9.71
       14,          2,    6,         10.49,          3.50,       4.28,      42.76,    149.68,          9.02
       14,          2,    7,         11.01,          3.50,       4.44,      44.39,    155.37,          9.71
       14,          3,    1,          5.50,          3.50,       2.48,      24.83,     86.94,          5.77
       14,          3,    2,          9.21,          3.50,       3.53,      35.31,    123.62,          8.48
       14,          3,    3,         10.45,          3.50,       4.06,      40.58,    142.05,          9.51
       14,          3,    4,         10.97,          3.50,       4.40,      43.95,    153.84,          9.72
       14,          3,    5,         11.47,          3.50,       4.71,      47.10,    164.85,         10.05
       14,          3,    6,         11.77,          3.50,       4.95,      49.54,    173.38,         10.17
       14,          3,    7,         12.03,          3.50,       5.20,      51.94,    181.80,         10.20
       14,          4,    1,          6.07,          3.50,       2.69,      26.90,     94.20,          5.88
       14,          4,    2,          9.79,          3.50,       3.89,      38.88,    136.08,          8.60
       14,          4,    3,         11.11,          3.50,       4.56,      45.54,    159.41,          9.63
       14,          4,    4,         11.64,          3.50,       5.01,      50.07,    175.25,          9.73
       14,          4,    5,         11.95,          3.50,       5.41,      54.04,    189.12,          9.58
       14,          4,    6,         12.58,          3.50,       5.71,      57.04,    199.65,         10.39
       14,          4,    7,         12.83,          3.50,       5.96,      59.61,    208.59,         10.46
       15,          1,    1,          4.28,          3.50,       2.11,      21.08,     73.84,          5.55
       15,          1,    2,          8.52,          3.50,       3.08,      30.86,    108.06,          8.63
       15,          1,    3,          9.88,          3.50,       3.59,      35.87,    125.58,          9.73
       15,          1,    4,         10.56,          3.50,       3.84,      38.40,    134.40,         10.45
       15,          1,    5,         10.83,          3.50,       4.00,      40.02,    140.06,         10.58
       15,          1,    6,         10.99,          3.50,       4.12,      41.22,    144.29,         10.59
       15,          1,    7,         11.12,          3.50,       4.25,      42.44,    148.54,         10.52
       15,          2,    1,          5.20,          3.50,       2.32,      23.16,     81.11,          5.96
       15,          2,    2,          9.24,          3.50,       3.37,      33.70,    117.97,          9.09
       15,          2,    3,         10.57,          3.50,       3.87,      38.71,    135.49,         10.36
       15,          2,    4,         11.10,          3.50,       4.13,      41.30,    144.53,         10.84
       15,          2,    5,         11.44,          3.50,       4.35,      43.54,    152.38,         10.99
       15,          2,    6,         11.66,          3.50,       4.53,      45.32,    158.63,         11.02
       15,          2,    7,         11.86,          3.50,       4.71,      47.07,    164.74,         11.03
       15,          3,    1,          5.96,          3.50,       2.53,      25.27,     88.48,          6.26
       15,          3,    2,          9.88,          3.50,       3.70,      36.99,    129.47,          9.34
       15,          3,    3,         11.25,          3.50,       4.29,      42.91,    150.20,         10.69
       15,          3,    4,         11.88,          3.50,       4.66,      46.56,    162.95,         11.20
       15,          3,    5,         12.33,          3.50,       4.99,      49.92,    174.72,         11.45
       15,          3,    6,         12.63,          3.50,       5.26,      52.61,    184.12,         11.55
       15,          3,    7,         12.90,          3.50,       5.52,      55.20,    193.21,         11.61
       15,          4,    1,          6.54,          3.50,       2.74,      27.40,     95.96,          6.39
       15,          4,    2,         10.34,          3.50,       4.08,      40.75,    142.63,          9.23
       15,          4,    3,         11.91,          3.50,       4.80,      48.04,    168.14,         10.87
       15,          4,    4,         12.62,          3.50,       5.31,      53.07,    185.75,         11.40
       15,          4,    5,         13.04,          3.50,       5.74,      57.41,    200.91,         11.48
       15,          4,    6,         13.48,          3.50,       6.07,      60.67,    212.30,         11.91
       15,          4,    7,         13.76,          3.50,       6.35,      63.49,    222.15,         12.08
       16,          1,    1,          4.38,          3.50,       2.14,      21.39,     74.92,          5.56
       16,          1,    2,          9.13,          3.50,       3.20,      32.01,    112.05,          9.46
       16,          1,    3,         10.71,          3.50,       3.79,      37.93,    132.77,         10.99
       16,          1,    4,         11.22,          3.50,       4.08,      40.82,    142.89,         11.29
       16,          1,    5,         11.73,          3.50,       4.26,      42.63,    149.22,         12.04
       16,          1,    6,         11.90,          3.50,       4.39,      43.92,    153.73,         12.09
       16,          1,    7,         12.02,          3.50,       4.52,      45.16,    158.09,         12.03
       16,          2,    1,          5.52,          3.50,       2.35,      23.51,     82.33,          6.28
       16,          2,    2,          9.90,          3.50,       3.51,      35.14,    122.99,         10.02
       16,          2,    3,         11.38,          3.50,       4.10,      41.02,    143.57,         11.65
       16,          2,    4,         11.97,          3.50,       4.40,      43.97,    153.88,         12.27
       16,          2,    5,         12.33,          3.50,       4.64,      46.38,    162.34,         12.50
       16,          2,    6,         12.56,          3.50,       4.82,      48.19,    168.64,         12.60
       16,          2,    7,         12.77,          3.50,       5.01,      50.09,    175.31,         12.63
       16,          3,    1,          6.28,          3.50,       2.57,      25.73,     90.10,          6.58
       16,          3,    2,         10.59,          3.50,       3.87,      38.73,    135.56,         10.41
       16,          3,    3,         12.07,          3.50,       4.55,      45.53,    159.36,         12.03
       16,          3,    4,         12.75,          3.50,       4.95,      49.51,    173.29,         12.74
       16,          3,    5,         13.25,          3.50,       5.31,      53.16,    186.04,         13.17
       16,          3,    6,         13.61,          3.50,       5.60,      55.96,    195.85,         13.47
       16,          3,    7,         13.93,          3.50,       5.87,      58.72,    205.50,         13.75
       16,          4,    1,          6.65,          3.50,       2.79,      27.93,     97.81,          6.39
       16,          4,    2,         11.17,          3.50,       4.27,      42.65,    149.26,         10.58
       16,          4,    3,         12.74,          3.50,       5.10,      50.96,    178.35,         12.28
       16,          4,    4,         13.28,          3.50,       5.64,      56.34,    197.18,         12.41
       16,          4,    5,         14.20,          3.50,       6.09,      60.95,    213.27,         13.99
       16,          4,    6,         14.61,          3.50,       6.44,      64.35,    225.17,         14.48
       16,          4,    7,         14.93,          3.50,       6.72,      67.22,    235.18,         14.84
       17,          1,    1,          4.56,          3.50,       2.14,      21.42,     75.03,          5.77
       17,          1,    2,          9.12,          3.50,       3.20,      32.01,    112.05,          9.45
       17,          1,    3,         11.49,          3.50,       3.99,      39.92,    139.71,         12.35
       17,          1,    4,         11.93,          3.50,       4.32,      43.22,    151.26,         12.41
       17,          1,    5,         12.43,          3.50,       4.51,      45.13,    157.96,         13.20
       17,          1,    6,         12.76,          3.50,       4.64,      46.41,    162.46,         13.78
       17,          1,    7,         12.89,          3.50,       4.76,      47.55,    166.42,         13.82
       17,          2,    1,          5.72,          3.50,       2.38,      23.83,     83.46,          6.45
       17,          2,    2,         10.43,          3.50,       3.64,      36.37,    127.31,         10.86
       17,          2,    3,         12.14,          3.50,       4.33,      43.32,    151.63,         12.98
       17,          2,    4,         12.53,          3.50,       4.65,      46.54,    162.88,         13.03
       17,          2,    5,         12.93,          3.50,       4.90,      48.97,    171.39,         13.47
       17,          2,    6,         13.27,          3.50,       5.08,      50.83,    177.88,         13.94
       17,          2,    7,         13.57,          3.50,       5.28,      52.80,    184.81,         14.30
       17,          3,    1,          6.20,          3.50,       2.61,      26.10,     91.38,          6.33
       17,          3,    2,         11.16,          3.50,       4.02,      40.25,    140.88,         11.33
       17,          3,    3,         12.91,          3.50,       4.80,      47.99,    167.96,         13.73
       17,          3,    4,         13.49,          3.50,       5.23,      52.31,    183.08,         14.20
       17,          3,    5,         14.30,          3.50,       5.62,      56.21,    196.70,         15.74
       17,          3,    6,         14.47,          3.50,       5.94,      59.38,    207.78,         15.36
       17,          3,    7,         15.07,          3.50,       6.24,      62.38,    218.26,         16.68
       17,          4,    1,          7.05,          3.50,       2.84,      28.35,     99.24,          6.87
       17,          4,    2,         11.75,          3.50,       4.43,      44.30,    155.06,         11.56
       17,          4,    3,         13.72,          3.50,       5.36,      53.60,    187.60,         14.51
       17,          4,    4,         14.65,          3.50,       5.92,      59.21,    207.23,         16.06
       17,          4,    5,         15.08,          3.50,       6.39,      63.91,    223.62,         16.25
       17,          4,    6,         15.72,          3.50,       6.74,      67.39,    235.76,         17.75
       17,          4,    7,         16.03,          3.50,       7.03,      70.28,    245.82,         18.20
       18,          1,    1,          4.91,          3.50,       2.19,      21.93,     76.82,          6.08
       18,          1,    2,         10.04,          3.50,       3.38,      33.78,    118.25,         10.93
       18,          1,    3,         12.30,          3.50,       4.18,      41.81,    146.33,         14.10
       18,          1,    4,         13.23,          3.50,       4.56,      45.57,    159.49,         15.74
       18,          1,    5,         13.62,          3.50,       4.76,      47.56,    166.45,         16.36
       18,          1,    6,         13.81,          3.50,       4.89,      48.93,    171.27,         16.55
       18,          1,    7,         13.96,          3.50,       5.02,      50.23,    175.79,         16.60
       18,          2,    1,          5.90,          3.50,       2.41,      24.13,     84.50,          6.63
       18,          2,    2,         11.03,          3.50,       3.75,      37.55,    131.47,         12.00
       18,          2,    3,         13.15,          3.50,       4.57,      45.70,    159.97,         15.38
       18,          2,    4,        -87.73,          3.50,       0.17,       1.70,      5.95,         -0.00
       18,          2,    5,         14.41,          3.50,       5.24,      52.37,    183.29,         17.52
       18,          2,    6,         14.70,          3.50,       5.46,      54.59,    191.06,         17.87
       18,          2,    7,         14.98,          3.50,       5.70,      56.99,    199.45,         18.12
       18,          3,    1,          6.68,          3.50,       2.65,      26.51,     92.85,          6.93
       18,          3,    2,         11.93,          3.50,       4.17,      41.68,    145.90,         12.97
       18,          3,    3,         14.03,          3.50,       5.08,      50.79,    177.76,         16.65
       18,          3,    4,         14.90,          3.50,       5.59,      55.83,    195.41,         18.23
       18,          3,    5,         15.52,          3.50,       6.03,      60.31,    211.05,         19.24
       18,          3,    6,         15.93,          3.50,       6.38,      63.80,    223.24,         19.84
       18,          3,    7,         16.30,          3.50,       6.71,      67.14,    234.90,         20.37
       18,          4,    1,          7.24,          3.50,       2.88,      28.76,    100.71,          7.07
       18,          4,    2,         12.70,          3.50,       4.58,      45.86,    160.53,         13.82
       18,          4,    3,         14.88,          3.50,       5.64,      56.40,    197.39,         17.91
       18,          4,    4,         15.83,          3.50,       6.27,      62.70,    219.39,         19.78
       18,          4,    5,         16.48,          3.50,       6.79,      67.91,    237.57,         20.99
       18,          4,    6,         16.89,          3.50,       7.17,      71.68,    250.74,         21.69
       18,          4,    7,         17.18,          3.50,       7.47,      74.66,    261.10,         22.21
       19,          1,    1,          5.04,          3.50,       2.21,      22.14,     77.56,          6.20
       19,          1,    2,         10.36,          3.50,       3.45,      34.52,    120.85,         11.47
       19,          1,    3,         13.10,          3.50,       4.37,      43.66,    152.80,         16.09
       19,          1,    4,         14.25,          3.50,       4.83,      48.31,    169.09,         18.62
       19,          1,    5,         14.75,          3.50,       5.10,      50.98,    178.42,         19.58
       19,          1,    6,         14.99,          3.50,       5.28,      52.75,    184.62,         19.92
       19,          1,    7,         15.11,          3.50,       5.43,      54.29,    190.02,         19.79
       19,          2,    1,          6.09,          3.50,       2.44,      24.43,     85.57,          6.81
       19,          2,    2,         11.75,          3.50,       3.86,      38.63,    135.22,         13.69
       19,          2,    3,         14.04,          3.50,       4.83,      48.30,    169.06,         17.72
       19,          2,    4,         15.05,          3.50,       5.32,      53.17,    186.08,         19.97
       19,          2,    5,         15.41,          3.50,       5.67,      56.69,    198.41,         20.16
       19,          2,    6,         15.92,          3.50,       5.93,      59.30,    207.51,         21.51
       19,          2,    7,         16.20,          3.50,       6.19,      61.91,    216.65,         21.87
       19,          3,    1,          6.94,          3.50,       2.68,      26.81,     93.88,          7.28
       19,          3,    2,         12.71,          3.50,       4.29,      42.90,    150.16,         15.02
       19,          3,    3,         15.01,          3.50,       5.39,      53.85,    188.48,         19.49
       19,          3,    4,         16.00,          3.50,       5.98,      59.80,    209.29,         21.73
       19,          3,    5,         16.42,          3.50,       6.48,      64.82,    226.80,         21.84
       19,          3,    6,         17.05,          3.50,       6.87,      68.72,    240.45,         23.64
       19,          3,    7,         17.33,          3.50,       7.23,      72.28,    252.80,         23.86
       19,          4,    1,          7.66,          3.50,       2.91,      29.11,    101.94,          7.66
       19,          4,    2,         13.53,          3.50,       4.71,      47.13,    164.94,         16.20
       19,          4,    3,         15.89,          3.50,       5.96,      59.60,    208.57,         21.22
       19,          4,    4,         16.89,          3.50,       6.68,      66.82,    233.79,         23.46
       19,          4,    5,         17.54,          3.50,       7.27,      72.66,    254.15,         24.85
       19,          4,    6,         17.94,          3.50,       7.68,      76.75,    268.38,         25.66
       19,          4,    7,        -87.55,          3.50,       0.17,       1.71,      5.98,         -0.00
       20,          1,    1,          5.58,          3.50,       2.24,      22.44,     78.59,          6.89
       20,          1,    2,         11.28,          3.50,       3.53,      35.29,    123.54,         13.77
       20,          1,    3,         14.02,          3.50,       4.56,      45.55,    159.42,         18.91
       20,          1,    4,         15.20,          3.50,       5.13,      51.29,    179.53,         21.61
       20,          1,    5,         15.78,          3.50,       5.46,      54.60,    191.10,         22.96
       20,          1,    6,         16.07,          3.50,       5.66,      56.64,    198.25,         23.52
       20,          1,    7,         16.28,          3.50,       5.84,      58.39,    204.36,         23.82
       20,          2,    1,          6.76,          3.50,       2.48,      24.82,     86.94,          7.81
       20,          2,    2,         12.39,          3.50,       3.96,      39.59,    138.58,         15.42
       20,          2,    3,         15.00,          3.50,       5.09,      50.94,    178.29,         20.81
       20,          2,    4,         16.07,          3.50,       5.70,      57.03,    199.61,         23.33
       20,          2,    5,         16.66,          3.50,       6.11,      61.05,    213.64,         24.72
       20,          2,    6,         17.00,          3.50,       6.40,      63.96,    223.82,         25.39
       20,          2,    7,         17.30,          3.50,       6.68,      66.84,    233.87,         25.85
       20,          3,    1,          7.76,          3.50,       2.72,      27.19,     95.21,          8.64
       20,          3,    2,         13.36,          3.50,       4.40,      44.03,    154.13,         16.95
       20,          3,    3,         15.94,          3.50,       5.69,      56.94,    199.26,         22.68
       20,          3,    4,         17.01,          3.50,       6.41,      64.11,    224.32,         25.36
       20,          3,    5,         17.67,          3.50,       6.97,      69.66,    243.67,         26.89
       20,          3,    6,         18.09,          3.50,       7.38,      73.82,    258.19,         27.73
       20,          3,    7,         18.43,          3.50,       7.77,      77.65,    271.52,         28.39
       20,          4,    1,          8.58,          3.50,       2.95,      29.53,    103.37,          9.34
       20,          4,    2,         14.17,          3.50,       4.83,      48.32,    169.11,         18.27
       20,          4,    3,         16.56,          3.50,       6.28,      62.77,    219.65,         23.40
       20,          4,    4,         17.82,          3.50,       7.13,      71.26,    249.23,         27.15
       20,          4,    5,         18.51,          3.50,       7.78,      77.78,    271.95,         28.86
       20,          4,    6,         18.92,          3.50,       8.25,      82.48,    288.36,         29.76
       20,          4,    7,         19.23,          3.50,       8.62,      86.17,    301.26,         30.40
       21,          1,    1,          6.59,          3.50,       2.27,      22.70,     79.49,          8.59
       21,          1,    2,         11.62,          3.50,       3.59,      35.88,    125.61,         14.66
       21,          1,    3,         14.69,          3.50,       4.70,      46.99,    164.47,         21.31
       21,          1,    4,         16.01,          3.50,       5.39,      53.90,    188.64,         24.59
       21,          1,    5,         16.65,          3.50,       5.77,      57.74,    202.06,         26.32
       21,          1,    6,         16.96,          3.50,       5.99,      59.93,    209.75,         27.08
       21,          1,    7,         17.17,          3.50,       6.18,      61.81,    216.32,         27.47
       21,          2,    1,          7.70,          3.50,       2.51,      25.11,     87.95,          9.57
       21,          2,    2,         13.00,          3.50,       4.04,      40.43,    141.52,         17.33
       21,          2,    3,         15.70,          3.50,       5.29,      52.91,    185.21,         23.40
       21,          2,    4,         16.93,          3.50,       6.03,      60.33,    211.15,         26.70
       21,          2,    5,         17.57,          3.50,       6.49,      64.91,    227.13,         28.48
       21,          2,    6,         17.93,          3.50,       6.80,      67.99,    237.87,         29.35
       21,          2,    7,         18.23,          3.50,       7.10,      70.97,    248.24,         30.01
       21,          3,    1,          8.61,          3.50,       2.76,      27.56,     96.51,         10.33
       21,          3,    2,         13.64,          3.50,       4.51,      45.04,    157.67,         17.58
       21,          3,    3,         16.64,          3.50,       5.95,      59.43,    207.98,         25.36
       21,          3,    4,         17.89,          3.50,       6.83,      68.32,    239.02,         28.93
       21,          3,    5,         18.60,          3.50,       7.45,      74.45,    260.37,         30.93
       21,          3,    6,         19.03,          3.50,       7.91,      79.05,    276.40,         31.95
       21,          3,    7,         19.37,          3.50,       8.32,      83.24,    291.01,         32.69
       21,          4,    1,          9.35,          3.50,       3.00,      29.93,    104.81,         10.95
       21,          4,    2,         14.51,          3.50,       4.94,      49.44,    173.02,         19.25
       21,          4,    3,         17.41,          3.50,       6.56,      65.61,    229.54,         27.11
       21,          4,    4,         18.69,          3.50,       7.59,      75.89,    265.39,         30.92
       21,          4,    5,        -87.26,          3.50,       0.17,       1.70,      5.94,         -0.00
       21,          4,    6,         19.85,          3.50,       8.85,      88.52,    309.47,         34.07
       21,          4,    7,         20.16,          3.50,       9.29,      92.82,    324.49,         34.75
       22,          1,    1,          7.30,          3.50,       2.29,      22.93,     80.29,         10.01
       22,          1,    2,         12.51,          3.50,       3.65,      36.47,    127.65,         17.67
       22,          1,    3,         15.26,          3.50,       4.80,      48.04,    168.14,         23.72
       22,          1,    4,         16.66,          3.50,       5.60,      55.99,    195.95,         27.41
       22,          1,    5,         17.36,          3.50,       6.05,      60.50,    211.73,         29.40
       22,          1,    6,         17.68,          3.50,       6.30,      62.96,    220.31,         30.27
       22,          1,    7,         17.91,          3.50,       6.50,      65.04,    227.57,         30.76
       22,          2,    1,          8.45,          3.50,       2.54,      25.37,     88.87,         11.26
       22,          2,    2,         13.59,          3.50,       4.11,      41.05,    143.67,         19.55
       22,          2,    3,         16.28,          3.50,       5.44,      54.40,    190.41,         25.96
       22,          2,    4,         17.64,          3.50,       6.31,      63.07,    220.70,         29.93
       22,          2,    5,         18.35,          3.50,       6.84,      68.40,    239.33,         32.16
       22,          2,    6,         18.73,          3.50,       7.17,      71.67,    250.68,         33.33
       22,          2,    7,         19.04,          3.50,       7.48,      74.81,    261.61,         34.13
       22,          3,    1,          9.35,          3.50,       2.79,      27.90,     97.69,         12.09
       22,          3,    2,         14.47,          3.50,       4.59,      45.91,    160.67,         20.85
       22,          3,    3,         16.94,          3.50,       6.12,      61.21,    214.22,         26.34
       22,          3,    4,         18.62,          3.50,       7.20,      72.03,    251.92,         32.33
       22,          3,    5,         19.41,          3.50,       7.92,      79.19,    276.90,         34.90
       22,          3,    6,        -87.60,          3.50,       0.17,       1.71,      6.00,         -0.00
       22,          3,    7,         20.23,          3.50,       8.88,      88.77,    310.35,         37.12
       22,          4,    1,         10.02,          3.50,       3.03,      30.30,    106.09,         12.61
       22,          4,    2,         15.19,          3.50,       5.05,      50.48,    176.68,         21.96
       22,          4,    3,         17.94,          3.50,       6.78,      67.84,    237.36,         29.49
       22,          4,    4,         19.42,          3.50,       8.04,      80.42,    281.17,         34.37
       22,          4,    5,         20.23,          3.50,       8.92,      89.14,    311.65,         37.00
       22,          4,    6,         20.69,          3.50,       9.51,      95.12,    332.52,         38.34
       22,          4,    7,         20.98,          3.50,      10.00,     100.04,    349.70,         38.76

