[Radio] Initializing ... success!
Connected to RF power monitor: Rohde&Schwarz,FPC1500,1328.6660K03/205785,V1.80
Connected to DC power monitor: radiolib-org,DCpowerMon,070dd3d
setCurrentLimit, code 0

Set [dBm],paDutyCycle,hpMax,Measured [dBm],Bus voltage[V],Voltage[mV],Current[mA],Power [mW],Efficiency [%]
       -9,          1,    1,        -17.09,          3.50,       0.95,       9.52,     33.34,          0.23
       -9,          1,    2,        -14.55,          3.50,       1.07,      10.71,     37.52,          0.28
       -9,          1,    3,        -13.63,          3.50,       1.16,      11.67,     40.89,          0.27
       -9,          1,    4,        -13.14,          3.50,       1.24,      12.43,     43.55,          0.26
       -9,          1,    5,        -12.79,          3.50,       1.32,      13.23,     46.35,          0.25
       -9,          1,    6,        -12.52,          3.50,       1.40,      13.94,     48.86,          0.23
       -9,          1,    7,        -12.43,          3.50,       1.47,      14.73,     51.62,          0.21
       -9,          2,    1,        -16.44,          3.50,       0.97,       9.72,     34.07,          0.25
       -9,          2,    2,        -14.06,          3.50,       1.09,      10.95,     38.39,          0.29
       -9,          2,    3,        -13.12,          3.50,       1.19,      11.92,     41.77,          0.29
       -9,          2,    4,        -12.58,          3.50,       1.28,      12.83,     44.93,          0.28
       -9,          2,    5,        -12.17,          3.50,       1.37,      13.64,     47.80,          0.27
       -9,          2,    6,        -11.84,          3.50,       1.45,      14.45,     50.65,          0.25
       -9,          2,    7,        -11.56,          3.50,       1.52,      15.25,     53.43,          0.25
       -9,          3,    1,        -15.88,          3.50,       0.99,       9.93,     34.79,          0.26
       -9,          3,    2,        -13.75,          3.50,       1.13,      11.35,     39.78,          0.28
       -9,          3,    3,        -12.41,          3.50,       1.24,      12.43,     43.56,          0.31
       -9,          3,    4,        -12.05,          3.50,       1.34,      13.42,     47.00,          0.28
       -9,          3,    5,        -11.28,          3.50,       1.44,      14.41,     50.49,          0.29
       -9,          3,    6,        -10.92,          3.50,       1.53,      15.28,     53.52,          0.28
       -9,          3,    7,        -10.66,          3.50,       1.61,      16.09,     56.39,          0.27
       -9,          4,    1,        -88.06,          3.50,       0.17,       1.70,      5.95,         -0.00
       -9,          4,    2,        -12.88,          3.50,       1.18,      11.78,     41.30,          0.31
       -9,          4,    3,        -11.79,          3.50,       1.31,      13.06,     45.75,          0.32
       -9,          4,    4,        -11.19,          3.50,       1.41,      14.13,     49.50,          0.31
       -9,          4,    5,        -10.68,          3.50,       1.51,      15.10,     52.91,          0.30
       -9,          4,    6,        -10.35,          3.50,       1.60,      15.95,     55.90,          0.30
       -9,          4,    7,        -10.10,          3.50,       1.68,      16.78,     58.80,          0.29
       -8,          1,    1,        -15.76,          3.50,       0.98,       9.80,     34.34,          0.28
       -8,          1,    2,        -13.23,          3.50,       1.11,      11.11,     38.91,          0.34
       -8,          1,    3,        -12.36,          3.50,       1.20,      12.01,     42.10,          0.34
       -8,          1,    4,        -11.87,          3.50,       1.28,      12.86,     45.05,          0.32
       -8,          1,    5,        -11.55,          3.50,       1.36,      13.64,     47.78,          0.31
       -8,          1,    6,        -11.30,          3.50,       1.44,      14.41,     50.49,          0.29
       -8,          1,    7,        -11.07,          3.50,       1.52,      15.15,     53.06,          0.28
       -8,          2,    1,        -15.15,          3.50,       1.00,      10.01,     35.08,          0.30
       -8,          2,    2,        -12.75,          3.50,       1.14,      11.44,     40.09,          0.35
       -8,          2,    3,        -11.86,          3.50,       1.24,      12.38,     43.38,          0.35
       -8,          2,    4,        -11.34,          3.50,       1.33,      13.29,     46.57,          0.34
       -8,          2,    5,        -10.94,          3.50,       1.41,      14.15,     49.57,          0.33
       -8,          2,    6,        -10.65,          3.50,       1.50,      14.97,     52.45,          0.31
       -8,          2,    7,        -10.69,          3.50,       1.58,      15.76,     55.21,          0.28
       -8,          3,    1,        -14.60,          3.50,       1.03,      10.25,     35.93,          0.32
       -8,          3,    2,        -12.15,          3.50,       1.18,      11.82,     41.41,          0.37
       -8,          3,    3,        -11.14,          3.50,       1.30,      13.01,     45.57,          0.37
       -8,          3,    4,        -10.52,          3.50,       1.40,      13.99,     49.03,          0.37
       -8,          3,    5,        -10.05,          3.50,       1.50,      15.01,     52.61,          0.36
       -8,          3,    6,         -9.70,          3.50,       1.59,      15.90,     55.70,          0.35
       -8,          3,    7,         -9.43,          3.50,       1.68,      16.74,     58.64,          0.34
       -8,          4,    1,        -14.11,          3.50,       1.05,      10.54,     36.94,          0.32
       -8,          4,    2,        -11.74,          3.50,       1.23,      12.32,     43.18,          0.37
       -8,          4,    3,        -10.53,          3.50,       1.37,      13.68,     47.93,          0.38
       -8,          4,    4,         -9.85,          3.50,       1.48,      14.84,     51.99,          0.38
       -8,          4,    5,         -9.42,          3.50,       1.58,      15.81,     55.38,          0.37
       -8,          4,    6,         -9.11,          3.50,       1.67,      16.72,     58.59,          0.36
       -8,          4,    7,         -8.87,          3.50,       1.75,      17.54,     61.44,          0.35
       -7,          1,    1,        -14.73,          3.50,       1.01,      10.06,     35.26,          0.33
       -7,          1,    2,        -12.16,          3.50,       1.15,      11.46,     40.14,          0.40
       -7,          1,    3,        -11.30,          3.50,       1.24,      12.41,     43.49,          0.40
       -7,          1,    4,        -10.83,          3.50,       1.33,      13.27,     46.50,          0.39
       -7,          1,    5,        -10.52,          3.50,       1.41,      14.05,     49.23,          0.37
       -7,          1,    6,        -10.32,          3.50,       1.48,      14.82,     51.92,          0.35
       -7,          1,    7,        -10.07,          3.50,       1.56,      15.58,     54.58,          0.33
       -7,          2,    1,        -14.06,          3.50,       1.03,      10.30,     36.08,          0.35
       -7,          2,    2,        -11.96,          3.50,       1.18,      11.77,     41.22,          0.39
       -7,          2,    3,        -10.78,          3.50,       1.28,      12.84,     44.98,          0.42
       -7,          2,    4,        -10.47,          3.50,       1.38,      13.76,     48.22,          0.39
       -7,          2,    5,        -10.15,          3.50,       1.47,      14.67,     51.39,          0.37
       -7,          2,    6,         -9.59,          3.50,       1.55,      15.44,     54.12,          0.38
       -7,          2,    7,         -9.34,          3.50,       1.63,      16.31,     57.13,          0.36
       -7,          3,    1,        -13.49,          3.50,       1.06,      10.61,     37.16,          0.37
       -7,          3,    2,        -11.06,          3.50,       1.22,      12.24,     42.88,          0.44
       -7,          3,    3,        -10.06,          3.50,       1.35,      13.48,     47.24,          0.44
       -7,          3,    4,         -9.45,          3.50,       1.46,      14.59,     51.12,          0.43
       -7,          3,    5,         -8.99,          3.50,       1.56,      15.56,     54.51,          0.43
       -7,          3,    6,         -8.66,          3.50,       1.65,      16.53,     57.93,          0.41
       -7,          3,    7,         -8.42,          3.50,       1.74,      17.36,     60.83,          0.40
       -7,          4,    1,        -13.02,          3.50,       1.10,      10.93,     38.32,          0.37
       -7,          4,    2,        -10.75,          3.50,       1.29,      12.87,     45.10,          0.41
       -7,          4,    3,         -9.43,          3.50,       1.43,      14.27,     50.01,          0.45
       -7,          4,    4,         -8.77,          3.50,       1.55,      15.47,     54.20,          0.45
       -7,          4,    5,         -8.35,          3.50,       1.65,      16.51,     57.86,          0.44
       -7,          4,    6,         -8.04,          3.50,       1.74,      17.41,     61.00,          0.43
       -7,          4,    7,         -7.82,          3.50,       1.83,      18.32,     64.20,          0.42
       -6,          1,    1,        -13.71,          3.50,       1.03,      10.33,     36.18,          0.38
       -6,          1,    2,        -11.19,          3.50,       1.18,      11.80,     41.36,          0.46
       -6,          1,    3,        -10.35,          3.50,       1.28,      12.84,     44.99,          0.46
       -6,          1,    4,         -9.88,          3.50,       1.37,      13.66,     47.87,          0.45
       -6,          1,    5,         -9.58,          3.50,       1.45,      14.51,     50.82,          0.43
       -6,          1,    6,         -9.36,          3.50,       1.53,      15.25,     53.45,          0.41
       -6,          1,    7,         -9.16,          3.50,       1.60,      16.04,     56.19,          0.39
       -6,          2,    1,        -13.08,          3.50,       1.06,      10.60,     37.13,          0.40
       -6,          2,    2,        -10.70,          3.50,       1.21,      12.13,     42.50,          0.48
       -6,          2,    3,        -10.07,          3.50,       1.33,      13.25,     46.45,          0.46
       -6,          2,    4,         -9.31,          3.50,       1.42,      14.22,     49.83,          0.47
       -6,          2,    5,         -8.94,          3.50,       1.51,      15.12,     52.99,          0.46
       -6,          2,    6,         -8.66,          3.50,       1.60,      15.97,     55.94,          0.44
       -6,          2,    7,         -8.42,          3.50,       1.68,      16.77,     58.77,          0.43
       -6,          3,    1,        -12.51,          3.50,       1.10,      10.97,     38.43,          0.41
       -6,          3,    2,        -10.08,          3.50,       1.27,      12.72,     44.56,          0.50
       -6,          3,    3,         -9.29,          3.50,       1.40,      14.01,     49.07,          0.49
       -6,          3,    4,         -8.49,          3.50,       1.52,      15.16,     53.12,          0.50
       -6,          3,    5,         -8.04,          3.50,       1.62,      16.22,     56.83,          0.49
       -6,          3,    6,         -7.72,          3.50,       1.71,      17.12,     60.00,          0.48
       -6,          3,    7,         -7.71,          3.50,       1.81,      18.09,     63.36,          0.44
       -6,          4,    1,        -12.04,          3.50,       1.14,      11.40,     39.93,          0.18
       -6,          4,    2,         -9.52,          3.50,       1.34,      13.40,     46.94,          0.27
       -6,          4,    3,         -8.45,          3.50,       1.49,      14.90,     52.23,          0.31
       -6,          4,    4,         -8.04,          3.50,       1.61,      16.14,     56.55,          0.31
       -6,          4,    5,         -7.40,          3.50,       1.72,      17.21,     60.27,          0.34
       -6,          4,    6,         -7.09,          3.50,       1.82,      18.21,     63.79,          0.34
       -6,          4,    7,         -6.87,          3.50,       1.91,      19.08,     66.83,          0.34
       -5,          1,    1,        -12.07,          3.50,       1.09,      10.87,     38.11,          0.47
       -5,          1,    2,         -9.64,          3.50,       1.25,      12.53,     43.90,          0.57
       -5,          1,    3,         -8.80,          3.50,       1.36,      13.59,     47.63,          0.58
       -5,          1,    4,         -8.27,          3.50,       1.45,      14.50,     50.82,          0.58
       -5,          1,    5,         -7.98,          3.50,       1.53,      15.34,     53.75,          0.55
       -5,          1,    6,         -7.77,          3.50,       1.61,      16.11,     56.45,          0.53
       -5,          1,    7,         -7.58,          3.50,       1.69,      16.91,     59.24,          0.51
       -5,          2,    1,        -11.46,          3.50,       1.13,      11.23,     39.36,          0.50
       -5,          2,    2,         -9.03,          3.50,       1.30,      12.99,     45.52,          0.61
       -5,          2,    3,         -8.16,          3.50,       1.42,      14.13,     49.50,          0.62
       -5,          2,    4,         -7.80,          3.50,       1.52,      15.14,     53.05,          0.59
       -5,          2,    5,         -7.31,          3.50,       1.62,      16.14,     56.56,          0.59
       -5,          2,    6,         -7.05,          3.50,       1.70,      16.95,     59.37,          0.57
       -5,          2,    7,         -6.84,          3.50,       1.79,      17.84,     62.49,          0.55
       -5,          3,    1,        -10.85,          3.50,       1.16,      11.64,     40.81,          0.52
       -5,          3,    2,         -8.41,          3.50,       1.36,      13.63,     47.75,          0.63
       -5,          3,    3,         -7.44,          3.50,       1.51,      15.09,     52.88,          0.64
       -5,          3,    4,         -6.84,          3.50,       1.63,      16.30,     57.10,          0.64
       -5,          3,    5,         -6.40,          3.50,       1.74,      17.35,     60.80,          0.64
       -5,          3,    6,         -6.09,          3.50,       1.84,      18.41,     64.51,          0.62
       -5,          3,    7,         -5.83,          3.50,       1.94,      19.37,     67.84,          0.61
       -5,          4,    1,        -10.37,          3.50,       1.21,      12.12,     42.48,          0.52
       -5,          4,    2,         -8.13,          3.50,       1.45,      14.46,     50.64,          0.60
       -5,          4,    3,         -6.78,          3.50,       1.61,      16.15,     56.57,          0.66
       -5,          4,    4,         -6.16,          3.50,       1.75,      17.43,     61.06,          0.67
       -5,          4,    5,         -5.74,          3.50,       1.87,      18.67,     65.38,          0.66
       -5,          4,    6,         -5.45,          3.50,       1.97,      19.66,     68.88,          0.65
       -5,          4,    7,         -5.33,          3.50,       2.06,      20.58,     72.10,          0.62
       -4,          1,    1,        -11.36,          3.50,       1.12,      11.13,     39.01,          0.52
       -4,          1,    2,         -8.83,          3.50,       1.29,      12.87,     45.10,          0.65
       -4,          1,    3,         -8.00,          3.50,       1.40,      13.97,     48.95,          0.66
       -4,          1,    4,         -7.56,          3.50,       1.49,      14.90,     52.21,          0.65
       -4,          1,    5,         -7.28,          3.50,       1.57,      15.73,     55.11,          0.62
       -4,          1,    6,         -7.08,          3.50,       1.65,      16.55,     57.96,          0.60
       -4,          1,    7,         -6.89,          3.50,       1.73,      17.28,     60.54,          0.58
       -4,          2,    1,        -10.71,          3.50,       1.15,      11.53,     40.39,          0.55
       -4,          2,    2,         -8.31,          3.50,       1.33,      13.33,     46.73,          0.68
       -4,          2,    3,         -7.45,          3.50,       1.46,      14.61,     51.18,          0.69
       -4,          2,    4,         -7.14,          3.50,       1.56,      15.59,     54.64,          0.65
       -4,          2,    5,         -6.61,          3.50,       1.66,      16.59,     58.11,          0.66
       -4,          2,    6,         -6.35,          3.50,       1.74,      17.44,     61.11,          0.64
       -4,          2,    7,         -6.12,          3.50,       1.84,      18.38,     64.40,          0.62
       -4,          3,    1,        -10.14,          3.50,       1.20,      11.99,     42.03,          0.57
       -4,          3,    2,         -7.69,          3.50,       1.41,      14.06,     49.28,          0.70
       -4,          3,    3,         -6.71,          3.50,       1.56,      15.57,     54.58,          0.72
       -4,          3,    4,         -6.12,          3.50,       1.68,      16.81,     58.91,          0.72
       -4,          3,    5,         -5.69,          3.50,       1.80,      17.99,     63.02,          0.71
       -4,          3,    6,         -5.38,          3.50,       1.90,      19.01,     66.61,          0.70
       -4,          3,    7,         -5.12,          3.50,       2.00,      20.02,     70.14,          0.68
       -4,          4,    1,         -9.65,          3.50,       1.25,      12.50,     43.82,          0.57
       -4,          4,    2,         -7.12,          3.50,       1.50,      14.98,     52.47,          0.70
       -4,          4,    3,         -6.06,          3.50,       1.67,      16.71,     58.53,          0.74
       -4,          4,    4,         -5.43,          3.50,       1.82,      18.15,     63.56,          0.74
       -4,          4,    5,         -5.03,          3.50,       1.93,      19.33,     67.70,          0.73
       -4,          4,    6,         -4.80,          3.50,       2.04,      20.38,     71.39,          0.71
       -4,          4,    7,         -4.52,          3.50,       2.13,      21.34,     74.74,          0.71
       -3,          1,    1,        -10.87,          3.50,       1.14,      11.39,     39.91,          0.55
       -3,          1,    2,         -8.17,          3.50,       1.32,      13.23,     46.36,          0.72
       -3,          1,    3,         -7.34,          3.50,       1.44,      14.35,     50.27,          0.73
       -3,          1,    4,         -6.91,          3.50,       1.53,      15.29,     53.60,          0.71
       -3,          1,    5,         -6.64,          3.50,       1.62,      16.19,     56.72,          0.69
       -3,          1,    6,         -6.43,          3.50,       1.70,      16.93,     59.31,          0.66
       -3,          1,    7,         -6.25,          3.50,       1.77,      17.74,     62.16,          0.64
       -3,          2,    1,        -10.06,          3.50,       1.18,      11.82,     41.42,          0.60
       -3,          2,    2,         -7.65,          3.50,       1.37,      13.74,     48.15,          0.74
       -3,          2,    3,         -6.79,          3.50,       1.50,      15.03,     52.66,          0.76
       -3,          2,    4,         -6.31,          3.50,       1.60,      16.07,     56.30,          0.75
       -3,          2,    5,         -6.06,          3.50,       1.70,      17.05,     59.74,          0.71
       -3,          2,    6,         -5.70,          3.50,       1.80,      18.01,     63.10,          0.71
       -3,          2,    7,         -5.47,          3.50,       1.89,      18.90,     66.23,          0.69
       -3,          3,    1,         -9.73,          3.50,       1.23,      12.29,     43.08,          0.59
       -3,          3,    2,         -7.03,          3.50,       1.46,      14.54,     50.95,          0.76
       -3,          3,    3,         -6.05,          3.50,       1.61,      16.08,     56.36,          0.79
       -3,          3,    4,         -5.46,          3.50,       1.73,      17.35,     60.76,          0.79
       -3,          3,    5,         -5.03,          3.50,       1.86,      18.58,     65.08,          0.78
       -3,          3,    6,         -4.72,          3.50,       1.97,      19.70,     69.00,          0.77
       -3,          3,    7,         -4.47,          3.50,       2.06,      20.62,     72.21,          0.76
       -3,          4,    1,         -9.00,          3.50,       1.29,      12.89,     45.15,          0.62
       -3,          4,    2,         -6.75,          3.50,       1.55,      15.47,     54.21,          0.72
       -3,          4,    3,         -5.40,          3.50,       1.73,      17.30,     60.63,          0.81
       -3,          4,    4,         -4.82,          3.50,       1.88,      18.81,     65.91,          0.80
       -3,          4,    5,         -4.53,          3.50,       2.00,      20.04,     70.20,          0.78
       -3,          4,    6,         -4.07,          3.50,       2.11,      21.12,     73.98,          0.80
       -3,          4,    7,         -3.87,          3.50,       2.21,      22.08,     77.34,          0.78
       -2,          1,    1,         -9.55,          3.50,       1.19,      11.94,     41.83,          0.66
       -2,          1,    2,         -6.98,          3.50,       1.40,      13.94,     48.85,          0.84
       -2,          1,    3,         -6.35,          3.50,       1.52,      15.15,     53.06,          0.83
       -2,          1,    4,         -5.73,          3.50,       1.61,      16.11,     56.46,          0.85
       -2,          1,    5,         -5.46,          3.50,       1.70,      16.98,     59.49,          0.82
       -2,          1,    6,         -5.27,          3.50,       1.78,      17.79,     62.33,          0.80
       -2,          1,    7,         -5.09,          3.50,       1.87,      18.66,     65.37,          0.77
       -2,          2,    1,         -8.89,          3.50,       1.24,      12.38,     43.39,          0.70
       -2,          2,    2,         -6.46,          3.50,       1.46,      14.56,     51.02,          0.87
       -2,          2,    3,         -5.66,          3.50,       1.59,      15.87,     55.61,          0.89
       -2,          2,    4,         -5.12,          3.50,       1.69,      16.95,     59.39,          0.89
       -2,          2,    5,         -4.77,          3.50,       1.80,      18.06,     63.25,          0.87
       -2,          2,    6,         -4.52,          3.50,       1.90,      19.00,     66.56,          0.85
       -2,          2,    7,         -4.30,          3.50,       2.00,      19.97,     69.97,          0.83
       -2,          3,    1,         -8.30,          3.50,       1.30,      13.00,     45.54,          0.72
       -2,          3,    2,         -5.83,          3.50,       1.54,      15.45,     54.12,          0.89
       -2,          3,    3,         -4.85,          3.50,       1.71,      17.08,     59.83,          0.94
       -2,          3,    4,         -4.57,          3.50,       1.85,      18.48,     64.73,          0.88
       -2,          3,    5,         -3.85,          3.50,       1.98,      19.80,     69.36,          0.93
       -2,          3,    6,         -3.57,          3.50,       2.09,      20.86,     73.07,          0.91
       -2,          3,    7,         -3.29,          3.50,       2.19,      21.90,     76.72,          0.90
       -2,          4,    1,         -7.82,          3.50,       1.36,      13.60,     47.65,          0.73
       -2,          4,    2,         -5.26,          3.50,       1.65,      16.53,     57.91,          0.90
       -2,          4,    3,         -4.20,          3.50,       1.85,      18.51,     64.85,          0.95
       -2,          4,    4,         -3.57,          3.50,       2.01,      20.12,     70.49,          0.96
       -2,          4,    5,         -3.17,          3.50,       2.14,      21.41,     74.99,          0.96
       -2,          4,    6,         -2.93,          3.50,       2.25,      22.53,     78.93,          0.94
       -2,          4,    7,         -2.68,          3.50,       2.35,      23.56,     82.51,          0.94
       -1,          1,    1,         -8.58,          3.50,       1.24,      12.42,     43.52,          0.75
       -1,          1,    2,         -5.99,          3.50,       1.46,      14.63,     51.26,          0.96
       -1,          1,    3,         -5.15,          3.50,       1.59,      15.88,     55.65,          1.00
       -1,          1,    4,         -4.73,          3.50,       1.69,      16.86,     59.06,          0.99
       -1,          1,    5,         -4.47,          3.50,       1.78,      17.79,     62.35,          0.96
       -1,          1,    6,         -4.27,          3.50,       1.87,      18.65,     65.34,          0.93
       -1,          1,    7,         -4.30,          3.50,       1.95,      19.49,     68.27,          0.86
       -1,          2,    1,         -7.91,          3.50,       1.30,      13.00,     45.54,          0.79
       -1,          2,    2,         -5.45,          3.50,       1.53,      15.30,     53.60,          1.00
       -1,          2,    3,         -4.58,          3.50,       1.67,      16.72,     58.56,          1.04
       -1,          2,    4,         -4.11,          3.50,       1.79,      17.88,     62.62,          1.03
       -1,          2,    5,         -3.77,          3.50,       1.90,      18.97,     66.47,          1.01
       -1,          2,    6,         -3.52,          3.50,       2.00,      19.98,     69.98,          0.99
       -1,          2,    7,         -3.30,          3.50,       2.09,      20.91,     73.25,          0.97
       -1,          3,    1,         -7.34,          3.50,       1.36,      13.60,     47.67,          0.81
       -1,          3,    2,         -4.82,          3.50,       1.63,      16.30,     57.13,          1.02
       -1,          3,    3,         -3.84,          3.50,       1.81,      18.10,     63.40,          1.07
       -1,          3,    4,         -3.28,          3.50,       1.96,      19.57,     68.55,          1.08
       -1,          3,    5,         -3.10,          3.50,       2.09,      20.85,     73.03,          1.02
       -1,          3,    6,         -2.54,          3.50,       2.20,      22.04,     77.22,          1.07
       -1,          3,    7,         -2.29,          3.50,       2.32,      23.15,     81.09,          1.05
       -1,          4,    1,         -6.83,          3.50,       1.43,      14.33,     50.19,          0.82
       -1,          4,    2,         -4.24,          3.50,       1.75,      17.48,     61.24,          1.03
       -1,          4,    3,         -3.25,          3.50,       1.97,      19.70,     69.01,          1.07
       -1,          4,    4,         -2.72,          3.50,       2.14,      21.37,     74.87,          1.07
       -1,          4,    5,         -2.16,          3.50,       2.27,      22.72,     79.59,          1.11
       -1,          4,    6,         -1.87,          3.50,       2.39,      23.94,     83.82,          1.10
       -1,          4,    7,         -1.67,          3.50,       2.50,      25.01,     87.60,          1.09
        0,          1,    1,         -7.70,          3.50,       1.29,      12.94,     45.35,          0.84
        0,          1,    2,         -5.07,          3.50,       1.53,      15.31,     53.65,          1.09
        0,          1,    3,         -4.42,          3.50,       1.67,      16.66,     58.38,          1.08
        0,          1,    4,         -3.91,          3.50,       1.76,      17.63,     61.76,          1.11
        0,          1,    5,         -3.55,          3.50,       1.86,      18.61,     65.19,          1.10
        0,          1,    6,         -3.36,          3.50,       1.95,      19.48,     68.24,          1.07
        0,          1,    7,         -3.22,          3.50,       2.03,      20.32,     71.17,          1.03
        0,          2,    1,         -7.02,          3.50,       1.35,      13.51,     47.33,          0.89
        0,          2,    2,         -4.53,          3.50,       1.61,      16.05,     56.22,          1.13
        0,          2,    3,         -3.66,          3.50,       1.75,      17.54,     61.47,          1.18
        0,          2,    4,         -3.19,          3.50,       1.87,      18.75,     65.67,          1.18
        0,          2,    5,         -2.85,          3.50,       1.99,      19.92,     69.78,          1.16
        0,          2,    6,         -2.60,          3.50,       2.09,      20.91,     73.23,          1.14
        0,          2,    7,         -2.39,          3.50,       2.19,      21.91,     76.77,          1.12
        0,          3,    1,         -6.43,          3.50,       1.42,      14.23,     49.85,          0.91
        0,          3,    2,         -3.90,          3.50,       1.71,      17.11,     59.96,          1.16
        0,          3,    3,         -3.13,          3.50,       1.91,      19.07,     66.81,          1.16
        0,          3,    4,         -2.34,          3.50,       2.06,      20.59,     72.12,          1.24
        0,          3,    5,         -1.92,          3.50,       2.20,      22.04,     77.20,          1.23
        0,          3,    6,        -87.53,          3.50,       0.17,       1.70,      5.98,         -0.00
        0,          3,    7,         -1.38,          3.50,       2.44,      24.38,     85.39,          1.20
        0,          4,    1,         -5.93,          3.50,       1.50,      15.05,     52.73,          0.92
        0,          4,    2,         -3.45,          3.50,       1.85,      18.50,     64.80,          1.13
        0,          4,    3,         -2.25,          3.50,       2.08,      20.79,     72.83,          1.24
        0,          4,    4,         -1.63,          3.50,       2.26,      22.59,     79.11,          1.27
        0,          4,    5,         -1.23,          3.50,       2.41,      24.06,     84.27,          1.27
        0,          4,    6,         -1.20,          3.50,       2.54,      25.36,     88.81,          1.19
        0,          4,    7,         -0.73,          3.50,       2.65,      26.51,     92.84,          1.24
        1,          1,    1,         -7.10,          3.50,       1.34,      13.39,     46.90,          0.89
        1,          1,    2,         -4.25,          3.50,       1.60,      15.99,     56.01,          1.22
        1,          1,    3,         -3.73,          3.50,       1.74,      17.38,     60.90,          1.18
        1,          1,    4,         -2.98,          3.50,       1.85,      18.49,     64.77,          1.27
        1,          1,    5,         -2.73,          3.50,       1.94,      19.43,     68.09,          1.24
        1,          1,    6,         -2.54,          3.50,       2.03,      20.29,     71.08,          1.21
        1,          1,    7,         -2.38,          3.50,       2.12,      21.18,     74.19,          1.18
        1,          2,    1,         -6.23,          3.50,       1.41,      14.07,     49.29,          0.98
        1,          2,    2,         -3.70,          3.50,       1.68,      16.79,     58.84,          1.26
        1,          2,    3,         -2.83,          3.50,       1.84,      18.41,     64.50,          1.32
        1,          2,    4,         -2.36,          3.50,       1.97,      19.67,     68.91,          1.32
        1,          2,    5,         -2.02,          3.50,       2.08,      20.82,     72.93,          1.31
        1,          2,    6,         -1.78,          3.50,       2.19,      21.89,     76.67,          1.29
        1,          2,    7,         -1.57,          3.50,       2.29,      22.94,     80.33,          1.26
        1,          3,    1,         -5.63,          3.50,       1.49,      14.85,     52.05,          1.01
        1,          3,    2,         -3.08,          3.50,       1.80,      18.01,     63.10,          1.29
        1,          3,    3,         -2.08,          3.50,       2.01,      20.08,     70.34,          1.36
        1,          3,    4,         -1.51,          3.50,       2.16,      21.65,     75.86,          1.39
        1,          3,    5,         -1.09,          3.50,       2.32,      23.18,     81.20,          1.38
        1,          3,    6,         -0.79,          3.50,       2.44,      24.41,     85.50,          1.37
        1,          3,    7,         -0.55,          3.50,       2.56,      25.64,     89.78,          1.36
        1,          4,    1,         -5.14,          3.50,       1.57,      15.70,     55.00,          1.01
        1,          4,    2,         -2.50,          3.50,       1.94,      19.45,     68.16,          1.30
        1,          4,    3,         -1.43,          3.50,       2.19,      21.93,     76.81,          1.39
        1,          4,    4,         -0.79,          3.50,       2.38,      23.82,     83.42,          1.42
        1,          4,    5,         -0.48,          3.50,       2.55,      25.47,     89.19,          1.39
        1,          4,    6,         -0.11,          3.50,       2.68,      26.77,     93.75,          1.42
        1,          4,    7,          0.10,          3.50,       2.79,      27.94,     97.82,          1.40
        2,          1,    1,         -5.89,          3.50,       1.41,      14.07,     49.30,          1.06
        2,          1,    2,         -3.16,          3.50,       1.70,      16.97,     59.46,          1.41
        2,          1,    3,         -2.30,          3.50,       1.85,      18.51,     64.84,          1.48
        2,          1,    4,         -1.88,          3.50,       1.96,      19.65,     68.86,          1.48
        2,          1,    5,         -1.68,          3.50,       2.06,      20.61,     72.18,          1.44
        2,          1,    6,         -1.44,          3.50,       2.15,      21.49,     75.29,          1.43
        2,          1,    7,         -1.28,          3.50,       2.24,      22.45,     78.62,          1.39
        2,          2,    1,         -5.19,          3.50,       1.49,      14.87,     52.09,          1.12
        2,          2,    2,         -2.61,          3.50,       1.79,      17.92,     62.78,          1.45
        2,          2,    3,         -1.72,          3.50,       1.97,      19.65,     68.85,          1.54
        2,          2,    4,         -1.25,          3.50,       2.09,      20.91,     73.23,          1.55
        2,          2,    5,         -0.92,          3.50,       2.22,      22.19,     77.71,          1.54
        2,          2,    6,         -0.67,          3.50,       2.33,      23.27,     81.51,          1.52
        2,          2,    7,         -0.47,          3.50,       2.44,      24.37,     85.35,          1.49
        2,          3,    1,         -4.60,          3.50,       1.57,      15.74,     55.14,          1.15
        2,          3,    2,         -2.04,          3.50,       1.92,      19.25,     67.43,          1.47
        2,          3,    3,         -1.27,          3.50,       2.15,      21.45,     75.15,          1.49
        2,          3,    4,         -0.57,          3.50,       2.32,      23.20,     81.26,          1.56
        2,          3,    5,          0.00,          3.50,       2.48,      24.82,     86.94,          1.61
        2,          3,    6,          0.31,          3.50,       2.62,      26.15,     91.59,          1.61
        2,          3,    7,          0.34,          3.50,       2.74,      27.43,     96.05,          1.52
        2,          4,    1,         -4.09,          3.50,       1.67,      16.70,     58.50,          1.16
        2,          4,    2,         -1.40,          3.50,       2.09,      20.85,     73.03,          1.51
        2,          4,    3,         -0.32,          3.50,       2.36,      23.58,     82.59,          1.61
        2,          4,    4,          0.32,          3.50,       2.57,      25.69,     89.96,          1.65
        2,          4,    5,          0.72,          3.50,       2.74,      27.37,     95.86,          1.66
        2,          4,    6,          1.01,          3.50,       2.88,      28.79,    100.82,          1.66
        2,          4,    7,          1.22,          3.50,       3.00,      29.99,    104.98,          1.65
        3,          1,    1,         -5.29,          3.50,       1.46,      14.56,     51.03,          1.14
        3,          1,    2,         -2.51,          3.50,       1.76,      17.64,     61.79,          1.53
        3,          1,    3,         -1.63,          3.50,       1.92,      19.27,     67.51,          1.62
        3,          1,    4,         -1.21,          3.50,       2.04,      20.36,     71.32,          1.64
        3,          1,    5,         -0.96,          3.50,       2.14,      21.42,     75.05,          1.60
        3,          1,    6,         -0.78,          3.50,       2.23,      22.32,     78.18,          1.57
        3,          1,    7,         -0.62,          3.50,       2.33,      23.26,     81.45,          1.54
        3,          2,    1,         -4.58,          3.50,       1.54,      15.37,     53.85,          1.21
        3,          2,    2,         -1.95,          3.50,       1.87,      18.65,     65.36,          1.58
        3,          2,    3,         -1.06,          3.50,       2.04,      20.41,     71.51,          1.69
        3,          2,    4,         -0.59,          3.50,       2.18,      21.76,     76.23,          1.70
        3,          2,    5,         -0.26,          3.50,       2.31,      23.12,     80.98,          1.68
        3,          2,    6,         -0.02,          3.50,       2.42,      24.22,     84.81,          1.67
        3,          2,    7,          0.19,          3.50,       2.54,      25.34,     88.76,          1.64
        3,          3,    1,         -3.97,          3.50,       1.64,      16.36,     57.30,          1.24
        3,          3,    2,         -1.33,          3.50,       2.01,      20.07,     70.31,          1.63
        3,          3,    3,         -0.32,          3.50,       2.24,      22.36,     78.34,          1.74
        3,          3,    4,          0.26,          3.50,       2.42,      24.20,     84.74,          1.77
        3,          3,    5,          0.65,          3.50,       2.58,      25.89,     90.65,          1.77
        3,          3,    6,          0.97,          3.50,       2.73,      27.25,     95.44,          1.78
        3,          3,    7,          1.21,          3.50,       2.86,      28.59,    100.11,          1.76
        3,          4,    1,         -3.47,          3.50,       1.73,      17.31,     60.64,          1.26
        3,          4,    2,         -0.75,          3.50,       2.18,      21.77,     76.27,          1.64
        3,          4,    3,          0.34,          3.50,       2.47,      24.67,     86.39,          1.76
        3,          4,    4,          0.99,          3.50,       2.68,      26.85,     94.01,          1.82
        3,          4,    5,          1.40,          3.50,       2.86,      28.57,    100.07,          1.83
        3,          4,    6,          1.69,          3.50,       3.01,      30.08,    105.32,          1.83
        3,          4,    7,          1.89,          3.50,       3.13,      31.27,    109.48,          1.83
        4,          1,    1,         -4.24,          3.50,       1.54,      15.44,     54.09,          0.78
        4,          1,    2,         -1.35,          3.50,       1.89,      18.93,     66.32,          1.22
        4,          1,    3,         -0.45,          3.50,       2.07,      20.65,     72.33,          1.36
        4,          1,    4,         -0.02,          3.50,       2.18,      21.85,     76.53,          1.41
        4,          1,    5,          0.09,          3.50,       2.29,      22.96,     80.39,          1.37
        4,          1,    6,          0.41,          3.50,       2.39,      23.85,     83.53,          1.42
        4,          1,    7,          0.44,          3.50,       2.49,      24.89,     87.17,          1.36
        4,          2,    1,         -3.51,          3.50,       1.64,      16.39,     57.42,          1.38
        4,          2,    2,         -0.78,          3.50,       2.01,      20.04,     70.20,          1.85
        4,          2,    3,         -0.06,          3.50,       2.20,      21.97,     76.94,          1.90
        4,          2,    4,          0.60,          3.50,       2.34,      23.40,     81.96,          2.02
        4,          2,    5,          0.90,          3.50,       2.48,      24.80,     86.87,          1.99
        4,          2,    6,          1.16,          3.50,       2.60,      25.96,     90.93,          1.98
        4,          2,    7,          1.36,          3.50,       2.71,      27.13,     95.00,          1.96
        4,          3,    1,         -2.89,          3.50,       1.74,      17.38,     60.91,          1.43
        4,          3,    2,         -0.16,          3.50,       2.16,      21.59,     75.61,          1.90
        4,          3,    3,          0.63,          3.50,       2.41,      24.11,     84.43,          1.94
        4,          3,    4,          1.45,          3.50,       2.61,      26.07,     91.27,          2.10
        4,          3,    5,          1.87,          3.50,       2.78,      27.83,     97.46,          2.12
        4,          3,    6,          2.17,          3.50,       2.93,      29.30,    102.61,          2.12
        4,          3,    7,          2.41,          3.50,       3.06,      30.64,    107.27,          2.12
        4,          4,    1,         -2.38,          3.50,       1.86,      18.60,     65.15,          1.44
        4,          4,    2,          0.10,          3.50,       2.35,      23.51,     82.34,          1.78
        4,          4,    3,          1.55,          3.50,       2.67,      26.69,     93.46,          2.09
        4,          4,    4,          2.20,          3.50,       2.90,      28.99,    101.53,          2.17
        4,          4,    5,          2.63,          3.50,       3.08,      30.80,    107.82,          2.21
        4,          4,    6,          2.91,          3.50,       3.23,      32.34,    113.23,          2.21
        4,          4,    7,          3.13,          3.50,       3.36,      33.60,    117.64,          2.22
        5,          1,    1,         -3.58,          3.50,       1.60,      16.00,     56.05,          1.42
        5,          1,    2,         -0.60,          3.50,       1.98,      19.85,     69.54,          1.96
        5,          1,    3,          0.23,          3.50,       2.16,      21.64,     75.79,          2.08
        5,          1,    4,          0.76,          3.50,       2.29,      22.89,     80.16,          2.16
        5,          1,    5,          1.00,          3.50,       2.40,      23.94,     83.82,          2.15
        5,          1,    6,          1.18,          3.50,       2.49,      24.95,     87.36,          2.11
        5,          1,    7,          1.33,          3.50,       2.59,      25.89,     90.67,          2.07
        5,          2,    1,         -2.83,          3.50,       1.70,      17.00,     59.57,          1.51
        5,          2,    2,         -0.32,          3.50,       2.10,      20.98,     73.51,          1.92
        5,          2,    3,        -87.10,          3.50,       0.17,       1.67,      5.86,         -0.00
        5,          2,    4,          1.37,          3.50,       2.45,      24.49,     85.75,          2.26
        5,          2,    5,          1.71,          3.50,       2.59,      25.90,     90.69,          2.26
        5,          2,    6,          1.76,          3.50,       2.71,      27.10,     94.91,          2.14
        5,          2,    7,          2.15,          3.50,       2.83,      28.32,     99.16,          2.21
        5,          3,    1,         -2.20,          3.50,       1.82,      18.20,     63.78,          1.55
        5,          3,    2,          0.58,          3.50,       2.27,      22.68,     79.43,          2.10
        5,          3,    3,          1.46,          3.50,       2.53,      25.34,     88.77,          2.20
        5,          3,    4,          2.24,          3.50,       2.73,      27.25,     95.44,          2.38
        5,          3,    5,          2.60,          3.50,       2.91,      29.08,    101.81,          2.37
        5,          3,    6,          2.97,          3.50,       3.05,      30.56,    107.02,          2.41
        5,          3,    7,          3.04,          3.50,       3.20,      31.96,    111.91,          2.32
        5,          4,    1,         -2.02,          3.50,       1.94,      19.45,     68.12,          1.45
        5,          4,    2,          1.21,          3.50,       2.47,      24.68,     86.44,          2.15
        5,          4,    3,          2.28,          3.50,       2.79,      27.92,     97.78,          2.32
        5,          4,    4,          2.90,          3.50,       3.03,      30.29,    106.05,          2.40
        5,          4,    5,          3.24,          3.50,       3.22,      32.23,    112.82,          2.40
        5,          4,    6,          3.74,          3.50,       3.37,      33.73,    118.09,          2.54
        5,          4,    7,          3.95,          3.50,       3.51,      35.07,    122.74,          2.54
        6,          1,    1,         -2.82,          3.50,       1.67,      16.71,     58.55,          1.56
        6,          1,    2,          0.06,          3.50,       2.09,      20.92,     73.25,          2.11
        6,          1,    3,          1.30,          3.50,       2.29,      22.91,     80.24,          2.45
        6,          1,    4,          1.74,          3.50,       2.41,      24.14,     84.54,          2.51
        6,          1,    5,          1.98,          3.50,       2.53,      25.25,     88.43,          2.49
        6,          1,    6,          2.16,          3.50,       2.62,      26.21,     91.78,          2.47
        6,          1,    7,          2.12,          3.50,       2.72,      27.17,     95.15,          2.33
        6,          2,    1,         -2.05,          3.50,       1.79,      17.86,     62.58,          1.66
        6,          2,    2,          0.93,          3.50,       2.22,      22.17,     77.68,          2.35
        6,          2,    3,          1.89,          3.50,       2.43,      24.29,     85.06,          2.57
        6,          2,    4,          2.36,          3.50,       2.58,      25.80,     90.34,          2.64
        6,          2,    5,          2.69,          3.50,       2.72,      27.23,     95.34,          2.64
        6,          2,    6,          2.92,          3.50,       2.85,      28.45,     99.61,          2.63
        6,          2,    7,          3.12,          3.50,       2.96,      29.67,    103.90,          2.60
        6,          3,    1,         -1.36,          3.50,       1.91,      19.11,     66.96,          1.74
        6,          3,    2,          1.59,          3.50,       2.39,      23.92,     83.77,          2.45
        6,          3,    3,          2.65,          3.50,       2.67,      26.68,     93.42,          2.69
        6,          3,    4,          3.24,          3.50,       2.87,      28.70,    100.51,          2.79
        6,          3,    5,          3.36,          3.50,       3.06,      30.54,    106.92,          2.65
        6,          3,    6,          3.78,          3.50,       3.21,      32.11,    112.43,          2.73
        6,          3,    7,          4.19,          3.50,       3.35,      33.52,    117.34,          2.84
        6,          4,    1,         -0.83,          3.50,       2.04,      20.39,     71.42,          1.78
        6,          4,    2,          2.10,          3.50,       2.61,      26.04,     91.20,          2.45
        6,          4,    3,          3.38,          3.50,       2.95,      29.46,    103.16,          2.78
        6,          4,    4,          4.03,          3.50,       3.20,      31.95,    111.85,          2.91
        6,          4,    5,          4.46,          3.50,       3.39,      33.92,    118.75,          2.98
        6,          4,    6,          4.75,          3.50,       3.56,      35.55,    124.46,          3.00
        6,          4,    7,          4.96,          3.50,       3.69,      36.94,    129.30,          3.00
        7,          1,    1,         -1.90,          3.50,       1.75,      17.48,     61.26,          1.79
        7,          1,    2,          1.44,          3.50,       2.21,      22.09,     77.38,          2.67
        7,          1,    3,          2.44,          3.50,       2.41,      24.13,     84.50,          2.95
        7,          1,    4,          2.88,          3.50,       2.55,      25.45,     89.13,          3.03
        7,          1,    5,          3.11,          3.50,       2.66,      26.57,     93.05,          3.01
        7,          1,    6,          3.28,          3.50,       2.75,      27.53,     96.41,          2.99
        7,          1,    7,          3.42,          3.50,       2.85,      28.54,     99.94,          2.94
        7,          2,    1,         -1.06,          3.50,       1.87,      18.74,     65.65,          1.93
        7,          2,    2,          2.05,          3.50,       2.34,      23.42,     82.03,          2.81
        7,          2,    3,          3.02,          3.50,       2.57,      25.66,     89.85,          3.09
        7,          2,    4,          3.49,          3.50,       2.72,      27.17,     95.15,          3.19
        7,          2,    5,          3.81,          3.50,       2.87,      28.65,    100.32,          3.19
        7,          2,    6,          4.04,          3.50,       2.99,      29.86,    104.58,          3.19
        7,          2,    7,          4.23,          3.50,       3.11,      31.10,    108.89,          3.16
        7,          3,    1,         -0.36,          3.50,       2.01,      20.08,     70.33,          2.03
        7,          3,    2,          2.72,          3.50,       2.53,      25.27,     88.50,          2.95
        7,          3,    3,          3.78,          3.50,       2.82,      28.17,     98.65,          3.24
        7,          3,    4,          4.07,          3.50,       3.03,      30.26,    105.93,          3.15
        7,          3,    5,          4.78,          3.50,       3.23,      32.24,    112.87,          3.42
        7,          3,    6,          5.07,          3.50,       3.38,      33.84,    118.45,          3.44
        7,          3,    7,          5.31,          3.50,       3.54,      35.37,    123.81,          3.44
        7,          4,    1,          0.22,          3.50,       2.15,      21.49,     75.28,          2.09
        7,          4,    2,          3.35,          3.50,       2.75,      27.51,     96.33,          3.03
        7,          4,    3,          4.51,          3.50,       3.11,      31.16,    109.11,          3.35
        7,          4,    4,          5.15,          3.50,       3.38,      33.80,    118.33,          3.50
        7,          4,    5,          5.57,          3.50,       3.60,      35.98,    125.95,          3.57
        7,          4,    6,          5.86,          3.50,       3.77,      37.73,    132.05,          3.60
        7,          4,    7,          5.78,          3.50,       3.92,      39.23,    137.29,          3.37
        8,          1,    1,         -0.98,          3.50,       1.81,      18.13,     63.52,          2.08
        8,          1,    2,          2.42,          3.50,       2.30,      23.02,     80.64,          3.15
        8,          1,    3,          3.48,          3.50,       2.52,      25.22,     88.32,          3.53
        8,          1,    4,          3.92,          3.50,       2.66,      26.60,     93.15,          3.63
        8,          1,    5,          4.15,          3.50,       2.77,      27.68,     96.94,          3.62
        8,          1,    6,          4.31,          3.50,       2.87,      28.69,    100.45,          3.59
        8,          1,    7,          4.45,          3.50,       2.97,      29.71,    104.03,          3.53
        8,          2,    1,         -0.11,          3.50,       1.94,      19.43,     68.08,          2.27
        8,          2,    2,          3.08,          3.50,       2.44,      24.43,     85.59,          3.35
        8,          2,    3,          3.84,          3.50,       2.69,      26.85,     94.02,          3.51
        8,          2,    4,          4.49,          3.50,       2.84,      28.42,     99.52,          3.77
        8,          2,    5,          4.82,          3.50,       2.99,      29.92,    104.76,          3.81
        8,          2,    6,          5.05,          3.50,       3.12,      31.16,    109.12,          3.80
        8,          2,    7,          5.23,          3.50,       3.25,      32.46,    113.63,          3.77
        8,          3,    1,          0.62,          3.50,       2.08,      20.84,     72.98,          2.40
        8,          3,    2,          3.73,          3.50,       2.65,      26.45,     92.63,          3.49
        8,          3,    3,          4.79,          3.50,       2.95,      29.54,    103.45,          3.85
        8,          3,    4,          5.35,          3.50,       3.17,      31.75,    111.18,          3.98
        8,          3,    5,          5.77,          3.50,       3.38,      33.80,    118.35,          4.04
        8,          3,    6,          6.05,          3.50,       3.55,      35.48,    124.20,          4.06
        8,          3,    7,          6.29,          3.50,       3.71,      37.09,    129.81,          4.06
        8,          4,    1,          1.21,          3.50,       2.23,      22.32,     78.18,          2.48
        8,          4,    2,          4.35,          3.50,       2.89,      28.90,    101.20,          3.58
        8,          4,    3,          5.50,          3.50,       3.28,      32.78,    114.75,          3.95
        8,          4,    4,          6.13,          3.50,       3.56,      35.59,    124.58,          4.12
        8,          4,    5,          6.56,          3.50,       3.79,      37.92,    132.75,          4.20
        8,          4,    6,          6.85,          3.50,       3.98,      39.84,    139.45,          4.23
        8,          4,    7,          7.05,          3.50,       4.14,      41.36,    144.76,          4.23
        9,          1,    1,          0.08,          3.50,       1.86,      18.64,     65.29,          2.55
        9,          1,    2,          3.55,          3.50,       2.40,      23.98,     83.97,          3.86
        9,          1,    3,          4.56,          3.50,       2.64,      26.45,     92.61,          4.25
        9,          1,    4,          5.00,          3.50,       2.78,      27.83,     97.44,          4.38
        9,          1,    5,          5.23,          3.50,       2.90,      29.04,    101.68,          4.36
        9,          1,    6,          5.38,          3.50,       3.00,      30.00,    105.05,          4.33
        9,          1,    7,          5.52,          3.50,       3.10,      31.02,    108.61,          4.27
        9,          2,    1,          0.64,          3.50,       2.01,      20.08,     70.34,          2.57
        9,          2,    2,          4.14,          3.50,       2.56,      25.58,     89.60,          4.03
        9,          2,    3,          5.11,          3.50,       2.82,      28.14,     98.54,          4.43
        9,          2,    4,          5.57,          3.50,       2.98,      29.84,    104.47,          4.55
        9,          2,    5,          5.88,          3.50,       3.14,      31.44,    110.09,          4.56
        9,          2,    6,          6.10,          3.50,       3.27,      32.73,    114.59,          4.55
        9,          2,    7,          6.11,          3.50,       3.40,      34.03,    119.12,          4.34
        9,          3,    1,          1.65,          3.50,       2.16,      21.58,     75.61,          2.90
        9,          3,    2,          4.78,          3.50,       2.77,      27.73,     97.11,          4.18
        9,          3,    3,          5.84,          3.50,       3.10,      31.03,    108.64,          4.59
        9,          3,    4,          6.39,          3.50,       3.34,      33.41,    116.95,          4.74
        9,          3,    5,          6.80,          3.50,       3.56,      35.63,    124.72,          4.81
        9,          3,    6,          7.08,          3.50,       3.74,      37.38,    130.83,          4.83
        9,          3,    7,          7.32,          3.50,       3.91,      39.08,    136.78,          4.83
        9,          4,    1,          2.23,          3.50,       2.32,      23.20,     81.26,          2.97
        9,          4,    2,          5.20,          3.50,       3.04,      30.38,    106.36,          4.07
        9,          4,    3,          6.53,          3.50,       3.45,      34.54,    120.92,          4.69
        9,          4,    4,          7.16,          3.50,       3.76,      37.62,    131.71,          4.88
        9,          4,    5,          7.58,          3.50,       4.02,      40.19,    140.65,          4.96
        9,          4,    6,          7.71,          3.50,       4.22,      42.16,    147.57,          4.81
        9,          4,    7,          8.09,          3.50,       4.38,      43.81,    153.32,          5.02
       10,          1,    1,          0.98,          3.50,       1.91,      19.12,     66.99,          3.01
       10,          1,    2,          4.31,          3.50,       2.50,      25.02,     87.60,          4.34
       10,          1,    3,          5.51,          3.50,       2.76,      27.62,     96.70,          4.98
       10,          1,    4,          5.94,          3.50,       2.92,      29.15,    102.07,          5.12
       10,          1,    5,          6.17,          3.50,       3.03,      30.31,    106.13,          5.12
       10,          1,    6,          6.33,          3.50,       3.14,      31.35,    109.76,          5.09
       10,          1,    7,          6.45,          3.50,       3.24,      32.39,    113.41,          5.02
       10,          2,    1,          1.63,          3.50,       2.06,      20.59,     72.13,          3.11
       10,          2,    2,          5.06,          3.50,       2.67,      26.70,     93.51,          4.70
       10,          2,    3,          6.05,          3.50,       2.95,      29.48,    103.23,          5.17
       10,          2,    4,          6.51,          3.50,       3.12,      31.18,    109.15,          5.33
       10,          2,    5,          6.82,          3.50,       3.29,      32.86,    115.05,          5.35
       10,          2,    6,          7.03,          3.50,       3.42,      34.19,    119.71,          5.34
       10,          2,    7,          7.22,          3.50,       3.56,      35.62,    124.70,          5.30
       10,          3,    1,          2.54,          3.50,       2.22,      22.25,     77.94,          3.40
       10,          3,    2,          5.70,          3.50,       2.90,      29.02,    101.61,          4.86
       10,          3,    3,          6.76,          3.50,       3.25,      32.53,    113.89,          5.35
       10,          3,    4,          7.31,          3.50,       3.50,      35.02,    122.61,          5.53
       10,          3,    5,          7.56,          3.50,       3.74,      37.37,    130.81,          5.39
       10,          3,    6,          7.99,          3.50,       3.93,      39.24,    137.35,          5.61
       10,          3,    7,          8.04,          3.50,       4.10,      41.03,    143.61,          5.38
       10,          4,    1,          3.11,          3.50,       2.39,      23.92,     83.79,          3.48
       10,          4,    2,          6.29,          3.50,       3.18,      31.83,    111.43,          4.93
       10,          4,    3,          7.43,          3.50,       3.63,      36.31,    127.10,          5.43
       10,          4,    4,          8.07,          3.50,       3.96,      39.58,    138.52,          5.65
       10,          4,    5,          8.50,          3.50,       4.23,      42.35,    148.24,          5.75
       10,          4,    6,          8.49,          3.50,       4.44,      44.41,    155.44,          5.42
       10,          4,    7,          9.00,          3.50,       4.63,      46.28,    161.97,          5.80
       11,          1,    1,          1.81,          3.50,       1.95,      19.55,     68.48,          3.51
       11,          1,    2,          5.13,          3.50,       2.60,      26.04,     91.19,          4.94
       11,          1,    3,          6.38,          3.50,       2.89,      28.95,    101.36,          5.71
       11,          1,    4,          6.92,          3.50,       3.05,      30.54,    106.93,          6.02
       11,          1,    5,          6.96,          3.50,       3.18,      31.82,    111.41,          5.77
       11,          1,    6,          7.25,          3.50,       3.29,      32.87,    115.10,          5.92
       11,          1,    7,          7.40,          3.50,       3.39,      33.92,    118.74,          5.89
       11,          2,    1,          2.67,          3.50,       2.12,      21.17,     74.16,          3.79
       11,          2,    2,          5.96,          3.50,       2.79,      27.88,     97.62,          5.45
       11,          2,    3,          7.01,          3.50,       3.09,      30.87,    108.09,          6.07
       11,          2,    4,          7.17,          3.50,       3.28,      32.79,    114.80,          5.82
       11,          2,    5,          7.63,          3.50,       3.45,      34.47,    120.66,          6.08
       11,          2,    6,          7.99,          3.50,       3.59,      35.92,    125.75,          6.27
       11,          2,    7,          8.20,          3.50,       3.74,      37.37,    130.79,          6.26
       11,          3,    1,          3.39,          3.50,       2.29,      22.92,     80.27,          3.96
       11,          3,    2,          6.61,          3.50,       3.04,      30.36,    106.31,          5.65
       11,          3,    3,          7.69,          3.50,       3.42,      34.17,    119.61,          6.22
       11,          3,    4,          8.26,          3.50,       3.68,      36.83,    128.93,          6.46
       11,          3,    5,          8.69,          3.50,       3.93,      39.32,    137.64,          6.57
       11,          3,    6,          8.96,          3.50,       4.13,      41.31,    144.57,          6.59
       11,          3,    7,          9.19,          3.50,       4.32,      43.20,    151.20,          6.58
       11,          4,    1,          3.97,          3.50,       2.47,      24.73,     86.61,          4.06
       11,          4,    2,          7.21,          3.50,       3.34,      33.34,    116.71,          5.74
       11,          4,    3,          8.40,          3.50,       3.83,      38.29,    134.01,          6.35
       11,          4,    4,          9.02,          3.50,       4.18,      41.76,    146.16,          6.60
       11,          4,    5,          9.46,          3.50,       4.47,      44.69,    156.44,          6.72
       11,          4,    6,          9.74,          3.50,       4.70,      46.99,    164.45,          6.76
       11,          4,    7,          9.96,          3.50,       4.89,      48.91,    171.18,          6.79
       12,          1,    1,          2.62,          3.50,       2.00,      19.99,     70.03,          4.10
       12,          1,    2,          6.29,          3.50,       2.72,      27.20,     95.27,          6.09
       12,          1,    3,          7.21,          3.50,       3.05,      30.44,    106.57,          6.48
       12,          1,    4,          7.87,          3.50,       3.22,      32.21,    112.79,          7.01
       12,          1,    5,          8.09,          3.50,       3.35,      33.50,    117.29,          7.01
       12,          1,    6,          8.26,          3.50,       3.46,      34.57,    121.00,          7.00
       12,          1,    7,          8.39,          3.50,       3.57,      35.70,    124.97,          6.92
       12,          2,    1,          3.49,          3.50,       2.17,      21.70,     76.03,          4.40
       12,          2,    2,          6.91,          3.50,       2.93,      29.25,    102.41,          6.36
       12,          2,    3,          7.96,          3.50,       3.26,      32.62,    114.19,          7.03
       12,          2,    4,          8.43,          3.50,       3.46,      34.57,    121.01,          7.27
       12,          2,    5,          8.75,          3.50,       3.65,      36.47,    127.66,          7.31
       12,          2,    6,          8.96,          3.50,       3.79,      37.94,    132.79,          7.32
       12,          2,    7,          9.15,          3.50,       3.95,      39.46,    138.12,          7.28
       12,          3,    1,          4.21,          3.50,       2.36,      23.54,     82.46,          4.60
       12,          3,    2,          7.54,          3.50,       3.19,      31.89,    111.65,          6.56
       12,          3,    3,          8.65,          3.50,       3.61,      36.05,    126.21,          7.27
       12,          3,    4,          9.22,          3.50,       3.89,      38.90,    136.17,          7.53
       12,          3,    5,          9.63,          3.50,       4.17,      41.66,    145.80,          7.62
       12,          3,    6,          9.90,          3.50,       4.37,      43.72,    153.02,          7.66
       12,          3,    7,         10.14,          3.50,       4.58,      45.75,    160.14,          7.66
       12,          4,    1,          4.76,          3.50,       2.55,      25.51,     89.33,          4.67
       12,          4,    2,          8.12,          3.50,       3.50,      35.03,    122.63,          6.65
       12,          4,    3,          9.31,          3.50,       4.04,      40.43,    141.52,          7.35
       12,          4,    4,          9.95,          3.50,       4.42,      44.21,    154.75,          7.64
       12,          4,    5,         10.40,          3.50,       4.75,      47.44,    166.04,          7.78
       12,          4,    6,         10.64,          3.50,       4.99,      49.92,    174.72,          7.75
       12,          4,    7,         10.92,          3.50,       5.21,      52.05,    182.20,          7.87
       13,          1,    1,          3.34,          3.50,       2.04,      20.39,     71.44,          4.69
       13,          1,    2,          7.16,          3.50,       2.86,      28.57,    100.05,          6.97
       13,          1,    3,          8.39,          3.50,       3.23,      32.28,    113.04,          7.89
       13,          1,    4,          8.88,          3.50,       3.42,      34.20,    119.71,          8.20
       13,          1,    5,          9.12,          3.50,       3.56,      35.61,    124.67,          8.24
       13,          1,    6,          9.27,          3.50,       3.68,      36.75,    128.65,          8.20
       13,          1,    7,          9.40,          3.50,       3.79,      37.92,    132.74,          8.12
       13,          2,    1,          4.23,          3.50,       2.23,      22.27,     78.00,          5.03
       13,          2,    2,          7.82,          3.50,       3.08,      30.79,    107.80,          7.35
       13,          2,    3,          8.95,          3.50,       3.46,      34.58,    121.08,          8.20
       13,          2,    4,          9.43,          3.50,       3.68,      36.82,    128.87,          8.48
       13,          2,    5,          9.76,          3.50,       3.88,      38.84,    135.97,          8.55
       13,          2,    6,          9.95,          3.50,       4.04,      40.41,    141.44,          8.53
       13,          2,    7,         10.16,          3.50,       4.20,      42.01,    147.04,          8.54
       13,          3,    1,          4.95,          3.50,       2.42,      24.24,     84.88,          5.25
       13,          3,    2,          8.46,          3.50,       3.37,      33.64,    117.78,          7.59
       13,          3,    3,          9.64,          3.50,       3.84,      38.39,    134.40,          8.44
       13,          3,    4,         10.22,          3.50,       4.15,      41.51,    145.29,          8.76
       13,          3,    5,         10.64,          3.50,       4.44,      44.39,    155.38,          8.91
       13,          3,    6,         10.93,          3.50,       4.67,      46.67,    163.34,          8.97
       13,          3,    7,         11.17,          3.50,       4.89,      48.85,    170.96,          8.98
       13,          4,    1,          5.52,          3.50,       2.62,      26.27,     92.01,          5.34
       13,          4,    2,          9.04,          3.50,       3.70,      37.02,    129.60,          7.69
       13,          4,    3,         10.30,          3.50,       4.30,      43.02,    150.59,          8.55
       13,          4,    4,         10.94,          3.50,       4.72,      47.18,    165.13,          8.89
       13,          4,    5,         11.41,          3.50,       5.08,      50.76,    177.67,          9.08
       13,          4,    6,         11.72,          3.50,       5.35,      53.55,    187.40,          9.16
       13,          4,    7,         11.95,          3.50,       5.59,      55.88,    195.56,          9.20
       14,          1,    1,          3.88,          3.50,       2.07,      20.74,     72.66,          5.19
       14,          1,    2,          7.91,          3.50,       2.98,      29.76,    104.19,          7.85
       14,          1,    3,          9.23,          3.50,       3.40,      34.05,    119.21,          8.95
       14,          1,    4,          9.76,          3.50,       3.62,      36.20,    126.72,          9.34
       14,          1,    5,         10.01,          3.50,       3.77,      37.68,    131.92,          9.42
       14,          1,    6,         10.17,          3.50,       3.89,      38.97,    136.43,          9.38
       14,          1,    7,         10.29,          3.50,       4.01,      40.13,    140.45,          9.31
       14,          2,    1,          4.78,          3.50,       2.27,      22.71,     79.54,          5.56
       14,          2,    2,          8.59,          3.50,       3.23,      32.28,    113.02,          8.25
       14,          2,    3,          9.78,          3.50,       3.66,      36.64,    128.24,          9.24
       14,          2,    4,         10.31,          3.50,       3.90,      39.06,    136.70,          9.64
       14,          2,    5,         10.64,          3.50,       4.11,      41.12,    143.94,          9.77
       14,          2,    6,         10.80,          3.50,       4.28,      42.80,    149.82,          9.65
       14,          2,    7,         11.05,          3.50,       4.45,      44.46,    155.62,          9.78
       14,          3,    1,          5.52,          3.50,       2.48,      24.82,     86.92,          5.80
       14,          3,    2,          9.06,          3.50,       3.54,      35.35,    123.75,          8.19
       14,          3,    3,         10.49,          3.50,       4.06,      40.62,    142.19,          9.58
       14,          3,    4,         11.09,          3.50,       4.40,      43.96,    153.87,          9.99
       14,          3,    5,         11.52,          3.50,       4.71,      47.11,    164.89,         10.17
       14,          3,    6,         11.81,          3.50,       4.96,      49.53,    173.37,         10.26
       14,          3,    7,         12.06,          3.50,       5.20,      51.96,    181.88,         10.28
       14,          4,    1,          6.10,          3.50,       2.69,      26.86,     94.07,          5.93
       14,          4,    2,          9.82,          3.50,       3.89,      38.93,    136.27,          8.65
       14,          4,    3,         11.14,          3.50,       4.56,      45.56,    159.46,          9.70
       14,          4,    4,         11.82,          3.50,       5.01,      50.06,    175.22,         10.16
       14,          4,    5,         12.30,          3.50,       5.40,      54.00,    188.98,         10.38
       14,          4,    6,         12.59,          3.50,       5.70,      57.04,    199.62,         10.41
       14,          4,    7,         12.86,          3.50,       5.96,      59.62,    208.63,         10.55
       15,          1,    1,          4.30,          3.50,       2.11,      21.09,     73.88,          5.58
       15,          1,    2,          8.38,          3.50,       3.09,      30.86,    108.06,          8.35
       15,          1,    3,         10.02,          3.50,       3.59,      35.88,    125.60,         10.06
       15,          1,    4,         10.42,          3.50,       3.84,      38.38,    134.37,         10.13
       15,          1,    5,         10.87,          3.50,       4.00,      40.03,    140.10,         10.66
       15,          1,    6,         11.03,          3.50,       4.13,      41.25,    144.38,         10.67
       15,          1,    7,         11.02,          3.50,       4.25,      42.48,    148.71,         10.28
       15,          2,    1,          5.23,          3.50,       2.31,      23.10,     80.93,          6.02
       15,          2,    2,          9.10,          3.50,       3.37,      33.68,    117.89,          8.79
       15,          2,    3,         10.60,          3.50,       3.87,      38.74,    135.60,         10.43
       15,          2,    4,         11.14,          3.50,       4.13,      41.36,    144.75,         10.91
       15,          2,    5,         11.48,          3.50,       4.36,      43.57,    152.51,         11.08
       15,          2,    6,         11.51,          3.50,       4.54,      45.34,    158.70,         10.63
       15,          2,    7,         11.90,          3.50,       4.71,      47.10,    164.85,         11.11
       15,          3,    1,          5.98,          3.50,       2.53,      25.27,     88.52,          6.29
       15,          3,    2,          9.94,          3.50,       3.70,      36.99,    129.48,          9.48
       15,          3,    3,         11.28,          3.50,       4.29,      42.91,    150.21,         10.77
       15,          3,    4,         11.91,          3.50,       4.66,      46.59,    163.06,         11.28
       15,          3,    5,         12.36,          3.50,       4.99,      49.93,    174.75,         11.54
       15,          3,    6,         12.66,          3.50,       5.26,      52.61,    184.12,         11.64
       15,          3,    7,         12.93,          3.50,       5.52,      55.21,    193.22,         11.70
       15,          4,    1,          6.56,          3.50,       2.74,      27.44,     96.08,          6.41
       15,          4,    2,         10.52,          3.50,       4.07,      40.75,    142.64,          9.61
       15,          4,    3,         11.65,          3.50,       4.80,      48.05,    168.16,         10.24
       15,          4,    4,         12.56,          3.50,       5.30,      53.03,    185.60,         11.24
       15,          4,    5,         13.16,          3.50,       5.74,      57.41,    200.92,         11.79
       15,          4,    6,         13.50,          3.50,       6.07,      60.68,    212.35,         11.99
       15,          4,    7,         13.79,          3.50,       6.35,      63.49,    222.18,         12.16
       16,          1,    1,          4.58,          3.50,       2.14,      21.40,     74.97,          5.82
       16,          1,    2,          9.15,          3.50,       3.20,      31.99,    112.01,          9.52
       16,          1,    3,         10.82,          3.50,       3.79,      37.94,    132.78,         11.27
       16,          1,    4,         11.45,          3.50,       4.08,      40.81,    142.84,         11.93
       16,          1,    5,         11.76,          3.50,       4.27,      42.66,    149.33,         12.12
       16,          1,    6,         11.93,          3.50,       4.40,      43.97,    153.91,         12.16
       16,          1,    7,         12.05,          3.50,       4.53,      45.23,    158.33,         12.09
       16,          2,    1,          5.54,          3.50,       2.35,      23.50,     82.30,          6.32
       16,          2,    2,          9.92,          3.50,       3.51,      35.12,    122.94,         10.09
       16,          2,    3,         11.41,          3.50,       4.10,      41.06,    143.70,         11.72
       16,          2,    4,         12.00,          3.50,       4.40,      44.01,    154.04,         12.34
       16,          2,    5,         12.36,          3.50,       4.64,      46.38,    162.31,         12.60
       16,          2,    6,         12.59,          3.50,       4.82,      48.22,    168.77,         12.69
       16,          2,    7,         12.80,          3.50,       5.01,      50.10,    175.35,         12.72
       16,          3,    1,          6.24,          3.50,       2.57,      25.72,     90.09,          6.51
       16,          3,    2,         10.61,          3.50,       3.87,      38.74,    135.62,         10.46
       16,          3,    3,         12.10,          3.50,       4.55,      45.52,    159.33,         12.12
       16,          3,    4,         12.64,          3.50,       4.95,      49.48,    173.20,         12.44
       16,          3,    5,         13.28,          3.50,       5.31,      53.15,    186.01,         13.26
       16,          3,    6,         13.64,          3.50,       5.60,      55.97,    195.87,         13.56
       16,          3,    7,         13.97,          3.50,       5.88,      58.74,    205.59,         13.84
       16,          4,    1,          6.86,          3.50,       2.79,      27.95,     97.87,          6.72
       16,          4,    2,         11.20,          3.50,       4.27,      42.64,    149.26,         10.65
       16,          4,    3,         12.76,          3.50,       5.09,      50.92,    178.23,         12.37
       16,          4,    4,         13.51,          3.50,       5.63,      56.35,    197.21,         13.06
       16,          4,    5,         14.22,          3.50,       6.09,      60.96,    213.34,         14.07
       16,          4,    6,         14.64,          3.50,       6.44,      64.34,    225.13,         14.59
       16,          4,    7,         14.96,          3.50,       6.72,      67.24,    235.27,         14.95
       17,          1,    1,          4.77,          3.50,       2.17,      21.66,     75.87,          5.97
       17,          1,    2,          9.63,          3.50,       3.29,      32.92,    115.26,         10.25
       17,          1,    3,         11.52,          3.50,       4.00,      39.92,    139.72,         12.44
       17,          1,    4,         12.25,          3.50,       4.32,      43.25,    151.38,         13.36
       17,          1,    5,         12.40,          3.50,       4.52,      45.16,    158.08,         13.12
       17,          1,    6,         12.78,          3.50,       4.64,      46.46,    162.62,         13.87
       17,          1,    7,         12.92,          3.50,       4.76,      47.58,    166.55,         13.90
       17,          2,    1,          5.74,          3.50,       2.38,      23.81,     83.42,          6.50
       17,          2,    2,         10.45,          3.50,       3.64,      36.38,    127.36,         10.92
       17,          2,    3,         12.16,          3.50,       4.33,      43.34,    151.68,         13.06
       17,          2,    4,         12.84,          3.50,       4.66,      46.56,    162.98,         14.01
       17,          2,    5,         13.26,          3.50,       4.90,      48.97,    171.40,         14.54
       17,          2,    6,         13.52,          3.50,       5.09,      50.84,    177.92,         14.79
       17,          2,    7,         13.47,          3.50,       5.29,      52.84,    184.96,         13.96
       17,          3,    1,          6.50,          3.50,       2.61,      26.07,     91.32,          6.80
       17,          3,    2,         10.89,          3.50,       4.03,      40.27,    140.94,         10.63
       17,          3,    3,         12.94,          3.50,       4.80,      47.99,    167.99,         13.81
       17,          3,    4,         13.74,          3.50,       5.23,      52.33,    183.16,         15.01
       17,          3,    5,         14.33,          3.50,       5.62,      56.22,    196.75,         15.82
       17,          3,    6,         14.73,          3.50,       5.94,      59.37,    207.78,         16.32
       17,          3,    7,         15.10,          3.50,       6.24,      62.41,    218.41,         16.78
       17,          4,    1,          7.06,          3.50,       2.84,      28.36,     99.33,         -4.28
       17,          4,    2,         11.51,          3.50,       4.43,      44.27,    154.95,        -22.35
       17,          4,    3,         13.74,          3.50,       5.36,      53.58,    187.53,        -76.92
       17,          4,    4,         14.68,          3.50,       5.92,      59.21,    207.23,       -266.03
       17,          4,    5,         15.33,          3.50,       6.39,      63.88,    223.53,        647.28
       17,          4,    6,         15.74,          3.50,       6.74,      67.38,    235.75,        214.64
       17,          4,    7,         15.99,          3.50,       7.03,      70.29,    245.88,        143.77
       18,          1,    1,          4.93,          3.50,       2.19,      21.91,     76.75,          6.12
       18,          1,    2,          9.95,          3.50,       3.38,      33.80,    118.35,         10.70
       18,          1,    3,         12.36,          3.50,       4.18,      41.85,    146.48,         14.29
       18,          1,    4,         13.25,          3.50,       4.56,      45.58,    159.55,         15.82
       18,          1,    5,         13.64,          3.50,       4.76,      47.59,    166.59,         16.44
       18,          1,    6,         13.84,          3.50,       4.90,      48.99,    171.46,         16.63
       18,          1,    7,         13.97,          3.50,       5.03,      50.25,    175.89,         16.62
       18,          2,    1,          5.92,          3.50,       2.41,      24.13,     84.52,          6.67
       18,          2,    2,         11.05,          3.50,       3.75,      37.53,    131.38,         12.06
       18,          2,    3,         13.16,          3.50,       4.57,      45.70,    159.95,         15.46
       18,          2,    4,         13.96,          3.50,       4.95,      49.46,    173.10,         16.89
       18,          2,    5,         14.37,          3.50,       5.24,      52.39,    183.37,         17.36
       18,          2,    6,         14.73,          3.50,       5.46,      54.58,    191.01,         17.98
       18,          2,    7,         15.00,          3.50,       5.70,      56.96,    199.36,         18.22
       18,          3,    1,          6.69,          3.50,       2.65,      26.48,     92.76,          6.97
       18,          3,    2,         11.94,          3.50,       4.17,      41.68,    145.89,         13.02
       18,          3,    3,         14.05,          3.50,       5.08,      50.77,    177.70,         16.74
       18,          3,    4,         14.93,          3.50,       5.59,      55.86,    195.49,         18.32
       18,          3,    5,         15.47,          3.50,       6.03,      60.29,    211.00,         19.02
       18,          3,    6,         15.95,          3.50,       6.38,      63.82,    223.31,         19.94
       18,          3,    7,         16.32,          3.50,       6.71,      67.17,    235.00,         20.47
       18,          4,    1,          7.26,          3.50,       2.88,      28.77,    100.74,          7.09
       18,          4,    2,         12.72,          3.50,       4.58,      45.81,    160.32,         13.89
       18,          4,    3,         14.90,          3.50,       5.64,      56.37,    197.29,         18.00
       18,          4,    4,         15.85,          3.50,       6.27,      62.71,    219.42,         19.87
       18,          4,    5,         16.50,          3.50,       6.79,      67.93,    237.69,         21.07
       18,          4,    6,         16.67,          3.50,       7.17,      71.69,    250.81,         20.63
       18,          4,    7,         17.18,          3.50,       7.47,      74.68,    261.17,         22.21
       19,          1,    1,          5.05,          3.50,       2.21,      22.14,     77.57,          6.22
       19,          1,    2,         10.66,          3.50,       3.45,      34.54,    120.93,         12.29
       19,          1,    3,         12.92,          3.50,       4.37,      43.67,    152.87,         15.47
       19,          1,    4,         14.27,          3.50,       4.83,      48.32,    169.12,         18.69
       19,          1,    5,         14.47,          3.50,       5.10,      51.00,    178.50,         18.38
       19,          1,    6,         14.96,          3.50,       5.28,      52.75,    184.62,         19.79
       19,          1,    7,         15.21,          3.50,       5.43,      54.33,    190.15,         20.23
       19,          2,    1,          5.96,          3.50,       2.45,      24.42,     85.55,          6.63
       19,          2,    2,         11.76,          3.50,       3.86,      38.64,    135.26,         13.73
       19,          2,    3,         14.14,          3.50,       4.83,      48.31,    169.07,         18.15
       19,          2,    4,         15.07,          3.50,       5.32,      53.16,    186.04,         20.08
       19,          2,    5,         15.61,          3.50,       5.67,      56.73,    198.53,         21.09
       19,          2,    6,         15.94,          3.50,       5.93,      59.33,    207.63,         21.61
       19,          2,    7,         16.22,          3.50,       6.19,      61.94,    216.77,         21.96
       19,          3,    1,          6.96,          3.50,       2.68,      26.83,     93.96,          7.31
       19,          3,    2,         12.72,          3.50,       4.29,      42.87,    150.07,         15.07
       19,          3,    3,         15.06,          3.50,       5.38,      53.83,    188.40,         19.76
       19,          3,    4,         16.02,          3.50,       5.98,      59.79,    209.26,         21.83
       19,          3,    5,         16.41,          3.50,       6.48,      64.84,    226.93,         21.76
       19,          3,    6,         17.07,          3.50,       6.87,      68.74,    240.50,         23.73
       19,          3,    7,         17.42,          3.50,       7.23,      72.28,    252.83,         24.33
       19,          4,    1,          7.54,          3.50,       2.91,      29.12,    101.95,          7.47
       19,          4,    2,         13.53,          3.50,       4.71,      47.13,    164.95,         16.22
       19,          4,    3,         15.89,          3.50,       5.96,      59.55,    208.39,         21.28
       19,          4,    4,         16.89,          3.50,       6.68,      66.85,    233.89,         23.50
       19,          4,    5,         17.55,          3.50,       7.27,      72.67,    254.18,         24.91
       19,          4,    6,         17.96,          3.50,       7.68,      76.76,    268.41,         25.76
       19,          4,    7,         18.25,          3.50,       8.02,      80.16,    280.29,         26.29
       20,          1,    1,          5.46,          3.50,       2.24,      22.41,     78.51,          6.73
       20,          1,    2,         11.28,          3.50,       3.53,      35.30,    123.58,         13.79
       20,          1,    3,         14.02,          3.50,       4.56,      45.56,    159.45,         18.95
       20,          1,    4,         15.21,          3.50,       5.14,      51.34,    179.71,         21.64
       20,          1,    5,         15.79,          3.50,       5.47,      54.67,    191.32,         23.00
       20,          1,    6,         16.09,          3.50,       5.66,      56.65,    198.27,         23.62
       20,          1,    7,         16.29,          3.50,       5.84,      58.44,    204.53,         23.90
       20,          2,    1,          6.56,          3.50,       2.48,      24.80,     86.87,          7.47
       20,          2,    2,         12.39,          3.50,       3.96,      39.59,    138.57,         15.44
       20,          2,    3,         14.71,          3.50,       5.09,      50.89,    178.10,         19.49
       20,          2,    4,         15.96,          3.50,       5.70,      57.02,    199.56,         22.75
       20,          2,    5,         16.67,          3.50,       6.10,      61.04,    213.60,         24.81
       20,          2,    6,         17.02,          3.50,       6.39,      63.96,    223.80,         25.49
       20,          2,    7,         17.22,          3.50,       6.69,      66.85,    233.90,         25.40
       20,          3,    1,          7.77,          3.50,       2.72,      27.20,     95.25,          8.66
       20,          3,    2,         13.37,          3.50,       4.40,      44.01,    154.02,         17.00
       20,          3,    3,         15.95,          3.50,       5.69,      56.86,    199.00,         22.76
       20,          3,    4,         17.02,          3.50,       6.41,      64.08,    224.23,         25.45
       20,          3,    5,         17.68,          3.50,       6.96,      69.65,    243.66,         26.95
       20,          3,    6,         18.10,          3.50,       7.38,      73.84,    258.27,         27.82
       20,          3,    7,         18.45,          3.50,       7.77,      77.65,    271.54,         28.50
       20,          4,    1,          8.59,          3.50,       2.96,      29.53,    103.43,          9.33
       20,          4,    2,         14.18,          3.50,       4.83,      48.27,    168.96,         18.30
       20,          4,    3,         16.74,          3.50,       6.27,      62.71,    219.45,         24.42
       20,          4,    4,         17.84,          3.50,       7.13,      71.27,    249.33,         27.25
       20,          4,    5,         18.52,          3.50,       7.78,      77.80,    272.05,         28.92
       20,          4,    6,         18.94,          3.50,       8.25,      82.48,    288.36,         29.84
       20,          4,    7,         19.24,          3.50,       8.62,      86.18,    301.32,         30.49
       21,          1,    1,          6.59,          3.50,       2.27,      22.69,     79.47,          8.62
       21,          1,    2,         11.93,          3.50,       3.59,      35.90,    125.69,         15.75
       21,          1,    3,         14.69,          3.50,       4.70,      47.03,    164.59,         21.34
       21,          1,    4,         16.02,          3.50,       5.39,      53.92,    188.72,         24.65
       21,          1,    5,         16.66,          3.50,       5.78,      57.77,    202.17,         26.39
       21,          1,    6,         16.75,          3.50,       6.00,      59.97,    209.86,         25.81
       21,          1,    7,         17.19,          3.50,       6.19,      61.86,    216.49,         27.55
       21,          2,    1,          7.70,          3.50,       2.51,      25.12,     87.98,          9.59
       21,          2,    2,         13.01,          3.50,       4.05,      40.43,    141.50,         17.38
       21,          2,    3,         15.71,          3.50,       5.29,      52.92,    185.24,         23.45
       21,          2,    4,         16.94,          3.50,       6.03,      60.33,    211.12,         26.76
       21,          2,    5,         17.46,          3.50,       6.49,      64.87,    227.01,         27.79
       21,          2,    6,         17.94,          3.50,       6.80,      67.96,    237.79,         29.49
       21,          2,    7,         18.24,          3.50,       7.10,      71.00,    248.33,         30.08
       21,          3,    1,          8.61,          3.50,       2.76,      27.56,     96.52,         10.32
       21,          3,    2,         13.93,          3.50,       4.51,      45.05,    157.67,         18.80
       21,          3,    3,         16.54,          3.50,       5.94,      59.42,    207.97,         24.81
       21,          3,    4,         17.90,          3.50,       6.83,      68.26,    238.79,         29.01
       21,          3,    5,         18.61,          3.50,       7.45,      74.46,    260.40,         30.98
       21,          3,    6,         19.04,          3.50,       7.91,      79.04,    276.37,         32.03
       21,          3,    7,         19.39,          3.50,       8.32,      83.21,    290.93,         32.79
       21,          4,    1,          9.35,          3.50,       3.00,      29.94,    104.85,         10.95
       21,          4,    2,         14.71,          3.50,       4.94,      49.40,    172.89,         20.16
       21,          4,    3,         17.42,          3.50,       6.56,      65.58,    229.46,         27.19
       21,          4,    4,         18.70,          3.50,       7.59,      75.91,    265.48,         30.97
       21,          4,    5,         19.42,          3.50,       8.33,      83.31,    291.26,         33.01
       21,          4,    6,         19.85,          3.50,       8.85,      88.51,    309.46,         34.14
       21,          4,    7,         20.16,          3.50,       9.28,      92.82,    324.50,         34.80
       22,          1,    1,          7.30,          3.50,       2.29,      22.94,     80.34,         10.02
       22,          1,    2,         12.52,          3.50,       3.65,      36.47,    127.68,         17.70
       22,          1,    3,         15.25,          3.50,       4.80,      48.01,    168.04,         23.70
       22,          1,    4,         16.67,          3.50,       5.60,      55.99,    195.97,         27.47
       22,          1,    5,         17.36,          3.50,       6.05,      60.53,    211.81,         29.45
       22,          1,    6,         17.69,          3.50,       6.30,      62.98,    220.39,         30.32
       22,          1,    7,         17.88,          3.50,       6.51,      65.08,    227.71,         30.51
       22,          2,    1,          8.44,          3.50,       2.54,      25.38,     88.88,         11.21
       22,          2,    2,         13.59,          3.50,       4.11,      41.07,    143.75,         19.52
       22,          2,    3,         16.28,          3.50,       5.43,      54.35,    190.21,         25.98
       22,          2,    4,         17.65,          3.50,       6.31,      63.06,    220.69,         29.97
       22,          2,    5,         18.35,          3.50,       6.83,      68.36,    239.17,         32.19
       22,          2,    6,         18.74,          3.50,       7.17,      71.68,    250.74,         33.36
       22,          2,    7,         19.05,          3.50,       7.48,      74.79,    261.57,         34.20
       22,          3,    1,          9.04,          3.50,       2.79,      27.88,     97.65,         11.29
       22,          3,    2,         14.36,          3.50,       4.59,      45.89,    160.61,         20.36
       22,          3,    3,         17.00,          3.50,       6.12,      61.21,    214.23,         26.71
       22,          3,    4,         18.48,          3.50,       7.20,      72.01,    251.88,         31.27
       22,          3,    5,         19.42,          3.50,       7.92,      79.22,    277.01,         34.95
       22,          3,    6,         19.88,          3.50,       8.41,      84.14,    294.20,         36.31
       22,          3,    7,         20.24,          3.50,       8.88,      88.80,    310.45,         37.24
       22,          4,    1,         10.02,          3.50,       3.03,      30.32,    106.17,         12.61
       22,          4,    2,         15.18,          3.50,       5.04,      50.42,    176.49,         22.01
       22,          4,    3,         17.94,          3.50,       6.78,      67.78,    237.15,         29.54
       22,          4,    4,         19.43,          3.50,       8.04,      80.38,    281.06,         34.45
       22,          4,    5,         20.24,          3.50,       8.91,      89.11,    311.53,         37.13
       22,          4,    6,         20.70,          3.50,       9.51,      95.10,    332.46,         38.44
       22,          4,    7,         21.03,          3.50,      10.00,     100.03,    349.69,         39.23

