[Radio] Initializing ... success!
Connected to RF power monitor: Rohde&Schwarz,FPC1500,1328.6660K03/205785,V1.80
Connected to DC power monitor: radiolib-org,DCpowerMon,070dd3d
setCurrentLimit, code 0

Set [dBm],paDutyCycle,hpMax,Measured [dBm],Bus voltage[V],Voltage[mV],Current[mA],Power [mW],Efficiency [%]
       -9,          1,    1,        -17.06,          3.50,       0.95,       9.51,     33.33,          0.23
       -9,          1,    2,        -14.53,          3.50,       1.07,      10.70,     37.49,          0.28
       -9,          1,    3,        -13.64,          3.50,       1.16,      11.64,     40.81,          0.27
       -9,          1,    4,        -13.24,          3.50,       1.24,      12.42,     43.50,          0.25
       -9,          1,    5,        -12.79,          3.50,       1.32,      13.20,     46.25,          0.25
       -9,          1,    6,        -12.52,          3.50,       1.39,      13.93,     48.82,          0.23
       -9,          1,    7,        -12.28,          3.50,       1.47,      14.70,     51.49,          0.22
       -9,          2,    1,        -16.44,          3.50,       0.97,       9.71,     34.02,          0.25
       -9,          2,    2,        -14.06,          3.50,       1.10,      10.94,     38.34,          0.29
       -9,          2,    3,        -13.14,          3.50,       1.19,      11.94,     41.83,          0.29
       -9,          2,    4,        -12.60,          3.50,       1.28,      12.82,     44.92,          0.27
       -9,          2,    5,        -12.18,          3.50,       1.36,      13.65,     47.84,          0.26
       -9,          2,    6,        -11.88,          3.50,       1.44,      14.46,     50.66,          0.25
       -9,          2,    7,        -11.60,          3.50,       1.52,      15.23,     53.37,          0.24
       -9,          3,    1,        -16.04,          3.50,       0.99,       9.91,     34.72,          0.25
       -9,          3,    2,        -13.46,          3.50,       1.14,      11.36,     39.80,          0.30
       -9,          3,    3,        -12.53,          3.50,       1.24,      12.41,     43.50,          0.30
       -9,          3,    4,        -11.80,          3.50,       1.34,      13.42,     47.03,          0.30
       -9,          3,    5,        -11.35,          3.50,       1.44,      14.41,     50.47,          0.29
       -9,          3,    6,        -10.97,          3.50,       1.52,      15.23,     53.36,          0.28
       -9,          3,    7,        -10.69,          3.50,       1.61,      16.10,     56.40,          0.27
       -9,          4,    1,        -15.44,          3.50,       1.02,      10.16,     35.59,          0.26
       -9,          4,    2,        -12.92,          3.50,       1.18,      11.79,     41.32,          0.31
       -9,          4,    3,        -11.83,          3.50,       1.30,      13.04,     45.69,          0.31
       -9,          4,    4,        -11.14,          3.50,       1.41,      14.10,     49.40,          0.31
       -9,          4,    5,        -10.99,          3.50,       1.51,      15.06,     52.75,          0.28
       -9,          4,    6,        -10.60,          3.50,       1.59,      15.94,     55.83,          0.28
       -9,          4,    7,        -10.20,          3.50,       1.68,      16.76,     58.72,          0.28
       -8,          1,    1,        -15.79,          3.50,       0.98,       9.79,     34.30,          0.28
       -8,          1,    2,        -13.26,          3.50,       1.11,      11.10,     38.88,          0.34
       -8,          1,    3,        -12.40,          3.50,       1.20,      11.99,     42.03,          0.34
       -8,          1,    4,        -11.91,          3.50,       1.29,      12.86,     45.04,          0.32
       -8,          1,    5,        -11.59,          3.50,       1.36,      13.64,     47.78,          0.30
       -8,          1,    6,        -11.36,          3.50,       1.44,      14.38,     50.38,          0.29
       -8,          1,    7,        -11.12,          3.50,       1.52,      15.16,     53.10,          0.27
       -8,          2,    1,        -15.18,          3.50,       1.00,      10.00,     35.03,          0.30
       -8,          2,    2,        -12.78,          3.50,       1.14,      11.38,     39.87,          0.35
       -8,          2,    3,        -12.19,          3.50,       1.23,      12.33,     43.19,          0.33
       -8,          2,    4,        -11.36,          3.50,       1.33,      13.26,     46.44,          0.34
       -8,          2,    5,        -10.97,          3.50,       1.41,      14.13,     49.51,          0.32
       -8,          2,    6,        -10.68,          3.50,       1.49,      14.95,     52.38,          0.31
       -8,          2,    7,        -10.42,          3.50,       1.57,      15.74,     55.15,          0.30
       -8,          3,    1,        -14.62,          3.50,       1.03,      10.25,     35.90,          0.31
       -8,          3,    2,        -12.18,          3.50,       1.18,      11.77,     41.24,          0.37
       -8,          3,    3,        -11.25,          3.50,       1.30,      12.99,     45.52,          0.36
       -8,          3,    4,        -10.55,          3.50,       1.40,      13.99,     49.00,          0.36
       -8,          3,    5,        -10.07,          3.50,       1.50,      15.00,     52.56,          0.35
       -8,          3,    6,         -9.74,          3.50,       1.59,      15.89,     55.66,          0.34
       -8,          3,    7,         -9.45,          3.50,       1.67,      16.73,     58.62,          0.34
       -8,          4,    1,        -14.13,          3.50,       1.06,      10.55,     36.98,          0.32
       -8,          4,    2,        -11.76,          3.50,       1.23,      12.30,     43.09,          0.36
       -8,          4,    3,        -10.79,          3.50,       1.37,      13.65,     47.85,          0.36
       -8,          4,    4,         -9.87,          3.50,       1.48,      14.79,     51.83,          0.38
       -8,          4,    5,         -9.45,          3.50,       1.58,      15.81,     55.39,          0.37
       -8,          4,    6,         -9.14,          3.50,       1.67,      16.68,     58.45,          0.36
       -8,          4,    7,         -8.90,          3.50,       1.75,      17.49,     61.28,          0.35
       -7,          1,    1,        -14.70,          3.50,       1.00,      10.04,     35.18,          0.33
       -7,          1,    2,        -12.25,          3.50,       1.15,      11.44,     40.08,          0.39
       -7,          1,    3,        -11.33,          3.50,       1.24,      12.38,     43.39,          0.40
       -7,          1,    4,        -10.86,          3.50,       1.32,      13.22,     46.33,          0.38
       -7,          1,    5,        -10.55,          3.50,       1.40,      14.01,     49.09,          0.36
       -7,          1,    6,        -10.32,          3.50,       1.48,      14.81,     51.88,          0.34
       -7,          1,    7,        -10.26,          3.50,       1.56,      15.56,     54.51,          0.32
       -7,          2,    1,        -14.06,          3.50,       1.03,      10.29,     36.05,          0.35
       -7,          2,    2,        -11.69,          3.50,       1.18,      11.75,     41.17,          0.41
       -7,          2,    3,        -10.81,          3.50,       1.28,      12.83,     44.95,          0.41
       -7,          2,    4,        -10.30,          3.50,       1.37,      13.70,     48.02,          0.40
       -7,          2,    5,         -9.91,          3.50,       1.46,      14.64,     51.30,          0.38
       -7,          2,    6,         -9.64,          3.50,       1.54,      15.42,     54.01,          0.37
       -7,          2,    7,         -9.38,          3.50,       1.63,      16.26,     56.98,          0.36
       -7,          3,    1,        -13.50,          3.50,       1.06,      10.58,     37.07,          0.36
       -7,          3,    2,        -11.08,          3.50,       1.22,      12.24,     42.89,          0.43
       -7,          3,    3,        -10.09,          3.50,       1.35,      13.47,     47.21,          0.44
       -7,          3,    4,         -9.47,          3.50,       1.46,      14.58,     51.06,          0.43
       -7,          3,    5,         -9.09,          3.50,       1.56,      15.59,     54.61,          0.41
       -7,          3,    6,         -8.71,          3.50,       1.65,      16.50,     57.82,          0.41
       -7,          3,    7,         -8.41,          3.50,       1.74,      17.35,     60.77,          0.40
       -7,          4,    1,        -13.03,          3.50,       1.10,      10.97,     38.43,          0.36
       -7,          4,    2,        -10.76,          3.50,       1.29,      12.85,     45.01,          0.42
       -7,          4,    3,         -9.45,          3.50,       1.42,      14.24,     49.88,          0.45
       -7,          4,    4,         -8.80,          3.50,       1.55,      15.46,     54.15,          0.45
       -7,          4,    5,         -8.39,          3.50,       1.65,      16.49,     57.79,          0.44
       -7,          4,    6,         -8.08,          3.50,       1.74,      17.38,     60.87,          0.43
       -7,          4,    7,         -7.85,          3.50,       1.83,      18.32,     64.18,          0.42
       -6,          1,    1,        -13.72,          3.50,       1.03,      10.31,     36.12,          0.38
       -6,          1,    2,        -11.35,          3.50,       1.18,      11.80,     41.36,          0.45
       -6,          1,    3,        -10.38,          3.50,       1.28,      12.78,     44.79,          0.46
       -6,          1,    4,        -10.23,          3.50,       1.37,      13.65,     47.82,          0.41
       -6,          1,    5,         -9.62,          3.50,       1.45,      14.49,     50.76,          0.42
       -6,          1,    6,         -9.39,          3.50,       1.52,      15.20,     53.25,          0.41
       -6,          1,    7,         -9.19,          3.50,       1.60,      16.00,     56.04,          0.39
       -6,          2,    1,        -13.09,          3.50,       1.06,      10.59,     37.10,          0.40
       -6,          2,    2,        -10.72,          3.50,       1.21,      12.15,     42.57,          0.48
       -6,          2,    3,         -9.84,          3.50,       1.32,      13.23,     46.35,          0.48
       -6,          2,    4,         -9.35,          3.50,       1.42,      14.19,     49.72,          0.47
       -6,          2,    5,         -8.97,          3.50,       1.51,      15.12,     52.96,          0.45
       -6,          2,    6,         -8.70,          3.50,       1.59,      15.95,     55.87,          0.44
       -6,          2,    7,         -8.45,          3.50,       1.68,      16.76,     58.72,          0.42
       -6,          3,    1,        -12.53,          3.50,       1.09,      10.92,     38.25,          0.42
       -6,          3,    2,        -10.10,          3.50,       1.27,      12.71,     44.52,          0.50
       -6,          3,    3,         -9.12,          3.50,       1.40,      13.99,     49.03,          0.51
       -6,          3,    4,         -8.51,          3.50,       1.52,      15.17,     53.13,          0.50
       -6,          3,    5,         -8.06,          3.50,       1.62,      16.20,     56.77,          0.49
       -6,          3,    6,         -7.79,          3.50,       1.71,      17.08,     59.83,          0.47
       -6,          3,    7,         -7.47,          3.50,       1.81,      18.06,     63.28,          0.47
       -6,          4,    1,        -12.05,          3.50,       1.14,      11.37,     39.85,          0.41
       -6,          4,    2,         -9.53,          3.50,       1.34,      13.35,     46.76,          0.51
       -6,          4,    3,         -8.48,          3.50,       1.49,      14.89,     52.16,          0.52
       -6,          4,    4,         -7.83,          3.50,       1.61,      16.16,     56.62,          0.52
       -6,          4,    5,         -7.42,          3.50,       1.72,      17.18,     60.20,          0.51
       -6,          4,    6,         -7.30,          3.50,       1.82,      18.18,     63.70,          0.48
       -6,          4,    7,         -6.90,          3.50,       1.91,      19.07,     66.78,          0.49
       -5,          1,    1,        -12.08,          3.50,       1.08,      10.85,     38.01,          0.47
       -5,          1,    2,         -9.55,          3.50,       1.25,      12.51,     43.84,          0.59
       -5,          1,    3,         -8.73,          3.50,       1.36,      13.58,     47.57,          0.59
       -5,          1,    4,         -8.29,          3.50,       1.45,      14.49,     50.75,          0.57
       -5,          1,    5,         -8.00,          3.50,       1.53,      15.30,     53.60,          0.55
       -5,          1,    6,         -7.79,          3.50,       1.61,      16.09,     56.36,          0.53
       -5,          1,    7,         -7.61,          3.50,       1.68,      16.85,     59.03,          0.51
       -5,          2,    1,        -11.43,          3.50,       1.12,      11.24,     39.38,          0.49
       -5,          2,    2,         -9.05,          3.50,       1.30,      12.94,     45.35,          0.61
       -5,          2,    3,         -8.18,          3.50,       1.41,      14.14,     49.55,          0.61
       -5,          2,    4,         -7.70,          3.50,       1.51,      15.11,     52.95,          0.60
       -5,          2,    5,         -7.34,          3.50,       1.61,      16.09,     56.39,          0.59
       -5,          2,    6,         -7.07,          3.50,       1.69,      16.94,     59.33,          0.57
       -5,          2,    7,         -6.84,          3.50,       1.79,      17.86,     62.55,          0.55
       -5,          3,    1,        -10.85,          3.50,       1.16,      11.63,     40.75,          0.52
       -5,          3,    2,         -8.43,          3.50,       1.36,      13.63,     47.75,          0.63
       -5,          3,    3,         -7.44,          3.50,       1.51,      15.08,     52.84,          0.64
       -5,          3,    4,         -6.86,          3.50,       1.63,      16.27,     57.01,          0.64
       -5,          3,    5,         -6.42,          3.50,       1.74,      17.34,     60.73,          0.64
       -5,          3,    6,         -6.10,          3.50,       1.84,      18.39,     64.43,          0.62
       -5,          3,    7,         -6.09,          3.50,       1.93,      19.34,     67.76,          0.57
       -5,          4,    1,        -10.66,          3.50,       1.21,      12.11,     42.43,          0.49
       -5,          4,    2,         -7.85,          3.50,       1.45,      14.44,     50.60,          0.63
       -5,          4,    3,         -6.85,          3.50,       1.61,      16.11,     56.45,          0.65
       -5,          4,    4,         -6.16,          3.50,       1.74,      17.42,     61.04,          0.67
       -5,          4,    5,         -5.79,          3.50,       1.86,      18.63,     65.26,          0.65
       -5,          4,    6,         -5.47,          3.50,       1.96,      19.65,     68.80,          0.64
       -5,          4,    7,         -5.25,          3.50,       2.05,      20.55,     71.99,          0.63
       -4,          1,    1,        -11.36,          3.50,       1.11,      11.11,     38.93,          0.52
       -4,          1,    2,         -8.84,          3.50,       1.29,      12.87,     45.07,          0.65
       -4,          1,    3,         -8.14,          3.50,       1.39,      13.94,     48.83,          0.64
       -4,          1,    4,         -7.83,          3.50,       1.49,      14.88,     52.12,          0.61
       -4,          1,    5,         -7.30,          3.50,       1.57,      15.74,     55.12,          0.61
       -4,          1,    6,         -7.24,          3.50,       1.65,      16.54,     57.95,          0.57
       -4,          1,    7,         -6.91,          3.50,       1.73,      17.29,     60.55,          0.57
       -4,          2,    1,        -10.72,          3.50,       1.15,      11.52,     40.35,          0.55
       -4,          2,    2,         -8.32,          3.50,       1.33,      13.34,     46.73,          0.67
       -4,          2,    3,         -7.46,          3.50,       1.46,      14.56,     51.02,          0.69
       -4,          2,    4,         -6.98,          3.50,       1.56,      15.58,     54.57,          0.67
       -4,          2,    5,         -6.62,          3.50,       1.66,      16.58,     58.08,          0.65
       -4,          2,    6,         -6.54,          3.50,       1.74,      17.44,     61.09,          0.61
       -4,          2,    7,         -6.14,          3.50,       1.84,      18.39,     64.41,          0.62
       -4,          3,    1,        -10.13,          3.50,       1.20,      11.97,     41.94,          0.57
       -4,          3,    2,         -7.70,          3.50,       1.40,      14.02,     49.12,          0.70
       -4,          3,    3,         -6.72,          3.50,       1.56,      15.56,     54.53,          0.72
       -4,          3,    4,         -6.14,          3.50,       1.68,      16.77,     58.76,          0.72
       -4,          3,    5,         -5.93,          3.50,       1.80,      17.98,     62.98,          0.67
       -4,          3,    6,         -5.39,          3.50,       1.90,      18.99,     66.54,          0.69
       -4,          3,    7,         -5.33,          3.50,       2.00,      20.00,     70.05,          0.65
       -4,          4,    1,         -9.65,          3.50,       1.25,      12.48,     43.72,          0.57
       -4,          4,    2,         -7.22,          3.50,       1.49,      14.96,     52.43,          0.68
       -4,          4,    3,         -6.07,          3.50,       1.67,      16.68,     58.44,          0.73
       -4,          4,    4,         -5.44,          3.50,       1.81,      18.09,     63.39,          0.74
       -4,          4,    5,         -5.04,          3.50,       1.93,      19.31,     67.63,          0.73
       -4,          4,    6,         -5.04,          3.50,       2.03,      20.35,     71.27,          0.67
       -4,          4,    7,         -4.54,          3.50,       2.13,      21.33,     74.70,          0.70
       -3,          1,    1,        -10.72,          3.50,       1.14,      11.39,     39.92,          0.57
       -3,          1,    2,         -8.43,          3.50,       1.32,      13.24,     46.40,          0.67
       -3,          1,    3,         -7.48,          3.50,       1.43,      14.34,     50.24,          0.70
       -3,          1,    4,         -6.94,          3.50,       1.53,      15.30,     53.61,          0.71
       -3,          1,    5,         -6.65,          3.50,       1.61,      16.13,     56.52,          0.68
       -3,          1,    6,         -6.49,          3.50,       1.69,      16.92,     59.26,          0.65
       -3,          1,    7,         -6.27,          3.50,       1.77,      17.70,     62.02,          0.64
       -3,          2,    1,        -10.05,          3.50,       1.18,      11.79,     41.29,          0.60
       -3,          2,    2,         -7.66,          3.50,       1.37,      13.71,     48.03,          0.74
       -3,          2,    3,         -6.81,          3.50,       1.50,      15.00,     52.55,          0.75
       -3,          2,    4,         -6.44,          3.50,       1.60,      16.03,     56.16,          0.73
       -3,          2,    5,         -5.97,          3.50,       1.70,      17.04,     59.68,          0.73
       -3,          2,    6,         -5.72,          3.50,       1.80,      17.97,     62.95,          0.71
       -3,          2,    7,         -5.49,          3.50,       1.89,      18.88,     66.13,          0.69
       -3,          3,    1,         -9.48,          3.50,       1.23,      12.28,     43.03,          0.62
       -3,          3,    2,         -7.34,          3.50,       1.45,      14.53,     50.90,          0.71
       -3,          3,    3,         -6.06,          3.50,       1.61,      16.10,     56.40,          0.79
       -3,          3,    4,         -5.48,          3.50,       1.73,      17.32,     60.68,          0.79
       -3,          3,    5,         -5.05,          3.50,       1.86,      18.57,     65.05,          0.78
       -3,          3,    6,         -4.74,          3.50,       1.97,      19.65,     68.82,          0.76
       -3,          3,    7,         -4.49,          3.50,       2.06,      20.58,     72.06,          0.75
       -3,          4,    1,         -9.20,          3.50,       1.29,      12.88,     45.11,          0.59
       -3,          4,    2,         -6.46,          3.50,       1.55,      15.49,     54.26,          0.77
       -3,          4,    3,         -5.41,          3.50,       1.73,      17.28,     60.53,          0.80
       -3,          4,    4,         -4.78,          3.50,       1.88,      18.79,     65.83,          0.81
       -3,          4,    5,         -4.38,          3.50,       2.00,      20.03,     70.15,          0.80
       -3,          4,    6,         -4.09,          3.50,       2.11,      21.09,     73.86,          0.79
       -3,          4,    7,         -3.88,          3.50,       2.20,      22.06,     77.26,          0.78
       -2,          1,    1,         -9.55,          3.50,       1.19,      11.90,     41.69,          0.67
       -2,          1,    2,         -6.99,          3.50,       1.39,      13.91,     48.73,          0.84
       -2,          1,    3,         -6.17,          3.50,       1.52,      15.13,     53.03,          0.86
       -2,          1,    4,         -5.76,          3.50,       1.61,      16.09,     56.38,          0.85
       -2,          1,    5,         -5.48,          3.50,       1.69,      16.95,     59.37,          0.82
       -2,          1,    6,         -5.28,          3.50,       1.78,      17.77,     62.26,          0.80
       -2,          1,    7,         -5.11,          3.50,       1.86,      18.63,     65.24,          0.77
       -2,          2,    1,         -8.88,          3.50,       1.24,      12.38,     43.39,          0.70
       -2,          2,    2,         -6.46,          3.50,       1.45,      14.52,     50.88,          0.87
       -2,          2,    3,         -5.60,          3.50,       1.59,      15.86,     55.55,          0.90
       -2,          2,    4,         -5.14,          3.50,       1.69,      16.91,     59.25,          0.89
       -2,          2,    5,         -5.04,          3.50,       1.80,      18.02,     63.13,          0.82
       -2,          2,    6,         -4.54,          3.50,       1.90,      18.95,     66.39,          0.85
       -2,          2,    7,         -4.31,          3.50,       1.99,      19.92,     69.79,          0.82
       -2,          3,    1,         -8.30,          3.50,       1.30,      12.96,     45.40,          0.72
       -2,          3,    2,         -5.84,          3.50,       1.54,      15.42,     54.04,          0.89
       -2,          3,    3,         -4.86,          3.50,       1.71,      17.07,     59.82,          0.93
       -2,          3,    4,         -4.28,          3.50,       1.85,      18.46,     64.64,          0.94
       -2,          3,    5,         -3.86,          3.50,       1.98,      19.75,     69.19,          0.93
       -2,          3,    6,         -3.55,          3.50,       2.08,      20.83,     72.94,          0.92
       -2,          3,    7,         -3.31,          3.50,       2.19,      21.89,     76.66,          0.90
       -2,          4,    1,         -7.81,          3.50,       1.36,      13.61,     47.67,          0.72
       -2,          4,    2,         -5.26,          3.50,       1.65,      16.49,     57.77,          0.90
       -2,          4,    3,         -4.20,          3.50,       1.85,      18.51,     64.83,          0.95
       -2,          4,    4,         -3.57,          3.50,       2.01,      20.11,     70.45,          0.96
       -2,          4,    5,         -3.18,          3.50,       2.14,      21.40,     74.94,          0.96
       -2,          4,    6,         -2.89,          3.50,       2.25,      22.49,     78.78,          0.95
       -2,          4,    7,         -2.68,          3.50,       2.36,      23.55,     82.48,          0.93
       -1,          1,    1,         -8.73,          3.50,       1.24,      12.37,     43.34,          0.72
       -1,          1,    2,         -5.99,          3.50,       1.46,      14.62,     51.22,          0.96
       -1,          1,    3,         -5.16,          3.50,       1.59,      15.87,     55.61,          0.99
       -1,          1,    4,         -5.05,          3.50,       1.68,      16.82,     58.94,          0.92
       -1,          1,    5,         -4.48,          3.50,       1.78,      17.76,     62.21,          0.96
       -1,          1,    6,         -4.59,          3.50,       1.86,      18.60,     65.17,          0.86
       -1,          1,    7,         -4.12,          3.50,       1.95,      19.47,     68.23,          0.89
       -1,          2,    1,         -7.90,          3.50,       1.30,      12.96,     45.40,          0.79
       -1,          2,    2,         -5.45,          3.50,       1.53,      15.28,     53.53,          0.99
       -1,          2,    3,         -4.59,          3.50,       1.67,      16.67,     58.38,          1.04
       -1,          2,    4,         -4.12,          3.50,       1.78,      17.82,     62.44,          1.03
       -1,          2,    5,         -3.78,          3.50,       1.89,      18.94,     66.35,          1.01
       -1,          2,    6,         -3.53,          3.50,       1.99,      19.95,     69.86,          0.99
       -1,          2,    7,         -3.31,          3.50,       2.09,      20.87,     73.10,          0.97
       -1,          3,    1,         -7.31,          3.50,       1.36,      13.59,     47.62,          0.81
       -1,          3,    2,         -4.82,          3.50,       1.63,      16.27,     56.99,          1.02
       -1,          3,    3,         -3.84,          3.50,       1.81,      18.07,     63.30,          1.07
       -1,          3,    4,         -3.28,          3.50,       1.95,      19.53,     68.39,          1.08
       -1,          3,    5,         -2.85,          3.50,       2.08,      20.82,     72.93,          1.08
       -1,          3,    6,         -2.55,          3.50,       2.20,      22.00,     77.05,          1.06
       -1,          3,    7,         -2.34,          3.50,       2.31,      23.13,     81.01,          1.04
       -1,          4,    1,         -6.81,          3.50,       1.43,      14.31,     50.16,          0.82
       -1,          4,    2,         -4.24,          3.50,       1.75,      17.46,     61.18,          1.04
       -1,          4,    3,         -3.18,          3.50,       1.97,      19.67,     68.90,          1.09
       -1,          4,    4,         -2.56,          3.50,       2.13,      21.34,     74.72,          1.11
       -1,          4,    5,         -2.16,          3.50,       2.27,      22.70,     79.50,          1.11
       -1,          4,    6,         -1.87,          3.50,       2.39,      23.91,     83.73,          1.10
       -1,          4,    7,         -1.99,          3.50,       2.50,      25.02,     87.60,          1.01
        0,          1,    1,         -7.98,          3.50,       1.29,      12.93,     45.30,          0.79
        0,          1,    2,         -5.07,          3.50,       1.53,      15.33,     53.72,          1.09
        0,          1,    3,         -4.23,          3.50,       1.66,      16.64,     58.28,          1.13
        0,          1,    4,         -3.81,          3.50,       1.76,      17.62,     61.72,          1.13
        0,          1,    5,         -3.56,          3.50,       1.86,      18.61,     65.18,          1.10
        0,          1,    6,         -3.37,          3.50,       1.95,      19.49,     68.26,          1.07
        0,          1,    7,         -3.49,          3.50,       2.03,      20.28,     71.04,          0.97
        0,          2,    1,         -7.00,          3.50,       1.35,      13.53,     47.42,          0.89
        0,          2,    2,         -4.83,          3.50,       1.60,      16.03,     56.14,          1.05
        0,          2,    3,         -3.66,          3.50,       1.75,      17.52,     61.38,          1.18
        0,          2,    4,         -3.20,          3.50,       1.87,      18.73,     65.61,          1.18
        0,          2,    5,         -2.86,          3.50,       1.99,      19.91,     69.74,          1.16
        0,          2,    6,         -2.90,          3.50,       2.09,      20.86,     73.05,          1.07
        0,          2,    7,         -2.39,          3.50,       2.19,      21.89,     76.65,          1.11
        0,          3,    1,         -6.41,          3.50,       1.42,      14.24,     49.91,          0.91
        0,          3,    2,         -3.90,          3.50,       1.71,      17.11,     59.95,          1.16
        0,          3,    3,         -2.92,          3.50,       1.91,      19.06,     66.78,          1.22
        0,          3,    4,         -2.34,          3.50,       2.06,      20.56,     72.00,          1.24
        0,          3,    5,         -1.92,          3.50,       2.20,      22.00,     77.06,          1.23
        0,          3,    6,         -1.90,          3.50,       2.32,      23.23,     81.35,          1.14
        0,          3,    7,         -1.38,          3.50,       2.44,      24.33,     85.22,          1.21
        0,          4,    1,         -5.92,          3.50,       1.50,      15.01,     52.57,          0.92
        0,          4,    2,         -3.31,          3.50,       1.85,      18.47,     64.70,          1.17
        0,          4,    3,         -2.47,          3.50,       2.08,      20.74,     72.64,          1.18
        0,          4,    4,         -1.62,          3.50,       2.26,      22.58,     79.10,          1.27
        0,          4,    5,         -1.37,          3.50,       2.41,      24.04,     84.19,          1.23
        0,          4,    6,         -1.20,          3.50,       2.53,      25.36,     88.79,          1.19
        0,          4,    7,         -0.74,          3.50,       2.65,      26.49,     92.75,          1.24
        1,          1,    1,         -6.90,          3.50,       1.34,      13.38,     46.89,          0.93
        1,          1,    2,         -4.24,          3.50,       1.60,      15.99,     56.01,          1.21
        1,          1,    3,         -3.40,          3.50,       1.73,      17.37,     60.85,          1.27
        1,          1,    4,         -2.98,          3.50,       1.84,      18.44,     64.59,          1.27
        1,          1,    5,         -2.73,          3.50,       1.94,      19.42,     68.01,          1.24
        1,          1,    6,         -2.54,          3.50,       2.03,      20.26,     70.96,          1.21
        1,          1,    7,         -2.38,          3.50,       2.12,      21.16,     74.11,          1.18
        1,          2,    1,         -6.21,          3.50,       1.40,      14.07,     49.29,          0.98
        1,          2,    2,         -3.70,          3.50,       1.68,      16.76,     58.72,          1.26
        1,          2,    3,         -2.83,          3.50,       1.84,      18.38,     64.39,          1.32
        1,          2,    4,         -2.36,          3.50,       1.96,      19.62,     68.71,          1.32
        1,          2,    5,         -2.02,          3.50,       2.08,      20.78,     72.80,          1.31
        1,          2,    6,         -1.78,          3.50,       2.18,      21.85,     76.53,          1.29
        1,          2,    7,         -1.62,          3.50,       2.29,      22.88,     80.12,          1.25
        1,          3,    1,         -5.61,          3.50,       1.49,      14.84,     52.00,          1.01
        1,          3,    2,         -3.10,          3.50,       1.80,      18.00,     63.03,          1.28
        1,          3,    3,         -2.08,          3.50,       2.00,      20.07,     70.30,          1.36
        1,          3,    4,         -1.51,          3.50,       2.16,      21.62,     75.73,          1.39
        1,          3,    5,         -1.10,          3.50,       2.31,      23.14,     81.05,          1.38
        1,          3,    6,         -0.89,          3.50,       2.44,      24.41,     85.45,          1.34
        1,          3,    7,         -0.55,          3.50,       2.56,      25.60,     89.65,          1.36
        1,          4,    1,         -5.14,          3.50,       1.57,      15.71,     55.03,          1.01
        1,          4,    2,         -2.49,          3.50,       1.94,      19.43,     68.06,          1.31
        1,          4,    3,         -1.42,          3.50,       2.19,      21.91,     76.71,          1.39
        1,          4,    4,         -0.79,          3.50,       2.38,      23.81,     83.38,          1.42
        1,          4,    5,         -0.39,          3.50,       2.54,      25.40,     88.95,          1.43
        1,          4,    6,         -0.31,          3.50,       2.68,      26.75,     93.68,          1.35
        1,          4,    7,          0.10,          3.50,       2.79,      27.92,     97.73,          1.40
        2,          1,    1,         -5.87,          3.50,       1.41,      14.09,     49.35,          1.06
        2,          1,    2,         -3.42,          3.50,       1.70,      16.96,     59.41,          1.32
        2,          1,    3,         -2.29,          3.50,       1.85,      18.49,     64.78,          1.48
        2,          1,    4,         -2.14,          3.50,       1.96,      19.61,     68.69,          1.40
        2,          1,    5,         -1.91,          3.50,       2.06,      20.56,     72.03,          1.37
        2,          1,    6,         -1.59,          3.50,       2.15,      21.49,     75.28,          1.38
        2,          1,    7,         -1.28,          3.50,       2.24,      22.38,     78.39,          1.39
        2,          2,    1,         -5.17,          3.50,       1.49,      14.87,     52.09,          1.12
        2,          2,    2,         -2.59,          3.50,       1.79,      17.87,     62.61,          1.46
        2,          2,    3,         -1.71,          3.50,       1.96,      19.64,     68.80,          1.54
        2,          2,    4,         -1.25,          3.50,       2.09,      20.88,     73.14,          1.56
        2,          2,    5,         -0.92,          3.50,       2.22,      22.15,     77.56,          1.54
        2,          2,    6,         -0.67,          3.50,       2.33,      23.28,     81.52,          1.51
        2,          2,    7,         -0.47,          3.50,       2.43,      24.33,     85.19,          1.49
        2,          3,    1,         -4.56,          3.50,       1.58,      15.74,     55.17,          1.15
        2,          3,    2,         -2.22,          3.50,       1.92,      19.23,     67.34,          1.41
        2,          3,    3,         -0.97,          3.50,       2.14,      21.45,     75.12,          1.59
        2,          3,    4,         -0.62,          3.50,       2.32,      23.19,     81.22,          1.54
        2,          3,    5,          0.02,          3.50,       2.48,      24.77,     86.75,          1.62
        2,          3,    6,          0.32,          3.50,       2.61,      26.15,     91.58,          1.61
        2,          3,    7,          0.56,          3.50,       2.74,      27.41,     95.97,          1.60
        2,          4,    1,         -4.06,          3.50,       1.67,      16.69,     58.47,          1.16
        2,          4,    2,         -1.38,          3.50,       2.08,      20.84,     73.00,          1.51
        2,          4,    3,         -0.30,          3.50,       2.36,      23.56,     82.50,          1.62
        2,          4,    4,          0.33,          3.50,       2.57,      25.65,     89.80,          1.66
        2,          4,    5,          0.73,          3.50,       2.73,      27.33,     95.69,          1.67
        2,          4,    6,          1.02,          3.50,       2.88,      28.77,    100.74,          1.67
        2,          4,    7,          1.22,          3.50,       3.00,      29.96,    104.90,          1.65
        3,          1,    1,         -5.26,          3.50,       1.46,      14.56,     51.03,          1.14
        3,          1,    2,         -2.49,          3.50,       1.76,      17.62,     61.74,          1.53
        3,          1,    3,         -1.62,          3.50,       1.92,      19.22,     67.31,          1.63
        3,          1,    4,         -1.23,          3.50,       2.03,      20.34,     71.22,          1.63
        3,          1,    5,         -0.96,          3.50,       2.14,      21.40,     74.93,          1.61
        3,          1,    6,         -0.77,          3.50,       2.23,      22.29,     78.04,          1.58
        3,          1,    7,         -0.62,          3.50,       2.32,      23.24,     81.37,          1.54
        3,          2,    1,         -4.55,          3.50,       1.54,      15.38,     53.89,          1.21
        3,          2,    2,         -1.94,          3.50,       1.86,      18.61,     65.18,          1.59
        3,          2,    3,         -1.05,          3.50,       2.04,      20.40,     71.43,          1.69
        3,          2,    4,         -0.58,          3.50,       2.17,      21.75,     76.17,          1.71
        3,          2,    5,         -0.25,          3.50,       2.31,      23.09,     80.85,          1.69
        3,          2,    6,         -0.03,          3.50,       2.42,      24.17,     84.62,          1.66
        3,          2,    7,          0.20,          3.50,       2.53,      25.33,     88.68,          1.64
        3,          3,    1,         -3.94,          3.50,       1.63,      16.32,     57.17,          1.25
        3,          3,    2,         -1.31,          3.50,       2.01,      20.04,     70.17,          1.64
        3,          3,    3,         -0.30,          3.50,       2.24,      22.37,     78.35,          1.75
        3,          3,    4,          0.27,          3.50,       2.41,      24.14,     84.54,          1.78
        3,          3,    5,          0.54,          3.50,       2.58,      25.83,     90.43,          1.73
        3,          3,    6,          0.98,          3.50,       2.73,      27.23,     95.35,          1.78
        3,          3,    7,          1.22,          3.50,       2.86,      28.57,    100.03,          1.76
        3,          4,    1,         -3.44,          3.50,       1.73,      17.34,     60.73,          1.26
        3,          4,    2,         -0.72,          3.50,       2.17,      21.76,     76.22,          1.65
        3,          4,    3,          0.37,          3.50,       2.47,      24.67,     86.39,          1.77
        3,          4,    4,          1.00,          3.50,       2.68,      26.82,     93.92,          1.82
        3,          4,    5,          1.41,          3.50,       2.86,      28.60,    100.13,          1.84
        3,          4,    6,          1.70,          3.50,       3.00,      30.03,    105.13,          1.84
        3,          4,    7,          1.88,          3.50,       3.13,      31.26,    109.45,          1.82
        4,          1,    1,         -4.21,          3.50,       1.54,      15.42,     54.01,          1.31
        4,          1,    2,         -1.33,          3.50,       1.89,      18.94,     66.35,          1.78
        4,          1,    3,         -0.43,          3.50,       2.06,      20.62,     72.23,          1.92
        4,          1,    4,         -0.01,          3.50,       2.18,      21.83,     76.47,          1.94
        4,          1,    5,          0.24,          3.50,       2.29,      22.92,     80.26,          1.91
        4,          1,    6,          0.41,          3.50,       2.38,      23.82,     83.41,          1.89
        4,          1,    7,          0.38,          3.50,       2.48,      24.82,     86.91,          1.77
        4,          2,    1,         -3.48,          3.50,       1.64,      16.39,     57.42,          1.39
        4,          2,    2,         -0.76,          3.50,       2.00,      20.03,     70.18,          1.86
        4,          2,    3,          0.14,          3.50,       2.20,      21.95,     76.86,          1.99
        4,          2,    4,          0.53,          3.50,       2.34,      23.36,     81.79,          1.99
        4,          2,    5,          0.94,          3.50,       2.48,      24.75,     86.69,          2.01
        4,          2,    6,          1.17,          3.50,       2.59,      25.93,     90.78,          1.99
        4,          2,    7,          1.38,          3.50,       2.71,      27.11,     94.91,          1.96
        4,          3,    1,         -2.94,          3.50,       1.74,      17.40,     60.95,          1.41
        4,          3,    2,         -0.13,          3.50,       2.16,      21.59,     75.61,          1.91
        4,          3,    3,          0.89,          3.50,       2.41,      24.08,     84.33,          2.06
        4,          3,    4,          1.46,          3.50,       2.60,      26.04,     91.17,          2.11
        4,          3,    5,          1.88,          3.50,       2.78,      27.81,     97.36,          2.13
        4,          3,    6,          2.18,          3.50,       2.93,      29.29,    102.53,          2.13
        4,          3,    7,          2.43,          3.50,       3.06,      30.62,    107.19,          2.12
        4,          4,    1,         -2.35,          3.50,       1.86,      18.58,     65.10,          1.45
        4,          4,    2,          0.46,          3.50,       2.35,      23.49,     82.28,          1.94
        4,          4,    3,          1.57,          3.50,       2.67,      26.66,     93.35,          2.10
        4,          4,    4,          2.22,          3.50,       2.90,      28.97,    101.43,          2.18
        4,          4,    5,          2.64,          3.50,       3.07,      30.77,    107.72,          2.22
        4,          4,    6,          2.83,          3.50,       3.23,      32.33,    113.16,          2.17
        4,          4,    7,          3.15,          3.50,       3.36,      33.57,    117.51,          2.23
        5,          1,    1,         -3.54,          3.50,       1.60,      16.01,     56.10,          1.42
        5,          1,    2,         -0.69,          3.50,       1.98,      19.82,     69.42,          1.92
        5,          1,    3,          0.33,          3.50,       2.16,      21.61,     75.69,          2.13
        5,          1,    4,          0.77,          3.50,       2.29,      22.86,     80.09,          2.17
        5,          1,    5,          0.99,          3.50,       2.39,      23.90,     83.71,          2.14
        5,          1,    6,          1.19,          3.50,       2.49,      24.92,     87.26,          2.11
        5,          1,    7,          1.34,          3.50,       2.59,      25.87,     90.59,          2.07
        5,          2,    1,         -2.80,          3.50,       1.70,      17.02,     59.63,          1.51
        5,          2,    2,         -0.00,          3.50,       2.10,      20.94,     73.36,          2.06
        5,          2,    3,          0.92,          3.50,       2.30,      22.99,     80.52,          2.23
        5,          2,    4,          1.39,          3.50,       2.45,      24.44,     85.60,          2.27
        5,          2,    5,          1.72,          3.50,       2.59,      25.87,     90.60,          2.26
        5,          2,    6,          1.96,          3.50,       2.71,      27.09,     94.85,          2.24
        5,          2,    7,          2.16,          3.50,       2.83,      28.28,     99.03,          2.22
        5,          3,    1,         -2.16,          3.50,       1.82,      18.21,     63.81,          1.56
        5,          3,    2,          0.64,          3.50,       2.26,      22.61,     79.19,          2.13
        5,          3,    3,          1.68,          3.50,       2.53,      25.30,     88.58,          2.31
        5,          3,    4,          2.26,          3.50,       2.73,      27.24,     95.36,          2.39
        5,          3,    5,          2.65,          3.50,       2.91,      29.06,    101.74,          2.39
        5,          3,    6,          2.99,          3.50,       3.05,      30.50,    106.79,          2.43
        5,          3,    7,          3.23,          3.50,       3.19,      31.94,    111.82,          2.42
        5,          4,    1,         -1.65,          3.50,       1.94,      19.42,     68.03,          1.58
        5,          4,    2,          1.24,          3.50,       2.47,      24.70,     86.48,          2.16
        5,          4,    3,          2.39,          3.50,       2.79,      27.91,     97.74,          2.38
        5,          4,    4,          3.04,          3.50,       3.03,      30.25,    105.91,          2.48
        5,          4,    5,          3.47,          3.50,       3.22,      32.20,    112.72,          2.53
        5,          4,    6,          3.76,          3.50,       3.37,      33.71,    118.00,          2.55
        5,          4,    7,          3.97,          3.50,       3.50,      35.06,    122.70,          2.55
        6,          1,    1,         -2.75,          3.50,       1.67,      16.71,     58.53,          1.59
        6,          1,    2,          0.37,          3.50,       2.09,      20.91,     73.22,          2.26
        6,          1,    3,          1.03,          3.50,       2.28,      22.83,     79.95,          2.31
        6,          1,    4,          1.44,          3.50,       2.41,      24.07,     84.29,          2.35
        6,          1,    5,          2.00,          3.50,       2.52,      25.21,     88.30,          2.51
        6,          1,    6,          2.17,          3.50,       2.62,      26.22,     91.79,          2.47
        6,          1,    7,          2.32,          3.50,       2.72,      27.15,     95.04,          2.44
        6,          2,    1,         -1.97,          3.50,       1.79,      17.90,     62.71,          1.68
        6,          2,    2,          0.96,          3.50,       2.22,      22.15,     77.56,          2.37
        6,          2,    3,          1.91,          3.50,       2.43,      24.24,     84.89,          2.59
        6,          2,    4,          2.38,          3.50,       2.57,      25.75,     90.15,          2.65
        6,          2,    5,          2.71,          3.50,       2.72,      27.19,     95.21,          2.66
        6,          2,    6,          2.94,          3.50,       2.84,      28.40,     99.44,          2.64
        6,          2,    7,          3.14,          3.50,       2.96,      29.61,    103.66,          2.62
        6,          3,    1,         -1.31,          3.50,       1.91,      19.11,     66.93,          1.76
        6,          3,    2,          1.62,          3.50,       2.39,      23.89,     83.67,          2.48
        6,          3,    3,          2.68,          3.50,       2.67,      26.67,     93.36,          2.71
        6,          3,    4,          3.26,          3.50,       2.87,      28.69,    100.44,          2.81
        6,          3,    5,          3.68,          3.50,       3.05,      30.50,    106.78,          2.86
        6,          3,    6,          3.98,          3.50,       3.21,      32.09,    112.34,          2.86
        6,          3,    7,          4.22,          3.50,       3.35,      33.49,    117.23,          2.87
        6,          4,    1,         -0.78,          3.50,       2.04,      20.43,     71.57,          1.79
        6,          4,    2,          2.25,          3.50,       2.61,      26.05,     91.21,          2.53
        6,          4,    3,          3.41,          3.50,       2.94,      29.45,    103.09,          2.80
        6,          4,    4,          4.06,          3.50,       3.19,      31.92,    111.73,          2.93
        6,          4,    5,          4.48,          3.50,       3.39,      33.91,    118.70,          2.99
        6,          4,    6,          4.58,          3.50,       3.55,      35.53,    124.38,          2.89
        6,          4,    7,          4.99,          3.50,       3.69,      36.91,    129.20,          3.02
        7,          1,    1,         -1.84,          3.50,       1.75,      17.47,     61.20,          1.81
        7,          1,    2,          1.48,          3.50,       2.20,      22.06,     77.25,          2.70
        7,          1,    3,          2.47,          3.50,       2.41,      24.08,     84.33,          2.98
        7,          1,    4,          2.60,          3.50,       2.54,      25.39,     88.91,          2.85
        7,          1,    5,          3.14,          3.50,       2.65,      26.54,     92.92,          3.04
        7,          1,    6,          3.02,          3.50,       2.75,      27.47,     96.17,          2.82
        7,          1,    7,          3.26,          3.50,       2.85,      28.49,     99.74,          2.84
        7,          2,    1,         -1.11,          3.50,       1.87,      18.74,     65.64,          1.90
        7,          2,    2,          2.09,          3.50,       2.34,      23.36,     81.83,          2.84
        7,          2,    3,          3.05,          3.50,       2.56,      25.63,     89.74,          3.11
        7,          2,    4,          3.48,          3.50,       2.71,      27.14,     95.03,          3.18
        7,          2,    5,          3.83,          3.50,       2.86,      28.62,    100.20,          3.21
        7,          2,    6,          4.06,          3.50,       2.98,      29.84,    104.46,          3.20
        7,          2,    7,          4.25,          3.50,       3.10,      31.04,    108.68,          3.18
        7,          3,    1,         -0.53,          3.50,       2.01,      20.09,     70.35,          1.95
        7,          3,    2,          2.75,          3.50,       2.53,      25.24,     88.37,          2.97
        7,          3,    3,          3.81,          3.50,       2.82,      28.15,     98.56,          3.27
        7,          3,    4,          4.38,          3.50,       3.02,      30.22,    105.80,          3.39
        7,          3,    5,          4.80,          3.50,       3.23,      32.23,    112.84,          3.44
        7,          3,    6,          5.09,          3.50,       3.38,      33.80,    118.31,          3.46
        7,          3,    7,          5.34,          3.50,       3.53,      35.33,    123.64,          3.46
        7,          4,    1,          0.28,          3.50,       2.15,      21.50,     75.31,          2.12
        7,          4,    2,          3.38,          3.50,       2.75,      27.55,     96.46,          3.05
        7,          4,    3,          4.54,          3.50,       3.11,      31.14,    109.02,          3.38
        7,          4,    4,          5.18,          3.50,       3.38,      33.81,    118.34,          3.53
        7,          4,    5,          5.61,          3.50,       3.59,      35.93,    125.78,          3.60
        7,          4,    6,          5.90,          3.50,       3.77,      37.66,    131.81,          3.64
        7,          4,    7,          6.03,          3.50,       3.92,      39.18,    137.12,          3.58
        8,          1,    1,         -0.93,          3.50,       1.81,      18.13,     63.50,          2.11
        8,          1,    2,          2.52,          3.50,       2.30,      23.02,     80.63,          3.22
        8,          1,    3,          3.51,          3.50,       2.52,      25.19,     88.21,          3.56
        8,          1,    4,          3.95,          3.50,       2.66,      26.54,     92.92,          3.66
        8,          1,    5,          4.18,          3.50,       2.77,      27.66,     96.85,          3.65
        8,          1,    6,          4.34,          3.50,       2.87,      28.66,    100.33,          3.61
        8,          1,    7,          4.47,          3.50,       2.97,      29.66,    103.83,          3.56
        8,          2,    1,         -0.05,          3.50,       1.94,      19.43,     68.05,          2.30
        8,          2,    2,          3.12,          3.50,       2.44,      24.38,     85.37,          3.40
        8,          2,    3,          4.08,          3.50,       2.68,      26.79,     93.78,          3.72
        8,          2,    4,          4.54,          3.50,       2.84,      28.39,     99.40,          3.82
        8,          2,    5,          4.85,          3.50,       2.99,      29.88,    104.60,          3.84
        8,          2,    6,          5.07,          3.50,       3.11,      31.13,    108.99,          3.83
        8,          2,    7,          5.26,          3.50,       3.24,      32.43,    113.52,          3.80
        8,          3,    1,          0.68,          3.50,       2.08,      20.82,     72.94,          2.44
        8,          3,    2,          3.77,          3.50,       2.64,      26.43,     92.54,          3.53
        8,          3,    3,          4.83,          3.50,       2.95,      29.50,    103.29,          3.88
        8,          3,    4,          5.38,          3.50,       3.17,      31.71,    111.01,          4.02
        8,          3,    5,          5.80,          3.50,       3.37,      33.75,    118.12,          4.08
        8,          3,    6,          6.08,          3.50,       3.54,      35.43,    124.03,          4.09
        8,          3,    7,          6.32,          3.50,       3.70,      37.03,    129.63,          4.09
        8,          4,    1,          1.27,          3.50,       2.23,      22.34,     78.23,          2.51
        8,          4,    2,          4.40,          3.50,       2.89,      28.90,    101.16,          3.61
        8,          4,    3,          5.52,          3.50,       3.28,      32.76,    114.70,          3.97
        8,          4,    4,          6.17,          3.50,       3.56,      35.54,    124.41,          4.16
        8,          4,    5,          6.59,          3.50,       3.79,      37.85,    132.46,          4.24
        8,          4,    6,          6.88,          3.50,       3.98,      39.76,    139.17,          4.27
        8,          4,    7,          7.09,          3.50,       4.13,      41.32,    144.61,          4.28
        9,          1,    1,         -0.05,          3.50,       1.86,      18.64,     65.30,          2.46
        9,          1,    2,          3.53,          3.50,       2.40,      23.99,     83.98,          3.83
        9,          1,    3,          4.60,          3.50,       2.64,      26.39,     92.40,          4.29
        9,          1,    4,          5.03,          3.50,       2.78,      27.78,     97.25,          4.42
        9,          1,    5,          5.26,          3.50,       2.90,      29.00,    101.51,          4.39
        9,          1,    6,          5.41,          3.50,       3.00,      29.99,    105.02,          4.35
        9,          1,    7,          5.54,          3.50,       3.10,      30.97,    108.43,          4.30
        9,          2,    1,          1.00,          3.50,       2.01,      20.05,     70.24,          2.79
        9,          2,    2,          4.18,          3.50,       2.56,      25.55,     89.47,          4.07
        9,          2,    3,          5.15,          3.50,       2.82,      28.16,     98.59,          4.46
        9,          2,    4,          5.60,          3.50,       2.98,      29.80,    104.32,          4.59
        9,          2,    5,          5.91,          3.50,       3.14,      31.42,    109.97,          4.60
        9,          2,    6,          6.13,          3.50,       3.27,      32.66,    114.34,          4.60
        9,          2,    7,          6.31,          3.50,       3.40,      33.93,    118.78,          4.57
        9,          3,    1,          1.72,          3.50,       2.16,      21.58,     75.58,          2.94
        9,          3,    2,          4.83,          3.50,       2.77,      27.73,     97.11,          4.22
        9,          3,    3,          5.88,          3.50,       3.10,      30.98,    108.46,          4.64
        9,          3,    4,          6.43,          3.50,       3.34,      33.36,    116.77,          4.79
        9,          3,    5,          6.80,          3.50,       3.55,      35.53,    124.37,          4.82
        9,          3,    6,          7.11,          3.50,       3.73,      37.31,    130.60,          4.87
        9,          3,    7,          7.35,          3.50,       3.90,      39.01,    136.55,          4.87
        9,          4,    1,          2.30,          3.50,       2.32,      23.20,     81.25,          3.02
        9,          4,    2,          5.44,          3.50,       3.04,      30.35,    106.26,          4.30
        9,          4,    3,          6.57,          3.50,       3.45,      34.51,    120.80,          4.74
        9,          4,    4,          7.20,          3.50,       3.75,      37.54,    131.41,          4.93
        9,          4,    5,          7.62,          3.50,       4.01,      40.13,    140.47,          5.01
        9,          4,    6,          7.91,          3.50,       4.21,      42.12,    147.43,          5.05
        9,          4,    7,          8.12,          3.50,       4.38,      43.77,    153.21,          5.06
       10,          1,    1,          1.05,          3.50,       1.91,      19.11,     66.94,          3.05
       10,          1,    2,          4.52,          3.50,       2.50,      25.01,     87.59,          4.54
       10,          1,    3,          5.55,          3.50,       2.76,      27.58,     96.55,          5.03
       10,          1,    4,          5.98,          3.50,       2.91,      29.07,    101.78,          5.18
       10,          1,    5,          6.21,          3.50,       3.03,      30.26,    105.94,          5.17
       10,          1,    6,          6.35,          3.50,       3.13,      31.31,    109.60,          5.11
       10,          1,    7,          6.35,          3.50,       3.24,      32.35,    113.23,          4.91
       10,          2,    1,          1.90,          3.50,       2.06,      20.58,     72.09,          3.30
       10,          2,    2,          5.11,          3.50,       2.67,      26.70,     93.48,          4.75
       10,          2,    3,          6.09,          3.50,       2.94,      29.43,    103.03,          5.22
       10,          2,    4,          6.54,          3.50,       3.12,      31.19,    109.17,          5.37
       10,          2,    5,          6.85,          3.50,       3.28,      32.81,    114.86,          5.40
       10,          2,    6,          7.07,          3.50,       3.42,      34.18,    119.64,          5.38
       10,          2,    7,          7.25,          3.50,       3.55,      35.53,    124.37,          5.35
       10,          3,    1,          2.59,          3.50,       2.22,      22.23,     77.85,          3.44
       10,          3,    2,          5.75,          3.50,       2.90,      28.99,    101.50,          4.91
       10,          3,    3,          6.80,          3.50,       3.25,      32.53,    113.88,          5.39
       10,          3,    4,          7.35,          3.50,       3.50,      34.96,    122.36,          5.58
       10,          3,    5,          7.75,          3.50,       3.73,      37.28,    130.51,          5.65
       10,          3,    6,          8.03,          3.50,       3.92,      39.20,    137.20,          5.66
       10,          3,    7,          8.09,          3.50,       4.10,      40.98,    143.41,          5.44
       10,          4,    1,          3.17,          3.50,       2.40,      23.94,     83.84,          3.53
       10,          4,    2,          6.34,          3.50,       3.18,      31.80,    111.30,          4.99
       10,          4,    3,          7.48,          3.50,       3.63,      36.31,    127.09,          5.49
       10,          4,    4,          8.11,          3.50,       3.96,      39.56,    138.46,          5.70
       10,          4,    5,          8.53,          3.50,       4.23,      42.31,    148.10,          5.79
       10,          4,    6,          8.82,          3.50,       4.44,      44.39,    155.37,          5.84
       10,          4,    7,          8.98,          3.50,       4.62,      46.20,    161.71,          5.79
       11,          1,    1,          1.71,          3.50,       1.95,      19.54,     68.44,          3.43
       11,          1,    2,          5.40,          3.50,       2.60,      26.03,     91.13,          5.27
       11,          1,    3,          6.46,          3.50,       2.89,      28.90,    101.17,          5.84
       11,          1,    4,          6.66,          3.50,       3.05,      30.48,    106.73,          5.69
       11,          1,    5,          7.14,          3.50,       3.18,      31.78,    111.27,          6.02
       11,          1,    6,          7.29,          3.50,       3.28,      32.86,    115.02,          5.97
       11,          1,    7,          7.41,          3.50,       3.38,      33.84,    118.46,          5.92
       11,          2,    1,          2.73,          3.50,       2.12,      21.21,     74.30,          3.82
       11,          2,    2,          6.01,          3.50,       2.79,      27.87,     97.57,          5.51
       11,          2,    3,          6.87,          3.50,       3.09,      30.86,    108.05,          5.87
       11,          2,    4,          7.47,          3.50,       3.28,      32.75,    114.66,          6.24
       11,          2,    5,          7.78,          3.50,       3.44,      34.44,    120.54,          6.29
       11,          2,    6,          7.99,          3.50,       3.59,      35.88,    125.60,          6.27
       11,          2,    7,          8.18,          3.50,       3.73,      37.26,    130.43,          6.25
       11,          3,    1,          3.43,          3.50,       2.29,      22.90,     80.18,          4.00
       11,          3,    2,          6.64,          3.50,       3.03,      30.32,    106.14,          5.68
       11,          3,    3,          7.71,          3.50,       3.41,      34.15,    119.55,          6.25
       11,          3,    4,          7.98,          3.50,       3.67,      36.75,    128.63,          6.06
       11,          3,    5,          8.49,          3.50,       3.93,      39.29,    137.53,          6.28
       11,          3,    6,          8.88,          3.50,       4.13,      41.26,    144.42,          6.47
       11,          3,    7,          9.18,          3.50,       4.32,      43.18,    151.14,          6.56
       11,          4,    1,          3.98,          3.50,       2.48,      24.78,     86.78,          4.06
       11,          4,    2,          7.22,          3.50,       3.33,      33.34,    116.71,          5.76
       11,          4,    3,          8.38,          3.50,       3.82,      38.24,    133.82,          6.34
       11,          4,    4,          9.01,          3.50,       4.18,      41.77,    146.19,          6.58
       11,          4,    5,          9.44,          3.50,       4.46,      44.65,    156.28,          6.70
       11,          4,    6,          9.73,          3.50,       4.69,      46.95,    164.31,          6.75
       11,          4,    7,          9.63,          3.50,       4.89,      48.89,    171.12,          6.29
       12,          1,    1,          2.62,          3.50,       2.00,      19.98,     69.99,          4.09
       12,          1,    2,          6.10,          3.50,       2.72,      27.20,     95.21,          5.83
       12,          1,    3,          7.39,          3.50,       3.04,      30.39,    106.39,          6.77
       12,          1,    4,          7.85,          3.50,       3.22,      32.17,    112.64,          6.98
       12,          1,    5,          8.08,          3.50,       3.35,      33.48,    117.19,          7.00
       12,          1,    6,          8.10,          3.50,       3.45,      34.54,    120.91,          6.75
       12,          1,    7,          8.36,          3.50,       3.56,      35.63,    124.75,          6.89
       12,          2,    1,          3.50,          3.50,       2.17,      21.72,     76.06,          4.41
       12,          2,    2,          6.90,          3.50,       2.93,      29.27,    102.49,          6.34
       12,          2,    3,          7.95,          3.50,       3.26,      32.56,    113.96,          7.03
       12,          2,    4,          8.11,          3.50,       3.45,      34.53,    120.87,          6.78
       12,          2,    5,          8.73,          3.50,       3.64,      36.38,    127.35,          7.31
       12,          2,    6,          8.94,          3.50,       3.79,      37.86,    132.52,          7.31
       12,          2,    7,          9.12,          3.50,       3.94,      39.39,    137.87,          7.26
       12,          3,    1,          4.22,          3.50,       2.36,      23.57,     82.54,          4.61
       12,          3,    2,          7.53,          3.50,       3.19,      31.88,    111.59,          6.56
       12,          3,    3,          8.34,          3.50,       3.60,      36.03,    126.13,          6.76
       12,          3,    4,          9.20,          3.50,       3.89,      38.90,    136.17,          7.50
       12,          3,    5,          9.61,          3.50,       4.16,      41.59,    145.58,          7.60
       12,          3,    6,          9.89,          3.50,       4.37,      43.67,    152.83,          7.64
       12,          3,    7,         10.12,          3.50,       4.57,      45.72,    160.01,          7.63
       12,          4,    1,          4.77,          3.50,       2.55,      25.50,     89.28,          4.68
       12,          4,    2,          8.11,          3.50,       3.50,      35.01,    122.54,          6.65
       12,          4,    3,          9.31,          3.50,       4.04,      40.39,    141.38,          7.33
       12,          4,    4,          9.94,          3.50,       4.42,      44.16,    154.56,          7.62
       12,          4,    5,         10.38,          3.50,       4.74,      47.42,    165.97,          7.76
       12,          4,    6,         10.68,          3.50,       4.99,      49.86,    174.50,          7.82
       12,          4,    7,         10.90,          3.50,       5.20,      52.03,    182.10,          7.84
       13,          1,    1,          3.35,          3.50,       2.04,      20.39,     71.43,          4.69
       13,          1,    2,          7.07,          3.50,       2.86,      28.57,    100.03,          6.82
       13,          1,    3,          8.38,          3.50,       3.23,      32.28,    112.99,          7.86
       13,          1,    4,          8.72,          3.50,       3.42,      34.17,    119.60,          7.90
       13,          1,    5,          9.10,          3.50,       3.56,      35.55,    124.46,          8.21
       13,          1,    6,          9.26,          3.50,       3.67,      36.71,    128.48,          8.18
       13,          1,    7,          9.38,          3.50,       3.78,      37.78,    132.23,          8.11
       13,          2,    1,          3.94,          3.50,       2.23,      22.25,     77.92,          4.71
       13,          2,    2,          7.82,          3.50,       3.08,      30.78,    107.76,          7.35
       13,          2,    3,          8.80,          3.50,       3.46,      34.57,    120.99,          7.92
       13,          2,    4,          9.42,          3.50,       3.68,      36.76,    128.68,          8.47
       13,          2,    5,          9.67,          3.50,       3.87,      38.75,    135.63,          8.40
       13,          2,    6,          9.94,          3.50,       4.03,      40.33,    141.16,          8.52
       13,          2,    7,         10.15,          3.50,       4.20,      41.95,    146.84,          8.51
       13,          3,    1,          4.97,          3.50,       2.43,      24.24,     84.90,          5.26
       13,          3,    2,          8.46,          3.50,       3.37,      33.67,    117.83,          7.58
       13,          3,    3,          9.36,          3.50,       3.84,      38.38,    134.34,          7.90
       13,          3,    4,          9.91,          3.50,       4.14,      41.43,    145.03,          8.18
       13,          3,    5,         10.40,          3.50,       4.43,      44.36,    155.25,          8.43
       13,          3,    6,         10.91,          3.50,       4.66,      46.63,    163.19,          8.94
       13,          3,    7,         11.15,          3.50,       4.88,      48.79,    170.78,          8.96
       13,          4,    1,          5.53,          3.50,       2.63,      26.27,     92.01,          5.35
       13,          4,    2,          9.04,          3.50,       3.70,      37.02,    129.58,          7.69
       13,          4,    3,         10.29,          3.50,       4.30,      42.98,    150.44,          8.55
       13,          4,    4,         10.66,          3.50,       4.71,      47.15,    165.03,          8.33
       13,          4,    5,         11.41,          3.50,       5.07,      50.76,    177.64,          9.07
       13,          4,    6,         11.67,          3.50,       5.35,      53.52,    187.31,          9.07
       13,          4,    7,         11.94,          3.50,       5.59,      55.85,    195.47,          9.18
       14,          1,    1,          3.89,          3.50,       2.07,      20.74,     72.65,          5.19
       14,          1,    2,          7.91,          3.50,       2.98,      29.75,    104.16,          7.86
       14,          1,    3,          8.91,          3.50,       3.40,      34.01,    119.05,          8.32
       14,          1,    4,          9.75,          3.50,       3.62,      36.18,    126.64,          9.33
       14,          1,    5,         10.00,          3.50,       3.77,      37.67,    131.85,          9.40
       14,          1,    6,         10.15,          3.50,       3.89,      38.88,    136.10,          9.37
       14,          1,    7,         10.28,          3.50,       4.01,      40.06,    140.21,          9.29
       14,          2,    1,          4.80,          3.50,       2.27,      22.72,     79.55,          5.58
       14,          2,    2,          8.59,          3.50,       3.23,      32.28,    113.01,          8.26
       14,          2,    3,          9.79,          3.50,       3.66,      36.60,    128.13,          9.29
       14,          2,    4,         10.30,          3.50,       3.90,      38.97,    136.41,          9.66
       14,          2,    5,         10.62,          3.50,       4.10,      41.02,    143.56,          9.78
       14,          2,    6,         10.84,          3.50,       4.27,      42.73,    149.54,          9.79
       14,          2,    7,         11.04,          3.50,       4.44,      44.37,    155.31,          9.78
       14,          3,    1,          5.54,          3.50,       2.48,      24.81,     86.88,          5.82
       14,          3,    2,          8.94,          3.50,       3.53,      35.31,    123.58,          7.97
       14,          3,    3,         10.48,          3.50,       4.06,      40.57,    141.99,          9.58
       14,          3,    4,         11.07,          3.50,       4.39,      43.92,    153.72,          9.98
       14,          3,    5,         11.52,          3.50,       4.71,      47.06,    164.70,         10.17
       14,          3,    6,         11.80,          3.50,       4.95,      49.51,    173.29,         10.24
       14,          3,    7,         11.88,          3.50,       5.19,      51.89,    181.61,          9.87
       14,          4,    1,          6.12,          3.50,       2.69,      26.92,     94.24,          5.93
       14,          4,    2,          9.82,          3.50,       3.89,      38.92,    136.22,          8.65
       14,          4,    3,         11.14,          3.50,       4.55,      45.52,    159.33,          9.70
       14,          4,    4,         11.82,          3.50,       5.01,      50.02,    175.06,         10.15
       14,          4,    5,         12.13,          3.50,       5.40,      53.99,    188.96,          9.97
       14,          4,    6,         12.61,          3.50,       5.70,      56.98,    199.42,         10.46
       14,          4,    7,         12.85,          3.50,       5.96,      59.57,    208.47,         10.53
       15,          1,    1,          4.32,          3.50,       2.11,      21.08,     73.84,          5.59
       15,          1,    2,          8.53,          3.50,       3.08,      30.84,    107.97,          8.64
       15,          1,    3,          9.82,          3.50,       3.58,      35.85,    125.49,          9.60
       15,          1,    4,         10.48,          3.50,       3.84,      38.35,    134.25,         10.28
       15,          1,    5,         10.86,          3.50,       3.99,      39.94,    139.78,         10.67
       15,          1,    6,         11.02,          3.50,       4.12,      41.18,    144.13,         10.67
       15,          1,    7,         11.14,          3.50,       4.24,      42.41,    148.42,         10.58
       15,          2,    1,          5.25,          3.50,       2.31,      23.14,     81.04,          6.01
       15,          2,    2,          9.28,          3.50,       3.37,      33.69,    117.91,          9.16
       15,          2,    3,         10.60,          3.50,       3.87,      38.68,    135.37,         10.43
       15,          2,    4,         11.13,          3.50,       4.13,      41.28,    144.47,         10.90
       15,          2,    5,         11.47,          3.50,       4.35,      43.52,    152.32,         11.05
       15,          2,    6,         11.69,          3.50,       4.53,      45.30,    158.56,         11.08
       15,          2,    7,         11.89,          3.50,       4.70,      47.00,    164.50,         11.10
       15,          3,    1,          6.00,          3.50,       2.53,      25.29,     88.54,          6.30
       15,          3,    2,          9.95,          3.50,       3.70,      36.98,    129.42,          9.49
       15,          3,    3,         11.28,          3.50,       4.29,      42.92,    150.24,         10.76
       15,          3,    4,         11.90,          3.50,       4.65,      46.54,    162.90,         11.27
       15,          3,    5,         12.15,          3.50,       4.99,      49.89,    174.61,         10.99
       15,          3,    6,         12.66,          3.50,       5.26,      52.56,    183.96,         11.62
       15,          3,    7,         12.92,          3.50,       5.52,      55.15,    193.02,         11.69
       15,          4,    1,          6.30,          3.50,       2.74,      27.41,     95.98,          6.05
       15,          4,    2,         10.53,          3.50,       4.07,      40.72,    142.53,          9.65
       15,          4,    3,         11.94,          3.50,       4.80,      48.02,    168.09,         10.96
       15,          4,    4,         12.65,          3.50,       5.31,      53.04,    185.64,         11.49
       15,          4,    5,         13.16,          3.50,       5.74,      57.39,    200.82,         11.80
       15,          4,    6,         13.51,          3.50,       6.07,      60.66,    212.27,         12.00
       15,          4,    7,         13.79,          3.50,       6.34,      63.44,    221.98,         12.18
       16,          1,    1,          4.60,          3.50,       2.14,      21.39,     74.93,          5.84
       16,          1,    2,          9.16,          3.50,       3.20,      32.01,    112.06,          9.52
       16,          1,    3,         10.82,          3.50,       3.79,      37.92,    132.73,         11.28
       16,          1,    4,         11.46,          3.50,       4.08,      40.77,    142.70,         11.94
       16,          1,    5,         11.76,          3.50,       4.26,      42.60,    149.10,         12.12
       16,          1,    6,         11.93,          3.50,       4.39,      43.89,    153.61,         12.17
       16,          1,    7,         12.05,          3.50,       4.51,      45.14,    157.98,         12.10
       16,          2,    1,          5.56,          3.50,       2.35,      23.53,     82.39,          6.32
       16,          2,    2,          9.93,          3.50,       3.51,      35.14,    123.00,         10.10
       16,          2,    3,         11.12,          3.50,       4.10,      41.02,    143.56,         10.96
       16,          2,    4,         12.00,          3.50,       4.40,      43.95,    153.83,         12.35
       16,          2,    5,         12.35,          3.50,       4.63,      46.35,    162.22,         12.58
       16,          2,    6,         12.59,          3.50,       4.81,      48.12,    168.44,         12.69
       16,          2,    7,         12.48,          3.50,       5.00,      50.03,    175.09,         11.82
       16,          3,    1,          6.32,          3.50,       2.58,      25.75,     90.14,          6.63
       16,          3,    2,         10.62,          3.50,       3.87,      38.74,    135.59,         10.49
       16,          3,    3,         12.10,          3.50,       4.55,      45.49,    159.21,         12.13
       16,          3,    4,         12.77,          3.50,       4.94,      49.48,    173.17,         12.82
       16,          3,    5,         12.98,          3.50,       5.31,      53.12,    185.93,         12.38
       16,          3,    6,         13.64,          3.50,       5.59,      55.91,    195.68,         13.57
       16,          3,    7,         13.97,          3.50,       5.87,      58.71,    205.45,         13.85
       16,          4,    1,          6.89,          3.50,       2.80,      27.97,     97.93,          6.74
       16,          4,    2,         11.07,          3.50,       4.27,      42.67,    149.35,         10.32
       16,          4,    3,         12.71,          3.50,       5.09,      50.90,    178.16,         12.22
       16,          4,    4,         13.60,          3.50,       5.63,      56.33,    197.15,         13.33
       16,          4,    5,         14.17,          3.50,       6.09,      60.94,    213.22,         13.91
       16,          4,    6,         14.50,          3.50,       6.44,      64.33,    225.09,         14.10
       16,          4,    7,         14.96,          3.50,       6.72,      67.21,    235.11,         14.96
       17,          1,    1,          4.78,          3.50,       2.17,      21.66,     75.85,          5.98
       17,          1,    2,          9.64,          3.50,       3.30,      32.94,    115.33,         10.26
       17,          1,    3,         11.52,          3.50,       3.99,      39.92,    139.72,         12.44
       17,          1,    4,         12.25,          3.50,       4.32,      43.18,    151.11,         13.37
       17,          1,    5,         12.60,          3.50,       4.51,      45.13,    157.96,         13.73
       17,          1,    6,         12.78,          3.50,       4.64,      46.36,    162.25,         13.88
       17,          1,    7,         12.91,          3.50,       4.75,      47.51,    166.26,         13.90
       17,          2,    1,          5.47,          3.50,       2.38,      23.83,     83.45,          6.10
       17,          2,    2,         10.47,          3.50,       3.64,      36.38,    127.35,         10.95
       17,          2,    3,         11.88,          3.50,       4.33,      43.33,    151.65,         12.24
       17,          2,    4,         12.85,          3.50,       4.65,      46.52,    162.81,         14.04
       17,          2,    5,         13.23,          3.50,       4.89,      48.92,    171.20,         14.46
       17,          2,    6,         13.52,          3.50,       5.08,      50.76,    177.67,         14.80
       17,          2,    7,         13.77,          3.50,       5.28,      52.79,    184.74,         14.97
       17,          3,    1,          6.52,          3.50,       2.61,      26.11,     91.43,          6.81
       17,          3,    2,         11.20,          3.50,       4.03,      40.25,    140.88,         11.42
       17,          3,    3,         12.95,          3.50,       4.80,      47.97,    167.90,         13.84
       17,          3,    4,         13.74,          3.50,       5.23,      52.30,    183.05,         15.03
       17,          3,    5,         14.33,          3.50,       5.62,      56.20,    196.68,         15.84
       17,          3,    6,         14.74,          3.50,       5.93,      59.33,    207.60,         16.35
       17,          3,    7,         15.10,          3.50,       6.24,      62.39,    218.32,         16.79
       17,          4,    1,          7.09,          3.50,       2.84,      28.38,     99.36,          6.93
       17,          4,    2,         11.70,          3.50,       4.43,      44.33,    155.18,         11.40
       17,          4,    3,         13.75,          3.50,       5.36,      53.59,    187.58,         14.64
       17,          4,    4,         14.69,          3.50,       5.92,      59.21,    207.21,         16.18
       17,          4,    5,         15.34,          3.50,       6.39,      63.90,    223.59,         17.26
       17,          4,    6,         15.75,          3.50,       6.74,      67.40,    235.75,         17.88
       17,          4,    7,         16.06,          3.50,       7.03,      70.27,    245.78,         18.32
       18,          1,    1,          4.95,          3.50,       2.19,      21.94,     76.82,          6.13
       18,          1,    2,         10.08,          3.50,       3.38,      33.78,    118.24,         11.02
       18,          1,    3,         12.38,          3.50,       4.18,      41.81,    146.34,         14.36
       18,          1,    4,         13.26,          3.50,       4.56,      45.55,    159.42,         15.85
       18,          1,    5,         13.64,          3.50,       4.75,      47.53,    166.34,         16.47
       18,          1,    6,         13.84,          3.50,       4.89,      48.90,    171.16,         16.66
       18,          1,    7,         13.98,          3.50,       5.02,      50.19,    175.66,         16.70
       18,          2,    1,          5.72,          3.50,       2.41,      24.14,     84.54,          6.36
       18,          2,    2,         11.07,          3.50,       3.75,      37.55,    131.43,         12.11
       18,          2,    3,         13.18,          3.50,       4.57,      45.69,    159.92,         15.50
       18,          2,    4,         13.96,          3.50,       4.94,      49.41,    172.93,         16.93
       18,          2,    5,         14.43,          3.50,       5.23,      52.34,    183.17,         17.63
       18,          2,    6,         14.51,          3.50,       5.45,      54.54,    190.88,         17.10
       18,          2,    7,         15.00,          3.50,       5.69,      56.93,    199.23,         18.25
       18,          3,    1,          6.72,          3.50,       2.65,      26.51,     92.82,          7.00
       18,          3,    2,         11.97,          3.50,       4.17,      41.69,    145.93,         13.09
       18,          3,    3,         14.06,          3.50,       5.08,      50.77,    177.70,         16.78
       18,          3,    4,         14.93,          3.50,       5.58,      55.83,    195.39,         18.36
       18,          3,    5,         15.55,          3.50,       6.03,      60.31,    211.04,         19.37
       18,          3,    6,         15.96,          3.50,       6.38,      63.80,    223.20,         19.99
       18,          3,    7,         16.32,          3.50,       6.71,      67.13,    234.83,         20.50
       18,          4,    1,          7.29,          3.50,       2.88,      28.79,    100.79,          7.12
       18,          4,    2,         12.75,          3.50,       4.58,      45.83,    160.41,         13.96
       18,          4,    3,         14.92,          3.50,       5.65,      56.43,    197.48,         18.04
       18,          4,    4,         15.66,          3.50,       6.27,      62.72,    219.45,         18.98
       18,          4,    5,         16.51,          3.50,       6.79,      67.94,    237.65,         21.12
       18,          4,    6,         16.92,          3.50,       7.17,      71.69,    250.75,         21.83
       18,          4,    7,         17.18,          3.50,       7.47,      74.67,    261.15,         22.16
       19,          1,    1,          5.08,          3.50,       2.22,      22.17,     77.63,          6.22
       19,          1,    2,         10.69,          3.50,       3.45,      34.51,    120.82,         12.35
       19,          1,    3,         13.25,          3.50,       4.37,      43.67,    152.86,         16.66
       19,          1,    4,         14.28,          3.50,       4.83,      48.32,    169.10,         18.71
       19,          1,    5,         14.78,          3.50,       5.10,      50.97,    178.39,         19.69
       19,          1,    6,         15.03,          3.50,       5.27,      52.71,    184.49,         20.08
       19,          1,    7,         15.21,          3.50,       5.43,      54.28,    189.96,         20.24
       19,          2,    1,          6.12,          3.50,       2.45,      24.45,     85.63,          6.86
       19,          2,    2,         11.79,          3.50,       3.87,      38.64,    135.24,         13.81
       19,          2,    3,         14.16,          3.50,       4.83,      48.30,    169.04,         18.22
       19,          2,    4,         15.08,          3.50,       5.32,      53.17,    186.08,         20.11
       19,          2,    5,         15.62,          3.50,       5.67,      56.68,    198.35,         21.15
       19,          2,    6,         15.94,          3.50,       5.93,      59.30,    207.53,         21.64
       19,          2,    7,         16.23,          3.50,       6.19,      61.89,    216.55,         22.02
       19,          3,    1,          7.00,          3.50,       2.68,      26.84,     93.98,          7.36
       19,          3,    2,         12.55,          3.50,       4.29,      42.92,    150.23,         14.45
       19,          3,    3,         15.09,          3.50,       5.39,      53.87,    188.55,         19.83
       19,          3,    4,         16.03,          3.50,       5.98,      59.83,    209.36,         21.87
       19,          3,    5,         16.67,          3.50,       6.48,      64.83,    226.81,         23.09
       19,          3,    6,         17.08,          3.50,       6.87,      68.74,    240.45,         23.78
       19,          3,    7,         17.40,          3.50,       7.23,      72.31,    252.89,         24.21
       19,          4,    1,          7.41,          3.50,       2.92,      29.14,    102.03,          7.23
       19,          4,    2,         13.56,          3.50,       4.72,      47.16,    165.05,         16.31
       19,          4,    3,         15.65,          3.50,       5.96,      59.58,    208.50,         20.09
       19,          4,    4,         16.91,          3.50,       6.68,      66.82,    233.75,         23.60
       19,          4,    5,         17.56,          3.50,       7.27,      72.68,    254.18,         24.97
       19,          4,    6,         17.97,          3.50,       7.68,      76.78,    268.45,         25.80
       19,          4,    7,         18.26,          3.50,       8.02,      80.18,    280.32,         26.33
       20,          1,    1,          5.61,          3.50,       2.24,      22.43,     78.56,          6.97
       20,          1,    2,         11.30,          3.50,       3.53,      35.28,    123.50,         13.89
       20,          1,    3,         14.04,          3.50,       4.56,      45.60,    159.60,         19.02
       20,          1,    4,         15.22,          3.50,       5.13,      51.31,    179.58,         21.73
       20,          1,    5,         15.80,          3.50,       5.46,      54.59,    191.07,         23.09
       20,          1,    6,         16.09,          3.50,       5.66,      56.60,    198.09,         23.68
       20,          1,    7,         16.30,          3.50,       5.84,      58.35,    204.21,         23.97
       20,          2,    1,          6.80,          3.50,       2.48,      24.82,     86.91,          7.86
       20,          2,    2,         12.42,          3.50,       3.97,      39.62,    138.68,         15.49
       20,          2,    3,         15.03,          3.50,       5.09,      50.93,    178.25,         20.92
       20,          2,    4,         16.09,          3.50,       5.70,      57.02,    199.55,         23.44
       20,          2,    5,         16.68,          3.50,       6.10,      61.00,    213.44,         24.85
       20,          2,    6,         17.03,          3.50,       6.39,      63.93,    223.69,         25.51
       20,          2,    7,         17.32,          3.50,       6.68,      66.85,    233.87,         25.94
       20,          3,    1,          7.80,          3.50,       2.72,      27.20,     95.22,          8.71
       20,          3,    2,         13.39,          3.50,       4.40,      44.03,    154.10,         17.06
       20,          3,    3,         15.97,          3.50,       5.69,      56.91,    199.18,         22.81
       20,          3,    4,         17.04,          3.50,       6.41,      64.12,    224.35,         25.49
       20,          3,    5,         17.69,          3.50,       6.96,      69.64,    243.58,         27.02
       20,          3,    6,         18.11,          3.50,       7.38,      73.81,    258.11,         27.87
       20,          3,    7,         18.45,          3.50,       7.77,      77.68,    271.60,         28.52
       20,          4,    1,          8.34,          3.50,       2.95,      29.53,    103.38,          8.82
       20,          4,    2,         14.20,          3.50,       4.84,      48.37,    169.31,         18.37
       20,          4,    3,         16.76,          3.50,       6.28,      62.76,    219.62,         24.51
       20,          4,    4,         17.82,          3.50,       7.13,      71.27,    249.27,         27.12
       20,          4,    5,         18.53,          3.50,       7.78,      77.79,    272.02,         28.99
       20,          4,    6,         18.95,          3.50,       8.25,      82.50,    288.42,         29.90
       20,          4,    7,         19.24,          3.50,       8.62,      86.18,    301.28,         30.53
       21,          1,    1,          6.63,          3.50,       2.27,      22.70,     79.49,          8.67
       21,          1,    2,         11.94,          3.50,       3.59,      35.92,    125.73,         15.74
       21,          1,    3,         14.72,          3.50,       4.70,      47.01,    164.55,         21.45
       21,          1,    4,         16.03,          3.50,       5.39,      53.90,    188.65,         24.72
       21,          1,    5,         16.67,          3.50,       5.77,      57.70,    201.95,         26.47
       21,          1,    6,         16.79,          3.50,       5.99,      59.93,    209.71,         26.08
       21,          1,    7,         17.19,          3.50,       6.18,      61.79,    216.18,         27.62
       21,          2,    1,          7.73,          3.50,       2.51,      25.14,     88.02,          9.60
       21,          2,    2,         13.03,          3.50,       4.05,      40.43,    141.52,         17.43
       21,          2,    3,         15.70,          3.50,       5.30,      52.95,    185.32,         23.38
       21,          2,    4,         16.95,          3.50,       6.03,      60.33,    211.13,         26.81
       21,          2,    5,         17.59,          3.50,       6.49,      64.85,    226.91,         28.62
       21,          2,    6,         17.95,          3.50,       6.79,      67.91,    237.58,         29.55
       21,          2,    7,         18.25,          3.50,       7.10,      70.96,    248.20,         30.12
       21,          3,    1,          8.64,          3.50,       2.76,      27.57,     96.53,         10.40
       21,          3,    2,         13.95,          3.50,       4.51,      45.06,    157.72,         18.92
       21,          3,    3,         16.66,          3.50,       5.95,      59.44,    208.01,         25.51
       21,          3,    4,         17.79,          3.50,       6.83,      68.30,    238.93,         28.28
       21,          3,    5,         18.60,          3.50,       7.44,      74.43,    260.29,         30.96
       21,          3,    6,         18.79,          3.50,       7.91,      79.04,    276.37,         30.30
       21,          3,    7,         19.39,          3.50,       8.33,      83.27,    291.11,         32.83
       21,          4,    1,          9.38,          3.50,       3.00,      29.96,    104.90,         11.01
       21,          4,    2,         14.73,          3.50,       4.95,      49.46,    173.10,         20.23
       21,          4,    3,         17.18,          3.50,       6.56,      65.62,    229.58,         25.68
       21,          4,    4,         18.71,          3.50,       7.60,      75.95,    265.56,         31.06
       21,          4,    5,         19.43,          3.50,       8.33,      83.33,    291.32,         33.09
       21,          4,    6,         19.86,          3.50,       8.86,      88.57,    309.64,         34.18
       21,          4,    7,         20.08,          3.50,       9.29,      92.86,    324.62,         34.15
       22,          1,    1,          7.32,          3.50,       2.29,      22.94,     80.35,         10.04
       22,          1,    2,         12.54,          3.50,       3.65,      36.47,    127.68,         17.76
       22,          1,    3,         15.27,          3.50,       4.81,      48.04,    168.14,         23.81
       22,          1,    4,         16.68,          3.50,       5.60,      55.99,    195.93,         27.52
       22,          1,    5,         17.37,          3.50,       6.05,      60.51,    211.73,         29.51
       22,          1,    6,         17.70,          3.50,       6.30,      62.94,    220.23,         30.39
       22,          1,    7,         17.62,          3.50,       6.50,      64.95,    227.24,         28.82
       22,          2,    1,          8.29,          3.50,       2.54,      25.37,     88.84,         10.85
       22,          2,    2,         13.62,          3.50,       4.11,      41.09,    143.82,         19.62
       22,          2,    3,         16.31,          3.50,       5.44,      54.43,    190.49,         26.09
       22,          2,    4,         17.66,          3.50,       6.31,      63.07,    220.68,         30.05
       22,          2,    5,         18.36,          3.50,       6.84,      68.37,    239.14,         32.25
       22,          2,    6,         18.44,          3.50,       7.17,      71.61,    250.44,         31.18
       22,          2,    7,         19.06,          3.50,       7.48,      74.77,    261.47,         34.26
       22,          3,    1,          9.36,          3.50,       2.79,      27.89,     97.64,         12.12
       22,          3,    2,         14.50,          3.50,       4.59,      45.91,    160.69,         20.99
       22,          3,    3,         17.21,          3.50,       6.12,      61.24,    214.30,         27.98
       22,          3,    4,         18.33,          3.50,       7.21,      72.07,    252.10,         30.16
       22,          3,    5,         19.43,          3.50,       7.92,      79.20,    276.92,         35.02
       22,          3,    6,         19.88,          3.50,       8.41,      84.12,    294.07,         36.38
       22,          3,    7,         20.25,          3.50,       8.88,      88.76,    310.32,         37.29
       22,          4,    1,         10.03,          3.50,       3.03,      30.34,    106.21,         12.63
       22,          4,    2,         15.21,          3.50,       5.05,      50.52,    176.81,         22.10
       22,          4,    3,         17.96,          3.50,       6.79,      67.89,    237.49,         29.65
       22,          4,    4,         19.44,          3.50,       8.04,      80.43,    281.20,         34.56
       22,          4,    5,         20.25,          3.50,       8.92,      89.15,    311.67,         37.17
       22,          4,    6,         20.71,          3.50,       9.51,      95.13,    332.57,         38.49
       22,          4,    7,         21.03,          3.50,      10.01,     100.06,    349.82,         39.25

