[Radio] Initializing ... success!
Connected to RF power monitor: Rohde&Schwarz,FPC1500,1328.6660K03/205785,V1.80
Connected to DC power monitor: radiolib-org,DCpowerMon,070dd3d
setCurrentLimit, code 0

Set [dBm],paDutyCycle,hpMax,Measured [dBm],Bus voltage[V],Voltage[mV],Current[mA],Power [mW],Efficiency [%]
       -9,          1,    1,        -17.02,          3.50,       0.95,       9.52,     33.36,          0.24
       -9,          1,    2,        -14.49,          3.50,       1.07,      10.69,     37.47,          0.28
       -9,          1,    3,        -13.60,          3.50,       1.16,      11.63,     40.73,          0.28
       -9,          1,    4,        -13.09,          3.50,       1.24,      12.45,     43.61,          0.26
       -9,          1,    5,        -12.87,          3.50,       1.32,      13.24,     46.38,          0.24
       -9,          1,    6,        -12.49,          3.50,       1.39,      13.93,     48.82,          0.24
       -9,          1,    7,        -12.25,          3.50,       1.47,      14.73,     51.61,          0.22
       -9,          2,    1,        -16.41,          3.50,       0.97,       9.71,     34.02,          0.25
       -9,          2,    2,        -14.02,          3.50,       1.09,      10.93,     38.31,          0.29
       -9,          2,    3,        -13.11,          3.50,       1.19,      11.91,     41.72,          0.29
       -9,          2,    4,        -12.57,          3.50,       1.28,      12.79,     44.83,          0.28
       -9,          2,    5,        -12.16,          3.50,       1.36,      13.64,     47.78,          0.26
       -9,          2,    6,        -11.86,          3.50,       1.44,      14.45,     50.63,          0.25
       -9,          2,    7,        -11.57,          3.50,       1.52,      15.25,     53.42,          0.24
       -9,          3,    1,        -15.87,          3.50,       0.99,       9.92,     34.78,          0.26
       -9,          3,    2,        -13.43,          3.50,       1.13,      11.34,     39.73,          0.30
       -9,          3,    3,        -12.41,          3.50,       1.24,      12.40,     43.44,          0.31
       -9,          3,    4,        -11.77,          3.50,       1.34,      13.43,     47.06,          0.30
       -9,          3,    5,        -11.28,          3.50,       1.44,      14.37,     50.37,          0.29
       -9,          3,    6,        -10.94,          3.50,       1.52,      15.24,     53.38,          0.28
       -9,          3,    7,        -10.63,          3.50,       1.61,      16.10,     56.40,          0.27
       -9,          4,    1,        -15.42,          3.50,       1.02,      10.15,     35.58,          0.27
       -9,          4,    2,        -12.88,          3.50,       1.18,      11.76,     41.22,          0.31
       -9,          4,    3,        -11.79,          3.50,       1.30,      13.04,     45.69,          0.32
       -9,          4,    4,        -11.11,          3.50,       1.41,      14.12,     49.47,          0.31
       -9,          4,    5,        -10.67,          3.50,       1.51,      15.07,     52.81,          0.31
       -9,          4,    6,        -10.39,          3.50,       1.59,      15.92,     55.79,          0.29
       -9,          4,    7,        -10.10,          3.50,       1.68,      16.79,     58.81,          0.29
       -8,          1,    1,        -15.76,          3.50,       0.98,       9.78,     34.27,          0.29
       -8,          1,    2,        -13.27,          3.50,       1.11,      11.08,     38.83,          0.34
       -8,          1,    3,        -12.55,          3.50,       1.20,      12.01,     42.08,          0.33
       -8,          1,    4,        -12.14,          3.50,       1.29,      12.85,     45.03,          0.31
       -8,          1,    5,        -11.55,          3.50,       1.36,      13.63,     47.77,          0.31
       -8,          1,    6,        -11.30,          3.50,       1.44,      14.39,     50.43,          0.29
       -8,          1,    7,        -11.22,          3.50,       1.51,      15.11,     52.93,          0.27
       -8,          2,    1,        -15.34,          3.50,       1.00,      10.01,     35.09,          0.29
       -8,          2,    2,        -12.75,          3.50,       1.14,      11.38,     39.86,          0.35
       -8,          2,    3,        -11.86,          3.50,       1.24,      12.35,     43.27,          0.35
       -8,          2,    4,        -11.33,          3.50,       1.33,      13.28,     46.52,          0.34
       -8,          2,    5,        -11.01,          3.50,       1.41,      14.11,     49.44,          0.32
       -8,          2,    6,        -10.65,          3.50,       1.50,      14.98,     52.49,          0.31
       -8,          2,    7,        -10.38,          3.50,       1.57,      15.74,     55.14,          0.30
       -8,          3,    1,        -14.58,          3.50,       1.03,      10.26,     35.94,          0.32
       -8,          3,    2,        -12.15,          3.50,       1.18,      11.79,     41.32,          0.37
       -8,          3,    3,        -11.14,          3.50,       1.30,      12.98,     45.48,          0.37
       -8,          3,    4,        -10.52,          3.50,       1.40,      13.97,     48.93,          0.37
       -8,          3,    5,        -10.05,          3.50,       1.50,      15.00,     52.56,          0.36
       -8,          3,    6,         -9.71,          3.50,       1.59,      15.88,     55.64,          0.35
       -8,          3,    7,         -9.42,          3.50,       1.67,      16.72,     58.58,          0.34
       -8,          4,    1,        -14.10,          3.50,       1.05,      10.57,     37.02,          0.32
       -8,          4,    2,        -11.67,          3.50,       1.23,      12.32,     43.16,          0.37
       -8,          4,    3,        -10.70,          3.50,       1.36,      13.63,     47.76,          0.37
       -8,          4,    4,         -9.84,          3.50,       1.48,      14.80,     51.86,          0.38
       -8,          4,    5,         -9.42,          3.50,       1.58,      15.78,     55.30,          0.37
       -8,          4,    6,         -9.11,          3.50,       1.67,      16.70,     58.51,          0.36
       -8,          4,    7,         -8.87,          3.50,       1.75,      17.52,     61.38,          0.35
       -7,          1,    1,        -14.67,          3.50,       1.01,      10.05,     35.21,          0.33
       -7,          1,    2,        -12.15,          3.50,       1.15,      11.44,     40.08,          0.40
       -7,          1,    3,        -11.30,          3.50,       1.24,      12.38,     43.37,          0.40
       -7,          1,    4,        -10.83,          3.50,       1.32,      13.23,     46.36,          0.38
       -7,          1,    5,        -10.53,          3.50,       1.40,      14.02,     49.14,          0.37
       -7,          1,    6,        -10.28,          3.50,       1.48,      14.83,     51.96,          0.35
       -7,          1,    7,        -10.11,          3.50,       1.55,      15.56,     54.51,          0.33
       -7,          2,    1,        -14.03,          3.50,       1.03,      10.27,     35.99,          0.35
       -7,          2,    2,        -11.84,          3.50,       1.17,      11.74,     41.14,          0.40
       -7,          2,    3,        -10.78,          3.50,       1.28,      12.83,     44.96,          0.41
       -7,          2,    4,        -10.27,          3.50,       1.37,      13.69,     47.98,          0.41
       -7,          2,    5,         -9.97,          3.50,       1.47,      14.65,     51.32,          0.38
       -7,          2,    6,         -9.60,          3.50,       1.54,      15.44,     54.09,          0.37
       -7,          2,    7,         -9.35,          3.50,       1.63,      16.29,     57.08,          0.36
       -7,          3,    1,        -13.48,          3.50,       1.06,      10.59,     37.12,          0.36
       -7,          3,    2,        -11.06,          3.50,       1.22,      12.23,     42.86,          0.43
       -7,          3,    3,        -10.06,          3.50,       1.35,      13.47,     47.21,          0.44
       -7,          3,    4,         -9.45,          3.50,       1.45,      14.56,     51.03,          0.43
       -7,          3,    5,         -8.99,          3.50,       1.56,      15.57,     54.57,          0.42
       -7,          3,    6,         -8.66,          3.50,       1.65,      16.49,     57.78,          0.41
       -7,          3,    7,         -8.68,          3.50,       1.74,      17.35,     60.77,          0.38
       -7,          4,    1,        -13.30,          3.50,       1.10,      10.97,     38.42,          0.34
       -7,          4,    2,        -10.49,          3.50,       1.28,      12.83,     44.97,          0.44
       -7,          4,    3,         -9.42,          3.50,       1.43,      14.27,     49.99,          0.45
       -7,          4,    4,         -8.77,          3.50,       1.54,      15.44,     54.11,          0.45
       -7,          4,    5,         -8.66,          3.50,       1.65,      16.50,     57.82,          0.41
       -7,          4,    6,         -8.05,          3.50,       1.74,      17.38,     60.89,          0.43
       -7,          4,    7,         -7.82,          3.50,       1.83,      18.32,     64.19,          0.42
       -6,          1,    1,        -13.69,          3.50,       1.03,      10.30,     36.09,          0.38
       -6,          1,    2,        -11.18,          3.50,       1.18,      11.79,     41.30,          0.46
       -6,          1,    3,        -10.35,          3.50,       1.28,      12.80,     44.85,          0.46
       -6,          1,    4,         -9.88,          3.50,       1.36,      13.64,     47.79,          0.45
       -6,          1,    5,         -9.59,          3.50,       1.45,      14.49,     50.76,          0.43
       -6,          1,    6,         -9.36,          3.50,       1.52,      15.24,     53.40,          0.41
       -6,          1,    7,         -9.48,          3.50,       1.60,      16.00,     56.04,          0.36
       -6,          2,    1,        -13.37,          3.50,       1.06,      10.59,     37.10,          0.37
       -6,          2,    2,        -10.69,          3.50,       1.21,      12.14,     42.53,          0.48
       -6,          2,    3,         -9.81,          3.50,       1.32,      13.24,     46.37,          0.49
       -6,          2,    4,         -9.32,          3.50,       1.42,      14.18,     49.66,          0.47
       -6,          2,    5,         -8.93,          3.50,       1.51,      15.11,     52.94,          0.45
       -6,          2,    6,         -8.66,          3.50,       1.59,      15.95,     55.87,          0.44
       -6,          2,    7,         -8.42,          3.50,       1.68,      16.79,     58.81,          0.42
       -6,          3,    1,        -12.74,          3.50,       1.09,      10.91,     38.22,          0.40
       -6,          3,    2,        -10.07,          3.50,       1.27,      12.69,     44.45,          0.50
       -6,          3,    3,         -9.08,          3.50,       1.40,      14.01,     49.08,          0.51
       -6,          3,    4,         -8.77,          3.50,       1.51,      15.15,     53.09,          0.47
       -6,          3,    5,         -8.22,          3.50,       1.62,      16.22,     56.83,          0.47
       -6,          3,    6,         -7.71,          3.50,       1.71,      17.12,     59.96,          0.48
       -6,          3,    7,         -7.44,          3.50,       1.80,      18.04,     63.19,          0.47
       -6,          4,    1,        -12.16,          3.50,       1.14,      11.36,     39.80,          0.40
       -6,          4,    2,         -9.50,          3.50,       1.34,      13.39,     46.92,          0.51
       -6,          4,    3,         -8.44,          3.50,       1.49,      14.91,     52.22,          0.52
       -6,          4,    4,         -7.80,          3.50,       1.61,      16.15,     56.58,          0.52
       -6,          4,    5,         -7.39,          3.50,       1.72,      17.18,     60.20,          0.51
       -6,          4,    6,         -7.08,          3.50,       1.82,      18.20,     63.76,          0.50
       -6,          4,    7,         -6.87,          3.50,       1.91,      19.07,     66.79,          0.49
       -5,          1,    1,        -12.04,          3.50,       1.08,      10.81,     37.89,          0.48
       -5,          1,    2,         -9.52,          3.50,       1.25,      12.49,     43.78,          0.59
       -5,          1,    3,         -8.69,          3.50,       1.36,      13.57,     47.55,          0.60
       -5,          1,    4,         -8.25,          3.50,       1.45,      14.49,     50.77,          0.58
       -5,          1,    5,         -8.27,          3.50,       1.53,      15.32,     53.67,          0.52
       -5,          1,    6,         -8.04,          3.50,       1.61,      16.10,     56.42,          0.50
       -5,          1,    7,         -7.57,          3.50,       1.69,      16.84,     59.01,          0.51
       -5,          2,    1,        -11.39,          3.50,       1.13,      11.25,     39.40,          0.50
       -5,          2,    2,         -9.01,          3.50,       1.30,      12.97,     45.44,          0.61
       -5,          2,    3,         -8.15,          3.50,       1.41,      14.10,     49.39,          0.63
       -5,          2,    4,         -7.66,          3.50,       1.51,      15.13,     53.00,          0.61
       -5,          2,    5,         -7.39,          3.50,       1.61,      16.08,     56.34,          0.58
       -5,          2,    6,         -7.04,          3.50,       1.70,      16.92,     59.27,          0.58
       -5,          2,    7,         -6.81,          3.50,       1.78,      17.85,     62.52,          0.55
       -5,          3,    1,        -10.82,          3.50,       1.16,      11.64,     40.78,          0.52
       -5,          3,    2,         -8.64,          3.50,       1.36,      13.59,     47.62,          0.60
       -5,          3,    3,         -7.70,          3.50,       1.51,      15.04,     52.69,          0.61
       -5,          3,    4,         -6.99,          3.50,       1.63,      16.26,     56.98,          0.62
       -5,          3,    5,         -6.39,          3.50,       1.73,      17.36,     60.80,          0.64
       -5,          3,    6,         -6.25,          3.50,       1.84,      18.39,     64.42,          0.60
       -5,          3,    7,         -5.82,          3.50,       1.93,      19.33,     67.70,          0.61
       -5,          4,    1,        -10.34,          3.50,       1.21,      12.11,     42.43,          0.52
       -5,          4,    2,         -7.82,          3.50,       1.45,      14.48,     50.71,          0.64
       -5,          4,    3,         -6.77,          3.50,       1.61,      16.13,     56.53,          0.66
       -5,          4,    4,         -6.13,          3.50,       1.74,      17.43,     61.04,          0.67
       -5,          4,    5,         -6.03,          3.50,       1.86,      18.63,     65.27,          0.62
       -5,          4,    6,         -5.44,          3.50,       1.97,      19.65,     68.82,          0.65
       -5,          4,    7,         -5.23,          3.50,       2.06,      20.52,     71.90,          0.64
       -4,          1,    1,        -11.34,          3.50,       1.11,      11.13,     38.99,          0.52
       -4,          1,    2,         -8.81,          3.50,       1.29,      12.88,     45.11,          0.65
       -4,          1,    3,         -7.98,          3.50,       1.39,      13.93,     48.82,          0.67
       -4,          1,    4,         -7.55,          3.50,       1.49,      14.88,     52.14,          0.65
       -4,          1,    5,         -7.35,          3.50,       1.57,      15.72,     55.07,          0.61
       -4,          1,    6,         -7.08,          3.50,       1.65,      16.55,     57.97,          0.59
       -4,          1,    7,         -6.88,          3.50,       1.73,      17.26,     60.47,          0.58
       -4,          2,    1,        -10.68,          3.50,       1.15,      11.54,     40.43,          0.55
       -4,          2,    2,         -8.29,          3.50,       1.33,      13.32,     46.66,          0.68
       -4,          2,    3,         -7.43,          3.50,       1.46,      14.58,     51.09,          0.69
       -4,          2,    4,         -6.98,          3.50,       1.56,      15.59,     54.60,          0.68
       -4,          2,    5,         -6.60,          3.50,       1.66,      16.59,     58.11,          0.66
       -4,          2,    6,         -6.34,          3.50,       1.74,      17.41,     60.99,          0.64
       -4,          2,    7,         -6.11,          3.50,       1.84,      18.36,     64.31,          0.62
       -4,          3,    1,        -10.10,          3.50,       1.20,      11.96,     41.92,          0.57
       -4,          3,    2,         -7.67,          3.50,       1.40,      14.04,     49.18,          0.70
       -4,          3,    3,         -6.69,          3.50,       1.56,      15.58,     54.58,          0.72
       -4,          3,    4,         -6.11,          3.50,       1.68,      16.78,     58.78,          0.72
       -4,          3,    5,         -5.74,          3.50,       1.80,      17.99,     63.01,          0.70
       -4,          3,    6,         -5.37,          3.50,       1.90,      19.02,     66.61,          0.69
       -4,          3,    7,         -5.11,          3.50,       2.00,      20.00,     70.06,          0.68
       -4,          4,    1,         -9.62,          3.50,       1.25,      12.45,     43.63,          0.58
       -4,          4,    2,         -7.28,          3.50,       1.50,      14.97,     52.45,          0.68
       -4,          4,    3,         -6.04,          3.50,       1.67,      16.71,     58.52,          0.74
       -4,          4,    4,         -5.55,          3.50,       1.81,      18.13,     63.50,          0.72
       -4,          4,    5,         -5.03,          3.50,       1.93,      19.29,     67.58,          0.73
       -4,          4,    6,         -4.72,          3.50,       2.03,      20.33,     71.19,          0.73
       -4,          4,    7,         -4.51,          3.50,       2.13,      21.32,     74.66,          0.71
       -3,          1,    1,        -10.68,          3.50,       1.14,      11.40,     39.93,          0.57
       -3,          1,    2,         -8.15,          3.50,       1.32,      13.19,     46.21,          0.72
       -3,          1,    3,         -7.32,          3.50,       1.44,      14.36,     50.31,          0.73
       -3,          1,    4,         -6.91,          3.50,       1.53,      15.28,     53.53,          0.71
       -3,          1,    5,         -6.62,          3.50,       1.62,      16.15,     56.59,          0.69
       -3,          1,    6,         -6.43,          3.50,       1.69,      16.93,     59.29,          0.66
       -3,          1,    7,         -6.24,          3.50,       1.77,      17.70,     62.01,          0.64
       -3,          2,    1,        -10.02,          3.50,       1.18,      11.81,     41.37,          0.60
       -3,          2,    2,         -7.63,          3.50,       1.37,      13.72,     48.09,          0.74
       -3,          2,    3,         -6.89,          3.50,       1.50,      15.02,     52.61,          0.74
       -3,          2,    4,         -6.47,          3.50,       1.60,      16.04,     56.17,          0.72
       -3,          2,    5,         -5.94,          3.50,       1.70,      17.03,     59.67,          0.73
       -3,          2,    6,         -5.73,          3.50,       1.80,      17.97,     62.93,          0.70
       -3,          2,    7,         -5.67,          3.50,       1.89,      18.88,     66.13,          0.66
       -3,          3,    1,         -9.44,          3.50,       1.23,      12.28,     43.03,          0.62
       -3,          3,    2,         -7.00,          3.50,       1.45,      14.54,     50.93,          0.76
       -3,          3,    3,         -6.25,          3.50,       1.61,      16.09,     56.37,          0.75
       -3,          3,    4,         -5.65,          3.50,       1.73,      17.30,     60.60,          0.76
       -3,          3,    5,         -5.02,          3.50,       1.86,      18.60,     65.16,          0.78
       -3,          3,    6,         -4.71,          3.50,       1.97,      19.64,     68.80,          0.77
       -3,          3,    7,         -4.46,          3.50,       2.06,      20.58,     72.07,          0.76
       -3,          4,    1,         -8.96,          3.50,       1.29,      12.90,     45.20,          0.62
       -3,          4,    2,         -6.43,          3.50,       1.55,      15.48,     54.24,          0.77
       -3,          4,    3,         -5.49,          3.50,       1.73,      17.29,     60.57,          0.79
       -3,          4,    4,         -4.74,          3.50,       1.88,      18.79,     65.80,          0.82
       -3,          4,    5,         -4.35,          3.50,       2.00,      20.03,     70.17,          0.81
       -3,          4,    6,         -4.06,          3.50,       2.11,      21.09,     73.85,          0.80
       -3,          4,    7,         -3.85,          3.50,       2.21,      22.05,     77.23,          0.78
       -2,          1,    1,         -9.61,          3.50,       1.19,      11.89,     41.68,          0.66
       -2,          1,    2,         -6.96,          3.50,       1.39,      13.89,     48.68,          0.85
       -2,          1,    3,         -6.14,          3.50,       1.51,      15.14,     53.05,          0.87
       -2,          1,    4,         -5.71,          3.50,       1.61,      16.10,     56.38,          0.86
       -2,          1,    5,         -5.45,          3.50,       1.70,      16.95,     59.38,          0.83
       -2,          1,    6,         -5.25,          3.50,       1.78,      17.76,     62.20,          0.80
       -2,          1,    7,         -5.08,          3.50,       1.86,      18.63,     65.26,          0.77
       -2,          2,    1,         -9.15,          3.50,       1.24,      12.38,     43.38,          0.66
       -2,          2,    2,         -6.43,          3.50,       1.45,      14.53,     50.90,          0.88
       -2,          2,    3,         -5.57,          3.50,       1.58,      15.84,     55.52,          0.91
       -2,          2,    4,         -5.10,          3.50,       1.69,      16.92,     59.29,          0.90
       -2,          2,    5,         -4.98,          3.50,       1.80,      18.03,     63.17,          0.83
       -2,          2,    6,         -4.51,          3.50,       1.90,      18.98,     66.47,          0.85
       -2,          2,    7,         -4.28,          3.50,       1.99,      19.92,     69.77,          0.83
       -2,          3,    1,         -8.27,          3.50,       1.30,      12.98,     45.49,          0.72
       -2,          3,    2,         -5.81,          3.50,       1.54,      15.43,     54.04,          0.90
       -2,          3,    3,         -4.83,          3.50,       1.71,      17.05,     59.73,          0.94
       -2,          3,    4,         -4.25,          3.50,       1.85,      18.48,     64.74,          0.94
       -2,          3,    5,         -3.83,          3.50,       1.98,      19.79,     69.32,          0.93
       -2,          3,    6,         -3.53,          3.50,       2.08,      20.80,     72.85,          0.92
       -2,          3,    7,         -3.28,          3.50,       2.19,      21.87,     76.60,          0.91
       -2,          4,    1,         -7.97,          3.50,       1.36,      13.59,     47.63,          0.70
       -2,          4,    2,         -5.23,          3.50,       1.65,      16.49,     57.78,          0.91
       -2,          4,    3,         -4.17,          3.50,       1.85,      18.49,     64.80,          0.96
       -2,          4,    4,         -3.54,          3.50,       2.01,      20.09,     70.36,          0.97
       -2,          4,    5,         -3.15,          3.50,       2.14,      21.38,     74.88,          0.97
       -2,          4,    6,         -2.86,          3.50,       2.25,      22.51,     78.82,          0.96
       -2,          4,    7,         -2.65,          3.50,       2.35,      23.52,     82.36,          0.94
       -1,          1,    1,         -8.54,          3.50,       1.24,      12.40,     43.45,          0.76
       -1,          1,    2,         -5.96,          3.50,       1.46,      14.62,     51.24,          0.96
       -1,          1,    3,         -5.13,          3.50,       1.59,      15.87,     55.60,          1.00
       -1,          1,    4,         -4.71,          3.50,       1.69,      16.86,     59.06,          0.99
       -1,          1,    5,         -4.45,          3.50,       1.78,      17.76,     62.24,          0.96
       -1,          1,    6,         -4.25,          3.50,       1.86,      18.62,     65.22,          0.93
       -1,          1,    7,         -4.09,          3.50,       1.95,      19.47,     68.22,          0.90
       -1,          2,    1,         -7.87,          3.50,       1.30,      12.97,     45.44,          0.79
       -1,          2,    2,         -5.42,          3.50,       1.53,      15.28,     53.53,          1.00
       -1,          2,    3,         -4.56,          3.50,       1.67,      16.68,     58.43,          1.04
       -1,          2,    4,         -4.38,          3.50,       1.78,      17.83,     62.46,          0.97
       -1,          2,    5,         -3.98,          3.50,       1.90,      18.94,     66.35,          0.96
       -1,          2,    6,         -3.78,          3.50,       1.99,      19.93,     69.80,          0.93
       -1,          2,    7,         -3.46,          3.50,       2.09,      20.87,     73.11,          0.93
       -1,          3,    1,         -7.28,          3.50,       1.36,      13.58,     47.58,          0.82
       -1,          3,    2,         -4.80,          3.50,       1.63,      16.28,     57.05,          1.03
       -1,          3,    3,         -3.82,          3.50,       1.81,      18.08,     63.32,          1.08
       -1,          3,    4,         -3.24,          3.50,       1.95,      19.49,     68.27,          1.09
       -1,          3,    5,         -2.82,          3.50,       2.08,      20.83,     72.96,          1.09
       -1,          3,    6,         -2.52,          3.50,       2.20,      22.00,     77.04,          1.07
       -1,          3,    7,         -2.27,          3.50,       2.31,      23.15,     81.05,          1.05
       -1,          4,    1,         -6.79,          3.50,       1.43,      14.31,     50.13,          0.82
       -1,          4,    2,         -4.21,          3.50,       1.74,      17.46,     61.16,          1.04
       -1,          4,    3,         -3.16,          3.50,       1.97,      19.65,     68.82,          1.10
       -1,          4,    4,         -2.53,          3.50,       2.14,      21.35,     74.78,          1.12
       -1,          4,    5,         -2.13,          3.50,       2.27,      22.70,     79.49,          1.12
       -1,          4,    6,         -1.84,          3.50,       2.39,      23.89,     83.67,          1.11
       -1,          4,    7,         -1.64,          3.50,       2.50,      25.00,     87.55,          1.09
        0,          1,    1,         -7.66,          3.50,       1.29,      12.90,     45.20,          0.85
        0,          1,    2,         -5.04,          3.50,       1.53,      15.32,     53.68,          1.09
        0,          1,    3,         -4.20,          3.50,       1.66,      16.64,     58.29,          1.14
        0,          1,    4,         -3.78,          3.50,       1.76,      17.65,     61.81,          1.13
        0,          1,    5,         -3.53,          3.50,       1.86,      18.60,     65.14,          1.10
        0,          1,    6,         -3.34,          3.50,       1.95,      19.46,     68.18,          1.07
        0,          1,    7,         -3.18,          3.50,       2.03,      20.28,     71.04,          1.04
        0,          2,    1,         -6.98,          3.50,       1.35,      13.50,     47.29,          0.89
        0,          2,    2,         -4.50,          3.50,       1.61,      16.06,     56.25,          1.13
        0,          2,    3,         -3.64,          3.50,       1.75,      17.51,     61.34,          1.19
        0,          2,    4,         -3.17,          3.50,       1.87,      18.73,     65.60,          1.18
        0,          2,    5,         -2.83,          3.50,       1.99,      19.90,     69.69,          1.16
        0,          2,    6,         -2.58,          3.50,       2.09,      20.88,     73.10,          1.14
        0,          2,    7,         -2.36,          3.50,       2.19,      21.88,     76.64,          1.12
        0,          3,    1,         -6.38,          3.50,       1.42,      14.23,     49.86,          0.92
        0,          3,    2,         -3.87,          3.50,       1.71,      17.11,     59.96,          1.17
        0,          3,    3,         -2.89,          3.50,       1.91,      19.07,     66.79,          1.23
        0,          3,    4,         -2.31,          3.50,       2.06,      20.57,     72.05,          1.24
        0,          3,    5,         -1.89,          3.50,       2.20,      22.00,     77.04,          1.24
        0,          3,    6,         -1.59,          3.50,       2.32,      23.23,     81.34,          1.23
        0,          3,    7,         -1.35,          3.50,       2.44,      24.37,     85.33,          1.21
        0,          4,    1,         -5.89,          3.50,       1.50,      15.04,     52.68,          0.92
        0,          4,    2,         -3.28,          3.50,       1.85,      18.49,     64.74,          1.18
        0,          4,    3,         -2.22,          3.50,       2.08,      20.78,     72.79,          1.25
        0,          4,    4,         -1.90,          3.50,       2.26,      22.59,     79.12,          1.19
        0,          4,    5,         -1.20,          3.50,       2.40,      24.04,     84.18,          1.28
        0,          4,    6,         -1.17,          3.50,       2.54,      25.34,     88.75,          1.19
        0,          4,    7,         -0.98,          3.50,       2.65,      26.50,     92.78,          1.17
        1,          1,    1,         -6.87,          3.50,       1.34,      13.41,     47.00,          0.93
        1,          1,    2,         -4.22,          3.50,       1.60,      16.00,     56.05,          1.22
        1,          1,    3,         -3.61,          3.50,       1.74,      17.35,     60.80,          1.21
        1,          1,    4,         -2.95,          3.50,       1.85,      18.46,     64.66,          1.27
        1,          1,    5,         -2.70,          3.50,       1.94,      19.41,     68.00,          1.25
        1,          1,    6,         -2.51,          3.50,       2.03,      20.26,     70.95,          1.22
        1,          1,    7,         -2.35,          3.50,       2.12,      21.20,     74.26,          1.18
        1,          2,    1,         -6.41,          3.50,       1.41,      14.05,     49.22,          0.94
        1,          2,    2,         -3.67,          3.50,       1.68,      16.78,     58.79,          1.27
        1,          2,    3,         -3.00,          3.50,       1.84,      18.39,     64.43,          1.27
        1,          2,    4,         -2.33,          3.50,       1.96,      19.63,     68.75,          1.33
        1,          2,    5,         -2.00,          3.50,       2.08,      20.80,     72.84,          1.32
        1,          2,    6,         -1.75,          3.50,       2.18,      21.83,     76.48,          1.30
        1,          2,    7,         -1.54,          3.50,       2.29,      22.90,     80.21,          1.27
        1,          3,    1,         -5.58,          3.50,       1.49,      14.87,     52.09,          1.01
        1,          3,    2,         -3.04,          3.50,       1.80,      17.98,     62.97,          1.30
        1,          3,    3,         -2.05,          3.50,       2.01,      20.07,     70.30,          1.37
        1,          3,    4,         -1.48,          3.50,       2.16,      21.63,     75.76,          1.40
        1,          3,    5,         -1.16,          3.50,       2.31,      23.13,     81.01,          1.36
        1,          3,    6,         -0.76,          3.50,       2.44,      24.38,     85.38,          1.39
        1,          3,    7,         -0.52,          3.50,       2.56,      25.62,     89.72,          1.37
        1,          4,    1,         -5.09,          3.50,       1.57,      15.73,     55.11,          1.02
        1,          4,    2,         -2.46,          3.50,       1.94,      19.44,     68.09,          1.31
        1,          4,    3,         -1.39,          3.50,       2.19,      21.94,     76.86,          1.40
        1,          4,    4,         -0.76,          3.50,       2.38,      23.80,     83.34,          1.43
        1,          4,    5,         -0.36,          3.50,       2.54,      25.41,     88.98,          1.43
        1,          4,    6,         -0.18,          3.50,       2.68,      26.76,     93.69,          1.39
        1,          4,    7,         -0.04,          3.50,       2.79,      27.91,     97.72,          1.36
        2,          1,    1,         -5.84,          3.50,       1.41,      14.09,     49.38,          1.07
        2,          1,    2,         -3.12,          3.50,       1.69,      16.97,     59.45,          1.41
        2,          1,    3,         -2.26,          3.50,       1.85,      18.50,     64.81,          1.49
        2,          1,    4,         -1.84,          3.50,       1.96,      19.60,     68.66,          1.50
        2,          1,    5,         -1.59,          3.50,       2.06,      20.59,     72.13,          1.47
        2,          1,    6,         -1.41,          3.50,       2.15,      21.50,     75.29,          1.44
        2,          1,    7,         -1.25,          3.50,       2.24,      22.39,     78.42,          1.40
        2,          2,    1,         -5.14,          3.50,       1.49,      14.89,     52.15,          1.13
        2,          2,    2,         -2.57,          3.50,       1.79,      17.89,     62.66,          1.47
        2,          2,    3,         -1.68,          3.50,       1.97,      19.65,     68.82,          1.55
        2,          2,    4,         -1.22,          3.50,       2.09,      20.89,     73.16,          1.57
        2,          2,    5,         -0.89,          3.50,       2.21,      22.16,     77.60,          1.55
        2,          2,    6,         -0.82,          3.50,       2.33,      23.28,     81.54,          1.46
        2,          2,    7,         -0.44,          3.50,       2.44,      24.36,     85.28,          1.50
        2,          3,    1,         -4.53,          3.50,       1.57,      15.73,     55.13,          1.16
        2,          3,    2,         -1.93,          3.50,       1.92,      19.23,     67.35,          1.51
        2,          3,    3,         -1.00,          3.50,       2.14,      21.44,     75.07,          1.58
        2,          3,    4,         -0.37,          3.50,       2.32,      23.15,     81.07,          1.63
        2,          3,    5,          0.05,          3.50,       2.48,      24.80,     86.85,          1.63
        2,          3,    6,          0.14,          3.50,       2.62,      26.16,     91.59,          1.55
        2,          3,    7,          0.59,          3.50,       2.74,      27.41,     95.96,          1.61
        2,          4,    1,         -4.33,          3.50,       1.67,      16.71,     58.55,          1.09
        2,          4,    2,         -1.37,          3.50,       2.08,      20.82,     72.91,          1.51
        2,          4,    3,         -0.27,          3.50,       2.36,      23.55,     82.48,          1.63
        2,          4,    4,          0.34,          3.50,       2.57,      25.66,     89.87,          1.66
        2,          4,    5,          0.76,          3.50,       2.74,      27.34,     95.73,          1.68
        2,          4,    6,          1.05,          3.50,       2.88,      28.78,    100.76,          1.67
        2,          4,    7,          1.02,          3.50,       3.00,      29.96,    104.87,          1.58
        3,          1,    1,         -5.23,          3.50,       1.46,      14.59,     51.13,          1.14
        3,          1,    2,         -2.46,          3.50,       1.76,      17.63,     61.77,          1.54
        3,          1,    3,         -1.60,          3.50,       1.92,      19.22,     67.30,          1.63
        3,          1,    4,         -1.17,          3.50,       2.03,      20.33,     71.21,          1.65
        3,          1,    5,         -0.93,          3.50,       2.14,      21.40,     74.95,          1.61
        3,          1,    6,         -0.74,          3.50,       2.23,      22.31,     78.14,          1.58
        3,          1,    7,         -0.86,          3.50,       2.32,      23.23,     81.33,          1.45
        3,          2,    1,         -4.52,          3.50,       1.54,      15.40,     53.96,          1.22
        3,          2,    2,         -1.91,          3.50,       1.86,      18.62,     65.22,          1.60
        3,          2,    3,         -1.02,          3.50,       2.04,      20.38,     71.40,          1.70
        3,          2,    4,         -0.55,          3.50,       2.17,      21.75,     76.18,          1.72
        3,          2,    5,         -0.22,          3.50,       2.31,      23.06,     80.73,          1.70
        3,          2,    6,          0.02,          3.50,       2.42,      24.16,     84.63,          1.68
        3,          2,    7,          0.22,          3.50,       2.53,      25.34,     88.71,          1.65
        3,          3,    1,         -3.91,          3.50,       1.63,      16.34,     57.24,          1.26
        3,          3,    2,         -1.28,          3.50,       2.01,      20.06,     70.26,          1.64
        3,          3,    3,         -0.28,          3.50,       2.24,      22.37,     78.34,          1.75
        3,          3,    4,          0.29,          3.50,       2.42,      24.15,     84.59,          1.79
        3,          3,    5,          0.71,          3.50,       2.59,      25.84,     90.46,          1.80
        3,          3,    6,          1.01,          3.50,       2.73,      27.23,     95.33,          1.79
        3,          3,    7,          1.25,          3.50,       2.85,      28.58,    100.06,          1.77
        3,          4,    1,         -3.41,          3.50,       1.73,      17.34,     60.75,          1.26
        3,          4,    2,         -0.70,          3.50,       2.18,      21.78,     76.26,          1.65
        3,          4,    3,          0.39,          3.50,       2.47,      24.68,     86.44,          1.77
        3,          4,    4,          1.03,          3.50,       2.68,      26.80,     93.83,          1.83
        3,          4,    5,          1.44,          3.50,       2.86,      28.59,    100.09,          1.85
        3,          4,    6,          1.73,          3.50,       3.00,      30.03,    105.12,          1.85
        3,          4,    7,          1.93,          3.50,       3.12,      31.25,    109.40,          1.84
        4,          1,    1,         -4.18,          3.50,       1.54,      15.43,     54.07,          1.31
        4,          1,    2,         -1.30,          3.50,       1.89,      18.94,     66.36,          1.79
        4,          1,    3,         -0.41,          3.50,       2.06,      20.63,     72.23,          1.93
        4,          1,    4,          0.02,          3.50,       2.18,      21.81,     76.39,          1.95
        4,          1,    5,          0.26,          3.50,       2.29,      22.89,     80.15,          1.92
        4,          1,    6,          0.44,          3.50,       2.38,      23.84,     83.49,          1.89
        4,          1,    7,          0.59,          3.50,       2.48,      24.82,     86.94,          1.85
        4,          2,    1,         -3.45,          3.50,       1.64,      16.36,     57.31,          1.40
        4,          2,    2,         -0.74,          3.50,       2.00,      20.04,     70.17,          1.87
        4,          2,    3,          0.17,          3.50,       2.20,      21.95,     76.89,          2.00
        4,          2,    4,          0.63,          3.50,       2.34,      23.36,     81.83,          2.03
        4,          2,    5,          0.97,          3.50,       2.48,      24.77,     86.75,          2.02
        4,          2,    6,          1.20,          3.50,       2.59,      25.92,     90.75,          2.00
        4,          2,    7,          1.40,          3.50,       2.71,      27.10,     94.88,          1.97
        4,          3,    1,         -2.83,          3.50,       1.74,      17.39,     60.93,          1.45
        4,          3,    2,         -0.11,          3.50,       2.16,      21.60,     75.64,          1.92
        4,          3,    3,          0.91,          3.50,       2.41,      24.08,     84.34,          2.08
        4,          3,    4,          1.49,          3.50,       2.60,      26.03,     91.15,          2.13
        4,          3,    5,          1.91,          3.50,       2.78,      27.81,     97.37,          2.14
        4,          3,    6,          2.21,          3.50,       2.93,      29.27,    102.49,          2.14
        4,          3,    7,          2.44,          3.50,       3.06,      30.59,    107.11,          2.13
        4,          4,    1,         -2.32,          3.50,       1.86,      18.61,     65.21,          1.45
        4,          4,    2,          0.49,          3.50,       2.35,      23.52,     82.37,          1.94
        4,          4,    3,          1.59,          3.50,       2.66,      26.65,     93.34,          2.10
        4,          4,    4,          2.25,          3.50,       2.90,      28.95,    101.36,          2.19
        4,          4,    5,          2.67,          3.50,       3.07,      30.72,    107.56,          2.23
        4,          4,    6,          2.97,          3.50,       3.23,      32.30,    113.08,          2.24
        4,          4,    7,          2.97,          3.50,       3.35,      33.55,    117.45,          2.14
        5,          1,    1,         -3.51,          3.50,       1.60,      16.01,     56.10,          1.43
        5,          1,    2,         -0.85,          3.50,       1.98,      19.83,     69.47,          1.85
        5,          1,    3,          0.38,          3.50,       2.16,      21.63,     75.78,          2.15
        5,          1,    4,          0.80,          3.50,       2.29,      22.85,     80.01,          2.19
        5,          1,    5,          1.05,          3.50,       2.39,      23.90,     83.69,          2.17
        5,          1,    6,          1.22,          3.50,       2.49,      24.92,     87.24,          2.13
        5,          1,    7,          1.37,          3.50,       2.59,      25.87,     90.59,          2.09
        5,          2,    1,         -2.76,          3.50,       1.70,      16.99,     59.54,          1.53
        5,          2,    2,          0.03,          3.50,       2.09,      20.98,     73.46,          2.08
        5,          2,    3,          0.95,          3.50,       2.30,      23.02,     80.64,          2.24
        5,          2,    4,          1.42,          3.50,       2.45,      24.48,     85.74,          2.28
        5,          2,    5,          1.75,          3.50,       2.59,      25.87,     90.56,          2.28
        5,          2,    6,          1.98,          3.50,       2.71,      27.05,     94.69,          2.27
        5,          2,    7,          2.19,          3.50,       2.82,      28.24,     98.88,          2.24
        5,          3,    1,         -2.13,          3.50,       1.82,      18.20,     63.76,          1.57
        5,          3,    2,          0.65,          3.50,       2.26,      22.64,     79.30,          2.13
        5,          3,    3,          1.50,          3.50,       2.53,      25.26,     88.47,          2.22
        5,          3,    4,          2.20,          3.50,       2.72,      27.23,     95.35,          2.36
        5,          3,    5,          2.72,          3.50,       2.91,      29.03,    101.64,          2.43
        5,          3,    6,          2.89,          3.50,       3.05,      30.50,    106.76,          2.37
        5,          3,    7,          3.26,          3.50,       3.19,      31.92,    111.76,          2.44
        5,          4,    1,         -1.83,          3.50,       1.94,      19.42,     68.03,          1.52
        5,          4,    2,          1.08,          3.50,       2.47,      24.67,     86.38,          2.09
        5,          4,    3,          2.42,          3.50,       2.80,      27.94,     97.84,          2.39
        5,          4,    4,          3.07,          3.50,       3.03,      30.25,    105.92,          2.50
        5,          4,    5,          3.49,          3.50,       3.22,      32.18,    112.64,          2.54
        5,          4,    6,          3.79,          3.50,       3.37,      33.70,    117.97,          2.57
        5,          4,    7,          4.00,          3.50,       3.50,      35.03,    122.60,          2.57
        6,          1,    1,         -2.72,          3.50,       1.67,      16.73,     58.60,          1.59
        6,          1,    2,          0.16,          3.50,       2.09,      20.89,     73.19,          2.15
        6,          1,    3,          1.36,          3.50,       2.28,      22.84,     79.99,          2.48
        6,          1,    4,          1.79,          3.50,       2.41,      24.08,     84.32,          2.55
        6,          1,    5,          2.03,          3.50,       2.52,      25.20,     88.26,          2.52
        6,          1,    6,          2.20,          3.50,       2.62,      26.17,     91.63,          2.49
        6,          1,    7,          2.35,          3.50,       2.71,      27.13,     95.00,          2.45
        6,          2,    1,         -2.16,          3.50,       1.79,      17.85,     62.54,          1.62
        6,          2,    2,          0.99,          3.50,       2.21,      22.13,     77.51,          2.39
        6,          2,    3,          1.94,          3.50,       2.43,      24.24,     84.86,          2.61
        6,          2,    4,          2.41,          3.50,       2.58,      25.77,     90.24,          2.67
        6,          2,    5,          2.73,          3.50,       2.72,      27.16,     95.10,          2.67
        6,          2,    6,          2.97,          3.50,       2.85,      28.43,     99.53,          2.66
        6,          2,    7,          3.15,          3.50,       2.96,      29.62,    103.70,          2.62
        6,          3,    1,         -1.61,          3.50,       1.91,      19.12,     66.97,          1.64
        6,          3,    2,          1.65,          3.50,       2.39,      23.90,     83.69,          2.49
        6,          3,    3,          2.66,          3.50,       2.67,      26.68,     93.39,          2.69
        6,          3,    4,          3.24,          3.50,       2.87,      28.68,    100.43,          2.79
        6,          3,    5,          3.36,          3.50,       3.05,      30.51,    106.79,          2.65
        6,          3,    6,          3.96,          3.50,       3.21,      32.10,    112.36,          2.85
        6,          3,    7,          3.89,          3.50,       3.35,      33.49,    117.23,          2.65
        6,          4,    1,         -1.05,          3.50,       2.04,      20.40,     71.42,          1.68
        6,          4,    2,          2.28,          3.50,       2.60,      26.04,     91.16,          2.55
        6,          4,    3,          3.44,          3.50,       2.94,      29.43,    103.04,          2.82
        6,          4,    4,          4.09,          3.50,       3.19,      31.92,    111.77,          2.95
        6,          4,    5,          4.50,          3.50,       3.39,      33.92,    118.73,          3.00
        6,          4,    6,          4.79,          3.50,       3.55,      35.52,    124.32,          3.03
        6,          4,    7,          5.00,          3.50,       3.69,      36.92,    129.21,          3.03
        7,          1,    1,         -1.85,          3.50,       1.75,      17.47,     61.20,          1.81
        7,          1,    2,          1.51,          3.50,       2.20,      22.06,     77.24,          2.71
        7,          1,    3,          2.48,          3.50,       2.41,      24.08,     84.31,          2.99
        7,          1,    4,          2.93,          3.50,       2.54,      25.39,     88.92,          3.08
        7,          1,    5,          3.16,          3.50,       2.65,      26.52,     92.86,          3.05
        7,          1,    6,          3.31,          3.50,       2.75,      27.46,     96.14,          3.02
        7,          1,    7,          3.46,          3.50,       2.85,      28.48,     99.73,          2.97
        7,          2,    1,         -0.99,          3.50,       1.87,      18.73,     65.62,          1.96
        7,          2,    2,          2.10,          3.50,       2.34,      23.37,     81.84,          2.85
        7,          2,    3,          3.05,          3.50,       2.56,      25.59,     89.62,          3.12
        7,          2,    4,          3.54,          3.50,       2.71,      27.11,     94.93,          3.23
        7,          2,    5,          3.85,          3.50,       2.86,      28.62,    100.21,          3.23
        7,          2,    6,          4.07,          3.50,       2.98,      29.85,    104.51,          3.21
        7,          2,    7,          4.27,          3.50,       3.10,      31.04,    108.67,          3.19
        7,          3,    1,         -0.29,          3.50,       2.01,      20.06,     70.26,          2.06
        7,          3,    2,          2.72,          3.50,       2.52,      25.23,     88.34,          2.95
        7,          3,    3,          3.85,          3.50,       2.81,      28.16,     98.60,          3.29
        7,          3,    4,          4.41,          3.50,       3.02,      30.22,    105.77,          3.41
        7,          3,    5,          4.64,          3.50,       3.22,      32.24,    112.84,          3.31
        7,          3,    6,          5.11,          3.50,       3.38,      33.77,    118.20,          3.47
        7,          3,    7,          5.33,          3.50,       3.53,      35.31,    123.60,          3.45
        7,          4,    1,          0.31,          3.50,       2.15,      21.50,     75.28,          2.13
        7,          4,    2,          3.40,          3.50,       2.75,      27.50,     96.30,          3.06
        7,          4,    3,          4.57,          3.50,       3.11,      31.14,    109.00,          3.41
        7,          4,    4,          5.21,          3.50,       3.38,      33.80,    118.32,          3.55
        7,          4,    5,          5.63,          3.50,       3.59,      35.92,    125.73,          3.63
        7,          4,    6,          5.92,          3.50,       3.77,      37.67,    131.86,          3.66
        7,          4,    7,          6.11,          3.50,       3.92,      39.16,    137.07,          3.64
        8,          1,    1,         -0.89,          3.50,       1.81,      18.10,     63.41,          2.13
        8,          1,    2,          2.52,          3.50,       2.30,      23.02,     80.61,          3.22
        8,          1,    3,          3.54,          3.50,       2.52,      25.16,     88.10,          3.59
        8,          1,    4,          3.96,          3.50,       2.65,      26.55,     92.97,          3.66
        8,          1,    5,          4.16,          3.50,       2.76,      27.63,     96.73,          3.64
        8,          1,    6,          4.34,          3.50,       2.87,      28.67,    100.36,          3.61
        8,          1,    7,          4.50,          3.50,       2.97,      29.65,    103.79,          3.58
        8,          2,    1,         -0.02,          3.50,       1.94,      19.41,     68.01,          2.32
        8,          2,    2,          3.11,          3.50,       2.44,      24.39,     85.40,          3.39
        8,          2,    3,          4.11,          3.50,       2.68,      26.77,     93.73,          3.75
        8,          2,    4,          4.56,          3.50,       2.84,      28.37,     99.33,          3.85
        8,          2,    5,          4.86,          3.50,       2.99,      29.89,    104.65,          3.85
        8,          2,    6,          5.07,          3.50,       3.11,      31.14,    109.03,          3.83
        8,          2,    7,          5.29,          3.50,       3.24,      32.42,    113.50,          3.82
        8,          3,    1,          0.65,          3.50,       2.08,      20.81,     72.86,          2.43
        8,          3,    2,          3.77,          3.50,       2.64,      26.41,     92.47,          3.53
        8,          3,    3,          4.86,          3.50,       2.95,      29.50,    103.25,          3.91
        8,          3,    4,          5.40,          3.50,       3.17,      31.69,    110.95,          4.03
        8,          3,    5,          5.77,          3.50,       3.38,      33.77,    118.20,          4.05
        8,          3,    6,          6.10,          3.50,       3.54,      35.41,    123.94,          4.11
        8,          3,    7,          6.35,          3.50,       3.70,      37.03,    129.62,          4.12
        8,          4,    1,          1.28,          3.50,       2.23,      22.32,     78.19,          2.52
        8,          4,    2,          4.43,          3.50,       2.89,      28.90,    101.17,          3.64
        8,          4,    3,          5.55,          3.50,       3.27,      32.74,    114.62,          4.00
        8,          4,    4,          6.20,          3.50,       3.56,      35.54,    124.41,          4.19
        8,          4,    5,          6.59,          3.50,       3.79,      37.86,    132.51,          4.24
        8,          4,    6,          6.91,          3.50,       3.98,      39.74,    139.09,          4.30
        8,          4,    7,          7.11,          3.50,       4.13,      41.28,    144.49,          4.30
        9,          1,    1,          0.15,          3.50,       1.86,      18.62,     65.25,          2.59
        9,          1,    2,          3.59,          3.50,       2.40,      23.98,     83.98,          3.89
        9,          1,    3,          4.60,          3.50,       2.64,      26.43,     92.54,          4.28
        9,          1,    4,          5.04,          3.50,       2.78,      27.80,     97.33,          4.42
        9,          1,    5,          5.22,          3.50,       2.90,      28.95,    101.34,          4.37
        9,          1,    6,          5.44,          3.50,       3.00,      29.97,    104.94,          4.39
        9,          1,    7,          5.55,          3.50,       3.10,      30.95,    108.34,          4.32
        9,          2,    1,          1.01,          3.50,       2.01,      20.06,     70.26,          2.79
        9,          2,    2,          4.16,          3.50,       2.56,      25.58,     89.57,          4.04
        9,          2,    3,          5.16,          3.50,       2.81,      28.13,     98.49,          4.47
        9,          2,    4,          5.63,          3.50,       2.98,      29.79,    104.27,          4.62
        9,          2,    5,          5.94,          3.50,       3.14,      31.37,    109.81,          4.64
        9,          2,    6,          6.14,          3.50,       3.27,      32.65,    114.30,          4.60
        9,          2,    7,          6.29,          3.50,       3.40,      33.97,    118.90,          4.54
        9,          3,    1,          1.73,          3.50,       2.16,      21.59,     75.60,          2.95
        9,          3,    2,          4.82,          3.50,       2.77,      27.72,     97.03,          4.21
        9,          3,    3,          5.60,          3.50,       3.10,      30.97,    108.42,          4.36
        9,          3,    4,          6.45,          3.50,       3.33,      33.34,    116.71,          4.82
        9,          3,    5,          6.63,          3.50,       3.55,      35.53,    124.36,          4.64
        9,          3,    6,          7.12,          3.50,       3.73,      37.30,    130.57,          4.88
        9,          3,    7,          7.18,          3.50,       3.90,      39.03,    136.59,          4.69
        9,          4,    1,          2.32,          3.50,       2.32,      23.24,     81.39,          3.02
        9,          4,    2,          5.45,          3.50,       3.04,      30.34,    106.22,          4.32
        9,          4,    3,          6.59,          3.50,       3.45,      34.52,    120.85,          4.76
        9,          4,    4,          7.20,          3.50,       3.76,      37.54,    131.39,          4.93
        9,          4,    5,          7.45,          3.50,       4.01,      40.12,    140.41,          4.81
        9,          4,    6,          7.62,          3.50,       4.21,      42.10,    147.34,          4.72
        9,          4,    7,          8.14,          3.50,       4.38,      43.76,    153.15,          5.09
       10,          1,    1,          1.06,          3.50,       1.91,      19.09,     66.86,          3.06
       10,          1,    2,          4.44,          3.50,       2.50,      25.02,     87.62,          4.46
       10,          1,    3,          5.55,          3.50,       2.76,      27.55,     96.45,          5.04
       10,          1,    4,          5.92,          3.50,       2.91,      29.08,    101.80,          5.10
       10,          1,    5,          6.22,          3.50,       3.03,      30.26,    105.95,          5.19
       10,          1,    6,          6.39,          3.50,       3.13,      31.29,    109.55,          5.16
       10,          1,    7,          6.51,          3.50,       3.24,      32.39,    113.38,          5.08
       10,          2,    1,          1.92,          3.50,       2.06,      20.61,     72.19,          3.30
       10,          2,    2,          5.13,          3.50,       2.67,      26.70,     93.48,          4.77
       10,          2,    3,          6.10,          3.50,       2.95,      29.45,    103.09,          5.23
       10,          2,    4,          6.57,          3.50,       3.11,      31.16,    109.10,          5.40
       10,          2,    5,          6.88,          3.50,       3.29,      32.85,    114.97,          5.42
       10,          2,    6,          7.07,          3.50,       3.42,      34.17,    119.62,          5.39
       10,          2,    7,          7.26,          3.50,       3.56,      35.56,    124.47,          5.36
       10,          3,    1,          2.60,          3.50,       2.23,      22.25,     77.91,          3.44
       10,          3,    2,          5.77,          3.50,       2.90,      28.98,    101.48,          4.94
       10,          3,    3,          6.78,          3.50,       3.25,      32.52,    113.83,          5.37
       10,          3,    4,          7.34,          3.50,       3.50,      34.98,    122.42,          5.57
       10,          3,    5,          7.78,          3.50,       3.73,      37.30,    130.56,          5.69
       10,          3,    6,          7.99,          3.50,       3.92,      39.17,    137.10,          5.62
       10,          3,    7,          8.23,          3.50,       4.10,      40.96,    143.37,          5.63
       10,          4,    1,          2.81,          3.50,       2.40,      23.97,     83.93,          3.24
       10,          4,    2,          6.36,          3.50,       3.18,      31.79,    111.30,          5.01
       10,          4,    3,          7.51,          3.50,       3.63,      36.31,    127.10,          5.53
       10,          4,    4,          8.10,          3.50,       3.96,      39.55,    138.43,          5.69
       10,          4,    5,          8.52,          3.50,       4.23,      42.30,    148.07,          5.77
       10,          4,    6,          8.83,          3.50,       4.44,      44.38,    155.32,          5.87
       10,          4,    7,          9.05,          3.50,       4.62,      46.21,    161.74,          5.88
       11,          1,    1,          1.83,          3.50,       1.96,      19.54,     68.46,          3.53
       11,          1,    2,          5.40,          3.50,       2.61,      26.04,     91.18,          5.26
       11,          1,    3,          6.43,          3.50,       2.89,      28.91,    101.23,          5.79
       11,          1,    4,          6.88,          3.50,       3.05,      30.50,    106.76,          5.99
       11,          1,    5,          7.11,          3.50,       3.18,      31.79,    111.30,          5.97
       11,          1,    6,          7.13,          3.50,       3.28,      32.84,    114.96,          5.75
       11,          1,    7,          7.40,          3.50,       3.39,      33.87,    118.56,          5.89
       11,          2,    1,          2.74,          3.50,       2.12,      21.17,     74.13,          3.83
       11,          2,    2,          5.99,          3.50,       2.79,      27.86,     97.56,          5.49
       11,          2,    3,          7.00,          3.50,       3.09,      30.86,    108.03,          6.05
       11,          2,    4,          7.46,          3.50,       3.28,      32.74,    114.63,          6.23
       11,          2,    5,          7.78,          3.50,       3.44,      34.43,    120.53,          6.29
       11,          2,    6,          7.96,          3.50,       3.59,      35.85,    125.50,          6.23
       11,          2,    7,          8.14,          3.50,       3.73,      37.28,    130.48,          6.19
       11,          3,    1,          3.41,          3.50,       2.29,      22.90,     80.21,          3.99
       11,          3,    2,          6.67,          3.50,       3.03,      30.32,    106.13,          5.73
       11,          3,    3,          7.68,          3.50,       3.41,      34.12,    119.44,          6.22
       11,          3,    4,          8.28,          3.50,       3.68,      36.77,    128.72,          6.50
       11,          3,    5,          8.67,          3.50,       3.93,      39.26,    137.42,          6.55
       11,          3,    6,          8.92,          3.50,       4.12,      41.22,    144.27,          6.55
       11,          3,    7,          9.20,          3.50,       4.31,      43.14,    151.01,          6.61
       11,          4,    1,          3.98,          3.50,       2.48,      24.75,     86.67,          4.06
       11,          4,    2,          7.21,          3.50,       3.33,      33.33,    116.67,          5.74
       11,          4,    3,          8.39,          3.50,       3.82,      38.23,    133.82,          6.35
       11,          4,    4,          9.03,          3.50,       4.18,      41.75,    146.13,          6.61
       11,          4,    5,          9.44,          3.50,       4.47,      44.64,    156.25,          6.69
       11,          4,    6,          9.72,          3.50,       4.69,      46.94,    164.30,          6.74
       11,          4,    7,          9.96,          3.50,       4.89,      48.88,    171.08,          6.78
       12,          1,    1,          2.59,          3.50,       2.00,      19.99,     70.03,          4.06
       12,          1,    2,          6.25,          3.50,       2.72,      27.20,     95.23,          6.02
       12,          1,    3,          7.36,          3.50,       3.04,      30.40,    106.42,          6.72
       12,          1,    4,          7.70,          3.50,       3.22,      32.19,    112.66,          6.74
       12,          1,    5,          8.06,          3.50,       3.35,      33.47,    117.14,          6.97
       12,          1,    6,          8.22,          3.50,       3.45,      34.51,    120.80,          6.96
       12,          1,    7,          8.33,          3.50,       3.56,      35.64,    124.73,          6.84
       12,          2,    1,          3.47,          3.50,       2.17,      21.71,     76.04,          4.37
       12,          2,    2,          6.56,          3.50,       2.92,      29.23,    102.35,          5.87
       12,          2,    3,          7.69,          3.50,       3.26,      32.57,    114.00,          6.62
       12,          2,    4,          8.40,          3.50,       3.45,      34.50,    120.78,          7.23
       12,          2,    5,          8.74,          3.50,       3.64,      36.41,    127.44,          7.32
       12,          2,    6,          8.92,          3.50,       3.79,      37.87,    132.53,          7.26
       12,          2,    7,          8.87,          3.50,       3.94,      39.39,    137.86,          6.85
       12,          3,    1,          4.24,          3.50,       2.36,      23.56,     82.49,          4.64
       12,          3,    2,          7.56,          3.50,       3.19,      31.88,    111.59,          6.60
       12,          3,    3,          8.67,          3.50,       3.60,      36.04,    126.15,          7.30
       12,          3,    4,          9.20,          3.50,       3.89,      38.88,    136.10,          7.50
       12,          3,    5,          9.45,          3.50,       4.16,      41.60,    145.60,          7.32
       12,          3,    6,          9.89,          3.50,       4.37,      43.67,    152.85,          7.63
       12,          3,    7,         10.11,          3.50,       4.57,      45.72,    160.01,          7.61
       12,          4,    1,          4.65,          3.50,       2.55,      25.51,     89.31,          4.54
       12,          4,    2,          8.11,          3.50,       3.50,      35.02,    122.56,          6.64
       12,          4,    3,          9.34,          3.50,       4.04,      40.39,    141.38,          7.38
       12,          4,    4,          9.96,          3.50,       4.42,      44.18,    154.64,          7.65
       12,          4,    5,         10.38,          3.50,       4.74,      47.42,    165.97,          7.76
       12,          4,    6,         10.70,          3.50,       4.99,      49.88,    174.58,          7.86
       12,          4,    7,         10.90,          3.50,       5.20,      52.03,    182.10,          7.84
       13,          1,    1,          3.38,          3.50,       2.04,      20.39,     71.41,          4.73
       13,          1,    2,          6.91,          3.50,       2.86,      28.56,     99.98,          6.58
       13,          1,    3,          8.37,          3.50,       3.23,      32.27,    112.97,          7.84
       13,          1,    4,          8.85,          3.50,       3.42,      34.16,    119.56,          8.15
       13,          1,    5,          9.10,          3.50,       3.56,      35.57,    124.49,          8.20
       13,          1,    6,          9.26,          3.50,       3.67,      36.72,    128.53,          8.17
       13,          1,    7,          9.36,          3.50,       3.78,      37.81,    132.36,          8.07
       13,          2,    1,          4.26,          3.50,       2.23,      22.27,     77.99,          5.05
       13,          2,    2,          7.85,          3.50,       3.08,      30.79,    107.81,          7.39
       13,          2,    3,          8.97,          3.50,       3.46,      34.55,    120.93,          8.24
       13,          2,    4,          9.45,          3.50,       3.68,      36.80,    128.80,          8.51
       13,          2,    5,          9.75,          3.50,       3.88,      38.75,    135.63,          8.55
       13,          2,    6,          9.94,          3.50,       4.03,      40.34,    141.21,          8.51
       13,          2,    7,          9.92,          3.50,       4.20,      41.95,    146.84,          8.07
       13,          3,    1,          4.97,          3.50,       2.42,      24.23,     84.85,          5.27
       13,          3,    2,          8.48,          3.50,       3.37,      33.65,    117.79,          7.61
       13,          3,    3,          9.47,          3.50,       3.84,      38.37,    134.32,          8.12
       13,          3,    4,         10.24,          3.50,       4.14,      41.45,    145.10,          8.81
       13,          3,    5,         10.64,          3.50,       4.43,      44.33,    155.15,          8.92
       13,          3,    6,         10.88,          3.50,       4.66,      46.63,    163.20,          8.88
       13,          3,    7,         11.12,          3.50,       4.88,      48.78,    170.74,          8.90
       13,          4,    1,          5.54,          3.50,       2.63,      26.29,     92.05,          5.35
       13,          4,    2,          9.07,          3.50,       3.70,      37.02,    129.58,          7.74
       13,          4,    3,         10.32,          3.50,       4.30,      43.03,    150.62,          8.58
       13,          4,    4,         10.93,          3.50,       4.72,      47.14,    164.99,          8.87
       13,          4,    5,         11.39,          3.50,       5.07,      50.71,    177.47,          9.03
       13,          4,    6,         11.73,          3.50,       5.35,      53.51,    187.27,          9.20
       13,          4,    7,         11.94,          3.50,       5.59,      55.87,    195.53,          9.19
       14,          1,    1,          3.75,          3.50,       2.07,      20.75,     72.67,          5.01
       14,          1,    2,          7.91,          3.50,       2.98,      29.81,    104.35,          7.82
       14,          1,    3,          9.22,          3.50,       3.40,      34.02,    119.10,          8.91
       14,          1,    4,          9.75,          3.50,       3.62,      36.19,    126.70,          9.31
       14,          1,    5,         10.00,          3.50,       3.77,      37.66,    131.83,          9.40
       14,          1,    6,         10.13,          3.50,       3.89,      38.89,    136.11,          9.31
       14,          1,    7,         10.30,          3.50,       4.01,      40.06,    140.21,          9.34
       14,          2,    1,          4.82,          3.50,       2.28,      22.73,     79.60,          5.60
       14,          2,    2,          8.60,          3.50,       3.23,      32.27,    112.97,          8.28
       14,          2,    3,          9.82,          3.50,       3.66,      36.58,    128.05,          9.35
       14,          2,    4,         10.31,          3.50,       3.90,      38.96,    136.35,          9.68
       14,          2,    5,         10.64,          3.50,       4.11,      41.06,    143.70,          9.81
       14,          2,    6,         10.87,          3.50,       4.27,      42.71,    149.49,          9.85
       14,          2,    7,         11.04,          3.50,       4.44,      44.37,    155.28,          9.79
       14,          3,    1,          5.52,          3.50,       2.48,      24.83,     86.94,          5.79
       14,          3,    2,          9.22,          3.50,       3.53,      35.35,    123.73,          8.49
       14,          3,    3,         10.45,          3.50,       4.06,      40.59,    142.06,          9.50
       14,          3,    4,         11.08,          3.50,       4.39,      43.92,    153.71,          9.98
       14,          3,    5,         11.48,          3.50,       4.70,      47.05,    164.66,         10.09
       14,          3,    6,         11.77,          3.50,       4.95,      49.52,    173.31,         10.17
       14,          3,    7,         12.02,          3.50,       5.19,      51.91,    181.69,         10.19
       14,          4,    1,          6.12,          3.50,       2.69,      26.92,     94.28,          5.92
       14,          4,    2,          9.84,          3.50,       3.89,      38.94,    136.28,          8.67
       14,          4,    3,         11.13,          3.50,       4.56,      45.56,    159.45,          9.67
       14,          4,    4,         11.62,          3.50,       5.00,      50.04,    175.14,          9.69
       14,          4,    5,         12.07,          3.50,       5.40,      54.01,    189.02,          9.82
       14,          4,    6,         12.63,          3.50,       5.70,      56.99,    199.43,         10.53
       14,          4,    7,         12.88,          3.50,       5.96,      59.62,    208.63,         10.57
       15,          1,    1,          4.30,          3.50,       2.11,      21.10,     73.88,          5.57
       15,          1,    2,          8.57,          3.50,       3.09,      30.88,    108.11,          8.71
       15,          1,    3,         10.03,          3.50,       3.59,      35.86,    125.52,         10.06
       15,          1,    4,         10.59,          3.50,       3.84,      38.35,    134.25,         10.53
       15,          1,    5,         10.89,          3.50,       4.00,      40.00,    140.00,         10.72
       15,          1,    6,         11.02,          3.50,       4.12,      41.18,    144.15,         10.66
       15,          1,    7,         11.14,          3.50,       4.24,      42.39,    148.37,         10.59
       15,          2,    1,          5.05,          3.50,       2.31,      23.14,     81.02,          5.76
       15,          2,    2,          9.29,          3.50,       3.37,      33.68,    117.89,          9.18
       15,          2,    3,         10.41,          3.50,       3.87,      38.66,    135.32,          9.99
       15,          2,    4,         11.10,          3.50,       4.13,      41.28,    144.49,         10.82
       15,          2,    5,         11.21,          3.50,       4.36,      43.52,    152.32,         10.42
       15,          2,    6,         11.62,          3.50,       4.53,      45.31,    158.58,         10.91
       15,          2,    7,         11.89,          3.50,       4.70,      47.04,    164.65,         11.08
       15,          3,    1,          5.99,          3.50,       2.53,      25.32,     88.65,          6.27
       15,          3,    2,          9.94,          3.50,       3.70,      36.98,    129.45,          9.46
       15,          3,    3,         11.16,          3.50,       4.29,      42.90,    150.15,         10.45
       15,          3,    4,         11.91,          3.50,       4.65,      46.53,    162.85,         11.29
       15,          3,    5,         12.37,          3.50,       4.99,      49.89,    174.62,         11.57
       15,          3,    6,         12.67,          3.50,       5.26,      52.56,    183.95,         11.67
       15,          3,    7,         12.63,          3.50,       5.52,      55.17,    193.09,         10.91
       15,          4,    1,          6.61,          3.50,       2.74,      27.43,     96.03,          6.47
       15,          4,    2,         10.53,          3.50,       4.07,      40.71,    142.48,          9.65
       15,          4,    3,         11.97,          3.50,       4.80,      48.05,    168.17,         11.01
       15,          4,    4,         12.63,          3.50,       5.30,      53.02,    185.57,         11.42
       15,          4,    5,         13.16,          3.50,       5.74,      57.38,    200.82,         11.81
       15,          4,    6,         13.47,          3.50,       6.06,      60.63,    212.14,         11.90
       15,          4,    7,         13.80,          3.50,       6.35,      63.46,    222.06,         12.19
       16,          1,    1,          4.33,          3.50,       2.14,      21.42,     75.04,          5.47
       16,          1,    2,          9.17,          3.50,       3.20,      32.03,    112.11,          9.54
       16,          1,    3,         10.83,          3.50,       3.79,      37.90,    132.65,         11.31
       16,          1,    4,         11.42,          3.50,       4.08,      40.78,    142.76,         11.84
       16,          1,    5,         11.75,          3.50,       4.26,      42.59,    149.06,         12.11
       16,          1,    6,         11.94,          3.50,       4.39,      43.89,    153.61,         12.22
       16,          1,    7,         12.06,          3.50,       4.52,      45.15,    158.04,         12.15
       16,          2,    1,          5.55,          3.50,       2.35,      23.50,     82.32,          6.32
       16,          2,    2,          9.90,          3.50,       3.51,      35.14,    123.00,         10.03
       16,          2,    3,         11.10,          3.50,       4.10,      41.01,    143.54,         10.93
       16,          2,    4,         11.99,          3.50,       4.40,      43.97,    153.91,         12.34
       16,          2,    5,         12.03,          3.50,       4.64,      46.38,    162.33,         11.68
       16,          2,    6,         12.57,          3.50,       4.82,      48.13,    168.45,         12.65
       16,          2,    7,         12.76,          3.50,       5.00,      50.02,    175.08,         12.62
       16,          3,    1,          6.29,          3.50,       2.57,      25.74,     90.12,          6.58
       16,          3,    2,         10.62,          3.50,       3.87,      38.73,    135.58,         10.46
       16,          3,    3,         12.10,          3.50,       4.55,      45.51,    159.29,         12.11
       16,          3,    4,         12.78,          3.50,       4.95,      49.48,    173.16,         12.86
       16,          3,    5,         13.28,          3.50,       5.31,      53.09,    185.78,         13.29
       16,          3,    6,         13.66,          3.50,       5.59,      55.94,    195.77,         13.65
       16,          3,    7,         13.95,          3.50,       5.87,      58.72,    205.48,         13.80
       16,          4,    1,          6.68,          3.50,       2.80,      27.96,     97.92,          6.42
       16,          4,    2,         11.08,          3.50,       4.27,      42.68,    149.40,         10.35
       16,          4,    3,         12.74,          3.50,       5.09,      50.93,    178.24,         12.29
       16,          4,    4,         13.28,          3.50,       5.63,      56.33,    197.13,         12.39
       16,          4,    5,         14.20,          3.50,       6.09,      60.95,    213.27,         13.99
       16,          4,    6,         14.62,          3.50,       6.43,      64.34,    225.09,         14.52
       16,          4,    7,         14.98,          3.50,       6.72,      67.19,    235.02,         15.03
       17,          1,    1,          4.80,          3.50,       2.16,      21.65,     75.82,          6.01
       17,          1,    2,          9.65,          3.50,       3.29,      32.93,    115.28,         10.29
       17,          1,    3,         11.53,          3.50,       3.99,      39.90,    139.66,         12.47
       17,          1,    4,         12.23,          3.50,       4.32,      43.19,    151.18,         13.30
       17,          1,    5,         12.60,          3.50,       4.51,      45.07,    157.73,         13.78
       17,          1,    6,         12.75,          3.50,       4.64,      46.36,    162.24,         13.79
       17,          1,    7,         12.92,          3.50,       4.75,      47.51,    166.30,         13.92
       17,          2,    1,          5.73,          3.50,       2.38,      23.82,     83.40,          6.47
       17,          2,    2,         10.44,          3.50,       3.64,      36.39,    127.39,         10.87
       17,          2,    3,         12.15,          3.50,       4.33,      43.30,    151.55,         13.03
       17,          2,    4,         12.81,          3.50,       4.65,      46.52,    162.81,         13.93
       17,          2,    5,         13.26,          3.50,       4.89,      48.90,    171.15,         14.54
       17,          2,    6,         13.54,          3.50,       5.08,      50.78,    177.72,         14.86
       17,          2,    7,         13.80,          3.50,       5.28,      52.78,    184.70,         15.06
       17,          3,    1,          6.54,          3.50,       2.61,      26.11,     91.42,          6.84
       17,          3,    2,         11.21,          3.50,       4.03,      40.25,    140.87,         11.45
       17,          3,    3,         12.94,          3.50,       4.79,      47.93,    167.76,         13.83
       17,          3,    4,         13.44,          3.50,       5.23,      52.31,    183.08,         14.00
       17,          3,    5,         14.32,          3.50,       5.62,      56.19,    196.67,         15.80
       17,          3,    6,         14.66,          3.50,       5.93,      59.33,    207.61,         16.08
       17,          3,    7,         15.07,          3.50,       6.24,      62.40,    218.32,         16.65
       17,          4,    1,          6.77,          3.50,       2.84,      28.38,     99.37,          6.44
       17,          4,    2,         11.79,          3.50,       4.43,      44.34,    155.18,         11.66
       17,          4,    3,         13.72,          3.50,       5.36,      53.58,    187.51,         14.54
       17,          4,    4,         14.68,          3.50,       5.92,      59.21,    207.21,         16.17
       17,          4,    5,         15.33,          3.50,       6.39,      63.90,    223.58,         17.22
       17,          4,    6,         15.72,          3.50,       6.74,      67.39,    235.70,         17.76
       17,          4,    7,         16.03,          3.50,       7.03,      70.23,    245.63,         18.20
       18,          1,    1,          4.74,          3.50,       2.19,      21.93,     76.78,          5.85
       18,          1,    2,         10.09,          3.50,       3.38,      33.82,    118.37,         11.03
       18,          1,    3,         12.19,          3.50,       4.18,      41.83,    146.41,         13.74
       18,          1,    4,         13.26,          3.50,       4.55,      45.52,    159.32,         15.89
       18,          1,    5,         13.63,          3.50,       4.75,      47.51,    166.27,         16.42
       18,          1,    6,         13.85,          3.50,       4.89,      48.92,    171.22,         16.69
       18,          1,    7,         13.79,          3.50,       5.02,      50.17,    175.60,         15.97
       18,          2,    1,          5.93,          3.50,       2.42,      24.15,     84.56,          6.66
       18,          2,    2,         11.06,          3.50,       3.76,      37.54,    131.41,         12.08
       18,          2,    3,         13.15,          3.50,       4.57,      45.67,    159.86,         15.39
       18,          2,    4,         13.95,          3.50,       4.94,      49.40,    172.91,         16.88
       18,          2,    5,         14.40,          3.50,       5.23,      52.32,    183.11,         17.51
       18,          2,    6,         14.71,          3.50,       5.46,      54.55,    190.93,         17.92
       18,          2,    7,         14.98,          3.50,       5.70,      56.93,    199.24,         18.14
       18,          3,    1,          6.46,          3.50,       2.65,      26.51,     92.82,          6.60
       18,          3,    2,         11.95,          3.50,       4.17,      41.72,    146.03,         13.04
       18,          3,    3,         14.04,          3.50,       5.08,      50.77,    177.70,         16.68
       18,          3,    4,         14.95,          3.50,       5.59,      55.84,    195.41,         18.42
       18,          3,    5,         15.52,          3.50,       6.03,      60.30,    211.00,         19.22
       18,          3,    6,         15.93,          3.50,       6.38,      63.81,    223.23,         19.83
       18,          3,    7,         16.31,          3.50,       6.72,      67.14,    234.87,         20.43
       18,          4,    1,          7.27,          3.50,       2.88,      28.77,    100.75,          7.10
       18,          4,    2,         12.75,          3.50,       4.59,      45.85,    160.47,         13.97
       18,          4,    3,         14.88,          3.50,       5.64,      56.39,    197.36,         17.93
       18,          4,    4,         15.87,          3.50,       6.27,      62.72,    219.46,         19.92
       18,          4,    5,         16.50,          3.50,       6.79,      67.93,    237.64,         21.05
       18,          4,    6,         16.88,          3.50,       7.17,      71.68,    250.71,         21.67
       18,          4,    7,         17.18,          3.50,       7.47,      74.66,    261.09,         22.17
       19,          1,    1,          5.05,          3.50,       2.22,      22.15,     77.58,          6.17
       19,          1,    2,         10.66,          3.50,       3.45,      34.53,    120.87,         12.25
       19,          1,    3,         13.22,          3.50,       4.37,      43.67,    152.84,         16.52
       19,          1,    4,         14.25,          3.50,       4.83,      48.32,    169.13,         18.56
       19,          1,    5,         14.74,          3.50,       5.10,      50.99,    178.44,         19.52
       19,          1,    6,         15.00,          3.50,       5.27,      52.72,    184.51,         19.93
       19,          1,    7,         15.18,          3.50,       5.43,      54.26,    189.89,         20.09
       19,          2,    1,          5.94,          3.50,       2.45,      24.48,     85.71,          6.57
       19,          2,    2,         11.58,          3.50,       3.87,      38.67,    135.35,         13.16
       19,          2,    3,         14.14,          3.50,       4.83,      48.33,    169.15,         18.10
       19,          2,    4,         15.05,          3.50,       5.32,      53.15,    186.00,         19.97
       19,          2,    5,         15.58,          3.50,       5.67,      56.69,    198.38,         20.97
       19,          2,    6,         15.92,          3.50,       5.93,      59.31,    207.56,         21.51
       19,          2,    7,         16.21,          3.50,       6.19,      61.92,    216.66,         21.92
       19,          3,    1,          6.97,          3.50,       2.69,      26.84,     93.98,          7.31
       19,          3,    2,         12.42,          3.50,       4.30,      42.96,    150.35,         14.01
       19,          3,    3,         15.08,          3.50,       5.39,      53.86,    188.52,         19.79
       19,          3,    4,         16.00,          3.50,       5.98,      59.84,    209.40,         21.69
       19,          3,    5,         16.64,          3.50,       6.48,      64.83,    226.83,         22.92
       19,          3,    6,         17.05,          3.50,       6.87,      68.75,    240.49,         23.60
       19,          3,    7,         17.40,          3.50,       7.23,      72.30,    252.83,         24.19
       19,          4,    1,          7.67,          3.50,       2.92,      29.15,    102.05,          7.67
       19,          4,    2,         13.56,          3.50,       4.72,      47.14,    165.01,         16.31
       19,          4,    3,         15.91,          3.50,       5.96,      59.59,    208.54,         21.36
       19,          4,    4,         16.89,          3.50,       6.69,      66.86,    233.90,         23.47
       19,          4,    5,         17.53,          3.50,       7.27,      72.66,    254.10,         24.81
       19,          4,    6,         17.94,          3.50,       7.68,      76.77,    268.41,         25.63
       19,          4,    7,         18.23,          3.50,       8.01,      80.14,    280.18,         26.16
       20,          1,    1,          5.59,          3.50,       2.24,      22.42,     78.52,          6.92
       20,          1,    2,         11.29,          3.50,       3.53,      35.34,    123.71,         13.79
       20,          1,    3,         14.01,          3.50,       4.56,      45.58,    159.54,         18.88
       20,          1,    4,         15.21,          3.50,       5.13,      51.34,    179.66,         21.61
       20,          1,    5,         15.78,          3.50,       5.46,      54.59,    191.05,         22.96
       20,          1,    6,         16.06,          3.50,       5.66,      56.59,    198.06,         23.50
       20,          1,    7,         16.04,          3.50,       5.84,      58.36,    204.24,         22.58
       20,          2,    1,          6.78,          3.50,       2.48,      24.83,     86.97,          7.83
       20,          2,    2,         12.45,          3.50,       3.97,      39.65,    138.79,         15.60
       20,          2,    3,         15.01,          3.50,       5.10,      50.96,    178.36,         20.84
       20,          2,    4,         16.07,          3.50,       5.70,      57.00,    199.49,         23.35
       20,          2,    5,         16.67,          3.50,       6.10,      61.03,    213.59,         24.78
       20,          2,    6,         17.00,          3.50,       6.39,      63.95,    223.75,         25.33
       20,          2,    7,         17.33,          3.50,       6.68,      66.83,    233.81,         26.02
       20,          3,    1,          7.80,          3.50,       2.72,      27.20,     95.25,          8.71
       20,          3,    2,         13.37,          3.50,       4.41,      44.06,    154.20,         16.95
       20,          3,    3,         16.00,          3.50,       5.70,      56.93,    199.23,         22.97
       20,          3,    4,         17.04,          3.50,       6.41,      64.12,    224.37,         25.49
       20,          3,    5,         17.70,          3.50,       6.96,      69.64,    243.57,         27.05
       20,          3,    6,         18.08,          3.50,       7.38,      73.82,    258.17,         27.67
       20,          3,    7,         18.42,          3.50,       7.77,      77.65,    271.52,         28.33
       20,          4,    1,          8.59,          3.50,       2.95,      29.54,    103.39,          9.35
       20,          4,    2,         14.19,          3.50,       4.84,      48.37,    169.28,         18.32
       20,          4,    3,         16.75,          3.50,       6.28,      62.82,    219.78,         24.42
       20,          4,    4,         17.83,          3.50,       7.13,      71.29,    249.37,         27.16
       20,          4,    5,         18.24,          3.50,       7.78,      77.81,    272.08,         27.12
       20,          4,    6,         18.93,          3.50,       8.25,      82.49,    288.39,         29.80
       20,          4,    7,         19.05,          3.50,       8.62,      86.17,    301.25,         29.18
       21,          1,    1,          6.60,          3.50,       2.27,      22.71,     79.52,          8.61
       21,          1,    2,         11.93,          3.50,       3.59,      35.93,    125.74,         15.71
       21,          1,    3,         14.68,          3.50,       4.70,      47.01,    164.52,         21.30
       21,          1,    4,        -87.89,          3.50,       0.17,       1.70,      5.93,         -0.00
       21,          1,    5,         16.64,          3.50,       5.77,      57.71,    201.97,         26.26
       21,          1,    6,         16.94,          3.50,       5.99,      59.92,    209.67,         27.02
       21,          1,    7,         17.16,          3.50,       6.18,      61.80,    216.26,         27.41
       21,          2,    1,          7.70,          3.50,       2.52,      25.14,     88.03,          9.54
       21,          2,    2,         13.00,          3.50,       4.05,      40.44,    141.54,         17.32
       21,          2,    3,         15.71,          3.50,       5.30,      52.98,    185.40,         23.41
       21,          2,    4,         16.92,          3.50,       6.03,      60.33,    211.11,         26.62
       21,          2,    5,         17.56,          3.50,       6.49,      64.85,    226.87,         28.42
       21,          2,    6,         17.92,          3.50,       6.79,      67.93,    237.63,         29.31
       21,          2,    7,         18.22,          3.50,       7.10,      70.94,    248.15,         29.89
       21,          3,    1,          8.63,          3.50,       2.76,      27.56,     96.51,         10.39
       21,          3,    2,         13.93,          3.50,       4.51,      45.08,    157.77,         18.80
       21,          3,    3,         16.63,          3.50,       5.95,      59.48,    208.15,         25.32
       21,          3,    4,         17.90,          3.50,       6.83,      68.30,    238.90,         29.00
       21,          3,    5,         18.58,          3.50,       7.45,      74.45,    260.34,         30.84
       21,          3,    6,         19.01,          3.50,       7.90,      79.04,    276.35,         31.84
       21,          3,    7,         19.38,          3.50,       8.32,      83.21,    290.91,         32.73
       21,          4,    1,          9.35,          3.50,       3.00,      29.98,    104.99,         10.92
       21,          4,    2,         14.70,          3.50,       4.95,      49.46,    173.10,         20.10
       21,          4,    3,         17.41,          3.50,       6.56,      65.65,    229.69,         27.06
       21,          4,    4,         18.68,          3.50,       7.60,      75.94,    265.53,         30.82
       21,          4,    5,         19.40,          3.50,       8.33,      83.34,    291.38,         32.82
       21,          4,    6,         19.83,          3.50,       8.85,      88.54,    309.56,         33.91
       21,          4,    7,         20.14,          3.50,       9.28,      92.81,    324.47,         34.60
       22,          1,    1,          6.98,          3.50,       2.29,      22.92,     80.27,          9.32
       22,          1,    2,         12.53,          3.50,       3.65,      36.48,    127.70,         17.72
       22,          1,    3,         15.01,          3.50,       4.81,      48.05,    168.17,         22.41
       22,          1,    4,         16.44,          3.50,       5.60,      55.99,    195.96,         26.01
       22,          1,    5,         17.34,          3.50,       6.05,      60.48,    211.66,         29.34
       22,          1,    6,         17.66,          3.50,       6.29,      62.90,    220.09,         30.16
       22,          1,    7,         17.89,          3.50,       6.50,      64.98,    227.35,         30.65
       22,          2,    1,          8.44,          3.50,       2.54,      25.40,     88.94,         11.18
       22,          2,    2,         13.50,          3.50,       4.11,      41.09,    143.82,         19.11
       22,          2,    3,         16.28,          3.50,       5.44,      54.43,    190.49,         25.89
       22,          2,    4,         17.63,          3.50,       6.31,      63.09,    220.75,         29.84
       22,          2,    5,         18.35,          3.50,       6.83,      68.31,    238.95,         32.19
       22,          2,    6,         18.71,          3.50,       7.16,      71.61,    250.46,         33.18
       22,          2,    7,         19.03,          3.50,       7.48,      74.76,    261.42,         34.05
       22,          3,    1,          9.34,          3.50,       2.79,      27.92,     97.78,         12.07
       22,          3,    2,         14.47,          3.50,       4.59,      45.93,    160.75,         20.84
       22,          3,    3,         17.18,          3.50,       6.13,      61.26,    214.36,         27.81
       22,          3,    4,         18.61,          3.50,       7.20,      72.04,    251.95,         32.24
       22,          3,    5,         19.40,          3.50,       7.92,      79.23,    277.04,         34.75
       22,          3,    6,         19.85,          3.50,       8.42,      84.13,    294.14,         36.09
       22,          3,    7,         20.26,          3.50,       8.88,      88.78,    310.38,         37.45
       22,          4,    1,         10.01,          3.50,       3.03,      30.31,    106.11,         12.57
       22,          4,    2,         15.20,          3.50,       5.05,      50.51,    176.78,         22.01
       22,          4,    3,         17.93,          3.50,       6.79,      67.91,    237.55,         29.39
       22,          4,    4,         19.43,          3.50,       8.05,      80.45,    281.27,         34.43
       22,          4,    5,         20.12,          3.50,       8.92,      89.15,    311.66,         36.01
       22,          4,    6,         20.68,          3.50,       9.51,      95.12,    332.52,         38.18
       22,          4,    7,         21.00,          3.50,      10.01,     100.05,    349.76,         38.94

