[Radio] Initializing ... success!
Connected to RF power monitor: Rohde&Schwarz,FPC1500,1328.6660K03/205785,V1.80
Connected to DC power monitor: radiolib-org,DCpowerMon,070dd3d
setCurrentLimit, code 0

Set [dBm],paDutyCycle,hpMax,Measured [dBm],Bus voltage[V],Voltage[mV],Current[mA],Power [mW],Efficiency [%]
       -9,          1,    1,        -17.04,          3.50,       0.95,       9.54,     33.43,          0.23
       -9,          1,    2,        -14.50,          3.50,       1.07,      10.70,     37.49,          0.28
       -9,          1,    3,        -13.59,          3.50,       1.17,      11.66,     40.85,          0.28
       -9,          1,    4,        -13.08,          3.50,       1.24,      12.42,     43.52,          0.27
       -9,          1,    5,        -12.75,          3.50,       1.33,      13.25,     46.44,          0.25
       -9,          1,    6,        -12.48,          3.50,       1.39,      13.94,     48.85,          0.24
       -9,          1,    7,        -12.46,          3.50,       1.47,      14.73,     51.59,          0.21
       -9,          2,    1,        -16.42,          3.50,       0.97,       9.72,     34.05,          0.25
       -9,          2,    2,        -14.02,          3.50,       1.10,      10.96,     38.40,          0.29
       -9,          2,    3,        -13.10,          3.50,       1.19,      11.94,     41.83,          0.29
       -9,          2,    4,        -12.56,          3.50,       1.28,      12.82,     44.92,          0.28
       -9,          2,    5,        -12.44,          3.50,       1.36,      13.67,     47.89,          0.25
       -9,          2,    6,        -11.84,          3.50,       1.45,      14.48,     50.75,          0.25
       -9,          2,    7,        -11.56,          3.50,       1.53,      15.25,     53.42,          0.25
       -9,          3,    1,        -15.88,          3.50,       0.99,       9.93,     34.83,          0.26
       -9,          3,    2,        -13.43,          3.50,       1.13,      11.35,     39.77,          0.30
       -9,          3,    3,        -12.40,          3.50,       1.24,      12.45,     43.64,          0.31
       -9,          3,    4,        -11.76,          3.50,       1.34,      13.44,     47.08,          0.30
       -9,          3,    5,        -11.27,          3.50,       1.44,      14.39,     50.43,          0.29
       -9,          3,    6,        -10.93,          3.50,       1.53,      15.27,     53.50,          0.28
       -9,          3,    7,        -10.63,          3.50,       1.61,      16.10,     56.42,          0.27
       -9,          4,    1,        -15.43,          3.50,       1.02,      10.17,     35.65,          0.26
       -9,          4,    2,        -12.88,          3.50,       1.18,      11.79,     41.32,          0.31
       -9,          4,    3,        -11.79,          3.50,       1.30,      13.05,     45.71,          0.32
       -9,          4,    4,        -11.10,          3.50,       1.41,      14.11,     49.44,          0.31
       -9,          4,    5,        -10.67,          3.50,       1.51,      15.07,     52.80,          0.31
       -9,          4,    6,        -10.35,          3.50,       1.60,      15.96,     55.92,          0.30
       -9,          4,    7,        -10.10,          3.50,       1.68,      16.78,     58.79,          0.29
       -8,          1,    1,        -15.76,          3.50,       0.98,       9.79,     34.30,          0.28
       -8,          1,    2,        -13.23,          3.50,       1.11,      11.10,     38.90,          0.34
       -8,          1,    3,        -12.35,          3.50,       1.20,      12.03,     42.14,          0.34
       -8,          1,    4,        -11.86,          3.50,       1.29,      12.86,     45.07,          0.32
       -8,          1,    5,        -11.55,          3.50,       1.36,      13.63,     47.76,          0.31
       -8,          1,    6,        -11.35,          3.50,       1.44,      14.42,     50.54,          0.29
       -8,          1,    7,        -11.25,          3.50,       1.51,      15.14,     53.05,          0.27
       -8,          2,    1,        -15.15,          3.50,       1.00,      10.01,     35.07,          0.30
       -8,          2,    2,        -12.75,          3.50,       1.14,      11.40,     39.94,          0.35
       -8,          2,    3,        -11.85,          3.50,       1.24,      12.38,     43.38,          0.35
       -8,          2,    4,        -11.33,          3.50,       1.33,      13.25,     46.42,          0.34
       -8,          2,    5,        -10.93,          3.50,       1.41,      14.13,     49.51,          0.33
       -8,          2,    6,        -10.64,          3.50,       1.50,      14.97,     52.45,          0.31
       -8,          2,    7,        -10.37,          3.50,       1.58,      15.77,     55.25,          0.30
       -8,          3,    1,        -14.80,          3.50,       1.03,      10.25,     35.90,          0.30
       -8,          3,    2,        -12.15,          3.50,       1.18,      11.78,     41.27,          0.37
       -8,          3,    3,        -11.14,          3.50,       1.30,      13.00,     45.55,          0.37
       -8,          3,    4,        -10.52,          3.50,       1.40,      13.98,     48.99,          0.37
       -8,          3,    5,        -10.05,          3.50,       1.50,      15.02,     52.62,          0.36
       -8,          3,    6,         -9.70,          3.50,       1.59,      15.90,     55.71,          0.35
       -8,          3,    7,         -9.41,          3.50,       1.67,      16.74,     58.66,          0.34
       -8,          4,    1,        -14.13,          3.50,       1.05,      10.54,     36.94,          0.32
       -8,          4,    2,        -11.60,          3.50,       1.23,      12.32,     43.17,          0.38
       -8,          4,    3,        -10.52,          3.50,       1.37,      13.65,     47.82,          0.38
       -8,          4,    4,         -9.85,          3.50,       1.48,      14.82,     51.93,          0.38
       -8,          4,    5,         -9.42,          3.50,       1.58,      15.81,     55.41,          0.37
       -8,          4,    6,         -9.11,          3.50,       1.67,      16.69,     58.48,          0.36
       -8,          4,    7,         -8.87,          3.50,       1.75,      17.52,     61.37,          0.35
       -7,          1,    1,        -14.69,          3.50,       1.01,      10.05,     35.20,          0.33
       -7,          1,    2,        -12.15,          3.50,       1.15,      11.46,     40.16,          0.40
       -7,          1,    3,        -11.35,          3.50,       1.24,      12.39,     43.41,          0.40
       -7,          1,    4,        -10.82,          3.50,       1.33,      13.23,     46.35,          0.39
       -7,          1,    5,        -10.52,          3.50,       1.40,      14.03,     49.17,          0.37
       -7,          1,    6,        -10.29,          3.50,       1.48,      14.83,     51.95,          0.35
       -7,          1,    7,        -10.07,          3.50,       1.56,      15.57,     54.54,          0.33
       -7,          2,    1,        -14.27,          3.50,       1.03,      10.30,     36.10,          0.33
       -7,          2,    2,        -11.90,          3.50,       1.17,      11.75,     41.16,          0.40
       -7,          2,    3,        -10.77,          3.50,       1.28,      12.79,     44.80,          0.42
       -7,          2,    4,        -10.27,          3.50,       1.37,      13.72,     48.09,          0.40
       -7,          2,    5,         -9.88,          3.50,       1.46,      14.64,     51.29,          0.39
       -7,          2,    6,         -9.60,          3.50,       1.55,      15.46,     54.18,          0.37
       -7,          2,    7,         -9.56,          3.50,       1.63,      16.29,     57.09,          0.34
       -7,          3,    1,        -13.49,          3.50,       1.06,      10.54,     36.94,          0.37
       -7,          3,    2,        -11.06,          3.50,       1.23,      12.22,     42.82,          0.44
       -7,          3,    3,        -10.05,          3.50,       1.35,      13.48,     47.23,          0.44
       -7,          3,    4,         -9.44,          3.50,       1.46,      14.57,     51.05,          0.43
       -7,          3,    5,         -8.99,          3.50,       1.56,      15.59,     54.63,          0.42
       -7,          3,    6,         -8.86,          3.50,       1.65,      16.51,     57.86,          0.39
       -7,          3,    7,         -8.38,          3.50,       1.74,      17.36,     60.82,          0.40
       -7,          4,    1,        -13.02,          3.50,       1.09,      10.94,     38.34,          0.37
       -7,          4,    2,        -10.49,          3.50,       1.29,      12.85,     45.02,          0.44
       -7,          4,    3,         -9.42,          3.50,       1.43,      14.25,     49.95,          0.45
       -7,          4,    4,         -8.77,          3.50,       1.55,      15.46,     54.16,          0.45
       -7,          4,    5,         -8.35,          3.50,       1.65,      16.51,     57.85,          0.44
       -7,          4,    6,         -8.04,          3.50,       1.74,      17.41,     61.00,          0.43
       -7,          4,    7,         -7.82,          3.50,       1.83,      18.32,     64.17,          0.42
       -6,          1,    1,        -13.71,          3.50,       1.03,      10.31,     36.13,          0.38
       -6,          1,    2,        -11.19,          3.50,       1.18,      11.82,     41.43,          0.46
       -6,          1,    3,        -10.34,          3.50,       1.28,      12.79,     44.82,          0.46
       -6,          1,    4,        -10.15,          3.50,       1.37,      13.64,     47.81,          0.42
       -6,          1,    5,         -9.58,          3.50,       1.45,      14.51,     50.83,          0.43
       -6,          1,    6,         -9.36,          3.50,       1.53,      15.23,     53.37,          0.41
       -6,          1,    7,         -9.37,          3.50,       1.60,      16.00,     56.07,          0.37
       -6,          2,    1,        -13.07,          3.50,       1.06,      10.59,     37.11,          0.41
       -6,          2,    2,        -10.68,          3.50,       1.21,      12.15,     42.56,          0.49
       -6,          2,    3,         -9.81,          3.50,       1.32,      13.25,     46.44,          0.49
       -6,          2,    4,         -9.31,          3.50,       1.42,      14.17,     49.66,          0.48
       -6,          2,    5,         -8.94,          3.50,       1.51,      15.14,     53.06,          0.45
       -6,          2,    6,         -8.66,          3.50,       1.60,      15.97,     55.95,          0.44
       -6,          2,    7,         -8.41,          3.50,       1.68,      16.78,     58.78,          0.43
       -6,          3,    1,        -12.51,          3.50,       1.09,      10.93,     38.30,          0.42
       -6,          3,    2,        -10.07,          3.50,       1.27,      12.71,     44.55,          0.50
       -6,          3,    3,         -9.08,          3.50,       1.40,      14.01,     49.10,          0.51
       -6,          3,    4,         -8.48,          3.50,       1.51,      15.14,     53.05,          0.50
       -6,          3,    5,         -8.03,          3.50,       1.62,      16.23,     56.87,          0.49
       -6,          3,    6,         -7.70,          3.50,       1.71,      17.11,     59.96,          0.48
       -6,          3,    7,         -7.44,          3.50,       1.81,      18.06,     63.27,          0.47
       -6,          4,    1,        -12.32,          3.50,       1.14,      11.37,     39.84,          0.39
       -6,          4,    2,         -9.50,          3.50,       1.34,      13.38,     46.88,          0.51
       -6,          4,    3,         -8.44,          3.50,       1.49,      14.90,     52.21,          0.52
       -6,          4,    4,         -8.08,          3.50,       1.61,      16.14,     56.53,          0.49
       -6,          4,    5,         -7.39,          3.50,       1.72,      17.21,     60.28,          0.51
       -6,          4,    6,         -7.08,          3.50,       1.82,      18.19,     63.73,          0.50
       -6,          4,    7,         -7.10,          3.50,       1.91,      19.06,     66.79,          0.46
       -5,          1,    1,        -12.06,          3.50,       1.08,      10.84,     37.98,          0.48
       -5,          1,    2,         -9.53,          3.50,       1.25,      12.52,     43.88,          0.59
       -5,          1,    3,         -8.69,          3.50,       1.36,      13.59,     47.63,          0.60
       -5,          1,    4,         -8.25,          3.50,       1.45,      14.50,     50.80,          0.58
       -5,          1,    5,         -7.97,          3.50,       1.53,      15.34,     53.74,          0.56
       -5,          1,    6,         -7.76,          3.50,       1.61,      16.08,     56.35,          0.54
       -5,          1,    7,         -7.57,          3.50,       1.69,      16.87,     59.12,          0.51
       -5,          2,    1,        -11.46,          3.50,       1.12,      11.25,     39.41,          0.50
       -5,          2,    2,         -9.01,          3.50,       1.30,      12.98,     45.48,          0.61
       -5,          2,    3,         -8.15,          3.50,       1.41,      14.12,     49.48,          0.63
       -5,          2,    4,         -7.84,          3.50,       1.51,      15.11,     52.96,          0.59
       -5,          2,    5,         -7.30,          3.50,       1.61,      16.12,     56.47,          0.59
       -5,          2,    6,         -7.04,          3.50,       1.69,      16.93,     59.32,          0.58
       -5,          2,    7,         -6.80,          3.50,       1.79,      17.87,     62.60,          0.56
       -5,          3,    1,        -11.05,          3.50,       1.16,      11.64,     40.78,          0.49
       -5,          3,    2,         -8.55,          3.50,       1.36,      13.60,     47.66,          0.61
       -5,          3,    3,         -7.62,          3.50,       1.51,      15.06,     52.77,          0.62
       -5,          3,    4,         -6.83,          3.50,       1.63,      16.29,     57.06,          0.65
       -5,          3,    5,         -6.39,          3.50,       1.74,      17.38,     60.88,          0.64
       -5,          3,    6,         -6.08,          3.50,       1.84,      18.39,     64.45,          0.62
       -5,          3,    7,         -5.82,          3.50,       1.94,      19.38,     67.92,          0.61
       -5,          4,    1,        -10.36,          3.50,       1.21,      12.09,     42.37,          0.52
       -5,          4,    2,         -7.90,          3.50,       1.44,      14.45,     50.61,          0.63
       -5,          4,    3,         -6.77,          3.50,       1.61,      16.11,     56.42,          0.67
       -5,          4,    4,         -6.13,          3.50,       1.74,      17.42,     61.03,          0.67
       -5,          4,    5,         -5.73,          3.50,       1.86,      18.61,     65.22,          0.66
       -5,          4,    6,         -5.44,          3.50,       1.97,      19.69,     68.96,          0.65
       -5,          4,    7,         -5.32,          3.50,       2.05,      20.55,     72.01,          0.62
       -4,          1,    1,        -11.35,          3.50,       1.11,      11.14,     39.01,          0.52
       -4,          1,    2,         -8.82,          3.50,       1.29,      12.88,     45.11,          0.65
       -4,          1,    3,         -7.99,          3.50,       1.40,      13.97,     48.95,          0.66
       -4,          1,    4,         -7.55,          3.50,       1.49,      14.87,     52.11,          0.65
       -4,          1,    5,         -7.28,          3.50,       1.57,      15.73,     55.12,          0.62
       -4,          1,    6,         -7.07,          3.50,       1.65,      16.54,     57.96,          0.60
       -4,          1,    7,         -6.88,          3.50,       1.73,      17.29,     60.59,          0.58
       -4,          2,    1,        -10.99,          3.50,       1.15,      11.51,     40.33,          0.52
       -4,          2,    2,         -8.30,          3.50,       1.33,      13.33,     46.71,          0.68
       -4,          2,    3,         -7.44,          3.50,       1.46,      14.57,     51.06,          0.69
       -4,          2,    4,         -7.23,          3.50,       1.56,      15.56,     54.52,          0.64
       -4,          2,    5,         -6.89,          3.50,       1.66,      16.58,     58.11,          0.62
       -4,          2,    6,         -6.34,          3.50,       1.74,      17.44,     61.10,          0.64
       -4,          2,    7,         -6.11,          3.50,       1.84,      18.39,     64.42,          0.62
       -4,          3,    1,        -10.12,          3.50,       1.20,      11.95,     41.86,          0.57
       -4,          3,    2,         -7.68,          3.50,       1.40,      14.05,     49.23,          0.70
       -4,          3,    3,         -6.70,          3.50,       1.56,      15.55,     54.48,          0.72
       -4,          3,    4,         -6.11,          3.50,       1.68,      16.77,     58.76,          0.72
       -4,          3,    5,         -5.68,          3.50,       1.80,      18.00,     63.05,          0.71
       -4,          3,    6,         -5.37,          3.50,       1.90,      19.02,     66.63,          0.70
       -4,          3,    7,         -5.11,          3.50,       2.00,      20.00,     70.06,          0.68
       -4,          4,    1,         -9.64,          3.50,       1.25,      12.49,     43.74,          0.57
       -4,          4,    2,         -7.10,          3.50,       1.50,      14.94,     52.33,          0.71
       -4,          4,    3,         -6.34,          3.50,       1.67,      16.72,     58.58,          0.69
       -4,          4,    4,         -5.41,          3.50,       1.81,      18.12,     63.49,          0.74
       -4,          4,    5,         -5.14,          3.50,       1.93,      19.33,     67.72,          0.71
       -4,          4,    6,         -4.72,          3.50,       2.04,      20.35,     71.30,          0.73
       -4,          4,    7,         -4.51,          3.50,       2.13,      21.35,     74.79,          0.71
       -3,          1,    1,        -10.70,          3.50,       1.14,      11.41,     39.98,          0.57
       -3,          1,    2,         -8.15,          3.50,       1.32,      13.24,     46.38,          0.72
       -3,          1,    3,         -7.32,          3.50,       1.44,      14.37,     50.36,          0.73
       -3,          1,    4,         -6.89,          3.50,       1.53,      15.28,     53.52,          0.72
       -3,          1,    5,         -6.62,          3.50,       1.62,      16.16,     56.61,          0.69
       -3,          1,    6,         -6.42,          3.50,       1.69,      16.96,     59.41,          0.67
       -3,          1,    7,         -6.24,          3.50,       1.78,      17.75,     62.18,          0.64
       -3,          2,    1,        -10.04,          3.50,       1.18,      11.81,     41.39,          0.60
       -3,          2,    2,         -7.64,          3.50,       1.37,      13.75,     48.18,          0.74
       -3,          2,    3,         -6.77,          3.50,       1.50,      15.02,     52.64,          0.76
       -3,          2,    4,         -6.29,          3.50,       1.61,      16.05,     56.23,          0.75
       -3,          2,    5,         -5.94,          3.50,       1.71,      17.05,     59.75,          0.73
       -3,          2,    6,         -5.68,          3.50,       1.80,      18.01,     63.11,          0.71
       -3,          2,    7,         -5.45,          3.50,       1.89,      18.92,     66.28,          0.69
       -3,          3,    1,         -9.46,          3.50,       1.23,      12.29,     43.06,          0.63
       -3,          3,    2,         -7.01,          3.50,       1.45,      14.52,     50.88,          0.77
       -3,          3,    3,         -6.03,          3.50,       1.61,      16.09,     56.35,          0.79
       -3,          3,    4,         -5.45,          3.50,       1.73,      17.35,     60.78,          0.80
       -3,          3,    5,         -5.02,          3.50,       1.86,      18.60,     65.15,          0.78
       -3,          3,    6,         -4.71,          3.50,       1.97,      19.68,     68.93,          0.77
       -3,          3,    7,         -4.45,          3.50,       2.06,      20.64,     72.28,          0.76
       -3,          4,    1,         -8.97,          3.50,       1.29,      12.88,     45.14,          0.63
       -3,          4,    2,         -6.43,          3.50,       1.55,      15.48,     54.24,          0.78
       -3,          4,    3,         -5.38,          3.50,       1.73,      17.27,     60.51,          0.81
       -3,          4,    4,         -4.74,          3.50,       1.88,      18.79,     65.84,          0.82
       -3,          4,    5,         -4.35,          3.50,       2.00,      20.04,     70.23,          0.81
       -3,          4,    6,         -4.06,          3.50,       2.11,      21.10,     73.89,          0.80
       -3,          4,    7,         -3.85,          3.50,       2.21,      22.05,     77.25,          0.79
       -2,          1,    1,         -9.53,          3.50,       1.19,      11.89,     41.64,          0.67
       -2,          1,    2,         -6.97,          3.50,       1.39,      13.93,     48.80,          0.85
       -2,          1,    3,         -6.14,          3.50,       1.52,      15.15,     53.07,          0.87
       -2,          1,    4,         -5.74,          3.50,       1.61,      16.06,     56.26,          0.85
       -2,          1,    5,         -5.45,          3.50,       1.70,      16.96,     59.43,          0.83
       -2,          1,    6,         -5.26,          3.50,       1.78,      17.79,     62.32,          0.80
       -2,          1,    7,         -5.08,          3.50,       1.86,      18.65,     65.32,          0.77
       -2,          2,    1,         -8.87,          3.50,       1.24,      12.38,     43.38,          0.70
       -2,          2,    2,         -6.44,          3.50,       1.45,      14.51,     50.86,          0.88
       -2,          2,    3,         -5.58,          3.50,       1.59,      15.86,     55.55,          0.91
       -2,          2,    4,         -5.11,          3.50,       1.69,      16.93,     59.31,          0.90
       -2,          2,    5,         -4.94,          3.50,       1.81,      18.03,     63.16,          0.84
       -2,          2,    6,         -4.50,          3.50,       1.90,      18.98,     66.49,          0.85
       -2,          2,    7,         -4.28,          3.50,       2.00,      19.96,     69.93,          0.83
       -2,          3,    1,         -8.29,          3.50,       1.30,      12.98,     45.48,          0.72
       -2,          3,    2,         -5.82,          3.50,       1.54,      15.43,     54.04,          0.90
       -2,          3,    3,         -4.88,          3.50,       1.71,      17.06,     59.78,          0.93
       -2,          3,    4,         -4.25,          3.50,       1.85,      18.49,     64.78,          0.94
       -2,          3,    5,         -3.83,          3.50,       1.98,      19.78,     69.30,          0.93
       -2,          3,    6,         -3.52,          3.50,       2.08,      20.82,     72.92,          0.93
       -2,          3,    7,         -3.28,          3.50,       2.19,      21.92,     76.77,          0.91
       -2,          4,    1,         -7.80,          3.50,       1.36,      13.59,     47.63,          0.73
       -2,          4,    2,         -5.24,          3.50,       1.65,      16.50,     57.81,          0.91
       -2,          4,    3,         -4.18,          3.50,       1.85,      18.52,     64.88,          0.95
       -2,          4,    4,         -3.55,          3.50,       2.01,      20.08,     70.36,          0.97
       -2,          4,    5,         -3.15,          3.50,       2.14,      21.42,     75.03,          0.96
       -2,          4,    6,         -2.86,          3.50,       2.25,      22.49,     78.79,          0.96
       -2,          4,    7,         -2.66,          3.50,       2.35,      23.54,     82.46,          0.94
       -1,          1,    1,         -8.57,          3.50,       1.24,      12.37,     43.34,          0.76
       -1,          1,    2,         -5.97,          3.50,       1.46,      14.63,     51.25,          0.97
       -1,          1,    3,         -5.39,          3.50,       1.59,      15.88,     55.65,          0.95
       -1,          1,    4,         -4.71,          3.50,       1.68,      16.84,     59.00,          1.00
       -1,          1,    5,         -4.61,          3.50,       1.78,      17.81,     62.40,          0.93
       -1,          1,    6,         -4.26,          3.50,       1.86,      18.63,     65.27,          0.93
       -1,          1,    7,         -4.09,          3.50,       1.95,      19.47,     68.20,          0.90
       -1,          2,    1,         -7.89,          3.50,       1.30,      12.95,     45.38,          0.80
       -1,          2,    2,         -5.43,          3.50,       1.53,      15.27,     53.50,          1.00
       -1,          2,    3,         -4.57,          3.50,       1.67,      16.71,     58.54,          1.04
       -1,          2,    4,         -4.10,          3.50,       1.79,      17.88,     62.63,          1.03
       -1,          2,    5,         -3.75,          3.50,       1.89,      18.96,     66.41,          1.02
       -1,          2,    6,         -3.51,          3.50,       2.00,      19.95,     69.88,          0.99
       -1,          2,    7,         -3.29,          3.50,       2.09,      20.87,     73.10,          0.97
       -1,          3,    1,         -7.42,          3.50,       1.36,      13.59,     47.61,          0.80
       -1,          3,    2,         -4.83,          3.50,       1.63,      16.29,     57.09,          1.02
       -1,          3,    3,         -3.82,          3.50,       1.81,      18.07,     63.32,          1.08
       -1,          3,    4,         -3.25,          3.50,       1.96,      19.54,     68.45,          1.09
       -1,          3,    5,         -2.83,          3.50,       2.08,      20.83,     72.98,          1.09
       -1,          3,    6,         -2.52,          3.50,       2.20,      22.02,     77.14,          1.07
       -1,          3,    7,         -2.28,          3.50,       2.31,      23.15,     81.08,          1.05
       -1,          4,    1,         -6.95,          3.50,       1.43,      14.29,     50.09,          0.80
       -1,          4,    2,         -4.23,          3.50,       1.75,      17.45,     61.13,          1.04
       -1,          4,    3,         -3.17,          3.50,       1.97,      19.64,     68.80,          1.10
       -1,          4,    4,         -2.54,          3.50,       2.13,      21.34,     74.78,          1.12
       -1,          4,    5,         -2.14,          3.50,       2.27,      22.71,     79.55,          1.12
       -1,          4,    6,         -1.87,          3.50,       2.39,      23.91,     83.75,          1.10
       -1,          4,    7,         -1.65,          3.50,       2.50,      25.03,     87.69,          1.09
        0,          1,    1,         -7.69,          3.50,       1.29,      12.90,     45.21,          0.84
        0,          1,    2,         -5.06,          3.50,       1.53,      15.32,     53.67,          1.09
        0,          1,    3,         -4.21,          3.50,       1.67,      16.64,     58.28,          1.14
        0,          1,    4,         -3.79,          3.50,       1.76,      17.61,     61.71,          1.14
        0,          1,    5,         -3.53,          3.50,       1.86,      18.62,     65.25,          1.10
        0,          1,    6,         -3.34,          3.50,       1.95,      19.50,     68.31,          1.07
        0,          1,    7,         -3.18,          3.50,       2.03,      20.31,     71.16,          1.04
        0,          2,    1,         -7.22,          3.50,       1.35,      13.51,     47.34,          0.85
        0,          2,    2,         -4.51,          3.50,       1.60,      16.03,     56.17,          1.13
        0,          2,    3,         -3.64,          3.50,       1.75,      17.52,     61.39,          1.19
        0,          2,    4,         -3.17,          3.50,       1.88,      18.74,     65.64,          1.18
        0,          2,    5,         -2.83,          3.50,       1.99,      19.91,     69.74,          1.16
        0,          2,    6,         -2.58,          3.50,       2.09,      20.91,     73.25,          1.14
        0,          2,    7,         -2.37,          3.50,       2.19,      21.90,     76.70,          1.12
        0,          3,    1,         -6.41,          3.50,       1.42,      14.20,     49.76,          0.92
        0,          3,    2,         -3.88,          3.50,       1.71,      17.10,     59.91,          1.17
        0,          3,    3,         -2.90,          3.50,       1.91,      19.09,     66.89,          1.22
        0,          3,    4,         -2.32,          3.50,       2.06,      20.59,     72.14,          1.24
        0,          3,    5,         -1.90,          3.50,       2.20,      22.00,     77.09,          1.24
        0,          3,    6,         -1.60,          3.50,       2.32,      23.23,     81.37,          1.23
        0,          3,    7,         -1.36,          3.50,       2.44,      24.39,     85.45,          1.21
        0,          4,    1,         -5.92,          3.50,       1.50,      15.01,     52.60,          0.92
        0,          4,    2,         -3.31,          3.50,       1.85,      18.51,     64.84,          1.16
        0,          4,    3,         -2.24,          3.50,       2.08,      20.78,     72.79,          1.24
        0,          4,    4,         -1.60,          3.50,       2.26,      22.57,     79.07,          1.27
        0,          4,    5,         -1.21,          3.50,       2.41,      24.05,     84.23,          1.27
        0,          4,    6,         -0.92,          3.50,       2.54,      25.37,     88.87,          1.26
        0,          4,    7,         -0.72,          3.50,       2.65,      26.50,     92.80,          1.25
        1,          1,    1,         -7.07,          3.50,       1.34,      13.41,     46.98,          0.89
        1,          1,    2,         -4.28,          3.50,       1.60,      16.00,     56.04,          1.20
        1,          1,    3,         -3.38,          3.50,       1.74,      17.39,     60.92,          1.28
        1,          1,    4,         -3.22,          3.50,       1.85,      18.47,     64.69,          1.20
        1,          1,    5,         -2.98,          3.50,       1.94,      19.42,     68.03,          1.17
        1,          1,    6,         -2.52,          3.50,       2.03,      20.28,     71.03,          1.22
        1,          1,    7,         -2.36,          3.50,       2.12,      21.17,     74.17,          1.18
        1,          2,    1,         -6.21,          3.50,       1.41,      14.03,     49.15,          0.99
        1,          2,    2,         -3.68,          3.50,       1.68,      16.78,     58.78,          1.27
        1,          2,    3,         -2.81,          3.50,       1.84,      18.40,     64.44,          1.33
        1,          2,    4,         -2.34,          3.50,       1.97,      19.66,     68.87,          1.33
        1,          2,    5,         -2.00,          3.50,       2.08,      20.83,     72.97,          1.32
        1,          2,    6,         -1.76,          3.50,       2.19,      21.87,     76.61,          1.29
        1,          2,    7,         -1.54,          3.50,       2.29,      22.91,     80.26,          1.27
        1,          3,    1,         -5.61,          3.50,       1.49,      14.86,     52.06,          1.01
        1,          3,    2,         -3.24,          3.50,       1.80,      17.96,     62.94,          1.25
        1,          3,    3,         -2.23,          3.50,       2.00,      20.06,     70.29,          1.32
        1,          3,    4,         -1.49,          3.50,       2.17,      21.64,     75.82,          1.39
        1,          3,    5,         -1.07,          3.50,       2.32,      23.14,     81.07,          1.39
        1,          3,    6,         -0.77,          3.50,       2.44,      24.42,     85.53,          1.38
        1,          3,    7,         -0.53,          3.50,       2.56,      25.63,     89.75,          1.37
        1,          4,    1,         -5.12,          3.50,       1.57,      15.69,     54.97,          1.03
        1,          4,    2,         -2.48,          3.50,       1.95,      19.44,     68.10,          1.31
        1,          4,    3,         -1.40,          3.50,       2.19,      21.92,     76.78,          1.40
        1,          4,    4,         -0.77,          3.50,       2.38,      23.82,     83.43,          1.43
        1,          4,    5,         -0.37,          3.50,       2.54,      25.45,     89.12,          1.43
        1,          4,    6,         -0.09,          3.50,       2.68,      26.77,     93.74,          1.43
        1,          4,    7,          0.12,          3.50,       2.79,      27.91,     97.73,          1.41
        2,          1,    1,         -5.87,          3.50,       1.41,      14.08,     49.32,          1.06
        2,          1,    2,         -3.13,          3.50,       1.70,      16.96,     59.44,          1.41
        2,          1,    3,         -2.27,          3.50,       1.85,      18.52,     64.88,          1.49
        2,          1,    4,         -1.85,          3.50,       1.96,      19.61,     68.71,          1.49
        2,          1,    5,         -1.60,          3.50,       2.06,      20.56,     72.03,          1.47
        2,          1,    6,         -1.41,          3.50,       2.15,      21.50,     75.29,          1.44
        2,          1,    7,         -1.25,          3.50,       2.24,      22.42,     78.52,          1.40
        2,          2,    1,         -5.17,          3.50,       1.49,      14.88,     52.14,          1.12
        2,          2,    2,         -2.58,          3.50,       1.79,      17.90,     62.70,          1.46
        2,          2,    3,         -1.70,          3.50,       1.97,      19.66,     68.89,          1.54
        2,          2,    4,         -1.23,          3.50,       2.09,      20.89,     73.17,          1.56
        2,          2,    5,         -0.89,          3.50,       2.22,      22.18,     77.68,          1.55
        2,          2,    6,         -0.65,          3.50,       2.33,      23.31,     81.66,          1.52
        2,          2,    7,         -0.44,          3.50,       2.44,      24.33,     85.20,          1.50
        2,          3,    1,         -4.56,          3.50,       1.57,      15.72,     55.09,          1.16
        2,          3,    2,         -1.95,          3.50,       1.93,      19.24,     67.41,          1.50
        2,          3,    3,         -0.95,          3.50,       2.15,      21.46,     75.16,          1.60
        2,          3,    4,         -0.38,          3.50,       2.32,      23.20,     81.26,          1.63
        2,          3,    5,          0.04,          3.50,       2.48,      24.81,     86.90,          1.63
        2,          3,    6,          0.34,          3.50,       2.62,      26.17,     91.65,          1.62
        2,          3,    7,          0.46,          3.50,       2.74,      27.40,     95.96,          1.57
        2,          4,    1,         -4.12,          3.50,       1.67,      16.69,     58.45,          1.15
        2,          4,    2,         -1.37,          3.50,       2.08,      20.82,     72.93,          1.52
        2,          4,    3,         -0.35,          3.50,       2.36,      23.58,     82.60,          1.60
        2,          4,    4,          0.34,          3.50,       2.56,      25.65,     89.83,          1.67
        2,          4,    5,          0.74,          3.50,       2.73,      27.33,     95.74,          1.67
        2,          4,    6,          0.81,          3.50,       2.88,      28.78,    100.80,          1.59
        2,          4,    7,          0.96,          3.50,       3.00,      29.97,    104.96,          1.56
        3,          1,    1,         -5.49,          3.50,       1.46,      14.56,     51.02,          1.09
        3,          1,    2,         -2.48,          3.50,       1.76,      17.61,     61.68,          1.54
        3,          1,    3,         -1.60,          3.50,       1.92,      19.25,     67.45,          1.63
        3,          1,    4,         -1.18,          3.50,       2.04,      20.36,     71.32,          1.65
        3,          1,    5,         -0.93,          3.50,       2.14,      21.41,     75.00,          1.62
        3,          1,    6,         -0.75,          3.50,       2.23,      22.31,     78.12,          1.59
        3,          1,    7,         -0.59,          3.50,       2.33,      23.25,     81.43,          1.55
        3,          2,    1,         -4.55,          3.50,       1.54,      15.40,     53.98,          1.21
        3,          2,    2,         -1.92,          3.50,       1.86,      18.63,     65.26,          1.59
        3,          2,    3,         -1.03,          3.50,       2.04,      20.44,     71.61,          1.69
        3,          2,    4,         -0.56,          3.50,       2.18,      21.78,     76.28,          1.71
        3,          2,    5,         -0.51,          3.50,       2.31,      23.10,     80.92,          1.59
        3,          2,    6,         -0.21,          3.50,       2.42,      24.19,     84.74,          1.59
        3,          2,    7,          0.22,          3.50,       2.54,      25.34,     88.77,          1.65
        3,          3,    1,         -3.94,          3.50,       1.63,      16.33,     57.23,          1.26
        3,          3,    2,         -1.29,          3.50,       2.01,      20.05,     70.25,          1.64
        3,          3,    3,         -0.51,          3.50,       2.24,      22.36,     78.32,          1.67
        3,          3,    4,          0.04,          3.50,       2.42,      24.18,     84.69,          1.69
        3,          3,    5,          0.70,          3.50,       2.58,      25.86,     90.58,          1.79
        3,          3,    6,          1.00,          3.50,       2.73,      27.26,     95.48,          1.79
        3,          3,    7,          1.24,          3.50,       2.86,      28.58,    100.08,          1.77
        3,          4,    1,         -3.44,          3.50,       1.73,      17.32,     60.71,          1.26
        3,          4,    2,         -0.71,          3.50,       2.18,      21.78,     76.28,          1.65
        3,          4,    3,          0.38,          3.50,       2.47,      24.69,     86.49,          1.77
        3,          4,    4,          1.02,          3.50,       2.69,      26.86,     94.07,          1.83
        3,          4,    5,          1.37,          3.50,       2.86,      28.59,    100.11,          1.82
        3,          4,    6,          1.72,          3.50,       3.00,      30.03,    105.15,          1.85
        3,          4,    7,          1.92,          3.50,       3.13,      31.32,    109.65,          1.84
        4,          1,    1,         -4.21,          3.50,       1.54,      15.42,     54.03,          1.31
        4,          1,    2,         -1.32,          3.50,       1.89,      18.93,     66.33,          1.79
        4,          1,    3,         -0.42,          3.50,       2.06,      20.65,     72.35,          1.92
        4,          1,    4,         -0.20,          3.50,       2.19,      21.86,     76.57,          1.86
        4,          1,    5,          0.18,          3.50,       2.29,      22.92,     80.30,          1.89
        4,          1,    6,          0.43,          3.50,       2.38,      23.82,     83.45,          1.89
        4,          1,    7,          0.58,          3.50,       2.49,      24.85,     87.04,          1.85
        4,          2,    1,         -3.48,          3.50,       1.64,      16.40,     57.45,          1.38
        4,          2,    2,         -1.00,          3.50,       2.00,      20.03,     70.15,          1.76
        4,          2,    3,         -0.13,          3.50,       2.20,      21.97,     76.97,          1.87
        4,          2,    4,          0.62,          3.50,       2.34,      23.39,     81.93,          2.03
        4,          2,    5,          0.95,          3.50,       2.48,      24.77,     86.74,          2.02
        4,          2,    6,          1.14,          3.50,       2.60,      25.95,     90.91,          1.97
        4,          2,    7,          1.39,          3.50,       2.71,      27.10,     94.91,          1.97
        4,          3,    1,         -2.86,          3.50,       1.74,      17.40,     60.98,          1.44
        4,          3,    2,         -0.28,          3.50,       2.16,      21.62,     75.73,          1.85
        4,          3,    3,          0.90,          3.50,       2.41,      24.12,     84.47,          2.07
        4,          3,    4,          1.47,          3.50,       2.61,      26.03,     91.17,          2.12
        4,          3,    5,          1.90,          3.50,       2.78,      27.83,     97.44,          2.14
        4,          3,    6,          1.88,          3.50,       2.93,      29.28,    102.53,          1.99
        4,          3,    7,          2.44,          3.50,       3.06,      30.63,    107.26,          2.13
        4,          4,    1,         -2.35,          3.50,       1.86,      18.57,     65.05,          1.45
        4,          4,    2,          0.46,          3.50,       2.35,      23.51,     82.34,          1.94
        4,          4,    3,          1.58,          3.50,       2.67,      26.66,     93.37,          2.10
        4,          4,    4,          2.23,          3.50,       2.90,      28.97,    101.47,          2.18
        4,          4,    5,          2.65,          3.50,       3.08,      30.77,    107.73,          2.23
        4,          4,    6,          2.95,          3.50,       3.23,      32.32,    113.16,          2.24
        4,          4,    7,          3.16,          3.50,       3.36,      33.59,    117.60,          2.24
        5,          1,    1,         -3.55,          3.50,       1.60,      16.02,     56.12,          1.42
        5,          1,    2,         -0.57,          3.50,       1.98,      19.86,     69.58,          1.97
        5,          1,    3,          0.35,          3.50,       2.16,      21.62,     75.72,          2.14
        5,          1,    4,          0.79,          3.50,       2.29,      22.88,     80.16,          2.18
        5,          1,    5,          0.76,          3.50,       2.39,      23.93,     83.81,          2.03
        5,          1,    6,          1.21,          3.50,       2.49,      24.95,     87.37,          2.12
        5,          1,    7,          1.12,          3.50,       2.59,      25.90,     90.72,          1.97
        5,          2,    1,         -2.80,          3.50,       1.70,      17.00,     59.57,          1.52
        5,          2,    2,          0.00,          3.50,       2.10,      20.97,     73.47,          2.07
        5,          2,    3,          0.93,          3.50,       2.30,      23.04,     80.69,          2.23
        5,          2,    4,          1.40,          3.50,       2.45,      24.49,     85.77,          2.28
        5,          2,    5,          1.74,          3.50,       2.59,      25.90,     90.69,          2.27
        5,          2,    6,          1.88,          3.50,       2.71,      27.10,     94.91,          2.21
        5,          2,    7,          2.17,          3.50,       2.83,      28.29,     99.06,          2.23
        5,          3,    1,         -2.28,          3.50,       1.82,      18.19,     63.72,          1.53
        5,          3,    2,          0.63,          3.50,       2.27,      22.65,     79.32,          2.13
        5,          3,    3,          1.69,          3.50,       2.53,      25.33,     88.72,          2.31
        5,          3,    4,          2.27,          3.50,       2.73,      27.23,     95.38,          2.40
        5,          3,    5,          2.50,          3.50,       2.91,      29.06,    101.77,          2.32
        5,          3,    6,          3.00,          3.50,       3.05,      30.53,    106.92,          2.44
        5,          3,    7,        -26.48,          3.50,       1.21,      12.10,     42.39,          0.01
        5,          4,    1,        -40.76,          3.50,       0.78,       7.87,     27.57,          0.00
        5,          4,    2,        -35.53,          3.50,       0.85,       8.50,     29.78,          0.01
        5,          4,    3,        -32.70,          3.50,       0.93,       9.24,     32.38,          0.01
        5,          4,    4,        -30.30,          3.50,       1.00,      10.01,     35.09,          0.01
        5,          4,    5,        -28.79,          3.50,       1.07,      10.72,     37.57,          0.01
        5,          4,    6,        -27.55,          3.50,       1.14,      11.45,     40.11,          0.01
        5,          4,    7,        -26.56,          3.50,       1.22,      12.16,     42.59,          0.01
        6,          1,    1,        -40.12,          3.50,       0.79,       7.87,     27.59,          0.00
        6,          1,    2,        -34.93,          3.50,       0.85,       8.53,     29.89,          0.01
        6,          1,    3,        -31.81,          3.50,       0.92,       9.24,     32.37,          0.01
        6,          1,    4,        -29.64,          3.50,       1.00,       9.95,     34.88,          0.01
        6,          1,    5,        -28.29,          3.50,       1.06,      10.62,     37.22,          0.01
        6,          1,    6,        -27.17,          3.50,       1.14,      11.35,     39.76,          0.01
        6,          1,    7,        -26.25,          3.50,       1.20,      11.99,     41.99,          0.01
        6,          2,    1,         -1.98,          3.50,       1.79,      17.87,     62.64,          1.68
        6,          2,    2,          0.94,          3.50,       2.22,      22.14,     77.57,          2.35
        6,          2,    3,          1.92,          3.50,       2.43,      24.28,     85.03,          2.58
        6,          2,    4,          2.39,          3.50,       2.58,      25.77,     90.26,          2.65
        6,          2,    5,          2.72,          3.50,       2.73,      27.24,     95.41,          2.65
        6,          2,    6,          2.95,          3.50,       2.84,      28.44,     99.58,          2.64
        6,          2,    7,          3.15,          3.50,       2.96,      29.65,    103.82,          2.62
        6,          3,    1,         -1.35,          3.50,       1.91,      19.13,     67.03,          1.75
        6,          3,    2,          1.62,          3.50,       2.39,      23.92,     83.78,          2.47
        6,          3,    3,          2.69,          3.50,       2.67,      26.67,     93.43,          2.71
        6,          3,    4,          3.27,          3.50,       2.87,      28.71,    100.51,          2.81
        6,          3,    5,          3.69,          3.50,       3.06,      30.55,    106.97,          2.86
        6,          3,    6,          3.71,          3.50,       3.21,      32.11,    112.43,          2.69
        6,          3,    7,          4.23,          3.50,       3.35,      33.50,    117.30,          2.87
        6,          4,    1,         -0.79,          3.50,       2.04,      20.42,     71.55,          1.79
        6,          4,    2,          2.01,          3.50,       2.61,      26.06,     91.27,          2.40
        6,          4,    3,          3.16,          3.50,       2.95,      29.47,    103.20,          2.64
        6,          4,    4,          4.06,          3.50,       3.20,      31.95,    111.89,          2.93
        6,          4,    5,          4.22,          3.50,       3.39,      33.93,    118.79,          2.82
        6,          4,    6,          4.78,          3.50,       3.56,      35.56,    124.49,          3.02
        6,          4,    7,          4.99,          3.50,       3.69,      36.94,    129.32,          3.03
        7,          1,    1,         -1.86,          3.50,       1.75,      17.47,     61.21,          1.80
        7,          1,    2,          1.24,          3.50,       2.21,      22.07,     77.30,          2.55
        7,          1,    3,          2.47,          3.50,       2.41,      24.10,     84.43,          2.98
        7,          1,    4,          2.91,          3.50,       2.54,      25.45,     89.13,          3.05
        7,          1,    5,          3.15,          3.50,       2.66,      26.58,     93.09,          3.04
        7,          1,    6,          3.32,          3.50,       2.75,      27.49,     96.29,          3.01
        7,          1,    7,          3.34,          3.50,       2.85,      28.54,     99.95,          2.88
        7,          2,    1,         -1.03,          3.50,       1.88,      18.74,     65.67,          1.94
        7,          2,    2,          2.08,          3.50,       2.34,      23.39,     81.94,          2.84
        7,          2,    3,          3.05,          3.50,       2.56,      25.63,     89.78,          3.12
        7,          2,    4,          3.52,          3.50,       2.72,      27.15,     95.09,          3.21
        7,          2,    5,          3.84,          3.50,       2.87,      28.63,    100.28,          3.22
        7,          2,    6,          4.07,          3.50,       2.99,      29.87,    104.61,          3.21
        7,          2,    7,          4.00,          3.50,       3.11,      31.09,    108.87,          3.00
        7,          3,    1,         -0.32,          3.50,       2.01,      20.08,     70.37,          2.05
        7,          3,    2,          2.75,          3.50,       2.53,      25.27,     88.50,          2.97
        7,          3,    3,          3.82,          3.50,       2.82,      28.19,     98.70,          3.27
        7,          3,    4,          4.39,          3.50,       3.03,      30.24,    105.89,          3.40
        7,          3,    5,          4.81,          3.50,       3.23,      32.27,    112.97,          3.44
        7,          3,    6,          5.10,          3.50,       3.38,      33.84,    118.47,          3.46
        7,          3,    7,          5.32,          3.50,       3.54,      35.35,    123.77,          3.45
        7,          4,    1,          0.26,          3.50,       2.15,      21.49,     75.27,          2.11
        7,          4,    2,          3.16,          3.50,       2.75,      27.52,     96.36,          2.90
        7,          4,    3,          4.54,          3.50,       3.11,      31.15,    109.08,          3.38
        7,          4,    4,          5.18,          3.50,       3.38,      33.79,    118.33,          3.53
        7,          4,    5,          5.42,          3.50,       3.60,      35.96,    125.89,          3.45
        7,          4,    6,          5.89,          3.50,       3.77,      37.71,    132.01,          3.63
        7,          4,    7,          6.11,          3.50,       3.92,      39.23,    137.33,          3.64
        8,          1,    1,         -0.94,          3.50,       1.81,      18.13,     63.51,          2.10
        8,          1,    2,          2.51,          3.50,       2.30,      23.04,     80.71,          3.21
        8,          1,    3,          3.52,          3.50,       2.52,      25.22,     88.35,          3.56
        8,          1,    4,          3.95,          3.50,       2.66,      26.58,     93.11,          3.65
        8,          1,    5,          4.18,          3.50,       2.77,      27.66,     96.88,          3.65
        8,          1,    6,          4.35,          3.50,       2.87,      28.71,    100.54,          3.61
        8,          1,    7,          4.48,          3.50,       2.97,      29.70,    103.97,          3.56
        8,          2,    1,         -0.07,          3.50,       1.94,      19.44,     68.08,          2.29
        8,          2,    2,          3.11,          3.50,       2.44,      24.43,     85.55,          3.39
        8,          2,    3,          4.08,          3.50,       2.68,      26.82,     93.93,          3.72
        8,          2,    4,          4.53,          3.50,       2.84,      28.42,     99.54,          3.81
        8,          2,    5,          4.86,          3.50,       2.99,      29.93,    104.79,          3.84
        8,          2,    6,          5.08,          3.50,       3.12,      31.17,    109.12,          3.83
        8,          2,    7,          5.27,          3.50,       3.25,      32.48,    113.71,          3.80
        8,          3,    1,          0.66,          3.50,       2.08,      20.79,     72.82,          2.43
        8,          3,    2,          3.77,          3.50,       2.64,      26.45,     92.63,          3.52
        8,          3,    3,          4.72,          3.50,       2.95,      29.52,    103.36,          3.78
        8,          3,    4,          5.39,          3.50,       3.17,      31.75,    111.18,          4.01
        8,          3,    5,          5.68,          3.50,       3.38,      33.81,    118.35,          3.96
        8,          3,    6,          6.09,          3.50,       3.55,      35.47,    124.20,          4.09
        8,          3,    7,          6.33,          3.50,       3.71,      37.11,    129.93,          4.09
        8,          4,    1,          1.23,          3.50,       2.23,      22.31,     78.16,          2.50
        8,          4,    2,          4.31,          3.50,       2.89,      28.88,    101.14,          3.54
        8,          4,    3,          5.54,          3.50,       3.28,      32.76,    114.73,          3.99
        8,          4,    4,          6.16,          3.50,       3.56,      35.59,    124.61,          4.14
        8,          4,    5,          6.59,          3.50,       3.79,      37.89,    132.63,          4.24
        8,          4,    6,          6.62,          3.50,       3.98,      39.82,    139.40,          4.01
        8,          4,    7,          7.10,          3.50,       4.14,      41.34,    144.70,          4.28
        9,          1,    1,          0.09,          3.50,       1.87,      18.65,     65.35,          2.55
        9,          1,    2,          3.53,          3.50,       2.40,      24.01,     84.09,          3.83
        9,          1,    3,          4.60,          3.50,       2.64,      26.44,     92.62,          4.28
        9,          1,    4,          5.04,          3.50,       2.78,      27.83,     97.47,          4.41
        9,          1,    5,          5.26,          3.50,       2.90,      28.99,    101.54,          4.40
        9,          1,    6,          5.42,          3.50,       3.00,      30.00,    105.08,          4.36
        9,          1,    7,          5.55,          3.50,       3.10,      30.99,    108.52,          4.31
        9,          2,    1,          0.98,          3.50,       2.01,      20.09,     70.39,          2.77
        9,          2,    2,          4.18,          3.50,       2.56,      25.56,     89.52,          4.07
        9,          2,    3,          5.15,          3.50,       2.82,      28.16,     98.62,          4.46
        9,          2,    4,          5.61,          3.50,       2.98,      29.80,    104.36,          4.59
        9,          2,    5,          5.92,          3.50,       3.14,      31.42,    110.01,          4.61
        9,          2,    6,          6.13,          3.50,       3.27,      32.73,    114.58,          4.59
        9,          2,    7,          6.32,          3.50,       3.40,      34.02,    119.11,          4.57
        9,          3,    1,          1.70,          3.50,       2.16,      21.60,     75.67,          2.93
        9,          3,    2,          4.52,          3.50,       2.77,      27.73,     97.12,          3.94
        9,          3,    3,          5.88,          3.50,       3.10,      31.00,    108.54,          4.64
        9,          3,    4,          6.43,          3.50,       3.34,      33.38,    116.85,          4.79
        9,          3,    5,          6.76,          3.50,       3.56,      35.56,    124.51,          4.77
        9,          3,    6,          7.12,          3.50,       3.74,      37.37,    130.80,          4.87
        9,          3,    7,          7.03,          3.50,       3.91,      39.06,    136.75,          4.52
        9,          4,    1,          2.28,          3.50,       2.33,      23.24,     81.40,          3.00
        9,          4,    2,          5.14,          3.50,       3.04,      30.37,    106.35,          4.01
        9,          4,    3,          6.39,          3.50,       3.45,      34.56,    120.98,          4.54
        9,          4,    4,          7.20,          3.50,       3.76,      37.60,    131.60,          4.92
        9,          4,    5,          7.63,          3.50,       4.02,      40.14,    140.52,          5.01
        9,          4,    6,          7.91,          3.50,       4.21,      42.14,    147.49,          5.05
        9,          4,    7,          8.12,          3.50,       4.38,      43.81,    153.34,          5.06
       10,          1,    1,          1.03,          3.50,       1.91,      19.10,     66.93,          3.03
       10,          1,    2,          4.51,          3.50,       2.50,      25.00,     87.56,          4.53
       10,          1,    3,          5.55,          3.50,       2.76,      27.57,     96.58,          5.02
       10,          1,    4,          5.98,          3.50,       2.91,      29.11,    101.94,          5.17
       10,          1,    5,          6.21,          3.50,       3.03,      30.30,    106.10,          5.17
       10,          1,    6,          6.37,          3.50,       3.14,      31.35,    109.76,          5.12
       10,          1,    7,          6.50,          3.50,       3.24,      32.40,    113.45,          5.06
       10,          2,    1,          1.59,          3.50,       2.06,      20.59,     72.14,          3.07
       10,          2,    2,          5.11,          3.50,       2.67,      26.69,     93.49,          4.74
       10,          2,    3,          6.09,          3.50,       2.94,      29.46,    103.16,          5.22
       10,          2,    4,          6.55,          3.50,       3.12,      31.18,    109.16,          5.38
       10,          2,    5,          6.56,          3.50,       3.29,      32.87,    115.11,          5.04
       10,          2,    6,          7.07,          3.50,       3.42,      34.19,    119.71,          5.39
       10,          2,    7,          6.98,          3.50,       3.56,      35.56,    124.50,          5.02
       10,          3,    1,          2.59,          3.50,       2.23,      22.22,     77.86,          3.44
       10,          3,    2,          5.74,          3.50,       2.90,      28.99,    101.53,          4.91
       10,          3,    3,          6.80,          3.50,       3.26,      32.56,    114.01,          5.39
       10,          3,    4,          7.36,          3.50,       3.50,      35.00,    122.55,          5.58
       10,          3,    5,          7.76,          3.50,       3.74,      37.34,    130.71,          5.65
       10,          3,    6,          8.04,          3.50,       3.93,      39.25,    137.40,          5.66
       10,          3,    7,          8.27,          3.50,       4.11,      41.04,    143.64,          5.66
       10,          4,    1,          3.15,          3.50,       2.40,      23.95,     83.87,          3.52
       10,          4,    2,          6.34,          3.50,       3.18,      31.83,    111.44,          4.98
       10,          4,    3,          7.49,          3.50,       3.63,      36.30,    127.08,          5.50
       10,          4,    4,          8.11,          3.50,       3.96,      39.62,    138.69,          5.70
       10,          4,    5,          8.54,          3.50,       4.24,      42.37,    148.29,          5.80
       10,          4,    6,          8.83,          3.50,       4.44,      44.42,    155.50,          5.85
       10,          4,    7,          9.04,          3.50,       4.63,      46.30,    162.05,          5.85
       11,          1,    1,          1.64,          3.50,       1.95,      19.56,     68.51,          3.38
       11,          1,    2,          5.40,          3.50,       2.61,      26.06,     91.27,          5.25
       11,          1,    3,          6.46,          3.50,       2.89,      28.94,    101.36,          5.82
       11,          1,    4,          6.91,          3.50,       3.05,      30.52,    106.87,          6.02
       11,          1,    5,          7.14,          3.50,       3.18,      31.82,    111.43,          6.01
       11,          1,    6,          7.30,          3.50,       3.29,      32.87,    115.10,          5.98
       11,          1,    7,          7.42,          3.50,       3.39,      33.91,    118.73,          5.91
       11,          2,    1,          2.71,          3.50,       2.12,      21.18,     74.19,          3.82
       11,          2,    2,          6.00,          3.50,       2.79,      27.87,     97.61,          5.51
       11,          2,    3,          7.01,          3.50,       3.09,      30.89,    108.15,          6.07
       11,          2,    4,          7.18,          3.50,       3.28,      32.76,    114.72,          5.84
       11,          2,    5,          7.79,          3.50,       3.45,      34.48,    120.71,          6.30
       11,          2,    6,          8.00,          3.50,       3.59,      35.89,    125.66,          6.28
       11,          2,    7,          8.18,          3.50,       3.74,      37.36,    130.78,          6.24
       11,          3,    1,          3.13,          3.50,       2.29,      22.88,     80.16,          3.75
       11,          3,    2,          6.63,          3.50,       3.04,      30.33,    106.21,          5.69
       11,          3,    3,          7.71,          3.50,       3.42,      34.15,    119.58,          6.26
       11,          3,    4,          8.27,          3.50,       3.68,      36.82,    128.89,          6.47
       11,          3,    5,          8.67,          3.50,       3.94,      39.33,    137.66,          6.56
       11,          3,    6,          8.78,          3.50,       4.13,      41.30,    144.57,          6.34
       11,          3,    7,          9.12,          3.50,       4.32,      43.22,    151.31,          6.48
       11,          4,    1,          3.97,          3.50,       2.48,      24.75,     86.68,          4.06
       11,          4,    2,          7.22,          3.50,       3.34,      33.37,    116.82,          5.75
       11,          4,    3,          8.38,          3.50,       3.83,      38.28,    133.99,          6.33
       11,          4,    4,          9.01,          3.50,       4.18,      41.77,    146.20,          6.58
       11,          4,    5,          9.36,          3.50,       4.47,      44.70,    156.44,          6.57
       11,          4,    6,          9.54,          3.50,       4.70,      46.98,    164.43,          6.46
       11,          4,    7,          9.69,          3.50,       4.89,      48.92,    171.24,          6.37
       12,          1,    1,          2.61,          3.50,       2.00,      20.00,     70.06,          4.08
       12,          1,    2,          6.27,          3.50,       2.72,      27.21,     95.30,          6.06
       12,          1,    3,          7.40,          3.50,       3.04,      30.43,    106.58,          6.76
       12,          1,    4,          7.86,          3.50,       3.22,      32.24,    112.89,          6.98
       12,          1,    5,          7.79,          3.50,       3.35,      33.50,    117.28,          6.54
       12,          1,    6,          8.24,          3.50,       3.46,      34.57,    121.02,          6.98
       12,          1,    7,          8.37,          3.50,       3.57,      35.69,    124.96,          6.90
       12,          2,    1,          3.46,          3.50,       2.17,      21.70,     76.02,          4.38
       12,          2,    2,          6.78,          3.50,       2.92,      29.24,    102.39,          6.18
       12,          2,    3,          7.95,          3.50,       3.26,      32.61,    114.16,          7.02
       12,          2,    4,          8.42,          3.50,       3.46,      34.57,    121.03,          7.26
       12,          2,    5,          8.74,          3.50,       3.65,      36.45,    127.61,          7.31
       12,          2,    6,          8.95,          3.50,       3.79,      37.97,    132.90,          7.30
       12,          2,    7,          9.14,          3.50,       3.94,      39.43,    138.03,          7.28
       12,          3,    1,          4.20,          3.50,       2.36,      23.56,     82.53,          4.59
       12,          3,    2,          7.53,          3.50,       3.19,      31.90,    111.69,          6.54
       12,          3,    3,          8.53,          3.50,       3.61,      36.08,    126.31,          7.05
       12,          3,    4,          9.20,          3.50,       3.89,      38.94,    136.32,          7.49
       12,          3,    5,          9.62,          3.50,       4.17,      41.65,    145.80,          7.59
       12,          3,    6,          9.89,          3.50,       4.37,      43.68,    152.90,          7.65
       12,          3,    7,         10.13,          3.50,       4.58,      45.76,    160.15,          7.64
       12,          4,    1,          4.57,          3.50,       2.55,      25.48,     89.26,          4.47
       12,          4,    2,          8.11,          3.50,       3.50,      35.03,    122.63,          6.64
       12,          4,    3,          9.20,          3.50,       4.05,      40.44,    141.55,          7.15
       12,          4,    4,          9.94,          3.50,       4.42,      44.20,    154.71,          7.62
       12,          4,    5,         10.39,          3.50,       4.74,      47.42,    165.97,          7.77
       12,          4,    6,         10.68,          3.50,       4.99,      49.89,    174.63,          7.83
       12,          4,    7,         10.91,          3.50,       5.21,      52.07,    182.24,          7.85
       13,          1,    1,          3.33,          3.50,       2.04,      20.39,     71.42,          4.69
       13,          1,    2,          6.95,          3.50,       2.86,      28.56,    100.03,          6.64
       13,          1,    3,          8.38,          3.50,       3.23,      32.29,    113.06,          7.87
       13,          1,    4,          8.84,          3.50,       3.42,      34.19,    119.71,          8.13
       13,          1,    5,          9.11,          3.50,       3.56,      35.63,    124.75,          8.22
       13,          1,    6,          9.27,          3.50,       3.68,      36.77,    128.71,          8.18
       13,          1,    7,          9.39,          3.50,       3.79,      37.91,    132.73,          8.10
       13,          2,    1,          4.22,          3.50,       2.23,      22.26,     77.96,          5.03
       13,          2,    2,          7.82,          3.50,       3.08,      30.79,    107.80,          7.34
       13,          2,    3,          8.94,          3.50,       3.46,      34.59,    121.11,          8.18
       13,          2,    4,          9.43,          3.50,       3.68,      36.82,    128.90,          8.47
       13,          2,    5,          9.75,          3.50,       3.88,      38.82,    135.88,          8.54
       13,          2,    6,          9.96,          3.50,       4.04,      40.40,    141.42,          8.55
       13,          2,    7,         10.16,          3.50,       4.20,      42.03,    147.11,          8.52
       13,          3,    1,          4.95,          3.50,       2.42,      24.21,     84.79,          5.26
       13,          3,    2,          8.46,          3.50,       3.37,      33.65,    117.84,          7.58
       13,          3,    3,          9.63,          3.50,       3.84,      38.41,    134.45,          8.43
       13,          3,    4,          9.96,          3.50,       4.15,      41.52,    145.33,          8.26
       13,          3,    5,         10.64,          3.50,       4.44,      44.37,    155.30,          8.91
       13,          3,    6,         10.92,          3.50,       4.67,      46.69,    163.41,          8.95
       13,          3,    7,         11.16,          3.50,       4.89,      48.86,    171.03,          8.97
       13,          4,    1,          5.51,          3.50,       2.63,      26.27,     92.00,          5.33
       13,          4,    2,          8.78,          3.50,       3.70,      37.04,    129.69,          7.23
       13,          4,    3,         10.29,          3.50,       4.30,      43.05,    150.67,          8.53
       13,          4,    4,         10.95,          3.50,       4.72,      47.19,    165.16,          8.89
       13,          4,    5,         11.40,          3.50,       5.08,      50.72,    177.53,          9.08
       13,          4,    6,         11.51,          3.50,       5.35,      53.54,    187.39,          8.74
       13,          4,    7,         11.94,          3.50,       5.59,      55.89,    195.60,          9.18
       14,          1,    1,        -40.34,          3.50,       0.79,       7.86,     27.55,          0.00
       14,          1,    2,        -35.04,          3.50,       0.85,       8.54,     29.93,          0.01
       14,          1,    3,        -31.84,          3.50,       0.93,       9.25,     32.42,          0.01
       14,          1,    4,        -29.71,          3.50,       1.00,       9.98,     34.96,          0.01
       14,          1,    5,        -28.33,          3.50,       1.06,      10.64,     37.28,          0.01
       14,          1,    6,        -27.26,          3.50,       1.14,      11.32,     39.69,          0.01
       14,          1,    7,        -26.29,          3.50,       1.20,      12.02,     42.13,          0.01
       14,          2,    1,        -40.36,          3.50,       0.79,       7.88,     27.58,          0.00
       14,          2,    2,        -35.21,          3.50,       0.85,       8.52,     29.87,          0.01
       14,          2,    3,        -32.37,          3.50,       0.92,       9.27,     32.47,          0.01
       14,          2,    4,        -30.20,          3.50,       1.00,       9.93,     34.82,          0.01
       14,          2,    5,        -28.80,          3.50,       1.06,      10.61,     37.18,          0.01
       14,          2,    6,        -27.64,          3.50,       1.14,      11.35,     39.76,          0.01
       14,          2,    7,        -26.63,          3.50,       1.20,      12.02,     42.12,          0.01
       14,          3,    1,        -40.55,          3.50,       0.79,       7.86,     27.55,          0.00
       14,          3,    2,        -35.28,          3.50,       0.85,       8.52,     29.85,          0.01
       14,          3,    3,        -32.72,          3.50,       0.93,       9.26,     32.45,          0.01
       14,          3,    4,        -30.00,          3.50,       1.00,       9.97,     34.95,          0.01
       14,          3,    5,        -28.80,          3.50,       1.07,      10.66,     37.37,          0.01
       14,          3,    6,        -27.55,          3.50,       1.14,      11.41,     39.98,          0.01
       14,          3,    7,        -26.39,          3.50,       1.21,      12.10,     42.39,          0.01
       14,          4,    1,        -40.65,          3.50,       0.78,       7.83,     27.44,          0.00
       14,          4,    2,        -35.70,          3.50,       0.85,       8.53,     29.91,          0.01
       14,          4,    3,        -32.60,          3.50,       0.92,       9.24,     32.39,          0.01
       14,          4,    4,        -30.08,          3.50,       1.00,      10.01,     35.08,          0.01
       14,          4,    5,        -28.80,          3.50,       1.07,      10.70,     37.52,          0.01
       14,          4,    6,        -27.54,          3.50,       1.15,      11.46,     40.17,          0.01
       14,          4,    7,        -26.58,          3.50,       1.21,      12.14,     42.55,          0.01
       15,          1,    1,        -40.21,          3.50,       0.79,       7.88,     27.60,          0.00
       15,          1,    2,        -34.78,          3.50,       0.85,       8.52,     29.86,          0.01
       15,          1,    3,        -31.84,          3.50,       0.92,       9.22,     32.31,          0.01
       15,          1,    4,        -29.68,          3.50,       1.00,       9.97,     34.94,          0.01
       15,          1,    5,        -28.33,          3.50,       1.06,      10.62,     37.21,          0.01
       15,          1,    6,        -27.21,          3.50,       1.14,      11.38,     39.90,          0.01
       15,          1,    7,        -26.27,          3.50,       1.20,      12.02,     42.13,          0.01
       15,          2,    1,          5.24,          3.50,       2.31,      23.16,     81.11,          6.00
       15,          2,    2,          9.28,          3.50,       3.37,      33.67,    117.89,          9.17
       15,          2,    3,         10.60,          3.50,       3.87,      38.68,    135.41,         10.45
       15,          2,    4,         11.14,          3.50,       4.14,      41.34,    144.71,         10.91
       15,          2,    5,         11.48,          3.50,       4.36,      43.55,    152.43,         11.08
       15,          2,    6,         11.70,          3.50,       4.53,      45.34,    158.72,         11.11
       15,          2,    7,         11.90,          3.50,       4.71,      47.13,    164.95,         11.11
       15,          3,    1,          6.00,          3.50,       2.53,      25.28,     88.55,          6.30
       15,          3,    2,          9.94,          3.50,       3.70,      36.99,    129.50,          9.49
       15,          3,    3,         10.98,          3.50,       4.29,      42.91,    150.20,         10.05
       15,          3,    4,         11.91,          3.50,       4.66,      46.59,    163.07,         11.29
       15,          3,    5,         12.13,          3.50,       4.99,      49.94,    174.78,         10.95
       15,          3,    6,         12.67,          3.50,       5.26,      52.60,    184.11,         11.65
       15,          3,    7,         12.93,          3.50,       5.52,      55.22,    193.27,         11.71
       15,          4,    1,          6.57,          3.50,       2.74,      27.41,     96.00,          6.43
       15,          4,    2,         10.51,          3.50,       4.07,      40.74,    142.60,          9.58
       15,          4,    3,         11.94,          3.50,       4.81,      48.05,    168.20,         10.95
       15,          4,    4,         12.66,          3.50,       5.30,      53.03,    185.60,         11.50
       15,          4,    5,         13.16,          3.50,       5.74,      57.41,    200.90,         11.81
       15,          4,    6,         13.51,          3.50,       6.07,      60.69,    212.40,         12.00
       15,          4,    7,         13.80,          3.50,       6.35,      63.50,    222.21,         12.17
       16,          1,    1,          4.37,          3.50,       2.14,      21.38,     74.89,          5.55
       16,          1,    2,          9.15,          3.50,       3.20,      31.98,    111.99,          9.53
       16,          1,    3,         10.82,          3.50,       3.79,      37.92,    132.75,         11.29
       16,          1,    4,         11.46,          3.50,       4.08,      40.84,    142.94,         11.93
       16,          1,    5,         11.45,          3.50,       4.26,      42.64,    149.26,         11.29
       16,          1,    6,         11.94,          3.50,       4.40,      43.97,    153.91,         12.18
       16,          1,    7,         11.98,          3.50,       4.52,      45.23,    158.32,         11.91
       16,          2,    1,          5.55,          3.50,       2.35,      23.49,     82.30,          6.33
       16,          2,    2,          9.93,          3.50,       3.51,      35.15,    123.06,         10.09
       16,          2,    3,         11.42,          3.50,       4.11,      41.06,    143.73,         11.73
       16,          2,    4,         11.89,          3.50,       4.40,      44.00,    154.01,         12.05
       16,          2,    5,         12.36,          3.50,       4.64,      46.39,    162.36,         12.60
       16,          2,    6,         12.59,          3.50,       4.82,      48.19,    168.67,         12.70
       16,          2,    7,         12.80,          3.50,       5.01,      50.07,    175.25,         12.74
       16,          3,    1,          6.13,          3.50,       2.57,      25.74,     90.14,          6.35
       16,          3,    2,         10.62,          3.50,       3.87,      38.70,    135.48,         10.48
       16,          3,    3,         12.10,          3.50,       4.55,      45.55,    159.42,         12.12
       16,          3,    4,         12.78,          3.50,       4.95,      49.49,    173.23,         12.84
       16,          3,    5,         13.11,          3.50,       5.32,      53.15,    186.01,         12.75
       16,          3,    6,         13.64,          3.50,       5.60,      55.95,    195.81,         13.58
       16,          3,    7,         13.97,          3.50,       5.88,      58.76,    205.66,         13.85
       16,          4,    1,          6.76,          3.50,       2.79,      27.92,     97.78,          6.56
       16,          4,    2,         11.20,          3.50,       4.26,      42.65,    149.29,         10.66
       16,          4,    3,         12.77,          3.50,       5.09,      50.92,    178.22,         12.38
       16,          4,    4,         13.34,          3.50,       5.63,      56.35,    197.21,         12.57
       16,          4,    5,         14.23,          3.50,       6.09,      60.95,    213.31,         14.09
       16,          4,    6,         14.64,          3.50,       6.44,      64.33,    225.13,         14.57
       16,          4,    7,         14.97,          3.50,       6.72,      67.23,    235.25,         14.96
       17,          1,    1,          4.77,          3.50,       2.17,      21.65,     75.83,          5.97
       17,          1,    2,          9.63,          3.50,       3.30,      32.94,    115.34,         10.25
       17,          1,    3,         11.28,          3.50,       3.99,      39.93,    139.76,         11.76
       17,          1,    4,         12.00,          3.50,       4.32,      43.26,    151.42,         12.60
       17,          1,    5,         12.58,          3.50,       4.52,      45.16,    158.08,         13.66
       17,          1,    6,         12.79,          3.50,       4.65,      46.43,    162.51,         13.89
       17,          1,    7,         12.73,          3.50,       4.76,      47.57,    166.51,         13.32
       17,          2,    1,          5.75,          3.50,       2.38,      23.81,     83.39,          6.51
       17,          2,    2,         10.46,          3.50,       3.64,      36.41,    127.46,         10.93
       17,          2,    3,         11.97,          3.50,       4.34,      43.34,    151.71,         12.49
       17,          2,    4,         12.85,          3.50,       4.66,      46.58,    163.03,         14.03
       17,          2,    5,         13.26,          3.50,       4.90,      48.97,    171.41,         14.55
       17,          2,    6,         13.20,          3.50,       5.08,      50.80,    177.81,         13.73
       17,          2,    7,         13.78,          3.50,       5.28,      52.85,    184.96,         14.98
       17,          3,    1,          6.51,          3.50,       2.61,      26.09,     91.39,          6.81
       17,          3,    2,         11.11,          3.50,       4.02,      40.27,    140.96,         11.20
       17,          3,    3,         12.75,          3.50,       4.80,      47.97,    167.92,         13.22
       17,          3,    4,         13.75,          3.50,       5.23,      52.30,    183.06,         15.05
       17,          3,    5,         14.30,          3.50,       5.62,      56.22,    196.75,         15.73
       17,          3,    6,         14.74,          3.50,       5.94,      59.38,    207.81,         16.34
       17,          3,    7,         15.10,          3.50,       6.24,      62.42,    218.44,         16.80
       17,          4,    1,          6.83,          3.50,       2.84,      28.35,     99.27,          6.54
       17,          4,    2,         11.81,          3.50,       4.43,      44.31,    155.10,         11.73
       17,          4,    3,         13.62,          3.50,       5.36,      53.57,    187.49,         14.22
       17,          4,    4,         14.66,          3.50,       5.92,      59.23,    207.31,         16.09
       17,          4,    5,         15.34,          3.50,       6.39,      63.94,    223.76,         17.27
       17,          4,    6,         15.76,          3.50,       6.74,      67.39,    235.82,         17.90
       17,          4,    7,         16.06,          3.50,       7.03,      70.29,    245.92,         18.34
       18,          1,    1,          4.94,          3.50,       2.19,      21.91,     76.75,          6.14
       18,          1,    2,         10.07,          3.50,       3.38,      33.78,    118.27,         11.02
       18,          1,    3,         12.38,          3.50,       4.18,      41.83,    146.40,         14.34
       18,          1,    4,         13.26,          3.50,       4.56,      45.59,    159.59,         15.85
       18,          1,    5,         13.48,          3.50,       4.76,      47.57,    166.52,         15.84
       18,          1,    6,         13.85,          3.50,       4.90,      48.98,    171.44,         16.67
       18,          1,    7,         13.99,          3.50,       5.03,      50.25,    175.87,         16.73
       18,          2,    1,          5.76,          3.50,       2.41,      24.14,     84.56,          6.41
       18,          2,    2,         11.06,          3.50,       3.76,      37.56,    131.48,         12.08
       18,          2,    3,         13.17,          3.50,       4.57,      45.72,    160.02,         15.47
       18,          2,    4,         13.97,          3.50,       4.94,      49.43,    173.00,         16.95
       18,          2,    5,         14.23,          3.50,       5.24,      52.38,    183.32,         16.81
       18,          2,    6,         14.59,          3.50,       5.46,      54.58,    191.03,         17.41
       18,          2,    7,         15.01,          3.50,       5.70,      56.97,    199.40,         18.26
       18,          3,    1,          6.49,          3.50,       2.65,      26.49,     92.80,          6.66
       18,          3,    2,         11.90,          3.50,       4.17,      41.65,    145.79,         12.92
       18,          3,    3,         14.06,          3.50,       5.08,      50.76,    177.68,         16.77
       18,          3,    4,         14.64,          3.50,       5.59,      55.82,    195.38,         17.15
       18,          3,    5,         15.25,          3.50,       6.03,      60.33,    211.14,         18.06
       18,          3,    6,         15.96,          3.50,       6.38,      63.82,    223.31,         19.99
       18,          3,    7,         16.06,          3.50,       6.72,      67.18,    235.08,         19.28
       18,          4,    1,          7.18,          3.50,       2.88,      28.75,    100.69,          6.96
       18,          4,    2,         12.73,          3.50,       4.58,      45.80,    160.32,         13.92
       18,          4,    3,         14.91,          3.50,       5.64,      56.37,    197.26,         18.04
       18,          4,    4,         15.86,          3.50,       6.27,      62.69,    219.40,         19.92
       18,          4,    5,         16.22,          3.50,       6.80,      67.95,    237.71,         19.77
       18,          4,    6,         16.92,          3.50,       7.17,      71.70,    250.80,         21.85
       18,          4,    7,         16.98,          3.50,       7.47,      74.70,    261.25,         21.17
       19,          1,    1,          4.82,          3.50,       2.22,      22.15,     77.58,          5.89
       19,          1,    2,         10.68,          3.50,       3.45,      34.53,    120.88,         12.32
       19,          1,    3,         13.25,          3.50,       4.37,      43.67,    152.84,         16.66
       19,          1,    4,         14.28,          3.50,       4.83,      48.32,    169.11,         18.74
       19,          1,    5,         14.78,          3.50,       5.10,      51.03,    178.60,         19.71
       19,          1,    6,         15.04,          3.50,       5.28,      52.77,    184.70,         20.11
       19,          1,    7,         15.22,          3.50,       5.43,      54.33,    190.17,         20.28
       19,          2,    1,          6.12,          3.50,       2.44,      24.43,     85.59,          6.87
       19,          2,    2,         11.77,          3.50,       3.87,      38.65,    135.27,         13.78
       19,          2,    3,         14.14,          3.50,       4.83,      48.30,    169.06,         18.13
       19,          2,    4,         15.08,          3.50,       5.32,      53.17,    186.09,         20.14
       19,          2,    5,         15.62,          3.50,       5.67,      56.68,    198.36,         21.17
       19,          2,    6,         15.95,          3.50,       5.93,      59.30,    207.54,         21.68
       19,          2,    7,         16.24,          3.50,       6.19,      61.95,    216.79,         22.04
       19,          3,    1,          6.88,          3.50,       2.68,      26.81,     93.90,          7.16
       19,          3,    2,         12.73,          3.50,       4.29,      42.92,    150.23,         15.08
       19,          3,    3,         15.08,          3.50,       5.39,      53.85,    188.49,         19.80
       19,          3,    4,         15.84,          3.50,       5.98,      59.82,    209.38,         20.88
       19,          3,    5,         16.67,          3.50,       6.48,      64.84,    226.88,         23.10
       19,          3,    6,         17.08,          3.50,       6.88,      68.74,    240.51,         23.80
       19,          3,    7,         17.43,          3.50,       7.23,      72.30,    252.92,         24.39
       19,          4,    1,          7.68,          3.50,       2.91,      29.12,    101.99,          7.69
       19,          4,    2,         13.45,          3.50,       4.71,      47.13,    164.95,         15.92
       19,          4,    3,         15.91,          3.50,       5.96,      59.57,    208.49,         21.35
       19,          4,    4,         16.91,          3.50,       6.69,      66.85,    233.88,         23.61
       19,          4,    5,         17.57,          3.50,       7.27,      72.69,    254.27,         25.01
       19,          4,    6,         17.74,          3.50,       7.68,      76.79,    268.58,         24.48
       19,          4,    7,         18.27,          3.50,       8.02,      80.15,    280.26,         26.40
       20,          1,    1,          5.60,          3.50,       2.24,      22.43,     78.57,          6.95
       20,          1,    2,         11.30,          3.50,       3.53,      35.31,    123.61,         13.85
       20,          1,    3,         13.93,          3.50,       4.56,      45.60,    159.60,         18.55
       20,          1,    4,         15.22,          3.50,       5.13,      51.31,    179.58,         21.73
       20,          1,    5,         15.81,          3.50,       5.47,      54.67,    191.32,         23.10
       20,          1,    6,         16.10,          3.50,       5.67,      56.65,    198.28,         23.70
       20,          1,    7,         16.02,          3.50,       5.84,      58.44,    204.53,         22.46
       20,          2,    1,          6.78,          3.50,       2.48,      24.82,     86.93,          7.86
       20,          2,    2,         12.12,          3.50,       3.97,      39.63,    138.72,         14.48
       20,          2,    3,         15.03,          3.50,       5.09,      50.92,    178.24,         20.93
       20,          2,    4,         16.10,          3.50,       5.70,      57.01,    199.52,         23.51
       20,          2,    5,         16.69,          3.50,       6.11,      61.05,    213.66,         24.88
       20,          2,    6,         17.04,          3.50,       6.40,      63.94,    223.75,         25.59
       20,          2,    7,         17.09,          3.50,       6.68,      66.84,    233.90,         24.67
       20,          3,    1,          7.48,          3.50,       2.72,      27.19,     95.23,          8.09
       20,          3,    2,         13.14,          3.50,       4.40,      44.02,    154.10,         16.11
       20,          3,    3,         15.97,          3.50,       5.69,      56.89,    199.11,         22.83
       20,          3,    4,         17.04,          3.50,       6.41,      64.09,    224.26,         25.53
       20,          3,    5,         17.70,          3.50,       6.97,      69.67,    243.75,         27.05
       20,          3,    6,         18.11,          3.50,       7.38,      73.83,    258.26,         27.90
       20,          3,    7,         18.46,          3.50,       7.77,      77.65,    271.56,         28.59
       20,          4,    1,          8.60,          3.50,       2.95,      29.53,    103.42,          9.37
       20,          4,    2,         14.19,          3.50,       4.83,      48.29,    169.03,         18.37
       20,          4,    3,         16.72,          3.50,       6.27,      62.73,    219.52,         24.27
       20,          4,    4,         17.86,          3.50,       7.13,      71.24,    249.24,         27.39
       20,          4,    5,         18.54,          3.50,       7.78,      77.80,    272.08,         29.04
       20,          4,    6,         18.95,          3.50,       8.25,      82.48,    288.42,         29.96
       20,          4,    7,         19.25,          3.50,       8.62,      86.18,    301.30,         30.60
       21,          1,    1,          6.61,          3.50,       2.27,      22.70,     79.51,          8.64
       21,          1,    2,         11.95,          3.50,       3.59,      35.92,    125.77,         15.80
       21,          1,    3,         14.71,          3.50,       4.70,      47.02,    164.55,         21.42
       21,          1,    4,         16.03,          3.50,       5.39,      53.91,    188.67,         24.74
       21,          1,    5,         16.67,          3.50,       5.78,      57.78,    202.21,         26.45
       21,          1,    6,         16.99,          3.50,       6.00,      59.97,    209.89,         27.24
       21,          1,    7,         17.20,          3.50,       6.19,      61.84,    216.42,         27.65
       21,          2,    1,          7.55,          3.50,       2.51,      25.14,     88.06,          9.22
       21,          2,    2,         13.02,          3.50,       4.04,      40.40,    141.41,         17.42
       21,          2,    3,         15.72,          3.50,       5.30,      52.94,    185.30,         23.49
       21,          2,    4,         16.95,          3.50,       6.04,      60.34,    211.20,         26.83
       21,          2,    5,         17.60,          3.50,       6.49,      64.89,    227.07,         28.65
       21,          2,    6,         17.96,          3.50,       6.80,      67.97,    237.80,         29.57
       21,          2,    7,         18.02,          3.50,       7.10,      71.00,    248.39,         28.57
       21,          3,    1,          8.62,          3.50,       2.76,      27.58,     96.59,         10.36
       21,          3,    2,         13.93,          3.50,       4.50,      45.03,    157.61,         18.85
       21,          3,    3,         16.66,          3.50,       5.94,      59.42,    207.93,         25.50
       21,          3,    4,         17.91,          3.50,       6.83,      68.29,    238.96,         29.09
       21,          3,    5,         18.62,          3.50,       7.45,      74.44,    260.41,         31.10
       21,          3,    6,         19.05,          3.50,       7.90,      79.02,    276.33,         32.15
       21,          3,    7,         19.40,          3.50,       8.33,      83.24,    291.03,         32.92
       21,          4,    1,          9.37,          3.50,       3.00,      29.96,    104.93,         10.98
       21,          4,    2,         14.72,          3.50,       4.94,      49.44,    173.04,         20.21
       21,          4,    3,         17.43,          3.50,       6.56,      65.60,    229.56,         27.25
       21,          4,    4,         18.67,          3.50,       7.59,      75.91,    265.51,         30.81
       21,          4,    5,         19.44,          3.50,       8.33,      83.29,    291.21,         33.16
       21,          4,    6,         19.87,          3.50,       8.85,      88.53,    309.51,         34.26
       21,          4,    7,         20.18,          3.50,       9.28,      92.83,    324.53,         34.95
       22,          1,    1,          7.11,          3.50,       2.29,      22.93,     80.32,          9.59
       22,          1,    2,         12.54,          3.50,       3.65,      36.46,    127.68,         17.79
       22,          1,    3,         15.26,          3.50,       4.80,      48.01,    168.06,         23.77
       22,          1,    4,         16.69,          3.50,       5.60,      55.99,    195.97,         27.55
       22,          1,    5,         17.38,          3.50,       6.06,      60.53,    211.85,         29.58
       22,          1,    6,         17.66,          3.50,       6.30,      62.98,    220.42,         30.13
       22,          1,    7,         17.93,          3.50,       6.51,      65.07,    227.69,         30.92
       22,          2,    1,          8.46,          3.50,       2.54,      25.40,     88.98,         11.25
       22,          2,    2,         13.61,          3.50,       4.10,      41.04,    143.67,         19.62
       22,          2,    3,         16.30,          3.50,       5.44,      54.35,    190.22,         26.09
       22,          2,    4,         17.66,          3.50,       6.31,      63.04,    220.64,         30.10
       22,          2,    5,         18.16,          3.50,       6.84,      68.39,    239.28,         30.80
       22,          2,    6,         18.75,          3.50,       7.17,      71.68,    250.75,         33.50
       22,          2,    7,         19.07,          3.50,       7.48,      74.81,    261.67,         34.33
       22,          3,    1,          9.37,          3.50,       2.79,      27.88,     97.64,         12.17
       22,          3,    2,         14.49,          3.50,       4.59,      45.87,    160.58,         20.98
       22,          3,    3,         17.21,          3.50,       6.12,      61.19,    214.15,         28.04
       22,          3,    4,         18.65,          3.50,       7.20,      72.00,    251.87,         32.51
       22,          3,    5,         19.44,          3.50,       7.92,      79.22,    277.02,         35.09
       22,          3,    6,         19.89,          3.50,       8.41,      84.13,    294.16,         36.47
       22,          3,    7,         20.21,          3.50,       8.88,      88.78,    310.37,         37.02
       22,          4,    1,         10.03,          3.50,       3.03,      30.32,    106.16,         12.66
       22,          4,    2,         14.90,          3.50,       5.05,      50.45,    176.56,         20.62
       22,          4,    3,         17.96,          3.50,       6.78,      67.78,    237.16,         29.66
       22,          4,    4,         19.45,          3.50,       8.04,      80.40,    281.13,         34.59
       22,          4,    5,         20.26,          3.50,       8.91,      89.14,    311.63,         37.24
       22,          4,    6,         20.72,          3.50,       9.51,      95.13,    332.59,         38.59
       22,          4,    7,         21.05,          3.50,      10.01,     100.03,    349.71,         39.41

