[Radio] Initializing ... success!
Connected to RF power monitor: Rohde&Schwarz,FPC1500,1328.6660K03/205785,V1.80
Connected to DC power monitor: radiolib-org,DCpowerMon,070dd3d
setCurrentLimit, code 0

Set [dBm],paDutyCycle,hpMax,Measured [dBm],Bus voltage[V],Voltage[mV],Current[mA],Power [mW],Efficiency [%]
       -9,          1,    1,        -17.02,          3.50,       0.95,       9.52,     33.36,          0.24
       -9,          1,    2,        -14.51,          3.50,       1.07,      10.69,     37.45,          0.28
       -9,          1,    3,        -13.59,          3.50,       1.16,      11.65,     40.82,          0.28
       -9,          1,    4,        -13.07,          3.50,       1.24,      12.45,     43.63,          0.26
       -9,          1,    5,        -12.74,          3.50,       1.32,      13.23,     46.37,          0.25
       -9,          1,    6,        -12.48,          3.50,       1.40,      13.94,     48.82,          0.24
       -9,          1,    7,        -12.26,          3.50,       1.47,      14.70,     51.52,          0.22
       -9,          2,    1,        -16.41,          3.50,       0.97,       9.70,     34.00,          0.25
       -9,          2,    2,        -14.00,          3.50,       1.09,      10.96,     38.43,          0.29
       -9,          2,    3,        -13.09,          3.50,       1.19,      11.93,     41.79,          0.29
       -9,          2,    4,        -12.55,          3.50,       1.28,      12.82,     44.93,          0.28
       -9,          2,    5,        -12.44,          3.50,       1.36,      13.66,     47.85,          0.25
       -9,          2,    6,        -11.84,          3.50,       1.44,      14.45,     50.65,          0.25
       -9,          2,    7,        -11.55,          3.50,       1.53,      15.27,     53.49,          0.24
       -9,          3,    1,        -15.85,          3.50,       0.99,       9.93,     34.77,          0.26
       -9,          3,    2,        -13.42,          3.50,       1.13,      11.35,     39.76,          0.31
       -9,          3,    3,        -12.66,          3.50,       1.24,      12.44,     43.58,          0.29
       -9,          3,    4,        -12.03,          3.50,       1.34,      13.44,     47.09,          0.28
       -9,          3,    5,        -11.26,          3.50,       1.44,      14.39,     50.40,          0.29
       -9,          3,    6,        -10.91,          3.50,       1.53,      15.25,     53.43,          0.28
       -9,          3,    7,        -10.61,          3.50,       1.61,      16.08,     56.33,          0.28
       -9,          4,    1,        -15.42,          3.50,       1.02,      10.18,     35.69,          0.26
       -9,          4,    2,        -12.86,          3.50,       1.18,      11.80,     41.36,          0.31
       -9,          4,    3,        -11.78,          3.50,       1.31,      13.07,     45.80,          0.32
       -9,          4,    4,        -11.10,          3.50,       1.41,      14.10,     49.41,          0.32
       -9,          4,    5,        -10.65,          3.50,       1.51,      15.10,     52.92,          0.31
       -9,          4,    6,        -10.33,          3.50,       1.59,      15.95,     55.90,          0.30
       -9,          4,    7,        -10.14,          3.50,       1.68,      16.78,     58.79,          0.28
       -8,          1,    1,        -15.73,          3.50,       0.98,       9.78,     34.28,          0.29
       -8,          1,    2,        -13.21,          3.50,       1.11,      11.08,     38.81,          0.35
       -8,          1,    3,        -12.34,          3.50,       1.20,      12.01,     42.10,          0.34
       -8,          1,    4,        -11.89,          3.50,       1.29,      12.86,     45.08,          0.32
       -8,          1,    5,        -11.74,          3.50,       1.36,      13.64,     47.78,          0.29
       -8,          1,    6,        -11.47,          3.50,       1.44,      14.38,     50.39,          0.28
       -8,          1,    7,        -11.07,          3.50,       1.51,      15.15,     53.07,          0.28
       -8,          2,    1,        -15.40,          3.50,       1.00,      10.00,     35.05,          0.28
       -8,          2,    2,        -12.93,          3.50,       1.14,      11.39,     39.90,          0.34
       -8,          2,    3,        -11.86,          3.50,       1.23,      12.37,     43.33,          0.35
       -8,          2,    4,        -11.34,          3.50,       1.33,      13.26,     46.44,          0.34
       -8,          2,    5,        -11.05,          3.50,       1.41,      14.13,     49.53,          0.32
       -8,          2,    6,        -10.64,          3.50,       1.49,      14.96,     52.39,          0.31
       -8,          2,    7,        -10.39,          3.50,       1.58,      15.76,     55.21,          0.30
       -8,          3,    1,        -14.67,          3.50,       1.03,      10.25,     35.92,          0.31
       -8,          3,    2,        -12.32,          3.50,       1.18,      11.79,     41.32,          0.36
       -8,          3,    3,        -11.20,          3.50,       1.30,      12.95,     45.36,          0.37
       -8,          3,    4,        -10.77,          3.50,       1.40,      13.99,     49.04,          0.35
       -8,          3,    5,        -10.05,          3.50,       1.50,      15.01,     52.60,          0.36
       -8,          3,    6,         -9.71,          3.50,       1.59,      15.88,     55.63,          0.35
       -8,          3,    7,         -9.42,          3.50,       1.67,      16.72,     58.59,          0.34
       -8,          4,    1,        -14.15,          3.50,       1.05,      10.55,     36.95,          0.32
       -8,          4,    2,        -11.63,          3.50,       1.23,      12.30,     43.10,          0.38
       -8,          4,    3,        -10.52,          3.50,       1.36,      13.64,     47.79,          0.39
       -8,          4,    4,         -9.85,          3.50,       1.48,      14.80,     51.86,          0.38
       -8,          4,    5,         -9.45,          3.50,       1.58,      15.79,     55.32,          0.37
       -8,          4,    6,         -9.14,          3.50,       1.67,      16.69,     58.47,          0.36
       -8,          4,    7,         -8.93,          3.50,       1.75,      17.50,     61.33,          0.35
       -7,          1,    1,        -14.66,          3.50,       1.00,      10.05,     35.20,          0.33
       -7,          1,    2,        -12.17,          3.50,       1.14,      11.45,     40.11,          0.40
       -7,          1,    3,        -11.32,          3.50,       1.24,      12.38,     43.38,          0.40
       -7,          1,    4,        -10.84,          3.50,       1.32,      13.22,     46.34,          0.38
       -7,          1,    5,        -10.51,          3.50,       1.40,      14.01,     49.10,          0.37
       -7,          1,    6,        -10.30,          3.50,       1.48,      14.82,     51.91,          0.35
       -7,          1,    7,        -10.08,          3.50,       1.55,      15.55,     54.46,          0.33
       -7,          2,    1,        -14.05,          3.50,       1.03,      10.28,     36.01,          0.35
       -7,          2,    2,        -11.67,          3.50,       1.18,      11.76,     41.21,          0.42
       -7,          2,    3,        -10.83,          3.50,       1.28,      12.80,     44.87,          0.41
       -7,          2,    4,        -10.28,          3.50,       1.37,      13.71,     48.04,          0.40
       -7,          2,    5,         -9.87,          3.50,       1.46,      14.66,     51.36,          0.39
       -7,          2,    6,         -9.61,          3.50,       1.54,      15.45,     54.15,          0.37
       -7,          2,    7,         -9.37,          3.50,       1.63,      16.29,     57.06,          0.36
       -7,          3,    1,        -13.76,          3.50,       1.06,      10.58,     37.07,          0.35
       -7,          3,    2,        -11.10,          3.50,       1.22,      12.22,     42.81,          0.43
       -7,          3,    3,        -10.07,          3.50,       1.35,      13.47,     47.20,          0.44
       -7,          3,    4,         -9.49,          3.50,       1.46,      14.58,     51.09,          0.43
       -7,          3,    5,         -9.00,          3.50,       1.56,      15.56,     54.53,          0.43
       -7,          3,    6,         -8.70,          3.50,       1.65,      16.52,     57.88,          0.41
       -7,          3,    7,         -8.38,          3.50,       1.73,      17.34,     60.76,          0.40
       -7,          4,    1,        -12.98,          3.50,       1.10,      10.96,     38.38,          0.37
       -7,          4,    2,        -10.75,          3.50,       1.28,      12.84,     44.98,          0.41
       -7,          4,    3,         -9.72,          3.50,       1.43,      14.25,     49.93,          0.42
       -7,          4,    4,         -8.80,          3.50,       1.55,      15.46,     54.18,          0.45
       -7,          4,    5,         -8.57,          3.50,       1.65,      16.50,     57.81,          0.42
       -7,          4,    6,         -8.07,          3.50,       1.74,      17.38,     60.90,          0.43
       -7,          4,    7,         -7.84,          3.50,       1.83,      18.32,     64.18,          0.42
       -6,          1,    1,        -13.77,          3.50,       1.03,      10.28,     36.01,          0.38
       -6,          1,    2,        -11.23,          3.50,       1.18,      11.79,     41.30,          0.46
       -6,          1,    3,        -10.40,          3.50,       1.28,      12.79,     44.82,          0.46
       -6,          1,    4,         -9.92,          3.50,       1.36,      13.63,     47.74,          0.45
       -6,          1,    5,         -9.63,          3.50,       1.45,      14.49,     50.76,          0.42
       -6,          1,    6,         -9.41,          3.50,       1.52,      15.22,     53.34,          0.40
       -6,          1,    7,         -9.19,          3.50,       1.60,      15.99,     56.03,          0.39
       -6,          2,    1,        -13.11,          3.50,       1.06,      10.59,     37.12,          0.40
       -6,          2,    2,        -10.73,          3.50,       1.21,      12.16,     42.60,          0.48
       -6,          2,    3,         -9.83,          3.50,       1.33,      13.24,     46.41,          0.48
       -6,          2,    4,         -9.34,          3.50,       1.42,      14.16,     49.62,          0.47
       -6,          2,    5,         -8.96,          3.50,       1.51,      15.11,     52.96,          0.45
       -6,          2,    6,         -8.67,          3.50,       1.60,      15.95,     55.87,          0.44
       -6,          2,    7,         -8.42,          3.50,       1.68,      16.80,     58.86,          0.42
       -6,          3,    1,        -12.53,          3.50,       1.09,      10.93,     38.28,          0.42
       -6,          3,    2,        -10.12,          3.50,       1.27,      12.69,     44.45,          0.50
       -6,          3,    3,         -9.10,          3.50,       1.40,      13.98,     48.98,          0.51
       -6,          3,    4,         -8.51,          3.50,       1.51,      15.12,     52.97,          0.50
       -6,          3,    5,         -8.07,          3.50,       1.62,      16.20,     56.75,          0.49
       -6,          3,    6,         -7.74,          3.50,       1.71,      17.10,     59.89,          0.48
       -6,          3,    7,         -7.45,          3.50,       1.81,      18.06,     63.27,          0.47
       -6,          4,    1,        -12.06,          3.50,       1.14,      11.37,     39.83,          0.41
       -6,          4,    2,         -9.55,          3.50,       1.34,      13.38,     46.88,          0.50
       -6,          4,    3,         -8.49,          3.50,       1.49,      14.89,     52.16,          0.52
       -6,          4,    4,         -7.84,          3.50,       1.61,      16.12,     56.50,          0.52
       -6,          4,    5,         -7.48,          3.50,       1.72,      17.18,     60.18,          0.50
       -6,          4,    6,         -7.12,          3.50,       1.82,      18.19,     63.74,          0.50
       -6,          4,    7,         -7.21,          3.50,       1.91,      19.06,     66.76,          0.45
       -5,          1,    1,        -12.39,          3.50,       1.08,      10.84,     37.98,          0.44
       -5,          1,    2,         -9.57,          3.50,       1.25,      12.51,     43.81,          0.58
       -5,          1,    3,         -8.74,          3.50,       1.36,      13.55,     47.46,          0.59
       -5,          1,    4,         -8.53,          3.50,       1.45,      14.47,     50.71,          0.54
       -5,          1,    5,         -8.02,          3.50,       1.53,      15.31,     53.66,          0.55
       -5,          1,    6,         -7.79,          3.50,       1.61,      16.09,     56.36,          0.53
       -5,          1,    7,         -7.60,          3.50,       1.69,      16.87,     59.10,          0.51
       -5,          2,    1,        -11.45,          3.50,       1.13,      11.22,     39.33,          0.50
       -5,          2,    2,         -9.06,          3.50,       1.30,      12.95,     45.37,          0.61
       -5,          2,    3,         -8.17,          3.50,       1.41,      14.11,     49.43,          0.62
       -5,          2,    4,         -7.99,          3.50,       1.51,      15.10,     52.89,          0.57
       -5,          2,    5,         -7.33,          3.50,       1.61,      16.11,     56.43,          0.59
       -5,          2,    6,         -7.09,          3.50,       1.69,      16.94,     59.32,          0.57
       -5,          2,    7,         -6.85,          3.50,       1.78,      17.85,     62.54,          0.55
       -5,          3,    1,        -10.89,          3.50,       1.16,      11.65,     40.80,          0.51
       -5,          3,    2,         -8.45,          3.50,       1.36,      13.63,     47.76,          0.62
       -5,          3,    3,         -7.46,          3.50,       1.50,      15.05,     52.74,          0.64
       -5,          3,    4,         -6.87,          3.50,       1.63,      16.27,     57.01,          0.64
       -5,          3,    5,         -6.43,          3.50,       1.73,      17.34,     60.75,          0.63
       -5,          3,    6,         -6.10,          3.50,       1.84,      18.40,     64.47,          0.62
       -5,          3,    7,         -5.87,          3.50,       1.93,      19.34,     67.76,          0.60
       -5,          4,    1,        -10.39,          3.50,       1.21,      12.11,     42.45,          0.52
       -5,          4,    2,         -7.87,          3.50,       1.44,      14.44,     50.60,          0.63
       -5,          4,    3,         -6.82,          3.50,       1.61,      16.11,     56.45,          0.66
       -5,          4,    4,         -6.18,          3.50,       1.74,      17.43,     61.06,          0.67
       -5,          4,    5,         -5.77,          3.50,       1.86,      18.62,     65.24,          0.65
       -5,          4,    6,         -5.48,          3.50,       1.97,      19.69,     68.95,          0.64
       -5,          4,    7,         -5.42,          3.50,       2.05,      20.55,     71.99,          0.61
       -4,          1,    1,        -11.35,          3.50,       1.11,      11.15,     39.04,          0.52
       -4,          1,    2,         -8.84,          3.50,       1.29,      12.86,     45.07,          0.65
       -4,          1,    3,         -8.03,          3.50,       1.39,      13.94,     48.86,          0.66
       -4,          1,    4,         -7.57,          3.50,       1.49,      14.87,     52.09,          0.64
       -4,          1,    5,         -7.30,          3.50,       1.57,      15.71,     55.05,          0.62
       -4,          1,    6,         -7.09,          3.50,       1.65,      16.51,     57.85,          0.59
       -4,          1,    7,         -6.91,          3.50,       1.73,      17.30,     60.60,          0.57
       -4,          2,    1,        -10.72,          3.50,       1.15,      11.52,     40.37,          0.55
       -4,          2,    2,         -8.34,          3.50,       1.33,      13.33,     46.71,          0.67
       -4,          2,    3,         -7.76,          3.50,       1.46,      14.58,     51.06,          0.64
       -4,          2,    4,         -7.00,          3.50,       1.56,      15.56,     54.53,          0.67
       -4,          2,    5,         -6.64,          3.50,       1.66,      16.57,     58.05,          0.65
       -4,          2,    6,         -6.38,          3.50,       1.75,      17.44,     61.09,          0.63
       -4,          2,    7,         -6.15,          3.50,       1.84,      18.35,     64.29,          0.62
       -4,          3,    1,        -10.16,          3.50,       1.20,      11.95,     41.88,          0.56
       -4,          3,    2,         -7.72,          3.50,       1.40,      14.04,     49.20,          0.69
       -4,          3,    3,         -6.74,          3.50,       1.56,      15.54,     54.43,          0.71
       -4,          3,    4,         -6.16,          3.50,       1.68,      16.79,     58.81,          0.71
       -4,          3,    5,         -5.98,          3.50,       1.80,      17.98,     62.97,          0.66
       -4,          3,    6,         -5.70,          3.50,       1.90,      19.01,     66.59,          0.64
       -4,          3,    7,         -5.16,          3.50,       2.00,      20.01,     70.08,          0.67
       -4,          4,    1,         -9.66,          3.50,       1.25,      12.48,     43.74,          0.57
       -4,          4,    2,         -7.14,          3.50,       1.50,      14.96,     52.42,          0.70
       -4,          4,    3,         -6.15,          3.50,       1.67,      16.71,     58.53,          0.72
       -4,          4,    4,         -5.46,          3.50,       1.81,      18.14,     63.54,          0.73
       -4,          4,    5,         -5.06,          3.50,       1.93,      19.31,     67.62,          0.73
       -4,          4,    6,         -4.76,          3.50,       2.03,      20.36,     71.31,          0.72
       -4,          4,    7,         -4.55,          3.50,       2.13,      21.33,     74.72,          0.70
       -3,          1,    1,        -11.04,          3.50,       1.14,      11.40,     39.96,          0.52
       -3,          1,    2,         -8.19,          3.50,       1.32,      13.21,     46.28,          0.71
       -3,          1,    3,         -7.37,          3.50,       1.44,      14.38,     50.40,          0.72
       -3,          1,    4,         -6.94,          3.50,       1.53,      15.29,     53.58,          0.71
       -3,          1,    5,         -6.67,          3.50,       1.61,      16.13,     56.51,          0.68
       -3,          1,    6,         -6.46,          3.50,       1.69,      16.89,     59.16,          0.66
       -3,          1,    7,         -6.28,          3.50,       1.77,      17.74,     62.14,          0.63
       -3,          2,    1,        -10.07,          3.50,       1.18,      11.82,     41.40,          0.60
       -3,          2,    2,         -7.68,          3.50,       1.37,      13.73,     48.12,          0.74
       -3,          2,    3,         -6.81,          3.50,       1.50,      14.98,     52.50,          0.75
       -3,          2,    4,         -6.64,          3.50,       1.60,      16.00,     56.08,          0.70
       -3,          2,    5,         -5.98,          3.50,       1.70,      17.02,     59.65,          0.73
       -3,          2,    6,         -5.90,          3.50,       1.80,      17.98,     62.99,          0.68
       -3,          2,    7,         -5.62,          3.50,       1.89,      18.89,     66.17,          0.66
       -3,          3,    1,         -9.49,          3.50,       1.23,      12.27,     43.01,          0.62
       -3,          3,    2,         -7.05,          3.50,       1.45,      14.53,     50.91,          0.76
       -3,          3,    3,         -6.07,          3.50,       1.61,      16.08,     56.36,          0.78
       -3,          3,    4,         -5.49,          3.50,       1.73,      17.32,     60.67,          0.79
       -3,          3,    5,         -5.06,          3.50,       1.86,      18.56,     65.04,          0.77
       -3,          3,    6,         -4.75,          3.50,       1.96,      19.64,     68.81,          0.76
       -3,          3,    7,         -4.50,          3.50,       2.06,      20.58,     72.10,          0.75
       -3,          4,    1,         -9.00,          3.50,       1.29,      12.88,     45.12,          0.62
       -3,          4,    2,         -6.63,          3.50,       1.55,      15.49,     54.28,          0.74
       -3,          4,    3,         -5.42,          3.50,       1.73,      17.25,     60.46,          0.81
       -3,          4,    4,         -4.90,          3.50,       1.88,      18.80,     65.85,          0.79
       -3,          4,    5,         -4.41,          3.50,       2.00,      20.00,     70.04,          0.80
       -3,          4,    6,         -4.10,          3.50,       2.11,      21.07,     73.81,          0.79
       -3,          4,    7,         -3.89,          3.50,       2.20,      22.04,     77.18,          0.78
       -2,          1,    1,         -9.56,          3.50,       1.19,      11.91,     41.74,          0.66
       -2,          1,    2,         -7.00,          3.50,       1.39,      13.92,     48.78,          0.84
       -2,          1,    3,         -6.18,          3.50,       1.51,      15.11,     52.93,          0.86
       -2,          1,    4,         -5.76,          3.50,       1.61,      16.07,     56.28,          0.85
       -2,          1,    5,         -5.49,          3.50,       1.69,      16.94,     59.34,          0.82
       -2,          1,    6,         -5.29,          3.50,       1.78,      17.79,     62.35,          0.79
       -2,          1,    7,         -5.33,          3.50,       1.87,      18.63,     65.27,          0.73
       -2,          2,    1,         -8.90,          3.50,       1.24,      12.38,     43.38,          0.70
       -2,          2,    2,         -6.48,          3.50,       1.45,      14.54,     50.94,          0.87
       -2,          2,    3,         -5.62,          3.50,       1.58,      15.86,     55.57,          0.90
       -2,          2,    4,         -5.41,          3.50,       1.69,      16.91,     59.26,          0.84
       -2,          2,    5,         -4.80,          3.50,       1.80,      18.05,     63.24,          0.86
       -2,          2,    6,         -4.55,          3.50,       1.90,      18.96,     66.43,          0.85
       -2,          2,    7,         -4.33,          3.50,       1.99,      19.92,     69.78,          0.82
       -2,          3,    1,         -8.31,          3.50,       1.30,      12.95,     45.38,          0.72
       -2,          3,    2,         -5.85,          3.50,       1.54,      15.41,     54.00,          0.89
       -2,          3,    3,         -4.87,          3.50,       1.71,      17.06,     59.77,          0.93
       -2,          3,    4,         -4.31,          3.50,       1.85,      18.49,     64.77,          0.93
       -2,          3,    5,         -3.95,          3.50,       1.98,      19.77,     69.26,          0.91
       -2,          3,    6,         -3.57,          3.50,       2.08,      20.82,     72.94,          0.92
       -2,          3,    7,         -3.34,          3.50,       2.19,      21.89,     76.66,          0.90
       -2,          4,    1,         -7.82,          3.50,       1.36,      13.62,     47.71,          0.72
       -2,          4,    2,         -5.27,          3.50,       1.65,      16.52,     57.87,          0.90
       -2,          4,    3,         -4.21,          3.50,       1.85,      18.51,     64.83,          0.95
       -2,          4,    4,         -3.59,          3.50,       2.01,      20.10,     70.40,          0.96
       -2,          4,    5,         -3.48,          3.50,       2.14,      21.41,     75.01,          0.89
       -2,          4,    6,         -3.09,          3.50,       2.25,      22.50,     78.82,          0.91
       -2,          4,    7,         -2.70,          3.50,       2.36,      23.55,     82.47,          0.93
       -1,          1,    1,         -8.59,          3.50,       1.24,      12.39,     43.42,          0.75
       -1,          1,    2,         -6.00,          3.50,       1.46,      14.63,     51.27,          0.95
       -1,          1,    3,         -5.17,          3.50,       1.59,      15.88,     55.63,          0.99
       -1,          1,    4,         -4.97,          3.50,       1.68,      16.84,     59.01,          0.93
       -1,          1,    5,         -4.74,          3.50,       1.78,      17.80,     62.35,          0.90
       -1,          1,    6,         -4.29,          3.50,       1.86,      18.63,     65.27,          0.92
       -1,          1,    7,         -4.13,          3.50,       1.95,      19.48,     68.23,          0.89
       -1,          2,    1,         -7.91,          3.50,       1.30,      12.94,     45.35,          0.79
       -1,          2,    2,         -5.47,          3.50,       1.52,      15.25,     53.44,          1.00
       -1,          2,    3,         -4.60,          3.50,       1.67,      16.68,     58.43,          1.03
       -1,          2,    4,         -4.14,          3.50,       1.78,      17.83,     62.47,          1.03
       -1,          2,    5,         -3.79,          3.50,       1.90,      18.98,     66.47,          1.00
       -1,          2,    6,         -3.55,          3.50,       1.99,      19.92,     69.80,          0.98
       -1,          2,    7,         -3.33,          3.50,       2.09,      20.88,     73.15,          0.96
       -1,          3,    1,         -7.33,          3.50,       1.36,      13.62,     47.70,          0.81
       -1,          3,    2,         -4.84,          3.50,       1.63,      16.28,     57.04,          1.02
       -1,          3,    3,         -3.86,          3.50,       1.81,      18.06,     63.26,          1.07
       -1,          3,    4,         -3.52,          3.50,       1.95,      19.54,     68.43,          1.02
       -1,          3,    5,         -2.86,          3.50,       2.08,      20.86,     73.08,          1.07
       -1,          3,    6,         -2.56,          3.50,       2.20,      22.00,     77.05,          1.06
       -1,          3,    7,         -2.31,          3.50,       2.31,      23.12,     80.99,          1.04
       -1,          4,    1,         -6.83,          3.50,       1.43,      14.33,     50.21,          0.82
       -1,          4,    2,         -4.25,          3.50,       1.75,      17.45,     61.13,          1.04
       -1,          4,    3,         -3.20,          3.50,       1.97,      19.66,     68.88,          1.09
       -1,          4,    4,         -2.57,          3.50,       2.13,      21.33,     74.71,          1.11
       -1,          4,    5,         -2.17,          3.50,       2.27,      22.70,     79.50,          1.11
       -1,          4,    6,         -1.89,          3.50,       2.39,      23.89,     83.65,          1.10
       -1,          4,    7,         -1.68,          3.50,       2.50,      25.00,     87.57,          1.08
        0,          1,    1,         -7.70,          3.50,       1.29,      12.91,     45.22,          0.84
        0,          1,    2,         -5.08,          3.50,       1.53,      15.29,     53.60,          1.09
        0,          1,    3,         -4.24,          3.50,       1.66,      16.62,     58.23,          1.13
        0,          1,    4,         -3.83,          3.50,       1.76,      17.63,     61.76,          1.13
        0,          1,    5,         -3.57,          3.50,       1.86,      18.60,     65.16,          1.09
        0,          1,    6,         -3.38,          3.50,       1.95,      19.49,     68.27,          1.06
        0,          1,    7,         -3.22,          3.50,       2.03,      20.31,     71.15,          1.03
        0,          2,    1,         -7.02,          3.50,       1.35,      13.51,     47.33,          0.89
        0,          2,    2,         -4.55,          3.50,       1.61,      16.00,     56.05,          1.13
        0,          2,    3,         -3.68,          3.50,       1.75,      17.52,     61.39,          1.18
        0,          2,    4,         -3.23,          3.50,       1.87,      18.74,     65.66,          1.17
        0,          2,    5,         -2.87,          3.50,       1.99,      19.89,     69.68,          1.16
        0,          2,    6,         -2.62,          3.50,       2.09,      20.88,     73.16,          1.13
        0,          2,    7,         -2.41,          3.50,       2.19,      21.89,     76.66,          1.11
        0,          3,    1,         -6.76,          3.50,       1.42,      14.20,     49.76,          0.85
        0,          3,    2,         -4.19,          3.50,       1.71,      17.10,     59.90,          1.09
        0,          3,    3,         -2.93,          3.50,       1.91,      19.09,     66.89,          1.21
        0,          3,    4,         -2.36,          3.50,       2.06,      20.55,     71.99,          1.23
        0,          3,    5,         -2.19,          3.50,       2.20,      21.99,     77.04,          1.16
        0,          3,    6,         -1.63,          3.50,       2.32,      23.25,     81.43,          1.21
        0,          3,    7,         -1.39,          3.50,       2.44,      24.37,     85.34,          1.20
        0,          4,    1,         -5.94,          3.50,       1.50,      15.00,     52.55,          0.92
        0,          4,    2,         -3.33,          3.50,       1.85,      18.50,     64.81,          1.16
        0,          4,    3,         -2.27,          3.50,       2.08,      20.78,     72.77,          1.24
        0,          4,    4,         -1.64,          3.50,       2.26,      22.61,     79.18,          1.26
        0,          4,    5,         -1.24,          3.50,       2.41,      24.03,     84.17,          1.27
        0,          4,    6,         -0.96,          3.50,       2.54,      25.35,     88.79,          1.25
        0,          4,    7,         -0.99,          3.50,       2.65,      26.49,     92.76,          1.17
        1,          1,    1,         -7.22,          3.50,       1.34,      13.40,     46.93,          0.87
        1,          1,    2,         -4.26,          3.50,       1.60,      15.98,     55.97,          1.21
        1,          1,    3,         -3.71,          3.50,       1.74,      17.36,     60.82,          1.19
        1,          1,    4,         -3.30,          3.50,       1.84,      18.43,     64.58,          1.18
        1,          1,    5,         -2.74,          3.50,       1.94,      19.43,     68.06,          1.23
        1,          1,    6,         -2.56,          3.50,       2.03,      20.27,     70.99,          1.21
        1,          1,    7,         -2.39,          3.50,       2.12,      21.19,     74.21,          1.17
        1,          2,    1,         -6.23,          3.50,       1.41,      14.02,     49.12,          0.99
        1,          2,    2,         -3.71,          3.50,       1.68,      16.76,     58.70,          1.26
        1,          2,    3,         -2.84,          3.50,       1.84,      18.41,     64.51,          1.31
        1,          2,    4,         -2.38,          3.50,       1.96,      19.62,     68.75,          1.32
        1,          2,    5,         -2.30,          3.50,       2.08,      20.80,     72.86,          1.23
        1,          2,    6,         -1.88,          3.50,       2.19,      21.86,     76.57,          1.26
        1,          2,    7,         -1.59,          3.50,       2.29,      22.89,     80.19,          1.26
        1,          3,    1,         -5.63,          3.50,       1.49,      14.87,     52.11,          1.00
        1,          3,    2,         -3.08,          3.50,       1.80,      18.01,     63.11,          1.29
        1,          3,    3,         -2.10,          3.50,       2.01,      20.05,     70.25,          1.36
        1,          3,    4,         -1.52,          3.50,       2.16,      21.64,     75.80,          1.38
        1,          3,    5,         -1.11,          3.50,       2.31,      23.14,     81.05,          1.38
        1,          3,    6,         -0.81,          3.50,       2.44,      24.39,     85.42,          1.37
        1,          3,    7,         -0.57,          3.50,       2.56,      25.62,     89.72,          1.35
        1,          4,    1,         -5.14,          3.50,       1.57,      15.71,     55.05,          1.01
        1,          4,    2,         -2.68,          3.50,       1.95,      19.47,     68.20,          1.24
        1,          4,    3,         -1.43,          3.50,       2.19,      21.93,     76.82,          1.38
        1,          4,    4,         -0.99,          3.50,       2.38,      23.83,     83.48,          1.36
        1,          4,    5,         -0.40,          3.50,       2.54,      25.43,     89.07,          1.42
        1,          4,    6,         -0.11,          3.50,       2.68,      26.76,     93.71,          1.41
        1,          4,    7,          0.09,          3.50,       2.79,      27.93,     97.79,          1.40
        2,          1,    1,         -5.89,          3.50,       1.41,      14.09,     49.35,          1.06
        2,          1,    2,         -3.41,          3.50,       1.69,      16.94,     59.37,          1.32
        2,          1,    3,         -2.30,          3.50,       1.85,      18.54,     64.94,          1.47
        2,          1,    4,         -1.88,          3.50,       1.96,      19.61,     68.71,          1.48
        2,          1,    5,         -1.63,          3.50,       2.06,      20.57,     72.07,          1.46
        2,          1,    6,         -1.45,          3.50,       2.15,      21.51,     75.33,          1.42
        2,          1,    7,         -1.51,          3.50,       2.24,      22.39,     78.42,          1.32
        2,          2,    1,         -5.18,          3.50,       1.49,      14.87,     52.11,          1.12
        2,          2,    2,         -2.61,          3.50,       1.79,      17.90,     62.71,          1.45
        2,          2,    3,         -1.97,          3.50,       1.96,      19.65,     68.83,          1.45
        2,          2,    4,         -1.26,          3.50,       2.09,      20.90,     73.19,          1.55
        2,          2,    5,         -0.93,          3.50,       2.22,      22.18,     77.69,          1.53
        2,          2,    6,         -0.69,          3.50,       2.33,      23.27,     81.50,          1.51
        2,          2,    7,         -0.81,          3.50,       2.44,      24.35,     85.28,          1.38
        2,          3,    1,         -4.58,          3.50,       1.57,      15.72,     55.09,          1.15
        2,          3,    2,         -1.98,          3.50,       1.92,      19.26,     67.44,          1.49
        2,          3,    3,         -0.98,          3.50,       2.14,      21.43,     75.07,          1.59
        2,          3,    4,         -0.41,          3.50,       2.32,      23.16,     81.14,          1.61
        2,          3,    5,          0.01,          3.50,       2.48,      24.82,     86.91,          1.61
        2,          3,    6,          0.30,          3.50,       2.62,      26.18,     91.68,          1.60
        2,          3,    7,          0.54,          3.50,       2.74,      27.43,     96.02,          1.59
        2,          4,    1,         -4.31,          3.50,       1.67,      16.71,     58.53,          1.10
        2,          4,    2,         -1.40,          3.50,       2.08,      20.85,     73.04,          1.50
        2,          4,    3,         -0.32,          3.50,       2.35,      23.58,     82.57,          1.61
        2,          4,    4,          0.31,          3.50,       2.57,      25.70,     90.01,          1.65
        2,          4,    5,          0.72,          3.50,       2.74,      27.35,     95.75,          1.66
        2,          4,    6,          1.00,          3.50,       2.88,      28.77,    100.74,          1.66
        2,          4,    7,          1.06,          3.50,       3.00,      29.96,    104.87,          1.60
        3,          1,    1,         -5.29,          3.50,       1.46,      14.57,     51.03,          1.14
        3,          1,    2,         -2.51,          3.50,       1.76,      17.61,     61.69,          1.53
        3,          1,    3,         -1.64,          3.50,       1.92,      19.24,     67.40,          1.62
        3,          1,    4,         -1.22,          3.50,       2.04,      20.35,     71.28,          1.63
        3,          1,    5,         -0.97,          3.50,       2.14,      21.41,     74.99,          1.60
        3,          1,    6,         -0.79,          3.50,       2.23,      22.30,     78.09,          1.57
        3,          1,    7,         -0.63,          3.50,       2.32,      23.24,     81.39,          1.53
        3,          2,    1,         -4.57,          3.50,       1.54,      15.38,     53.87,          1.21
        3,          2,    2,         -1.95,          3.50,       1.86,      18.61,     65.20,          1.58
        3,          2,    3,         -1.06,          3.50,       2.04,      20.40,     71.45,          1.68
        3,          2,    4,         -0.60,          3.50,       2.18,      21.76,     76.23,          1.70
        3,          2,    5,         -0.26,          3.50,       2.31,      23.11,     80.96,          1.68
        3,          2,    6,         -0.02,          3.50,       2.42,      24.18,     84.70,          1.66
        3,          2,    7,         -0.12,          3.50,       2.53,      25.32,     88.66,          1.53
        3,          3,    1,         -3.96,          3.50,       1.64,      16.35,     57.28,          1.24
        3,          3,    2,         -1.32,          3.50,       2.01,      20.06,     70.27,          1.62
        3,          3,    3,         -0.49,          3.50,       2.24,      22.36,     78.32,          1.67
        3,          3,    4,          0.25,          3.50,       2.42,      24.16,     84.63,          1.77
        3,          3,    5,          0.67,          3.50,       2.59,      25.89,     90.66,          1.77
        3,          3,    6,          0.97,          3.50,       2.72,      27.24,     95.39,          1.77
        3,          3,    7,          1.21,          3.50,       2.86,      28.59,    100.10,          1.75
        3,          4,    1,         -3.46,          3.50,       1.73,      17.35,     60.77,          1.25
        3,          4,    2,         -0.74,          3.50,       2.18,      21.78,     76.31,          1.64
        3,          4,    3,          0.35,          3.50,       2.47,      24.69,     86.46,          1.76
        3,          4,    4,          0.67,          3.50,       2.69,      26.84,     93.97,          1.69
        3,          4,    5,          1.39,          3.50,       2.86,      28.59,    100.11,          1.83
        3,          4,    6,          1.51,          3.50,       3.00,      30.01,    105.09,          1.77
        3,          4,    7,          1.89,          3.50,       3.13,      31.26,    109.45,          1.83
        4,          1,    1,         -4.23,          3.50,       1.54,      15.41,     54.00,          1.30
        4,          1,    2,         -1.35,          3.50,       1.89,      18.91,     66.25,          1.78
        4,          1,    3,         -0.45,          3.50,       2.07,      20.63,     72.26,          1.91
        4,          1,    4,         -0.07,          3.50,       2.19,      21.86,     76.55,          1.91
        4,          1,    5,          0.22,          3.50,       2.29,      22.93,     80.31,          1.90
        4,          1,    6,          0.36,          3.50,       2.39,      23.85,     83.55,          1.86
        4,          1,    7,          0.55,          3.50,       2.48,      24.83,     86.97,          1.83
        4,          2,    1,         -3.50,          3.50,       1.64,      16.39,     57.42,          1.38
        4,          2,    2,         -0.78,          3.50,       2.00,      20.04,     70.21,          1.85
        4,          2,    3,          0.13,          3.50,       2.20,      21.97,     76.96,          1.98
        4,          2,    4,          0.59,          3.50,       2.34,      23.40,     81.95,          2.01
        4,          2,    5,          0.93,          3.50,       2.48,      24.78,     86.76,          2.00
        4,          2,    6,          1.16,          3.50,       2.59,      25.95,     90.87,          1.98
        4,          2,    7,          1.36,          3.50,       2.71,      27.08,     94.83,          1.96
        4,          3,    1,         -2.88,          3.50,       1.74,      17.37,     60.85,          1.43
        4,          3,    2,         -0.15,          3.50,       2.16,      21.59,     75.63,          1.90
        4,          3,    3,          0.56,          3.50,       2.41,      24.12,     84.48,          1.91
        4,          3,    4,          1.45,          3.50,       2.61,      26.05,     91.22,          2.10
        4,          3,    5,          1.87,          3.50,       2.78,      27.83,     97.46,          2.12
        4,          3,    6,          1.96,          3.50,       2.93,      29.28,    102.54,          2.02
        4,          3,    7,          2.41,          3.50,       3.06,      30.61,    107.18,          2.12
        4,          4,    1,         -2.37,          3.50,       1.86,      18.62,     65.24,          1.43
        4,          4,    2,          0.44,          3.50,       2.35,      23.51,     82.36,          1.92
        4,          4,    3,          1.56,          3.50,       2.67,      26.67,     93.40,          2.09
        4,          4,    4,          2.21,          3.50,       2.90,      28.96,    101.42,          2.17
        4,          4,    5,          2.63,          3.50,       3.08,      30.77,    107.72,          2.21
        4,          4,    6,          2.92,          3.50,       3.23,      32.31,    113.10,          2.22
        4,          4,    7,          3.13,          3.50,       3.36,      33.56,    117.50,          2.22
        5,          1,    1,         -3.56,          3.50,       1.60,      16.01,     56.09,          1.42
        5,          1,    2,         -0.59,          3.50,       1.99,      19.82,     69.43,          1.96
        5,          1,    3,          0.33,          3.50,       2.16,      21.63,     75.77,          2.13
        5,          1,    4,          0.76,          3.50,       2.29,      22.85,     80.02,          2.16
        5,          1,    5,          1.00,          3.50,       2.39,      23.91,     83.74,          2.14
        5,          1,    6,          1.18,          3.50,       2.49,      24.92,     87.26,          2.11
        5,          1,    7,          1.11,          3.50,       2.59,      25.88,     90.61,          1.97
        5,          2,    1,         -2.81,          3.50,       1.70,      17.00,     59.59,          1.51
        5,          2,    2,         -0.02,          3.50,       2.10,      20.98,     73.46,          2.05
        5,          2,    3,          0.91,          3.50,       2.30,      23.02,     80.65,          2.21
        5,          2,    4,          1.38,          3.50,       2.45,      24.48,     85.76,          2.26
        5,          2,    5,          1.71,          3.50,       2.59,      25.89,     90.68,          2.25
        5,          2,    6,          1.94,          3.50,       2.71,      27.08,     94.83,          2.24
        5,          2,    7,          2.15,          3.50,       2.83,      28.28,     99.01,          2.21
        5,          3,    1,         -2.18,          3.50,       1.82,      18.17,     63.65,          1.56
        5,          3,    2,          0.62,          3.50,       2.27,      22.65,     79.33,          2.12
        5,          3,    3,          1.46,          3.50,       2.53,      25.31,     88.65,          2.20
        5,          3,    4,          2.25,          3.50,       2.72,      27.24,     95.41,          2.38
        5,          3,    5,          2.67,          3.50,       2.91,      29.08,    101.81,          2.41
        5,          3,    6,          2.97,          3.50,       3.05,      30.53,    106.91,          2.42
        5,          3,    7,          3.22,          3.50,       3.19,      31.94,    111.83,          2.42
        5,          4,    1,         -1.66,          3.50,       1.94,      19.43,     68.06,          1.58
        5,          4,    2,          1.23,          3.50,       2.47,      24.72,     86.57,          2.15
        5,          4,    3,          2.12,          3.50,       2.79,      27.90,     97.70,          2.24
        5,          4,    4,          3.03,          3.50,       3.03,      30.26,    105.94,          2.48
        5,          4,    5,          3.45,          3.50,       3.22,      32.20,    112.73,          2.52
        5,          4,    6,          3.75,          3.50,       3.37,      33.72,    118.03,          2.54
        5,          4,    7,          3.96,          3.50,       3.50,      35.02,    122.59,          2.55
        6,          1,    1,         -2.77,          3.50,       1.67,      16.73,     58.60,          1.57
        6,          1,    2,          0.35,          3.50,       2.09,      20.91,     73.25,          2.25
        6,          1,    3,          1.31,          3.50,       2.29,      22.84,     79.99,          2.46
        6,          1,    4,          1.74,          3.50,       2.41,      24.10,     84.39,          2.52
        6,          1,    5,          1.98,          3.50,       2.52,      25.21,     88.30,          2.50
        6,          1,    6,          2.16,          3.50,       2.62,      26.22,     91.82,          2.46
        6,          1,    7,          2.30,          3.50,       2.72,      27.17,     95.12,          2.42
        6,          2,    1,         -2.02,          3.50,       1.79,      17.89,     62.68,          1.67
        6,          2,    2,          0.94,          3.50,       2.21,      22.16,     77.62,          2.36
        6,          2,    3,          1.89,          3.50,       2.43,      24.28,     85.03,          2.58
        6,          2,    4,          2.36,          3.50,       2.58,      25.77,     90.23,          2.64
        6,          2,    5,          2.69,          3.50,       2.72,      27.21,     95.29,          2.65
        6,          2,    6,          2.92,          3.50,       2.85,      28.46,     99.65,          2.63
        6,          2,    7,          2.88,          3.50,       2.96,      29.61,    103.69,          2.47
        6,          3,    1,         -1.50,          3.50,       1.91,      19.13,     67.01,          1.68
        6,          3,    2,          1.59,          3.50,       2.39,      23.90,     83.70,          2.45
        6,          3,    3,          2.66,          3.50,       2.67,      26.67,     93.39,          2.70
        6,          3,    4,          3.24,          3.50,       2.87,      28.66,    100.36,          2.80
        6,          3,    5,          3.67,          3.50,       3.05,      30.51,    106.83,          2.84
        6,          3,    6,          3.96,          3.50,       3.21,      32.09,    112.34,          2.85
        6,          3,    7,          4.21,          3.50,       3.35,      33.50,    117.29,          2.85
        6,          4,    1,         -0.80,          3.50,       2.04,      20.42,     71.55,          1.79
        6,          4,    2,          2.23,          3.50,       2.60,      26.03,     91.17,          2.52
        6,          4,    3,          3.28,          3.50,       2.94,      29.44,    103.07,          2.73
        6,          4,    4,          4.04,          3.50,       3.19,      31.92,    111.74,          2.92
        6,          4,    5,          4.47,          3.50,       3.39,      33.91,    118.73,          2.98
        6,          4,    6,          4.76,          3.50,       3.55,      35.52,    124.34,          3.01
        6,          4,    7,          4.97,          3.50,       3.69,      36.92,    129.22,          3.01
        7,          1,    1,         -1.87,          3.50,       1.75,      17.48,     61.25,          1.80
        7,          1,    2,          1.46,          3.50,       2.21,      22.06,     77.27,          2.68
        7,          1,    3,          2.45,          3.50,       2.41,      24.13,     84.51,          2.96
        7,          1,    4,          2.89,          3.50,       2.54,      25.40,     88.96,          3.05
        7,          1,    5,          3.12,          3.50,       2.66,      26.55,     92.96,          3.02
        7,          1,    6,          3.29,          3.50,       2.75,      27.49,     96.25,          3.00
        7,          1,    7,          3.43,          3.50,       2.85,      28.49,     99.75,          2.95
        7,          2,    1,         -1.10,          3.50,       1.88,      18.75,     65.70,          1.91
        7,          2,    2,          2.06,          3.50,       2.34,      23.38,     81.89,          2.83
        7,          2,    3,          2.98,          3.50,       2.56,      25.62,     89.71,          3.07
        7,          2,    4,          3.49,          3.50,       2.71,      27.15,     95.08,          3.19
        7,          2,    5,          3.82,          3.50,       2.86,      28.64,    100.29,          3.20
        7,          2,    6,          3.82,          3.50,       2.98,      29.85,    104.53,          3.03
        7,          2,    7,          4.24,          3.50,       3.11,      31.07,    108.77,          3.17
        7,          3,    1,         -0.40,          3.50,       2.01,      20.08,     70.36,          2.01
        7,          3,    2,          2.73,          3.50,       2.53,      25.26,     88.48,          2.95
        7,          3,    3,          3.79,          3.50,       2.82,      28.16,     98.59,          3.25
        7,          3,    4,          4.36,          3.50,       3.02,      30.22,    105.82,          3.38
        7,          3,    5,          4.78,          3.50,       3.22,      32.22,    112.82,          3.43
        7,          3,    6,          5.07,          3.50,       3.38,      33.78,    118.27,          3.45
        7,          3,    7,          5.32,          3.50,       3.53,      35.30,    123.59,          3.45
        7,          4,    1,          0.25,          3.50,       2.15,      21.49,     75.27,          2.10
        7,          4,    2,          3.30,          3.50,       2.75,      27.51,     96.35,          2.99
        7,          4,    3,          4.52,          3.50,       3.11,      31.13,    109.00,          3.36
        7,          4,    4,          4.94,          3.50,       3.38,      33.78,    118.26,          3.34
        7,          4,    5,          5.59,          3.50,       3.60,      35.95,    125.83,          3.59
        7,          4,    6,          5.88,          3.50,       3.77,      37.66,    131.83,          3.62
        7,          4,    7,          6.09,          3.50,       3.92,      39.20,    137.20,          3.61
        8,          1,    1,         -0.95,          3.50,       1.81,      18.11,     63.45,          2.10
        8,          1,    2,          2.49,          3.50,       2.30,      23.00,     80.54,          3.20
        8,          1,    3,          3.49,          3.50,       2.52,      25.19,     88.23,          3.54
        8,          1,    4,          3.93,          3.50,       2.66,      26.55,     92.97,          3.64
        8,          1,    5,          4.16,          3.50,       2.77,      27.65,     96.84,          3.64
        8,          1,    6,          4.32,          3.50,       2.87,      28.69,    100.47,          3.59
        8,          1,    7,          4.46,          3.50,       2.97,      29.68,    103.91,          3.54
        8,          2,    1,         -0.08,          3.50,       1.94,      19.43,     68.07,          2.29
        8,          2,    2,          3.09,          3.50,       2.44,      24.40,     85.46,          3.38
        8,          2,    3,          3.86,          3.50,       2.68,      26.81,     93.87,          3.54
        8,          2,    4,          4.52,          3.50,       2.84,      28.39,     99.42,          3.81
        8,          2,    5,          4.84,          3.50,       2.99,      29.92,    104.76,          3.82
        8,          2,    6,          5.05,          3.50,       3.11,      31.14,    109.04,          3.81
        8,          2,    7,          5.24,          3.50,       3.24,      32.43,    113.54,          3.78
        8,          3,    1,          0.65,          3.50,       2.08,      20.80,     72.85,          2.43
        8,          3,    2,          3.75,          3.50,       2.64,      26.44,     92.57,          3.51
        8,          3,    3,          4.81,          3.50,       2.95,      29.49,    103.27,          3.87
        8,          3,    4,          5.37,          3.50,       3.17,      31.71,    111.02,          4.00
        8,          3,    5,          5.78,          3.50,       3.38,      33.77,    118.23,          4.06
        8,          3,    6,          6.06,          3.50,       3.54,      35.43,    124.05,          4.08
        8,          3,    7,          6.30,          3.50,       3.71,      37.06,    129.73,          4.08
        8,          4,    1,          1.24,          3.50,       2.23,      22.31,     78.13,          2.50
        8,          4,    2,          4.38,          3.50,       2.89,      28.89,    101.16,          3.59
        8,          4,    3,          5.34,          3.50,       3.28,      32.77,    114.70,          3.81
        8,          4,    4,          6.01,          3.50,       3.56,      35.55,    124.43,          4.01
        8,          4,    5,          6.58,          3.50,       3.79,      37.89,    132.62,          4.22
        8,          4,    6,          6.87,          3.50,       3.98,      39.77,    139.19,          4.25
        8,          4,    7,          7.07,          3.50,       4.13,      41.29,    144.54,          4.26
        9,          1,    1,          0.11,          3.50,       1.87,      18.67,     65.41,          2.56
        9,          1,    2,          3.57,          3.50,       2.40,      24.01,     84.08,          3.87
        9,          1,    3,          4.58,          3.50,       2.64,      26.41,     92.47,          4.27
        9,          1,    4,          4.97,          3.50,       2.78,      27.82,     97.41,          4.35
        9,          1,    5,          5.24,          3.50,       2.90,      28.99,    101.48,          4.39
        9,          1,    6,          5.40,          3.50,       3.00,      29.98,    104.97,          4.35
        9,          1,    7,          5.27,          3.50,       3.10,      30.97,    108.44,          4.05
        9,          2,    1,          0.71,          3.50,       2.01,      20.08,     70.35,          2.61
        9,          2,    2,          4.16,          3.50,       2.56,      25.57,     89.55,          4.05
        9,          2,    3,          5.13,          3.50,       2.82,      28.16,     98.60,          4.44
        9,          2,    4,          5.59,          3.50,       2.98,      29.80,    104.34,          4.57
        9,          2,    5,          5.90,          3.50,       3.14,      31.37,    109.85,          4.59
        9,          2,    6,          6.11,          3.50,       3.27,      32.70,    114.46,          4.57
        9,          2,    7,          6.30,          3.50,       3.40,      33.99,    118.98,          4.55
        9,          3,    1,          1.69,          3.50,       2.16,      21.57,     75.55,          2.92
        9,          3,    2,          4.81,          3.50,       2.77,      27.74,     97.16,          4.20
        9,          3,    3,          5.86,          3.50,       3.10,      30.99,    108.51,          4.62
        9,          3,    4,          6.41,          3.50,       3.34,      33.36,    116.80,          4.77
        9,          3,    5,          6.82,          3.50,       3.56,      35.57,    124.50,          4.83
        9,          3,    6,          7.10,          3.50,       3.73,      37.32,    130.66,          4.85
        9,          3,    7,          7.33,          3.50,       3.90,      39.03,    136.61,          4.85
        9,          4,    1,          2.02,          3.50,       2.32,      23.22,     81.33,          2.83
        9,          4,    2,          5.41,          3.50,       3.04,      30.37,    106.31,          4.28
        9,          4,    3,          6.55,          3.50,       3.45,      34.54,    120.90,          4.72
        9,          4,    4,          7.18,          3.50,       3.76,      37.57,    131.49,          4.91
        9,          4,    5,          7.60,          3.50,       4.02,      40.14,    140.48,          4.99
        9,          4,    6,          7.89,          3.50,       4.22,      42.13,    147.45,          5.02
        9,          4,    7,          8.06,          3.50,       4.38,      43.77,    153.18,          5.00
       10,          1,    1,          1.02,          3.50,       1.91,      19.08,     66.83,          3.04
       10,          1,    2,          4.50,          3.50,       2.50,      25.01,     87.60,          4.51
       10,          1,    3,          5.53,          3.50,       2.76,      27.58,     96.59,          5.00
       10,          1,    4,          5.96,          3.50,       2.91,      29.10,    101.90,          5.15
       10,          1,    5,          6.19,          3.50,       3.03,      30.29,    106.07,          5.14
       10,          1,    6,          6.35,          3.50,       3.13,      31.35,    109.76,          5.10
       10,          1,    7,          6.47,          3.50,       3.24,      32.37,    113.34,          5.04
       10,          2,    1,          1.87,          3.50,       2.06,      20.61,     72.18,          3.27
       10,          2,    2,          5.09,          3.50,       2.67,      26.67,     93.40,          4.73
       10,          2,    3,          6.07,          3.50,       2.94,      29.46,    103.14,          5.19
       10,          2,    4,          6.53,          3.50,       3.12,      31.16,    109.08,          5.36
       10,          2,    5,          6.84,          3.50,       3.29,      32.84,    114.99,          5.37
       10,          2,    6,          7.05,          3.50,       3.42,      34.18,    119.67,          5.36
       10,          2,    7,          7.23,          3.50,       3.55,      35.55,    124.45,          5.32
       10,          3,    1,          2.58,          3.50,       2.22,      22.24,     77.91,          3.43
       10,          3,    2,          5.69,          3.50,       2.90,      28.99,    101.52,          4.86
       10,          3,    3,          6.79,          3.50,       3.26,      32.55,    113.94,          5.37
       10,          3,    4,          7.33,          3.50,       3.50,      34.97,    122.44,          5.56
       10,          3,    5,          7.41,          3.50,       3.73,      37.30,    130.57,          5.22
       10,          3,    6,          8.01,          3.50,       3.92,      39.23,    137.32,          5.64
       10,          3,    7,          8.25,          3.50,       4.10,      41.00,    143.51,          5.64
       10,          4,    1,          3.15,          3.50,       2.40,      23.96,     83.91,          3.51
       10,          4,    2,          6.32,          3.50,       3.18,      31.82,    111.40,          4.96
       10,          4,    3,          7.47,          3.50,       3.63,      36.33,    127.19,          5.47
       10,          4,    4,          8.09,          3.50,       3.96,      39.56,    138.48,          5.68
       10,          4,    5,          8.52,          3.50,       4.23,      42.32,    148.13,          5.78
       10,          4,    6,          8.80,          3.50,       4.44,      44.39,    155.37,          5.83
       10,          4,    7,          9.02,          3.50,       4.62,      46.24,    161.82,          5.83
       11,          1,    1,          1.84,          3.50,       1.95,      19.55,     68.48,          3.54
       11,          1,    2,          5.38,          3.50,       2.60,      26.03,     91.17,          5.25
       11,          1,    3,          6.45,          3.50,       2.89,      28.90,    101.21,          5.82
       11,          1,    4,          6.89,          3.50,       3.05,      30.49,    106.74,          6.00
       11,          1,    5,          7.12,          3.50,       3.18,      31.75,    111.16,          6.00
       11,          1,    6,          7.27,          3.50,       3.28,      32.84,    114.97,          5.96
       11,          1,    7,          7.40,          3.50,       3.39,      33.86,    118.53,          5.90
       11,          2,    1,          2.71,          3.50,       2.12,      21.19,     74.21,          3.81
       11,          2,    2,          5.99,          3.50,       2.79,      27.88,     97.63,          5.48
       11,          2,    3,          6.99,          3.50,       3.09,      30.89,    108.14,          6.04
       11,          2,    4,          7.45,          3.50,       3.28,      32.73,    114.60,          6.22
       11,          2,    5,          7.76,          3.50,       3.44,      34.42,    120.49,          6.27
       11,          2,    6,          7.97,          3.50,       3.59,      35.87,    125.54,          6.25
       11,          2,    7,          8.16,          3.50,       3.73,      37.32,    130.64,          6.21
       11,          3,    1,          3.16,          3.50,       2.29,      22.91,     80.24,          3.76
       11,          3,    2,          6.62,          3.50,       3.03,      30.34,    106.22,          5.66
       11,          3,    3,          7.70,          3.50,       3.41,      34.12,    119.42,          6.24
       11,          3,    4,          8.25,          3.50,       3.68,      36.80,    128.79,          6.45
       11,          3,    5,          8.65,          3.50,       3.93,      39.29,    137.51,          6.53
       11,          3,    6,          8.93,          3.50,       4.13,      41.28,    144.50,          6.55
       11,          3,    7,          9.16,          3.50,       4.32,      43.15,    151.04,          6.55
       11,          4,    1,          3.97,          3.50,       2.47,      24.75,     86.68,          4.04
       11,          4,    2,          7.20,          3.50,       3.33,      33.34,    116.71,          5.73
       11,          4,    3,          8.37,          3.50,       3.82,      38.24,    133.85,          6.31
       11,          4,    4,          8.99,          3.50,       4.17,      41.77,    146.19,          6.55
       11,          4,    5,          9.42,          3.50,       4.47,      44.67,    156.34,          6.66
       11,          4,    6,          9.71,          3.50,       4.70,      46.98,    164.44,          6.71
       11,          4,    7,          9.93,          3.50,       4.89,      48.88,    171.09,          6.74
       12,          1,    1,          2.60,          3.50,       2.00,      19.97,     69.95,          4.08
       12,          1,    2,          6.06,          3.50,       2.72,      27.23,     95.33,          5.77
       12,          1,    3,          7.38,          3.50,       3.04,      30.39,    106.41,          6.74
       12,          1,    4,          7.78,          3.50,       3.22,      32.19,    112.70,          6.87
       12,          1,    5,          8.07,          3.50,       3.35,      33.45,    117.12,          6.98
       12,          1,    6,          8.22,          3.50,       3.45,      34.55,    120.94,          6.94
       12,          1,    7,          8.35,          3.50,       3.57,      35.68,    124.91,          6.86
       12,          2,    1,          3.48,          3.50,       2.17,      21.72,     76.07,          4.39
       12,          2,    2,          6.60,          3.50,       2.93,      29.22,    102.30,          5.93
       12,          2,    3,          7.93,          3.50,       3.26,      32.58,    114.06,          6.99
       12,          2,    4,          8.14,          3.50,       3.45,      34.52,    120.83,          6.82
       12,          2,    5,          8.71,          3.50,       3.64,      36.41,    127.45,          7.28
       12,          2,    6,          8.93,          3.50,       3.79,      37.89,    132.61,          7.28
       12,          2,    7,          8.81,          3.50,       3.94,      39.40,    137.93,          6.75
       12,          3,    1,          4.19,          3.50,       2.36,      23.54,     82.46,          4.59
       12,          3,    2,          7.51,          3.50,       3.19,      31.89,    111.62,          6.52
       12,          3,    3,          8.63,          3.50,       3.61,      36.02,    126.09,          7.23
       12,          3,    4,          9.18,          3.50,       3.89,      38.92,    136.21,          7.47
       12,          3,    5,          9.60,          3.50,       4.16,      41.59,    145.57,          7.57
       12,          3,    6,          9.87,          3.50,       4.37,      43.69,    152.92,          7.61
       12,          3,    7,         10.11,          3.50,       4.57,      45.74,    160.08,          7.61
       12,          4,    1,          4.72,          3.50,       2.55,      25.47,     89.20,          4.63
       12,          4,    2,          8.09,          3.50,       3.50,      35.03,    122.61,          6.62
       12,          4,    3,          9.29,          3.50,       4.04,      40.42,    141.46,          7.30
       12,          4,    4,          9.69,          3.50,       4.42,      44.19,    154.66,          7.19
       12,          4,    5,         10.37,          3.50,       4.74,      47.41,    165.95,          7.73
       12,          4,    6,         10.66,          3.50,       4.99,      49.90,    174.63,          7.79
       12,          4,    7,         10.88,          3.50,       5.21,      52.06,    182.19,          7.81
       13,          1,    1,          3.33,          3.50,       2.04,      20.41,     71.51,          4.67
       13,          1,    2,          7.16,          3.50,       2.86,      28.56,     99.99,          6.97
       13,          1,    3,          8.36,          3.50,       3.23,      32.24,    112.89,          7.85
       13,          1,    4,          8.82,          3.50,       3.42,      34.16,    119.57,          8.10
       13,          1,    5,          9.09,          3.50,       3.56,      35.58,    124.56,          8.18
       13,          1,    6,          9.24,          3.50,       3.67,      36.73,    128.57,          8.15
       13,          1,    7,          9.37,          3.50,       3.79,      37.86,    132.52,          8.07
       13,          2,    1,          4.22,          3.50,       2.23,      22.28,     78.03,          5.01
       13,          2,    2,          7.81,          3.50,       3.08,      30.78,    107.76,          7.32
       13,          2,    3,          8.92,          3.50,       3.45,      34.54,    120.91,          8.16
       13,          2,    4,          9.41,          3.50,       3.68,      36.78,    128.73,          8.43
       13,          2,    5,          9.73,          3.50,       3.88,      38.76,    135.68,          8.51
       13,          2,    6,          9.94,          3.50,       4.03,      40.33,    141.17,          8.52
       13,          2,    7,         10.13,          3.50,       4.20,      41.97,    146.89,          8.48
       13,          3,    1,          4.94,          3.50,       2.42,      24.24,     84.91,          5.24
       13,          3,    2,          8.45,          3.50,       3.37,      33.65,    117.80,          7.56
       13,          3,    3,          9.61,          3.50,       3.84,      38.35,    134.24,          8.40
       13,          3,    4,         10.19,          3.50,       4.15,      41.47,    145.16,          8.72
       13,          3,    5,         10.61,          3.50,       4.44,      44.35,    155.22,          8.87
       13,          3,    6,         10.90,          3.50,       4.67,      46.65,    163.29,          8.91
       13,          3,    7,         11.14,          3.50,       4.88,      48.82,    170.89,          8.93
       13,          4,    1,          5.51,          3.50,       2.63,      26.28,     92.04,          5.33
       13,          4,    2,          9.03,          3.50,       3.70,      37.00,    129.51,          7.67
       13,          4,    3,         10.27,          3.50,       4.30,      43.01,    150.54,          8.51
       13,          4,    4,         10.93,          3.50,       4.72,      47.15,    165.03,          8.86
       13,          4,    5,         11.39,          3.50,       5.08,      50.73,    177.55,          9.04
       13,          4,    6,         11.69,          3.50,       5.35,      53.52,    187.33,          9.11
       13,          4,    7,         11.92,          3.50,       5.59,      55.85,    195.48,          9.15
       14,          1,    1,          3.87,          3.50,       2.08,      20.75,     72.71,          5.16
       14,          1,    2,          7.89,          3.50,       2.98,      29.77,    104.22,          7.81
       14,          1,    3,          9.17,          3.50,       3.40,      34.00,    119.05,          8.83
       14,          1,    4,          9.73,          3.50,       3.62,      36.17,    126.60,          9.30
       14,          1,    5,          9.97,          3.50,       3.77,      37.65,    131.80,          9.35
       14,          1,    6,         10.14,          3.50,       3.89,      38.89,    136.14,          9.34
       14,          1,    7,         10.26,          3.50,       4.01,      40.08,    140.27,          9.26
       14,          2,    1,          4.77,          3.50,       2.27,      22.70,     79.51,          5.55
       14,          2,    2,          8.57,          3.50,       3.23,      32.28,    113.03,          8.21
       14,          2,    3,          9.74,          3.50,       3.66,      36.57,    128.01,          9.17
       14,          2,    4,         10.28,          3.50,       3.90,      38.97,    136.42,          9.61
       14,          2,    5,         10.61,          3.50,       4.11,      41.06,    143.73,          9.72
       14,          2,    6,         10.83,          3.50,       4.28,      42.77,    149.71,          9.73
       14,          2,    7,         11.02,          3.50,       4.44,      44.43,    155.50,          9.72
       14,          3,    1,          5.52,          3.50,       2.48,      24.83,     86.97,          5.78
       14,          3,    2,          9.22,          3.50,       3.53,      35.34,    123.69,          8.51
       14,          3,    3,         10.47,          3.50,       4.06,      40.58,    142.03,          9.54
       14,          3,    4,         11.06,          3.50,       4.39,      43.92,    153.72,          9.95
       14,          3,    5,         11.50,          3.50,       4.71,      47.09,    164.81,         10.12
       14,          3,    6,         11.56,          3.50,       4.95,      49.52,    173.31,          9.68
       14,          3,    7,         12.04,          3.50,       5.19,      51.91,    181.67,         10.24
       14,          4,    1,          5.96,          3.50,       2.69,      26.90,     94.18,          5.74
       14,          4,    2,          9.80,          3.50,       3.89,      38.92,    136.24,          8.62
       14,          4,    3,         11.12,          3.50,       4.55,      45.55,    159.41,          9.66
       14,          4,    4,         11.80,          3.50,       5.00,      50.03,    175.12,         10.11
       14,          4,    5,         12.28,          3.50,       5.40,      54.01,    189.02,         10.33
       14,          4,    6,         12.56,          3.50,       5.70,      57.03,    199.60,         10.36
       14,          4,    7,         12.84,          3.50,       5.96,      59.62,    208.64,         10.49
       15,          1,    1,          4.29,          3.50,       2.11,      21.08,     73.85,          5.58
       15,          1,    2,          8.54,          3.50,       3.09,      30.84,    107.97,          8.67
       15,          1,    3,          9.90,          3.50,       3.59,      35.85,    125.50,          9.78
       15,          1,    4,         10.57,          3.50,       3.84,      38.36,    134.27,         10.50
       15,          1,    5,         10.84,          3.50,       4.00,      40.00,    140.00,         10.62
       15,          1,    6,         11.01,          3.50,       4.12,      41.22,    144.30,         10.63
       15,          1,    7,         11.13,          3.50,       4.24,      42.40,    148.43,         10.56
       15,          2,    1,          5.22,          3.50,       2.31,      23.15,     81.08,          5.98
       15,          2,    2,          9.26,          3.50,       3.37,      33.70,    117.97,          9.12
       15,          2,    3,         10.58,          3.50,       3.87,      38.69,    135.42,         10.39
       15,          2,    4,         10.99,          3.50,       4.13,      41.32,    144.63,         10.54
       15,          2,    5,         11.45,          3.50,       4.35,      43.54,    152.39,         11.01
       15,          2,    6,         11.68,          3.50,       4.53,      45.33,    158.67,         11.04
       15,          2,    7,         11.87,          3.50,       4.70,      47.04,    164.65,         11.05
       15,          3,    1,          5.98,          3.50,       2.53,      25.29,     88.55,          6.27
       15,          3,    2,          9.62,          3.50,       3.70,      36.99,    129.48,          8.80
       15,          3,    3,         11.26,          3.50,       4.29,      42.91,    150.20,         10.72
       15,          3,    4,         11.70,          3.50,       4.65,      46.54,    162.87,         10.76
       15,          3,    5,         12.34,          3.50,       4.99,      49.91,    174.68,         11.48
       15,          3,    6,         12.64,          3.50,       5.26,      52.58,    184.05,         11.58
       15,          3,    7,         12.91,          3.50,       5.52,      55.21,    193.22,         11.64
       15,          4,    1,          6.54,          3.50,       2.74,      27.42,     96.03,          6.38
       15,          4,    2,         10.41,          3.50,       4.07,      40.73,    142.57,          9.38
       15,          4,    3,         11.92,          3.50,       4.81,      48.06,    168.21,         10.88
       15,          4,    4,         12.63,          3.50,       5.30,      53.03,    185.58,         11.44
       15,          4,    5,         13.14,          3.50,       5.74,      57.42,    200.95,         11.73
       15,          4,    6,         13.18,          3.50,       6.07,      60.70,    212.43,         11.11
       15,          4,    7,         13.77,          3.50,       6.35,      63.50,    222.21,         12.12
       16,          1,    1,          4.38,          3.50,       2.14,      21.39,     74.92,          5.56
       16,          1,    2,          8.90,          3.50,       3.20,      32.02,    112.10,          8.99
       16,          1,    3,         10.80,          3.50,       3.79,      37.90,    132.68,         11.24
       16,          1,    4,         11.20,          3.50,       4.08,      40.81,    142.82,         11.26
       16,          1,    5,         11.74,          3.50,       4.26,      42.60,    149.11,         12.09
       16,          1,    6,         11.91,          3.50,       4.39,      43.92,    153.72,         12.11
       16,          1,    7,         11.83,          3.50,       4.52,      45.17,    158.12,         11.51
       16,          2,    1,          5.54,          3.50,       2.35,      23.50,     82.33,          6.30
       16,          2,    2,          9.91,          3.50,       3.51,      35.11,    122.91,         10.06
       16,          2,    3,         11.40,          3.50,       4.10,      41.01,    143.55,         11.69
       16,          2,    4,         11.98,          3.50,       4.40,      43.99,    153.99,         12.30
       16,          2,    5,         12.34,          3.50,       4.64,      46.37,    162.29,         12.54
       16,          2,    6,         12.57,          3.50,       4.82,      48.17,    168.59,         12.63
       16,          2,    7,         12.78,          3.50,       5.01,      50.05,    175.17,         12.67
       16,          3,    1,          6.30,          3.50,       2.57,      25.76,     90.20,          6.60
       16,          3,    2,         10.60,          3.50,       3.87,      38.73,    135.56,         10.44
       16,          3,    3,         12.08,          3.50,       4.55,      45.52,    159.33,         12.08
       16,          3,    4,         12.76,          3.50,       4.95,      49.49,    173.23,         12.78
       16,          3,    5,         13.26,          3.50,       5.32,      53.16,    186.06,         13.20
       16,          3,    6,         13.62,          3.50,       5.60,      55.96,    195.87,         13.51
       16,          3,    7,         13.66,          3.50,       5.87,      58.75,    205.62,         12.89
       16,          4,    1,          6.86,          3.50,       2.80,      27.96,     97.91,          6.70
       16,          4,    2,         11.11,          3.50,       4.27,      42.66,    149.32,         10.42
       16,          4,    3,         12.75,          3.50,       5.09,      50.94,    178.29,         12.32
       16,          4,    4,         13.57,          3.50,       5.64,      56.35,    197.22,         13.26
       16,          4,    5,         14.21,          3.50,       6.10,      60.97,    213.39,         14.02
       16,          4,    6,         14.63,          3.50,       6.44,      64.34,    225.12,         14.53
       16,          4,    7,         14.95,          3.50,       6.72,      67.24,    235.25,         14.88
       17,          1,    1,          4.58,          3.50,       2.16,      21.64,     75.79,          5.73
       17,          1,    2,          9.62,          3.50,       3.29,      32.93,    115.29,         10.22
       17,          1,    3,         11.50,          3.50,       3.99,      39.92,    139.74,         12.39
       17,          1,    4,         12.23,          3.50,       4.32,      43.21,    151.23,         13.32
       17,          1,    5,         12.58,          3.50,       4.51,      45.12,    157.91,         13.69
       17,          1,    6,         12.77,          3.50,       4.64,      46.39,    162.37,         13.84
       17,          1,    7,         12.90,          3.50,       4.75,      47.54,    166.38,         13.86
       17,          2,    1,          5.74,          3.50,       2.38,      23.81,     83.40,          6.49
       17,          2,    2,         10.45,          3.50,       3.64,      36.38,    127.37,         10.90
       17,          2,    3,         12.15,          3.50,       4.33,      43.31,    151.59,         13.03
       17,          2,    4,         12.83,          3.50,       4.66,      46.54,    162.88,         13.98
       17,          2,    5,         13.12,          3.50,       4.89,      48.92,    171.24,         14.10
       17,          2,    6,         13.51,          3.50,       5.08,      50.80,    177.79,         14.73
       17,          2,    7,         13.57,          3.50,       5.28,      52.81,    184.84,         14.30
       17,          3,    1,          6.50,          3.50,       2.61,      26.10,     91.42,          6.79
       17,          3,    2,         11.18,          3.50,       4.02,      40.23,    140.82,         11.38
       17,          3,    3,         12.93,          3.50,       4.79,      47.95,    167.83,         13.80
       17,          3,    4,         13.73,          3.50,       5.23,      52.28,    182.99,         14.99
       17,          3,    5,         14.31,          3.50,       5.62,      56.21,    196.75,         15.78
       17,          3,    6,        -87.56,          3.50,       0.17,       1.69,      5.92,         -0.00
       17,          3,    7,         15.08,          3.50,       6.24,      62.39,    218.32,         16.72
       17,          4,    1,          7.03,          3.50,       2.84,      28.37,     99.35,          6.84
       17,          4,    2,         11.81,          3.50,       4.43,      44.31,    155.11,         11.69
       17,          4,    3,         13.73,          3.50,       5.36,      53.59,    187.58,         14.58
       17,          4,    4,         14.47,          3.50,       5.92,      59.23,    207.30,         15.40
       17,          4,    5,         15.31,          3.50,       6.40,      63.95,    223.80,         17.15
       17,          4,    6,         15.74,          3.50,       6.74,      67.43,    235.90,         17.81
       17,          4,    7,         16.03,          3.50,       7.03,      70.28,    245.85,         18.20
       18,          1,    1,          4.93,          3.50,       2.19,      21.90,     76.71,          6.11
       18,          1,    2,         10.06,          3.50,       3.38,      33.83,    118.42,         10.95
       18,          1,    3,         12.36,          3.50,       4.18,      41.82,    146.37,         14.28
       18,          1,    4,         13.24,          3.50,       4.56,      45.55,    159.42,         15.79
       18,          1,    5,         13.33,          3.50,       4.76,      47.55,    166.41,         15.31
       18,          1,    6,         13.83,          3.50,       4.89,      48.93,    171.25,         16.59
       18,          1,    7,         13.97,          3.50,       5.03,      50.24,    175.84,         16.63
       18,          2,    1,          5.63,          3.50,       2.41,      24.14,     84.54,          6.23
       18,          2,    2,         11.05,          3.50,       3.76,      37.55,    131.43,         12.05
       18,          2,    3,         13.16,          3.50,       4.57,      45.68,    159.90,         15.43
       18,          2,    4,         13.84,          3.50,       4.94,      49.42,    172.98,         16.47
       18,          2,    5,         14.42,          3.50,       5.24,      52.39,    183.34,         17.56
       18,          2,    6,         14.71,          3.50,       5.46,      54.58,    191.01,         17.91
       18,          2,    7,         14.99,          3.50,       5.70,      56.96,    199.34,         18.17
       18,          3,    1,          6.69,          3.50,       2.65,      26.50,     92.80,          6.97
       18,          3,    2,         11.94,          3.50,       4.17,      41.68,    145.88,         13.03
       18,          3,    3,         14.05,          3.50,       5.08,      50.78,    177.73,         16.70
       18,          3,    4,         14.92,          3.50,       5.59,      55.85,    195.47,         18.28
       18,          3,    5,         15.53,          3.50,       6.04,      60.34,    211.18,         19.29
       18,          3,    6,         15.94,          3.50,       6.38,      63.82,    223.30,         19.90
       18,          3,    7,         16.31,          3.50,       6.71,      67.14,    234.90,         20.43
       18,          4,    1,          7.12,          3.50,       2.88,      28.76,    100.69,          6.87
       18,          4,    2,         12.72,          3.50,       4.59,      45.84,    160.42,         13.89
       18,          4,    3,         14.90,          3.50,       5.64,      56.42,    197.46,         17.97
       18,          4,    4,         15.85,          3.50,       6.27,      62.75,    219.58,         19.82
       18,          4,    5,         16.30,          3.50,       6.79,      67.95,    237.72,         20.12
       18,          4,    6,         16.90,          3.50,       7.17,      71.69,    250.77,         21.74
       18,          4,    7,         17.20,          3.50,       7.47,      74.69,    261.22,         22.27
       19,          1,    1,          5.06,          3.50,       2.21,      22.15,     77.58,          6.22
       19,          1,    2,         10.67,          3.50,       3.46,      34.52,    120.85,         12.31
       19,          1,    3,         13.24,          3.50,       4.37,      43.65,    152.79,         16.62
       19,          1,    4,         14.26,          3.50,       4.83,      48.31,    169.09,         18.66
       19,          1,    5,         14.76,          3.50,       5.10,      51.00,    178.52,         19.62
       19,          1,    6,         15.02,          3.50,       5.27,      52.75,    184.61,         20.02
       19,          1,    7,         14.94,          3.50,       5.43,      54.30,    190.04,         19.01
       19,          2,    1,        -87.33,          3.50,       0.17,       1.71,      5.98,         -0.00
       19,          2,    2,         11.59,          3.50,       3.87,      38.66,    135.33,         13.17
       19,          2,    3,         14.14,          3.50,       4.83,      48.31,    169.10,         18.11
       19,          2,    4,         15.06,          3.50,       5.32,      53.17,    186.11,         20.03
       19,          2,    5,         15.60,          3.50,       5.67,      56.67,    198.33,         21.06
       19,          2,    6,         15.63,          3.50,       5.93,      59.31,    207.57,         20.14
       19,          2,    7,         16.22,          3.50,       6.19,      61.93,    216.71,         21.92
       19,          3,    1,          6.73,          3.50,       2.68,      26.83,     93.96,          6.93
       19,          3,    2,         12.45,          3.50,       4.29,      42.93,    150.28,         14.13
       19,          3,    3,         15.07,          3.50,       5.39,      53.86,    188.50,         19.76
       19,          3,    4,         16.02,          3.50,       5.98,      59.84,    209.41,         21.78
       19,          3,    5,         16.34,          3.50,       6.49,      64.86,    226.94,         21.44
       19,          3,    6,         17.07,          3.50,       6.88,      68.75,    240.51,         23.71
       19,          3,    7,         17.42,          3.50,       7.23,      72.29,    252.86,         24.31
       19,          4,    1,          7.67,          3.50,       2.91,      29.11,    101.91,          7.70
       19,          4,    2,         13.54,          3.50,       4.71,      47.11,    164.91,         16.27
       19,          4,    3,         15.89,          3.50,       5.96,      59.61,    208.58,         21.27
       19,          4,    4,         16.89,          3.50,       6.69,      66.87,    233.96,         23.51
       19,          4,    5,         17.55,          3.50,       7.27,      72.69,    254.25,         24.90
       19,          4,    6,         17.95,          3.50,       7.68,      76.77,    268.44,         25.72
       19,          4,    7,         18.25,          3.50,       8.02,      80.16,    280.27,         26.27
       20,          1,    1,          5.58,          3.50,       2.24,      22.43,     78.58,          6.89
       20,          1,    2,         11.29,          3.50,       3.53,      35.29,    123.53,         13.81
       20,          1,    3,         13.73,          3.50,       4.56,      45.57,    159.51,         17.72
       20,          1,    4,         14.92,          3.50,       5.13,      51.31,    179.60,         20.23
       20,          1,    5,         15.72,          3.50,       5.47,      54.63,    191.18,         22.60
       20,          1,    6,         16.08,          3.50,       5.66,      56.61,    198.12,         23.57
       20,          1,    7,         16.29,          3.50,       5.84,      58.38,    204.32,         23.87
       20,          2,    1,          6.78,          3.50,       2.48,      24.83,     86.94,          7.84
       20,          2,    2,         12.40,          3.50,       3.96,      39.63,    138.70,         15.46
       20,          2,    3,         15.00,          3.50,       5.09,      50.95,    178.33,         20.77
       20,          2,    4,         16.08,          3.50,       5.70,      57.01,    199.52,         23.40
       20,          2,    5,         16.67,          3.50,       6.10,      61.04,    213.61,         24.79
       20,          2,    6,         17.01,          3.50,       6.40,      63.95,    223.79,         25.45
       20,          2,    7,         17.31,          3.50,       6.68,      66.83,    233.81,         25.90
       20,          3,    1,          7.78,          3.50,       2.72,      27.20,     95.25,          8.68
       20,          3,    2,         13.38,          3.50,       4.40,      44.04,    154.15,         17.00
       20,          3,    3,         15.95,          3.50,       5.69,      56.94,    199.28,         22.73
       20,          3,    4,         16.81,          3.50,       6.41,      64.10,    224.29,         24.22
       20,          3,    5,         17.68,          3.50,       6.97,      69.70,    243.81,         26.91
       20,          3,    6,         18.09,          3.50,       7.39,      73.85,    258.26,         27.77
       20,          3,    7,         18.36,          3.50,       7.77,      77.66,    271.59,         27.94
       20,          4,    1,          8.60,          3.50,       2.95,      29.55,    103.49,          9.35
       20,          4,    2,         14.18,          3.50,       4.83,      48.34,    169.20,         18.31
       20,          4,    3,         16.75,          3.50,       6.28,      62.77,    219.64,         24.43
       20,          4,    4,         17.84,          3.50,       7.13,      71.30,    249.40,         27.26
       20,          4,    5,         18.52,          3.50,       7.78,      77.83,    272.16,         28.89
       20,          4,    6,         18.93,          3.50,       8.25,      82.51,    288.46,         29.82
       20,          4,    7,         19.04,          3.50,       8.62,      86.20,    301.38,         29.11
       21,          1,    1,          6.60,          3.50,       2.27,      22.70,     79.50,          8.61
       21,          1,    2,         11.94,          3.50,       3.59,      35.90,    125.69,         15.75
       21,          1,    3,         14.70,          3.50,       4.70,      47.02,    164.56,         21.36
       21,          1,    4,         16.02,          3.50,       5.39,      53.94,    188.79,         24.62
       21,          1,    5,         16.66,          3.50,       5.77,      57.73,    202.05,         26.35
       21,          1,    6,         16.96,          3.50,       5.99,      59.93,    209.71,         27.09
       21,          1,    7,         17.18,          3.50,       6.18,      61.83,    216.37,         27.49
       21,          2,    1,          7.72,          3.50,       2.51,      25.12,     87.99,          9.58
       21,          2,    2,         13.01,          3.50,       4.04,      40.44,    141.54,         17.36
       21,          2,    3,         15.71,          3.50,       5.30,      52.97,    185.40,         23.41
       21,          2,    4,         16.93,          3.50,       6.03,      60.34,    211.18,         26.68
       21,          2,    5,         17.58,          3.50,       6.49,      64.86,    226.93,         28.54
       21,          2,    6,         17.94,          3.50,       6.80,      67.97,    237.78,         29.42
       21,          2,    7,         18.24,          3.50,       7.10,      70.98,    248.31,         30.01
       21,          3,    1,          8.53,          3.50,       2.76,      27.59,     96.63,         10.15
       21,          3,    2,         13.94,          3.50,       4.51,      45.06,    157.73,         18.87
       21,          3,    3,         16.65,          3.50,       5.95,      59.46,    208.09,         25.42
       21,          3,    4,         17.90,          3.50,       6.83,      68.31,    238.98,         28.97
       21,          3,    5,         18.60,          3.50,       7.45,      74.50,    260.51,         30.96
       21,          3,    6,         19.03,          3.50,       7.91,      79.07,    276.48,         31.96
       21,          3,    7,         19.38,          3.50,       8.32,      83.23,    291.00,         32.75
       21,          4,    1,          9.36,          3.50,       2.99,      29.94,    104.83,         10.99
       21,          4,    2,         14.72,          3.50,       4.95,      49.46,    173.12,         20.17
       21,          4,    3,         17.43,          3.50,       6.57,      65.67,    229.78,         27.17
       21,          4,    4,         18.70,          3.50,       7.59,      75.94,    265.54,         30.98
       21,          4,    5,         19.42,          3.50,       8.33,      83.32,    291.30,         33.01
       21,          4,    6,         19.85,          3.50,       8.86,      88.55,    309.57,         34.10
       21,          4,    7,         20.16,          3.50,       9.29,      92.86,    324.63,         34.78
       22,          1,    1,          7.30,          3.50,       2.29,      22.94,     80.33,         10.01
       22,          1,    2,         12.53,          3.50,       3.65,      36.47,    127.68,         17.74
       22,          1,    3,         15.08,          3.50,       4.81,      48.06,    168.20,         22.79
       22,          1,    4,         16.67,          3.50,       5.60,      55.98,    195.90,         27.47
       22,          1,    5,         17.36,          3.50,       6.05,      60.50,    211.71,         29.46
       22,          1,    6,         17.68,          3.50,       6.29,      62.95,    220.28,         30.29
       22,          1,    7,         17.70,          3.50,       6.50,      65.00,    227.45,         29.31
       22,          2,    1,          8.45,          3.50,       2.54,      25.38,     88.87,         11.26
       22,          2,    2,         13.59,          3.50,       4.11,      41.07,    143.75,         19.52
       22,          2,    3,         16.07,          3.50,       5.44,      54.41,    190.43,         24.67
       22,          2,    4,         17.46,          3.50,       6.31,      63.08,    220.74,         28.72
       22,          2,    5,         18.35,          3.50,       6.84,      68.37,    239.20,         32.18
       22,          2,    6,         18.73,          3.50,       7.17,      71.66,    250.67,         33.32
       22,          2,    7,         19.03,          3.50,       7.48,      74.79,    261.55,         34.04
       22,          3,    1,          9.36,          3.50,       2.79,      27.92,     97.78,         12.12
       22,          3,    2,         14.47,          3.50,       4.59,      45.91,    160.68,         20.90
       22,          3,    3,         17.19,          3.50,       6.12,      61.23,    214.27,         27.94
       22,          3,    4,         18.63,          3.50,       7.20,      72.03,    251.97,         32.38
       22,          3,    5,         19.42,          3.50,       7.92,      79.24,    277.07,         34.91
       22,          3,    6,         19.87,          3.50,       8.42,      84.15,    294.20,         36.25
       22,          3,    7,         19.98,          3.50,       8.88,      88.79,    310.41,         35.11
       22,          4,    1,         10.02,          3.50,       3.03,      30.34,    106.24,         12.61
       22,          4,    2,         14.90,          3.50,       5.05,      50.48,    176.69,         20.60
       22,          4,    3,         17.76,          3.50,       6.78,      67.83,    237.32,         28.36
       22,          4,    4,         19.42,          3.50,       8.05,      80.46,    281.33,         34.38
       22,          4,    5,         20.24,          3.50,       8.92,      89.13,    311.61,         37.05
       22,          4,    6,         20.70,          3.50,       9.52,      95.15,    332.65,         38.37
       22,          4,    7,         20.98,          3.50,      10.01,     100.05,    349.77,         38.76

