[Radio] Initializing ... success!
Connected to RF power monitor: Rohde&Schwarz,FPC1500,1328.6660K03/205785,V1.80
Connected to DC power monitor: radiolib-org,DCpowerMon,070dd3d
setCurrentLimit, code 0

Set [dBm],paDutyCycle,hpMax,Measured [dBm],Bus voltage[V],Voltage[mV],Current[mA],Power [mW],Efficiency [%]
       -9,          1,    1,        -17.04,          3.50,       0.95,       9.52,     33.35,          0.24
       -9,          1,    2,        -14.78,          3.50,       1.07,      10.69,     37.47,          0.27
       -9,          1,    3,        -13.76,          3.50,       1.16,      11.66,     40.83,          0.27
       -9,          1,    4,        -13.10,          3.50,       1.24,      12.44,     43.59,          0.26
       -9,          1,    5,        -12.76,          3.50,       1.32,      13.23,     46.36,          0.25
       -9,          1,    6,        -12.50,          3.50,       1.39,      13.92,     48.80,          0.24
       -9,          1,    7,        -12.55,          3.50,       1.47,      14.71,     51.55,          0.21
       -9,          2,    1,        -16.42,          3.50,       0.97,       9.71,     34.01,          0.25
       -9,          2,    2,        -14.03,          3.50,       1.09,      10.94,     38.35,          0.29
       -9,          2,    3,        -13.12,          3.50,       1.19,      11.94,     41.83,          0.29
       -9,          2,    4,        -12.58,          3.50,       1.28,      12.81,     44.92,          0.28
       -9,          2,    5,        -12.17,          3.50,       1.37,      13.67,     47.88,          0.26
       -9,          2,    6,        -11.86,          3.50,       1.45,      14.47,     50.72,          0.25
       -9,          2,    7,        -11.57,          3.50,       1.53,      15.26,     53.46,          0.24
       -9,          3,    1,        -15.87,          3.50,       0.99,       9.92,     34.76,          0.26
       -9,          3,    2,        -13.46,          3.50,       1.14,      11.36,     39.80,          0.30
       -9,          3,    3,        -12.41,          3.50,       1.25,      12.46,     43.66,          0.30
       -9,          3,    4,        -11.77,          3.50,       1.34,      13.43,     47.06,          0.30
       -9,          3,    5,        -11.29,          3.50,       1.44,      14.40,     50.44,          0.29
       -9,          3,    6,        -10.94,          3.50,       1.53,      15.25,     53.44,          0.28
       -9,          3,    7,        -10.64,          3.50,       1.61,      16.12,     56.49,          0.27
       -9,          4,    1,        -15.41,          3.50,       1.02,      10.16,     35.62,          0.27
       -9,          4,    2,        -12.88,          3.50,       1.18,      11.79,     41.32,          0.31
       -9,          4,    3,        -12.11,          3.50,       1.30,      13.05,     45.71,          0.29
       -9,          4,    4,        -11.12,          3.50,       1.41,      14.10,     49.41,          0.31
       -9,          4,    5,        -10.68,          3.50,       1.51,      15.08,     52.84,          0.30
       -9,          4,    6,        -10.36,          3.50,       1.60,      15.98,     55.99,          0.30
       -9,          4,    7,        -10.11,          3.50,       1.68,      16.78,     58.79,          0.29
       -8,          1,    1,        -15.76,          3.50,       0.98,       9.80,     34.35,          0.28
       -8,          1,    2,        -13.38,          3.50,       1.11,      11.11,     38.91,          0.33
       -8,          1,    3,        -12.36,          3.50,       1.20,      12.02,     42.13,          0.34
       -8,          1,    4,        -11.88,          3.50,       1.29,      12.89,     45.18,          0.32
       -8,          1,    5,        -11.56,          3.50,       1.36,      13.63,     47.75,          0.31
       -8,          1,    6,        -11.31,          3.50,       1.44,      14.38,     50.36,          0.29
       -8,          1,    7,        -11.09,          3.50,       1.52,      15.16,     53.11,          0.28
       -8,          2,    1,        -15.15,          3.50,       1.00,       9.99,     34.99,          0.30
       -8,          2,    2,        -12.75,          3.50,       1.14,      11.38,     39.89,          0.35
       -8,          2,    3,        -11.86,          3.50,       1.24,      12.38,     43.37,          0.35
       -8,          2,    4,        -11.34,          3.50,       1.33,      13.27,     46.49,          0.34
       -8,          2,    5,        -10.94,          3.50,       1.42,      14.16,     49.61,          0.33
       -8,          2,    6,        -10.66,          3.50,       1.50,      14.95,     52.38,          0.31
       -8,          2,    7,        -10.39,          3.50,       1.58,      15.76,     55.20,          0.30
       -8,          3,    1,        -14.60,          3.50,       1.03,      10.27,     35.97,          0.31
       -8,          3,    2,        -12.41,          3.50,       1.18,      11.79,     41.32,          0.35
       -8,          3,    3,        -11.41,          3.50,       1.30,      12.95,     45.38,          0.35
       -8,          3,    4,        -10.53,          3.50,       1.40,      13.97,     48.96,          0.37
       -8,          3,    5,        -10.06,          3.50,       1.50,      15.00,     52.56,          0.36
       -8,          3,    6,         -9.71,          3.50,       1.59,      15.87,     55.61,          0.35
       -8,          3,    7,         -9.43,          3.50,       1.67,      16.72,     58.59,          0.34
       -8,          4,    1,        -14.41,          3.50,       1.05,      10.55,     36.98,          0.29
       -8,          4,    2,        -11.60,          3.50,       1.23,      12.34,     43.22,          0.37
       -8,          4,    3,        -10.81,          3.50,       1.37,      13.65,     47.82,          0.36
       -8,          4,    4,        -10.15,          3.50,       1.48,      14.81,     51.90,          0.36
       -8,          4,    5,         -9.68,          3.50,       1.58,      15.78,     55.28,          0.35
       -8,          4,    6,         -9.40,          3.50,       1.67,      16.70,     58.49,          0.34
       -8,          4,    7,         -8.96,          3.50,       1.75,      17.53,     61.39,          0.35
       -7,          1,    1,        -14.74,          3.50,       1.00,      10.04,     35.19,          0.33
       -7,          1,    2,        -12.16,          3.50,       1.14,      11.47,     40.18,          0.40
       -7,          1,    3,        -11.31,          3.50,       1.24,      12.38,     43.38,          0.40
       -7,          1,    4,        -10.83,          3.50,       1.33,      13.24,     46.39,          0.38
       -7,          1,    5,        -10.53,          3.50,       1.40,      14.02,     49.14,          0.37
       -7,          1,    6,        -10.30,          3.50,       1.48,      14.83,     51.96,          0.35
       -7,          1,    7,        -10.08,          3.50,       1.56,      15.56,     54.52,          0.33
       -7,          2,    1,        -14.04,          3.50,       1.03,      10.26,     35.96,          0.36
       -7,          2,    2,        -11.72,          3.50,       1.18,      11.74,     41.15,          0.41
       -7,          2,    3,        -10.97,          3.50,       1.28,      12.81,     44.89,          0.40
       -7,          2,    4,        -10.27,          3.50,       1.37,      13.72,     48.06,          0.41
       -7,          2,    5,         -9.99,          3.50,       1.46,      14.62,     51.25,          0.38
       -7,          2,    6,         -9.85,          3.50,       1.55,      15.43,     54.08,          0.35
       -7,          2,    7,         -9.41,          3.50,       1.63,      16.30,     57.12,          0.36
       -7,          3,    1,        -13.53,          3.50,       1.06,      10.58,     37.06,          0.36
       -7,          3,    2,        -11.23,          3.50,       1.22,      12.21,     42.80,          0.42
       -7,          3,    3,        -10.07,          3.50,       1.35,      13.47,     47.19,          0.44
       -7,          3,    4,         -9.45,          3.50,       1.46,      14.60,     51.17,          0.43
       -7,          3,    5,         -9.15,          3.50,       1.56,      15.57,     54.55,          0.41
       -7,          3,    6,         -8.66,          3.50,       1.65,      16.50,     57.82,          0.41
       -7,          3,    7,         -8.39,          3.50,       1.74,      17.36,     60.81,          0.40
       -7,          4,    1,        -13.06,          3.50,       1.09,      10.93,     38.30,          0.36
       -7,          4,    2,        -10.69,          3.50,       1.28,      12.85,     45.01,          0.42
       -7,          4,    3,         -9.61,          3.50,       1.42,      14.25,     49.93,          0.43
       -7,          4,    4,         -8.78,          3.50,       1.55,      15.46,     54.19,          0.45
       -7,          4,    5,         -8.58,          3.50,       1.65,      16.50,     57.81,          0.42
       -7,          4,    6,         -8.05,          3.50,       1.74,      17.38,     60.89,          0.43
       -7,          4,    7,         -7.82,          3.50,       1.83,      18.34,     64.25,          0.42
       -6,          1,    1,        -13.70,          3.50,       1.03,      10.29,     36.06,          0.38
       -6,          1,    2,        -11.19,          3.50,       1.18,      11.81,     41.39,          0.46
       -6,          1,    3,        -10.34,          3.50,       1.28,      12.80,     44.87,          0.46
       -6,          1,    4,         -9.88,          3.50,       1.36,      13.65,     47.83,          0.45
       -6,          1,    5,         -9.63,          3.50,       1.45,      14.50,     50.79,          0.42
       -6,          1,    6,         -9.36,          3.50,       1.52,      15.21,     53.29,          0.41
       -6,          1,    7,         -9.19,          3.50,       1.60,      16.01,     56.07,          0.39
       -6,          2,    1,        -13.07,          3.50,       1.06,      10.56,     37.01,          0.41
       -6,          2,    2,        -10.69,          3.50,       1.21,      12.15,     42.58,          0.48
       -6,          2,    3,         -9.81,          3.50,       1.33,      13.26,     46.46,          0.48
       -6,          2,    4,         -9.61,          3.50,       1.42,      14.16,     49.62,          0.44
       -6,          2,    5,         -8.94,          3.50,       1.51,      15.09,     52.88,          0.46
       -6,          2,    6,         -8.67,          3.50,       1.60,      15.95,     55.89,          0.44
       -6,          2,    7,         -8.42,          3.50,       1.68,      16.76,     58.72,          0.42
       -6,          3,    1,        -12.51,          3.50,       1.09,      10.96,     38.42,          0.41
       -6,          3,    2,        -10.23,          3.50,       1.27,      12.69,     44.46,          0.48
       -6,          3,    3,         -9.25,          3.50,       1.40,      13.98,     48.96,          0.49
       -6,          3,    4,         -8.49,          3.50,       1.51,      15.13,     53.01,          0.50
       -6,          3,    5,         -8.04,          3.50,       1.62,      16.18,     56.70,          0.49
       -6,          3,    6,         -7.74,          3.50,       1.71,      17.11,     59.93,          0.48
       -6,          3,    7,         -7.45,          3.50,       1.81,      18.07,     63.30,          0.47
       -6,          4,    1,        -12.32,          3.50,       1.13,      11.35,     39.78,          0.39
       -6,          4,    2,         -9.60,          3.50,       1.34,      13.38,     46.88,          0.50
       -6,          4,    3,         -8.45,          3.50,       1.49,      14.89,     52.16,          0.52
       -6,          4,    4,         -7.81,          3.50,       1.61,      16.12,     56.45,          0.52
       -6,          4,    5,         -7.62,          3.50,       1.72,      17.17,     60.14,          0.49
       -6,          4,    6,         -7.09,          3.50,       1.82,      18.16,     63.63,          0.50
       -6,          4,    7,         -6.88,          3.50,       1.90,      19.08,     66.82,          0.49
       -5,          1,    1,        -12.06,          3.50,       1.08,      10.84,     37.97,          0.48
       -5,          1,    2,         -9.53,          3.50,       1.25,      12.52,     43.86,          0.59
       -5,          1,    3,         -8.71,          3.50,       1.36,      13.57,     47.53,          0.60
       -5,          1,    4,         -8.56,          3.50,       1.45,      14.47,     50.70,          0.54
       -5,          1,    5,         -7.98,          3.50,       1.53,      15.30,     53.61,          0.55
       -5,          1,    6,         -7.77,          3.50,       1.61,      16.10,     56.42,          0.53
       -5,          1,    7,         -7.70,          3.50,       1.68,      16.85,     59.02,          0.50
       -5,          2,    1,        -11.41,          3.50,       1.12,      11.24,     39.37,          0.50
       -5,          2,    2,         -9.03,          3.50,       1.29,      12.94,     45.33,          0.61
       -5,          2,    3,         -8.16,          3.50,       1.41,      14.09,     49.37,          0.62
       -5,          2,    4,         -7.68,          3.50,       1.51,      15.12,     52.99,          0.61
       -5,          2,    5,         -7.32,          3.50,       1.61,      16.08,     56.34,          0.59
       -5,          2,    6,         -7.05,          3.50,       1.69,      16.94,     59.36,          0.57
       -5,          2,    7,         -6.82,          3.50,       1.79,      17.86,     62.59,          0.55
       -5,          3,    1,        -10.83,          3.50,       1.16,      11.62,     40.72,          0.52
       -5,          3,    2,         -8.41,          3.50,       1.36,      13.59,     47.61,          0.63
       -5,          3,    3,         -7.43,          3.50,       1.51,      15.05,     52.73,          0.65
       -5,          3,    4,         -6.84,          3.50,       1.63,      16.28,     57.05,          0.64
       -5,          3,    5,         -6.40,          3.50,       1.73,      17.37,     60.86,          0.64
       -5,          3,    6,         -6.09,          3.50,       1.84,      18.39,     64.43,          0.62
       -5,          3,    7,         -5.83,          3.50,       1.94,      19.33,     67.70,          0.61
       -5,          4,    1,        -10.36,          3.50,       1.21,      12.10,     42.41,          0.52
       -5,          4,    2,         -7.83,          3.50,       1.44,      14.44,     50.57,          0.64
       -5,          4,    3,         -6.78,          3.50,       1.61,      16.13,     56.51,          0.66
       -5,          4,    4,         -6.14,          3.50,       1.74,      17.41,     61.01,          0.67
       -5,          4,    5,         -5.74,          3.50,       1.86,      18.61,     65.17,          0.66
       -5,          4,    6,         -5.45,          3.50,       1.97,      19.68,     68.95,          0.65
       -5,          4,    7,         -5.23,          3.50,       2.05,      20.55,     71.96,          0.63
       -4,          1,    1,        -11.35,          3.50,       1.11,      11.13,     39.00,          0.52
       -4,          1,    2,         -8.82,          3.50,       1.29,      12.87,     45.09,          0.65
       -4,          1,    3,         -7.99,          3.50,       1.40,      13.96,     48.90,          0.66
       -4,          1,    4,         -7.56,          3.50,       1.49,      14.88,     52.14,          0.65
       -4,          1,    5,         -7.28,          3.50,       1.57,      15.71,     55.04,          0.62
       -4,          1,    6,         -7.07,          3.50,       1.65,      16.55,     57.96,          0.60
       -4,          1,    7,         -6.89,          3.50,       1.73,      17.29,     60.56,          0.58
       -4,          2,    1,        -10.70,          3.50,       1.15,      11.51,     40.35,          0.55
       -4,          2,    2,         -8.30,          3.50,       1.33,      13.33,     46.70,          0.68
       -4,          2,    3,         -7.44,          3.50,       1.46,      14.58,     51.08,          0.69
       -4,          2,    4,         -6.96,          3.50,       1.56,      15.56,     54.53,          0.68
       -4,          2,    5,         -6.60,          3.50,       1.66,      16.57,     58.07,          0.66
       -4,          2,    6,         -6.35,          3.50,       1.74,      17.44,     61.10,          0.64
       -4,          2,    7,         -6.11,          3.50,       1.84,      18.37,     64.36,          0.62
       -4,          3,    1,        -10.38,          3.50,       1.20,      11.94,     41.81,          0.54
       -4,          3,    2,         -7.68,          3.50,       1.41,      14.04,     49.20,          0.70
       -4,          3,    3,         -6.70,          3.50,       1.56,      15.56,     54.51,          0.72
       -4,          3,    4,         -6.12,          3.50,       1.68,      16.80,     58.84,          0.72
       -4,          3,    5,         -5.68,          3.50,       1.80,      17.98,     63.00,          0.71
       -4,          3,    6,         -5.37,          3.50,       1.90,      19.01,     66.59,          0.69
       -4,          3,    7,         -5.12,          3.50,       2.00,      20.01,     70.09,          0.68
       -4,          4,    1,         -9.63,          3.50,       1.25,      12.47,     43.70,          0.58
       -4,          4,    2,         -7.10,          3.50,       1.50,      14.94,     52.36,          0.71
       -4,          4,    3,         -6.05,          3.50,       1.67,      16.70,     58.51,          0.74
       -4,          4,    4,         -5.42,          3.50,       1.81,      18.13,     63.50,          0.74
       -4,          4,    5,         -5.17,          3.50,       1.93,      19.32,     67.69,          0.71
       -4,          4,    6,         -4.73,          3.50,       2.03,      20.34,     71.25,          0.72
       -4,          4,    7,         -4.51,          3.50,       2.13,      21.32,     74.67,          0.71
       -3,          1,    1,        -10.69,          3.50,       1.14,      11.40,     39.95,          0.57
       -3,          1,    2,         -8.16,          3.50,       1.32,      13.22,     46.32,          0.72
       -3,          1,    3,         -7.33,          3.50,       1.44,      14.36,     50.33,          0.73
       -3,          1,    4,         -7.02,          3.50,       1.53,      15.29,     53.54,          0.69
       -3,          1,    5,         -6.63,          3.50,       1.62,      16.14,     56.56,          0.69
       -3,          1,    6,         -6.43,          3.50,       1.69,      16.93,     59.32,          0.66
       -3,          1,    7,         -6.25,          3.50,       1.77,      17.74,     62.14,          0.64
       -3,          2,    1,        -10.04,          3.50,       1.18,      11.80,     41.34,          0.60
       -3,          2,    2,         -7.63,          3.50,       1.37,      13.74,     48.12,          0.74
       -3,          2,    3,         -6.78,          3.50,       1.50,      15.01,     52.58,          0.76
       -3,          2,    4,         -6.30,          3.50,       1.61,      16.04,     56.19,          0.75
       -3,          2,    5,         -5.94,          3.50,       1.70,      17.06,     59.76,          0.73
       -3,          2,    6,         -5.69,          3.50,       1.80,      17.96,     62.94,          0.71
       -3,          2,    7,         -5.46,          3.50,       1.89,      18.88,     66.14,          0.69
       -3,          3,    1,         -9.46,          3.50,       1.23,      12.27,     43.01,          0.62
       -3,          3,    2,         -7.01,          3.50,       1.45,      14.53,     50.92,          0.76
       -3,          3,    3,         -6.03,          3.50,       1.61,      16.09,     56.36,          0.79
       -3,          3,    4,         -5.45,          3.50,       1.73,      17.34,     60.76,          0.79
       -3,          3,    5,         -5.03,          3.50,       1.86,      18.59,     65.12,          0.78
       -3,          3,    6,         -5.01,          3.50,       1.96,      19.63,     68.78,          0.72
       -3,          3,    7,         -4.46,          3.50,       2.06,      20.62,     72.20,          0.76
       -3,          4,    1,         -8.97,          3.50,       1.29,      12.87,     45.10,          0.62
       -3,          4,    2,         -6.43,          3.50,       1.55,      15.48,     54.25,          0.77
       -3,          4,    3,         -5.38,          3.50,       1.73,      17.30,     60.60,          0.81
       -3,          4,    4,         -4.75,          3.50,       1.88,      18.77,     65.76,          0.82
       -3,          4,    5,         -4.35,          3.50,       2.00,      20.01,     70.12,          0.81
       -3,          4,    6,         -4.06,          3.50,       2.11,      21.10,     73.91,          0.80
       -3,          4,    7,         -3.85,          3.50,       2.21,      22.06,     77.27,          0.78
       -2,          1,    1,         -9.53,          3.50,       1.19,      11.90,     41.70,          0.67
       -2,          1,    2,         -6.97,          3.50,       1.39,      13.88,     48.65,          0.85
       -2,          1,    3,         -6.14,          3.50,       1.51,      15.12,     52.98,          0.87
       -2,          1,    4,         -5.72,          3.50,       1.61,      16.11,     56.43,          0.85
       -2,          1,    5,         -5.67,          3.50,       1.70,      16.95,     59.40,          0.79
       -2,          1,    6,         -5.26,          3.50,       1.78,      17.79,     62.34,          0.80
       -2,          1,    7,         -5.08,          3.50,       1.86,      18.62,     65.24,          0.77
       -2,          2,    1,         -8.87,          3.50,       1.24,      12.38,     43.37,          0.70
       -2,          2,    2,         -6.44,          3.50,       1.45,      14.52,     50.87,          0.88
       -2,          2,    3,         -5.58,          3.50,       1.59,      15.88,     55.66,          0.90
       -2,          2,    4,         -5.11,          3.50,       1.69,      16.94,     59.33,          0.90
       -2,          2,    5,         -4.90,          3.50,       1.81,      18.05,     63.24,          0.84
       -2,          2,    6,         -4.51,          3.50,       1.89,      18.97,     66.45,          0.85
       -2,          2,    7,         -4.29,          3.50,       1.99,      19.93,     69.83,          0.83
       -2,          3,    1,         -8.28,          3.50,       1.30,      12.96,     45.43,          0.72
       -2,          3,    2,         -5.81,          3.50,       1.54,      15.43,     54.05,          0.90
       -2,          3,    3,         -4.84,          3.50,       1.71,      17.07,     59.81,          0.94
       -2,          3,    4,         -4.26,          3.50,       1.85,      18.45,     64.62,          0.94
       -2,          3,    5,         -3.84,          3.50,       1.98,      19.77,     69.26,          0.93
       -2,          3,    6,         -3.53,          3.50,       2.08,      20.83,     72.94,          0.92
       -2,          3,    7,         -3.28,          3.50,       2.19,      21.90,     76.71,          0.91
       -2,          4,    1,         -7.79,          3.50,       1.36,      13.60,     47.64,          0.73
       -2,          4,    2,         -5.23,          3.50,       1.65,      16.54,     57.92,          0.90
       -2,          4,    3,         -4.18,          3.50,       1.85,      18.50,     64.83,          0.95
       -2,          4,    4,         -3.55,          3.50,       2.01,      20.09,     70.36,          0.97
       -2,          4,    5,         -3.16,          3.50,       2.14,      21.40,     74.95,          0.96
       -2,          4,    6,         -2.87,          3.50,       2.25,      22.51,     78.84,          0.96
       -2,          4,    7,         -2.66,          3.50,       2.35,      23.54,     82.46,          0.94
       -1,          1,    1,         -8.55,          3.50,       1.24,      12.38,     43.39,          0.76
       -1,          1,    2,         -5.96,          3.50,       1.46,      14.59,     51.14,          0.97
       -1,          1,    3,         -5.14,          3.50,       1.59,      15.86,     55.58,          1.00
       -1,          1,    4,         -4.87,          3.50,       1.69,      16.82,     58.94,          0.96
       -1,          1,    5,         -4.45,          3.50,       1.78,      17.77,     62.26,          0.96
       -1,          1,    6,         -4.35,          3.50,       1.86,      18.63,     65.25,          0.91
       -1,          1,    7,         -4.10,          3.50,       1.95,      19.47,     68.19,          0.90
       -1,          2,    1,         -7.88,          3.50,       1.30,      12.96,     45.42,          0.80
       -1,          2,    2,         -5.43,          3.50,       1.53,      15.28,     53.54,          1.00
       -1,          2,    3,         -4.57,          3.50,       1.67,      16.70,     58.49,          1.04
       -1,          2,    4,         -4.10,          3.50,       1.78,      17.83,     62.49,          1.04
       -1,          2,    5,         -3.90,          3.50,       1.90,      18.97,     66.44,          0.98
       -1,          2,    6,         -3.51,          3.50,       1.99,      19.94,     69.86,          0.99
       -1,          2,    7,         -3.34,          3.50,       2.09,      20.88,     73.14,          0.96
       -1,          3,    1,         -7.29,          3.50,       1.36,      13.58,     47.57,          0.82
       -1,          3,    2,         -4.80,          3.50,       1.63,      16.29,     57.08,          1.03
       -1,          3,    3,         -3.82,          3.50,       1.81,      18.09,     63.36,          1.08
       -1,          3,    4,         -3.25,          3.50,       1.95,      19.52,     68.40,          1.09
       -1,          3,    5,         -2.83,          3.50,       2.09,      20.86,     73.06,          1.08
       -1,          3,    6,         -2.82,          3.50,       2.20,      22.02,     77.12,          1.00
       -1,          3,    7,         -2.28,          3.50,       2.31,      23.14,     81.04,          1.05
       -1,          4,    1,         -6.80,          3.50,       1.43,      14.31,     50.14,          0.83
       -1,          4,    2,         -4.22,          3.50,       1.74,      17.45,     61.13,          1.04
       -1,          4,    3,         -3.16,          3.50,       1.97,      19.67,     68.90,          1.10
       -1,          4,    4,         -2.79,          3.50,       2.13,      21.34,     74.76,          1.05
       -1,          4,    5,         -2.22,          3.50,       2.27,      22.72,     79.57,          1.10
       -1,          4,    6,         -1.86,          3.50,       2.39,      23.92,     83.76,          1.11
       -1,          4,    7,         -1.65,          3.50,       2.50,      25.01,     87.60,          1.09
        0,          1,    1,         -7.67,          3.50,       1.29,      12.93,     45.30,          0.84
        0,          1,    2,         -5.05,          3.50,       1.53,      15.30,     53.60,          1.09
        0,          1,    3,         -4.21,          3.50,       1.66,      16.64,     58.31,          1.14
        0,          1,    4,         -3.79,          3.50,       1.76,      17.64,     61.78,          1.13
        0,          1,    5,         -3.53,          3.50,       1.86,      18.63,     65.25,          1.10
        0,          1,    6,         -3.34,          3.50,       1.95,      19.48,     68.24,          1.07
        0,          1,    7,         -3.34,          3.50,       2.03,      20.30,     71.11,          1.00
        0,          2,    1,         -6.98,          3.50,       1.35,      13.54,     47.43,          0.89
        0,          2,    2,         -4.50,          3.50,       1.61,      16.04,     56.22,          1.14
        0,          2,    3,         -3.92,          3.50,       1.75,      17.51,     61.35,          1.11
        0,          2,    4,         -3.17,          3.50,       1.87,      18.72,     65.60,          1.19
        0,          2,    5,         -2.83,          3.50,       1.99,      19.91,     69.75,          1.16
        0,          2,    6,         -2.59,          3.50,       2.09,      20.90,     73.20,          1.14
        0,          2,    7,         -2.37,          3.50,       2.19,      21.92,     76.77,          1.12
        0,          3,    1,         -6.39,          3.50,       1.42,      14.20,     49.76,          0.92
        0,          3,    2,         -3.88,          3.50,       1.71,      17.10,     59.92,          1.17
        0,          3,    3,         -3.08,          3.50,       1.91,      19.05,     66.73,          1.17
        0,          3,    4,         -2.35,          3.50,       2.06,      20.55,     71.97,          1.24
        0,          3,    5,         -1.90,          3.50,       2.20,      22.00,     77.07,          1.24
        0,          3,    6,         -1.65,          3.50,       2.32,      23.25,     81.43,          1.21
        0,          3,    7,         -1.35,          3.50,       2.44,      24.37,     85.33,          1.21
        0,          4,    1,         -5.90,          3.50,       1.50,      15.03,     52.67,          0.92
        0,          4,    2,         -3.29,          3.50,       1.85,      18.49,     64.77,          1.17
        0,          4,    3,         -2.23,          3.50,       2.08,      20.76,     72.72,          1.25
        0,          4,    4,         -1.60,          3.50,       2.26,      22.58,     79.09,          1.27
        0,          4,    5,         -1.20,          3.50,       2.41,      24.05,     84.22,          1.27
        0,          4,    6,         -0.92,          3.50,       2.54,      25.36,     88.81,          1.26
        0,          4,    7,         -0.72,          3.50,       2.65,      26.52,     92.84,          1.25
        1,          1,    1,         -6.88,          3.50,       1.34,      13.40,     46.96,          0.93
        1,          1,    2,         -4.22,          3.50,       1.60,      15.99,     56.02,          1.22
        1,          1,    3,         -3.38,          3.50,       1.74,      17.36,     60.82,          1.28
        1,          1,    4,         -2.96,          3.50,       1.84,      18.46,     64.67,          1.28
        1,          1,    5,         -2.70,          3.50,       1.94,      19.43,     68.06,          1.25
        1,          1,    6,         -2.51,          3.50,       2.03,      20.26,     70.96,          1.22
        1,          1,    7,         -2.35,          3.50,       2.12,      21.17,     74.16,          1.18
        1,          2,    1,         -6.49,          3.50,       1.40,      14.06,     49.24,          0.92
        1,          2,    2,         -3.67,          3.50,       1.68,      16.79,     58.83,          1.27
        1,          2,    3,         -2.80,          3.50,       1.84,      18.40,     64.46,          1.33
        1,          2,    4,         -2.34,          3.50,       1.97,      19.65,     68.84,          1.33
        1,          2,    5,         -2.00,          3.50,       2.08,      20.79,     72.83,          1.32
        1,          2,    6,         -1.95,          3.50,       2.19,      21.85,     76.51,          1.24
        1,          2,    7,         -1.54,          3.50,       2.29,      22.91,     80.25,          1.27
        1,          3,    1,         -5.59,          3.50,       1.48,      14.86,     52.06,          1.01
        1,          3,    2,         -3.04,          3.50,       1.80,      18.00,     63.04,          1.30
        1,          3,    3,         -2.05,          3.50,       2.01,      20.06,     70.26,          1.37
        1,          3,    4,         -1.48,          3.50,       2.17,      21.64,     75.79,          1.40
        1,          3,    5,         -1.06,          3.50,       2.31,      23.14,     81.02,          1.39
        1,          3,    6,         -0.77,          3.50,       2.44,      24.42,     85.54,          1.38
        1,          3,    7,         -0.52,          3.50,       2.56,      25.61,     89.66,          1.37
        1,          4,    1,         -5.09,          3.50,       1.57,      15.70,     55.03,          1.02
        1,          4,    2,         -2.71,          3.50,       1.95,      19.48,     68.24,          1.23
        1,          4,    3,         -1.39,          3.50,       2.19,      21.92,     76.76,          1.40
        1,          4,    4,         -0.77,          3.50,       2.38,      23.81,     83.40,          1.43
        1,          4,    5,         -0.36,          3.50,       2.54,      25.40,     88.97,          1.43
        1,          4,    6,         -0.07,          3.50,       2.68,      26.78,     93.77,          1.43
        1,          4,    7,          0.13,          3.50,       2.79,      27.93,     97.81,          1.41
        2,          1,    1,         -5.85,          3.50,       1.41,      14.07,     49.28,          1.07
        2,          1,    2,         -3.32,          3.50,       1.70,      16.98,     59.48,          1.35
        2,          1,    3,         -2.26,          3.50,       1.85,      18.50,     64.82,          1.49
        2,          1,    4,         -1.84,          3.50,       1.96,      19.63,     68.75,          1.50
        2,          1,    5,         -1.59,          3.50,       2.06,      20.59,     72.10,          1.47
        2,          1,    6,         -1.41,          3.50,       2.15,      21.50,     75.31,          1.44
        2,          1,    7,         -1.25,          3.50,       2.24,      22.39,     78.43,          1.40
        2,          2,    1,         -5.15,          3.50,       1.49,      14.87,     52.08,          1.12
        2,          2,    2,         -2.61,          3.50,       1.79,      17.92,     62.78,          1.45
        2,          2,    3,         -1.69,          3.50,       1.96,      19.64,     68.81,          1.54
        2,          2,    4,         -1.22,          3.50,       2.09,      20.90,     73.21,          1.56
        2,          2,    5,         -0.89,          3.50,       2.22,      22.16,     77.61,          1.55
        2,          2,    6,         -0.65,          3.50,       2.33,      23.27,     81.51,          1.52
        2,          2,    7,         -0.44,          3.50,       2.44,      24.35,     85.30,          1.50
        2,          3,    1,         -4.54,          3.50,       1.57,      15.73,     55.13,          1.16
        2,          3,    2,         -1.94,          3.50,       1.93,      19.24,     67.39,          1.51
        2,          3,    3,         -0.94,          3.50,       2.15,      21.45,     75.12,          1.60
        2,          3,    4,         -0.37,          3.50,       2.32,      23.18,     81.20,          1.63
        2,          3,    5,          0.04,          3.50,       2.48,      24.81,     86.90,          1.63
        2,          3,    6,          0.18,          3.50,       2.62,      26.15,     91.58,          1.56
        2,          3,    7,          0.58,          3.50,       2.74,      27.41,     95.98,          1.61
        2,          4,    1,         -4.04,          3.50,       1.67,      16.69,     58.46,          1.17
        2,          4,    2,         -1.36,          3.50,       2.08,      20.85,     73.02,          1.51
        2,          4,    3,         -0.28,          3.50,       2.36,      23.60,     82.64,          1.62
        2,          4,    4,          0.15,          3.50,       2.57,      25.67,     89.90,          1.59
        2,          4,    5,          0.76,          3.50,       2.73,      27.33,     95.70,          1.68
        2,          4,    6,          1.04,          3.50,       2.88,      28.75,    100.66,          1.67
        2,          4,    7,          1.25,          3.50,       3.00,      29.98,    104.95,          1.66
        3,          1,    1,         -5.25,          3.50,       1.46,      14.58,     51.11,          1.15
        3,          1,    2,         -2.47,          3.50,       1.76,      17.63,     61.77,          1.54
        3,          1,    3,         -1.60,          3.50,       1.92,      19.23,     67.36,          1.63
        3,          1,    4,         -1.18,          3.50,       2.03,      20.34,     71.24,          1.65
        3,          1,    5,         -0.93,          3.50,       2.14,      21.39,     74.93,          1.62
        3,          1,    6,         -0.75,          3.50,       2.23,      22.32,     78.18,          1.58
        3,          1,    7,         -0.59,          3.50,       2.32,      23.24,     81.38,          1.55
        3,          2,    1,         -4.53,          3.50,       1.54,      15.39,     53.91,          1.21
        3,          2,    2,         -1.91,          3.50,       1.86,      18.60,     65.17,          1.60
        3,          2,    3,         -1.02,          3.50,       2.04,      20.40,     71.45,          1.70
        3,          2,    4,         -0.56,          3.50,       2.18,      21.76,     76.22,          1.71
        3,          2,    5,         -0.22,          3.50,       2.31,      23.08,     80.84,          1.70
        3,          2,    6,         -0.13,          3.50,       2.42,      24.17,     84.67,          1.62
        3,          2,    7,          0.22,          3.50,       2.54,      25.33,     88.70,          1.65
        3,          3,    1,         -3.92,          3.50,       1.63,      16.33,     57.21,          1.26
        3,          3,    2,         -1.34,          3.50,       2.01,      20.06,     70.28,          1.62
        3,          3,    3,         -0.28,          3.50,       2.24,      22.37,     78.35,          1.75
        3,          3,    4,          0.29,          3.50,       2.42,      24.17,     84.64,          1.79
        3,          3,    5,          0.71,          3.50,       2.59,      25.85,     90.54,          1.79
        3,          3,    6,          1.01,          3.50,       2.73,      27.25,     95.42,          1.79
        3,          3,    7,          1.24,          3.50,       2.85,      28.54,     99.94,          1.78
        3,          4,    1,         -3.47,          3.50,       1.73,      17.34,     60.74,          1.25
        3,          4,    2,         -0.70,          3.50,       2.18,      21.77,     76.27,          1.65
        3,          4,    3,          0.39,          3.50,       2.47,      24.67,     86.43,          1.78
        3,          4,    4,          1.02,          3.50,       2.68,      26.83,     93.94,          1.83
        3,          4,    5,          1.43,          3.50,       2.86,      28.59,    100.12,          1.85
        3,          4,    6,          1.72,          3.50,       3.01,      30.04,    105.16,          1.85
        3,          4,    7,          1.93,          3.50,       3.13,      31.25,    109.40,          1.84
        4,          1,    1,         -4.19,          3.50,       1.54,      15.41,     54.00,          1.31
        4,          1,    2,         -1.30,          3.50,       1.89,      18.93,     66.31,          1.79
        4,          1,    3,         -0.41,          3.50,       2.06,      20.63,     72.27,          1.92
        4,          1,    4,          0.02,          3.50,       2.18,      21.83,     76.48,          1.95
        4,          1,    5,          0.26,          3.50,       2.29,      22.93,     80.30,          1.92
        4,          1,    6,          0.24,          3.50,       2.38,      23.83,     83.46,          1.81
        4,          1,    7,          0.32,          3.50,       2.48,      24.83,     86.96,          1.74
        4,          2,    1,         -3.46,          3.50,       1.64,      16.37,     57.35,          1.39
        4,          2,    2,         -0.74,          3.50,       2.00,      20.05,     70.24,          1.86
        4,          2,    3,         -0.06,          3.50,       2.20,      21.98,     76.98,          1.89
        4,          2,    4,          0.63,          3.50,       2.34,      23.39,     81.90,          2.03
        4,          2,    5,          0.96,          3.50,       2.48,      24.78,     86.79,          2.02
        4,          2,    6,          1.20,          3.50,       2.59,      25.95,     90.87,          2.00
        4,          2,    7,          1.40,          3.50,       2.71,      27.10,     94.90,          1.97
        4,          3,    1,         -2.84,          3.50,       1.74,      17.39,     60.90,          1.44
        4,          3,    2,         -0.11,          3.50,       2.16,      21.61,     75.70,          1.92
        4,          3,    3,          0.91,          3.50,       2.41,      24.13,     84.51,          2.07
        4,          3,    4,          1.49,          3.50,       2.60,      26.04,     91.21,          2.12
        4,          3,    5,          1.91,          3.50,       2.78,      27.81,     97.38,          2.14
        4,          3,    6,          2.21,          3.50,       2.93,      29.29,    102.54,          2.14
        4,          3,    7,          2.40,          3.50,       3.06,      30.61,    107.17,          2.11
        4,          4,    1,         -2.33,          3.50,       1.86,      18.56,     65.02,          1.46
        4,          4,    2,          0.48,          3.50,       2.35,      23.51,     82.34,          1.94
        4,          4,    3,          1.60,          3.50,       2.67,      26.67,     93.39,          2.11
        4,          4,    4,          2.25,          3.50,       2.89,      28.96,    101.39,          2.19
        4,          4,    5,          2.38,          3.50,       3.08,      30.78,    107.76,          2.09
        4,          4,    6,          2.96,          3.50,       3.23,      32.33,    113.17,          2.24
        4,          4,    7,          3.17,          3.50,       3.36,      33.56,    117.49,          2.24
        5,          1,    1,         -3.52,          3.50,       1.60,      16.00,     56.05,          1.44
        5,          1,    2,         -0.55,          3.50,       1.99,      19.85,     69.52,          1.98
        5,          1,    3,          0.37,          3.50,       2.17,      21.63,     75.75,          2.15
        5,          1,    4,          0.80,          3.50,       2.29,      22.88,     80.11,          2.19
        5,          1,    5,          1.04,          3.50,       2.39,      23.92,     83.78,          2.17
        5,          1,    6,          1.22,          3.50,       2.49,      24.92,     87.29,          2.13
        5,          1,    7,          1.37,          3.50,       2.59,      25.89,     90.67,          2.09
        5,          2,    1,         -2.78,          3.50,       1.70,      17.01,     59.57,          1.53
        5,          2,    2,         -0.12,          3.50,       2.10,      20.97,     73.46,          2.01
        5,          2,    3,          0.95,          3.50,       2.30,      23.04,     80.71,          2.23
        5,          2,    4,          1.38,          3.50,       2.45,      24.46,     85.66,          2.26
        5,          2,    5,          1.75,          3.50,       2.59,      25.87,     90.59,          2.28
        5,          2,    6,          1.67,          3.50,       2.71,      27.09,     94.87,          2.10
        5,          2,    7,          2.19,          3.50,       2.83,      28.26,     98.97,          2.24
        5,          3,    1,         -2.14,          3.50,       1.82,      18.19,     63.71,          1.57
        5,          3,    2,          0.41,          3.50,       2.27,      22.67,     79.41,          2.01
        5,          3,    3,          1.49,          3.50,       2.53,      25.28,     88.52,          2.21
        5,          3,    4,          2.28,          3.50,       2.73,      27.25,     95.42,          2.40
        5,          3,    5,          2.71,          3.50,       2.90,      29.04,    101.68,          2.43
        5,          3,    6,          3.01,          3.50,       3.05,      30.54,    106.93,          2.44
        5,          3,    7,          3.25,          3.50,       3.20,      31.95,    111.86,          2.43
        5,          4,    1,         -1.63,          3.50,       1.94,      19.43,     68.04,          1.59
        5,          4,    2,          1.26,          3.50,       2.47,      24.68,     86.42,          2.17
        5,          4,    3,          2.41,          3.50,       2.79,      27.91,     97.74,          2.39
        5,          4,    4,          2.79,          3.50,       3.03,      30.26,    105.94,          2.35
        5,          4,    5,          3.37,          3.50,       3.22,      32.18,    112.67,          2.48
        5,          4,    6,          3.79,          3.50,       3.37,      33.70,    117.98,          2.57
        5,          4,    7,          3.93,          3.50,       3.50,      35.02,    122.61,          2.53
        6,          1,    1,         -2.74,          3.50,       1.67,      16.72,     58.58,          1.58
        6,          1,    2,          0.39,          3.50,       2.09,      20.92,     73.29,          2.27
        6,          1,    3,          1.35,          3.50,       2.29,      22.87,     80.09,          2.48
        6,          1,    4,          1.54,          3.50,       2.41,      24.11,     84.45,          2.40
        6,          1,    5,          2.03,          3.50,       2.52,      25.21,     88.30,          2.52
        6,          1,    6,          2.20,          3.50,       2.62,      26.18,     91.70,          2.49
        6,          1,    7,          2.34,          3.50,       2.72,      27.15,     95.09,          2.45
        6,          2,    1,         -1.95,          3.50,       1.79,      17.88,     62.64,          1.70
        6,          2,    2,          0.98,          3.50,       2.22,      22.17,     77.64,          2.38
        6,          2,    3,          1.93,          3.50,       2.43,      24.29,     85.06,          2.60
        6,          2,    4,          2.40,          3.50,       2.58,      25.78,     90.29,          2.67
        6,          2,    5,          2.73,          3.50,       2.72,      27.18,     95.19,          2.67
        6,          2,    6,          2.97,          3.50,       2.84,      28.42,     99.51,          2.66
        6,          2,    7,          3.16,          3.50,       2.96,      29.63,    103.75,          2.63
        6,          3,    1,         -1.30,          3.50,       1.91,      19.11,     66.95,          1.77
        6,          3,    2,          1.64,          3.50,       2.39,      23.92,     83.77,          2.49
        6,          3,    3,          2.70,          3.50,       2.67,      26.66,     93.37,          2.73
        6,          3,    4,          3.28,          3.50,       2.87,      28.67,    100.37,          2.83
        6,          3,    5,          3.71,          3.50,       3.05,      30.53,    106.88,          2.87
        6,          3,    6,          4.01,          3.50,       3.21,      32.09,    112.35,          2.88
        6,          3,    7,          4.25,          3.50,       3.35,      33.50,    117.27,          2.89
        6,          4,    1,         -0.76,          3.50,       2.04,      20.42,     71.52,          1.80
        6,          4,    2,          2.27,          3.50,       2.60,      26.04,     91.18,          2.54
        6,          4,    3,          3.42,          3.50,       2.94,      29.42,    103.02,          2.81
        6,          4,    4,          4.08,          3.50,       3.19,      31.90,    111.69,          2.95
        6,          4,    5,          4.51,          3.50,       3.39,      33.91,    118.70,          3.01
        6,          4,    6,          4.80,          3.50,       3.56,      35.53,    124.34,          3.04
        6,          4,    7,          5.01,          3.50,       3.69,      36.93,    129.26,          3.04
        7,          1,    1,         -1.82,          3.50,       1.75,      17.48,     61.24,          1.82
        7,          1,    2,          1.21,          3.50,       2.21,      22.06,     77.26,          2.54
        7,          1,    3,          2.49,          3.50,       2.41,      24.11,     84.43,          2.99
        7,          1,    4,          2.93,          3.50,       2.54,      25.44,     89.10,          3.07
        7,          1,    5,          3.16,          3.50,       2.66,      26.54,     92.93,          3.06
        7,          1,    6,          3.33,          3.50,       2.75,      27.51,     96.31,          3.02
        7,          1,    7,          3.47,          3.50,       2.85,      28.52,     99.87,          2.97
        7,          2,    1,         -0.99,          3.50,       1.88,      18.78,     65.78,          1.95
        7,          2,    2,          2.11,          3.50,       2.34,      23.38,     81.88,          2.86
        7,          2,    3,          2.79,          3.50,       2.56,      25.63,     89.75,          2.94
        7,          2,    4,          3.54,          3.50,       2.71,      27.14,     95.05,          3.22
        7,          2,    5,          3.86,          3.50,       2.86,      28.61,    100.15,          3.24
        7,          2,    6,          4.09,          3.50,       2.99,      29.85,    104.51,          3.22
        7,          2,    7,          4.28,          3.50,       3.10,      31.02,    108.60,          3.21
        7,          3,    1,         -0.28,          3.50,       2.01,      20.11,     70.43,          2.06
        7,          3,    2,          2.78,          3.50,       2.53,      25.25,     88.41,          2.99
        7,          3,    3,          3.84,          3.50,       2.82,      28.17,     98.66,          3.29
        7,          3,    4,          4.19,          3.50,       3.02,      30.24,    105.89,          3.25
        7,          3,    5,          4.66,          3.50,       3.22,      32.20,    112.74,          3.33
        7,          3,    6,          5.11,          3.50,       3.38,      33.78,    118.25,          3.48
        7,          3,    7,          5.32,          3.50,       3.53,      35.28,    123.49,          3.46
        7,          4,    1,          0.30,          3.50,       2.15,      21.49,     75.27,          2.13
        7,          4,    2,          3.37,          3.50,       2.75,      27.49,     96.26,          3.04
        7,          4,    3,          4.56,          3.50,       3.11,      31.11,    108.94,          3.40
        7,          4,    4,          5.21,          3.50,       3.38,      33.78,    118.24,          3.55
        7,          4,    5,          5.63,          3.50,       3.60,      35.94,    125.81,          3.62
        7,          4,    6,          5.92,          3.50,       3.77,      37.67,    131.86,          3.66
        7,          4,    7,          6.07,          3.50,       3.92,      39.16,    137.08,          3.61
        8,          1,    1,         -0.90,          3.50,       1.81,      18.13,     63.50,          2.12
        8,          1,    2,          2.54,          3.50,       2.30,      23.01,     80.60,          3.24
        8,          1,    3,          3.54,          3.50,       2.52,      25.20,     88.25,          3.58
        8,          1,    4,          3.72,          3.50,       2.66,      26.58,     93.07,          3.47
        8,          1,    5,          4.20,          3.50,       2.76,      27.64,     96.78,          3.67
        8,          1,    6,          4.16,          3.50,       2.87,      28.67,    100.40,          3.46
        8,          1,    7,          4.50,          3.50,       2.97,      29.66,    103.85,          3.58
        8,          2,    1,         -0.03,          3.50,       1.94,      19.41,     67.99,          2.31
        8,          2,    2,          3.13,          3.50,       2.44,      24.41,     85.51,          3.40
        8,          2,    3,          4.11,          3.50,       2.68,      26.82,     93.90,          3.74
        8,          2,    4,          4.56,          3.50,       2.84,      28.40,     99.45,          3.84
        8,          2,    5,          4.88,          3.50,       2.99,      29.91,    104.71,          3.86
        8,          2,    6,          5.10,          3.50,       3.11,      31.14,    109.03,          3.85
        8,          2,    7,          5.29,          3.50,       3.24,      32.45,    113.59,          3.81
        8,          3,    1,          0.70,          3.50,       2.08,      20.84,     72.99,          2.45
        8,          3,    2,          3.80,          3.50,       2.64,      26.43,     92.54,          3.55
        8,          3,    3,          4.85,          3.50,       2.95,      29.51,    103.34,          3.90
        8,          3,    4,          5.39,          3.50,       3.17,      31.73,    111.10,          4.02
        8,          3,    5,          5.81,          3.50,       3.37,      33.75,    118.15,          4.10
        8,          3,    6,          6.11,          3.50,       3.54,      35.46,    124.11,          4.12
        8,          3,    7,          6.35,          3.50,       3.71,      37.04,    129.66,          4.12
        8,          4,    1,          1.29,          3.50,       2.23,      22.33,     78.19,          2.53
        8,          4,    2,          4.41,          3.50,       2.89,      28.89,    101.17,          3.63
        8,          4,    3,          5.56,          3.50,       3.28,      32.78,    114.77,          4.01
        8,          4,    4,          6.18,          3.50,       3.56,      35.54,    124.43,          4.17
        8,          4,    5,          6.58,          3.50,       3.79,      37.88,    132.60,          4.23
        8,          4,    6,          6.81,          3.50,       3.98,      39.77,    139.21,          4.20
        8,          4,    7,          7.08,          3.50,       4.13,      41.30,    144.55,          4.27
        9,          1,    1,          0.16,          3.50,       1.87,      18.65,     65.33,          2.58
        9,          1,    2,          3.61,          3.50,       2.40,      23.99,     84.02,          3.91
        9,          1,    3,          4.62,          3.50,       2.64,      26.44,     92.58,          4.30
        9,          1,    4,          5.05,          3.50,       2.78,      27.81,     97.39,          4.43
        9,          1,    5,          5.26,          3.50,       2.90,      28.99,    101.51,          4.41
        9,          1,    6,          5.44,          3.50,       3.00,      29.98,    104.97,          4.39
        9,          1,    7,          5.57,          3.50,       3.10,      30.99,    108.50,          4.33
        9,          2,    1,          1.01,          3.50,       2.01,      20.08,     70.35,          2.79
        9,          2,    2,          3.91,          3.50,       2.56,      25.59,     89.60,          3.81
        9,          2,    3,          5.18,          3.50,       2.81,      28.13,     98.51,          4.49
        9,          2,    4,          5.63,          3.50,       2.98,      29.80,    104.33,          4.61
        9,          2,    5,          5.92,          3.50,       3.14,      31.37,    109.86,          4.61
        9,          2,    6,          5.90,          3.50,       3.27,      32.67,    114.38,          4.36
        9,          2,    7,          6.34,          3.50,       3.40,      33.94,    118.82,          4.59
        9,          3,    1,          1.72,          3.50,       2.16,      21.59,     75.63,          2.93
        9,          3,    2,          4.85,          3.50,       2.77,      27.72,     97.06,          4.24
        9,          3,    3,          5.87,          3.50,       3.10,      30.98,    108.46,          4.63
        9,          3,    4,          6.43,          3.50,       3.34,      33.35,    116.76,          4.79
        9,          3,    5,          6.83,          3.50,       3.56,      35.54,    124.42,          4.85
        9,          3,    6,          7.11,          3.50,       3.73,      37.31,    130.60,          4.87
        9,          3,    7,          7.37,          3.50,       3.90,      39.02,    136.59,          4.90
        9,          4,    1,          2.30,          3.50,       2.32,      23.23,     81.38,          3.01
        9,          4,    2,          5.40,          3.50,       3.03,      30.33,    106.20,          4.26
        9,          4,    3,          6.56,          3.50,       3.45,      34.51,    120.81,          4.72
        9,          4,    4,          7.19,          3.50,       3.76,      37.56,    131.48,          4.91
        9,          4,    5,          7.60,          3.50,       4.01,      40.13,    140.47,          4.99
        9,          4,    6,          7.91,          3.50,       4.22,      42.15,    147.56,          5.04
        9,          4,    7,          8.14,          3.50,       4.38,      43.76,    153.15,          5.09
       10,          1,    1,          1.03,          3.50,       1.91,      19.10,     66.93,          3.04
       10,          1,    2,          4.52,          3.50,       2.50,      25.02,     87.65,          4.53
       10,          1,    3,          5.53,          3.50,       2.76,      27.55,     96.48,          5.01
       10,          1,    4,          6.00,          3.50,       2.91,      29.12,    101.96,          5.19
       10,          1,    5,          6.17,          3.50,       3.03,      30.28,    106.01,          5.12
       10,          1,    6,          6.36,          3.50,       3.13,      31.34,    109.71,          5.12
       10,          1,    7,          6.51,          3.50,       3.24,      32.39,    113.40,          5.08
       10,          2,    1,          1.88,          3.50,       2.06,      20.61,     72.19,          3.28
       10,          2,    2,          5.09,          3.50,       2.67,      26.68,     93.42,          4.73
       10,          2,    3,          6.05,          3.50,       2.95,      29.46,    103.15,          5.16
       10,          2,    4,          6.51,          3.50,       3.12,      31.15,    109.08,          5.33
       10,          2,    5,          6.82,          3.50,       3.28,      32.82,    114.89,          5.35
       10,          2,    6,          7.05,          3.50,       3.42,      34.20,    119.73,          5.36
       10,          2,    7,          7.23,          3.50,       3.56,      35.57,    124.49,          5.32
       10,          3,    1,          2.58,          3.50,       2.22,      22.21,     77.79,          3.44
       10,          3,    2,          5.71,          3.50,       2.90,      29.00,    101.53,          4.87
       10,          3,    3,          6.80,          3.50,       3.26,      32.54,    113.90,          5.39
       10,          3,    4,          7.31,          3.50,       3.50,      34.99,    122.47,          5.53
       10,          3,    5,          7.76,          3.50,       3.73,      37.33,    130.66,          5.66
       10,          3,    6,          7.71,          3.50,       3.92,      39.21,    137.23,          5.26
       10,          3,    7,          8.23,          3.50,       4.10,      40.98,    143.42,          5.62
       10,          4,    1,          3.18,          3.50,       2.39,      23.95,     83.89,          3.53
       10,          4,    2,          6.30,          3.50,       3.18,      31.84,    111.47,          4.94
       10,          4,    3,          7.47,          3.50,       3.63,      36.30,    127.06,          5.47
       10,          4,    4,          8.12,          3.50,       3.96,      39.56,    138.48,          5.72
       10,          4,    5,          8.52,          3.50,       4.23,      42.34,    148.19,          5.77
       10,          4,    6,          8.84,          3.50,       4.44,      44.38,    155.36,          5.88
       10,          4,    7,          9.04,          3.50,       4.62,      46.24,    161.85,          5.85
       11,          1,    1,          1.82,          3.50,       1.96,      19.57,     68.57,          3.51
       11,          1,    2,          5.38,          3.50,       2.60,      26.04,     91.17,          5.23
       11,          1,    3,          6.25,          3.50,       2.89,      28.94,    101.35,          5.54
       11,          1,    4,          6.89,          3.50,       3.05,      30.50,    106.78,          5.99
       11,          1,    5,          7.10,          3.50,       3.18,      31.78,    111.28,          5.97
       11,          1,    6,          7.27,          3.50,       3.29,      32.87,    115.08,          5.94
       11,          1,    7,          7.38,          3.50,       3.39,      33.88,    118.60,          5.86
       11,          2,    1,          2.69,          3.50,       2.12,      21.17,     74.15,          3.79
       11,          2,    2,          5.98,          3.50,       2.79,      27.88,     97.62,          5.47
       11,          2,    3,          7.00,          3.50,       3.09,      30.87,    108.08,          6.05
       11,          2,    4,          7.43,          3.50,       3.28,      32.75,    114.64,          6.19
       11,          2,    5,          7.75,          3.50,       3.44,      34.42,    120.50,          6.25
       11,          2,    6,          7.99,          3.50,       3.59,      35.87,    125.58,          6.28
       11,          2,    7,          8.18,          3.50,       3.73,      37.30,    130.57,          6.25
       11,          3,    1,          3.42,          3.50,       2.29,      22.90,     80.22,          4.00
       11,          3,    2,          6.61,          3.50,       3.03,      30.32,    106.14,          5.66
       11,          3,    3,          7.69,          3.50,       3.41,      34.13,    119.46,          6.23
       11,          3,    4,          8.23,          3.50,       3.68,      36.77,    128.72,          6.42
       11,          3,    5,          8.43,          3.50,       3.93,      39.31,    137.59,          6.19
       11,          3,    6,          8.91,          3.50,       4.13,      41.28,    144.47,          6.52
       11,          3,    7,          8.83,          3.50,       4.32,      43.18,    151.14,          6.07
       11,          4,    1,          3.95,          3.50,       2.48,      24.76,     86.70,          4.03
       11,          4,    2,          6.93,          3.50,       3.33,      33.35,    116.76,          5.38
       11,          4,    3,          8.06,          3.50,       3.82,      38.22,    133.79,          5.88
       11,          4,    4,          8.98,          3.50,       4.18,      41.75,    146.14,          6.52
       11,          4,    5,          9.41,          3.50,       4.47,      44.71,    156.49,          6.64
       11,          4,    6,          9.70,          3.50,       4.70,      46.97,    164.38,          6.69
       11,          4,    7,          9.91,          3.50,       4.89,      48.89,    171.12,          6.71
       12,          1,    1,          2.60,          3.50,       2.00,      20.00,     70.07,          4.07
       12,          1,    2,          6.26,          3.50,       2.72,      27.20,     95.23,          6.05
       12,          1,    3,          7.36,          3.50,       3.04,      30.39,    106.40,          6.72
       12,          1,    4,          7.82,          3.50,       3.22,      32.19,    112.69,          6.93
       12,          1,    5,          8.06,          3.50,       3.35,      33.47,    117.18,          6.97
       12,          1,    6,          8.22,          3.50,       3.45,      34.55,    120.93,          6.94
       12,          1,    7,          8.26,          3.50,       3.56,      35.65,    124.81,          6.74
       12,          2,    1,          3.48,          3.50,       2.17,      21.69,     75.97,          4.40
       12,          2,    2,          6.89,          3.50,       2.92,      29.24,    102.37,          6.34
       12,          2,    3,          7.91,          3.50,       3.26,      32.56,    113.98,          6.97
       12,          2,    4,          8.38,          3.50,       3.45,      34.52,    120.82,          7.21
       12,          2,    5,          8.70,          3.50,       3.64,      36.42,    127.47,          7.25
       12,          2,    6,          8.91,          3.50,       3.79,      37.87,    132.57,          7.25
       12,          2,    7,          9.10,          3.50,       3.94,      39.42,    137.98,          7.21
       12,          3,    1,          4.19,          3.50,       2.36,      23.53,     82.40,          4.59
       12,          3,    2,          7.50,          3.50,       3.19,      31.87,    111.58,          6.51
       12,          3,    3,          8.62,          3.50,       3.60,      36.05,    126.19,          7.21
       12,          3,    4,          9.17,          3.50,       3.89,      38.91,    136.19,          7.44
       12,          3,    5,          9.58,          3.50,       4.16,      41.62,    145.69,          7.54
       12,          3,    6,          9.87,          3.50,       4.37,      43.70,    152.96,          7.60
       12,          3,    7,         10.06,          3.50,       4.57,      45.75,    160.12,          7.53
       12,          4,    1,          4.75,          3.50,       2.55,      25.50,     89.30,          4.66
       12,          4,    2,          8.11,          3.50,       3.50,      35.04,    122.66,          6.64
       12,          4,    3,          9.27,          3.50,       4.04,      40.40,    141.39,          7.28
       12,          4,    4,          9.91,          3.50,       4.42,      44.16,    154.57,          7.57
       12,          4,    5,         10.35,          3.50,       4.74,      47.42,    165.96,          7.71
       12,          4,    6,         10.65,          3.50,       4.99,      49.90,    174.65,          7.76
       12,          4,    7,         10.84,          3.50,       5.20,      52.02,    182.07,          7.74
       13,          1,    1,          3.31,          3.50,       2.04,      20.40,     71.46,          4.65
       13,          1,    2,          7.14,          3.50,       2.86,      28.55,     99.98,          6.93
       13,          1,    3,          8.35,          3.50,       3.22,      32.25,    112.90,          7.81
       13,          1,    4,          8.74,          3.50,       3.42,      34.16,    119.61,          7.93
       13,          1,    5,          9.07,          3.50,       3.56,      35.57,    124.52,          8.14
       13,          1,    6,          9.23,          3.50,       3.67,      36.70,    128.45,          8.12
       13,          1,    7,          9.37,          3.50,       3.78,      37.81,    132.34,          8.08
       13,          2,    1,          3.89,          3.50,       2.23,      22.28,     78.03,          4.65
       13,          2,    2,          7.81,          3.50,       3.08,      30.78,    107.76,          7.32
       13,          2,    3,          8.90,          3.50,       3.45,      34.55,    120.95,          8.12
       13,          2,    4,          9.29,          3.50,       3.68,      36.77,    128.71,          8.20
       13,          2,    5,          9.73,          3.50,       3.88,      38.78,    135.75,          8.50
       13,          2,    6,          9.83,          3.50,       4.04,      40.37,    141.29,          8.28
       13,          2,    7,         10.12,          3.50,       4.20,      41.97,    146.92,          8.44
       13,          3,    1,          4.93,          3.50,       2.42,      24.20,     84.76,          5.23
       13,          3,    2,          8.43,          3.50,       3.36,      33.64,    117.76,          7.53
       13,          3,    3,          9.60,          3.50,       3.84,      38.38,    134.32,          8.36
       13,          3,    4,          9.98,          3.50,       4.15,      41.46,    145.12,          8.31
       13,          3,    5,         10.60,          3.50,       4.43,      44.34,    155.18,          8.84
       13,          3,    6,         10.78,          3.50,       4.66,      46.63,    163.23,          8.69
       13,          3,    7,         11.12,          3.50,       4.88,      48.83,    170.91,          8.89
       13,          4,    1,          5.30,          3.50,       2.63,      26.28,     92.02,          5.07
       13,          4,    2,          9.01,          3.50,       3.70,      37.02,    129.60,          7.63
       13,          4,    3,         10.26,          3.50,       4.30,      43.03,    150.60,          8.47
       13,          4,    4,         10.91,          3.50,       4.72,      47.16,    165.07,          8.83
       13,          4,    5,         11.37,          3.50,       5.08,      50.75,    177.62,          9.00
       13,          4,    6,         11.67,          3.50,       5.35,      53.52,    187.32,          9.07
       13,          4,    7,         11.90,          3.50,       5.59,      55.88,    195.58,          9.10
       14,          1,    1,          3.85,          3.50,       2.08,      20.75,     72.71,          5.14
       14,          1,    2,          7.87,          3.50,       2.98,      29.75,    104.17,          7.78
       14,          1,    3,          9.09,          3.50,       3.40,      34.02,    119.10,          8.67
       14,          1,    4,          9.71,          3.50,       3.62,      36.18,    126.67,          9.25
       14,          1,    5,          9.96,          3.50,       3.77,      37.65,    131.78,          9.33
       14,          1,    6,          9.90,          3.50,       3.89,      38.91,    136.17,          8.84
       14,          1,    7,         10.26,          3.50,       4.01,      40.08,    140.28,          9.24
       14,          2,    1,          4.75,          3.50,       2.27,      22.72,     79.57,          5.51
       14,          2,    2,          8.58,          3.50,       3.23,      32.29,    113.05,          8.22
       14,          2,    3,          9.75,          3.50,       3.66,      36.59,    128.09,          9.20
       14,          2,    4,          9.94,          3.50,       3.90,      38.98,    136.43,          8.88
       14,          2,    5,         10.60,          3.50,       4.11,      41.07,    143.76,          9.70
       14,          2,    6,         10.81,          3.50,       4.28,      42.76,    149.68,          9.69
       14,          2,    7,         11.01,          3.50,       4.44,      44.41,    155.45,          9.69
       14,          3,    1,          5.50,          3.50,       2.48,      24.82,     86.93,          5.77
       14,          3,    2,          9.20,          3.50,       3.53,      35.35,    123.73,          8.47
       14,          3,    3,         10.45,          3.50,       4.06,      40.60,    142.13,          9.49
       14,          3,    4,         11.04,          3.50,       4.39,      43.93,    153.76,          9.91
       14,          3,    5,         11.48,          3.50,       4.71,      47.06,    164.70,         10.09
       14,          3,    6,         11.77,          3.50,       4.95,      49.52,    173.33,         10.16
       14,          3,    7,         12.02,          3.50,       5.19,      51.92,    181.70,         10.20
       14,          4,    1,          6.07,          3.50,       2.69,      26.87,     94.11,          5.89
       14,          4,    2,          9.78,          3.50,       3.89,      38.93,    136.24,          8.58
       14,          4,    3,         11.10,          3.50,       4.55,      45.53,    159.36,          9.62
       14,          4,    4,         11.78,          3.50,       5.01,      50.04,    175.15,         10.06
       14,          4,    5,         12.26,          3.50,       5.40,      54.04,    189.14,         10.28
       14,          4,    6,         12.57,          3.50,       5.70,      57.02,    199.57,         10.38
       14,          4,    7,         12.76,          3.50,       5.96,      59.62,    208.63,         10.29
       15,          1,    1,          4.10,          3.50,       2.11,      21.11,     73.95,          5.31
       15,          1,    2,          8.52,          3.50,       3.09,      30.88,    108.12,          8.62
       15,          1,    3,          9.93,          3.50,       3.59,      35.85,    125.50,          9.85
       15,          1,    4,         10.56,          3.50,       3.84,      38.35,    134.26,         10.45
       15,          1,    5,         10.83,          3.50,       4.00,      40.00,    140.03,         10.56
       15,          1,    6,         10.99,          3.50,       4.12,      41.22,    144.27,         10.58
       15,          1,    7,         11.11,          3.50,       4.24,      42.43,    148.51,         10.50
       15,          2,    1,          4.98,          3.50,       2.32,      23.17,     81.14,          5.66
       15,          2,    2,          9.24,          3.50,       3.37,      33.67,    117.86,          9.09
       15,          2,    3,         10.56,          3.50,       3.87,      38.67,    135.37,         10.36
       15,          2,    4,         11.10,          3.50,       4.13,      41.29,    144.49,         10.83
       15,          2,    5,         11.44,          3.50,       4.35,      43.53,    152.36,         10.98
       15,          2,    6,         11.66,          3.50,       4.53,      45.33,    158.66,         11.01
       15,          2,    7,         11.86,          3.50,       4.71,      47.08,    164.77,         11.01
       15,          3,    1,          5.94,          3.50,       2.53,      25.30,     88.59,          6.22
       15,          3,    2,          9.91,          3.50,       3.70,      37.00,    129.53,          9.40
       15,          3,    3,         10.95,          3.50,       4.29,      42.92,    150.23,          9.96
       15,          3,    4,         11.87,          3.50,       4.66,      46.57,    162.99,         11.17
       15,          3,    5,         12.29,          3.50,       4.99,      49.94,    174.79,         11.33
       15,          3,    6,         12.62,          3.50,       5.26,      52.58,    184.02,         11.52
       15,          3,    7,         12.89,          3.50,       5.52,      55.22,    193.26,         11.59
       15,          4,    1,          6.54,          3.50,       2.74,      27.43,     96.04,          6.37
       15,          4,    2,         10.28,          3.50,       4.07,      40.74,    142.59,          9.10
       15,          4,    3,         11.90,          3.50,       4.81,      48.05,    168.18,         10.86
       15,          4,    4,         12.62,          3.50,       5.31,      53.07,    185.75,         11.39
       15,          4,    5,         13.12,          3.50,       5.74,      57.41,    200.92,         11.69
       15,          4,    6,         13.47,          3.50,       6.07,      60.67,    212.31,         11.89
       15,          4,    7,         13.76,          3.50,       6.35,      63.50,    222.18,         12.07
       16,          1,    1,          4.55,          3.50,       2.14,      21.39,     74.92,          5.79
       16,          1,    2,          9.05,          3.50,       3.20,      32.02,    112.12,          9.29
       16,          1,    3,         10.78,          3.50,       3.79,      37.92,    132.72,         11.18
       16,          1,    4,         11.42,          3.50,       4.08,      40.81,    142.84,         11.84
       16,          1,    5,         11.72,          3.50,       4.26,      42.61,    149.13,         12.03
       16,          1,    6,         11.89,          3.50,       4.39,      43.91,    153.71,         12.07
       16,          1,    7,         12.02,          3.50,       4.52,      45.17,    158.09,         12.01
       16,          2,    1,          5.52,          3.50,       2.35,      23.53,     82.42,          6.26
       16,          2,    2,          9.72,          3.50,       3.52,      35.14,    123.02,          9.60
       16,          2,    3,         11.23,          3.50,       4.10,      41.02,    143.58,         11.24
       16,          2,    4,         11.97,          3.50,       4.40,      43.98,    153.91,         12.25
       16,          2,    5,         12.32,          3.50,       4.64,      46.38,    162.32,         12.48
       16,          2,    6,         12.55,          3.50,       4.81,      48.15,    168.52,         12.58
       16,          2,    7,         12.76,          3.50,       5.01,      50.06,    175.20,         12.60
       16,          3,    1,          5.97,          3.50,       2.57,      25.73,     90.12,          6.11
       16,          3,    2,         10.59,          3.50,       3.87,      38.74,    135.62,         10.38
       16,          3,    3,         12.07,          3.50,       4.55,      45.54,    159.38,         12.01
       16,          3,    4,         12.74,          3.50,       4.95,      49.49,    173.22,         12.71
       16,          3,    5,         13.25,          3.50,       5.31,      53.14,    185.98,         13.15
       16,          3,    6,         13.60,          3.50,       5.60,      55.97,    195.89,         13.44
       16,          3,    7,         13.93,          3.50,       5.88,      58.75,    205.61,         13.71
       16,          4,    1,          6.84,          3.50,       2.79,      27.96,     97.90,          6.67
       16,          4,    2,         11.03,          3.50,       4.27,      42.65,    149.29,         10.24
       16,          4,    3,         12.73,          3.50,       5.09,      50.92,    178.21,         12.28
       16,          4,    4,         13.56,          3.50,       5.64,      56.34,    197.19,         13.21
       16,          4,    5,         14.19,          3.50,       6.10,      60.96,    213.31,         13.98
       16,          4,    6,         14.61,          3.50,       6.44,      64.38,    225.25,         14.47
       16,          4,    7,         14.62,          3.50,       6.73,      67.26,    235.29,         13.81
       17,          1,    1,          4.48,          3.50,       2.17,      21.67,     75.90,          5.59
       17,          1,    2,          9.43,          3.50,       3.30,      32.95,    115.36,          9.79
       17,          1,    3,         11.49,          3.50,       3.99,      39.93,    139.76,         12.36
       17,          1,    4,         12.22,          3.50,       4.32,      43.21,    151.21,         13.28
       17,          1,    5,         12.56,          3.50,       4.51,      45.12,    157.92,         13.65
       17,          1,    6,         12.75,          3.50,       4.64,      46.41,    162.43,         13.78
       17,          1,    7,         12.89,          3.50,       4.76,      47.56,    166.45,         13.81
       17,          2,    1,          5.72,          3.50,       2.38,      23.82,     83.40,          6.47
       17,          2,    2,         10.43,          3.50,       3.64,      36.38,    127.35,         10.87
       17,          2,    3,         11.86,          3.50,       4.33,      43.32,    151.62,         12.19
       17,          2,    4,         12.74,          3.50,       4.65,      46.51,    162.80,         13.70
       17,          2,    5,         13.23,          3.50,       4.89,      48.92,    171.22,         14.44
       17,          2,    6,         13.49,          3.50,       5.08,      50.81,    177.83,         14.69
       17,          2,    7,         13.73,          3.50,       5.28,      52.80,    184.78,         14.85
       17,          3,    1,          6.31,          3.50,       2.61,      26.09,     91.38,          6.50
       17,          3,    2,         11.16,          3.50,       4.03,      40.24,    140.83,         11.33
       17,          3,    3,         12.90,          3.50,       4.80,      47.95,    167.84,         13.71
       17,          3,    4,         13.71,          3.50,       5.23,      52.29,    182.99,         14.93
       17,          3,    5,         14.14,          3.50,       5.62,      56.21,    196.75,         15.15
       17,          3,    6,         14.70,          3.50,       5.94,      59.35,    207.71,         16.22
       17,          3,    7,         15.07,          3.50,       6.24,      62.42,    218.42,         16.66
       17,          4,    1,          6.78,          3.50,       2.84,      28.39,     99.40,          6.45
       17,          4,    2,         11.78,          3.50,       4.43,      44.29,    155.02,         11.65
       17,          4,    3,         13.72,          3.50,       5.36,      53.59,    187.57,         14.52
       17,          4,    4,         14.65,          3.50,       5.92,      59.23,    207.27,         16.05
       17,          4,    5,         15.31,          3.50,       6.39,      63.92,    223.63,         17.13
       17,          4,    6,         15.72,          3.50,       6.74,      67.39,    235.76,         17.75
       17,          4,    7,         16.03,          3.50,       7.03,      70.27,    245.77,         18.19
       18,          1,    1,          4.91,          3.50,       2.19,      21.90,     76.71,          6.10
       18,          1,    2,         10.04,          3.50,       3.38,      33.81,    118.35,         10.93
       18,          1,    3,         12.06,          3.50,       4.18,      41.82,    146.39,         13.33
       18,          1,    4,         13.13,          3.50,       4.56,      45.53,    159.37,         15.42
       18,          1,    5,         13.61,          3.50,       4.76,      47.55,    166.41,         16.34
       18,          1,    6,         13.81,          3.50,       4.89,      48.92,    171.23,         16.53
       18,          1,    7,         13.95,          3.50,       5.02,      50.21,    175.73,         16.58
       18,          2,    1,          5.74,          3.50,       2.42,      24.14,     84.55,          6.39
       18,          2,    2,         10.91,          3.50,       3.75,      37.55,    131.42,         11.68
       18,          2,    3,         13.14,          3.50,       4.57,      45.69,    159.91,         15.37
       18,          2,    4,         13.93,          3.50,       4.94,      49.44,    173.02,         16.79
       18,          2,    5,         14.40,          3.50,       5.23,      52.34,    183.20,         17.50
       18,          2,    6,         14.70,          3.50,       5.46,      54.54,    190.89,         17.86
       18,          2,    7,         14.97,          3.50,       5.70,      56.95,    199.31,         18.10
       18,          3,    1,          6.67,          3.50,       2.65,      26.50,     92.81,          6.93
       18,          3,    2,         11.83,          3.50,       4.17,      41.68,    145.90,         12.68
       18,          3,    3,         14.03,          3.50,       5.08,      50.76,    177.67,         16.64
       18,          3,    4,         14.66,          3.50,       5.59,      55.86,    195.49,         17.22
       18,          3,    5,         15.52,          3.50,       6.03,      60.33,    211.11,         19.21
       18,          3,    6,         15.93,          3.50,       6.38,      63.79,    223.21,         19.84
       18,          3,    7,         15.99,          3.50,       6.72,      67.14,    234.92,         18.99
       18,          4,    1,          7.25,          3.50,       2.88,      28.78,    100.76,          7.07
       18,          4,    2,         12.41,          3.50,       4.58,      45.85,    160.46,         12.93
       18,          4,    3,         14.88,          3.50,       5.64,      56.41,    197.42,         17.91
       18,          4,    4,         15.83,          3.50,       6.27,      62.75,    219.57,         19.76
       18,          4,    5,         16.48,          3.50,       6.79,      67.94,    237.67,         20.97
       18,          4,    6,         16.88,          3.50,       7.17,      71.71,    250.83,         21.66
       18,          4,    7,         16.92,          3.50,       7.47,      74.67,    261.13,         20.90
       19,          1,    1,          5.04,          3.50,       2.21,      22.17,     77.63,          6.20
       19,          1,    2,         10.65,          3.50,       3.46,      34.56,    120.98,         12.25
       19,          1,    3,         13.22,          3.50,       4.37,      43.68,    152.88,         16.54
       19,          1,    4,         14.25,          3.50,       4.83,      48.34,    169.18,         18.58
       19,          1,    5,         14.74,          3.50,       5.10,      50.99,    178.45,         19.56
       19,          1,    6,         15.00,          3.50,       5.28,      52.73,    184.55,         19.95
       19,          1,    7,         15.18,          3.50,       5.43,      54.30,    190.07,         20.10
       19,          2,    1,          6.02,          3.50,       2.45,      24.45,     85.64,          6.70
       19,          2,    2,         11.75,          3.50,       3.87,      38.67,    135.37,         13.66
       19,          2,    3,         13.92,          3.50,       4.83,      48.32,    169.12,         17.21
       19,          2,    4,         15.04,          3.50,       5.32,      53.16,    186.06,         19.95
       19,          2,    5,         15.58,          3.50,       5.67,      56.69,    198.43,         20.97
       19,          2,    6,         15.64,          3.50,       5.93,      59.29,    207.50,         20.17
       19,          2,    7,         16.20,          3.50,       6.19,      61.93,    216.72,         21.84
       19,          3,    1,          6.74,          3.50,       2.68,      26.83,     93.96,          6.93
       19,          3,    2,         12.71,          3.50,       4.29,      42.91,    150.20,         15.00
       19,          3,    3,         15.05,          3.50,       5.39,      53.89,    188.59,         19.64
       19,          3,    4,         16.00,          3.50,       5.98,      59.82,    209.34,         21.68
       19,          3,    5,         16.56,          3.50,       6.49,      64.85,    226.89,         22.52
       19,          3,    6,         17.04,          3.50,       6.88,      68.75,    240.48,         23.57
       19,          3,    7,         17.40,          3.50,       7.23,      72.29,    252.84,         24.19
       19,          4,    1,          7.66,          3.50,       2.91,      29.12,    101.96,          7.66
       19,          4,    2,         13.53,          3.50,       4.71,      47.10,    164.86,         16.20
       19,          4,    3,         15.58,          3.50,       5.96,      59.60,    208.55,         19.80
       19,          4,    4,         16.88,          3.50,       6.69,      66.87,    233.95,         23.41
       19,          4,    5,         17.53,          3.50,       7.27,      72.73,    254.37,         24.78
       19,          4,    6,         17.93,          3.50,       7.68,      76.79,    268.47,         25.62
       19,          4,    7,         18.23,          3.50,       8.02,      80.17,    280.34,         26.15
       20,          1,    1,          5.57,          3.50,       2.24,      22.41,     78.48,          6.89
       20,          1,    2,         11.27,          3.50,       3.53,      35.27,    123.48,         13.75
       20,          1,    3,         14.01,          3.50,       4.56,      45.58,    159.54,         18.86
       20,          1,    4,         15.19,          3.50,       5.14,      51.35,    179.73,         21.53
       20,          1,    5,         15.77,          3.50,       5.46,      54.64,    191.21,         22.87
       20,          1,    6,         15.80,          3.50,       5.66,      56.61,    198.14,         22.10
       20,          1,    7,         16.27,          3.50,       5.84,      58.40,    204.37,         23.76
       20,          2,    1,          6.59,          3.50,       2.48,      24.80,     86.86,          7.49
       20,          2,    2,         12.39,          3.50,       3.97,      39.63,    138.73,         15.38
       20,          2,    3,         14.99,          3.50,       5.09,      50.93,    178.26,         20.76
       20,          2,    4,         16.06,          3.50,       5.70,      57.01,    199.52,         23.29
       20,          2,    5,         16.65,          3.50,       6.10,      61.04,    213.60,         24.65
       20,          2,    6,         16.99,          3.50,       6.39,      63.96,    223.81,         25.31
       20,          2,    7,         17.29,          3.50,       6.68,      66.85,    233.86,         25.77
       20,          3,    1,          7.76,          3.50,       2.72,      27.19,     95.24,          8.64
       20,          3,    2,         13.35,          3.50,       4.40,      44.03,    154.10,         16.91
       20,          3,    3,         15.93,          3.50,       5.69,      56.90,    199.16,         22.64
       20,          3,    4,         17.00,          3.50,       6.41,      64.12,    224.35,         25.29
       20,          3,    5,         17.66,          3.50,       6.97,      69.68,    243.76,         26.81
       20,          3,    6,         18.08,          3.50,       7.38,      73.83,    258.21,         27.66
       20,          3,    7,         18.42,          3.50,       7.77,      77.65,    271.56,         28.32
       20,          4,    1,          8.58,          3.50,       2.95,      29.52,    103.35,          9.32
       20,          4,    2,         14.16,          3.50,       4.83,      48.33,    169.15,         18.23
       20,          4,    3,         16.56,          3.50,       6.28,      62.78,    219.69,         23.41
       20,          4,    4,         17.82,          3.50,       7.13,      71.32,    249.48,         27.12
       20,          4,    5,         18.50,          3.50,       7.78,      77.81,    272.07,         28.76
       20,          4,    6,         18.62,          3.50,       8.25,      82.50,    288.44,         27.73
       20,          4,    7,         19.21,          3.50,       8.62,      86.15,    301.20,         30.32
       21,          1,    1,          6.58,          3.50,       2.27,      22.68,     79.46,          8.58
       21,          1,    2,         11.92,          3.50,       3.59,      35.93,    125.75,         15.66
       21,          1,    3,         14.68,          3.50,       4.70,      46.99,    164.46,         21.26
       21,          1,    4,         16.00,          3.50,       5.39,      53.90,    188.64,         24.51
       21,          1,    5,         16.64,          3.50,       5.77,      57.71,    201.96,         26.24
       21,          1,    6,         16.94,          3.50,       5.99,      59.95,    209.82,         26.97
       21,          1,    7,         16.88,          3.50,       6.18,      61.82,    216.36,         25.67
       21,          2,    1,          7.69,          3.50,       2.51,      25.13,     88.02,          9.51
       21,          2,    2,         12.99,          3.50,       4.04,      40.43,    141.50,         17.28
       21,          2,    3,         15.69,          3.50,       5.30,      52.94,    185.31,         23.30
       21,          2,    4,         16.92,          3.50,       6.04,      60.36,    211.25,         26.57
       21,          2,    5,         17.56,          3.50,       6.49,      64.84,    226.87,         28.39
       21,          2,    6,         17.92,          3.50,       6.80,      67.97,    237.78,         29.28
       21,          2,    7,         18.22,          3.50,       7.10,      70.98,    248.26,         29.88
       21,          3,    1,          8.60,          3.50,       2.76,      27.57,     96.53,         10.32
       21,          3,    2,         13.92,          3.50,       4.51,      45.07,    157.75,         18.77
       21,          3,    3,         16.63,          3.50,       5.95,      59.44,    208.02,         25.31
       21,          3,    4,         17.88,          3.50,       6.83,      68.28,    238.87,         28.88
       21,          3,    5,         18.33,          3.50,       7.44,      74.45,    260.38,         29.06
       21,          3,    6,         19.01,          3.50,       7.90,      79.02,    276.29,         31.86
       21,          3,    7,         19.36,          3.50,       8.32,      83.22,    290.95,         32.61
       21,          4,    1,          9.34,          3.50,       3.00,      29.97,    104.92,         10.90
       21,          4,    2,         14.50,          3.50,       4.95,      49.45,    173.09,         19.16
       21,          4,    3,         17.41,          3.50,       6.56,      65.65,    229.68,         27.03
       21,          4,    4,         18.63,          3.50,       7.60,      75.96,    265.63,         30.44
       21,          4,    5,         19.40,          3.50,       8.34,      83.32,    291.33,         32.84
       21,          4,    6,         19.83,          3.50,       8.86,      88.54,    309.55,         33.94
       21,          4,    7,         19.88,          3.50,       9.28,      92.85,    324.60,         32.57
       22,          1,    1,          7.03,          3.50,       2.29,      22.92,     80.29,          9.43
       22,          1,    2,         12.51,          3.50,       3.65,      36.49,    127.72,         17.65
       22,          1,    3,         15.24,          3.50,       4.81,      48.04,    168.15,         23.65
       22,          1,    4,         16.66,          3.50,       5.60,      56.00,    196.01,         27.35
       22,          1,    5,         17.32,          3.50,       6.05,      60.49,    211.68,         29.15
       22,          1,    6,         17.66,          3.50,       6.29,      62.95,    220.30,         30.17
       22,          1,    7,         17.88,          3.50,       6.50,      65.00,    227.43,         30.58
       22,          2,    1,          8.43,          3.50,       2.54,      25.40,     88.94,         11.20
       22,          2,    2,         13.58,          3.50,       4.11,      41.06,    143.71,         19.49
       22,          2,    3,         16.24,          3.50,       5.44,      54.39,    190.36,         25.71
       22,          2,    4,         17.63,          3.50,       6.31,      63.06,    220.63,         29.86
       22,          2,    5,         18.33,          3.50,       6.84,      68.34,    239.10,         32.07
       22,          2,    6,         18.71,          3.50,       7.17,      71.65,    250.61,         33.21
       22,          2,    7,         19.02,          3.50,       7.48,      74.79,    261.58,         34.01
       22,          3,    1,          9.33,          3.50,       2.79,      27.91,     97.75,         12.06
       22,          3,    2,         14.46,          3.50,       4.59,      45.89,    160.64,         20.83
       22,          3,    3,         17.18,          3.50,       6.12,      61.23,    214.25,         27.82
       22,          3,    4,         18.61,          3.50,       7.21,      72.09,    252.13,         32.22
       22,          3,    5,         19.40,          3.50,       7.93,      79.23,    277.05,         34.76
       22,          3,    6,         19.53,          3.50,       8.42,      84.14,    294.15,         33.57
       22,          3,    7,         20.22,          3.50,       8.88,      88.78,    310.37,         37.03
       22,          4,    1,         10.00,          3.50,       3.03,      30.36,    106.30,         12.55
       22,          4,    2,         15.17,          3.50,       5.05,      50.47,    176.64,         21.94
       22,          4,    3,         17.93,          3.50,       6.78,      67.83,    237.31,         29.44
       22,          4,    4,         19.41,          3.50,       8.05,      80.46,    281.32,         34.26
       22,          4,    5,         20.22,          3.50,       8.92,      89.19,    311.80,         36.88
       22,          4,    6,         20.68,          3.50,       9.51,      95.14,    332.60,         38.23
       22,          4,    7,         21.00,          3.50,      10.01,     100.05,    349.76,         39.00

