[Radio] Initializing ... success!
Connected to RF power monitor: Rohde&Schwarz,FPC1500,1328.6660K03/205785,V1.80
Connected to DC power monitor: radiolib-org,DCpowerMon,070dd3d
setCurrentLimit, code 0

Set [dBm],paDutyCycle,hpMax,Measured [dBm],Bus voltage[V],Voltage[mV],Current[mA],Power [mW],Efficiency [%]
       -9,          1,    1,        -17.11,          3.50,       0.95,       9.52,     33.37,          0.23
       -9,          1,    2,        -14.58,          3.50,       1.07,      10.71,     37.52,          0.28
       -9,          1,    3,        -13.68,          3.50,       1.16,      11.65,     40.81,          0.27
       -9,          1,    4,        -13.17,          3.50,       1.24,      12.43,     43.54,          0.26
       -9,          1,    5,        -12.83,          3.50,       1.32,      13.24,     46.38,          0.24
       -9,          1,    6,        -12.56,          3.50,       1.40,      13.95,     48.88,          0.23
       -9,          1,    7,        -12.32,          3.50,       1.47,      14.72,     51.59,          0.22
       -9,          2,    1,        -16.56,          3.50,       0.97,       9.70,     33.98,          0.24
       -9,          2,    2,        -14.11,          3.50,       1.09,      10.93,     38.31,          0.29
       -9,          2,    3,        -13.19,          3.50,       1.20,      11.96,     41.89,          0.28
       -9,          2,    4,        -12.65,          3.50,       1.28,      12.81,     44.90,          0.27
       -9,          2,    5,        -12.23,          3.50,       1.37,      13.65,     47.83,          0.26
       -9,          2,    6,        -11.93,          3.50,       1.45,      14.45,     50.62,          0.25
       -9,          2,    7,        -11.64,          3.50,       1.53,      15.26,     53.47,          0.24
       -9,          3,    1,        -15.96,          3.50,       0.99,       9.92,     34.77,          0.26
       -9,          3,    2,        -13.52,          3.50,       1.14,      11.36,     39.80,          0.30
       -9,          3,    3,        -12.48,          3.50,       1.25,      12.44,     43.58,          0.30
       -9,          3,    4,        -11.84,          3.50,       1.35,      13.44,     47.11,          0.29
       -9,          3,    5,        -11.36,          3.50,       1.44,      14.40,     50.46,          0.29
       -9,          3,    6,        -10.99,          3.50,       1.53,      15.28,     53.53,          0.28
       -9,          3,    7,        -10.70,          3.50,       1.61,      16.12,     56.47,          0.27
       -9,          4,    1,        -15.50,          3.50,       1.02,      10.17,     35.65,          0.26
       -9,          4,    2,        -12.96,          3.50,       1.18,      11.80,     41.35,          0.30
       -9,          4,    3,        -12.12,          3.50,       1.31,      13.07,     45.80,          0.29
       -9,          4,    4,        -11.18,          3.50,       1.41,      14.15,     49.57,          0.31
       -9,          4,    5,        -10.75,          3.50,       1.51,      15.10,     52.92,          0.30
       -9,          4,    6,        -10.42,          3.50,       1.60,      15.95,     55.89,          0.29
       -9,          4,    7,        -10.20,          3.50,       1.68,      16.78,     58.79,          0.28
       -8,          1,    1,        -15.84,          3.50,       0.98,       9.81,     34.38,          0.27
       -8,          1,    2,        -13.31,          3.50,       1.11,      11.12,     38.99,          0.33
       -8,          1,    3,        -12.43,          3.50,       1.20,      12.01,     42.08,          0.33
       -8,          1,    4,        -11.94,          3.50,       1.29,      12.86,     45.07,          0.32
       -8,          1,    5,        -11.62,          3.50,       1.36,      13.65,     47.82,          0.30
       -8,          1,    6,        -11.38,          3.50,       1.44,      14.40,     50.44,          0.29
       -8,          1,    7,        -11.15,          3.50,       1.51,      15.16,     53.13,          0.27
       -8,          2,    1,        -15.23,          3.50,       1.00,      10.03,     35.14,          0.29
       -8,          2,    2,        -12.83,          3.50,       1.14,      11.40,     39.96,          0.35
       -8,          2,    3,        -11.93,          3.50,       1.24,      12.38,     43.36,          0.35
       -8,          2,    4,        -11.41,          3.50,       1.33,      13.28,     46.55,          0.33
       -8,          2,    5,        -11.02,          3.50,       1.41,      14.12,     49.51,          0.32
       -8,          2,    6,        -11.04,          3.50,       1.50,      14.99,     52.52,          0.29
       -8,          2,    7,        -10.45,          3.50,       1.58,      15.78,     55.30,          0.30
       -8,          3,    1,        -14.68,          3.50,       1.03,      10.26,     35.93,          0.31
       -8,          3,    2,        -12.23,          3.50,       1.18,      11.78,     41.28,          0.37
       -8,          3,    3,        -11.22,          3.50,       1.30,      13.00,     45.57,          0.37
       -8,          3,    4,        -10.60,          3.50,       1.40,      13.98,     48.99,          0.36
       -8,          3,    5,        -10.13,          3.50,       1.50,      14.99,     52.53,          0.35
       -8,          3,    6,         -9.78,          3.50,       1.59,      15.90,     55.71,          0.34
       -8,          3,    7,         -9.49,          3.50,       1.67,      16.75,     58.68,          0.33
       -8,          4,    1,        -14.20,          3.50,       1.05,      10.56,     37.00,          0.31
       -8,          4,    2,        -11.67,          3.50,       1.23,      12.31,     43.15,          0.37
       -8,          4,    3,        -10.59,          3.50,       1.37,      13.67,     47.87,          0.38
       -8,          4,    4,         -9.92,          3.50,       1.48,      14.83,     51.97,          0.38
       -8,          4,    5,         -9.50,          3.50,       1.58,      15.81,     55.40,          0.37
       -8,          4,    6,         -9.18,          3.50,       1.67,      16.71,     58.56,          0.36
       -8,          4,    7,         -8.95,          3.50,       1.75,      17.54,     61.46,          0.35
       -7,          1,    1,        -14.77,          3.50,       1.00,      10.04,     35.18,          0.33
       -7,          1,    2,        -12.23,          3.50,       1.15,      11.44,     40.09,          0.40
       -7,          1,    3,        -11.38,          3.50,       1.24,      12.41,     43.47,          0.39
       -7,          1,    4,        -10.90,          3.50,       1.33,      13.27,     46.47,          0.38
       -7,          1,    5,        -10.59,          3.50,       1.40,      14.04,     49.19,          0.36
       -7,          1,    6,        -10.36,          3.50,       1.48,      14.82,     51.93,          0.34
       -7,          1,    7,        -10.14,          3.50,       1.56,      15.56,     54.53,          0.33
       -7,          2,    1,        -14.13,          3.50,       1.03,      10.29,     36.05,          0.34
       -7,          2,    2,        -11.74,          3.50,       1.18,      11.79,     41.32,          0.41
       -7,          2,    3,        -10.85,          3.50,       1.28,      12.80,     44.84,          0.41
       -7,          2,    4,        -10.34,          3.50,       1.37,      13.71,     48.04,          0.40
       -7,          2,    5,         -9.95,          3.50,       1.47,      14.65,     51.33,          0.38
       -7,          2,    6,         -9.76,          3.50,       1.55,      15.47,     54.19,          0.36
       -7,          2,    7,         -9.41,          3.50,       1.63,      16.29,     57.07,          0.36
       -7,          3,    1,        -13.57,          3.50,       1.06,      10.57,     37.05,          0.36
       -7,          3,    2,        -11.14,          3.50,       1.22,      12.23,     42.87,          0.43
       -7,          3,    3,        -10.14,          3.50,       1.35,      13.48,     47.24,          0.43
       -7,          3,    4,         -9.54,          3.50,       1.46,      14.59,     51.12,          0.42
       -7,          3,    5,         -9.07,          3.50,       1.56,      15.58,     54.60,          0.42
       -7,          3,    6,         -8.73,          3.50,       1.65,      16.51,     57.87,          0.41
       -7,          3,    7,         -8.46,          3.50,       1.74,      17.38,     60.89,          0.40
       -7,          4,    1,        -13.11,          3.50,       1.09,      10.96,     38.40,          0.36
       -7,          4,    2,        -10.57,          3.50,       1.28,      12.86,     45.05,          0.43
       -7,          4,    3,         -9.50,          3.50,       1.43,      14.27,     50.00,          0.45
       -7,          4,    4,         -8.84,          3.50,       1.55,      15.46,     54.15,          0.44
       -7,          4,    5,         -8.43,          3.50,       1.65,      16.49,     57.79,          0.44
       -7,          4,    6,         -8.12,          3.50,       1.74,      17.40,     60.97,          0.43
       -7,          4,    7,         -7.89,          3.50,       1.83,      18.32,     64.19,          0.41
       -6,          1,    1,        -13.78,          3.50,       1.03,      10.30,     36.08,          0.37
       -6,          1,    2,        -11.26,          3.50,       1.18,      11.81,     41.37,          0.45
       -6,          1,    3,        -10.42,          3.50,       1.28,      12.82,     44.93,          0.45
       -6,          1,    4,         -9.95,          3.50,       1.37,      13.67,     47.90,          0.44
       -6,          1,    5,         -9.66,          3.50,       1.45,      14.48,     50.75,          0.42
       -6,          1,    6,         -9.43,          3.50,       1.52,      15.24,     53.40,          0.40
       -6,          1,    7,         -9.23,          3.50,       1.60,      16.03,     56.18,          0.38
       -6,          2,    1,        -13.15,          3.50,       1.06,      10.60,     37.14,          0.40
       -6,          2,    2,        -10.76,          3.50,       1.22,      12.17,     42.63,          0.47
       -6,          2,    3,         -9.88,          3.50,       1.33,      13.26,     46.47,          0.48
       -6,          2,    4,         -9.38,          3.50,       1.42,      14.21,     49.82,          0.46
       -6,          2,    5,         -9.01,          3.50,       1.52,      15.13,     53.02,          0.45
       -6,          2,    6,         -8.73,          3.50,       1.60,      15.97,     55.95,          0.43
       -6,          2,    7,         -8.49,          3.50,       1.68,      16.76,     58.71,          0.42
       -6,          3,    1,        -12.58,          3.50,       1.09,      10.93,     38.30,          0.41
       -6,          3,    2,        -10.15,          3.50,       1.27,      12.72,     44.56,          0.49
       -6,          3,    3,         -9.38,          3.50,       1.40,      14.01,     49.10,          0.48
       -6,          3,    4,         -8.55,          3.50,       1.51,      15.12,     52.97,          0.50
       -6,          3,    5,         -8.10,          3.50,       1.62,      16.23,     56.85,          0.48
       -6,          3,    6,         -7.78,          3.50,       1.71,      17.10,     59.92,          0.48
       -6,          3,    7,         -7.51,          3.50,       1.81,      18.06,     63.29,          0.46
       -6,          4,    1,        -12.10,          3.50,       1.14,      11.37,     39.83,          0.41
       -6,          4,    2,         -9.58,          3.50,       1.34,      13.38,     46.89,          0.50
       -6,          4,    3,         -8.52,          3.50,       1.49,      14.90,     52.19,          0.51
       -6,          4,    4,         -7.87,          3.50,       1.62,      16.15,     56.61,          0.51
       -6,          4,    5,         -7.46,          3.50,       1.72,      17.21,     60.27,          0.51
       -6,          4,    6,         -7.42,          3.50,       1.82,      18.20,     63.79,          0.47
       -6,          4,    7,         -6.94,          3.50,       1.91,      19.08,     66.84,          0.48
       -5,          1,    1,        -12.13,          3.50,       1.08,      10.85,     38.02,          0.47
       -5,          1,    2,         -9.60,          3.50,       1.25,      12.53,     43.90,          0.58
       -5,          1,    3,         -8.77,          3.50,       1.36,      13.59,     47.61,          0.59
       -5,          1,    4,         -8.56,          3.50,       1.45,      14.47,     50.71,          0.54
       -5,          1,    5,         -8.04,          3.50,       1.53,      15.32,     53.68,          0.55
       -5,          1,    6,         -7.83,          3.50,       1.61,      16.10,     56.39,          0.53
       -5,          1,    7,         -7.64,          3.50,       1.69,      16.87,     59.12,          0.50
       -5,          2,    1,        -11.48,          3.50,       1.13,      11.24,     39.38,          0.50
       -5,          2,    2,         -9.08,          3.50,       1.30,      12.99,     45.50,          0.60
       -5,          2,    3,         -8.37,          3.50,       1.41,      14.12,     49.47,          0.60
       -5,          2,    4,         -7.74,          3.50,       1.51,      15.14,     53.04,          0.60
       -5,          2,    5,         -7.37,          3.50,       1.61,      16.12,     56.47,          0.58
       -5,          2,    6,         -7.11,          3.50,       1.70,      16.95,     59.38,          0.57
       -5,          2,    7,         -6.87,          3.50,       1.79,      17.87,     62.59,          0.55
       -5,          3,    1,        -10.91,          3.50,       1.17,      11.65,     40.81,          0.51
       -5,          3,    2,         -8.47,          3.50,       1.36,      13.62,     47.73,          0.62
       -5,          3,    3,         -7.49,          3.50,       1.51,      15.05,     52.72,          0.64
       -5,          3,    4,         -7.23,          3.50,       1.63,      16.29,     57.07,          0.59
       -5,          3,    5,         -6.46,          3.50,       1.74,      17.38,     60.89,          0.63
       -5,          3,    6,         -6.15,          3.50,       1.84,      18.40,     64.47,          0.61
       -5,          3,    7,         -5.89,          3.50,       1.93,      19.33,     67.72,          0.60
       -5,          4,    1,        -10.43,          3.50,       1.21,      12.09,     42.35,          0.52
       -5,          4,    2,         -7.90,          3.50,       1.44,      14.43,     50.56,          0.63
       -5,          4,    3,         -6.84,          3.50,       1.61,      16.13,     56.52,          0.65
       -5,          4,    4,         -6.47,          3.50,       1.74,      17.42,     61.04,          0.62
       -5,          4,    5,         -5.80,          3.50,       1.86,      18.65,     65.35,          0.65
       -5,          4,    6,         -5.50,          3.50,       1.97,      19.67,     68.94,          0.64
       -5,          4,    7,         -5.54,          3.50,       2.06,      20.58,     72.09,          0.59
       -4,          1,    1,        -11.42,          3.50,       1.11,      11.15,     39.06,          0.51
       -4,          1,    2,         -8.88,          3.50,       1.29,      12.90,     45.21,          0.64
       -4,          1,    3,         -8.05,          3.50,       1.40,      13.97,     48.93,          0.65
       -4,          1,    4,         -7.62,          3.50,       1.49,      14.89,     52.16,          0.64
       -4,          1,    5,         -7.34,          3.50,       1.57,      15.72,     55.09,          0.61
       -4,          1,    6,         -7.13,          3.50,       1.65,      16.53,     57.93,          0.59
       -4,          1,    7,         -7.00,          3.50,       1.73,      17.29,     60.59,          0.56
       -4,          2,    1,        -10.77,          3.50,       1.15,      11.53,     40.42,          0.54
       -4,          2,    2,         -8.36,          3.50,       1.33,      13.34,     46.73,          0.67
       -4,          2,    3,         -7.50,          3.50,       1.46,      14.60,     51.16,          0.68
       -4,          2,    4,         -7.02,          3.50,       1.56,      15.58,     54.61,          0.67
       -4,          2,    5,         -6.66,          3.50,       1.66,      16.59,     58.13,          0.65
       -4,          2,    6,         -6.40,          3.50,       1.74,      17.42,     61.05,          0.63
       -4,          2,    7,         -6.46,          3.50,       1.84,      18.38,     64.40,          0.57
       -4,          3,    1,        -10.19,          3.50,       1.20,      11.98,     41.96,          0.56
       -4,          3,    2,         -7.75,          3.50,       1.41,      14.05,     49.23,          0.69
       -4,          3,    3,         -6.95,          3.50,       1.56,      15.55,     54.50,          0.68
       -4,          3,    4,         -6.18,          3.50,       1.68,      16.81,     58.90,          0.71
       -4,          3,    5,         -5.74,          3.50,       1.80,      18.00,     63.09,          0.70
       -4,          3,    6,         -5.43,          3.50,       1.90,      19.02,     66.63,          0.69
       -4,          3,    7,         -5.17,          3.50,       2.00,      20.00,     70.09,          0.67
       -4,          4,    1,         -9.98,          3.50,       1.25,      12.47,     43.70,          0.53
       -4,          4,    2,         -7.16,          3.50,       1.50,      14.96,     52.41,          0.70
       -4,          4,    3,         -6.11,          3.50,       1.67,      16.69,     58.48,          0.73
       -4,          4,    4,         -5.48,          3.50,       1.81,      18.16,     63.63,          0.73
       -4,          4,    5,         -5.14,          3.50,       1.93,      19.33,     67.72,          0.71
       -4,          4,    6,         -4.78,          3.50,       2.04,      20.34,     71.25,          0.72
       -4,          4,    7,         -4.57,          3.50,       2.13,      21.34,     74.75,          0.70
       -3,          1,    1,        -10.76,          3.50,       1.14,      11.40,     39.96,          0.56
       -3,          1,    2,         -8.22,          3.50,       1.32,      13.23,     46.37,          0.70
       -3,          1,    3,         -7.40,          3.50,       1.44,      14.36,     50.32,          0.72
       -3,          1,    4,         -6.95,          3.50,       1.53,      15.28,     53.55,          0.71
       -3,          1,    5,         -6.69,          3.50,       1.62,      16.16,     56.61,          0.68
       -3,          1,    6,         -6.48,          3.50,       1.69,      16.93,     59.34,          0.65
       -3,          1,    7,         -6.30,          3.50,       1.78,      17.75,     62.19,          0.63
       -3,          2,    1,        -10.11,          3.50,       1.18,      11.81,     41.39,          0.59
       -3,          2,    2,         -7.69,          3.50,       1.37,      13.74,     48.14,          0.73
       -3,          2,    3,         -6.83,          3.50,       1.50,      15.03,     52.67,          0.75
       -3,          2,    4,         -6.35,          3.50,       1.60,      16.02,     56.14,          0.74
       -3,          2,    5,         -6.00,          3.50,       1.70,      17.04,     59.71,          0.72
       -3,          2,    6,         -5.74,          3.50,       1.80,      17.99,     63.03,          0.70
       -3,          2,    7,         -5.51,          3.50,       1.89,      18.88,     66.15,          0.68
       -3,          3,    1,         -9.52,          3.50,       1.23,      12.32,     43.17,          0.61
       -3,          3,    2,         -7.37,          3.50,       1.45,      14.54,     50.94,          0.70
       -3,          3,    3,         -6.10,          3.50,       1.61,      16.07,     56.32,          0.78
       -3,          3,    4,         -5.51,          3.50,       1.73,      17.34,     60.75,          0.78
       -3,          3,    5,         -5.08,          3.50,       1.86,      18.58,     65.11,          0.77
       -3,          3,    6,         -4.77,          3.50,       1.97,      19.64,     68.79,          0.76
       -3,          3,    7,         -4.52,          3.50,       2.06,      20.61,     72.20,          0.75
       -3,          4,    1,         -9.04,          3.50,       1.29,      12.87,     45.08,          0.62
       -3,          4,    2,         -6.50,          3.50,       1.55,      15.48,     54.25,          0.76
       -3,          4,    3,         -5.44,          3.50,       1.73,      17.30,     60.62,          0.80
       -3,          4,    4,         -4.81,          3.50,       1.88,      18.80,     65.86,          0.81
       -3,          4,    5,         -4.41,          3.50,       2.00,      20.02,     70.15,          0.80
       -3,          4,    6,         -4.12,          3.50,       2.11,      21.11,     73.95,          0.79
       -3,          4,    7,         -3.91,          3.50,       2.21,      22.06,     77.27,          0.78
       -2,          1,    1,         -9.59,          3.50,       1.19,      11.91,     41.75,          0.66
       -2,          1,    2,         -7.03,          3.50,       1.39,      13.91,     48.73,          0.84
       -2,          1,    3,         -6.20,          3.50,       1.51,      15.15,     53.07,          0.86
       -2,          1,    4,         -6.08,          3.50,       1.61,      16.10,     56.41,          0.79
       -2,          1,    5,         -5.51,          3.50,       1.70,      16.96,     59.44,          0.82
       -2,          1,    6,         -5.31,          3.50,       1.78,      17.78,     62.32,          0.79
       -2,          1,    7,         -5.14,          3.50,       1.87,      18.63,     65.27,          0.76
       -2,          2,    1,         -8.93,          3.50,       1.24,      12.39,     43.43,          0.69
       -2,          2,    2,         -6.72,          3.50,       1.45,      14.55,     50.98,          0.82
       -2,          2,    3,         -5.64,          3.50,       1.59,      15.87,     55.61,          0.89
       -2,          2,    4,         -5.16,          3.50,       1.69,      16.93,     59.30,          0.89
       -2,          2,    5,         -5.11,          3.50,       1.81,      18.04,     63.20,          0.81
       -2,          2,    6,         -4.56,          3.50,       1.90,      18.98,     66.49,          0.84
       -2,          2,    7,         -4.59,          3.50,       2.00,      19.97,     69.95,          0.77
       -2,          3,    1,         -8.34,          3.50,       1.30,      12.97,     45.46,          0.71
       -2,          3,    2,         -5.87,          3.50,       1.54,      15.43,     54.06,          0.89
       -2,          3,    3,         -4.89,          3.50,       1.71,      17.08,     59.83,          0.93
       -2,          3,    4,         -4.31,          3.50,       1.85,      18.46,     64.67,          0.93
       -2,          3,    5,         -3.90,          3.50,       1.98,      19.79,     69.31,          0.92
       -2,          3,    6,         -3.58,          3.50,       2.08,      20.84,     73.02,          0.91
       -2,          3,    7,         -3.33,          3.50,       2.19,      21.89,     76.69,          0.90
       -2,          4,    1,         -7.85,          3.50,       1.36,      13.61,     47.71,          0.72
       -2,          4,    2,         -5.29,          3.50,       1.65,      16.51,     57.86,          0.90
       -2,          4,    3,         -4.23,          3.50,       1.85,      18.50,     64.82,          0.94
       -2,          4,    4,         -3.60,          3.50,       2.01,      20.08,     70.35,          0.96
       -2,          4,    5,         -3.21,          3.50,       2.14,      21.41,     74.98,          0.95
       -2,          4,    6,         -2.92,          3.50,       2.25,      22.52,     78.87,          0.95
       -2,          4,    7,         -2.71,          3.50,       2.36,      23.56,     82.54,          0.93
       -1,          1,    1,         -8.61,          3.50,       1.24,      12.40,     43.45,          0.75
       -1,          1,    2,         -6.02,          3.50,       1.47,      14.65,     51.33,          0.95
       -1,          1,    3,         -5.20,          3.50,       1.59,      15.88,     55.65,          0.99
       -1,          1,    4,         -4.76,          3.50,       1.69,      16.87,     59.10,          0.98
       -1,          1,    5,         -4.50,          3.50,       1.78,      17.77,     62.23,          0.95
       -1,          1,    6,         -4.31,          3.50,       1.86,      18.63,     65.28,          0.92
       -1,          1,    7,         -4.14,          3.50,       1.95,      19.48,     68.26,          0.89
       -1,          2,    1,         -7.94,          3.50,       1.30,      12.98,     45.49,          0.78
       -1,          2,    2,         -5.68,          3.50,       1.53,      15.30,     53.60,          0.95
       -1,          2,    3,         -4.89,          3.50,       1.67,      16.68,     58.45,          0.97
       -1,          2,    4,         -4.42,          3.50,       1.79,      17.86,     62.59,          0.96
       -1,          2,    5,         -4.10,          3.50,       1.90,      18.97,     66.47,          0.94
       -1,          2,    6,         -3.86,          3.50,       1.99,      19.95,     69.88,          0.92
       -1,          2,    7,         -3.61,          3.50,       2.09,      20.86,     73.08,          0.91
       -1,          3,    1,         -7.35,          3.50,       1.36,      13.59,     47.63,          0.81
       -1,          3,    2,         -5.16,          3.50,       1.63,      16.29,     57.09,          0.95
       -1,          3,    3,         -3.87,          3.50,       1.81,      18.10,     63.43,          1.06
       -1,          3,    4,         -3.30,          3.50,       1.95,      19.53,     68.44,          1.07
       -1,          3,    5,         -3.11,          3.50,       2.08,      20.84,     72.99,          1.02
       -1,          3,    6,         -2.57,          3.50,       2.20,      22.02,     77.12,          1.06
       -1,          3,    7,         -2.38,          3.50,       2.31,      23.14,     81.03,          1.03
       -1,          4,    1,         -6.87,          3.50,       1.43,      14.30,     50.12,          0.81
       -1,          4,    2,         -4.27,          3.50,       1.74,      17.45,     61.13,          1.03
       -1,          4,    3,         -3.21,          3.50,       1.97,      19.66,     68.88,          1.08
       -1,          4,    4,         -2.59,          3.50,       2.13,      21.35,     74.78,          1.10
       -1,          4,    5,         -2.19,          3.50,       2.27,      22.73,     79.60,          1.10
       -1,          4,    6,         -1.90,          3.50,       2.39,      23.89,     83.69,          1.10
       -1,          4,    7,         -1.69,          3.50,       2.50,      25.03,     87.66,          1.08
        0,          1,    1,         -7.72,          3.50,       1.29,      12.92,     45.26,          0.84
        0,          1,    2,         -5.10,          3.50,       1.53,      15.33,     53.72,          1.08
        0,          1,    3,         -4.33,          3.50,       1.66,      16.64,     58.31,          1.11
        0,          1,    4,         -3.84,          3.50,       1.77,      17.64,     61.81,          1.12
        0,          1,    5,         -3.58,          3.50,       1.86,      18.60,     65.15,          1.09
        0,          1,    6,         -3.39,          3.50,       1.95,      19.49,     68.30,          1.06
        0,          1,    7,         -3.39,          3.50,       2.03,      20.32,     71.18,          0.99
        0,          2,    1,         -7.04,          3.50,       1.35,      13.51,     47.34,          0.88
        0,          2,    2,         -4.55,          3.50,       1.61,      16.06,     56.27,          1.12
        0,          2,    3,         -3.69,          3.50,       1.75,      17.53,     61.43,          1.17
        0,          2,    4,         -3.22,          3.50,       1.88,      18.75,     65.69,          1.17
        0,          2,    5,         -2.88,          3.50,       1.99,      19.91,     69.77,          1.15
        0,          2,    6,         -2.63,          3.50,       2.09,      20.89,     73.16,          1.13
        0,          2,    7,         -2.41,          3.50,       2.19,      21.92,     76.78,          1.11
        0,          3,    1,         -6.45,          3.50,       1.42,      14.20,     49.75,          0.91
        0,          3,    2,         -3.92,          3.50,       1.71,      17.11,     59.96,          1.16
        0,          3,    3,         -2.94,          3.50,       1.91,      19.08,     66.84,          1.21
        0,          3,    4,         -2.37,          3.50,       2.06,      20.57,     72.06,          1.23
        0,          3,    5,         -1.95,          3.50,       2.20,      21.99,     77.04,          1.23
        0,          3,    6,         -1.85,          3.50,       2.33,      23.25,     81.45,          1.16
        0,          3,    7,         -1.67,          3.50,       2.44,      24.35,     85.28,          1.13
        0,          4,    1,         -6.25,          3.50,       1.51,      15.05,     52.74,          0.85
        0,          4,    2,         -3.67,          3.50,       1.85,      18.50,     64.81,          1.07
        0,          4,    3,         -2.28,          3.50,       2.08,      20.78,     72.81,          1.23
        0,          4,    4,         -1.65,          3.50,       2.26,      22.57,     79.06,          1.26
        0,          4,    5,         -1.26,          3.50,       2.41,      24.06,     84.29,          1.26
        0,          4,    6,         -0.97,          3.50,       2.54,      25.40,     88.97,          1.25
        0,          4,    7,         -0.76,          3.50,       2.65,      26.51,     92.84,          1.23
        1,          1,    1,         -6.94,          3.50,       1.34,      13.40,     46.94,          0.92
        1,          1,    2,         -4.51,          3.50,       1.60,      16.00,     56.07,          1.14
        1,          1,    3,         -3.43,          3.50,       1.74,      17.38,     60.88,          1.26
        1,          1,    4,         -3.01,          3.50,       1.85,      18.45,     64.67,          1.26
        1,          1,    5,         -2.75,          3.50,       1.94,      19.45,     68.15,          1.23
        1,          1,    6,         -2.57,          3.50,       2.03,      20.28,     71.06,          1.20
        1,          1,    7,         -2.40,          3.50,       2.12,      21.16,     74.15,          1.17
        1,          2,    1,         -6.25,          3.50,       1.41,      14.06,     49.25,          0.98
        1,          2,    2,         -3.90,          3.50,       1.68,      16.77,     58.77,          1.20
        1,          2,    3,         -2.86,          3.50,       1.84,      18.41,     64.48,          1.31
        1,          2,    4,         -2.39,          3.50,       1.96,      19.66,     68.85,          1.31
        1,          2,    5,         -2.05,          3.50,       2.08,      20.81,     72.91,          1.30
        1,          2,    6,         -2.08,          3.50,       2.19,      21.86,     76.58,          1.20
        1,          2,    7,         -1.88,          3.50,       2.29,      22.93,     80.31,          1.17
        1,          3,    1,         -5.65,          3.50,       1.49,      14.86,     52.07,          1.00
        1,          3,    2,         -3.20,          3.50,       1.80,      18.00,     63.06,          1.25
        1,          3,    3,         -2.31,          3.50,       2.01,      20.06,     70.27,          1.30
        1,          3,    4,         -1.80,          3.50,       2.16,      21.63,     75.77,          1.30
        1,          3,    5,         -1.12,          3.50,       2.31,      23.16,     81.14,          1.37
        1,          3,    6,         -0.82,          3.50,       2.44,      24.40,     85.50,          1.37
        1,          3,    7,         -0.58,          3.50,       2.56,      25.61,     89.69,          1.35
        1,          4,    1,         -5.16,          3.50,       1.57,      15.71,     55.03,          1.01
        1,          4,    2,         -2.52,          3.50,       1.95,      19.47,     68.20,          1.29
        1,          4,    3,         -1.44,          3.50,       2.19,      21.92,     76.75,          1.38
        1,          4,    4,         -0.81,          3.50,       2.38,      23.83,     83.47,          1.42
        1,          4,    5,         -0.44,          3.50,       2.54,      25.41,     88.99,          1.41
        1,          4,    6,         -0.13,          3.50,       2.68,      26.77,     93.74,          1.41
        1,          4,    7,          0.08,          3.50,       2.79,      27.93,     97.83,          1.40
        2,          1,    1,         -5.91,          3.50,       1.41,      14.12,     49.48,          1.05
        2,          1,    2,         -3.17,          3.50,       1.69,      16.94,     59.36,          1.40
        2,          1,    3,         -2.31,          3.50,       1.85,      18.49,     64.80,          1.48
        2,          1,    4,         -1.89,          3.50,       1.96,      19.62,     68.74,          1.48
        2,          1,    5,         -1.64,          3.50,       2.06,      20.57,     72.07,          1.46
        2,          1,    6,         -1.47,          3.50,       2.15,      21.51,     75.34,          1.42
        2,          1,    7,         -1.30,          3.50,       2.24,      22.37,     78.37,          1.39
        2,          2,    1,         -5.20,          3.50,       1.49,      14.90,     52.19,          1.11
        2,          2,    2,         -2.62,          3.50,       1.79,      17.92,     62.77,          1.44
        2,          2,    3,         -1.74,          3.50,       1.96,      19.65,     68.84,          1.53
        2,          2,    4,         -1.27,          3.50,       2.09,      20.88,     73.16,          1.55
        2,          2,    5,         -0.94,          3.50,       2.22,      22.16,     77.63,          1.53
        2,          2,    6,         -0.70,          3.50,       2.33,      23.29,     81.58,          1.50
        2,          2,    7,         -0.49,          3.50,       2.44,      24.35,     85.29,          1.48
        2,          3,    1,         -4.59,          3.50,       1.57,      15.73,     55.14,          1.15
        2,          3,    2,         -1.99,          3.50,       1.93,      19.26,     67.46,          1.48
        2,          3,    3,         -1.00,          3.50,       2.15,      21.47,     75.20,          1.58
        2,          3,    4,         -0.42,          3.50,       2.32,      23.17,     81.17,          1.61
        2,          3,    5,         -0.00,          3.50,       2.48,      24.79,     86.83,          1.61
        2,          3,    6,          0.14,          3.50,       2.61,      26.16,     91.62,          1.55
        2,          3,    7,          0.54,          3.50,       2.74,      27.39,     95.94,          1.59
        2,          4,    1,         -4.09,          3.50,       1.67,      16.71,     58.56,          1.16
        2,          4,    2,         -1.41,          3.50,       2.08,      20.82,     72.94,          1.50
        2,          4,    3,         -0.33,          3.50,       2.36,      23.56,     82.53,          1.61
        2,          4,    4,          0.31,          3.50,       2.57,      25.66,     89.88,          1.65
        2,          4,    5,          0.71,          3.50,       2.74,      27.32,     95.69,          1.66
        2,          4,    6,          1.00,          3.50,       2.88,      28.77,    100.75,          1.66
        2,          4,    7,          0.89,          3.50,       3.00,      30.00,    105.04,          1.53
        3,          1,    1,         -5.30,          3.50,       1.46,      14.58,     51.08,          1.13
        3,          1,    2,         -2.52,          3.50,       1.76,      17.62,     61.75,          1.52
        3,          1,    3,         -1.64,          3.50,       1.92,      19.27,     67.50,          1.61
        3,          1,    4,         -1.22,          3.50,       2.03,      20.33,     71.23,          1.63
        3,          1,    5,         -0.98,          3.50,       2.14,      21.41,     75.00,          1.60
        3,          1,    6,         -0.97,          3.50,       2.23,      22.30,     78.10,          1.51
        3,          1,    7,         -0.64,          3.50,       2.33,      23.26,     81.46,          1.53
        3,          2,    1,         -4.65,          3.50,       1.54,      15.40,     53.95,          1.18
        3,          2,    2,         -2.13,          3.50,       1.86,      18.63,     65.28,          1.52
        3,          2,    3,         -1.32,          3.50,       2.04,      20.41,     71.50,          1.58
        3,          2,    4,         -0.60,          3.50,       2.18,      21.78,     76.30,          1.70
        3,          2,    5,         -0.46,          3.50,       2.31,      23.08,     80.83,          1.61
        3,          2,    6,         -0.03,          3.50,       2.42,      24.17,     84.66,          1.66
        3,          2,    7,          0.18,          3.50,       2.54,      25.34,     88.73,          1.63
        3,          3,    1,         -3.97,          3.50,       1.63,      16.35,     57.27,          1.24
        3,          3,    2,         -1.33,          3.50,       2.01,      20.08,     70.34,          1.62
        3,          3,    3,         -0.33,          3.50,       2.24,      22.35,     78.30,          1.74
        3,          3,    4,          0.25,          3.50,       2.41,      24.15,     84.58,          1.77
        3,          3,    5,          0.66,          3.50,       2.58,      25.85,     90.51,          1.78
        3,          3,    6,          0.96,          3.50,       2.73,      27.26,     95.47,          1.77
        3,          3,    7,          1.20,          3.50,       2.86,      28.57,    100.03,          1.76
        3,          4,    1,         -3.51,          3.50,       1.73,      17.32,     60.68,          1.24
        3,          4,    2,         -0.75,          3.50,       2.18,      21.77,     76.26,          1.64
        3,          4,    3,          0.34,          3.50,       2.47,      24.67,     86.42,          1.76
        3,          4,    4,          0.94,          3.50,       2.68,      26.83,     93.96,          1.80
        3,          4,    5,          1.26,          3.50,       2.86,      28.63,    100.25,          1.77
        3,          4,    6,          1.68,          3.50,       3.00,      30.04,    105.17,          1.83
        3,          4,    7,          1.88,          3.50,       3.13,      31.27,    109.49,          1.82
        4,          1,    1,         -4.23,          3.50,       1.54,      15.41,     53.97,          1.30
        4,          1,    2,         -1.35,          3.50,       1.89,      18.94,     66.36,          1.77
        4,          1,    3,         -0.45,          3.50,       2.06,      20.62,     72.22,          1.91
        4,          1,    4,         -0.03,          3.50,       2.18,      21.84,     76.48,          1.93
        4,          1,    5,          0.22,          3.50,       2.29,      22.91,     80.24,          1.90
        4,          1,    6,          0.40,          3.50,       2.38,      23.84,     83.51,          1.87
        4,          1,    7,          0.55,          3.50,       2.48,      24.82,     86.94,          1.83
        4,          2,    1,         -3.74,          3.50,       1.64,      16.38,     57.41,          1.31
        4,          2,    2,         -0.79,          3.50,       2.01,      20.03,     70.18,          1.84
        4,          2,    3,         -0.00,          3.50,       2.20,      21.97,     76.97,          1.92
        4,          2,    4,          0.59,          3.50,       2.34,      23.38,     81.89,          2.01
        4,          2,    5,          0.89,          3.50,       2.48,      24.79,     86.82,          1.98
        4,          2,    6,          1.15,          3.50,       2.59,      25.93,     90.81,          1.98
        4,          2,    7,          1.36,          3.50,       2.71,      27.10,     94.89,          1.96
        4,          3,    1,         -2.89,          3.50,       1.74,      17.41,     61.00,          1.43
        4,          3,    2,         -0.16,          3.50,       2.16,      21.58,     75.61,          1.90
        4,          3,    3,          0.87,          3.50,       2.41,      24.10,     84.41,          2.05
        4,          3,    4,          1.17,          3.50,       2.61,      26.05,     91.22,          1.97
        4,          3,    5,          1.66,          3.50,       2.78,      27.81,     97.40,          2.02
        4,          3,    6,          2.16,          3.50,       2.93,      29.29,    102.57,          2.12
        4,          3,    7,          2.41,          3.50,       3.06,      30.60,    107.16,          2.12
        4,          4,    1,         -2.39,          3.50,       1.86,      18.60,     65.19,          1.43
        4,          4,    2,          0.43,          3.50,       2.35,      23.53,     82.41,          1.92
        4,          4,    3,          1.55,          3.50,       2.67,      26.66,     93.37,          2.08
        4,          4,    4,          2.20,          3.50,       2.90,      28.96,    101.41,          2.17
        4,          4,    5,          2.62,          3.50,       3.08,      30.78,    107.78,          2.20
        4,          4,    6,          2.92,          3.50,       3.23,      32.31,    113.14,          2.22
        4,          4,    7,          3.13,          3.50,       3.36,      33.57,    117.53,          2.22
        5,          1,    1,         -3.57,          3.50,       1.60,      16.03,     56.17,          1.41
        5,          1,    2,         -0.60,          3.50,       1.98,      19.84,     69.49,          1.96
        5,          1,    3,          0.32,          3.50,       2.16,      21.64,     75.80,          2.13
        5,          1,    4,          0.75,          3.50,       2.29,      22.88,     80.14,          2.16
        5,          1,    5,          1.00,          3.50,       2.39,      23.92,     83.80,          2.14
        5,          1,    6,          1.17,          3.50,       2.49,      24.92,     87.28,          2.10
        5,          1,    7,          1.32,          3.50,       2.59,      25.89,     90.70,          2.07
        5,          2,    1,         -2.83,          3.50,       1.70,      17.01,     59.61,          1.51
        5,          2,    2,         -0.08,          3.50,       2.09,      20.94,     73.36,          2.03
        5,          2,    3,          0.90,          3.50,       2.30,      23.06,     80.77,          2.21
        5,          2,    4,          1.37,          3.50,       2.45,      24.49,     85.77,          2.26
        5,          2,    5,          1.39,          3.50,       2.59,      25.88,     90.64,          2.10
        5,          2,    6,          1.94,          3.50,       2.71,      27.07,     94.81,          2.24
        5,          2,    7,          2.14,          3.50,       2.83,      28.28,     99.03,          2.21
        5,          3,    1,         -2.20,          3.50,       1.82,      18.19,     63.73,          1.56
        5,          3,    2,          0.32,          3.50,       2.27,      22.66,     79.36,          1.98
        5,          3,    3,          1.66,          3.50,       2.53,      25.29,     88.59,          2.30
        5,          3,    4,          2.24,          3.50,       2.72,      27.26,     95.46,          2.38
        5,          3,    5,          2.67,          3.50,       2.91,      29.08,    101.84,          2.40
        5,          3,    6,          2.78,          3.50,       3.05,      30.53,    106.92,          2.32
        5,          3,    7,          2.98,          3.50,       3.19,      31.94,    111.86,          2.29
        5,          4,    1,         -1.68,          3.50,       1.94,      19.45,     68.13,          1.57
        5,          4,    2,          1.21,          3.50,       2.47,      24.68,     86.43,          2.15
        5,          4,    3,          2.36,          3.50,       2.79,      27.93,     97.82,          2.36
        5,          4,    4,          3.02,          3.50,       3.03,      30.27,    105.99,          2.47
        5,          4,    5,          3.43,          3.50,       3.22,      32.22,    112.81,          2.50
        5,          4,    6,          3.74,          3.50,       3.37,      33.73,    118.10,          2.54
        5,          4,    7,          3.95,          3.50,       3.50,      35.03,    122.65,          2.54
        6,          1,    1,         -2.78,          3.50,       1.67,      16.74,     58.64,          1.58
        6,          1,    2,          0.06,          3.50,       2.09,      20.87,     73.11,          2.11
        6,          1,    3,          1.30,          3.50,       2.29,      22.87,     80.10,          2.46
        6,          1,    4,          1.74,          3.50,       2.41,      24.10,     84.40,          2.52
        6,          1,    5,          1.98,          3.50,       2.52,      25.23,     88.36,          2.50
        6,          1,    6,          2.15,          3.50,       2.62,      26.21,     91.78,          2.47
        6,          1,    7,          2.30,          3.50,       2.72,      27.16,     95.13,          2.43
        6,          2,    1,         -2.01,          3.50,       1.79,      17.88,     62.63,          1.68
        6,          2,    2,          0.93,          3.50,       2.21,      22.15,     77.58,          2.36
        6,          2,    3,          1.89,          3.50,       2.43,      24.27,     85.02,          2.57
        6,          2,    4,          2.36,          3.50,       2.58,      25.79,     90.33,          2.64
        6,          2,    5,          2.47,          3.50,       2.72,      27.20,     95.27,          2.51
        6,          2,    6,          2.92,          3.50,       2.85,      28.44,     99.58,          2.63
        6,          2,    7,          3.12,          3.50,       2.96,      29.64,    103.80,          2.61
        6,          3,    1,         -1.35,          3.50,       1.91,      19.11,     66.96,          1.75
        6,          3,    2,          1.59,          3.50,       2.39,      23.91,     83.73,          2.46
        6,          3,    3,          2.66,          3.50,       2.67,      26.70,     93.48,          2.70
        6,          3,    4,          3.23,          3.50,       2.87,      28.67,    100.39,          2.80
        6,          3,    5,          3.66,          3.50,       3.06,      30.53,    106.91,          2.84
        6,          3,    6,          3.96,          3.50,       3.21,      32.10,    112.38,          2.85
        6,          3,    7,          4.20,          3.50,       3.35,      33.49,    117.28,          2.86
        6,          4,    1,         -0.81,          3.50,       2.04,      20.41,     71.50,          1.78
        6,          4,    2,          2.20,          3.50,       2.60,      26.05,     91.24,          2.50
        6,          4,    3,          3.28,          3.50,       2.95,      29.45,    103.14,          2.72
        6,          4,    4,          4.03,          3.50,       3.20,      31.96,    111.88,          2.91
        6,          4,    5,          4.46,          3.50,       3.39,      33.94,    118.84,          2.97
        6,          4,    6,          4.63,          3.50,       3.56,      35.57,    124.50,          2.92
        6,          4,    7,          4.96,          3.50,       3.69,      36.92,    129.24,          3.01
        7,          1,    1,         -1.88,          3.50,       1.74,      17.44,     61.11,          1.80
        7,          1,    2,          1.45,          3.50,       2.21,      22.08,     77.33,          2.68
        7,          1,    3,          2.44,          3.50,       2.41,      24.11,     84.42,          2.96
        7,          1,    4,          2.88,          3.50,       2.54,      25.42,     89.02,          3.04
        7,          1,    5,          3.12,          3.50,       2.66,      26.56,     93.03,          3.02
        7,          1,    6,          3.29,          3.50,       2.75,      27.50,     96.34,          3.00
        7,          1,    7,          3.43,          3.50,       2.85,      28.52,     99.89,          2.95
        7,          2,    1,         -1.05,          3.50,       1.88,      18.74,     65.67,          1.94
        7,          2,    2,          2.06,          3.50,       2.34,      23.37,     81.88,          2.83
        7,          2,    3,          3.03,          3.50,       2.56,      25.64,     89.78,          3.10
        7,          2,    4,          3.49,          3.50,       2.71,      27.15,     95.07,          3.19
        7,          2,    5,          3.81,          3.50,       2.86,      28.64,    100.30,          3.20
        7,          2,    6,          4.04,          3.50,       2.99,      29.87,    104.59,          3.19
        7,          2,    7,          4.10,          3.50,       3.11,      31.07,    108.77,          3.08
        7,          3,    1,         -0.34,          3.50,       2.01,      20.08,     70.35,          2.04
        7,          3,    2,          2.73,          3.50,       2.53,      25.24,     88.42,          2.96
        7,          3,    3,          3.58,          3.50,       2.81,      28.16,     98.61,          3.10
        7,          3,    4,          4.36,          3.50,       3.03,      30.25,    105.95,          3.37
        7,          3,    5,          4.78,          3.50,       3.23,      32.25,    112.94,          3.42
        7,          3,    6,          5.07,          3.50,       3.38,      33.81,    118.40,          3.44
        7,          3,    7,          5.32,          3.50,       3.53,      35.33,    123.69,          3.45
        7,          4,    1,          0.24,          3.50,       2.15,      21.48,     75.27,          2.10
        7,          4,    2,          3.36,          3.50,       2.75,      27.55,     96.47,          3.03
        7,          4,    3,          4.51,          3.50,       3.12,      31.16,    109.10,          3.36
        7,          4,    4,          5.16,          3.50,       3.38,      33.79,    118.30,          3.51
        7,          4,    5,          5.41,          3.50,       3.60,      35.95,    125.87,          3.44
        7,          4,    6,          5.87,          3.50,       3.77,      37.67,    131.85,          3.62
        7,          4,    7,          6.08,          3.50,       3.92,      39.19,    137.20,          3.61
        8,          1,    1,         -0.96,          3.50,       1.81,      18.10,     63.41,          2.10
        8,          1,    2,          2.48,          3.50,       2.30,      23.01,     80.61,          3.20
        8,          1,    3,          3.49,          3.50,       2.52,      25.19,     88.24,          3.54
        8,          1,    4,          3.92,          3.50,       2.66,      26.57,     93.07,          3.64
        8,          1,    5,          4.16,          3.50,       2.77,      27.68,     96.95,          3.63
        8,          1,    6,          4.32,          3.50,       2.87,      28.68,    100.46,          3.59
        8,          1,    7,          4.45,          3.50,       2.97,      29.68,    103.96,          3.54
        8,          2,    1,         -0.09,          3.50,       1.94,      19.43,     68.08,          2.27
        8,          2,    2,          3.08,          3.50,       2.44,      24.41,     85.50,          3.36
        8,          2,    3,          4.05,          3.50,       2.68,      26.80,     93.86,          3.69
        8,          2,    4,          4.51,          3.50,       2.84,      28.42,     99.52,          3.79
        8,          2,    5,          4.83,          3.50,       2.99,      29.92,    104.78,          3.81
        8,          2,    6,          5.05,          3.50,       3.11,      31.16,    109.11,          3.80
        8,          2,    7,          5.24,          3.50,       3.25,      32.46,    113.66,          3.77
        8,          3,    1,          0.64,          3.50,       2.08,      20.82,     72.94,          2.42
        8,          3,    2,          3.48,          3.50,       2.65,      26.45,     92.65,          3.30
        8,          3,    3,          4.80,          3.50,       2.95,      29.52,    103.38,          3.86
        8,          3,    4,          5.36,          3.50,       3.17,      31.72,    111.08,          4.00
        8,          3,    5,          5.77,          3.50,       3.38,      33.78,    118.29,          4.06
        8,          3,    6,          6.06,          3.50,       3.54,      35.44,    124.08,          4.08
        8,          3,    7,          6.17,          3.50,       3.71,      37.07,    129.75,          3.96
        8,          4,    1,          1.16,          3.50,       2.23,      22.32,     78.20,          2.45
        8,          4,    2,          4.36,          3.50,       2.89,      28.89,    101.18,          3.59
        8,          4,    3,          5.51,          3.50,       3.28,      32.78,    114.77,          3.96
        8,          4,    4,          6.14,          3.50,       3.56,      35.56,    124.50,          4.14
        8,          4,    5,          6.57,          3.50,       3.79,      37.87,    132.56,          4.22
        8,          4,    6,          6.86,          3.50,       3.98,      39.81,    139.36,          4.24
        8,          4,    7,          7.07,          3.50,       4.13,      41.34,    144.70,          4.25
        9,          1,    1,          0.09,          3.50,       1.87,      18.62,     65.23,          2.55
        9,          1,    2,          3.53,          3.50,       2.40,      23.98,     83.99,          3.83
        9,          1,    3,          4.57,          3.50,       2.64,      26.42,     92.53,          4.26
        9,          1,    4,          5.01,          3.50,       2.78,      27.84,     97.49,          4.39
        9,          1,    5,          5.23,          3.50,       2.90,      29.02,    101.63,          4.37
        9,          1,    6,          5.39,          3.50,       3.00,      29.99,    105.01,          4.34
        9,          1,    7,          5.52,          3.50,       3.10,      31.01,    108.60,          4.28
        9,          2,    1,          0.96,          3.50,       2.01,      20.07,     70.31,          2.76
        9,          2,    2,          4.15,          3.50,       2.56,      25.58,     89.61,          4.04
        9,          2,    3,          5.13,          3.50,       2.82,      28.17,     98.65,          4.43
        9,          2,    4,          5.58,          3.50,       2.98,      29.79,    104.32,          4.57
        9,          2,    5,          5.62,          3.50,       3.14,      31.40,    109.95,          4.30
        9,          2,    6,          6.11,          3.50,       3.27,      32.71,    114.54,          4.56
        9,          2,    7,          6.19,          3.50,       3.40,      33.99,    118.99,          4.43
        9,          3,    1,          1.68,          3.50,       2.16,      21.57,     75.56,          2.92
        9,          3,    2,          4.80,          3.50,       2.77,      27.72,     97.07,          4.20
        9,          3,    3,          5.84,          3.50,       3.10,      31.02,    108.60,          4.59
        9,          3,    4,          6.40,          3.50,       3.34,      33.38,    116.86,          4.76
        9,          3,    5,          6.81,          3.50,       3.56,      35.59,    124.56,          4.83
        9,          3,    6,          7.09,          3.50,       3.74,      37.36,    130.77,          4.84
        9,          3,    7,          7.33,          3.50,       3.90,      39.04,    136.66,          4.84
        9,          4,    1,          2.04,          3.50,       2.32,      23.22,     81.33,          2.84
        9,          4,    2,          5.40,          3.50,       3.04,      30.37,    106.35,          4.27
        9,          4,    3,          6.55,          3.50,       3.45,      34.53,    120.90,          4.71
        9,          4,    4,          7.17,          3.50,       3.76,      37.58,    131.56,          4.90
        9,          4,    5,          7.60,          3.50,       4.02,      40.15,    140.55,          4.98
        9,          4,    6,          7.89,          3.50,       4.21,      42.13,    147.46,          5.02
        9,          4,    7,          8.10,          3.50,       4.38,      43.78,    153.24,          5.03
       10,          1,    1,          0.74,          3.50,       1.91,      19.10,     66.91,          2.84
       10,          1,    2,          4.49,          3.50,       2.50,      25.01,     87.62,          4.50
       10,          1,    3,          5.25,          3.50,       2.76,      27.60,     96.65,          4.68
       10,          1,    4,          5.96,          3.50,       2.91,      29.12,    101.98,          5.13
       10,          1,    5,          6.19,          3.50,       3.03,      30.29,    106.08,          5.13
       10,          1,    6,          6.13,          3.50,       3.14,      31.35,    109.79,          4.84
       10,          1,    7,          6.47,          3.50,       3.24,      32.40,    113.45,          5.02
       10,          2,    1,          1.86,          3.50,       2.06,      20.61,     72.21,          3.26
       10,          2,    2,          5.08,          3.50,       2.67,      26.68,     93.45,          4.72
       10,          2,    3,          5.87,          3.50,       2.95,      29.48,    103.24,          4.95
       10,          2,    4,          6.52,          3.50,       3.12,      31.18,    109.20,          5.35
       10,          2,    5,          6.83,          3.50,       3.29,      32.86,    115.07,          5.37
       10,          2,    6,          6.80,          3.50,       3.42,      34.22,    119.80,          5.06
       10,          2,    7,          7.23,          3.50,       3.56,      35.59,    124.60,          5.32
       10,          3,    1,          2.40,          3.50,       2.22,      22.22,     77.82,          3.30
       10,          3,    2,          5.72,          3.50,       2.90,      29.02,    101.65,          4.88
       10,          3,    3,          6.78,          3.50,       3.25,      32.54,    113.96,          5.36
       10,          3,    4,          7.33,          3.50,       3.50,      35.01,    122.56,          5.55
       10,          3,    5,          7.44,          3.50,       3.74,      37.33,    130.68,          5.26
       10,          3,    6,          8.01,          3.50,       3.92,      39.22,    137.29,          5.64
       10,          3,    7,          8.24,          3.50,       4.10,      41.00,    143.51,          5.64
       10,          4,    1,          3.13,          3.50,       2.40,      23.96,     83.91,          3.50
       10,          4,    2,          6.31,          3.50,       3.18,      31.83,    111.44,          4.96
       10,          4,    3,          7.46,          3.50,       3.63,      36.31,    127.12,          5.46
       10,          4,    4,          8.08,          3.50,       3.96,      39.57,    138.52,          5.67
       10,          4,    5,          8.51,          3.50,       4.23,      42.33,    148.16,          5.77
       10,          4,    6,          8.80,          3.50,       4.44,      44.44,    155.53,          5.82
       10,          4,    7,          9.01,          3.50,       4.63,      46.28,    161.98,          5.82
       11,          1,    1,          1.83,          3.50,       1.95,      19.53,     68.44,          3.53
       11,          1,    2,          5.37,          3.50,       2.61,      26.05,     91.24,          5.23
       11,          1,    3,          6.44,          3.50,       2.89,      28.92,    101.29,          5.80
       11,          1,    4,          6.89,          3.50,       3.05,      30.51,    106.85,          5.99
       11,          1,    5,          7.12,          3.50,       3.18,      31.82,    111.41,          5.98
       11,          1,    6,          7.27,          3.50,       3.29,      32.85,    115.02,          5.95
       11,          1,    7,          7.40,          3.50,       3.39,      33.88,    118.64,          5.88
       11,          2,    1,          2.69,          3.50,       2.12,      21.17,     74.15,          3.80
       11,          2,    2,          5.98,          3.50,       2.79,      27.90,     97.72,          5.46
       11,          2,    3,          6.99,          3.50,       3.09,      30.87,    108.11,          6.03
       11,          2,    4,          7.45,          3.50,       3.28,      32.76,    114.71,          6.21
       11,          2,    5,          7.76,          3.50,       3.45,      34.47,    120.71,          6.25
       11,          2,    6,          7.96,          3.50,       3.59,      35.91,    125.72,          6.22
       11,          2,    7,          8.08,          3.50,       3.73,      37.33,    130.66,          6.09
       11,          3,    1,          3.40,          3.50,       2.29,      22.91,     80.24,          3.97
       11,          3,    2,          6.61,          3.50,       3.04,      30.34,    106.27,          5.65
       11,          3,    3,          7.69,          3.50,       3.42,      34.14,    119.52,          6.23
       11,          3,    4,          8.24,          3.50,       3.68,      36.78,    128.78,          6.44
       11,          3,    5,          8.34,          3.50,       3.93,      39.33,    137.66,          6.06
       11,          3,    6,          8.92,          3.50,       4.14,      41.35,    144.77,          6.53
       11,          3,    7,          8.91,          3.50,       4.32,      43.23,    151.33,          6.17
       11,          4,    1,          3.95,          3.50,       2.48,      24.74,     86.66,          4.04
       11,          4,    2,          7.19,          3.50,       3.33,      33.31,    116.64,          5.73
       11,          4,    3,          8.36,          3.50,       3.83,      38.27,    133.97,          6.30
       11,          4,    4,          8.80,          3.50,       4.18,      41.79,    146.28,          6.26
       11,          4,    5,          9.42,          3.50,       4.47,      44.71,    156.50,          6.66
       11,          4,    6,          9.71,          3.50,       4.70,      46.99,    164.46,          6.72
       11,          4,    7,          9.93,          3.50,       4.89,      48.91,    171.17,          6.73
       12,          1,    1,          2.58,          3.50,       2.00,      20.01,     70.10,          4.05
       12,          1,    2,          6.12,          3.50,       2.72,      27.20,     95.26,          5.86
       12,          1,    3,          7.37,          3.50,       3.04,      30.41,    106.49,          6.73
       12,          1,    4,          7.83,          3.50,       3.22,      32.20,    112.75,          6.94
       12,          1,    5,          8.06,          3.50,       3.35,      33.48,    117.23,          6.97
       12,          1,    6,          8.22,          3.50,       3.46,      34.56,    121.00,          6.94
       12,          1,    7,          8.34,          3.50,       3.57,      35.70,    124.97,          6.86
       12,          2,    1,          3.38,          3.50,       2.17,      21.72,     76.09,          4.29
       12,          2,    2,          6.87,          3.50,       2.92,      29.24,    102.41,          6.31
       12,          2,    3,          7.92,          3.50,       3.26,      32.57,    114.05,          6.98
       12,          2,    4,          8.34,          3.50,       3.46,      34.54,    120.93,          7.13
       12,          2,    5,          8.71,          3.50,       3.64,      36.44,    127.56,          7.27
       12,          2,    6,          8.92,          3.50,       3.79,      37.91,    132.74,          7.26
       12,          2,    7,          9.11,          3.50,       3.95,      39.44,    138.07,          7.23
       12,          3,    1,          3.96,          3.50,       2.36,      23.57,     82.57,          4.35
       12,          3,    2,          7.50,          3.50,       3.19,      31.89,    111.66,          6.52
       12,          3,    3,          8.62,          3.50,       3.61,      36.06,    126.26,          7.21
       12,          3,    4,          9.18,          3.50,       3.89,      38.93,    136.26,          7.46
       12,          3,    5,          9.59,          3.50,       4.17,      41.66,    145.85,          7.55
       12,          3,    6,          9.87,          3.50,       4.37,      43.71,    152.99,          7.60
       12,          3,    7,         10.10,          3.50,       4.58,      45.76,    160.17,          7.60
       12,          4,    1,          4.56,          3.50,       2.55,      25.51,     89.34,          4.46
       12,          4,    2,          8.04,          3.50,       3.50,      35.02,    122.62,          6.54
       12,          4,    3,          9.28,          3.50,       4.04,      40.43,    141.51,          7.29
       12,          4,    4,          9.92,          3.50,       4.42,      44.19,    154.67,          7.58
       12,          4,    5,         10.36,          3.50,       4.74,      47.42,    166.00,          7.72
       12,          4,    6,         10.66,          3.50,       4.99,      49.92,    174.71,          7.79
       12,          4,    7,         10.88,          3.50,       5.21,      52.06,    182.20,          7.80
       13,          1,    1,          3.31,          3.50,       2.04,      20.39,     71.41,          4.66
       13,          1,    2,          7.14,          3.50,       2.86,      28.54,     99.96,          6.95
       13,          1,    3,          8.36,          3.50,       3.23,      32.29,    113.09,          7.81
       13,          1,    4,          8.82,          3.50,       3.42,      34.21,    119.77,          8.08
       13,          1,    5,          9.08,          3.50,       3.56,      35.61,    124.67,          8.16
       13,          1,    6,          9.24,          3.50,       3.67,      36.77,    128.72,          8.13
       13,          1,    7,          9.36,          3.50,       3.79,      37.86,    132.54,          8.06
       13,          2,    1,          4.20,          3.50,       2.23,      22.28,     78.03,          5.00
       13,          2,    2,          7.60,          3.50,       3.08,      30.78,    107.79,          6.98
       13,          2,    3,          8.91,          3.50,       3.46,      34.57,    121.07,          8.14
       13,          2,    4,          9.37,          3.50,       3.68,      36.78,    128.77,          8.37
       13,          2,    5,          9.73,          3.50,       3.88,      38.82,    135.90,          8.50
       13,          2,    6,          9.94,          3.50,       4.04,      40.41,    141.46,          8.50
       13,          2,    7,         10.13,          3.50,       4.20,      42.01,    147.06,          8.47
       13,          3,    1,          4.87,          3.50,       2.42,      24.21,     84.82,          5.17
       13,          3,    2,          8.28,          3.50,       3.37,      33.63,    117.76,          7.29
       13,          3,    3,          9.61,          3.50,       3.84,      38.37,    134.33,          8.38
       13,          3,    4,         10.19,          3.50,       4.15,      41.52,    145.33,          8.70
       13,          3,    5,         10.61,          3.50,       4.44,      44.38,    155.34,          8.85
       13,          3,    6,         10.70,          3.50,       4.67,      46.66,    163.33,          8.51
       13,          3,    7,         11.14,          3.50,       4.89,      48.84,    170.96,          8.92
       13,          4,    1,          5.43,          3.50,       2.63,      26.28,     92.05,          5.23
       13,          4,    2,          9.01,          3.50,       3.70,      37.02,    129.60,          7.64
       13,          4,    3,         10.27,          3.50,       4.30,      43.05,    150.67,          8.48
       13,          4,    4,         10.92,          3.50,       4.72,      47.17,    165.10,          8.85
       13,          4,    5,         11.38,          3.50,       5.08,      50.76,    177.64,          9.02
       13,          4,    6,         11.68,          3.50,       5.36,      53.54,    187.41,          9.09
       13,          4,    7,         11.92,          3.50,       5.59,      55.92,    195.71,          9.13
       14,          1,    1,          3.85,          3.50,       2.08,      20.76,     72.72,          5.15
       14,          1,    2,          7.88,          3.50,       2.98,      29.77,    104.26,          7.79
       14,          1,    3,          9.20,          3.50,       3.40,      34.01,    119.07,          8.89
       14,          1,    4,          9.73,          3.50,       3.62,      36.20,    126.72,          9.28
       14,          1,    5,          9.98,          3.50,       3.77,      37.69,    131.95,          9.36
       14,          1,    6,          9.89,          3.50,       3.90,      38.95,    136.34,          8.79
       14,          1,    7,         10.26,          3.50,       4.01,      40.14,    140.49,          9.24
       14,          2,    1,          4.74,          3.50,       2.27,      22.71,     79.55,          5.50
       14,          2,    2,          8.56,          3.50,       3.23,      32.27,    112.99,          8.19
       14,          2,    3,          9.59,          3.50,       3.66,      36.61,    128.18,          8.85
       14,          2,    4,         10.27,          3.50,       3.90,      39.03,    136.62,          9.57
       14,          2,    5,         10.61,          3.50,       4.11,      41.12,    143.94,          9.70
       14,          2,    6,         10.82,          3.50,       4.28,      42.80,    149.82,          9.72
       14,          2,    7,         11.02,          3.50,       4.44,      44.45,    155.58,          9.71
       14,          3,    1,          5.50,          3.50,       2.48,      24.82,     86.96,          5.77
       14,          3,    2,          9.21,          3.50,       3.54,      35.34,    123.74,          8.48
       14,          3,    3,         10.46,          3.50,       4.06,      40.64,    142.27,          9.51
       14,          3,    4,         11.06,          3.50,       4.40,      43.97,    153.91,          9.92
       14,          3,    5,         11.41,          3.50,       4.71,      47.11,    164.90,          9.91
       14,          3,    6,         11.79,          3.50,       4.95,      49.54,    173.40,         10.19
       14,          3,    7,         12.04,          3.50,       5.20,      51.95,    181.81,         10.22
       14,          4,    1,          5.96,          3.50,       2.69,      26.89,     94.17,          5.74
       14,          4,    2,          9.79,          3.50,       3.89,      38.94,    136.31,          8.59
       14,          4,    3,         11.11,          3.50,       4.55,      45.54,    159.41,          9.64
       14,          4,    4,         11.80,          3.50,       5.00,      50.04,    175.13,         10.10
       14,          4,    5,         12.27,          3.50,       5.41,      54.01,    189.03,         10.31
       14,          4,    6,         12.59,          3.50,       5.70,      57.03,    199.59,         10.42
       14,          4,    7,         12.83,          3.50,       5.96,      59.62,    208.66,         10.46
       15,          1,    1,          4.06,          3.50,       2.11,      21.10,     73.91,          5.28
       15,          1,    2,          8.53,          3.50,       3.09,      30.86,    108.07,          8.64
       15,          1,    3,          9.98,          3.50,       3.59,      35.88,    125.59,          9.95
       15,          1,    4,         10.57,          3.50,       3.84,      38.40,    134.44,         10.48
       15,          1,    5,         10.59,          3.50,       4.01,      40.04,    140.15,         10.00
       15,          1,    6,         11.00,          3.50,       4.13,      41.27,    144.45,         10.61
       15,          1,    7,         11.13,          3.50,       4.25,      42.48,    148.70,         10.53
       15,          2,    1,          5.21,          3.50,       2.32,      23.12,     81.00,          5.98
       15,          2,    2,          9.25,          3.50,       3.37,      33.70,    118.01,          9.10
       15,          2,    3,         10.29,          3.50,       3.87,      38.69,    135.42,          9.73
       15,          2,    4,         11.11,          3.50,       4.14,      41.36,    144.78,         10.84
       15,          2,    5,         11.35,          3.50,       4.36,      43.57,    152.52,         10.74
       15,          2,    6,         11.68,          3.50,       4.54,      45.35,    158.72,         11.04
       15,          2,    7,         11.87,          3.50,       4.71,      47.11,    164.87,         11.05
       15,          3,    1,          5.96,          3.50,       2.53,      25.27,     88.53,          6.26
       15,          3,    2,          9.92,          3.50,       3.70,      36.99,    129.51,          9.43
       15,          3,    3,         11.26,          3.50,       4.30,      42.96,    150.36,         10.70
       15,          3,    4,         11.86,          3.50,       4.66,      46.58,    163.05,         11.16
       15,          3,    5,         12.34,          3.50,       5.00,      49.94,    174.77,         11.47
       15,          3,    6,         12.63,          3.50,       5.26,      52.61,    184.13,         11.55
       15,          3,    7,         12.82,          3.50,       5.52,      55.22,    193.26,         11.40
       15,          4,    1,          6.21,          3.50,       2.74,      27.43,     96.07,          5.91
       15,          4,    2,         10.23,          3.50,       4.08,      40.74,    142.63,          8.99
       15,          4,    3,         11.91,          3.50,       4.80,      48.02,    168.06,         10.89
       15,          4,    4,         12.63,          3.50,       5.30,      53.05,    185.67,         11.43
       15,          4,    5,         13.12,          3.50,       5.74,      57.38,    200.83,         11.68
       15,          4,    6,         13.48,          3.50,       6.07,      60.69,    212.40,         11.93
       15,          4,    7,         13.73,          3.50,       6.35,      63.48,    222.14,         11.99
       16,          1,    1,          4.51,          3.50,       2.14,      21.42,     75.03,          5.72
       16,          1,    2,          8.82,          3.50,       3.20,      32.02,    112.11,          8.82
       16,          1,    3,         10.76,          3.50,       3.80,      37.95,    132.86,         11.12
       16,          1,    4,         11.42,          3.50,       4.08,      40.83,    142.93,         11.81
       16,          1,    5,         11.73,          3.50,       4.27,      42.64,    149.27,         12.03
       16,          1,    6,         11.69,          3.50,       4.40,      43.97,    153.92,         11.49
       16,          1,    7,         12.02,          3.50,       4.52,      45.22,    158.27,         12.01
       16,          2,    1,          5.47,          3.50,       2.35,      23.51,     82.37,          6.21
       16,          2,    2,          9.88,          3.50,       3.52,      35.16,    123.09,          9.98
       16,          2,    3,         11.36,          3.50,       4.10,      41.01,    143.55,         11.59
       16,          2,    4,         11.92,          3.50,       4.40,      44.01,    154.05,         12.12
       16,          2,    5,         12.29,          3.50,       4.64,      46.42,    162.47,         12.38
       16,          2,    6,         12.48,          3.50,       4.82,      48.20,    168.69,         12.39
       16,          2,    7,         12.75,          3.50,       5.01,      50.09,    175.32,         12.58
       16,          3,    1,          6.23,          3.50,       2.57,      25.75,     90.19,          6.50
       16,          3,    2,         10.54,          3.50,       3.87,      38.72,    135.54,         10.31
       16,          3,    3,         12.06,          3.50,       4.55,      45.53,    159.37,         12.01
       16,          3,    4,         12.69,          3.50,       4.95,      49.50,    173.26,         12.58
       16,          3,    5,         13.22,          3.50,       5.32,      53.15,    186.01,         13.08
       16,          3,    6,         13.56,          3.50,       5.60,      55.97,    195.87,         13.31
       16,          3,    7,         13.90,          3.50,       5.88,      58.75,    205.63,         13.64
       16,          4,    1,          6.81,          3.50,       2.79,      27.91,     97.75,          6.64
       16,          4,    2,         11.14,          3.50,       4.27,      42.65,    149.30,         10.49
       16,          4,    3,         12.46,          3.50,       5.09,      50.94,    178.30,         11.52
       16,          4,    4,         13.51,          3.50,       5.64,      56.37,    197.30,         13.06
       16,          4,    5,         14.03,          3.50,       6.09,      60.95,    213.30,         13.48
       16,          4,    6,         14.56,          3.50,       6.43,      64.36,    225.23,         14.31
       16,          4,    7,         14.88,          3.50,       6.73,      67.26,    235.35,         14.66
       17,          1,    1,          4.45,          3.50,       2.16,      21.64,     75.81,          5.57
       17,          1,    2,          9.60,          3.50,       3.30,      32.98,    115.46,         10.16
       17,          1,    3,         11.44,          3.50,       3.99,      39.93,    139.79,         12.21
       17,          1,    4,         12.17,          3.50,       4.32,      43.25,    151.40,         13.12
       17,          1,    5,         12.30,          3.50,       4.52,      45.19,    158.18,         12.81
       17,          1,    6,         12.72,          3.50,       4.65,      46.45,    162.58,         13.68
       17,          1,    7,         12.87,          3.50,       4.76,      47.59,    166.57,         13.74
       17,          2,    1,          5.50,          3.50,       2.38,      23.82,     83.43,          6.15
       17,          2,    2,         10.14,          3.50,       3.64,      36.41,    127.46,         10.14
       17,          2,    3,         12.08,          3.50,       4.33,      43.33,    151.69,         12.83
       17,          2,    4,         12.78,          3.50,       4.66,      46.55,    162.93,         13.83
       17,          2,    5,         13.19,          3.50,       4.90,      48.95,    171.32,         14.32
       17,          2,    6,         13.49,          3.50,       5.09,      50.87,    178.05,         14.65
       17,          2,    7,         13.69,          3.50,       5.29,      52.84,    184.93,         14.70
       17,          3,    1,          6.44,          3.50,       2.61,      26.09,     91.39,          6.69
       17,          3,    2,         10.87,          3.50,       4.03,      40.24,    140.88,         10.60
       17,          3,    3,         12.86,          3.50,       4.80,      47.99,    167.98,         13.57
       17,          3,    4,         13.66,          3.50,       5.23,      52.32,    183.11,         14.75
       17,          3,    5,         14.27,          3.50,       5.62,      56.21,    196.72,         15.61
       17,          3,    6,         14.65,          3.50,       5.94,      59.35,    207.73,         16.03
       17,          3,    7,         15.02,          3.50,       6.24,      62.38,    218.29,         16.48
       17,          4,    1,          7.02,          3.50,       2.84,      28.37,     99.38,          6.82
       17,          4,    2,         11.73,          3.50,       4.43,      44.29,    155.02,         11.51
       17,          4,    3,         13.66,          3.50,       5.36,      53.60,    187.59,         14.35
       17,          4,    4,         14.62,          3.50,       5.92,      59.20,    207.20,         15.94
       17,          4,    5,         15.25,          3.50,       6.39,      63.92,    223.69,         16.93
       17,          4,    6,         15.67,          3.50,       6.74,      67.40,    235.84,         17.55
       17,          4,    7,         15.72,          3.50,       7.03,      70.26,    245.80,         16.96
       18,          1,    1,          4.80,          3.50,       2.19,      21.91,     76.78,          5.95
       18,          1,    2,          9.99,          3.50,       3.38,      33.82,    118.44,         10.79
       18,          1,    3,         12.17,          3.50,       4.19,      41.85,    146.51,         13.68
       18,          1,    4,         13.17,          3.50,       4.56,      45.58,    159.53,         15.53
       18,          1,    5,         13.26,          3.50,       4.76,      47.62,    166.68,         15.07
       18,          1,    6,         13.76,          3.50,       4.90,      48.97,    171.42,         16.36
       18,          1,    7,         13.88,          3.50,       5.03,      50.26,    175.92,         16.29
       18,          2,    1,          5.84,          3.50,       2.41,      24.16,     84.61,          6.53
       18,          2,    2,         10.97,          3.50,       3.76,      37.55,    131.45,         11.85
       18,          2,    3,         12.98,          3.50,       4.57,      45.70,    159.96,         14.82
       18,          2,    4,         13.88,          3.50,       4.94,      49.43,    173.00,         16.61
       18,          2,    5,         14.35,          3.50,       5.24,      52.35,    183.21,         17.30
       18,          2,    6,         14.61,          3.50,       5.46,      54.56,    190.97,         17.50
       18,          2,    7,         14.93,          3.50,       5.70,      56.99,    199.46,         17.90
       18,          3,    1,          6.62,          3.50,       2.65,      26.49,     92.77,          6.86
       18,          3,    2,         11.60,          3.50,       4.17,      41.67,    145.89,         12.06
       18,          3,    3,         13.98,          3.50,       5.08,      50.75,    177.62,         16.46
       18,          3,    4,         14.86,          3.50,       5.58,      55.83,    195.39,         18.06
       18,          3,    5,         15.32,          3.50,       6.03,      60.29,    211.01,         18.39
       18,          3,    6,         15.88,          3.50,       6.38,      63.79,    223.22,         19.63
       18,          3,    7,         16.24,          3.50,       6.72,      67.14,    234.94,         20.14
       18,          4,    1,          7.19,          3.50,       2.87,      28.73,    100.61,          6.99
       18,          4,    2,         12.67,          3.50,       4.58,      45.80,    160.33,         13.74
       18,          4,    3,         14.83,          3.50,       5.64,      56.39,    197.37,         17.71
       18,          4,    4,         15.78,          3.50,       6.27,      62.70,    219.44,         19.55
       18,          4,    5,         16.43,          3.50,       6.79,      67.93,    237.69,         20.74
       18,          4,    6,         16.83,          3.50,       7.17,      71.68,    250.76,         21.44
       18,          4,    7,         16.89,          3.50,       7.47,      74.68,    261.21,         20.74
       19,          1,    1,          4.99,          3.50,       2.22,      22.13,     77.53,          6.13
       19,          1,    2,         10.60,          3.50,       3.45,      34.52,    120.87,         12.10
       19,          1,    3,         13.17,          3.50,       4.37,      43.66,    152.83,         16.35
       19,          1,    4,         14.20,          3.50,       4.83,      48.30,    169.06,         18.39
       19,          1,    5,         14.70,          3.50,       5.10,      51.02,    178.58,         19.34
       19,          1,    6,         14.95,          3.50,       5.28,      52.78,    184.72,         19.72
       19,          1,    7,         15.14,          3.50,       5.43,      54.29,    190.02,         19.91
       19,          2,    1,          6.04,          3.50,       2.45,      24.44,     85.59,          6.74
       19,          2,    2,         11.69,          3.50,       3.87,      38.65,    135.29,         13.52
       19,          2,    3,         14.07,          3.50,       4.83,      48.29,    169.03,         17.87
       19,          2,    4,         15.00,          3.50,       5.32,      53.18,    186.13,         19.74
       19,          2,    5,         15.54,          3.50,       5.67,      56.67,    198.34,         20.77
       19,          2,    6,         15.87,          3.50,       5.93,      59.29,    207.51,         21.27
       19,          2,    7,         15.93,          3.50,       6.19,      61.92,    216.69,         20.55
       19,          3,    1,          6.90,          3.50,       2.68,      26.79,     93.82,          7.21
       19,          3,    2,         12.65,          3.50,       4.29,      42.91,    150.20,         14.81
       19,          3,    3,         15.00,          3.50,       5.38,      53.83,    188.39,         19.45
       19,          3,    4,         15.95,          3.50,       5.99,      59.84,    209.43,         21.45
       19,          3,    5,         16.59,          3.50,       6.48,      64.82,    226.83,         22.68
       19,          3,    6,         17.00,          3.50,       6.87,      68.72,    240.46,         23.36
       19,          3,    7,         17.35,          3.50,       7.23,      72.32,    252.95,         23.94
       19,          4,    1,          7.59,          3.50,       2.91,      29.13,    102.02,          7.54
       19,          4,    2,         13.47,          3.50,       4.71,      47.10,    164.85,         15.98
       19,          4,    3,         15.82,          3.50,       5.96,      59.55,    208.39,         20.95
       19,          4,    4,         16.83,          3.50,       6.68,      66.84,    233.85,         23.14
       19,          4,    5,         17.48,          3.50,       7.27,      72.67,    254.20,         24.52
       19,          4,    6,         17.89,          3.50,       7.68,      76.78,    268.54,         25.35
       19,          4,    7,         18.19,          3.50,       8.02,      80.14,    280.26,         25.89
       20,          1,    1,          5.52,          3.50,       2.24,      22.42,     78.54,          6.82
       20,          1,    2,         11.21,          3.50,       3.53,      35.29,    123.56,         13.58
       20,          1,    3,         13.96,          3.50,       4.56,      45.59,    159.55,         18.67
       20,          1,    4,         15.15,          3.50,       5.13,      51.35,    179.73,         21.32
       20,          1,    5,         15.73,          3.50,       5.47,      54.65,    191.28,         22.66
       20,          1,    6,         16.02,          3.50,       5.67,      56.68,    198.38,         23.25
       20,          1,    7,         16.23,          3.50,       5.85,      58.44,    204.55,         23.54
       20,          2,    1,          6.70,          3.50,       2.48,      24.79,     86.84,          7.71
       20,          2,    2,         12.33,          3.50,       3.96,      39.60,    138.63,         15.20
       20,          2,    3,         14.95,          3.50,       5.09,      50.92,    178.21,         20.54
       20,          2,    4,         16.02,          3.50,       5.70,      57.02,    199.56,         23.05
       20,          2,    5,         16.31,          3.50,       6.11,      61.03,    213.59,         22.83
       20,          2,    6,         16.95,          3.50,       6.40,      63.96,    223.83,         25.08
       20,          2,    7,         17.08,          3.50,       6.69,      66.87,    233.98,         24.54
       20,          3,    1,          7.71,          3.50,       2.72,      27.19,     95.23,          8.53
       20,          3,    2,         13.31,          3.50,       4.40,      44.02,    154.09,         16.73
       20,          3,    3,         15.59,          3.50,       5.69,      56.88,    199.10,         20.92
       20,          3,    4,         16.85,          3.50,       6.41,      64.10,    224.32,         24.43
       20,          3,    5,         17.62,          3.50,       6.96,      69.62,    243.59,         26.57
       20,          3,    6,         18.03,          3.50,       7.38,      73.82,    258.22,         27.39
       20,          3,    7,         18.38,          3.50,       7.77,      77.67,    271.67,         28.03
       20,          4,    1,          8.52,          3.50,       2.95,      29.52,    103.38,          9.20
       20,          4,    2,         14.11,          3.50,       4.83,      48.31,    169.10,         18.02
       20,          4,    3,         16.68,          3.50,       6.27,      62.72,    219.51,         24.06
       20,          4,    4,         17.78,          3.50,       7.13,      71.29,    249.38,         26.86
       20,          4,    5,         18.46,          3.50,       7.78,      77.80,    272.06,         28.50
       20,          4,    6,         18.87,          3.50,       8.25,      82.53,    288.56,         29.35
       20,          4,    7,         18.98,          3.50,       8.62,      86.20,    301.39,         28.69
       21,          1,    1,          6.53,          3.50,       2.27,      22.67,     79.43,          8.50
       21,          1,    2,         11.87,          3.50,       3.59,      35.90,    125.69,         15.50
       21,          1,    3,         14.63,          3.50,       4.70,      46.99,    164.45,         21.05
       21,          1,    4,         15.70,          3.50,       5.39,      53.92,    188.72,         22.93
       21,          1,    5,         16.35,          3.50,       5.78,      57.75,    202.10,         24.59
       21,          1,    6,         16.91,          3.50,       6.00,      59.99,    209.96,         26.74
       21,          1,    7,         17.12,          3.50,       6.19,      61.85,    216.49,         27.14
       21,          2,    1,          7.64,          3.50,       2.51,      25.12,     87.98,          9.43
       21,          2,    2,         12.93,          3.50,       4.04,      40.43,    141.54,         17.05
       21,          2,    3,         15.64,          3.50,       5.30,      52.96,    185.38,         23.07
       21,          2,    4,         16.87,          3.50,       6.03,      60.33,    211.15,         26.35
       21,          2,    5,         17.52,          3.50,       6.49,      64.90,    227.08,         28.15
       21,          2,    6,         17.88,          3.50,       6.80,      67.98,    237.83,         29.04
       21,          2,    7,         18.17,          3.50,       7.10,      70.98,    248.31,         29.60
       21,          3,    1,          8.30,          3.50,       2.76,      27.55,     96.49,          9.65
       21,          3,    2,         13.87,          3.50,       4.50,      45.04,    157.66,         18.57
       21,          3,    3,         16.58,          3.50,       5.94,      59.40,    207.90,         25.04
       21,          3,    4,         17.81,          3.50,       6.83,      68.29,    238.94,         28.42
       21,          3,    5,         18.47,          3.50,       7.45,      74.46,    260.42,         30.03
       21,          3,    6,         18.97,          3.50,       7.90,      79.05,    276.47,         31.56
       21,          3,    7,         19.32,          3.50,       8.32,      83.26,    291.11,         32.31
       21,          4,    1,          9.29,          3.50,       3.00,      29.95,    104.90,         10.80
       21,          4,    2,         14.64,          3.50,       4.94,      49.40,    172.92,         19.87
       21,          4,    3,         17.06,          3.50,       6.56,      65.59,    229.52,         25.01
       21,          4,    4,         18.64,          3.50,       7.59,      75.90,    265.42,         30.54
       21,          4,    5,         19.35,          3.50,       8.33,      83.30,    291.28,         32.49
       21,          4,    6,         19.48,          3.50,       8.85,      88.52,    309.47,         31.33
       21,          4,    7,         19.79,          3.50,       9.29,      92.83,    324.55,         31.92
       22,          1,    1,          7.22,          3.50,       2.29,      22.92,     80.28,          9.84
       22,          1,    2,         12.20,          3.50,       3.65,      36.48,    127.73,         16.45
       22,          1,    3,         15.20,          3.50,       4.80,      48.03,    168.12,         23.39
       22,          1,    4,         16.61,          3.50,       5.60,      56.00,    196.00,         27.08
       22,          1,    5,         17.31,          3.50,       6.05,      60.50,    211.74,         29.06
       22,          1,    6,         17.63,          3.50,       6.30,      62.99,    220.43,         29.88
       22,          1,    7,         17.85,          3.50,       6.51,      65.05,    227.64,         30.36
       22,          2,    1,          8.38,          3.50,       2.54,      25.39,     88.92,         11.06
       22,          2,    2,         13.53,          3.50,       4.10,      41.03,    143.62,         19.26
       22,          2,    3,         16.22,          3.50,       5.44,      54.38,    190.34,         25.61
       22,          2,    4,         17.59,          3.50,       6.31,      63.06,    220.68,         29.56
       22,          2,    5,         18.29,          3.50,       6.84,      68.38,    239.27,         31.74
       22,          2,    6,         18.68,          3.50,       7.17,      71.65,    250.69,         32.90
       22,          2,    7,         18.99,          3.50,       7.48,      74.80,    261.64,         33.70
       22,          3,    1,          9.29,          3.50,       2.79,      27.92,     97.79,         11.93
       22,          3,    2,         14.40,          3.50,       4.59,      45.87,    160.53,         20.57
       22,          3,    3,         17.13,          3.50,       6.12,      61.18,    214.09,         27.52
       22,          3,    4,         18.24,          3.50,       7.20,      72.02,    251.93,         29.58
       22,          3,    5,         19.36,          3.50,       7.92,      79.21,    277.00,         34.44
       22,          3,    6,         19.81,          3.50,       8.42,      84.15,    294.23,         35.78
       22,          3,    7,         20.18,          3.50,       8.88,      88.79,    310.41,         36.69
       22,          4,    1,          9.95,          3.50,       3.03,      30.33,    106.23,         12.40
       22,          4,    2,         14.92,          3.50,       5.05,      50.46,    176.61,         20.67
       22,          4,    3,         17.88,          3.50,       6.78,      67.77,    237.13,         29.14
       22,          4,    4,         19.37,          3.50,       8.04,      80.38,    281.08,         33.96
       22,          4,    5,         20.18,          3.50,       8.92,      89.14,    311.65,         36.56
       22,          4,    6,         20.64,          3.50,       9.52,      95.14,    332.58,         37.87
       22,          4,    7,         20.97,          3.50,      10.00,     100.03,    349.71,         38.68

