[Radio] Initializing ... success!
Connected to RF power monitor: Rohde&Schwarz,FPC1500,1328.6660K03/205785,V1.80
Connected to DC power monitor: radiolib-org,DCpowerMon,070dd3d
setCurrentLimit, code 0

Set [dBm],paDutyCycle,hpMax,Measured [dBm],Bus voltage[V],Voltage[mV],Current[mA],Power [mW],Efficiency [%]
       -9,          1,    1,        -17.07,          3.50,       0.95,       9.52,     33.34,          0.23
       -9,          1,    2,        -14.55,          3.50,       1.07,      10.68,     37.41,          0.28
       -9,          1,    3,        -13.65,          3.50,       1.16,      11.60,     40.65,          0.28
       -9,          1,    4,        -13.14,          3.50,       1.24,      12.41,     43.50,          0.26
       -9,          1,    5,        -12.80,          3.50,       1.32,      13.23,     46.36,          0.25
       -9,          1,    6,        -12.54,          3.50,       1.39,      13.93,     48.82,          0.23
       -9,          1,    7,        -12.30,          3.50,       1.47,      14.69,     51.45,          0.22
       -9,          2,    1,        -16.46,          3.50,       0.97,       9.71,     34.03,          0.25
       -9,          2,    2,        -14.08,          3.50,       1.09,      10.94,     38.34,          0.29
       -9,          2,    3,        -13.16,          3.50,       1.19,      11.91,     41.72,          0.29
       -9,          2,    4,        -12.62,          3.50,       1.28,      12.79,     44.81,          0.27
       -9,          2,    5,        -12.21,          3.50,       1.36,      13.63,     47.77,          0.26
       -9,          2,    6,        -11.90,          3.50,       1.45,      14.44,     50.60,          0.25
       -9,          2,    7,        -11.62,          3.50,       1.52,      15.22,     53.35,          0.24
       -9,          3,    1,        -15.93,          3.50,       0.99,       9.93,     34.77,          0.26
       -9,          3,    2,        -13.48,          3.50,       1.13,      11.36,     39.80,          0.30
       -9,          3,    3,        -12.46,          3.50,       1.24,      12.42,     43.53,          0.30
       -9,          3,    4,        -11.82,          3.50,       1.34,      13.43,     47.06,          0.30
       -9,          3,    5,        -11.61,          3.50,       1.44,      14.39,     50.42,          0.27
       -9,          3,    6,        -11.18,          3.50,       1.53,      15.27,     53.48,          0.27
       -9,          3,    7,        -10.69,          3.50,       1.61,      16.09,     56.35,          0.27
       -9,          4,    1,        -15.46,          3.50,       1.02,      10.16,     35.62,          0.26
       -9,          4,    2,        -12.93,          3.50,       1.18,      11.80,     41.33,          0.31
       -9,          4,    3,        -11.84,          3.50,       1.31,      13.03,     45.66,          0.31
       -9,          4,    4,        -11.16,          3.50,       1.41,      14.07,     49.28,          0.31
       -9,          4,    5,        -10.73,          3.50,       1.51,      15.09,     52.86,          0.30
       -9,          4,    6,        -10.40,          3.50,       1.60,      15.96,     55.89,          0.29
       -9,          4,    7,        -10.15,          3.50,       1.68,      16.75,     58.67,          0.29
       -8,          1,    1,        -16.09,          3.50,       0.98,       9.80,     34.32,          0.26
       -8,          1,    2,        -13.28,          3.50,       1.11,      11.09,     38.88,          0.34
       -8,          1,    3,        -12.44,          3.50,       1.20,      12.02,     42.11,          0.33
       -8,          1,    4,        -11.92,          3.50,       1.28,      12.84,     44.98,          0.32
       -8,          1,    5,        -11.60,          3.50,       1.36,      13.62,     47.73,          0.30
       -8,          1,    6,        -11.35,          3.50,       1.44,      14.38,     50.40,          0.29
       -8,          1,    7,        -11.13,          3.50,       1.51,      15.15,     53.07,          0.27
       -8,          2,    1,        -15.19,          3.50,       1.00,      10.03,     35.15,          0.30
       -8,          2,    2,        -12.80,          3.50,       1.14,      11.39,     39.92,          0.35
       -8,          2,    3,        -11.91,          3.50,       1.23,      12.36,     43.31,          0.35
       -8,          2,    4,        -11.38,          3.50,       1.33,      13.26,     46.47,          0.34
       -8,          2,    5,        -11.15,          3.50,       1.41,      14.13,     49.51,          0.31
       -8,          2,    6,        -10.69,          3.50,       1.50,      14.97,     52.44,          0.31
       -8,          2,    7,        -10.43,          3.50,       1.58,      15.74,     55.15,          0.30
       -8,          3,    1,        -14.63,          3.50,       1.03,      10.26,     35.96,          0.31
       -8,          3,    2,        -12.25,          3.50,       1.18,      11.81,     41.38,          0.36
       -8,          3,    3,        -11.19,          3.50,       1.30,      12.97,     45.43,          0.37
       -8,          3,    4,        -10.62,          3.50,       1.40,      13.97,     48.95,          0.36
       -8,          3,    5,        -10.10,          3.50,       1.50,      15.00,     52.53,          0.35
       -8,          3,    6,         -9.76,          3.50,       1.59,      15.89,     55.67,          0.34
       -8,          3,    7,         -9.48,          3.50,       1.67,      16.73,     58.60,          0.33
       -8,          4,    1,        -14.16,          3.50,       1.05,      10.54,     36.92,          0.32
       -8,          4,    2,        -11.65,          3.50,       1.23,      12.31,     43.15,          0.37
       -8,          4,    3,        -10.57,          3.50,       1.36,      13.65,     47.85,          0.38
       -8,          4,    4,         -9.90,          3.50,       1.48,      14.83,     51.97,          0.38
       -8,          4,    5,         -9.47,          3.50,       1.58,      15.81,     55.38,          0.37
       -8,          4,    6,         -9.16,          3.50,       1.67,      16.70,     58.50,          0.36
       -8,          4,    7,         -8.92,          3.50,       1.75,      17.52,     61.38,          0.35
       -7,          1,    1,        -14.81,          3.50,       1.00,      10.04,     35.16,          0.32
       -7,          1,    2,        -12.20,          3.50,       1.14,      11.45,     40.12,          0.39
       -7,          1,    3,        -11.35,          3.50,       1.24,      12.39,     43.41,          0.39
       -7,          1,    4,        -10.88,          3.50,       1.32,      13.24,     46.40,          0.38
       -7,          1,    5,        -10.58,          3.50,       1.40,      14.01,     49.09,          0.36
       -7,          1,    6,        -10.34,          3.50,       1.48,      14.82,     51.92,          0.34
       -7,          1,    7,        -10.13,          3.50,       1.56,      15.55,     54.47,          0.33
       -7,          2,    1,        -14.09,          3.50,       1.03,      10.28,     36.02,          0.35
       -7,          2,    2,        -11.72,          3.50,       1.18,      11.77,     41.23,          0.41
       -7,          2,    3,        -10.83,          3.50,       1.28,      12.83,     44.92,          0.41
       -7,          2,    4,        -10.58,          3.50,       1.37,      13.71,     48.03,          0.38
       -7,          2,    5,        -10.13,          3.50,       1.47,      14.64,     51.30,          0.37
       -7,          2,    6,         -9.65,          3.50,       1.55,      15.45,     54.14,          0.37
       -7,          2,    7,         -9.40,          3.50,       1.63,      16.31,     57.13,          0.36
       -7,          3,    1,        -13.53,          3.50,       1.06,      10.59,     37.09,          0.36
       -7,          3,    2,        -11.11,          3.50,       1.22,      12.22,     42.82,          0.43
       -7,          3,    3,        -10.11,          3.50,       1.35,      13.47,     47.20,          0.44
       -7,          3,    4,         -9.49,          3.50,       1.46,      14.56,     51.02,          0.43
       -7,          3,    5,         -9.04,          3.50,       1.56,      15.57,     54.56,          0.42
       -7,          3,    6,         -8.72,          3.50,       1.65,      16.50,     57.82,          0.41
       -7,          3,    7,         -8.44,          3.50,       1.74,      17.34,     60.74,          0.40
       -7,          4,    1,        -13.05,          3.50,       1.10,      10.95,     38.37,          0.36
       -7,          4,    2,        -10.55,          3.50,       1.29,      12.85,     45.04,          0.43
       -7,          4,    3,         -9.48,          3.50,       1.43,      14.26,     49.96,          0.45
       -7,          4,    4,         -8.82,          3.50,       1.55,      15.48,     54.22,          0.44
       -7,          4,    5,         -8.41,          3.50,       1.65,      16.49,     57.78,          0.44
       -7,          4,    6,         -8.10,          3.50,       1.74,      17.40,     60.97,          0.43
       -7,          4,    7,         -7.87,          3.50,       1.83,      18.31,     64.14,          0.41
       -6,          1,    1,        -13.74,          3.50,       1.03,      10.30,     36.07,          0.38
       -6,          1,    2,        -11.24,          3.50,       1.18,      11.80,     41.32,          0.46
       -6,          1,    3,        -10.40,          3.50,       1.28,      12.81,     44.91,          0.46
       -6,          1,    4,         -9.93,          3.50,       1.36,      13.65,     47.82,          0.44
       -6,          1,    5,         -9.64,          3.50,       1.45,      14.49,     50.78,          0.42
       -6,          1,    6,         -9.41,          3.50,       1.52,      15.23,     53.36,          0.40
       -6,          1,    7,         -9.21,          3.50,       1.60,      16.01,     56.08,          0.38
       -6,          2,    1,        -13.44,          3.50,       1.06,      10.57,     37.05,          0.37
       -6,          2,    2,        -10.74,          3.50,       1.21,      12.14,     42.54,          0.48
       -6,          2,    3,         -9.86,          3.50,       1.32,      13.23,     46.34,          0.48
       -6,          2,    4,         -9.36,          3.50,       1.42,      14.17,     49.65,          0.47
       -6,          2,    5,         -8.99,          3.50,       1.51,      15.13,     53.00,          0.45
       -6,          2,    6,         -8.71,          3.50,       1.59,      15.94,     55.83,          0.43
       -6,          2,    7,         -8.47,          3.50,       1.68,      16.78,     58.77,          0.42
       -6,          3,    1,        -12.63,          3.50,       1.09,      10.93,     38.29,          0.40
       -6,          3,    2,        -10.12,          3.50,       1.27,      12.69,     44.46,          0.49
       -6,          3,    3,         -9.16,          3.50,       1.40,      13.99,     49.03,          0.50
       -6,          3,    4,         -8.53,          3.50,       1.52,      15.16,     53.09,          0.50
       -6,          3,    5,         -8.08,          3.50,       1.62,      16.20,     56.75,          0.49
       -6,          3,    6,         -7.76,          3.50,       1.71,      17.11,     59.95,          0.48
       -6,          3,    7,         -7.49,          3.50,       1.80,      18.05,     63.24,          0.46
       -6,          4,    1,        -12.07,          3.50,       1.14,      11.35,     39.77,          0.41
       -6,          4,    2,         -9.55,          3.50,       1.34,      13.35,     46.77,          0.50
       -6,          4,    3,         -8.49,          3.50,       1.49,      14.89,     52.18,          0.52
       -6,          4,    4,         -7.99,          3.50,       1.61,      16.14,     56.56,          0.50
       -6,          4,    5,         -7.44,          3.50,       1.72,      17.19,     60.21,          0.51
       -6,          4,    6,         -7.27,          3.50,       1.82,      18.19,     63.73,          0.48
       -6,          4,    7,         -6.92,          3.50,       1.91,      19.06,     66.75,          0.48
       -5,          1,    1,        -12.09,          3.50,       1.08,      10.83,     37.95,          0.47
       -5,          1,    2,         -9.58,          3.50,       1.25,      12.49,     43.78,          0.58
       -5,          1,    3,         -8.75,          3.50,       1.36,      13.59,     47.59,          0.59
       -5,          1,    4,         -8.30,          3.50,       1.45,      14.47,     50.72,          0.57
       -5,          1,    5,         -8.03,          3.50,       1.53,      15.31,     53.64,          0.55
       -5,          1,    6,         -7.81,          3.50,       1.61,      16.10,     56.40,          0.53
       -5,          1,    7,         -7.63,          3.50,       1.69,      16.86,     59.06,          0.51
       -5,          2,    1,        -11.45,          3.50,       1.12,      11.23,     39.33,          0.50
       -5,          2,    2,         -9.07,          3.50,       1.30,      12.97,     45.43,          0.60
       -5,          2,    3,         -8.20,          3.50,       1.41,      14.09,     49.37,          0.62
       -5,          2,    4,         -7.77,          3.50,       1.51,      15.14,     53.04,          0.59
       -5,          2,    5,         -7.36,          3.50,       1.61,      16.08,     56.35,          0.58
       -5,          2,    6,         -7.14,          3.50,       1.69,      16.93,     59.31,          0.56
       -5,          2,    7,         -6.86,          3.50,       1.79,      17.86,     62.57,          0.55
       -5,          3,    1,        -10.87,          3.50,       1.16,      11.63,     40.76,          0.51
       -5,          3,    2,         -8.45,          3.50,       1.36,      13.60,     47.64,          0.63
       -5,          3,    3,         -7.47,          3.50,       1.51,      15.08,     52.84,          0.64
       -5,          3,    4,         -6.89,          3.50,       1.63,      16.28,     57.02,          0.64
       -5,          3,    5,         -6.44,          3.50,       1.74,      17.34,     60.74,          0.63
       -5,          3,    6,         -6.13,          3.50,       1.84,      18.39,     64.42,          0.62
       -5,          3,    7,         -5.87,          3.50,       1.94,      19.33,     67.72,          0.60
       -5,          4,    1,        -10.39,          3.50,       1.21,      12.12,     42.46,          0.52
       -5,          4,    2,         -7.87,          3.50,       1.45,      14.47,     50.69,          0.63
       -5,          4,    3,         -6.81,          3.50,       1.61,      16.11,     56.45,          0.66
       -5,          4,    4,         -6.27,          3.50,       1.75,      17.45,     61.12,          0.65
       -5,          4,    5,         -5.78,          3.50,       1.86,      18.62,     65.21,          0.65
       -5,          4,    6,         -5.49,          3.50,       1.97,      19.67,     68.88,          0.64
       -5,          4,    7,         -5.28,          3.50,       2.05,      20.56,     71.99,          0.63
       -4,          1,    1,        -11.39,          3.50,       1.11,      11.14,     39.02,          0.52
       -4,          1,    2,         -8.86,          3.50,       1.29,      12.89,     45.16,          0.64
       -4,          1,    3,         -8.04,          3.50,       1.40,      13.96,     48.91,          0.66
       -4,          1,    4,         -7.60,          3.50,       1.49,      14.86,     52.07,          0.64
       -4,          1,    5,         -7.61,          3.50,       1.57,      15.71,     55.03,          0.58
       -4,          1,    6,         -7.12,          3.50,       1.65,      16.53,     57.92,          0.59
       -4,          1,    7,         -6.93,          3.50,       1.73,      17.29,     60.58,          0.57
       -4,          2,    1,        -10.73,          3.50,       1.15,      11.53,     40.42,          0.54
       -4,          2,    2,         -8.41,          3.50,       1.33,      13.33,     46.72,          0.66
       -4,          2,    3,         -7.48,          3.50,       1.46,      14.60,     51.15,          0.68
       -4,          2,    4,         -7.01,          3.50,       1.56,      15.58,     54.59,          0.67
       -4,          2,    5,         -6.65,          3.50,       1.66,      16.55,     58.00,          0.65
       -4,          2,    6,         -6.39,          3.50,       1.74,      17.45,     61.12,          0.63
       -4,          2,    7,         -6.30,          3.50,       1.84,      18.40,     64.45,          0.59
       -4,          3,    1,        -10.15,          3.50,       1.20,      11.98,     41.98,          0.56
       -4,          3,    2,         -7.98,          3.50,       1.40,      14.06,     49.27,          0.65
       -4,          3,    3,         -6.74,          3.50,       1.56,      15.56,     54.53,          0.71
       -4,          3,    4,         -6.46,          3.50,       1.68,      16.77,     58.74,          0.66
       -4,          3,    5,         -5.73,          3.50,       1.80,      17.97,     62.97,          0.70
       -4,          3,    6,         -5.42,          3.50,       1.90,      19.01,     66.59,          0.69
       -4,          3,    7,         -5.16,          3.50,       2.00,      19.99,     70.01,          0.67
       -4,          4,    1,        -10.01,          3.50,       1.25,      12.47,     43.70,          0.53
       -4,          4,    2,         -7.14,          3.50,       1.50,      14.97,     52.46,          0.70
       -4,          4,    3,         -6.09,          3.50,       1.67,      16.68,     58.43,          0.73
       -4,          4,    4,         -5.46,          3.50,       1.82,      18.14,     63.56,          0.73
       -4,          4,    5,         -5.06,          3.50,       1.93,      19.31,     67.63,          0.73
       -4,          4,    6,         -5.05,          3.50,       2.03,      20.34,     71.25,          0.67
       -4,          4,    7,         -4.74,          3.50,       2.13,      21.32,     74.67,          0.67
       -3,          1,    1,        -10.73,          3.50,       1.14,      11.40,     39.95,          0.56
       -3,          1,    2,         -8.47,          3.50,       1.32,      13.23,     46.36,          0.66
       -3,          1,    3,         -7.55,          3.50,       1.44,      14.35,     50.28,          0.69
       -3,          1,    4,         -7.19,          3.50,       1.53,      15.30,     53.60,          0.67
       -3,          1,    5,         -6.67,          3.50,       1.62,      16.15,     56.57,          0.68
       -3,          1,    6,         -6.47,          3.50,       1.69,      16.94,     59.34,          0.65
       -3,          1,    7,         -6.29,          3.50,       1.77,      17.75,     62.18,          0.63
       -3,          2,    1,        -10.07,          3.50,       1.18,      11.82,     41.40,          0.60
       -3,          2,    2,         -7.71,          3.50,       1.37,      13.72,     48.05,          0.73
       -3,          2,    3,         -6.82,          3.50,       1.50,      15.01,     52.58,          0.75
       -3,          2,    4,         -6.34,          3.50,       1.60,      16.01,     56.08,          0.74
       -3,          2,    5,         -5.99,          3.50,       1.70,      17.05,     59.75,          0.72
       -3,          2,    6,         -5.73,          3.50,       1.80,      17.98,     63.00,          0.70
       -3,          2,    7,         -5.51,          3.50,       1.89,      18.90,     66.22,          0.68
       -3,          3,    1,         -9.49,          3.50,       1.23,      12.29,     43.05,          0.62
       -3,          3,    2,         -7.08,          3.50,       1.45,      14.54,     50.93,          0.75
       -3,          3,    3,         -6.24,          3.50,       1.61,      16.05,     56.24,          0.76
       -3,          3,    4,         -5.49,          3.50,       1.73,      17.34,     60.76,          0.79
       -3,          3,    5,         -5.21,          3.50,       1.86,      18.57,     65.06,          0.75
       -3,          3,    6,         -4.76,          3.50,       1.96,      19.63,     68.76,          0.76
       -3,          3,    7,         -4.50,          3.50,       2.06,      20.58,     72.09,          0.75
       -3,          4,    1,         -9.01,          3.50,       1.29,      12.88,     45.11,          0.62
       -3,          4,    2,         -6.47,          3.50,       1.55,      15.50,     54.31,          0.76
       -3,          4,    3,         -5.42,          3.50,       1.73,      17.28,     60.52,          0.80
       -3,          4,    4,         -4.79,          3.50,       1.88,      18.78,     65.80,          0.81
       -3,          4,    5,         -4.39,          3.50,       2.00,      20.02,     70.11,          0.80
       -3,          4,    6,         -4.10,          3.50,       2.11,      21.09,     73.89,          0.79
       -3,          4,    7,         -4.10,          3.50,       2.20,      22.05,     77.24,          0.74
       -2,          1,    1,         -9.57,          3.50,       1.19,      11.89,     41.64,          0.66
       -2,          1,    2,         -7.22,          3.50,       1.39,      13.92,     48.77,          0.80
       -2,          1,    3,         -6.19,          3.50,       1.51,      15.14,     53.06,          0.86
       -2,          1,    4,         -5.76,          3.50,       1.61,      16.08,     56.35,          0.85
       -2,          1,    5,         -5.50,          3.50,       1.69,      16.95,     59.37,          0.82
       -2,          1,    6,         -5.30,          3.50,       1.78,      17.75,     62.17,          0.79
       -2,          1,    7,         -5.13,          3.50,       1.86,      18.64,     65.30,          0.76
       -2,          2,    1,         -9.08,          3.50,       1.24,      12.41,     43.48,          0.66
       -2,          2,    2,         -6.74,          3.50,       1.45,      14.53,     50.90,          0.81
       -2,          2,    3,         -5.63,          3.50,       1.58,      15.84,     55.49,          0.89
       -2,          2,    4,         -5.16,          3.50,       1.69,      16.90,     59.23,          0.89
       -2,          2,    5,         -4.87,          3.50,       1.80,      18.00,     63.07,          0.85
       -2,          2,    6,         -4.56,          3.50,       1.90,      18.97,     66.43,          0.84
       -2,          2,    7,         -4.33,          3.50,       1.99,      19.92,     69.79,          0.82
       -2,          3,    1,         -8.43,          3.50,       1.30,      12.99,     45.50,          0.69
       -2,          3,    2,         -5.86,          3.50,       1.54,      15.41,     54.01,          0.89
       -2,          3,    3,         -4.96,          3.50,       1.71,      17.04,     59.69,          0.91
       -2,          3,    4,         -4.30,          3.50,       1.85,      18.46,     64.67,          0.93
       -2,          3,    5,         -3.88,          3.50,       1.98,      19.78,     69.27,          0.92
       -2,          3,    6,         -3.58,          3.50,       2.08,      20.82,     72.91,          0.91
       -2,          3,    7,         -3.33,          3.50,       2.19,      21.88,     76.62,          0.90
       -2,          4,    1,         -7.83,          3.50,       1.36,      13.58,     47.59,          0.72
       -2,          4,    2,         -5.28,          3.50,       1.65,      16.50,     57.80,          0.90
       -2,          4,    3,         -4.22,          3.50,       1.85,      18.50,     64.82,          0.95
       -2,          4,    4,         -3.60,          3.50,       2.01,      20.11,     70.44,          0.96
       -2,          4,    5,         -3.20,          3.50,       2.14,      21.41,     74.98,          0.95
       -2,          4,    6,         -2.91,          3.50,       2.25,      22.52,     78.86,          0.95
       -2,          4,    7,         -2.71,          3.50,       2.36,      23.56,     82.50,          0.93
       -1,          1,    1,         -8.60,          3.50,       1.24,      12.39,     43.42,          0.75
       -1,          1,    2,         -6.01,          3.50,       1.46,      14.61,     51.18,          0.96
       -1,          1,    3,         -5.18,          3.50,       1.59,      15.88,     55.64,          0.99
       -1,          1,    4,         -4.76,          3.50,       1.68,      16.83,     58.97,          0.98
       -1,          1,    5,         -4.50,          3.50,       1.78,      17.79,     62.31,          0.95
       -1,          1,    6,         -4.30,          3.50,       1.86,      18.61,     65.20,          0.92
       -1,          1,    7,         -4.43,          3.50,       1.95,      19.45,     68.16,          0.83
       -1,          2,    1,         -7.92,          3.50,       1.30,      12.96,     45.40,          0.79
       -1,          2,    2,         -5.47,          3.50,       1.53,      15.28,     53.54,          0.99
       -1,          2,    3,         -4.61,          3.50,       1.67,      16.69,     58.46,          1.03
       -1,          2,    4,         -4.14,          3.50,       1.78,      17.82,     62.42,          1.03
       -1,          2,    5,         -3.90,          3.50,       1.90,      18.96,     66.40,          0.98
       -1,          2,    6,         -3.56,          3.50,       2.00,      19.96,     69.90,          0.98
       -1,          2,    7,         -3.33,          3.50,       2.09,      20.86,     73.08,          0.96
       -1,          3,    1,         -7.33,          3.50,       1.36,      13.58,     47.60,          0.81
       -1,          3,    2,         -4.84,          3.50,       1.63,      16.27,     56.99,          1.02
       -1,          3,    3,         -4.09,          3.50,       1.81,      18.07,     63.31,          1.01
       -1,          3,    4,         -3.29,          3.50,       1.95,      19.54,     68.44,          1.08
       -1,          3,    5,         -2.87,          3.50,       2.09,      20.85,     73.03,          1.07
       -1,          3,    6,         -2.57,          3.50,       2.20,      22.01,     77.08,          1.06
       -1,          3,    7,         -2.32,          3.50,       2.31,      23.13,     81.01,          1.04
       -1,          4,    1,         -6.84,          3.50,       1.43,      14.29,     50.08,          0.82
       -1,          4,    2,         -4.26,          3.50,       1.74,      17.44,     61.09,          1.03
       -1,          4,    3,         -3.21,          3.50,       1.97,      19.66,     68.86,          1.08
       -1,          4,    4,         -2.58,          3.50,       2.13,      21.34,     74.74,          1.11
       -1,          4,    5,         -2.18,          3.50,       2.27,      22.71,     79.53,          1.11
       -1,          4,    6,         -1.89,          3.50,       2.39,      23.92,     83.76,          1.10
       -1,          4,    7,         -1.69,          3.50,       2.50,      25.01,     87.56,          1.08
        0,          1,    1,         -7.71,          3.50,       1.29,      12.92,     45.28,          0.84
        0,          1,    2,         -5.09,          3.50,       1.53,      15.30,     53.59,          1.09
        0,          1,    3,         -4.42,          3.50,       1.66,      16.63,     58.27,          1.09
        0,          1,    4,         -3.83,          3.50,       1.76,      17.63,     61.76,          1.13
        0,          1,    5,         -3.58,          3.50,       1.86,      18.60,     65.15,          1.09
        0,          1,    6,         -3.39,          3.50,       1.95,      19.48,     68.23,          1.06
        0,          1,    7,         -3.45,          3.50,       2.03,      20.32,     71.19,          0.98
        0,          2,    1,         -7.23,          3.50,       1.35,      13.51,     47.36,          0.84
        0,          2,    2,         -4.55,          3.50,       1.60,      16.03,     56.16,          1.12
        0,          2,    3,         -3.68,          3.50,       1.75,      17.52,     61.35,          1.18
        0,          2,    4,         -3.22,          3.50,       1.87,      18.73,     65.61,          1.17
        0,          2,    5,         -3.01,          3.50,       1.99,      19.92,     69.76,          1.12
        0,          2,    6,         -2.63,          3.50,       2.08,      20.87,     73.11,          1.13
        0,          2,    7,         -2.42,          3.50,       2.19,      21.90,     76.69,          1.11
        0,          3,    1,         -6.44,          3.50,       1.42,      14.21,     49.79,          0.91
        0,          3,    2,         -3.92,          3.50,       1.71,      17.13,     60.00,          1.15
        0,          3,    3,         -2.94,          3.50,       1.91,      19.08,     66.84,          1.21
        0,          3,    4,         -2.36,          3.50,       2.05,      20.55,     71.98,          1.23
        0,          3,    5,         -1.94,          3.50,       2.20,      22.01,     77.06,          1.22
        0,          3,    6,         -1.89,          3.50,       2.33,      23.24,     81.39,          1.14
        0,          3,    7,         -1.40,          3.50,       2.44,      24.35,     85.28,          1.20
        0,          4,    1,         -5.94,          3.50,       1.50,      15.01,     52.57,          0.92
        0,          4,    2,         -3.34,          3.50,       1.85,      18.48,     64.76,          1.16
        0,          4,    3,         -2.32,          3.50,       2.08,      20.79,     72.81,          1.22
        0,          4,    4,         -1.65,          3.50,       2.26,      22.58,     79.09,          1.26
        0,          4,    5,         -1.25,          3.50,       2.41,      24.04,     84.21,          1.26
        0,          4,    6,         -0.96,          3.50,       2.54,      25.33,     88.68,          1.25
        0,          4,    7,         -0.76,          3.50,       2.65,      26.46,     92.65,          1.24
        1,          1,    1,         -7.12,          3.50,       1.34,      13.38,     46.88,          0.89
        1,          1,    2,         -4.27,          3.50,       1.60,      15.99,     56.02,          1.21
        1,          1,    3,         -3.43,          3.50,       1.73,      17.36,     60.81,          1.27
        1,          1,    4,         -3.00,          3.50,       1.84,      18.42,     64.52,          1.27
        1,          1,    5,         -2.75,          3.50,       1.94,      19.44,     68.08,          1.23
        1,          1,    6,         -2.56,          3.50,       2.03,      20.26,     70.98,          1.21
        1,          1,    7,         -2.40,          3.50,       2.12,      21.16,     74.12,          1.17
        1,          2,    1,         -6.23,          3.50,       1.40,      14.04,     49.20,          0.98
        1,          2,    2,         -3.72,          3.50,       1.68,      16.78,     58.78,          1.26
        1,          2,    3,         -2.85,          3.50,       1.84,      18.37,     64.34,          1.32
        1,          2,    4,         -2.38,          3.50,       1.97,      19.63,     68.77,          1.32
        1,          2,    5,         -2.04,          3.50,       2.08,      20.79,     72.81,          1.31
        1,          2,    6,         -2.02,          3.50,       2.19,      21.85,     76.54,          1.22
        1,          2,    7,         -1.61,          3.50,       2.29,      22.89,     80.16,          1.25
        1,          3,    1,         -5.63,          3.50,       1.49,      14.84,     52.01,          1.01
        1,          3,    2,         -3.09,          3.50,       1.80,      17.99,     63.04,          1.29
        1,          3,    3,         -2.42,          3.50,       2.01,      20.06,     70.25,          1.26
        1,          3,    4,         -1.53,          3.50,       2.16,      21.62,     75.71,          1.38
        1,          3,    5,         -1.32,          3.50,       2.31,      23.13,     80.98,          1.32
        1,          3,    6,         -0.81,          3.50,       2.44,      24.40,     85.45,          1.37
        1,          3,    7,         -0.57,          3.50,       2.56,      25.59,     89.61,          1.35
        1,          4,    1,         -5.30,          3.50,       1.57,      15.71,     55.04,          0.98
        1,          4,    2,         -2.51,          3.50,       1.94,      19.46,     68.14,          1.30
        1,          4,    3,         -1.44,          3.50,       2.19,      21.91,     76.75,          1.38
        1,          4,    4,         -0.81,          3.50,       2.38,      23.82,     83.41,          1.42
        1,          4,    5,         -0.41,          3.50,       2.54,      25.40,     88.96,          1.42
        1,          4,    6,         -0.12,          3.50,       2.67,      26.76,     93.69,          1.41
        1,          4,    7,          0.08,          3.50,       2.79,      27.89,     97.66,          1.40
        2,          1,    1,         -5.89,          3.50,       1.41,      14.07,     49.32,          1.06
        2,          1,    2,         -3.17,          3.50,       1.70,      16.96,     59.41,          1.40
        2,          1,    3,         -2.31,          3.50,       1.85,      18.49,     64.78,          1.48
        2,          1,    4,         -1.89,          3.50,       1.96,      19.62,     68.70,          1.48
        2,          1,    5,         -1.64,          3.50,       2.05,      20.56,     72.03,          1.46
        2,          1,    6,         -1.45,          3.50,       2.15,      21.48,     75.24,          1.42
        2,          1,    7,         -1.30,          3.50,       2.24,      22.41,     78.46,          1.39
        2,          2,    1,         -5.19,          3.50,       1.49,      14.90,     52.19,          1.11
        2,          2,    2,         -2.61,          3.50,       1.79,      17.87,     62.61,          1.45
        2,          2,    3,         -1.73,          3.50,       1.96,      19.65,     68.82,          1.53
        2,          2,    4,         -1.27,          3.50,       2.09,      20.89,     73.16,          1.55
        2,          2,    5,         -0.93,          3.50,       2.21,      22.15,     77.59,          1.53
        2,          2,    6,         -0.69,          3.50,       2.33,      23.28,     81.53,          1.51
        2,          2,    7,         -0.62,          3.50,       2.43,      24.35,     85.27,          1.43
        2,          3,    1,         -4.58,          3.50,       1.58,      15.75,     55.18,          1.15
        2,          3,    2,         -1.99,          3.50,       1.92,      19.22,     67.34,          1.49
        2,          3,    3,         -1.09,          3.50,       2.15,      21.46,     75.18,          1.54
        2,          3,    4,         -0.64,          3.50,       2.32,      23.16,     81.12,          1.53
        2,          3,    5,         -0.00,          3.50,       2.48,      24.81,     86.87,          1.61
        2,          3,    6,          0.30,          3.50,       2.62,      26.17,     91.63,          1.60
        2,          3,    7,          0.49,          3.50,       2.74,      27.40,     95.93,          1.57
        2,          4,    1,         -4.37,          3.50,       1.67,      16.69,     58.47,          1.09
        2,          4,    2,         -1.40,          3.50,       2.08,      20.82,     72.91,          1.51
        2,          4,    3,         -0.32,          3.50,       2.36,      23.58,     82.59,          1.61
        2,          4,    4,          0.31,          3.50,       2.57,      25.67,     89.89,          1.65
        2,          4,    5,          0.71,          3.50,       2.73,      27.33,     95.72,          1.66
        2,          4,    6,          1.00,          3.50,       2.88,      28.76,    100.70,          1.66
        2,          4,    7,          1.20,          3.50,       2.99,      29.96,    104.90,          1.65
        3,          1,    1,         -5.28,          3.50,       1.46,      14.56,     51.02,          1.14
        3,          1,    2,         -2.51,          3.50,       1.76,      17.63,     61.75,          1.53
        3,          1,    3,         -1.88,          3.50,       1.92,      19.25,     67.41,          1.53
        3,          1,    4,         -1.22,          3.50,       2.03,      20.33,     71.20,          1.63
        3,          1,    5,         -0.99,          3.50,       2.14,      21.39,     74.91,          1.59
        3,          1,    6,         -0.79,          3.50,       2.23,      22.29,     78.06,          1.57
        3,          1,    7,         -0.64,          3.50,       2.32,      23.23,     81.35,          1.53
        3,          2,    1,         -4.57,          3.50,       1.54,      15.39,     53.92,          1.20
        3,          2,    2,         -1.96,          3.50,       1.86,      18.61,     65.20,          1.58
        3,          2,    3,         -1.07,          3.50,       2.04,      20.40,     71.44,          1.68
        3,          2,    4,         -0.60,          3.50,       2.18,      21.78,     76.27,          1.69
        3,          2,    5,         -0.27,          3.50,       2.31,      23.07,     80.80,          1.68
        3,          2,    6,         -0.03,          3.50,       2.42,      24.18,     84.67,          1.66
        3,          2,    7,          0.16,          3.50,       2.53,      25.34,     88.71,          1.62
        3,          3,    1,         -3.96,          3.50,       1.64,      16.36,     57.31,          1.24
        3,          3,    2,         -1.33,          3.50,       2.01,      20.06,     70.25,          1.62
        3,          3,    3,         -0.32,          3.50,       2.24,      22.38,     78.39,          1.73
        3,          3,    4,          0.25,          3.50,       2.41,      24.15,     84.59,          1.77
        3,          3,    5,          0.66,          3.50,       2.58,      25.82,     90.40,          1.78
        3,          3,    6,          0.83,          3.50,       2.72,      27.24,     95.39,          1.72
        3,          3,    7,          1.20,          3.50,       2.86,      28.56,     99.99,          1.76
        3,          4,    1,         -3.46,          3.50,       1.73,      17.31,     60.64,          1.26
        3,          4,    2,         -0.75,          3.50,       2.18,      21.77,     76.23,          1.64
        3,          4,    3,          0.34,          3.50,       2.47,      24.65,     86.30,          1.76
        3,          4,    4,          0.88,          3.50,       2.68,      26.85,     94.03,          1.77
        3,          4,    5,          1.39,          3.50,       2.86,      28.59,    100.08,          1.83
        3,          4,    6,          1.68,          3.50,       3.01,      30.06,    105.23,          1.83
        3,          4,    7,          1.88,          3.50,       3.13,      31.25,    109.38,          1.82
        4,          1,    1,         -4.23,          3.50,       1.54,      15.40,     53.96,          1.31
        4,          1,    2,         -1.35,          3.50,       1.89,      18.91,     66.25,          1.78
        4,          1,    3,         -0.45,          3.50,       2.06,      20.61,     72.20,          1.91
        4,          1,    4,         -0.03,          3.50,       2.18,      21.85,     76.53,          1.93
        4,          1,    5,          0.22,          3.50,       2.29,      22.91,     80.22,          1.91
        4,          1,    6,          0.40,          3.50,       2.38,      23.80,     83.37,          1.88
        4,          1,    7,          0.55,          3.50,       2.48,      24.81,     86.87,          1.84
        4,          2,    1,         -3.79,          3.50,       1.64,      16.39,     57.43,          1.29
        4,          2,    2,         -1.00,          3.50,       2.00,      20.03,     70.16,          1.76
        4,          2,    3,         -0.17,          3.50,       2.20,      21.97,     76.95,          1.86
        4,          2,    4,          0.36,          3.50,       2.34,      23.38,     81.86,          1.91
        4,          2,    5,          0.72,          3.50,       2.48,      24.79,     86.81,          1.91
        4,          2,    6,          1.15,          3.50,       2.59,      25.94,     90.83,          1.98
        4,          2,    7,          1.36,          3.50,       2.71,      27.10,     94.91,          1.96
        4,          3,    1,         -3.09,          3.50,       1.74,      17.41,     60.99,          1.36
        4,          3,    2,         -0.15,          3.50,       2.16,      21.60,     75.64,          1.90
        4,          3,    3,          0.87,          3.50,       2.41,      24.11,     84.45,          2.05
        4,          3,    4,          1.44,          3.50,       2.60,      26.03,     91.14,          2.10
        4,          3,    5,          1.86,          3.50,       2.78,      27.81,     97.37,          2.12
        4,          3,    6,          2.16,          3.50,       2.93,      29.28,    102.51,          2.12
        4,          3,    7,          2.41,          3.50,       3.06,      30.62,    107.20,          2.11
        4,          4,    1,         -2.37,          3.50,       1.86,      18.58,     65.10,          1.44
        4,          4,    2,          0.44,          3.50,       2.35,      23.53,     82.39,          1.92
        4,          4,    3,          1.56,          3.50,       2.67,      26.66,     93.33,          2.09
        4,          4,    4,          2.21,          3.50,       2.90,      28.96,    101.41,          2.17
        4,          4,    5,          2.62,          3.50,       3.08,      30.76,    107.67,          2.21
        4,          4,    6,          2.92,          3.50,       3.23,      32.33,    113.17,          2.22
        4,          4,    7,          3.13,          3.50,       3.36,      33.56,    117.48,          2.22
        5,          1,    1,         -3.56,          3.50,       1.60,      15.97,     55.97,          1.42
        5,          1,    2,         -0.59,          3.50,       1.98,      19.80,     69.37,          1.97
        5,          1,    3,          0.33,          3.50,       2.16,      21.62,     75.74,          2.13
        5,          1,    4,          0.76,          3.50,       2.29,      22.86,     80.06,          2.16
        5,          1,    5,          1.00,          3.50,       2.39,      23.91,     83.73,          2.14
        5,          1,    6,          1.17,          3.50,       2.49,      24.90,     87.21,          2.11
        5,          1,    7,          1.32,          3.50,       2.59,      25.86,     90.55,          2.07
        5,          2,    1,         -2.81,          3.50,       1.70,      17.01,     59.59,          1.51
        5,          2,    2,         -0.02,          3.50,       2.09,      20.93,     73.32,          2.06
        5,          2,    3,          0.90,          3.50,       2.30,      23.01,     80.58,          2.21
        5,          2,    4,          1.37,          3.50,       2.44,      24.44,     85.59,          2.26
        5,          2,    5,          1.70,          3.50,       2.59,      25.87,     90.60,          2.26
        5,          2,    6,          1.93,          3.50,       2.71,      27.06,     94.74,          2.24
        5,          2,    7,          2.14,          3.50,       2.83,      28.28,     99.01,          2.21
        5,          3,    1,         -2.43,          3.50,       1.82,      18.20,     63.75,          1.47
        5,          3,    2,          0.62,          3.50,       2.26,      22.64,     79.29,          2.12
        5,          3,    3,          1.66,          3.50,       2.53,      25.30,     88.62,          2.30
        5,          3,    4,          2.20,          3.50,       2.73,      27.22,     95.32,          2.35
        5,          3,    5,          2.67,          3.50,       2.91,      29.07,    101.77,          2.40
        5,          3,    6,          2.97,          3.50,       3.05,      30.51,    106.81,          2.42
        5,          3,    7,          3.21,          3.50,       3.20,      31.93,    111.77,          2.41
        5,          4,    1,         -1.67,          3.50,       1.94,      19.43,     68.05,          1.58
        5,          4,    2,          1.22,          3.50,       2.47,      24.67,     86.42,          2.15
        5,          4,    3,          2.37,          3.50,       2.79,      27.94,     97.83,          2.36
        5,          4,    4,          3.00,          3.50,       3.03,      30.29,    106.02,          2.46
        5,          4,    5,          3.45,          3.50,       3.22,      32.20,    112.72,          2.52
        5,          4,    6,          3.70,          3.50,       3.37,      33.72,    118.03,          2.52
        5,          4,    7,          3.95,          3.50,       3.50,      35.01,    122.54,          2.54
        6,          1,    1,         -2.77,          3.50,       1.67,      16.71,     58.55,          1.58
        6,          1,    2,          0.35,          3.50,       2.09,      20.91,     73.22,          2.25
        6,          1,    3,          1.30,          3.50,       2.29,      22.86,     80.07,          2.46
        6,          1,    4,          1.74,          3.50,       2.41,      24.09,     84.37,          2.52
        6,          1,    5,          1.98,          3.50,       2.52,      25.21,     88.29,          2.50
        6,          1,    6,          2.15,          3.50,       2.62,      26.18,     91.68,          2.47
        6,          1,    7,          2.30,          3.50,       2.71,      27.14,     95.05,          2.43
        6,          2,    1,         -1.99,          3.50,       1.79,      17.89,     62.68,          1.68
        6,          2,    2,          0.94,          3.50,       2.21,      22.13,     77.52,          2.36
        6,          2,    3,          1.70,          3.50,       2.43,      24.25,     84.93,          2.47
        6,          2,    4,          2.36,          3.50,       2.58,      25.77,     90.24,          2.64
        6,          2,    5,          2.69,          3.50,       2.72,      27.19,     95.20,          2.65
        6,          2,    6,          2.92,          3.50,       2.84,      28.43,     99.52,          2.63
        6,          2,    7,          3.12,          3.50,       2.96,      29.63,    103.73,          2.61
        6,          3,    1,         -1.35,          3.50,       1.91,      19.12,     66.97,          1.74
        6,          3,    2,          1.60,          3.50,       2.39,      23.90,     83.68,          2.46
        6,          3,    3,          2.66,          3.50,       2.67,      26.68,     93.42,          2.69
        6,          3,    4,          3.24,          3.50,       2.87,      28.66,    100.34,          2.79
        6,          3,    5,          3.42,          3.50,       3.05,      30.49,    106.74,          2.68
        6,          3,    6,          3.96,          3.50,       3.21,      32.08,    112.29,          2.85
        6,          3,    7,          4.19,          3.50,       3.35,      33.47,    117.16,          2.84
        6,          4,    1,         -0.80,          3.50,       2.04,      20.41,     71.50,          1.79
        6,          4,    2,          2.23,          3.50,       2.60,      26.03,     91.13,          2.52
        6,          4,    3,          3.39,          3.50,       2.95,      29.44,    103.08,          2.79
        6,          4,    4,          4.04,          3.50,       3.20,      31.95,    111.85,          2.91
        6,          4,    5,          4.46,          3.50,       3.39,      33.90,    118.67,          2.98
        6,          4,    6,          4.76,          3.50,       3.55,      35.54,    124.41,          3.00
        6,          4,    7,          4.97,          3.50,       3.69,      36.89,    129.14,          3.01
        7,          1,    1,         -1.87,          3.50,       1.75,      17.49,     61.26,          1.80
        7,          1,    2,          1.46,          3.50,       2.21,      22.05,     77.23,          2.68
        7,          1,    3,          2.45,          3.50,       2.41,      24.10,     84.41,          2.96
        7,          1,    4,          2.61,          3.50,       2.54,      25.40,     88.94,          2.86
        7,          1,    5,          2.99,          3.50,       2.65,      26.55,     92.96,          2.93
        7,          1,    6,          3.29,          3.50,       2.75,      27.48,     96.21,          3.00
        7,          1,    7,          3.43,          3.50,       2.85,      28.50,     99.79,          2.95
        7,          2,    1,         -1.03,          3.50,       1.88,      18.74,     65.65,          1.95
        7,          2,    2,          2.07,          3.50,       2.34,      23.37,     81.85,          2.84
        7,          2,    3,          3.03,          3.50,       2.56,      25.61,     89.66,          3.11
        7,          2,    4,          3.49,          3.50,       2.71,      27.13,     94.99,          3.20
        7,          2,    5,          3.82,          3.50,       2.86,      28.62,    100.21,          3.21
        7,          2,    6,          3.96,          3.50,       2.99,      29.86,    104.54,          3.13
        7,          2,    7,          4.24,          3.50,       3.10,      31.04,    108.67,          3.17
        7,          3,    1,         -0.32,          3.50,       2.01,      20.10,     70.40,          2.04
        7,          3,    2,          2.74,          3.50,       2.52,      25.25,     88.42,          2.96
        7,          3,    3,          3.80,          3.50,       2.82,      28.19,     98.68,          3.25
        7,          3,    4,          4.36,          3.50,       3.02,      30.22,    105.81,          3.38
        7,          3,    5,          4.65,          3.50,       3.22,      32.24,    112.86,          3.32
        7,          3,    6,          5.07,          3.50,       3.38,      33.80,    118.30,          3.44
        7,          3,    7,          5.21,          3.50,       3.53,      35.28,    123.48,          3.37
        7,          4,    1,          0.26,          3.50,       2.15,      21.49,     75.25,          2.11
        7,          4,    2,          3.37,          3.50,       2.75,      27.52,     96.35,          3.04
        7,          4,    3,          4.52,          3.50,       3.11,      31.13,    108.98,          3.37
        7,          4,    4,          5.06,          3.50,       3.38,      33.77,    118.21,          3.44
        7,          4,    5,          5.59,          3.50,       3.59,      35.93,    125.78,          3.59
        7,          4,    6,          5.63,          3.50,       3.77,      37.66,    131.81,          3.42
        7,          4,    7,          6.08,          3.50,       3.92,      39.15,    137.03,          3.62
        8,          1,    1,         -0.94,          3.50,       1.81,      18.10,     63.41,          2.10
        8,          1,    2,          2.50,          3.50,       2.30,      23.01,     80.60,          3.20
        8,          1,    3,          3.50,          3.50,       2.52,      25.19,     88.22,          3.54
        8,          1,    4,          3.93,          3.50,       2.65,      26.53,     92.89,          3.65
        8,          1,    5,          4.16,          3.50,       2.76,      27.67,     96.87,          3.63
        8,          1,    6,          4.32,          3.50,       2.87,      28.69,    100.43,          3.59
        8,          1,    7,          4.22,          3.50,       2.97,      29.65,    103.79,          3.36
        8,          2,    1,         -0.07,          3.50,       1.94,      19.43,     68.06,          2.29
        8,          2,    2,          3.10,          3.50,       2.44,      24.40,     85.44,          3.38
        8,          2,    3,          4.06,          3.50,       2.68,      26.81,     93.87,          3.70
        8,          2,    4,          4.52,          3.50,       2.84,      28.39,     99.39,          3.80
        8,          2,    5,          4.83,          3.50,       2.99,      29.90,    104.66,          3.82
        8,          2,    6,          5.05,          3.50,       3.11,      31.11,    108.92,          3.81
        8,          2,    7,          5.13,          3.50,       3.24,      32.46,    113.62,          3.68
        8,          3,    1,          0.47,          3.50,       2.08,      20.81,     72.90,          2.32
        8,          3,    2,          3.52,          3.50,       2.64,      26.44,     92.56,          3.33
        8,          3,    3,          4.76,          3.50,       2.95,      29.51,    103.30,          3.82
        8,          3,    4,          5.37,          3.50,       3.17,      31.71,    111.00,          4.00
        8,          3,    5,          5.78,          3.50,       3.37,      33.73,    118.10,          4.06
        8,          3,    6,          6.06,          3.50,       3.54,      35.43,    124.02,          4.08
        8,          3,    7,          6.30,          3.50,       3.70,      37.02,    129.58,          4.08
        8,          4,    1,          1.07,          3.50,       2.23,      22.36,     78.29,          2.39
        8,          4,    2,          4.38,          3.50,       2.89,      28.89,    101.17,          3.59
        8,          4,    3,          5.48,          3.50,       3.28,      32.76,    114.67,          3.93
        8,          4,    4,          6.15,          3.50,       3.56,      35.56,    124.47,          4.13
        8,          4,    5,          6.33,          3.50,       3.79,      37.84,    132.45,          3.99
        8,          4,    6,          6.86,          3.50,       3.98,      39.75,    139.15,          4.24
        8,          4,    7,          7.07,          3.50,       4.13,      41.27,    144.45,          4.26
        9,          1,    1,          0.12,          3.50,       1.87,      18.64,     65.29,          2.56
        9,          1,    2,          3.57,          3.50,       2.40,      23.99,     84.03,          3.86
        9,          1,    3,          4.58,          3.50,       2.64,      26.42,     92.54,          4.26
        9,          1,    4,          5.01,          3.50,       2.78,      27.80,     97.32,          4.39
        9,          1,    5,          5.24,          3.50,       2.90,      28.96,    101.39,          4.38
        9,          1,    6,          5.27,          3.50,       3.00,      30.00,    105.04,          4.21
        9,          1,    7,          5.52,          3.50,       3.10,      30.96,    108.39,          4.29
        9,          2,    1,          0.98,          3.50,       2.01,      20.06,     70.28,          2.78
        9,          2,    2,          4.17,          3.50,       2.56,      25.55,     89.47,          4.06
        9,          2,    3,          5.13,          3.50,       2.81,      28.14,     98.53,          4.44
        9,          2,    4,          5.58,          3.50,       2.98,      29.78,    104.28,          4.57
        9,          2,    5,          5.90,          3.50,       3.14,      31.36,    109.80,          4.59
        9,          2,    6,          6.11,          3.50,       3.27,      32.69,    114.43,          4.57
        9,          2,    7,          6.30,          3.50,       3.40,      33.96,    118.87,          4.55
        9,          3,    1,          1.64,          3.50,       2.16,      21.57,     75.55,          2.89
        9,          3,    2,          4.81,          3.50,       2.77,      27.72,     97.06,          4.20
        9,          3,    3,          5.86,          3.50,       3.10,      30.98,    108.46,          4.62
        9,          3,    4,          6.40,          3.50,       3.34,      33.35,    116.74,          4.76
        9,          3,    5,          6.81,          3.50,       3.56,      35.55,    124.45,          4.83
        9,          3,    6,          7.09,          3.50,       3.73,      37.30,    130.56,          4.85
        9,          3,    7,          7.17,          3.50,       3.90,      39.02,    136.58,          4.67
        9,          4,    1,          2.28,          3.50,       2.32,      23.20,     81.26,          3.00
        9,          4,    2,          5.42,          3.50,       3.04,      30.37,    106.31,          4.28
        9,          4,    3,          6.55,          3.50,       3.45,      34.51,    120.80,          4.72
        9,          4,    4,          7.18,          3.50,       3.76,      37.54,    131.38,          4.91
        9,          4,    5,          7.41,          3.50,       4.01,      40.13,    140.46,          4.77
        9,          4,    6,          7.64,          3.50,       4.21,      42.11,    147.38,          4.75
        9,          4,    7,          8.10,          3.50,       4.38,      43.77,    153.19,          5.03
       10,          1,    1,          1.02,          3.50,       1.91,      19.10,     66.89,          3.03
       10,          1,    2,          4.50,          3.50,       2.50,      25.02,     87.62,          4.51
       10,          1,    3,          5.53,          3.50,       2.76,      27.58,     96.54,          5.00
       10,          1,    4,          5.96,          3.50,       2.91,      29.10,    101.90,          5.14
       10,          1,    5,          6.19,          3.50,       3.03,      30.27,    105.95,          5.14
       10,          1,    6,          6.26,          3.50,       3.13,      31.33,    109.68,          5.00
       10,          1,    7,          6.25,          3.50,       3.24,      32.36,    113.30,          4.78
       10,          2,    1,          1.88,          3.50,       2.06,      20.60,     72.15,          3.28
       10,          2,    2,          5.09,          3.50,       2.67,      26.69,     93.45,          4.73
       10,          2,    3,          6.07,          3.50,       2.94,      29.44,    103.09,          5.19
       10,          2,    4,          6.52,          3.50,       3.11,      31.16,    109.08,          5.35
       10,          2,    5,          6.83,          3.50,       3.28,      32.84,    114.95,          5.37
       10,          2,    6,          7.05,          3.50,       3.42,      34.17,    119.61,          5.36
       10,          2,    7,          7.08,          3.50,       3.56,      35.53,    124.35,          5.14
       10,          3,    1,          2.59,          3.50,       2.22,      22.22,     77.81,          3.43
       10,          3,    2,          5.73,          3.50,       2.90,      29.00,    101.53,          4.88
       10,          3,    3,          6.59,          3.50,       3.25,      32.53,    113.88,          5.13
       10,          3,    4,          7.33,          3.50,       3.50,      34.94,    122.31,          5.56
       10,          3,    5,          7.73,          3.50,       3.73,      37.32,    130.63,          5.62
       10,          3,    6,          8.01,          3.50,       3.92,      39.19,    137.15,          5.64
       10,          3,    7,          8.25,          3.50,       4.10,      40.97,    143.39,          5.64
       10,          4,    1,          3.15,          3.50,       2.40,      23.97,     83.94,          2.65
       10,          4,    2,          6.32,          3.50,       3.18,      31.83,    111.42,          4.06
       10,          4,    3,          7.47,          3.50,       3.63,      36.28,    126.99,          4.61
       10,          4,    4,          8.09,          3.50,       3.96,      39.54,    138.40,          4.86
       10,          4,    5,          8.52,          3.50,       4.23,      42.32,    148.13,          5.00
       10,          4,    6,          8.80,          3.50,       4.44,      44.39,    155.37,          5.08
       10,          4,    7,          8.71,          3.50,       4.62,      46.22,    161.76,          4.77
       11,          1,    1,          1.84,          3.50,       1.95,      19.53,     68.42,          3.54
       11,          1,    2,          5.38,          3.50,       2.60,      26.07,     91.28,          5.23
       11,          1,    3,          6.44,          3.50,       2.89,      28.89,    101.14,          5.81
       11,          1,    4,          6.71,          3.50,       3.05,      30.51,    106.79,          5.75
       11,          1,    5,          7.12,          3.50,       3.18,      31.79,    111.28,          5.98
       11,          1,    6,          7.27,          3.50,       3.28,      32.80,    114.83,          5.95
       11,          1,    7,        -87.75,          3.50,       0.17,       1.69,      5.92,         -0.00
       11,          2,    1,          2.71,          3.50,       2.12,      21.19,     74.19,          3.81
       11,          2,    2,          5.99,          3.50,       2.79,      27.89,     97.66,          5.48
       11,          2,    3,          6.99,          3.50,       3.09,      30.87,    108.08,          6.03
       11,          2,    4,          7.45,          3.50,       3.27,      32.73,    114.58,          6.22
       11,          2,    5,          7.76,          3.50,       3.44,      34.43,    120.50,          6.26
       11,          2,    6,          7.97,          3.50,       3.59,      35.87,    125.58,          6.24
       11,          2,    7,          8.15,          3.50,       3.73,      37.28,    130.49,          6.21
       11,          3,    1,          3.41,          3.50,       2.29,      22.90,     80.22,          3.99
       11,          3,    2,          6.62,          3.50,       3.03,      30.32,    106.14,          5.66
       11,          3,    3,          7.69,          3.50,       3.41,      34.13,    119.46,          6.24
       11,          3,    4,          8.24,          3.50,       3.68,      36.77,    128.70,          6.44
       11,          3,    5,          8.65,          3.50,       3.93,      39.29,    137.51,          6.52
       11,          3,    6,          8.92,          3.50,       4.13,      41.26,    144.41,          6.54
       11,          3,    7,          9.15,          3.50,       4.32,      43.17,    151.09,          6.53
       11,          4,    1,          3.79,          3.50,       2.48,      24.80,     86.85,          3.87
       11,          4,    2,          7.19,          3.50,       3.33,      33.34,    116.73,          5.70
       11,          4,    3,          8.37,          3.50,       3.82,      38.22,    133.76,          6.31
       11,          4,    4,          8.77,          3.50,       4.17,      41.73,    146.07,          6.22
       11,          4,    5,          9.42,          3.50,       4.47,      44.66,    156.30,          6.67
       11,          4,    6,          9.71,          3.50,       4.70,      46.95,    164.33,          6.72
       11,          4,    7,          9.93,          3.50,       4.89,      48.89,    171.14,          6.73
       12,          1,    1,          2.60,          3.50,       2.00,      19.99,     70.02,          4.07
       12,          1,    2,          6.26,          3.50,       2.72,      27.23,     95.36,          6.03
       12,          1,    3,          7.38,          3.50,       3.04,      30.40,    106.44,          6.74
       12,          1,    4,          7.83,          3.50,       3.22,      32.17,    112.61,          6.96
       12,          1,    5,          8.07,          3.50,       3.34,      33.44,    117.07,          6.98
       12,          1,    6,          8.22,          3.50,       3.45,      34.51,    120.80,          6.95
       12,          1,    7,          8.34,          3.50,       3.56,      35.64,    124.77,          6.86
       12,          2,    1,          3.49,          3.50,       2.17,      21.72,     76.05,          4.39
       12,          2,    2,          6.88,          3.50,       2.92,      29.23,    102.36,          6.33
       12,          2,    3,          7.93,          3.50,       3.26,      32.56,    113.99,          6.99
       12,          2,    4,          8.40,          3.50,       3.45,      34.49,    120.73,          7.24
       12,          2,    5,          8.71,          3.50,       3.63,      36.38,    127.32,          7.28
       12,          2,    6,          8.67,          3.50,       3.79,      37.87,    132.54,          6.86
       12,          2,    7,          9.06,          3.50,       3.94,      39.36,    137.78,          7.15
       12,          3,    1,          4.20,          3.50,       2.36,      23.57,     82.53,          4.59
       12,          3,    2,          7.51,          3.50,       3.19,      31.88,    111.59,          6.53
       12,          3,    3,          8.63,          3.50,       3.60,      36.02,    126.07,          7.23
       12,          3,    4,          9.15,          3.50,       3.89,      38.92,    136.21,          7.41
       12,          3,    5,          9.60,          3.50,       4.16,      41.60,    145.61,          7.57
       12,          3,    6,          9.86,          3.50,       4.37,      43.68,    152.89,          7.58
       12,          3,    7,         10.11,          3.50,       4.57,      45.71,    159.98,          7.61
       12,          4,    1,          4.56,          3.50,       2.55,      25.50,     89.27,          4.46
       12,          4,    2,          8.10,          3.50,       3.51,      35.02,    122.59,          6.62
       12,          4,    3,          9.29,          3.50,       4.04,      40.37,    141.30,          7.31
       12,          4,    4,          9.92,          3.50,       4.42,      44.19,    154.64,          7.59
       12,          4,    5,         10.17,          3.50,       4.74,      47.40,    165.91,          7.39
       12,          4,    6,         10.65,          3.50,       4.99,      49.89,    174.60,          7.77
       12,          4,    7,         10.80,          3.50,       5.20,      52.02,    182.07,          7.66
       13,          1,    1,          3.33,          3.50,       2.04,      20.38,     71.38,          4.68
       13,          1,    2,          6.88,          3.50,       2.86,      28.56,    100.01,          6.54
       13,          1,    3,          8.37,          3.50,       3.23,      32.25,    112.89,          7.84
       13,          1,    4,          8.85,          3.50,       3.42,      34.17,    119.62,          8.14
       13,          1,    5,          9.09,          3.50,       3.56,      35.58,    124.55,          8.17
       13,          1,    6,          9.24,          3.50,       3.67,      36.73,    128.57,          8.14
       13,          1,    7,          9.36,          3.50,       3.78,      37.82,    132.37,          8.07
       13,          2,    1,          4.22,          3.50,       2.23,      22.28,     78.04,          5.01
       13,          2,    2,          7.80,          3.50,       3.08,      30.77,    107.72,          7.32
       13,          2,    3,          8.92,          3.50,       3.46,      34.54,    120.90,          8.15
       13,          2,    4,          9.40,          3.50,       3.68,      36.77,    128.69,          8.43
       13,          2,    5,          9.72,          3.50,       3.88,      38.77,    135.71,          8.49
       13,          2,    6,          9.94,          3.50,       4.03,      40.31,    141.08,          8.51
       13,          2,    7,         10.13,          3.50,       4.20,      41.97,    146.88,          8.47
       13,          3,    1,          4.95,          3.50,       2.42,      24.25,     84.90,          5.24
       13,          3,    2,          8.45,          3.50,       3.36,      33.64,    117.77,          7.56
       13,          3,    3,          9.61,          3.50,       3.84,      38.37,    134.29,          8.39
       13,          3,    4,         10.19,          3.50,       4.15,      41.46,    145.13,          8.72
       13,          3,    5,         10.61,          3.50,       4.43,      44.34,    155.19,          8.86
       13,          3,    6,         10.89,          3.50,       4.66,      46.61,    163.15,          8.91
       13,          3,    7,         11.13,          3.50,       4.88,      48.80,    170.79,          8.92
       13,          4,    1,          5.29,          3.50,       2.63,      26.31,     92.11,          5.05
       13,          4,    2,          9.03,          3.50,       3.70,      36.99,    129.49,          7.66
       13,          4,    3,         10.27,          3.50,       4.30,      42.98,    150.42,          8.51
       13,          4,    4,         10.93,          3.50,       4.72,      47.16,    165.08,          8.85
       13,          4,    5,         11.38,          3.50,       5.07,      50.72,    177.54,          9.03
       13,          4,    6,         11.69,          3.50,       5.35,      53.52,    187.29,          9.09
       13,          4,    7,         11.92,          3.50,       5.59,      55.86,    195.48,          9.13
       14,          1,    1,          3.80,          3.50,       2.07,      20.72,     72.59,          5.09
       14,          1,    2,          7.68,          3.50,       2.98,      29.77,    104.23,          7.43
       14,          1,    3,          8.95,          3.50,       3.40,      34.01,    119.06,          8.38
       14,          1,    4,          9.73,          3.50,       3.62,      36.17,    126.60,          9.28
       14,          1,    5,          9.89,          3.50,       3.77,      37.64,    131.76,          9.17
       14,          1,    6,         10.14,          3.50,       3.89,      38.90,    136.18,          9.32
       14,          1,    7,         10.26,          3.50,       4.01,      40.06,    140.23,          9.25
       14,          2,    1,          4.78,          3.50,       2.28,      22.74,     79.64,          5.54
       14,          2,    2,          8.45,          3.50,       3.23,      32.28,    112.98,          7.99
       14,          2,    3,          9.77,          3.50,       3.66,      36.59,    128.08,          9.24
       14,          2,    4,         10.28,          3.50,       3.90,      38.97,    136.40,          9.61
       14,          2,    5,         10.60,          3.50,       4.11,      41.07,    143.76,          9.71
       14,          2,    6,         10.82,          3.50,       4.27,      42.72,    149.53,          9.73
       14,          2,    7,         11.02,          3.50,       4.44,      44.37,    155.28,          9.73
       14,          3,    1,          5.33,          3.50,       2.48,      24.83,     86.95,          5.54
       14,          3,    2,          9.22,          3.50,       3.53,      35.33,    123.66,          8.50
       14,          3,    3,         10.46,          3.50,       4.06,      40.56,    141.96,          9.54
       14,          3,    4,         10.78,          3.50,       4.39,      43.94,    153.80,          9.32
       14,          3,    5,         11.49,          3.50,       4.71,      47.07,    164.77,         10.12
       14,          3,    6,         11.79,          3.50,       4.95,      49.50,    173.24,         10.20
       14,          3,    7,         12.03,          3.50,       5.19,      51.88,    181.55,         10.23
       14,          4,    1,          6.09,          3.50,       2.69,      26.92,     94.24,          5.90
       14,          4,    2,          9.80,          3.50,       3.89,      38.90,    136.18,          8.61
       14,          4,    3,         10.87,          3.50,       4.55,      45.54,    159.40,          9.10
       14,          4,    4,         11.75,          3.50,       5.00,      50.02,    175.09,          9.99
       14,          4,    5,         12.27,          3.50,       5.40,      54.02,    189.06,         10.30
       14,          4,    6,         12.59,          3.50,       5.70,      56.99,    199.46,         10.42
       14,          4,    7,         12.84,          3.50,       5.96,      59.61,    208.61,         10.48
       15,          1,    1,          4.14,          3.50,       2.11,      21.12,     73.96,          5.35
       15,          1,    2,          8.54,          3.50,       3.09,      30.85,    108.01,          8.65
       15,          1,    3,         10.00,          3.50,       3.59,      35.84,    125.46,         10.01
       15,          1,    4,         10.57,          3.50,       3.84,      38.36,    134.26,         10.48
       15,          1,    5,         10.56,          3.50,       4.00,      39.98,    139.97,          9.94
       15,          1,    6,         10.89,          3.50,       4.12,      41.20,    144.19,         10.35
       15,          1,    7,         11.12,          3.50,       4.24,      42.43,    148.50,         10.53
       15,          2,    1,          5.22,          3.50,       2.32,      23.16,     81.10,          5.98
       15,          2,    2,          9.26,          3.50,       3.37,      33.68,    117.89,          9.12
       15,          2,    3,         10.27,          3.50,       3.87,      38.69,    135.43,          9.69
       15,          2,    4,         11.11,          3.50,       4.13,      41.33,    144.65,         10.85
       15,          2,    5,         11.45,          3.50,       4.35,      43.53,    152.34,         11.01
       15,          2,    6,         11.67,          3.50,       4.53,      45.32,    158.63,         11.04
       15,          2,    7,         11.87,          3.50,       4.71,      47.06,    164.69,         11.04
       15,          3,    1,          5.98,          3.50,       2.53,      25.29,     88.57,          6.27
       15,          3,    2,          9.78,          3.50,       3.70,      37.00,    129.51,          9.13
       15,          3,    3,         11.26,          3.50,       4.29,      42.89,    150.13,         10.72
       15,          3,    4,         11.89,          3.50,       4.66,      46.56,    162.96,         11.23
       15,          3,    5,         12.33,          3.50,       4.99,      49.89,    174.62,         11.45
       15,          3,    6,         12.64,          3.50,       5.26,      52.57,    183.98,         11.57
       15,          3,    7,         12.90,          3.50,       5.52,      55.16,    193.05,         11.64
       15,          4,    1,          6.56,          3.50,       2.74,      27.44,     96.08,          6.40
       15,          4,    2,         10.51,          3.50,       4.08,      40.75,    142.65,          9.59
       15,          4,    3,         11.92,          3.50,       4.80,      48.03,    168.11,         10.90
       15,          4,    4,         12.63,          3.50,       5.30,      53.04,    185.62,         11.43
       15,          4,    5,         13.13,          3.50,       5.74,      57.37,    200.79,         11.71
       15,          4,    6,         13.48,          3.50,       6.07,      60.66,    212.27,         11.94
       15,          4,    7,         13.77,          3.50,       6.35,      63.47,    222.10,         12.10
       16,          1,    1,          4.58,          3.50,       2.14,      21.41,     74.99,          5.81
       16,          1,    2,          8.92,          3.50,       3.20,      32.01,    112.06,          9.01
       16,          1,    3,         10.80,          3.50,       3.79,      37.86,    132.53,         11.24
       16,          1,    4,         11.44,          3.50,       4.08,      40.76,    142.66,         11.89
       16,          1,    5,         11.74,          3.50,       4.26,      42.58,    149.04,         12.09
       16,          1,    6,         11.90,          3.50,       4.39,      43.88,    153.56,         12.12
       16,          1,    7,         12.03,          3.50,       4.52,      45.15,    158.02,         12.05
       16,          2,    1,          5.54,          3.50,       2.35,      23.53,     82.40,          6.30
       16,          2,    2,          9.91,          3.50,       3.52,      35.14,    122.98,         10.05
       16,          2,    3,         11.40,          3.50,       4.10,      40.98,    143.43,         11.70
       16,          2,    4,         11.98,          3.50,       4.40,      43.95,    153.83,         12.29
       16,          2,    5,         12.34,          3.50,       4.63,      46.34,    162.19,         12.53
       16,          2,    6,         12.57,          3.50,       4.82,      48.13,    168.44,         12.64
       16,          2,    7,         12.77,          3.50,       5.00,      50.04,    175.13,         12.66
       16,          3,    1,          6.30,          3.50,       2.57,      25.72,     90.05,          6.60
       16,          3,    2,         10.60,          3.50,       3.87,      38.73,    135.56,         10.43
       16,          3,    3,         12.08,          3.50,       4.55,      45.52,    159.32,         12.06
       16,          3,    4,         12.76,          3.50,       4.95,      49.47,    173.15,         12.77
       16,          3,    5,         13.26,          3.50,       5.31,      53.11,    185.88,         13.20
       16,          3,    6,         13.61,          3.50,       5.59,      55.93,    195.74,         13.50
       16,          3,    7,         13.94,          3.50,       5.87,      58.70,    205.43,         13.77
       16,          4,    1,          6.86,          3.50,       2.80,      27.98,     97.94,          6.70
       16,          4,    2,         10.95,          3.50,       4.27,      42.66,    149.32,         10.04
       16,          4,    3,         12.75,          3.50,       5.09,      50.92,    178.22,         12.33
       16,          4,    4,         13.57,          3.50,       5.63,      56.32,    197.11,         13.26
       16,          4,    5,         14.21,          3.50,       6.09,      60.92,    213.17,         14.03
       16,          4,    6,         14.63,          3.50,       6.44,      64.33,    225.10,         14.53
       16,          4,    7,         14.94,          3.50,       6.72,      67.24,    235.20,         14.88
       17,          1,    1,          4.76,          3.50,       2.16,      21.65,     75.83,          5.97
       17,          1,    2,          9.42,          3.50,       3.30,      32.95,    115.35,          9.76
       17,          1,    3,         11.51,          3.50,       3.99,      39.92,    139.70,         12.40
       17,          1,    4,         12.23,          3.50,       4.32,      43.18,    151.12,         13.33
       17,          1,    5,         12.58,          3.50,       4.51,      45.10,    157.87,         13.69
       17,          1,    6,         12.77,          3.50,       4.64,      46.37,    162.31,         13.84
       17,          1,    7,         12.89,          3.50,       4.75,      47.52,    166.33,         13.84
       17,          2,    1,          5.74,          3.50,       2.38,      23.82,     83.43,          6.48
       17,          2,    2,         10.26,          3.50,       3.64,      36.40,    127.40,         10.42
       17,          2,    3,         12.15,          3.50,       4.33,      43.31,    151.59,         13.02
       17,          2,    4,         12.83,          3.50,       4.65,      46.52,    162.82,         13.97
       17,          2,    5,         12.95,          3.50,       4.89,      48.93,    171.24,         13.53
       17,          2,    6,         13.51,          3.50,       5.08,      50.81,    177.83,         14.72
       17,          2,    7,         13.75,          3.50,       5.28,      52.80,    184.79,         14.90
       17,          3,    1,          6.50,          3.50,       2.61,      26.10,     91.41,          6.80
       17,          3,    2,         11.18,          3.50,       4.02,      40.23,    140.83,         11.38
       17,          3,    3,         12.93,          3.50,       4.80,      47.94,    167.80,         13.80
       17,          3,    4,         13.72,          3.50,       5.23,      52.31,    183.07,         14.96
       17,          3,    5,         14.31,          3.50,       5.62,      56.19,    196.65,         15.78
       17,          3,    6,         14.72,          3.50,       5.93,      59.32,    207.60,         16.29
       17,          3,    7,         15.08,          3.50,       6.24,      62.36,    218.20,         16.73
       17,          4,    1,          7.07,          3.50,       2.84,      28.37,     99.35,          6.90
       17,          4,    2,         11.61,          3.50,       4.43,      44.32,    155.13,         11.19
       17,          4,    3,         13.73,          3.50,       5.36,      53.59,    187.55,         14.56
       17,          4,    4,         14.67,          3.50,       5.92,      59.19,    207.16,         16.13
       17,          4,    5,         15.32,          3.50,       6.39,      63.90,    223.59,         17.18
       17,          4,    6,         15.73,          3.50,       6.74,      67.40,    235.80,         17.80
       17,          4,    7,         16.04,          3.50,       7.03,      70.24,    245.66,         18.25
       18,          1,    1,          4.62,          3.50,       2.19,      21.93,     76.82,          5.67
       18,          1,    2,         10.06,          3.50,       3.38,      33.82,    118.40,         10.95
       18,          1,    3,         12.36,          3.50,       4.18,      41.81,    146.33,         14.28
       18,          1,    4,         13.24,          3.50,       4.56,      45.55,    159.44,         15.77
       18,          1,    5,         13.62,          3.50,       4.75,      47.53,    166.36,         16.38
       18,          1,    6,         13.82,          3.50,       4.89,      48.91,    171.17,         16.58
       18,          1,    7,         13.97,          3.50,       5.02,      50.18,    175.64,         16.62
       18,          2,    1,          5.92,          3.50,       2.41,      24.15,     84.57,          6.65
       18,          2,    2,         11.05,          3.50,       3.75,      37.54,    131.41,         12.05
       18,          2,    3,         13.08,          3.50,       4.57,      45.70,    159.94,         15.13
       18,          2,    4,         13.95,          3.50,       4.94,      49.40,    172.90,         16.86
       18,          2,    5,         14.41,          3.50,       5.24,      52.37,    183.28,         17.53
       18,          2,    6,         14.71,          3.50,       5.46,      54.55,    190.90,         17.90
       18,          2,    7,         14.98,          3.50,       5.69,      56.91,    199.18,         18.16
       18,          3,    1,          6.70,          3.50,       2.65,      26.49,     92.75,          6.97
       18,          3,    2,         11.95,          3.50,       4.17,      41.68,    145.88,         13.03
       18,          3,    3,         14.05,          3.50,       5.08,      50.75,    177.63,         16.71
       18,          3,    4,         14.91,          3.50,       5.58,      55.84,    195.43,         18.27
       18,          3,    5,         15.23,          3.50,       6.03,      60.28,    210.93,         18.00
       18,          3,    6,         15.94,          3.50,       6.38,      63.78,    223.16,         19.91
       18,          3,    7,         16.18,          3.50,       6.71,      67.14,    234.87,         19.85
       18,          4,    1,          7.27,          3.50,       2.88,      28.77,    100.74,          7.10
       18,          4,    2,         12.73,          3.50,       4.59,      45.85,    160.46,         13.91
       18,          4,    3,         14.89,          3.50,       5.64,      56.41,    197.43,         17.97
       18,          4,    4,         15.85,          3.50,       6.27,      62.71,    219.42,         19.84
       18,          4,    5,         16.49,          3.50,       6.79,      67.94,    237.67,         21.03
       18,          4,    6,         16.78,          3.50,       7.17,      71.69,    250.74,         21.19
       18,          4,    7,         16.98,          3.50,       7.47,      74.68,    261.12,         21.18
       19,          1,    1,          5.06,          3.50,       2.22,      22.16,     77.63,          6.21
       19,          1,    2,         10.68,          3.50,       3.45,      34.57,    121.01,         12.29
       19,          1,    3,         13.24,          3.50,       4.37,      43.66,    152.82,         16.61
       19,          1,    4,         14.26,          3.50,       4.83,      48.29,    169.02,         18.66
       19,          1,    5,         14.76,          3.50,       5.10,      50.96,    178.36,         19.62
       19,          1,    6,         15.01,          3.50,       5.27,      52.71,    184.48,         20.00
       19,          1,    7,         15.19,          3.50,       5.43,      54.26,    189.90,         20.17
       19,          2,    1,          6.11,          3.50,       2.45,      24.49,     85.76,          6.83
       19,          2,    2,         11.77,          3.50,       3.87,      38.68,    135.38,         13.73
       19,          2,    3,         14.14,          3.50,       4.83,      48.29,    169.03,         18.13
       19,          2,    4,         15.06,          3.50,       5.31,      53.14,    185.98,         20.03
       19,          2,    5,         15.57,          3.50,       5.67,      56.66,    198.31,         20.91
       19,          2,    6,         15.92,          3.50,       5.93,      59.29,    207.46,         21.53
       19,          2,    7,         16.21,          3.50,       6.19,      61.88,    216.54,         21.92
       19,          3,    1,          6.98,          3.50,       2.68,      26.81,     93.88,          7.34
       19,          3,    2,         12.73,          3.50,       4.29,      42.91,    150.20,         15.08
       19,          3,    3,         15.07,          3.50,       5.39,      53.87,    188.55,         19.74
       19,          3,    4,         15.92,          3.50,       5.98,      59.84,    209.38,         21.28
       19,          3,    5,         16.65,          3.50,       6.48,      64.83,    226.83,         22.99
       19,          3,    6,         17.06,          3.50,       6.87,      68.70,    240.31,         23.70
       19,          3,    7,         17.35,          3.50,       7.23,      72.26,    252.70,         23.94
       19,          4,    1,          7.68,          3.50,       2.91,      29.12,    101.97,          7.69
       19,          4,    2,         13.55,          3.50,       4.71,      47.16,    165.05,         16.24
       19,          4,    3,         15.89,          3.50,       5.96,      59.58,    208.47,         21.27
       19,          4,    4,         16.89,          3.50,       6.68,      66.83,    233.82,         23.49
       19,          4,    5,         17.54,          3.50,       7.27,      72.67,    254.15,         24.87
       19,          4,    6,        -87.74,          3.50,       0.17,       1.71,      5.99,         -0.00
       19,          4,    7,         18.24,          3.50,       8.01,      80.13,    280.14,         26.24
       20,          1,    1,          5.60,          3.50,       2.24,      22.42,     78.51,          6.90
       20,          1,    2,         11.29,          3.50,       3.53,      35.29,    123.55,         13.78
       20,          1,    3,         14.02,          3.50,       4.56,      45.58,    159.53,         18.90
       20,          1,    4,         15.21,          3.50,       5.13,      51.30,    179.56,         21.61
       20,          1,    5,         15.78,          3.50,       5.46,      54.58,    191.03,         22.95
       20,          1,    6,         16.08,          3.50,       5.66,      56.59,    198.04,         23.54
       20,          1,    7,         16.28,          3.50,       5.84,      58.35,    204.20,         23.82
       20,          2,    1,          6.73,          3.50,       2.48,      24.83,     86.96,          7.73
       20,          2,    2,         12.40,          3.50,       3.96,      39.62,    138.69,         15.44
       20,          2,    3,         15.01,          3.50,       5.09,      50.92,    178.23,         20.84
       20,          2,    4,         16.07,          3.50,       5.70,      57.02,    199.55,         23.35
       20,          2,    5,         16.61,          3.50,       6.10,      61.00,    213.47,         24.48
       20,          2,    6,         17.01,          3.50,       6.39,      63.94,    223.70,         25.41
       20,          2,    7,         17.30,          3.50,       6.69,      66.84,    233.81,         25.85
       20,          3,    1,          7.78,          3.50,       2.72,      27.20,     95.24,          8.67
       20,          3,    2,         13.38,          3.50,       4.41,      44.06,    154.20,         16.98
       20,          3,    3,         15.95,          3.50,       5.69,      56.92,    199.19,         22.71
       20,          3,    4,         16.86,          3.50,       6.41,      64.13,    224.40,         24.45
       20,          3,    5,         17.67,          3.50,       6.97,      69.65,    243.62,         26.90
       20,          3,    6,         18.09,          3.50,       7.38,      73.83,    258.19,         27.74
       20,          3,    7,         18.43,          3.50,       7.77,      77.68,    271.63,         28.39
       20,          4,    1,          8.31,          3.50,       2.96,      29.55,    103.48,          8.75
       20,          4,    2,         14.09,          3.50,       4.83,      48.35,    169.21,         17.92
       20,          4,    3,         16.74,          3.50,       6.28,      62.81,    219.77,         24.38
       20,          4,    4,         17.55,          3.50,       7.13,      71.31,    249.41,         25.48
       20,          4,    5,         18.22,          3.50,       7.78,      77.78,    271.97,         26.97
       20,          4,    6,         18.93,          3.50,       8.25,      82.49,    288.41,         29.77
       20,          4,    7,         19.23,          3.50,       8.62,      86.20,    301.35,         30.40
       21,          1,    1,          6.61,          3.50,       2.27,      22.71,     79.53,          8.63
       21,          1,    2,         11.94,          3.50,       3.59,      35.93,    125.79,         15.74
       21,          1,    3,         14.70,          3.50,       4.70,      47.01,    164.55,         21.36
       21,          1,    4,         16.01,          3.50,       5.39,      53.91,    188.66,         24.62
       21,          1,    5,         16.35,          3.50,       5.77,      57.73,    202.03,         24.58
       21,          1,    6,         16.96,          3.50,       5.99,      59.92,    209.70,         27.10
       21,          1,    7,         17.17,          3.50,       6.18,      61.81,    216.28,         27.48
       21,          2,    1,          7.71,          3.50,       2.52,      25.13,     88.01,          9.57
       21,          2,    2,         13.01,          3.50,       4.04,      40.41,    141.43,         17.39
       21,          2,    3,         15.70,          3.50,       5.30,      52.96,    185.33,         23.37
       21,          2,    4,         16.93,          3.50,       6.04,      60.32,    211.11,         26.71
       21,          2,    5,         17.57,          3.50,       6.49,      64.87,    226.97,         28.49
       21,          2,    6,         17.93,          3.50,       6.79,      67.91,    237.56,         29.41
       21,          2,    7,         17.92,          3.50,       7.10,      70.96,    248.17,         27.92
       21,          3,    1,          8.63,          3.50,       2.76,      27.58,     96.56,         10.37
       21,          3,    2,         13.94,          3.50,       4.51,      45.08,    157.76,         18.84
       21,          3,    3,         16.64,          3.50,       5.95,      59.47,    208.09,         25.39
       21,          3,    4,         17.89,          3.50,       6.83,      68.28,    238.82,         28.97
       21,          3,    5,         18.60,          3.50,       7.45,      74.47,    260.43,         30.92
       21,          3,    6,         19.02,          3.50,       7.90,      79.04,    276.33,         31.95
       21,          3,    7,         19.37,          3.50,       8.32,      83.23,    290.97,         32.70
       21,          4,    1,          9.37,          3.50,       3.00,      29.96,    104.90,         10.98
       21,          4,    2,         14.72,          3.50,       4.95,      49.48,    173.18,         20.16
       21,          4,    3,         17.11,          3.50,       6.57,      65.66,    229.71,         25.29
       21,          4,    4,         18.70,          3.50,       7.59,      75.92,    265.47,         30.96
       21,          4,    5,         19.41,          3.50,       8.33,      83.33,    291.33,         32.96
       21,          4,    6,         19.84,          3.50,       8.86,      88.57,    309.63,         34.04
       21,          4,    7,         20.15,          3.50,       9.29,      92.86,    324.62,         34.71
       22,          1,    1,          7.28,          3.50,       2.29,      22.90,     80.21,          9.99
       22,          1,    2,         12.52,          3.50,       3.65,      36.46,    127.63,         17.72
       22,          1,    3,         15.26,          3.50,       4.81,      48.04,    168.16,         23.72
       22,          1,    4,         16.66,          3.50,       5.60,      55.99,    195.94,         27.38
       22,          1,    5,         17.36,          3.50,       6.05,      60.51,    211.74,         29.41
       22,          1,    6,         17.67,          3.50,       6.29,      62.93,    220.17,         30.26
       22,          1,    7,         17.90,          3.50,       6.50,      64.98,    227.36,         30.75
       22,          2,    1,          8.45,          3.50,       2.54,      25.40,     88.95,         11.24
       22,          2,    2,         13.60,          3.50,       4.11,      41.08,    143.77,         19.55
       22,          2,    3,         16.29,          3.50,       5.44,      54.41,    190.42,         25.97
       22,          2,    4,         17.64,          3.50,       6.31,      63.09,    220.76,         29.93
       22,          2,    5,         18.34,          3.50,       6.84,      68.37,    239.17,         32.14
       22,          2,    6,         18.73,          3.50,       7.16,      71.62,    250.52,         33.32
       22,          2,    7,         18.95,          3.50,       7.48,      74.75,    261.37,         33.50
       22,          3,    1,          9.34,          3.50,       2.79,      27.89,     97.64,         12.06
       22,          3,    2,         14.47,          3.50,       4.59,      45.94,    160.77,         20.84
       22,          3,    3,         17.19,          3.50,       6.12,      61.23,    214.24,         27.89
       22,          3,    4,         18.63,          3.50,       7.21,      72.06,    252.02,         32.32
       22,          3,    5,         19.38,          3.50,       7.92,      79.22,    277.00,         34.57
       22,          3,    6,         19.86,          3.50,       8.42,      84.17,    294.26,         36.19
       22,          3,    7,         20.23,          3.50,       8.88,      88.82,    310.53,         37.11
       22,          4,    1,         10.02,          3.50,       3.03,      30.30,    106.11,         12.62
       22,          4,    2,         14.99,          3.50,       5.05,      50.53,    176.85,         20.98
       22,          4,    3,         17.94,          3.50,       6.79,      67.85,    237.39,         29.52
       22,          4,    4,         19.42,          3.50,       8.04,      80.43,    281.22,         34.38
       22,          4,    5,         20.23,          3.50,       8.91,      89.15,    311.66,         37.00
       22,          4,    6,         20.69,          3.50,       9.52,      95.16,    332.69,         38.32
       22,          4,    7,         20.84,          3.50,      10.01,     100.03,    349.66,         37.51

