[Radio] Initializing ... success!
Connected to RF power monitor: Rohde&Schwarz,FPC1500,1328.6660K03/205785,V1.80
Connected to DC power monitor: radiolib-org,DCpowerMon,070dd3d
setCurrentLimit, code 0

Set [dBm],paDutyCycle,hpMax,Measured [dBm],Bus voltage[V],Voltage[mV],Current[mA],Power [mW],Efficiency [%]
       -9,          1,    1,        -17.04,          3.50,       0.95,       9.52,     33.35,          0.24
       -9,          1,    2,        -14.51,          3.50,       1.07,      10.71,     37.53,          0.28
       -9,          1,    3,        -13.89,          3.50,       1.17,      11.66,     40.86,          0.26
       -9,          1,    4,        -13.10,          3.50,       1.24,      12.45,     43.63,          0.26
       -9,          1,    5,        -12.76,          3.50,       1.32,      13.23,     46.36,          0.25
       -9,          1,    6,        -12.74,          3.50,       1.39,      13.94,     48.85,          0.22
       -9,          1,    7,        -12.26,          3.50,       1.47,      14.72,     51.56,          0.22
       -9,          2,    1,        -16.43,          3.50,       0.97,       9.72,     34.05,          0.25
       -9,          2,    2,        -14.34,          3.50,       1.10,      10.94,     38.35,          0.27
       -9,          2,    3,        -13.12,          3.50,       1.19,      11.95,     41.86,          0.29
       -9,          2,    4,        -12.58,          3.50,       1.28,      12.82,     44.94,          0.28
       -9,          2,    5,        -12.17,          3.50,       1.37,      13.68,     47.95,          0.26
       -9,          2,    6,        -11.87,          3.50,       1.45,      14.48,     50.73,          0.25
       -9,          2,    7,        -11.59,          3.50,       1.53,      15.25,     53.44,          0.24
       -9,          3,    1,        -15.88,          3.50,       0.99,       9.92,     34.75,          0.26
       -9,          3,    2,        -13.45,          3.50,       1.13,      11.35,     39.78,          0.30
       -9,          3,    3,        -12.42,          3.50,       1.24,      12.45,     43.61,          0.31
       -9,          3,    4,        -11.78,          3.50,       1.34,      13.43,     47.04,          0.30
       -9,          3,    5,        -11.30,          3.50,       1.44,      14.40,     50.44,          0.29
       -9,          3,    6,        -10.95,          3.50,       1.53,      15.28,     53.53,          0.28
       -9,          3,    7,        -10.64,          3.50,       1.61,      16.10,     56.43,          0.27
       -9,          4,    1,        -15.75,          3.50,       1.02,      10.18,     35.67,          0.24
       -9,          4,    2,        -12.90,          3.50,       1.18,      11.80,     41.34,          0.31
       -9,          4,    3,        -11.81,          3.50,       1.31,      13.06,     45.75,          0.31
       -9,          4,    4,        -11.13,          3.50,       1.41,      14.11,     49.45,          0.31
       -9,          4,    5,        -10.69,          3.50,       1.51,      15.10,     52.91,          0.30
       -9,          4,    6,        -10.37,          3.50,       1.59,      15.96,     55.92,          0.29
       -9,          4,    7,        -10.12,          3.50,       1.68,      16.79,     58.82,          0.29
       -8,          1,    1,        -15.77,          3.50,       0.98,       9.79,     34.32,          0.28
       -8,          1,    2,        -13.25,          3.50,       1.11,      11.09,     38.85,          0.34
       -8,          1,    3,        -12.38,          3.50,       1.20,      12.02,     42.13,          0.34
       -8,          1,    4,        -11.96,          3.50,       1.29,      12.85,     45.04,          0.32
       -8,          1,    5,        -11.57,          3.50,       1.36,      13.62,     47.71,          0.31
       -8,          1,    6,        -11.35,          3.50,       1.44,      14.38,     50.41,          0.29
       -8,          1,    7,        -11.18,          3.50,       1.52,      15.14,     53.05,          0.27
       -8,          2,    1,        -15.16,          3.50,       1.00,      10.01,     35.09,          0.30
       -8,          2,    2,        -13.07,          3.50,       1.14,      11.40,     39.93,          0.33
       -8,          2,    3,        -11.87,          3.50,       1.24,      12.38,     43.36,          0.35
       -8,          2,    4,        -11.35,          3.50,       1.33,      13.26,     46.46,          0.34
       -8,          2,    5,        -11.25,          3.50,       1.41,      14.13,     49.51,          0.30
       -8,          2,    6,        -10.66,          3.50,       1.50,      14.95,     52.40,          0.31
       -8,          2,    7,        -10.39,          3.50,       1.58,      15.75,     55.18,          0.30
       -8,          3,    1,        -14.60,          3.50,       1.03,      10.26,     35.95,          0.31
       -8,          3,    2,        -12.17,          3.50,       1.18,      11.81,     41.37,          0.37
       -8,          3,    3,        -11.16,          3.50,       1.30,      13.00,     45.56,          0.37
       -8,          3,    4,        -10.53,          3.50,       1.40,      14.01,     49.09,          0.37
       -8,          3,    5,        -10.35,          3.50,       1.50,      15.00,     52.54,          0.33
       -8,          3,    6,         -9.92,          3.50,       1.59,      15.87,     55.58,          0.33
       -8,          3,    7,         -9.43,          3.50,       1.68,      16.73,     58.63,          0.34
       -8,          4,    1,        -14.17,          3.50,       1.05,      10.54,     36.93,          0.32
       -8,          4,    2,        -11.72,          3.50,       1.23,      12.31,     43.13,          0.37
       -8,          4,    3,        -10.53,          3.50,       1.37,      13.66,     47.87,          0.39
       -8,          4,    4,         -9.86,          3.50,       1.48,      14.83,     51.97,          0.38
       -8,          4,    5,         -9.50,          3.50,       1.58,      15.79,     55.34,          0.37
       -8,          4,    6,         -9.12,          3.50,       1.67,      16.69,     58.48,          0.36
       -8,          4,    7,         -8.89,          3.50,       1.75,      17.52,     61.37,          0.35
       -7,          1,    1,        -14.69,          3.50,       1.00,      10.05,     35.20,          0.33
       -7,          1,    2,        -12.17,          3.50,       1.14,      11.45,     40.11,          0.40
       -7,          1,    3,        -11.31,          3.50,       1.24,      12.41,     43.49,          0.40
       -7,          1,    4,        -10.84,          3.50,       1.32,      13.25,     46.44,          0.38
       -7,          1,    5,        -10.53,          3.50,       1.40,      14.01,     49.10,          0.37
       -7,          1,    6,        -10.30,          3.50,       1.48,      14.81,     51.91,          0.35
       -7,          1,    7,        -10.32,          3.50,       1.56,      15.56,     54.50,          0.31
       -7,          2,    1,        -14.22,          3.50,       1.03,      10.28,     36.01,          0.34
       -7,          2,    2,        -11.93,          3.50,       1.18,      11.75,     41.19,          0.39
       -7,          2,    3,        -11.07,          3.50,       1.28,      12.82,     44.90,          0.39
       -7,          2,    4,        -10.28,          3.50,       1.37,      13.71,     48.02,          0.40
       -7,          2,    5,        -10.11,          3.50,       1.46,      14.66,     51.34,          0.37
       -7,          2,    6,         -9.61,          3.50,       1.54,      15.44,     54.09,          0.37
       -7,          2,    7,         -9.40,          3.50,       1.63,      16.29,     57.08,          0.36
       -7,          3,    1,        -13.49,          3.50,       1.06,      10.58,     37.08,          0.36
       -7,          3,    2,        -11.07,          3.50,       1.22,      12.23,     42.84,          0.43
       -7,          3,    3,        -10.07,          3.50,       1.35,      13.46,     47.15,          0.44
       -7,          3,    4,         -9.46,          3.50,       1.46,      14.59,     51.12,          0.43
       -7,          3,    5,         -9.01,          3.50,       1.56,      15.57,     54.54,          0.42
       -7,          3,    6,         -8.67,          3.50,       1.65,      16.51,     57.84,          0.41
       -7,          3,    7,         -8.40,          3.50,       1.74,      17.37,     60.86,          0.40
       -7,          4,    1,        -13.02,          3.50,       1.10,      10.94,     38.32,          0.37
       -7,          4,    2,        -10.79,          3.50,       1.28,      12.83,     44.94,          0.41
       -7,          4,    3,         -9.43,          3.50,       1.42,      14.25,     49.93,          0.45
       -7,          4,    4,         -8.78,          3.50,       1.55,      15.46,     54.16,          0.45
       -7,          4,    5,         -8.37,          3.50,       1.65,      16.50,     57.83,          0.44
       -7,          4,    6,         -8.06,          3.50,       1.74,      17.40,     60.95,          0.43
       -7,          4,    7,         -7.84,          3.50,       1.83,      18.30,     64.12,          0.42
       -6,          1,    1,        -13.71,          3.50,       1.03,      10.30,     36.07,          0.38
       -6,          1,    2,        -11.20,          3.50,       1.18,      11.80,     41.34,          0.46
       -6,          1,    3,        -10.36,          3.50,       1.28,      12.79,     44.82,          0.46
       -6,          1,    4,         -9.89,          3.50,       1.36,      13.64,     47.78,          0.45
       -6,          1,    5,         -9.60,          3.50,       1.45,      14.49,     50.79,          0.42
       -6,          1,    6,         -9.38,          3.50,       1.52,      15.23,     53.36,          0.41
       -6,          1,    7,         -9.17,          3.50,       1.60,      16.00,     56.06,          0.39
       -6,          2,    1,        -13.08,          3.50,       1.06,      10.58,     37.09,          0.40
       -6,          2,    2,        -10.70,          3.50,       1.21,      12.14,     42.54,          0.48
       -6,          2,    3,         -9.82,          3.50,       1.32,      13.23,     46.38,          0.48
       -6,          2,    4,         -9.32,          3.50,       1.42,      14.18,     49.69,          0.47
       -6,          2,    5,         -8.95,          3.50,       1.52,      15.14,     53.05,          0.45
       -6,          2,    6,         -8.68,          3.50,       1.60,      15.97,     55.94,          0.44
       -6,          2,    7,         -8.43,          3.50,       1.68,      16.81,     58.88,          0.42
       -6,          3,    1,        -12.51,          3.50,       1.09,      10.93,     38.30,          0.42
       -6,          3,    2,        -10.09,          3.50,       1.27,      12.71,     44.54,          0.50
       -6,          3,    3,         -9.09,          3.50,       1.40,      13.98,     48.99,          0.51
       -6,          3,    4,         -8.49,          3.50,       1.51,      15.13,     53.00,          0.50
       -6,          3,    5,         -8.05,          3.50,       1.62,      16.21,     56.80,          0.49
       -6,          3,    6,         -7.72,          3.50,       1.71,      17.10,     59.90,          0.48
       -6,          3,    7,         -7.46,          3.50,       1.80,      18.03,     63.19,          0.47
       -6,          4,    1,        -12.04,          3.50,       1.14,      11.37,     39.85,          0.42
       -6,          4,    2,         -9.75,          3.50,       1.34,      13.37,     46.86,          0.48
       -6,          4,    3,         -8.75,          3.50,       1.49,      14.91,     52.24,          0.49
       -6,          4,    4,         -7.82,          3.50,       1.61,      16.14,     56.56,          0.52
       -6,          4,    5,         -7.41,          3.50,       1.72,      17.17,     60.15,          0.51
       -6,          4,    6,         -7.10,          3.50,       1.82,      18.20,     63.78,          0.50
       -6,          4,    7,         -6.88,          3.50,       1.91,      19.08,     66.85,          0.49
       -5,          1,    1,        -12.23,          3.50,       1.08,      10.84,     37.97,          0.46
       -5,          1,    2,         -9.54,          3.50,       1.25,      12.51,     43.82,          0.59
       -5,          1,    3,         -8.71,          3.50,       1.36,      13.60,     47.63,          0.59
       -5,          1,    4,         -8.27,          3.50,       1.45,      14.48,     50.72,          0.58
       -5,          1,    5,         -7.99,          3.50,       1.53,      15.32,     53.67,          0.55
       -5,          1,    6,         -7.77,          3.50,       1.61,      16.10,     56.41,          0.53
       -5,          1,    7,         -7.59,          3.50,       1.69,      16.84,     59.02,          0.51
       -5,          2,    1,        -11.42,          3.50,       1.12,      11.25,     39.43,          0.50
       -5,          2,    2,         -9.03,          3.50,       1.29,      12.93,     45.31,          0.61
       -5,          2,    3,         -8.17,          3.50,       1.41,      14.12,     49.46,          0.62
       -5,          2,    4,         -7.68,          3.50,       1.51,      15.11,     52.94,          0.61
       -5,          2,    5,         -7.32,          3.50,       1.61,      16.11,     56.43,          0.59
       -5,          2,    6,         -7.05,          3.50,       1.70,      16.92,     59.28,          0.57
       -5,          2,    7,         -6.82,          3.50,       1.79,      17.87,     62.59,          0.55
       -5,          3,    1,        -10.84,          3.50,       1.16,      11.65,     40.81,          0.52
       -5,          3,    2,         -8.43,          3.50,       1.36,      13.60,     47.65,          0.63
       -5,          3,    3,         -7.43,          3.50,       1.51,      15.06,     52.76,          0.65
       -5,          3,    4,         -6.84,          3.50,       1.63,      16.29,     57.08,          0.64
       -5,          3,    5,         -6.47,          3.50,       1.74,      17.36,     60.83,          0.63
       -5,          3,    6,         -6.09,          3.50,       1.84,      18.41,     64.48,          0.62
       -5,          3,    7,         -5.87,          3.50,       1.94,      19.35,     67.80,          0.60
       -5,          4,    1,        -10.36,          3.50,       1.21,      12.09,     42.37,          0.52
       -5,          4,    2,         -7.83,          3.50,       1.44,      14.45,     50.60,          0.64
       -5,          4,    3,         -6.78,          3.50,       1.61,      16.11,     56.43,          0.66
       -5,          4,    4,         -6.14,          3.50,       1.74,      17.47,     61.22,          0.67
       -5,          4,    5,         -5.74,          3.50,       1.86,      18.62,     65.21,          0.66
       -5,          4,    6,         -5.44,          3.50,       1.97,      19.68,     68.92,          0.65
       -5,          4,    7,         -5.23,          3.50,       2.05,      20.51,     71.85,          0.64
       -4,          1,    1,        -11.35,          3.50,       1.11,      11.11,     38.94,          0.52
       -4,          1,    2,         -8.82,          3.50,       1.29,      12.90,     45.20,          0.65
       -4,          1,    3,         -8.00,          3.50,       1.40,      13.93,     48.83,          0.66
       -4,          1,    4,         -7.56,          3.50,       1.49,      14.86,     52.07,          0.65
       -4,          1,    5,         -7.28,          3.50,       1.57,      15.73,     55.10,          0.62
       -4,          1,    6,         -7.07,          3.50,       1.65,      16.53,     57.92,          0.59
       -4,          1,    7,         -7.22,          3.50,       1.73,      17.29,     60.58,          0.53
       -4,          2,    1,        -10.70,          3.50,       1.15,      11.54,     40.46,          0.54
       -4,          2,    2,         -8.30,          3.50,       1.33,      13.34,     46.74,          0.67
       -4,          2,    3,         -7.45,          3.50,       1.46,      14.56,     51.03,          0.69
       -4,          2,    4,         -6.96,          3.50,       1.56,      15.58,     54.61,          0.68
       -4,          2,    5,         -6.61,          3.50,       1.66,      16.57,     58.07,          0.66
       -4,          2,    6,         -6.35,          3.50,       1.74,      17.42,     61.03,          0.64
       -4,          2,    7,         -6.11,          3.50,       1.84,      18.40,     64.46,          0.62
       -4,          3,    1,        -10.12,          3.50,       1.20,      11.96,     41.90,          0.57
       -4,          3,    2,         -7.68,          3.50,       1.40,      14.03,     49.18,          0.70
       -4,          3,    3,         -6.70,          3.50,       1.56,      15.58,     54.58,          0.72
       -4,          3,    4,         -6.12,          3.50,       1.68,      16.80,     58.85,          0.72
       -4,          3,    5,         -5.68,          3.50,       1.80,      17.99,     63.04,          0.71
       -4,          3,    6,         -5.38,          3.50,       1.90,      19.00,     66.56,          0.70
       -4,          3,    7,         -5.12,          3.50,       2.00,      20.00,     70.04,          0.68
       -4,          4,    1,         -9.63,          3.50,       1.25,      12.46,     43.67,          0.58
       -4,          4,    2,         -7.11,          3.50,       1.50,      14.99,     52.51,          0.70
       -4,          4,    3,         -6.05,          3.50,       1.67,      16.69,     58.47,          0.74
       -4,          4,    4,         -5.42,          3.50,       1.81,      18.13,     63.51,          0.74
       -4,          4,    5,         -5.02,          3.50,       1.93,      19.34,     67.77,          0.73
       -4,          4,    6,         -4.99,          3.50,       2.03,      20.35,     71.32,          0.68
       -4,          4,    7,         -4.52,          3.50,       2.13,      21.32,     74.68,          0.71
       -3,          1,    1,        -10.70,          3.50,       1.14,      11.41,     39.97,          0.57
       -3,          1,    2,         -8.16,          3.50,       1.32,      13.21,     46.27,          0.72
       -3,          1,    3,         -7.34,          3.50,       1.44,      14.38,     50.38,          0.73
       -3,          1,    4,         -6.90,          3.50,       1.53,      15.29,     53.57,          0.71
       -3,          1,    5,         -6.64,          3.50,       1.62,      16.15,     56.59,          0.69
       -3,          1,    6,         -6.43,          3.50,       1.69,      16.92,     59.29,          0.66
       -3,          1,    7,         -6.25,          3.50,       1.78,      17.75,     62.18,          0.64
       -3,          2,    1,        -10.04,          3.50,       1.18,      11.81,     41.37,          0.60
       -3,          2,    2,         -7.64,          3.50,       1.37,      13.71,     48.03,          0.75
       -3,          2,    3,         -6.78,          3.50,       1.50,      14.99,     52.54,          0.76
       -3,          2,    4,         -6.30,          3.50,       1.61,      16.05,     56.23,          0.75
       -3,          2,    5,         -5.94,          3.50,       1.70,      17.02,     59.63,          0.73
       -3,          2,    6,         -5.69,          3.50,       1.80,      18.00,     63.06,          0.71
       -3,          2,    7,         -5.46,          3.50,       1.89,      18.90,     66.20,          0.69
       -3,          3,    1,         -9.46,          3.50,       1.23,      12.27,     43.00,          0.62
       -3,          3,    2,         -7.01,          3.50,       1.45,      14.54,     50.94,          0.76
       -3,          3,    3,         -6.04,          3.50,       1.61,      16.10,     56.40,          0.79
       -3,          3,    4,         -5.46,          3.50,       1.73,      17.33,     60.71,          0.79
       -3,          3,    5,         -5.03,          3.50,       1.86,      18.57,     65.09,          0.78
       -3,          3,    6,         -5.04,          3.50,       1.97,      19.67,     68.90,          0.71
       -3,          3,    7,         -4.47,          3.50,       2.06,      20.58,     72.11,          0.76
       -3,          4,    1,         -8.97,          3.50,       1.29,      12.86,     45.04,          0.63
       -3,          4,    2,         -6.44,          3.50,       1.55,      15.48,     54.24,          0.77
       -3,          4,    3,         -5.39,          3.50,       1.73,      17.31,     60.64,          0.81
       -3,          4,    4,         -4.76,          3.50,       1.88,      18.80,     65.86,          0.81
       -3,          4,    5,         -4.36,          3.50,       2.00,      20.03,     70.16,          0.81
       -3,          4,    6,         -4.11,          3.50,       2.11,      21.10,     73.89,          0.79
       -3,          4,    7,         -3.86,          3.50,       2.21,      22.05,     77.25,          0.78
       -2,          1,    1,         -9.65,          3.50,       1.19,      11.92,     41.76,          0.64
       -2,          1,    2,         -6.97,          3.50,       1.39,      13.92,     48.76,          0.84
       -2,          1,    3,         -6.15,          3.50,       1.51,      15.13,     53.02,          0.86
       -2,          1,    4,         -5.72,          3.50,       1.61,      16.11,     56.45,          0.85
       -2,          1,    5,         -5.46,          3.50,       1.70,      16.97,     59.46,          0.82
       -2,          1,    6,         -5.26,          3.50,       1.78,      17.79,     62.33,          0.80
       -2,          1,    7,         -5.09,          3.50,       1.86,      18.61,     65.21,          0.77
       -2,          2,    1,         -8.87,          3.50,       1.24,      12.41,     43.47,          0.69
       -2,          2,    2,         -6.44,          3.50,       1.45,      14.54,     50.94,          0.87
       -2,          2,    3,         -5.59,          3.50,       1.59,      15.86,     55.57,          0.90
       -2,          2,    4,         -5.11,          3.50,       1.69,      16.93,     59.31,          0.89
       -2,          2,    5,         -4.77,          3.50,       1.80,      18.04,     63.22,          0.87
       -2,          2,    6,         -4.52,          3.50,       1.90,      18.98,     66.50,          0.85
       -2,          2,    7,         -4.29,          3.50,       1.99,      19.94,     69.85,          0.83
       -2,          3,    1,         -8.28,          3.50,       1.30,      12.99,     45.49,          0.72
       -2,          3,    2,         -5.82,          3.50,       1.54,      15.41,     53.98,          0.90
       -2,          3,    3,         -4.84,          3.50,       1.71,      17.07,     59.81,          0.94
       -2,          3,    4,         -4.60,          3.50,       1.85,      18.47,     64.70,          0.87
       -2,          3,    5,         -3.84,          3.50,       1.98,      19.78,     69.28,          0.93
       -2,          3,    6,         -3.53,          3.50,       2.08,      20.82,     72.92,          0.92
       -2,          3,    7,         -3.29,          3.50,       2.19,      21.89,     76.67,          0.91
       -2,          4,    1,         -7.79,          3.50,       1.36,      13.61,     47.68,          0.73
       -2,          4,    2,         -5.24,          3.50,       1.65,      16.53,     57.92,          0.90
       -2,          4,    3,         -4.18,          3.50,       1.85,      18.51,     64.87,          0.95
       -2,          4,    4,         -3.58,          3.50,       2.01,      20.11,     70.46,          0.96
       -2,          4,    5,         -3.16,          3.50,       2.14,      21.41,     75.00,          0.96
       -2,          4,    6,         -2.87,          3.50,       2.25,      22.52,     78.86,          0.96
       -2,          4,    7,         -2.67,          3.50,       2.36,      23.54,     82.46,          0.94
       -1,          1,    1,         -8.56,          3.50,       1.24,      12.40,     43.45,          0.75
       -1,          1,    2,         -5.97,          3.50,       1.46,      14.62,     51.22,          0.96
       -1,          1,    3,         -5.14,          3.50,       1.59,      15.88,     55.65,          1.00
       -1,          1,    4,         -4.71,          3.50,       1.68,      16.83,     58.95,          0.99
       -1,          1,    5,         -4.46,          3.50,       1.78,      17.79,     62.31,          0.96
       -1,          1,    6,         -4.26,          3.50,       1.86,      18.61,     65.20,          0.93
       -1,          1,    7,         -4.10,          3.50,       1.95,      19.49,     68.27,          0.90
       -1,          2,    1,         -7.88,          3.50,       1.30,      12.95,     45.39,          0.80
       -1,          2,    2,         -5.43,          3.50,       1.53,      15.28,     53.54,          1.00
       -1,          2,    3,         -4.57,          3.50,       1.67,      16.70,     58.51,          1.04
       -1,          2,    4,         -4.10,          3.50,       1.78,      17.83,     62.46,          1.04
       -1,          2,    5,         -4.04,          3.50,       1.89,      18.94,     66.33,          0.95
       -1,          2,    6,         -3.52,          3.50,       2.00,      19.96,     69.90,          0.99
       -1,          2,    7,         -3.30,          3.50,       2.09,      20.87,     73.12,          0.97
       -1,          3,    1,         -7.29,          3.50,       1.36,      13.58,     47.59,          0.82
       -1,          3,    2,         -4.81,          3.50,       1.63,      16.29,     57.08,          1.03
       -1,          3,    3,         -4.10,          3.50,       1.81,      18.10,     63.40,          1.01
       -1,          3,    4,         -3.25,          3.50,       1.95,      19.56,     68.52,          1.08
       -1,          3,    5,         -2.83,          3.50,       2.09,      20.86,     73.08,          1.08
       -1,          3,    6,         -2.61,          3.50,       2.20,      22.02,     77.14,          1.05
       -1,          3,    7,         -2.28,          3.50,       2.31,      23.12,     80.98,          1.05
       -1,          4,    1,         -6.80,          3.50,       1.43,      14.30,     50.09,          0.82
       -1,          4,    2,         -4.22,          3.50,       1.75,      17.45,     61.12,          1.04
       -1,          4,    3,         -3.17,          3.50,       1.97,      19.66,     68.87,          1.09
       -1,          4,    4,         -2.54,          3.50,       2.13,      21.34,     74.73,          1.12
       -1,          4,    5,         -2.14,          3.50,       2.27,      22.72,     79.59,          1.12
       -1,          4,    6,         -1.85,          3.50,       2.39,      23.92,     83.77,          1.11
       -1,          4,    7,         -1.65,          3.50,       2.50,      25.02,     87.64,          1.09
        0,          1,    1,         -7.67,          3.50,       1.29,      12.92,     45.27,          0.84
        0,          1,    2,         -5.05,          3.50,       1.53,      15.31,     53.64,          1.09
        0,          1,    3,         -4.21,          3.50,       1.66,      16.63,     58.25,          1.14
        0,          1,    4,         -3.79,          3.50,       1.76,      17.62,     61.74,          1.14
        0,          1,    5,         -3.54,          3.50,       1.86,      18.61,     65.18,          1.10
        0,          1,    6,         -3.64,          3.50,       1.95,      19.49,     68.27,          1.00
        0,          1,    7,         -3.18,          3.50,       2.03,      20.29,     71.06,          1.04
        0,          2,    1,         -6.99,          3.50,       1.35,      13.51,     47.35,          0.89
        0,          2,    2,         -4.51,          3.50,       1.60,      16.03,     56.17,          1.13
        0,          2,    3,         -3.96,          3.50,       1.75,      17.54,     61.43,          1.10
        0,          2,    4,         -3.18,          3.50,       1.87,      18.73,     65.60,          1.18
        0,          2,    5,         -2.83,          3.50,       1.99,      19.93,     69.83,          1.16
        0,          2,    6,         -2.59,          3.50,       2.09,      20.88,     73.14,          1.14
        0,          2,    7,         -2.37,          3.50,       2.19,      21.89,     76.67,          1.12
        0,          3,    1,         -6.46,          3.50,       1.42,      14.23,     49.86,          0.90
        0,          3,    2,         -3.89,          3.50,       1.71,      17.12,     59.98,          1.16
        0,          3,    3,         -2.90,          3.50,       1.90,      19.06,     66.78,          1.22
        0,          3,    4,         -2.32,          3.50,       2.06,      20.56,     72.02,          1.24
        0,          3,    5,         -1.90,          3.50,       2.20,      22.01,     77.11,          1.24
        0,          3,    6,         -1.60,          3.50,       2.33,      23.23,     81.38,          1.22
        0,          3,    7,         -1.36,          3.50,       2.44,      24.38,     85.37,          1.21
        0,          4,    1,         -6.11,          3.50,       1.50,      15.04,     52.70,          0.88
        0,          4,    2,         -3.30,          3.50,       1.85,      18.46,     64.69,          1.17
        0,          4,    3,         -2.23,          3.50,       2.08,      20.78,     72.80,          1.25
        0,          4,    4,         -1.61,          3.50,       2.26,      22.58,     79.09,          1.27
        0,          4,    5,         -1.21,          3.50,       2.41,      24.07,     84.31,          1.27
        0,          4,    6,         -0.92,          3.50,       2.54,      25.38,     88.87,          1.26
        0,          4,    7,         -0.72,          3.50,       2.65,      26.50,     92.80,          1.25
        1,          1,    1,         -6.89,          3.50,       1.34,      13.38,     46.88,          0.93
        1,          1,    2,         -4.24,          3.50,       1.60,      16.01,     56.10,          1.21
        1,          1,    3,         -3.51,          3.50,       1.74,      17.37,     60.87,          1.24
        1,          1,    4,         -2.96,          3.50,       1.85,      18.46,     64.65,          1.27
        1,          1,    5,         -2.71,          3.50,       1.94,      19.45,     68.13,          1.24
        1,          1,    6,         -2.72,          3.50,       2.03,      20.24,     70.91,          1.16
        1,          1,    7,         -2.36,          3.50,       2.12,      21.20,     74.25,          1.18
        1,          2,    1,         -6.20,          3.50,       1.41,      14.06,     49.27,          0.98
        1,          2,    2,         -3.78,          3.50,       1.67,      16.75,     58.67,          1.24
        1,          2,    3,         -2.81,          3.50,       1.84,      18.41,     64.49,          1.32
        1,          2,    4,         -2.43,          3.50,       1.97,      19.66,     68.87,          1.30
        1,          2,    5,         -2.01,          3.50,       2.08,      20.80,     72.89,          1.31
        1,          2,    6,         -1.76,          3.50,       2.19,      21.87,     76.61,          1.29
        1,          2,    7,         -1.55,          3.50,       2.29,      22.93,     80.32,          1.26
        1,          3,    1,         -5.60,          3.50,       1.49,      14.86,     52.06,          1.01
        1,          3,    2,         -3.34,          3.50,       1.80,      17.97,     62.97,          1.22
        1,          3,    3,         -2.07,          3.50,       2.01,      20.04,     70.21,          1.37
        1,          3,    4,         -1.49,          3.50,       2.16,      21.63,     75.76,          1.39
        1,          3,    5,         -1.29,          3.50,       2.32,      23.17,     81.14,          1.32
        1,          3,    6,         -0.77,          3.50,       2.44,      24.42,     85.52,          1.38
        1,          3,    7,         -0.53,          3.50,       2.56,      25.62,     89.74,          1.36
        1,          4,    1,         -5.11,          3.50,       1.57,      15.71,     55.03,          1.02
        1,          4,    2,         -2.77,          3.50,       1.95,      19.47,     68.18,          1.22
        1,          4,    3,         -1.40,          3.50,       2.19,      21.95,     76.87,          1.39
        1,          4,    4,         -0.96,          3.50,       2.38,      23.83,     83.49,          1.36
        1,          4,    5,         -0.37,          3.50,       2.54,      25.42,     89.03,          1.43
        1,          4,    6,         -0.33,          3.50,       2.68,      26.75,     93.68,          1.34
        1,          4,    7,         -0.06,          3.50,       2.79,      27.93,     97.80,          1.35
        2,          1,    1,         -5.86,          3.50,       1.41,      14.08,     49.31,          1.06
        2,          1,    2,         -3.15,          3.50,       1.70,      16.96,     59.42,          1.40
        2,          1,    3,         -2.40,          3.50,       1.85,      18.51,     64.86,          1.44
        2,          1,    4,         -1.85,          3.50,       1.96,      19.61,     68.70,          1.49
        2,          1,    5,         -1.60,          3.50,       2.06,      20.57,     72.05,          1.47
        2,          1,    6,         -1.41,          3.50,       2.15,      21.51,     75.35,          1.43
        2,          1,    7,         -1.26,          3.50,       2.24,      22.43,     78.56,          1.40
        2,          2,    1,         -5.16,          3.50,       1.49,      14.89,     52.16,          1.12
        2,          2,    2,         -2.58,          3.50,       1.79,      17.91,     62.77,          1.46
        2,          2,    3,         -1.69,          3.50,       1.96,      19.65,     68.84,          1.54
        2,          2,    4,         -1.23,          3.50,       2.09,      20.92,     73.27,          1.56
        2,          2,    5,         -0.89,          3.50,       2.22,      22.18,     77.68,          1.54
        2,          2,    6,         -0.65,          3.50,       2.33,      23.29,     81.58,          1.52
        2,          2,    7,         -0.44,          3.50,       2.44,      24.36,     85.30,          1.50
        2,          3,    1,         -4.55,          3.50,       1.57,      15.72,     55.06,          1.16
        2,          3,    2,         -1.95,          3.50,       1.93,      19.25,     67.44,          1.50
        2,          3,    3,         -0.95,          3.50,       2.14,      21.45,     75.16,          1.60
        2,          3,    4,         -0.38,          3.50,       2.32,      23.20,     81.27,          1.63
        2,          3,    5,         -0.26,          3.50,       2.48,      24.82,     86.93,          1.52
        2,          3,    6,          0.01,          3.50,       2.62,      26.16,     91.63,          1.50
        2,          3,    7,          0.58,          3.50,       2.74,      27.41,     96.00,          1.61
        2,          4,    1,         -4.05,          3.50,       1.67,      16.71,     58.53,          1.17
        2,          4,    2,         -1.37,          3.50,       2.08,      20.84,     72.98,          1.52
        2,          4,    3,         -0.28,          3.50,       2.36,      23.60,     82.65,          1.62
        2,          4,    4,          0.35,          3.50,       2.57,      25.68,     89.93,          1.67
        2,          4,    5,          0.75,          3.50,       2.74,      27.36,     95.77,          1.68
        2,          4,    6,          1.04,          3.50,       2.88,      28.78,    100.78,          1.68
        2,          4,    7,          1.24,          3.50,       3.00,      29.98,    104.96,          1.66
        3,          1,    1,         -5.25,          3.50,       1.46,      14.58,     51.08,          1.15
        3,          1,    2,         -2.47,          3.50,       1.76,      17.63,     61.77,          1.54
        3,          1,    3,         -1.89,          3.50,       1.92,      19.23,     67.38,          1.53
        3,          1,    4,         -1.18,          3.50,       2.03,      20.35,     71.30,          1.65
        3,          1,    5,         -0.93,          3.50,       2.14,      21.41,     74.99,          1.62
        3,          1,    6,         -0.75,          3.50,       2.23,      22.31,     78.13,          1.58
        3,          1,    7,         -0.60,          3.50,       2.33,      23.24,     81.41,          1.55
        3,          2,    1,         -4.54,          3.50,       1.54,      15.40,     53.95,          1.22
        3,          2,    2,         -1.93,          3.50,       1.86,      18.61,     65.21,          1.60
        3,          2,    3,         -1.03,          3.50,       2.04,      20.41,     71.48,          1.70
        3,          2,    4,         -0.56,          3.50,       2.18,      21.75,     76.18,          1.72
        3,          2,    5,         -0.23,          3.50,       2.31,      23.11,     80.93,          1.70
        3,          2,    6,          0.01,          3.50,       2.42,      24.18,     84.70,          1.68
        3,          2,    7,          0.22,          3.50,       2.53,      25.35,     88.76,          1.65
        3,          3,    1,         -3.95,          3.50,       1.63,      16.34,     57.24,          1.25
        3,          3,    2,         -1.29,          3.50,       2.01,      20.04,     70.21,          1.64
        3,          3,    3,         -0.29,          3.50,       2.24,      22.34,     78.23,          1.75
        3,          3,    4,          0.29,          3.50,       2.42,      24.17,     84.64,          1.79
        3,          3,    5,          0.71,          3.50,       2.59,      25.85,     90.53,          1.79
        3,          3,    6,          0.80,          3.50,       2.73,      27.25,     95.44,          1.71
        3,          3,    7,          1.04,          3.50,       2.86,      28.58,    100.05,          1.69
        3,          4,    1,         -3.53,          3.50,       1.73,      17.30,     60.63,          1.24
        3,          4,    2,         -0.71,          3.50,       2.18,      21.75,     76.17,          1.66
        3,          4,    3,          0.38,          3.50,       2.47,      24.67,     86.41,          1.78
        3,          4,    4,          1.02,          3.50,       2.69,      26.85,     94.03,          1.83
        3,          4,    5,          1.43,          3.50,       2.86,      28.60,    100.15,          1.85
        3,          4,    6,          1.72,          3.50,       3.00,      30.02,    105.12,          1.85
        3,          4,    7,          1.92,          3.50,       3.13,      31.28,    109.51,          1.84
        4,          1,    1,         -4.19,          3.50,       1.54,      15.41,     54.00,          1.32
        4,          1,    2,         -1.31,          3.50,       1.89,      18.92,     66.28,          1.79
        4,          1,    3,         -0.41,          3.50,       2.06,      20.63,     72.25,          1.93
        4,          1,    4,          0.01,          3.50,       2.18,      21.84,     76.48,          1.95
        4,          1,    5,          0.21,          3.50,       2.29,      22.89,     80.18,          1.90
        4,          1,    6,          0.44,          3.50,       2.39,      23.85,     83.52,          1.89
        4,          1,    7,          0.59,          3.50,       2.48,      24.86,     87.07,          1.85
        4,          2,    1,         -3.46,          3.50,       1.64,      16.37,     57.37,          1.39
        4,          2,    2,         -0.75,          3.50,       2.00,      20.04,     70.19,          1.86
        4,          2,    3,          0.16,          3.50,       2.20,      21.98,     76.98,          2.00
        4,          2,    4,          0.42,          3.50,       2.34,      23.37,     81.86,          1.94
        4,          2,    5,          0.96,          3.50,       2.48,      24.79,     86.82,          2.02
        4,          2,    6,          1.02,          3.50,       2.59,      25.94,     90.83,          1.92
        4,          2,    7,          1.40,          3.50,       2.71,      27.09,     94.89,          1.97
        4,          3,    1,         -3.03,          3.50,       1.74,      17.37,     60.86,          1.38
        4,          3,    2,         -0.12,          3.50,       2.16,      21.60,     75.68,          1.92
        4,          3,    3,          0.71,          3.50,       2.41,      24.12,     84.51,          1.98
        4,          3,    4,          1.22,          3.50,       2.61,      26.06,     91.25,          1.99
        4,          3,    5,          1.90,          3.50,       2.78,      27.82,     97.41,          2.14
        4,          3,    6,          2.21,          3.50,       2.93,      29.30,    102.58,          2.14
        4,          3,    7,          2.45,          3.50,       3.06,      30.60,    107.13,          2.14
        4,          4,    1,         -2.33,          3.50,       1.86,      18.59,     65.13,          1.45
        4,          4,    2,          0.29,          3.50,       2.35,      23.51,     82.35,          1.86
        4,          4,    3,          1.60,          3.50,       2.67,      26.67,     93.38,          2.11
        4,          4,    4,          2.09,          3.50,       2.90,      28.96,    101.38,          2.11
        4,          4,    5,          2.66,          3.50,       3.08,      30.79,    107.79,          2.23
        4,          4,    6,          2.96,          3.50,       3.23,      32.31,    113.13,          2.24
        4,          4,    7,          3.17,          3.50,       3.36,      33.58,    117.56,          2.24
        5,          1,    1,         -3.53,          3.50,       1.60,      15.97,     55.95,          1.44
        5,          1,    2,         -0.58,          3.50,       1.98,      19.84,     69.51,          1.97
        5,          1,    3,          0.24,          3.50,       2.16,      21.64,     75.81,          2.08
        5,          1,    4,          0.79,          3.50,       2.29,      22.86,     80.05,          2.18
        5,          1,    5,          1.04,          3.50,       2.39,      23.95,     83.86,          2.16
        5,          1,    6,          1.21,          3.50,       2.49,      24.95,     87.38,          2.12
        5,          1,    7,          1.36,          3.50,       2.59,      25.88,     90.62,          2.09
        5,          2,    1,         -2.78,          3.50,       1.70,      17.00,     59.57,          1.52
        5,          2,    2,          0.01,          3.50,       2.10,      20.97,     73.47,          2.07
        5,          2,    3,          0.94,          3.50,       2.31,      23.06,     80.75,          2.23
        5,          2,    4,          1.41,          3.50,       2.45,      24.47,     85.72,          2.28
        5,          2,    5,          1.59,          3.50,       2.59,      25.89,     90.65,          2.20
        5,          2,    6,          1.98,          3.50,       2.71,      27.07,     94.80,          2.26
        5,          2,    7,          2.18,          3.50,       2.83,      28.29,     99.05,          2.23
        5,          3,    1,         -2.15,          3.50,       1.82,      18.19,     63.71,          1.57
        5,          3,    2,          0.66,          3.50,       2.26,      22.64,     79.31,          2.14
        5,          3,    3,          1.70,          3.50,       2.53,      25.33,     88.69,          2.32
        5,          3,    4,          2.06,          3.50,       2.73,      27.25,     95.43,          2.28
        5,          3,    5,          2.71,          3.50,       2.91,      29.06,    101.72,          2.43
        5,          3,    6,          3.01,          3.50,       3.05,      30.51,    106.85,          2.44
        5,          3,    7,          3.25,          3.50,       3.19,      31.95,    111.84,          2.43
        5,          4,    1,         -1.64,          3.50,       1.94,      19.44,     68.13,          1.59
        5,          4,    2,          1.26,          3.50,       2.47,      24.71,     86.55,          2.17
        5,          4,    3,          2.41,          3.50,       2.79,      27.90,     97.71,          2.39
        5,          4,    4,          3.06,          3.50,       3.03,      30.26,    105.96,          2.50
        5,          4,    5,          3.22,          3.50,       3.22,      32.24,    112.87,          2.39
        5,          4,    6,          3.78,          3.50,       3.37,      33.74,    118.12,          2.56
        5,          4,    7,          3.99,          3.50,       3.51,      35.04,    122.66,          2.56
        6,          1,    1,         -2.83,          3.50,       1.67,      16.72,     58.60,          1.56
        6,          1,    2,          0.38,          3.50,       2.09,      20.89,     73.17,          2.27
        6,          1,    3,          1.34,          3.50,       2.29,      22.90,     80.20,          2.47
        6,          1,    4,          1.78,          3.50,       2.41,      24.12,     84.47,          2.54
        6,          1,    5,          2.02,          3.50,       2.52,      25.21,     88.30,          2.52
        6,          1,    6,          2.19,          3.50,       2.62,      26.19,     91.72,          2.49
        6,          1,    7,          2.15,          3.50,       2.72,      27.16,     95.10,          2.35
        6,          2,    1,         -1.96,          3.50,       1.79,      17.91,     62.74,          1.69
        6,          2,    2,          0.71,          3.50,       2.22,      22.15,     77.58,          2.24
        6,          2,    3,          1.93,          3.50,       2.43,      24.27,     85.01,          2.60
        6,          2,    4,          2.19,          3.50,       2.58,      25.77,     90.25,          2.54
        6,          2,    5,          2.72,          3.50,       2.72,      27.20,     95.25,          2.67
        6,          2,    6,          2.96,          3.50,       2.84,      28.43,     99.53,          2.65
        6,          2,    7,          3.16,          3.50,       2.96,      29.63,    103.74,          2.63
        6,          3,    1,         -1.30,          3.50,       1.91,      19.12,     66.97,          1.76
        6,          3,    2,          1.63,          3.50,       2.39,      23.90,     83.71,          2.48
        6,          3,    3,          2.70,          3.50,       2.67,      26.69,     93.47,          2.72
        6,          3,    4,          3.28,          3.50,       2.87,      28.69,    100.45,          2.82
        6,          3,    5,          3.70,          3.50,       3.05,      30.50,    106.79,          2.87
        6,          3,    6,          3.89,          3.50,       3.21,      32.09,    112.36,          2.80
        6,          3,    7,          4.24,          3.50,       3.35,      33.51,    117.33,          2.88
        6,          4,    1,         -0.77,          3.50,       2.04,      20.44,     71.59,          1.79
        6,          4,    2,          2.26,          3.50,       2.60,      26.04,     91.22,          2.54
        6,          4,    3,          3.42,          3.50,       2.95,      29.45,    103.12,          2.81
        6,          4,    4,          4.08,          3.50,       3.19,      31.93,    111.80,          2.94
        6,          4,    5,          4.21,          3.50,       3.39,      33.92,    118.73,          2.81
        6,          4,    6,          4.80,          3.50,       3.55,      35.54,    124.40,          3.03
        6,          4,    7,          5.01,          3.50,       3.69,      36.93,    129.26,          3.03
        7,          1,    1,         -1.83,          3.50,       1.75,      17.47,     61.20,          1.82
        7,          1,    2,          1.32,          3.50,       2.21,      22.08,     77.34,          2.59
        7,          1,    3,          2.49,          3.50,       2.41,      24.10,     84.41,          2.99
        7,          1,    4,          2.92,          3.50,       2.54,      25.42,     89.04,          3.07
        7,          1,    5,          3.16,          3.50,       2.65,      26.54,     92.96,          3.05
        7,          1,    6,          3.33,          3.50,       2.75,      27.48,     96.23,          3.03
        7,          1,    7,          3.47,          3.50,       2.85,      28.51,     99.85,          2.97
        7,          2,    1,         -1.00,          3.50,       1.87,      18.77,     65.77,          1.95
        7,          2,    2,          2.10,          3.50,       2.34,      23.39,     81.92,          2.85
        7,          2,    3,          3.07,          3.50,       2.56,      25.63,     89.74,          3.13
        7,          2,    4,          3.53,          3.50,       2.71,      27.11,     94.95,          3.22
        7,          2,    5,          3.85,          3.50,       2.86,      28.62,    100.22,          3.23
        7,          2,    6,          4.08,          3.50,       2.99,      29.87,    104.60,          3.22
        7,          2,    7,          4.28,          3.50,       3.11,      31.05,    108.72,          3.20
        7,          3,    1,         -0.29,          3.50,       2.01,      20.08,     70.34,          2.06
        7,          3,    2,          2.77,          3.50,       2.52,      25.25,     88.41,          2.98
        7,          3,    3,          3.78,          3.50,       2.82,      28.17,     98.63,          3.24
        7,          3,    4,          4.40,          3.50,       3.02,      30.24,    105.87,          3.40
        7,          3,    5,          4.82,          3.50,       3.22,      32.22,    112.81,          3.45
        7,          3,    6,          5.11,          3.50,       3.38,      33.79,    118.30,          3.48
        7,          3,    7,          5.35,          3.50,       3.53,      35.34,    123.71,          3.47
        7,          4,    1,          0.29,          3.50,       2.15,      21.51,     75.36,          2.12
        7,          4,    2,          3.41,          3.50,       2.75,      27.52,     96.36,          3.07
        7,          4,    3,          4.56,          3.50,       3.11,      31.14,    109.03,          3.40
        7,          4,    4,          5.20,          3.50,       3.38,      33.78,    118.27,          3.55
        7,          4,    5,          5.62,          3.50,       3.59,      35.94,    125.81,          3.62
        7,          4,    6,          5.91,          3.50,       3.77,      37.68,    131.88,          3.65
        7,          4,    7,          6.12,          3.50,       3.92,      39.19,    137.16,          3.65
        8,          1,    1,         -0.91,          3.50,       1.81,      18.14,     63.55,          2.11
        8,          1,    2,          2.51,          3.50,       2.30,      23.02,     80.63,          3.21
        8,          1,    3,          3.53,          3.50,       2.52,      25.21,     88.30,          3.57
        8,          1,    4,          3.97,          3.50,       2.65,      26.56,     93.01,          3.68
        8,          1,    5,          4.07,          3.50,       2.77,      27.65,     96.82,          3.56
        8,          1,    6,          4.36,          3.50,       2.87,      28.66,    100.37,          3.63
        8,          1,    7,          4.49,          3.50,       2.97,      29.66,    103.83,          3.58
        8,          2,    1,         -0.04,          3.50,       1.94,      19.44,     68.11,          2.30
        8,          2,    2,          3.13,          3.50,       2.44,      24.40,     85.45,          3.41
        8,          2,    3,          4.10,          3.50,       2.68,      26.80,     93.84,          3.73
        8,          2,    4,          4.56,          3.50,       2.84,      28.40,     99.45,          3.84
        8,          2,    5,          4.87,          3.50,       2.99,      29.90,    104.70,          3.85
        8,          2,    6,          5.09,          3.50,       3.11,      31.15,    109.07,          3.84
        8,          2,    7,          5.28,          3.50,       3.25,      32.47,    113.68,          3.81
        8,          3,    1,          0.69,          3.50,       2.08,      20.82,     72.92,          2.45
        8,          3,    2,          3.49,          3.50,       2.65,      26.45,     92.61,          3.31
        8,          3,    3,          4.61,          3.50,       2.95,      29.50,    103.29,          3.70
        8,          3,    4,          5.40,          3.50,       3.17,      31.73,    111.08,          4.03
        8,          3,    5,          5.82,          3.50,       3.38,      33.78,    118.25,          4.10
        8,          3,    6,          6.10,          3.50,       3.55,      35.44,    124.05,          4.12
        8,          3,    7,          6.25,          3.50,       3.70,      37.04,    129.65,          4.03
        8,          4,    1,          1.25,          3.50,       2.23,      22.35,     78.26,          2.50
        8,          4,    2,          4.41,          3.50,       2.89,      28.89,    101.19,          3.62
        8,          4,    3,          5.56,          3.50,       3.27,      32.76,    114.68,          4.01
        8,          4,    4,          6.19,          3.50,       3.55,      35.55,    124.46,          4.18
        8,          4,    5,          6.39,          3.50,       3.79,      37.91,    132.70,          4.04
        8,          4,    6,          6.90,          3.50,       3.98,      39.76,    139.17,          4.29
        8,          4,    7,          7.11,          3.50,       4.13,      41.30,    144.57,          4.30
        9,          1,    1,          0.14,          3.50,       1.86,      18.63,     65.28,          2.57
        9,          1,    2,          3.61,          3.50,       2.40,      23.99,     84.03,          3.90
        9,          1,    3,          4.62,          3.50,       2.64,      26.42,     92.50,          4.30
        9,          1,    4,          4.89,          3.50,       2.78,      27.82,     97.41,          4.27
        9,          1,    5,          5.28,          3.50,       2.90,      29.01,    101.60,          4.41
        9,          1,    6,          5.43,          3.50,       3.00,      30.01,    105.07,          4.37
        9,          1,    7,          5.57,          3.50,       3.10,      30.96,    108.40,          4.33
        9,          2,    1,          0.77,          3.50,       2.01,      20.07,     70.31,          2.64
        9,          2,    2,          4.03,          3.50,       2.56,      25.57,     89.55,          3.93
        9,          2,    3,          5.17,          3.50,       2.82,      28.14,     98.54,          4.48
        9,          2,    4,          5.62,          3.50,       2.98,      29.80,    104.33,          4.60
        9,          2,    5,          5.93,          3.50,       3.14,      31.39,    109.88,          4.62
        9,          2,    6,          6.15,          3.50,       3.27,      32.69,    114.45,          4.61
        9,          2,    7,          6.33,          3.50,       3.40,      33.97,    118.92,          4.58
        9,          3,    1,          1.73,          3.50,       2.16,      21.58,     75.58,          2.95
        9,          3,    2,          4.84,          3.50,       2.77,      27.73,     97.10,          4.23
        9,          3,    3,          5.90,          3.50,       3.10,      30.99,    108.52,          4.66
        9,          3,    4,          6.45,          3.50,       3.34,      33.37,    116.84,          4.81
        9,          3,    5,          6.55,          3.50,       3.55,      35.54,    124.43,          4.55
        9,          3,    6,          7.13,          3.50,       3.73,      37.34,    130.70,          4.89
        9,          3,    7,          7.37,          3.50,       3.90,      39.03,    136.63,          4.89
        9,          4,    1,          2.31,          3.50,       2.32,      23.19,     81.24,          3.03
        9,          4,    2,          5.45,          3.50,       3.04,      30.37,    106.33,          4.32
        9,          4,    3,          6.59,          3.50,       3.45,      34.53,    120.88,          4.76
        9,          4,    4,          7.22,          3.50,       3.76,      37.56,    131.49,          4.95
        9,          4,    5,          7.64,          3.50,       4.01,      40.15,    140.55,          5.03
        9,          4,    6,          7.93,          3.50,       4.21,      42.12,    147.42,          5.07
        9,          4,    7,          8.14,          3.50,       4.38,      43.78,    153.22,          5.09
       10,          1,    1,          1.05,          3.50,       1.91,      19.12,     67.00,          3.05
       10,          1,    2,          4.53,          3.50,       2.50,      25.03,     87.66,          4.55
       10,          1,    3,          5.56,          3.50,       2.76,      27.57,     96.55,          5.05
       10,          1,    4,          6.00,          3.50,       2.91,      29.10,    101.89,          5.20
       10,          1,    5,          6.23,          3.50,       3.03,      30.31,    106.12,          5.19
       10,          1,    6,          6.38,          3.50,       3.13,      31.35,    109.76,          5.14
       10,          1,    7,          6.51,          3.50,       3.24,      32.39,    113.41,          5.08
       10,          2,    1,          1.91,          3.50,       2.06,      20.59,     72.12,          3.31
       10,          2,    2,          5.13,          3.50,       2.67,      26.68,     93.43,          4.77
       10,          2,    3,          6.11,          3.50,       2.95,      29.45,    103.10,          5.24
       10,          2,    4,          6.56,          3.50,       3.12,      31.17,    109.13,          5.39
       10,          2,    5,          6.87,          3.50,       3.29,      32.85,    115.02,          5.42
       10,          2,    6,          7.08,          3.50,       3.42,      34.18,    119.67,          5.41
       10,          2,    7,          7.27,          3.50,       3.56,      35.56,    124.47,          5.37
       10,          3,    1,          2.62,          3.50,       2.22,      22.24,     77.89,          3.46
       10,          3,    2,          5.76,          3.50,       2.90,      28.98,    101.49,          4.93
       10,          3,    3,          6.82,          3.50,       3.26,      32.55,    113.95,          5.41
       10,          3,    4,          7.37,          3.50,       3.50,      34.97,    122.42,          5.60
       10,          3,    5,          7.77,          3.50,       3.73,      37.30,    130.58,          5.68
       10,          3,    6,          8.05,          3.50,       3.92,      39.20,    137.21,          5.69
       10,          3,    7,          8.28,          3.50,       4.10,      40.98,    143.43,          5.69
       10,          4,    1,          3.19,          3.50,       2.40,      23.96,     83.93,          3.53
       10,          4,    2,          6.36,          3.50,       3.18,      31.81,    111.38,          5.01
       10,          4,    3,          7.50,          3.50,       3.63,      36.34,    127.22,          5.51
       10,          4,    4,          8.13,          3.50,       3.96,      39.57,    138.50,          5.73
       10,          4,    5,          8.55,          3.50,       4.23,      42.30,    148.07,          5.82
       10,          4,    6,          8.84,          3.50,       4.44,      44.40,    155.39,          5.87
       10,          4,    7,          9.06,          3.50,       4.62,      46.21,    161.74,          5.88
       11,          1,    1,          1.88,          3.50,       1.95,      19.55,     68.49,          3.57
       11,          1,    2,          5.42,          3.50,       2.60,      26.06,     91.24,          5.29
       11,          1,    3,          6.49,          3.50,       2.89,      28.89,    101.19,          5.87
       11,          1,    4,          6.65,          3.50,       3.05,      30.49,    106.78,          5.68
       11,          1,    5,          7.16,          3.50,       3.18,      31.80,    111.34,          6.04
       11,          1,    6,          7.31,          3.50,       3.28,      32.84,    114.96,          6.01
       11,          1,    7,          7.38,          3.50,       3.39,      33.87,    118.58,          5.86
       11,          2,    1,          2.75,          3.50,       2.12,      21.17,     74.17,          3.85
       11,          2,    2,          6.03,          3.50,       2.79,      27.89,     97.67,          5.53
       11,          2,    3,          7.03,          3.50,       3.09,      30.90,    108.17,          6.09
       11,          2,    4,          7.45,          3.50,       3.28,      32.76,    114.68,          6.21
       11,          2,    5,          7.80,          3.50,       3.44,      34.42,    120.50,          6.33
       11,          2,    6,          8.00,          3.50,       3.59,      35.90,    125.67,          6.28
       11,          2,    7,          8.20,          3.50,       3.73,      37.32,    130.63,          6.27
       11,          3,    1,          3.45,          3.50,       2.29,      22.89,     80.20,          4.02
       11,          3,    2,          6.66,          3.50,       3.03,      30.32,    106.18,          5.72
       11,          3,    3,          7.74,          3.50,       3.42,      34.17,    119.61,          6.29
       11,          3,    4,          8.28,          3.50,       3.68,      36.77,    128.72,          6.51
       11,          3,    5,          8.61,          3.50,       3.93,      39.31,    137.59,          6.46
       11,          3,    6,          8.96,          3.50,       4.13,      41.27,    144.45,          6.60
       11,          3,    7,          9.20,          3.50,       4.32,      43.18,    151.15,          6.60
       11,          4,    1,          4.01,          3.50,       2.48,      24.77,     86.75,          4.08
       11,          4,    2,          7.24,          3.50,       3.34,      33.34,    116.70,          5.78
       11,          4,    3,          8.41,          3.50,       3.82,      38.22,    133.81,          6.37
       11,          4,    4,          9.03,          3.50,       4.18,      41.75,    146.16,          6.61
       11,          4,    5,          9.47,          3.50,       4.47,      44.65,    156.29,          6.74
       11,          4,    6,          9.75,          3.50,       4.70,      46.95,    164.33,          6.78
       11,          4,    7,          9.96,          3.50,       4.89,      48.90,    171.14,          6.79
       12,          1,    1,          2.64,          3.50,       2.00,      19.99,     70.01,          4.11
       12,          1,    2,          6.30,          3.50,       2.72,      27.21,     95.28,          6.09
       12,          1,    3,          7.42,          3.50,       3.04,      30.39,    106.41,          6.80
       12,          1,    4,          7.87,          3.50,       3.22,      32.17,    112.63,          7.01
       12,          1,    5,          8.11,          3.50,       3.35,      33.48,    117.22,          7.04
       12,          1,    6,          8.26,          3.50,       3.45,      34.55,    120.96,          7.01
       12,          1,    7,          8.39,          3.50,       3.56,      35.66,    124.80,          6.93
       12,          2,    1,          3.23,          3.50,       2.17,      21.73,     76.11,          4.14
       12,          2,    2,          6.92,          3.50,       2.92,      29.23,    102.34,          6.39
       12,          2,    3,          7.97,          3.50,       3.26,      32.57,    114.01,          7.06
       12,          2,    4,          8.27,          3.50,       3.45,      34.53,    120.88,          7.02
       12,          2,    5,          8.73,          3.50,       3.64,      36.40,    127.41,          7.31
       12,          2,    6,          8.96,          3.50,       3.79,      37.88,    132.58,          7.35
       12,          2,    7,          8.95,          3.50,       3.94,      39.40,    137.89,          6.98
       12,          3,    1,          4.23,          3.50,       2.36,      23.57,     82.54,          4.62
       12,          3,    2,          7.55,          3.50,       3.19,      31.90,    111.67,          6.58
       12,          3,    3,          8.61,          3.50,       3.60,      36.03,    126.13,          7.20
       12,          3,    4,          9.23,          3.50,       3.89,      38.92,    136.22,          7.54
       12,          3,    5,          9.64,          3.50,       4.16,      41.62,    145.65,          7.64
       12,          3,    6,          9.91,          3.50,       4.37,      43.67,    152.86,          7.68
       12,          3,    7,         10.15,          3.50,       4.57,      45.72,    160.04,          7.67
       12,          4,    1,          4.79,          3.50,       2.55,      25.50,     89.31,          4.70
       12,          4,    2,          8.14,          3.50,       3.50,      35.02,    122.62,          6.68
       12,          4,    3,          9.30,          3.50,       4.04,      40.45,    141.58,          7.31
       12,          4,    4,          9.96,          3.50,       4.42,      44.17,    154.59,          7.66
       12,          4,    5,         10.41,          3.50,       4.74,      47.44,    166.04,          7.80
       12,          4,    6,         10.70,          3.50,       4.99,      49.90,    174.67,          7.86
       12,          4,    7,         10.91,          3.50,       5.21,      52.05,    182.17,          7.86
       13,          1,    1,          3.36,          3.50,       2.04,      20.39,     71.43,          4.72
       13,          1,    2,          7.19,          3.50,       2.86,      28.55,     99.97,          7.04
       13,          1,    3,          8.40,          3.50,       3.23,      32.25,    112.93,          7.92
       13,          1,    4,          8.89,          3.50,       3.42,      34.18,    119.66,          8.22
       13,          1,    5,          9.13,          3.50,       3.56,      35.59,    124.60,          8.26
       13,          1,    6,          9.28,          3.50,       3.67,      36.72,    128.53,          8.23
       13,          1,    7,          9.41,          3.50,       3.78,      37.83,    132.45,          8.15
       13,          2,    1,          3.98,          3.50,       2.23,      22.27,     78.00,          4.75
       13,          2,    2,          7.84,          3.50,       3.08,      30.77,    107.73,          7.38
       13,          2,    3,          8.96,          3.50,       3.46,      34.57,    121.01,          8.23
       13,          2,    4,          9.44,          3.50,       3.68,      36.79,    128.77,          8.50
       13,          2,    5,          9.52,          3.50,       3.88,      38.75,    135.62,          8.11
       13,          2,    6,          9.98,          3.50,       4.04,      40.36,    141.26,          8.59
       13,          2,    7,         10.17,          3.50,       4.19,      41.94,    146.79,          8.56
       13,          3,    1,          4.98,          3.50,       2.42,      24.22,     84.83,          5.29
       13,          3,    2,          8.49,          3.50,       3.36,      33.65,    117.80,          7.62
       13,          3,    3,          9.66,          3.50,       3.84,      38.37,    134.30,          8.47
       13,          3,    4,         10.23,          3.50,       4.15,      41.49,    145.23,          8.79
       13,          3,    5,         10.65,          3.50,       4.44,      44.36,    155.27,          8.94
       13,          3,    6,         10.93,          3.50,       4.66,      46.64,    163.24,          8.98
       13,          3,    7,         11.18,          3.50,       4.88,      48.81,    170.82,          9.01
       13,          4,    1,          5.55,          3.50,       2.63,      26.27,     92.01,          5.38
       13,          4,    2,          9.06,          3.50,       3.70,      37.03,    129.60,          7.73
       13,          4,    3,         10.32,          3.50,       4.31,      43.05,    150.68,          8.58
       13,          4,    4,         10.97,          3.50,       4.71,      47.15,    165.03,          8.94
       13,          4,    5,         11.43,          3.50,       5.08,      50.74,    177.60,          9.11
       13,          4,    6,         11.73,          3.50,       5.35,      53.52,    187.33,          9.19
       13,          4,    7,         11.96,          3.50,       5.59,      55.87,    195.56,          9.22
       14,          1,    1,          3.91,          3.50,       2.08,      20.74,     72.66,          5.22
       14,          1,    2,          7.93,          3.50,       2.98,      29.77,    104.26,          7.88
       14,          1,    3,          9.25,          3.50,       3.40,      34.02,    119.09,          8.99
       14,          1,    4,          9.77,          3.50,       3.62,      36.19,    126.70,          9.37
       14,          1,    5,          9.96,          3.50,       3.77,      37.66,    131.85,          9.32
       14,          1,    6,         10.18,          3.50,       3.89,      38.90,    136.16,          9.42
       14,          1,    7,         10.30,          3.50,       4.01,      40.09,    140.30,          9.34
       14,          2,    1,          4.81,          3.50,       2.27,      22.73,     79.63,          5.59
       14,          2,    2,          8.39,          3.50,       3.23,      32.28,    113.02,          7.88
       14,          2,    3,          9.81,          3.50,       3.66,      36.58,    128.03,          9.33
       14,          2,    4,         10.32,          3.50,       3.90,      38.98,    136.46,          9.69
       14,          2,    5,         10.65,          3.50,       4.11,      41.09,    143.81,          9.81
       14,          2,    6,         10.66,          3.50,       4.28,      42.75,    149.64,          9.36
       14,          2,    7,         11.06,          3.50,       4.44,      44.41,    155.43,          9.82
       14,          3,    1,          5.55,          3.50,       2.48,      24.82,     86.93,          5.83
       14,          3,    2,          9.26,          3.50,       3.53,      35.32,    123.64,          8.58
       14,          3,    3,         10.50,          3.50,       4.06,      40.59,    142.07,          9.62
       14,          3,    4,         11.10,          3.50,       4.40,      43.95,    153.82,         10.02
       14,          3,    5,         11.54,          3.50,       4.71,      47.06,    164.73,         10.22
       14,          3,    6,         11.83,          3.50,       4.95,      49.51,    173.29,         10.29
       14,          3,    7,         11.76,          3.50,       5.19,      51.90,    181.66,          9.59
       14,          4,    1,          6.13,          3.50,       2.69,      26.90,     94.21,          5.96
       14,          4,    2,          9.84,          3.50,       3.89,      38.92,    136.22,          8.69
       14,          4,    3,         11.16,          3.50,       4.55,      45.55,    159.42,          9.74
       14,          4,    4,         11.84,          3.50,       5.01,      50.03,    175.09,         10.20
       14,          4,    5,         12.32,          3.50,       5.40,      54.04,    189.11,         10.41
       14,          4,    6,         12.63,          3.50,       5.70,      57.03,    199.61,         10.52
       14,          4,    7,         12.88,          3.50,       5.96,      59.61,    208.60,         10.58
       15,          1,    1,          4.04,          3.50,       2.11,      21.11,     73.94,          5.24
       15,          1,    2,          8.39,          3.50,       3.09,      30.87,    108.08,          8.36
       15,          1,    3,         10.05,          3.50,       3.59,      35.85,    125.50,         10.11
       15,          1,    4,         10.47,          3.50,       3.84,      38.37,    134.32,         10.25
       15,          1,    5,         10.89,          3.50,       4.00,      40.00,    140.00,         10.71
       15,          1,    6,         11.05,          3.50,       4.12,      41.22,    144.29,         10.71
       15,          1,    7,         11.16,          3.50,       4.24,      42.43,    148.51,         10.63
       15,          2,    1,          5.05,          3.50,       2.31,      23.14,     81.06,          5.75
       15,          2,    2,          9.13,          3.50,       3.37,      33.70,    117.98,          8.84
       15,          2,    3,         10.62,          3.50,       3.87,      38.71,    135.50,         10.47
       15,          2,    4,         11.16,          3.50,       4.13,      41.30,    144.55,         10.96
       15,          2,    5,         11.49,          3.50,       4.36,      43.53,    152.35,         11.12
       15,          2,    6,         11.72,          3.50,       4.54,      45.32,    158.63,         11.15
       15,          2,    7,         11.91,          3.50,       4.71,      47.05,    164.67,         11.16
       15,          3,    1,          6.02,          3.50,       2.53,      25.29,     88.59,          6.32
       15,          3,    2,          9.96,          3.50,       3.70,      36.99,    129.50,          9.52
       15,          3,    3,         11.31,          3.50,       4.29,      42.92,    150.23,         10.82
       15,          3,    4,         11.93,          3.50,       4.66,      46.54,    162.90,         11.33
       15,          3,    5,         12.38,          3.50,       4.99,      49.90,    174.65,         11.58
       15,          3,    6,         12.68,          3.50,       5.26,      52.59,    184.08,         11.68
       15,          3,    7,         12.95,          3.50,       5.52,      55.21,    193.23,         11.74
       15,          4,    1,          6.60,          3.50,       2.74,      27.41,     95.99,          6.47
       15,          4,    2,         10.55,          3.50,       4.08,      40.75,    142.62,          9.68
       15,          4,    3,         11.96,          3.50,       4.81,      48.04,    168.16,         11.00
       15,          4,    4,         12.67,          3.50,       5.31,      53.06,    185.69,         11.54
       15,          4,    5,         13.15,          3.50,       5.74,      57.38,    200.82,         11.77
       15,          4,    6,         13.53,          3.50,       6.07,      60.68,    212.33,         12.05
       15,          4,    7,         13.81,          3.50,       6.35,      63.50,    222.21,         12.21
       16,          1,    1,          4.62,          3.50,       2.14,      21.42,     75.04,          5.87
       16,          1,    2,          9.18,          3.50,       3.20,      31.99,    112.01,          9.59
       16,          1,    3,         10.84,          3.50,       3.79,      37.91,    132.71,         11.34
       16,          1,    4,         11.48,          3.50,       4.08,      40.79,    142.77,         12.01
       16,          1,    5,         11.64,          3.50,       4.26,      42.61,    149.15,         11.82
       16,          1,    6,         11.94,          3.50,       4.39,      43.90,    153.67,         12.22
       16,          1,    7,        -87.75,          3.50,       0.17,       1.70,      5.96,         -0.00
       16,          2,    1,          5.58,          3.50,       2.35,      23.53,     82.43,          6.34
       16,          2,    2,          9.95,          3.50,       3.51,      35.15,    123.06,         10.14
       16,          2,    3,         11.44,          3.50,       4.10,      41.01,    143.52,         11.79
       16,          2,    4,         12.02,          3.50,       4.40,      43.97,    153.91,         12.41
       16,          2,    5,         12.38,          3.50,       4.64,      46.39,    162.36,         12.64
       16,          2,    6,         12.61,          3.50,       4.82,      48.18,    168.61,         12.74
       16,          2,    7,         12.82,          3.50,       5.00,      50.04,    175.13,         12.78
       16,          3,    1,          6.34,          3.50,       2.57,      25.73,     90.11,          6.66
       16,          3,    2,         10.44,          3.50,       3.87,      38.72,    135.53,         10.06
       16,          3,    3,         12.12,          3.50,       4.55,      45.54,    159.40,         12.17
       16,          3,    4,         12.80,          3.50,       4.95,      49.51,    173.29,         12.88
       16,          3,    5,         13.28,          3.50,       5.31,      53.09,    185.81,         13.26
       16,          3,    6,        -27.52,          3.50,       1.14,      11.42,     39.99,          0.01
       16,          3,    7,        -26.46,          3.50,       1.21,      12.08,     42.33,          0.01
       16,          4,    1,        -40.49,          3.50,       0.78,       7.80,     27.33,          0.00
       16,          4,    2,        -35.73,          3.50,       0.85,       8.51,     29.82,          0.01
       16,          4,    3,        -32.63,          3.50,       0.92,       9.23,     32.35,          0.01
       16,          4,    4,        -30.24,          3.50,       1.00,      10.02,     35.10,          0.01
       16,          4,    5,        -28.98,          3.50,       1.07,      10.73,     37.59,          0.01
       16,          4,    6,        -27.51,          3.50,       1.15,      11.47,     40.18,          0.01
       16,          4,    7,        -26.54,          3.50,       1.22,      12.13,     42.52,          0.01
       17,          1,    1,        -40.15,          3.50,       0.79,       7.87,     27.57,          0.00
       17,          1,    2,        -34.75,          3.50,       0.85,       8.51,     29.83,          0.01
       17,          1,    3,        -31.77,          3.50,       0.92,       9.23,     32.36,          0.01
       17,          1,    4,        -29.63,          3.50,       0.99,       9.95,     34.88,          0.01
       17,          1,    5,        -28.30,          3.50,       1.06,      10.63,     37.24,          0.01
       17,          1,    6,        -27.20,          3.50,       1.13,      11.35,     39.76,          0.01
       17,          1,    7,        -26.24,          3.50,       1.20,      11.99,     42.01,          0.01
       17,          2,    1,        -40.24,          3.50,       0.78,       7.84,     27.47,          0.00
       17,          2,    2,        -35.18,          3.50,       0.85,       8.50,     29.80,          0.01
       17,          2,    3,        -32.30,          3.50,       0.92,       9.24,     32.36,          0.01
       17,          2,    4,        -30.15,          3.50,       1.00,       9.93,     34.81,          0.01
       17,          2,    5,        -28.71,          3.50,       1.06,      10.63,     37.25,          0.01
       17,          2,    6,        -27.61,          3.50,       1.14,      11.35,     39.75,          0.01
       17,          2,    7,        -26.75,          3.50,       1.20,      12.00,     42.04,          0.01
       17,          3,    1,        -40.55,          3.50,       0.78,       7.85,     27.49,          0.00
       17,          3,    2,        -35.55,          3.50,       0.85,       8.52,     29.84,          0.01
       17,          3,    3,        -32.72,          3.50,       0.92,       9.21,     32.28,          0.01
       17,          3,    4,        -30.26,          3.50,       1.00,       9.95,     34.87,          0.01
       17,          3,    5,        -28.74,          3.50,       1.06,      10.64,     37.29,          0.01
       17,          3,    6,         14.77,          3.50,       5.94,      59.36,    207.73,         16.39
       17,          3,    7,         15.13,          3.50,       6.24,      62.38,    218.26,         16.86
       17,          4,    1,          7.13,          3.50,       2.84,      28.40,     99.45,          6.98
       17,          4,    2,         11.86,          3.50,       4.43,      44.35,    155.21,         11.83
       17,          4,    3,         13.78,          3.50,       5.36,      53.61,    187.63,         14.75
       17,          4,    4,         14.72,          3.50,       5.92,      59.22,    207.25,         16.31
       17,          4,    5,         15.37,          3.50,       6.39,      63.90,    223.62,         17.39
       17,          4,    6,         15.78,          3.50,       6.74,      67.40,    235.78,         18.01
       17,          4,    7,         16.09,          3.50,       7.03,      70.28,    245.85,         18.45
       18,          1,    1,          4.98,          3.50,       2.19,      21.91,     76.75,          6.18
       18,          1,    2,         10.11,          3.50,       3.38,      33.80,    118.32,         11.09
       18,          1,    3,         12.41,          3.50,       4.18,      41.81,    146.36,         14.44
       18,          1,    4,         13.29,          3.50,       4.56,      45.55,    159.43,         15.95
       18,          1,    5,         13.67,          3.50,       4.76,      47.55,    166.43,         16.56
       18,          1,    6,         13.73,          3.50,       4.89,      48.92,    171.23,         16.24
       18,          1,    7,         14.01,          3.50,       5.02,      50.20,    175.72,         16.80
       18,          2,    1,          5.97,          3.50,       2.42,      24.16,     84.63,          6.71
       18,          2,    2,         11.10,          3.50,       3.76,      37.56,    131.49,         12.17
       18,          2,    3,         13.20,          3.50,       4.57,      45.70,    159.95,         15.58
       18,          2,    4,         13.99,          3.50,       4.94,      49.43,    172.98,         17.03
       18,          2,    5,         14.46,          3.50,       5.24,      52.36,    183.27,         17.73
       18,          2,    6,         14.76,          3.50,       5.46,      54.55,    190.93,         18.09
       18,          2,    7,         15.03,          3.50,       5.69,      56.95,    199.29,         18.34
       18,          3,    1,          6.74,          3.50,       2.65,      26.51,     92.83,          7.03
       18,          3,    2,         11.99,          3.50,       4.17,      41.69,    145.93,         13.15
       18,          3,    3,         14.09,          3.50,       5.08,      50.78,    177.73,         16.87
       18,          3,    4,         14.96,          3.50,       5.58,      55.84,    195.42,         18.46
       18,          3,    5,         15.57,          3.50,       6.04,      60.33,    211.12,         19.47
       18,          3,    6,         15.95,          3.50,       6.38,      63.80,    223.24,         19.94
       18,          3,    7,         16.35,          3.50,       6.72,      67.15,    234.93,         20.62
       18,          4,    1,          7.31,          3.50,       2.88,      28.79,    100.80,          7.17
       18,          4,    2,         12.77,          3.50,       4.58,      45.86,    160.52,         14.04
       18,          4,    3,         14.88,          3.50,       5.64,      56.41,    197.41,         17.90
       18,          4,    4,         15.89,          3.50,       6.28,      62.75,    219.57,         20.02
       18,          4,    5,         16.54,          3.50,       6.80,      67.95,    237.74,         21.24
       18,          4,    6,         16.94,          3.50,       7.17,      71.72,    250.87,         21.95
       18,          4,    7,         17.24,          3.50,       7.47,      74.74,    261.38,         22.46
       19,          1,    1,          5.10,          3.50,       2.22,      22.13,     77.52,          6.29
       19,          1,    2,         10.72,          3.50,       3.46,      34.54,    120.92,         12.42
       19,          1,    3,         13.28,          3.50,       4.37,      43.67,    152.86,         16.77
       19,          1,    4,         14.11,          3.50,       4.83,      48.32,    169.11,         18.00
       19,          1,    5,         14.80,          3.50,       5.10,      50.97,    178.39,         19.83
       19,          1,    6,         14.92,          3.50,       5.27,      52.74,    184.58,         19.57
       19,          1,    7,         15.24,          3.50,       5.43,      54.31,    190.06,         20.36
       19,          2,    1,          6.15,          3.50,       2.45,      24.46,     85.65,          6.91
       19,          2,    2,         11.59,          3.50,       3.87,      38.66,    135.31,         13.18
       19,          2,    3,         14.18,          3.50,       4.83,      48.33,    169.15,         18.30
       19,          2,    4,         15.10,          3.50,       5.32,      53.16,    186.07,         20.22
       19,          2,    5,         15.64,          3.50,       5.67,      56.69,    198.40,         21.26
       19,          2,    6,         15.97,          3.50,       5.93,      59.31,    207.58,         21.77
       19,          2,    7,         16.25,          3.50,       6.19,      61.92,    216.69,         22.13
       19,          3,    1,          7.02,          3.50,       2.68,      26.84,     93.99,          7.40
       19,          3,    2,         12.77,          3.50,       4.29,      42.95,    150.34,         15.20
       19,          3,    3,         15.11,          3.50,       5.39,      53.89,    188.60,         19.93
       19,          3,    4,         16.06,          3.50,       5.99,      59.85,    209.45,         21.99
       19,          3,    5,         16.69,          3.50,       6.48,      64.83,    226.82,         23.24
       19,          3,    6,         17.10,          3.50,       6.88,      68.73,    240.46,         23.93
       19,          3,    7,         17.17,          3.50,       7.23,      72.32,    252.97,         22.98
       19,          4,    1,          7.72,          3.50,       2.91,      29.11,    101.93,          7.76
       19,          4,    2,         13.59,          3.50,       4.72,      47.13,    164.95,         16.40
       19,          4,    3,         15.94,          3.50,       5.96,      59.61,    208.61,         21.45
       19,          4,    4,         16.93,          3.50,       6.69,      66.85,    233.90,         23.72
       19,          4,    5,         17.33,          3.50,       7.27,      72.72,    254.36,         23.67
       19,          4,    6,         17.99,          3.50,       7.68,      76.82,    268.64,         25.94
       19,          4,    7,         18.29,          3.50,       8.02,      80.15,    280.25,         26.50
       20,          1,    1,          5.63,          3.50,       2.24,      22.41,     78.50,          6.99
       20,          1,    2,         11.31,          3.50,       3.53,      35.29,    123.55,         13.89
       20,          1,    3,         13.88,          3.50,       4.56,      45.60,    159.60,         18.30
       20,          1,    4,         15.25,          3.50,       5.13,      51.31,    179.60,         21.83
       20,          1,    5,         15.79,          3.50,       5.46,      54.62,    191.15,         22.99
       20,          1,    6,         16.12,          3.50,       5.66,      56.64,    198.20,         23.78
       20,          1,    7,         16.33,          3.50,       5.84,      58.40,    204.40,         24.07
       20,          2,    1,          6.81,          3.50,       2.48,      24.82,     86.95,          7.88
       20,          2,    2,         12.44,          3.50,       3.96,      39.60,    138.62,         15.59
       20,          2,    3,         15.06,          3.50,       5.09,      50.93,    178.26,         21.05
       20,          2,    4,         16.12,          3.50,       5.70,      57.01,    199.52,         23.61
       20,          2,    5,         16.71,          3.50,       6.10,      61.03,    213.58,         24.99
       20,          2,    6,         16.99,          3.50,       6.40,      63.95,    223.77,         25.29
       20,          2,    7,         17.34,          3.50,       6.68,      66.83,    233.80,         26.12
       20,          3,    1,          7.82,          3.50,       2.72,      27.18,     95.18,          8.77
       20,          3,    2,         13.41,          3.50,       4.41,      44.05,    154.20,         17.14
       20,          3,    3,         15.99,          3.50,       5.69,      56.93,    199.25,         22.95
       20,          3,    4,         17.06,          3.50,       6.41,      64.10,    224.29,         25.66
       20,          3,    5,         17.72,          3.50,       6.97,      69.67,    243.71,         27.17
       20,          3,    6,         18.13,          3.50,       7.39,      73.84,    258.25,         28.04
       20,          3,    7,         18.48,          3.50,       7.77,      77.69,    271.66,         28.70
       20,          4,    1,          8.64,          3.50,       2.96,      29.55,    103.47,          9.45
       20,          4,    2,         14.23,          3.50,       4.84,      48.33,    169.18,         18.49
       20,          4,    3,         16.79,          3.50,       6.28,      62.78,    219.67,         24.65
       20,          4,    4,         17.89,          3.50,       7.13,      71.31,    249.44,         27.51
       20,          4,    5,         18.40,          3.50,       7.78,      77.81,    272.06,         28.13
       20,          4,    6,         18.97,          3.50,       8.25,      82.52,    288.54,         30.08
       20,          4,    7,         19.27,          3.50,       8.62,      86.22,    301.43,         30.71
       21,          1,    1,          6.65,          3.50,       2.27,      22.72,     79.56,          8.68
       21,          1,    2,         11.98,          3.50,       3.59,      35.92,    125.75,         15.88
       21,          1,    3,         14.52,          3.50,       4.70,      46.99,    164.48,         20.49
       21,          1,    4,         16.06,          3.50,       5.39,      53.93,    188.73,         24.84
       21,          1,    5,         16.69,          3.50,       5.77,      57.72,    202.01,         26.59
       21,          1,    6,         16.76,          3.50,       5.99,      59.94,    209.73,         25.89
       21,          1,    7,         17.22,          3.50,       6.18,      61.79,    216.26,         27.75
       21,          2,    1,          7.72,          3.50,       2.51,      25.15,     88.08,          9.59
       21,          2,    2,         13.05,          3.50,       4.04,      40.45,    141.56,         17.53
       21,          2,    3,         15.75,          3.50,       5.30,      52.97,    185.39,         23.64
       21,          2,    4,         16.98,          3.50,       6.03,      60.35,    211.18,         26.98
       21,          2,    5,         17.62,          3.50,       6.49,      64.85,    226.91,         28.81
       21,          2,    6,         17.98,          3.50,       6.80,      67.95,    237.70,         29.71
       21,          2,    7,         18.08,          3.50,       7.10,      70.97,    248.29,         28.97
       21,          3,    1,          8.66,          3.50,       2.76,      27.60,     96.66,         10.44
       21,          3,    2,         13.98,          3.50,       4.51,      45.09,    157.81,         19.03
       21,          3,    3,         16.69,          3.50,       5.95,      59.47,    208.13,         25.65
       21,          3,    4,         17.94,          3.50,       6.83,      68.32,    239.03,         29.27
       21,          3,    5,         18.44,          3.50,       7.45,      74.46,    260.46,         29.82
       21,          3,    6,         19.07,          3.50,       7.91,      79.06,    276.45,         32.28
       21,          3,    7,         19.42,          3.50,       8.33,      83.26,    291.09,         33.05
       21,          4,    1,          9.41,          3.50,       3.00,      29.96,    104.89,         11.09
       21,          4,    2,         14.52,          3.50,       4.95,      49.48,    173.20,         19.29
       21,          4,    3,         17.46,          3.50,       6.57,      65.67,    229.78,         27.40
       21,          4,    4,         18.74,          3.50,       7.60,      75.95,    265.59,         31.27
       21,          4,    5,         19.46,          3.50,       8.34,      83.35,    291.39,         33.31
       21,          4,    6,         19.89,          3.50,       8.86,      88.57,    309.64,         34.40
       21,          4,    7,         20.20,          3.50,       9.29,      92.88,    324.71,         35.08
       22,          1,    1,          7.35,          3.50,       2.29,      22.94,     80.37,         10.10
       22,          1,    2,         12.57,          3.50,       3.65,      36.48,    127.71,         17.88
       22,          1,    3,         15.31,          3.50,       4.80,      48.05,    168.18,         23.97
       22,          1,    4,         16.71,          3.50,       5.60,      55.99,    195.95,         27.69
       22,          1,    5,         17.18,          3.50,       6.05,      60.50,    211.74,         28.25
       22,          1,    6,         17.72,          3.50,       6.30,      62.96,    220.29,         30.55
       22,          1,    7,         17.67,          3.50,       6.50,      65.00,    227.46,         29.14
       22,          2,    1,          8.50,          3.50,       2.54,      25.38,     88.90,         11.36
       22,          2,    2,         13.64,          3.50,       4.11,      41.10,    143.85,         19.73
       22,          2,    3,         16.33,          3.50,       5.44,      54.42,    190.46,         26.23
       22,          2,    4,         17.68,          3.50,       6.31,      63.08,    220.74,         30.23
       22,          2,    5,         18.39,          3.50,       6.84,      68.36,    239.17,         32.49
       22,          2,    6,         18.59,          3.50,       7.16,      71.65,    250.62,         32.29
       22,          2,    7,         19.08,          3.50,       7.48,      74.75,    261.42,         34.47
       22,          3,    1,          9.40,          3.50,       2.79,      27.89,     97.66,         12.25
       22,          3,    2,         14.52,          3.50,       4.59,      45.91,    160.69,         21.10
       22,          3,    3,         17.24,          3.50,       6.13,      61.25,    214.34,         28.18
       22,          3,    4,         18.67,          3.50,       7.21,      72.04,    251.98,         32.67
       22,          3,    5,         19.46,          3.50,       7.92,      79.21,    276.96,         35.25
       22,          3,    6,         19.91,          3.50,       8.42,      84.15,    294.21,         36.61
       22,          3,    7,         20.27,          3.50,       8.88,      88.81,    310.48,         37.52
       22,          4,    1,         10.07,          3.50,       3.03,      30.29,    106.04,         12.78
       22,          4,    2,         15.23,          3.50,       5.05,      50.47,    176.66,         22.23
       22,          4,    3,         17.99,          3.50,       6.79,      67.86,    237.41,         29.83
       22,          4,    4,         19.47,          3.50,       8.05,      80.47,    281.36,         34.74
       22,          4,    5,         20.28,          3.50,       8.92,      89.16,    311.72,         37.40
       22,          4,    6,         20.57,          3.50,       9.52,      95.15,    332.62,         37.28
       22,          4,    7,         21.06,          3.50,      10.01,     100.09,    349.89,         39.51

