[Radio] Initializing ... success!
Connected to RF power monitor: Rohde&Schwarz,FPC1500,1328.6660K03/205785,V1.80
Connected to DC power monitor: radiolib-org,DCpowerMon,070dd3d
setCurrentLimit, code 0

Set [dBm],paDutyCycle,hpMax,Measured [dBm],Bus voltage[V],Voltage[mV],Current[mA],Power [mW],Efficiency [%]
       -9,          1,    1,        -17.06,          3.50,       0.95,       9.52,     33.35,          0.24
       -9,          1,    2,        -14.52,          3.50,       1.07,      10.69,     37.47,          0.28
       -9,          1,    3,        -13.63,          3.50,       1.16,      11.63,     40.75,          0.28
       -9,          1,    4,        -13.11,          3.50,       1.24,      12.45,     43.63,          0.26
       -9,          1,    5,        -12.78,          3.50,       1.32,      13.20,     46.25,          0.25
       -9,          1,    6,        -12.52,          3.50,       1.40,      13.95,     48.89,          0.23
       -9,          1,    7,        -12.26,          3.50,       1.47,      14.71,     51.54,          0.22
       -9,          2,    1,        -16.44,          3.50,       0.97,       9.69,     33.96,          0.25
       -9,          2,    2,        -14.05,          3.50,       1.10,      10.96,     38.41,          0.29
       -9,          2,    3,        -13.13,          3.50,       1.19,      11.93,     41.79,          0.29
       -9,          2,    4,        -12.64,          3.50,       1.28,      12.79,     44.83,          0.27
       -9,          2,    5,        -12.18,          3.50,       1.37,      13.66,     47.86,          0.26
       -9,          2,    6,        -11.90,          3.50,       1.45,      14.47,     50.70,          0.25
       -9,          2,    7,        -11.60,          3.50,       1.53,      15.26,     53.47,          0.24
       -9,          3,    1,        -15.89,          3.50,       1.00,       9.95,     34.87,          0.26
       -9,          3,    2,        -13.47,          3.50,       1.13,      11.33,     39.68,          0.30
       -9,          3,    3,        -12.44,          3.50,       1.24,      12.45,     43.62,          0.30
       -9,          3,    4,        -11.80,          3.50,       1.34,      13.45,     47.15,          0.30
       -9,          3,    5,        -11.31,          3.50,       1.44,      14.41,     50.48,          0.29
       -9,          3,    6,        -10.95,          3.50,       1.53,      15.24,     53.41,          0.28
       -9,          3,    7,        -10.66,          3.50,       1.61,      16.12,     56.47,          0.27
       -9,          4,    1,        -15.44,          3.50,       1.02,      10.15,     35.56,          0.26
       -9,          4,    2,        -12.91,          3.50,       1.18,      11.81,     41.40,          0.31
       -9,          4,    3,        -11.82,          3.50,       1.31,      13.05,     45.72,          0.31
       -9,          4,    4,        -11.14,          3.50,       1.41,      14.10,     49.40,          0.31
       -9,          4,    5,        -10.70,          3.50,       1.51,      15.11,     52.94,          0.30
       -9,          4,    6,        -10.37,          3.50,       1.60,      15.97,     55.95,          0.29
       -9,          4,    7,        -10.12,          3.50,       1.68,      16.79,     58.85,          0.28
       -8,          1,    1,        -15.78,          3.50,       0.98,       9.80,     34.35,          0.28
       -8,          1,    2,        -13.26,          3.50,       1.11,      11.10,     38.88,          0.34
       -8,          1,    3,        -12.39,          3.50,       1.20,      12.03,     42.14,          0.34
       -8,          1,    4,        -11.91,          3.50,       1.28,      12.85,     45.04,          0.32
       -8,          1,    5,        -11.59,          3.50,       1.36,      13.65,     47.83,          0.30
       -8,          1,    6,        -11.34,          3.50,       1.44,      14.41,     50.47,          0.29
       -8,          1,    7,        -11.11,          3.50,       1.52,      15.15,     53.08,          0.28
       -8,          2,    1,        -15.16,          3.50,       1.00,      10.02,     35.10,          0.30
       -8,          2,    2,        -12.77,          3.50,       1.14,      11.37,     39.86,          0.35
       -8,          2,    3,        -11.88,          3.50,       1.24,      12.38,     43.36,          0.35
       -8,          2,    4,        -11.37,          3.50,       1.33,      13.27,     46.48,          0.34
       -8,          2,    5,        -10.96,          3.50,       1.41,      14.11,     49.44,          0.33
       -8,          2,    6,        -10.67,          3.50,       1.50,      14.96,     52.40,          0.31
       -8,          2,    7,        -10.40,          3.50,       1.58,      15.76,     55.20,          0.30
       -8,          3,    1,        -14.92,          3.50,       1.03,      10.25,     35.92,          0.29
       -8,          3,    2,        -12.18,          3.50,       1.18,      11.80,     41.33,          0.37
       -8,          3,    3,        -11.17,          3.50,       1.30,      12.99,     45.51,          0.37
       -8,          3,    4,        -10.55,          3.50,       1.40,      13.98,     48.99,          0.36
       -8,          3,    5,        -10.08,          3.50,       1.50,      15.00,     52.56,          0.35
       -8,          3,    6,         -9.74,          3.50,       1.59,      15.90,     55.69,          0.34
       -8,          3,    7,         -9.45,          3.50,       1.67,      16.73,     58.61,          0.34
       -8,          4,    1,        -14.14,          3.50,       1.05,      10.54,     36.93,          0.32
       -8,          4,    2,        -11.81,          3.50,       1.23,      12.32,     43.17,          0.36
       -8,          4,    3,        -10.54,          3.50,       1.37,      13.68,     47.94,          0.38
       -8,          4,    4,         -9.87,          3.50,       1.48,      14.81,     51.88,          0.38
       -8,          4,    5,         -9.45,          3.50,       1.58,      15.79,     55.32,          0.37
       -8,          4,    6,         -9.13,          3.50,       1.67,      16.68,     58.43,          0.36
       -8,          4,    7,         -8.91,          3.50,       1.75,      17.52,     61.38,          0.35
       -7,          1,    1,        -14.71,          3.50,       1.01,      10.04,     35.21,          0.33
       -7,          1,    2,        -12.18,          3.50,       1.14,      11.44,     40.07,          0.40
       -7,          1,    3,        -11.33,          3.50,       1.24,      12.39,     43.42,          0.40
       -7,          1,    4,        -10.85,          3.50,       1.33,      13.24,     46.39,          0.38
       -7,          1,    5,        -10.55,          3.50,       1.40,      14.04,     49.19,          0.36
       -7,          1,    6,        -10.32,          3.50,       1.48,      14.81,     51.89,          0.34
       -7,          1,    7,        -10.10,          3.50,       1.56,      15.56,     54.52,          0.33
       -7,          2,    1,        -14.07,          3.50,       1.03,      10.28,     36.01,          0.35
       -7,          2,    2,        -11.69,          3.50,       1.17,      11.76,     41.20,          0.42
       -7,          2,    3,        -10.96,          3.50,       1.28,      12.82,     44.92,          0.40
       -7,          2,    4,        -10.30,          3.50,       1.37,      13.70,     48.00,          0.40
       -7,          2,    5,         -9.91,          3.50,       1.47,      14.66,     51.36,          0.39
       -7,          2,    6,         -9.63,          3.50,       1.55,      15.47,     54.20,          0.37
       -7,          2,    7,         -9.40,          3.50,       1.63,      16.30,     57.11,          0.36
       -7,          3,    1,        -13.51,          3.50,       1.06,      10.55,     36.96,          0.37
       -7,          3,    2,        -11.08,          3.50,       1.22,      12.23,     42.86,          0.43
       -7,          3,    3,        -10.09,          3.50,       1.35,      13.48,     47.23,          0.44
       -7,          3,    4,         -9.48,          3.50,       1.46,      14.59,     51.11,          0.43
       -7,          3,    5,         -9.02,          3.50,       1.56,      15.56,     54.50,          0.42
       -7,          3,    6,         -8.69,          3.50,       1.65,      16.51,     57.85,          0.41
       -7,          3,    7,         -8.41,          3.50,       1.74,      17.33,     60.71,          0.40
       -7,          4,    1,        -13.04,          3.50,       1.09,      10.93,     38.30,          0.37
       -7,          4,    2,        -10.53,          3.50,       1.29,      12.86,     45.04,          0.44
       -7,          4,    3,         -9.46,          3.50,       1.43,      14.26,     49.98,          0.45
       -7,          4,    4,         -8.80,          3.50,       1.55,      15.47,     54.19,          0.45
       -7,          4,    5,         -8.39,          3.50,       1.65,      16.49,     57.77,          0.44
       -7,          4,    6,         -8.08,          3.50,       1.74,      17.38,     60.90,          0.43
       -7,          4,    7,         -7.84,          3.50,       1.83,      18.33,     64.21,          0.42
       -6,          1,    1,        -13.73,          3.50,       1.03,      10.29,     36.06,          0.38
       -6,          1,    2,        -11.22,          3.50,       1.18,      11.82,     41.40,          0.46
       -6,          1,    3,        -10.37,          3.50,       1.28,      12.82,     44.93,          0.46
       -6,          1,    4,         -9.91,          3.50,       1.36,      13.64,     47.78,          0.45
       -6,          1,    5,         -9.61,          3.50,       1.45,      14.49,     50.75,          0.42
       -6,          1,    6,         -9.39,          3.50,       1.53,      15.26,     53.47,          0.40
       -6,          1,    7,         -9.18,          3.50,       1.60,      15.98,     55.99,          0.39
       -6,          2,    1,        -13.10,          3.50,       1.06,      10.57,     37.02,          0.40
       -6,          2,    2,        -10.71,          3.50,       1.22,      12.16,     42.61,          0.48
       -6,          2,    3,        -10.01,          3.50,       1.33,      13.27,     46.49,          0.46
       -6,          2,    4,         -9.34,          3.50,       1.42,      14.17,     49.66,          0.47
       -6,          2,    5,         -8.96,          3.50,       1.51,      15.12,     52.98,          0.45
       -6,          2,    6,         -8.88,          3.50,       1.60,      15.96,     55.94,          0.42
       -6,          2,    7,         -8.44,          3.50,       1.68,      16.78,     58.79,          0.42
       -6,          3,    1,        -12.53,          3.50,       1.09,      10.96,     38.40,          0.41
       -6,          3,    2,        -10.10,          3.50,       1.27,      12.70,     44.51,          0.50
       -6,          3,    3,         -9.11,          3.50,       1.40,      14.00,     49.06,          0.51
       -6,          3,    4,         -8.51,          3.50,       1.51,      15.13,     53.01,          0.50
       -6,          3,    5,         -8.30,          3.50,       1.62,      16.21,     56.80,          0.46
       -6,          3,    6,         -7.73,          3.50,       1.71,      17.11,     59.92,          0.48
       -6,          3,    7,         -7.47,          3.50,       1.81,      18.06,     63.28,          0.47
       -6,          4,    1,        -12.05,          3.50,       1.14,      11.36,     39.82,          0.41
       -6,          4,    2,         -9.53,          3.50,       1.34,      13.37,     46.86,          0.50
       -6,          4,    3,         -8.47,          3.50,       1.49,      14.90,     52.21,          0.52
       -6,          4,    4,         -7.83,          3.50,       1.62,      16.16,     56.61,          0.52
       -6,          4,    5,         -7.42,          3.50,       1.72,      17.17,     60.14,          0.51
       -6,          4,    6,         -7.11,          3.50,       1.82,      18.17,     63.66,          0.50
       -6,          4,    7,         -6.89,          3.50,       1.91,      19.06,     66.78,          0.49
       -5,          1,    1,        -12.08,          3.50,       1.08,      10.80,     37.85,          0.48
       -5,          1,    2,         -9.55,          3.50,       1.25,      12.49,     43.79,          0.59
       -5,          1,    3,         -8.72,          3.50,       1.36,      13.60,     47.64,          0.59
       -5,          1,    4,         -8.28,          3.50,       1.45,      14.51,     50.83,          0.57
       -5,          1,    5,         -8.00,          3.50,       1.53,      15.32,     53.67,          0.55
       -5,          1,    6,         -7.79,          3.50,       1.61,      16.10,     56.43,          0.53
       -5,          1,    7,         -7.60,          3.50,       1.69,      16.87,     59.09,          0.51
       -5,          2,    1,        -11.43,          3.50,       1.12,      11.23,     39.36,          0.50
       -5,          2,    2,         -9.04,          3.50,       1.30,      12.95,     45.38,          0.61
       -5,          2,    3,         -8.18,          3.50,       1.41,      14.15,     49.57,          0.62
       -5,          2,    4,         -7.69,          3.50,       1.51,      15.12,     52.97,          0.61
       -5,          2,    5,         -7.33,          3.50,       1.61,      16.12,     56.47,          0.58
       -5,          2,    6,         -7.07,          3.50,       1.70,      16.94,     59.35,          0.57
       -5,          2,    7,         -6.83,          3.50,       1.79,      17.86,     62.56,          0.55
       -5,          3,    1,        -10.85,          3.50,       1.16,      11.65,     40.83,          0.52
       -5,          3,    2,         -8.42,          3.50,       1.36,      13.63,     47.75,          0.63
       -5,          3,    3,         -7.44,          3.50,       1.51,      15.06,     52.75,          0.65
       -5,          3,    4,         -7.13,          3.50,       1.63,      16.26,     56.98,          0.60
       -5,          3,    5,         -6.50,          3.50,       1.74,      17.37,     60.84,          0.62
       -5,          3,    6,         -6.33,          3.50,       1.84,      18.38,     64.40,          0.59
       -5,          3,    7,         -5.85,          3.50,       1.93,      19.34,     67.73,          0.61
       -5,          4,    1,        -10.38,          3.50,       1.21,      12.11,     42.43,          0.52
       -5,          4,    2,         -7.85,          3.50,       1.45,      14.46,     50.67,          0.63
       -5,          4,    3,         -6.80,          3.50,       1.61,      16.11,     56.47,          0.66
       -5,          4,    4,         -6.16,          3.50,       1.74,      17.43,     61.07,          0.67
       -5,          4,    5,         -5.76,          3.50,       1.86,      18.63,     65.29,          0.66
       -5,          4,    6,         -5.46,          3.50,       1.97,      19.66,     68.87,          0.64
       -5,          4,    7,         -5.25,          3.50,       2.05,      20.54,     71.94,          0.63
       -4,          1,    1,        -11.67,          3.50,       1.11,      11.15,     39.06,          0.48
       -4,          1,    2,         -8.84,          3.50,       1.29,      12.89,     45.18,          0.65
       -4,          1,    3,         -8.01,          3.50,       1.40,      13.96,     48.90,          0.66
       -4,          1,    4,         -7.58,          3.50,       1.49,      14.88,     52.14,          0.64
       -4,          1,    5,         -7.56,          3.50,       1.57,      15.70,     55.01,          0.58
       -4,          1,    6,         -7.09,          3.50,       1.65,      16.54,     57.95,          0.59
       -4,          1,    7,         -6.91,          3.50,       1.73,      17.30,     60.61,          0.57
       -4,          2,    1,        -10.72,          3.50,       1.15,      11.50,     40.30,          0.55
       -4,          2,    2,         -8.32,          3.50,       1.34,      13.32,     46.66,          0.68
       -4,          2,    3,         -7.46,          3.50,       1.46,      14.57,     51.06,          0.69
       -4,          2,    4,         -6.98,          3.50,       1.56,      15.57,     54.55,          0.67
       -4,          2,    5,         -6.62,          3.50,       1.66,      16.56,     58.00,          0.66
       -4,          2,    6,         -6.36,          3.50,       1.74,      17.43,     61.06,          0.64
       -4,          2,    7,         -6.14,          3.50,       1.84,      18.37,     64.37,          0.62
       -4,          3,    1,        -10.43,          3.50,       1.20,      11.98,     41.98,          0.53
       -4,          3,    2,         -7.70,          3.50,       1.41,      14.05,     49.23,          0.70
       -4,          3,    3,         -6.72,          3.50,       1.56,      15.56,     54.53,          0.72
       -4,          3,    4,         -6.14,          3.50,       1.68,      16.77,     58.77,          0.72
       -4,          3,    5,         -5.71,          3.50,       1.80,      17.99,     63.01,          0.70
       -4,          3,    6,         -5.40,          3.50,       1.90,      19.01,     66.57,          0.69
       -4,          3,    7,         -5.15,          3.50,       2.00,      20.00,     70.07,          0.68
       -4,          4,    1,         -9.91,          3.50,       1.25,      12.48,     43.72,          0.54
       -4,          4,    2,         -7.13,          3.50,       1.49,      14.95,     52.36,          0.70
       -4,          4,    3,         -6.08,          3.50,       1.67,      16.69,     58.46,          0.73
       -4,          4,    4,         -5.63,          3.50,       1.81,      18.15,     63.57,          0.71
       -4,          4,    5,         -5.04,          3.50,       1.93,      19.32,     67.69,          0.73
       -4,          4,    6,         -4.75,          3.50,       2.03,      20.34,     71.26,          0.72
       -4,          4,    7,         -4.54,          3.50,       2.13,      21.33,     74.70,          0.71
       -3,          1,    1,        -10.72,          3.50,       1.14,      11.40,     39.94,          0.57
       -3,          1,    2,         -8.18,          3.50,       1.32,      13.23,     46.37,          0.71
       -3,          1,    3,         -7.53,          3.50,       1.44,      14.38,     50.39,          0.69
       -3,          1,    4,         -6.92,          3.50,       1.53,      15.27,     53.50,          0.71
       -3,          1,    5,         -6.89,          3.50,       1.61,      16.16,     56.60,          0.65
       -3,          1,    6,         -6.45,          3.50,       1.69,      16.94,     59.36,          0.66
       -3,          1,    7,         -6.27,          3.50,       1.77,      17.74,     62.14,          0.63
       -3,          2,    1,        -10.06,          3.50,       1.18,      11.83,     41.44,          0.60
       -3,          2,    2,         -7.66,          3.50,       1.37,      13.72,     48.09,          0.74
       -3,          2,    3,         -6.88,          3.50,       1.50,      15.01,     52.58,          0.74
       -3,          2,    4,         -6.32,          3.50,       1.61,      16.04,     56.21,          0.74
       -3,          2,    5,         -5.97,          3.50,       1.70,      17.03,     59.67,          0.73
       -3,          2,    6,         -5.71,          3.50,       1.80,      18.01,     63.11,          0.70
       -3,          2,    7,         -5.54,          3.50,       1.89,      18.89,     66.19,          0.68
       -3,          3,    1,         -9.48,          3.50,       1.23,      12.28,     43.05,          0.62
       -3,          3,    2,         -7.03,          3.50,       1.46,      14.55,     50.97,          0.76
       -3,          3,    3,         -6.06,          3.50,       1.61,      16.09,     56.38,          0.79
       -3,          3,    4,         -5.75,          3.50,       1.73,      17.32,     60.67,          0.74
       -3,          3,    5,         -5.05,          3.50,       1.86,      18.60,     65.15,          0.78
       -3,          3,    6,         -4.74,          3.50,       1.97,      19.66,     68.89,          0.76
       -3,          3,    7,         -4.48,          3.50,       2.06,      20.62,     72.24,          0.75
       -3,          4,    1,         -8.99,          3.50,       1.29,      12.87,     45.11,          0.62
       -3,          4,    2,         -6.45,          3.50,       1.55,      15.46,     54.18,          0.77
       -3,          4,    3,         -5.58,          3.50,       1.73,      17.31,     60.63,          0.77
       -3,          4,    4,         -4.77,          3.50,       1.88,      18.81,     65.88,          0.81
       -3,          4,    5,         -4.37,          3.50,       2.00,      20.06,     70.25,          0.80
       -3,          4,    6,         -4.08,          3.50,       2.11,      21.12,     73.97,          0.79
       -3,          4,    7,         -3.87,          3.50,       2.21,      22.07,     77.31,          0.78
       -2,          1,    1,         -9.55,          3.50,       1.19,      11.90,     41.71,          0.66
       -2,          1,    2,         -6.99,          3.50,       1.39,      13.90,     48.72,          0.84
       -2,          1,    3,         -6.16,          3.50,       1.51,      15.14,     53.05,          0.86
       -2,          1,    4,         -5.74,          3.50,       1.61,      16.08,     56.34,          0.85
       -2,          1,    5,         -5.47,          3.50,       1.70,      16.94,     59.35,          0.82
       -2,          1,    6,         -5.27,          3.50,       1.78,      17.79,     62.32,          0.79
       -2,          1,    7,         -5.10,          3.50,       1.86,      18.63,     65.27,          0.77
       -2,          2,    1,         -8.89,          3.50,       1.24,      12.40,     43.44,          0.70
       -2,          2,    2,         -6.46,          3.50,       1.46,      14.55,     50.97,          0.87
       -2,          2,    3,         -5.60,          3.50,       1.59,      15.85,     55.53,          0.90
       -2,          2,    4,         -5.13,          3.50,       1.69,      16.93,     59.32,          0.89
       -2,          2,    5,         -4.78,          3.50,       1.80,      18.04,     63.20,          0.87
       -2,          2,    6,         -4.53,          3.50,       1.90,      18.96,     66.41,          0.85
       -2,          2,    7,         -4.31,          3.50,       1.99,      19.93,     69.83,          0.83
       -2,          3,    1,         -8.30,          3.50,       1.30,      12.96,     45.42,          0.71
       -2,          3,    2,         -5.84,          3.50,       1.54,      15.44,     54.08,          0.89
       -2,          3,    3,         -4.86,          3.50,       1.71,      17.04,     59.69,          0.94
       -2,          3,    4,         -4.28,          3.50,       1.85,      18.48,     64.74,          0.93
       -2,          3,    5,         -3.85,          3.50,       1.98,      19.77,     69.24,          0.93
       -2,          3,    6,         -3.55,          3.50,       2.08,      20.81,     72.90,          0.92
       -2,          3,    7,         -3.30,          3.50,       2.19,      21.89,     76.67,          0.90
       -2,          4,    1,         -7.81,          3.50,       1.36,      13.58,     47.59,          0.73
       -2,          4,    2,         -5.26,          3.50,       1.65,      16.50,     57.83,          0.90
       -2,          4,    3,         -4.20,          3.50,       1.85,      18.51,     64.84,          0.95
       -2,          4,    4,         -3.57,          3.50,       2.01,      20.08,     70.36,          0.96
       -2,          4,    5,         -3.17,          3.50,       2.14,      21.40,     74.97,          0.96
       -2,          4,    6,         -2.89,          3.50,       2.25,      22.50,     78.82,          0.95
       -2,          4,    7,         -2.68,          3.50,       2.36,      23.55,     82.45,          0.94
       -1,          1,    1,         -8.79,          3.50,       1.24,      12.40,     43.46,          0.71
       -1,          1,    2,         -5.99,          3.50,       1.46,      14.62,     51.23,          0.96
       -1,          1,    3,         -5.16,          3.50,       1.58,      15.88,     55.64,          0.99
       -1,          1,    4,         -4.99,          3.50,       1.68,      16.84,     58.99,          0.93
       -1,          1,    5,         -4.48,          3.50,       1.78,      17.78,     62.29,          0.95
       -1,          1,    6,         -4.28,          3.50,       1.86,      18.64,     65.31,          0.92
       -1,          1,    7,         -4.11,          3.50,       1.95,      19.49,     68.28,          0.89
       -1,          2,    1,         -7.90,          3.50,       1.30,      12.98,     45.49,          0.79
       -1,          2,    2,         -5.45,          3.50,       1.53,      15.29,     53.56,          0.99
       -1,          2,    3,         -4.59,          3.50,       1.67,      16.70,     58.50,          1.03
       -1,          2,    4,         -4.12,          3.50,       1.78,      17.82,     62.41,          1.03
       -1,          2,    5,         -3.78,          3.50,       1.90,      18.97,     66.44,          1.01
       -1,          2,    6,         -3.78,          3.50,       2.00,      19.97,     69.96,          0.93
       -1,          2,    7,         -3.50,          3.50,       2.09,      20.90,     73.20,          0.93
       -1,          3,    1,         -7.59,          3.50,       1.36,      13.59,     47.63,          0.76
       -1,          3,    2,         -4.82,          3.50,       1.63,      16.28,     57.04,          1.02
       -1,          3,    3,         -3.84,          3.50,       1.81,      18.10,     63.42,          1.07
       -1,          3,    4,         -3.27,          3.50,       1.95,      19.54,     68.45,          1.08
       -1,          3,    5,         -2.85,          3.50,       2.09,      20.84,     73.01,          1.08
       -1,          3,    6,         -2.54,          3.50,       2.20,      22.01,     77.10,          1.07
       -1,          3,    7,         -2.30,          3.50,       2.32,      23.15,     81.08,          1.05
       -1,          4,    1,         -6.82,          3.50,       1.43,      14.32,     50.15,          0.82
       -1,          4,    2,         -4.24,          3.50,       1.74,      17.44,     61.11,          1.04
       -1,          4,    3,         -3.18,          3.50,       1.97,      19.68,     68.95,          1.09
       -1,          4,    4,         -2.56,          3.50,       2.14,      21.35,     74.81,          1.11
       -1,          4,    5,         -2.16,          3.50,       2.27,      22.72,     79.59,          1.11
       -1,          4,    6,         -1.87,          3.50,       2.39,      23.92,     83.80,          1.10
       -1,          4,    7,         -1.67,          3.50,       2.50,      25.02,     87.63,          1.08
        0,          1,    1,         -7.69,          3.50,       1.29,      12.93,     45.30,          0.84
        0,          1,    2,         -5.07,          3.50,       1.53,      15.31,     53.66,          1.08
        0,          1,    3,         -4.23,          3.50,       1.66,      16.64,     58.28,          1.13
        0,          1,    4,         -3.81,          3.50,       1.76,      17.59,     61.64,          1.13
        0,          1,    5,         -3.56,          3.50,       1.86,      18.62,     65.23,          1.09
        0,          1,    6,         -3.36,          3.50,       1.95,      19.51,     68.36,          1.06
        0,          1,    7,         -3.19,          3.50,       2.03,      20.29,     71.08,          1.04
        0,          2,    1,         -7.01,          3.50,       1.35,      13.52,     47.35,          0.89
        0,          2,    2,         -4.60,          3.50,       1.61,      16.05,     56.24,          1.10
        0,          2,    3,         -3.83,          3.50,       1.75,      17.55,     61.47,          1.13
        0,          2,    4,         -3.19,          3.50,       1.88,      18.74,     65.67,          1.18
        0,          2,    5,         -2.94,          3.50,       1.99,      19.91,     69.76,          1.13
        0,          2,    6,         -2.60,          3.50,       2.09,      20.87,     73.13,          1.14
        0,          2,    7,         -2.39,          3.50,       2.19,      21.90,     76.71,          1.11
        0,          3,    1,         -6.51,          3.50,       1.42,      14.22,     49.84,          0.89
        0,          3,    2,         -3.89,          3.50,       1.71,      17.12,     59.98,          1.16
        0,          3,    3,         -2.91,          3.50,       1.90,      19.05,     66.73,          1.22
        0,          3,    4,         -2.34,          3.50,       2.06,      20.56,     72.03,          1.24
        0,          3,    5,         -1.92,          3.50,       2.20,      22.00,     77.06,          1.23
        0,          3,    6,         -1.62,          3.50,       2.33,      23.26,     81.47,          1.22
        0,          3,    7,         -1.38,          3.50,       2.44,      24.38,     85.37,          1.20
        0,          4,    1,         -5.92,          3.50,       1.51,      15.03,     52.67,          0.92
        0,          4,    2,         -3.32,          3.50,       1.85,      18.49,     64.76,          1.17
        0,          4,    3,         -2.25,          3.50,       2.08,      20.77,     72.74,          1.24
        0,          4,    4,         -1.62,          3.50,       2.26,      22.60,     79.13,          1.27
        0,          4,    5,         -1.22,          3.50,       2.41,      24.07,     84.32,          1.27
        0,          4,    6,         -0.94,          3.50,       2.54,      25.35,     88.76,          1.26
        0,          4,    7,         -0.96,          3.50,       2.65,      26.50,     92.80,          1.18
        1,          1,    1,         -6.90,          3.50,       1.34,      13.39,     46.92,          0.93
        1,          1,    2,         -4.24,          3.50,       1.60,      15.99,     56.04,          1.21
        1,          1,    3,         -3.53,          3.50,       1.74,      17.37,     60.86,          1.24
        1,          1,    4,         -2.98,          3.50,       1.84,      18.45,     64.62,          1.27
        1,          1,    5,         -2.73,          3.50,       1.95,      19.43,     68.07,          1.24
        1,          1,    6,         -2.54,          3.50,       2.03,      20.28,     71.05,          1.21
        1,          1,    7,         -2.37,          3.50,       2.12,      21.19,     74.22,          1.18
        1,          2,    1,         -6.21,          3.50,       1.41,      14.04,     49.21,          0.99
        1,          2,    2,         -3.99,          3.50,       1.68,      16.77,     58.74,          1.18
        1,          2,    3,         -2.82,          3.50,       1.84,      18.40,     64.44,          1.32
        1,          2,    4,         -2.35,          3.50,       1.97,      19.64,     68.80,          1.33
        1,          2,    5,         -2.02,          3.50,       2.08,      20.81,     72.90,          1.31
        1,          2,    6,         -1.77,          3.50,       2.19,      21.88,     76.63,          1.29
        1,          2,    7,         -1.85,          3.50,       2.29,      22.94,     80.35,          1.18
        1,          3,    1,         -5.61,          3.50,       1.49,      14.86,     52.05,          1.01
        1,          3,    2,         -3.37,          3.50,       1.80,      18.00,     63.07,          1.21
        1,          3,    3,         -2.41,          3.50,       2.00,      20.04,     70.20,          1.27
        1,          3,    4,         -1.68,          3.50,       2.16,      21.64,     75.78,          1.34
        1,          3,    5,         -1.09,          3.50,       2.32,      23.17,     81.14,          1.38
        1,          3,    6,         -0.99,          3.50,       2.44,      24.42,     85.54,          1.31
        1,          3,    7,         -0.55,          3.50,       2.56,      25.63,     89.73,          1.36
        1,          4,    1,         -5.12,          3.50,       1.57,      15.72,     55.08,          1.02
        1,          4,    2,         -2.60,          3.50,       1.94,      19.48,     68.25,          1.26
        1,          4,    3,         -1.41,          3.50,       2.19,      21.93,     76.79,          1.39
        1,          4,    4,         -0.78,          3.50,       2.38,      23.82,     83.42,          1.43
        1,          4,    5,         -0.38,          3.50,       2.54,      25.41,     89.00,          1.43
        1,          4,    6,         -0.10,          3.50,       2.68,      26.78,     93.80,          1.42
        1,          4,    7,          0.10,          3.50,       2.79,      27.91,     97.75,          1.40
        2,          1,    1,         -5.87,          3.50,       1.41,      14.09,     49.35,          1.06
        2,          1,    2,         -3.14,          3.50,       1.70,      16.96,     59.41,          1.40
        2,          1,    3,         -2.28,          3.50,       1.85,      18.49,     64.79,          1.48
        2,          1,    4,         -2.03,          3.50,       1.96,      19.63,     68.76,          1.43
        2,          1,    5,         -1.61,          3.50,       2.06,      20.60,     72.16,          1.46
        2,          1,    6,         -1.43,          3.50,       2.15,      21.50,     75.32,          1.43
        2,          1,    7,         -1.27,          3.50,       2.24,      22.40,     78.48,          1.39
        2,          2,    1,         -5.17,          3.50,       1.49,      14.90,     52.19,          1.11
        2,          2,    2,         -2.62,          3.50,       1.79,      17.88,     62.65,          1.45
        2,          2,    3,         -1.71,          3.50,       1.96,      19.65,     68.83,          1.54
        2,          2,    4,         -1.24,          3.50,       2.09,      20.90,     73.22,          1.55
        2,          2,    5,         -0.91,          3.50,       2.22,      22.15,     77.58,          1.54
        2,          2,    6,         -0.67,          3.50,       2.33,      23.28,     81.54,          1.51
        2,          2,    7,         -0.46,          3.50,       2.44,      24.38,     85.37,          1.49
        2,          3,    1,         -4.56,          3.50,       1.57,      15.72,     55.09,          1.16
        2,          3,    2,         -1.97,          3.50,       1.93,      19.26,     67.46,          1.49
        2,          3,    3,         -0.97,          3.50,       2.15,      21.46,     75.16,          1.59
        2,          3,    4,         -0.39,          3.50,       2.32,      23.18,     81.19,          1.62
        2,          3,    5,         -0.28,          3.50,       2.48,      24.83,     86.97,          1.51
        2,          3,    6,          0.32,          3.50,       2.62,      26.16,     91.59,          1.61
        2,          3,    7,          0.56,          3.50,       2.74,      27.39,     95.94,          1.60
        2,          4,    1,         -4.37,          3.50,       1.67,      16.69,     58.46,          1.09
        2,          4,    2,         -1.62,          3.50,       2.08,      20.83,     72.96,          1.43
        2,          4,    3,         -0.58,          3.50,       2.36,      23.57,     82.55,          1.52
        2,          4,    4,          0.33,          3.50,       2.57,      25.69,     89.95,          1.66
        2,          4,    5,          0.74,          3.50,       2.74,      27.35,     95.78,          1.67
        2,          4,    6,          1.02,          3.50,       2.88,      28.79,    100.81,          1.67
        2,          4,    7,          1.23,          3.50,       3.00,      29.98,    104.95,          1.66
        3,          1,    1,         -5.51,          3.50,       1.46,      14.59,     51.11,          1.08
        3,          1,    2,         -2.77,          3.50,       1.76,      17.59,     61.62,          1.45
        3,          1,    3,         -1.62,          3.50,       1.92,      19.24,     67.39,          1.63
        3,          1,    4,         -1.20,          3.50,       2.04,      20.37,     71.35,          1.64
        3,          1,    5,         -0.95,          3.50,       2.14,      21.40,     74.97,          1.61
        3,          1,    6,         -0.77,          3.50,       2.23,      22.29,     78.07,          1.58
        3,          1,    7,         -0.61,          3.50,       2.32,      23.24,     81.37,          1.54
        3,          2,    1,         -4.60,          3.50,       1.54,      15.38,     53.87,          1.20
        3,          2,    2,         -1.93,          3.50,       1.86,      18.62,     65.21,          1.59
        3,          2,    3,         -1.04,          3.50,       2.04,      20.38,     71.40,          1.70
        3,          2,    4,         -0.57,          3.50,       2.18,      21.76,     76.23,          1.71
        3,          2,    5,         -0.24,          3.50,       2.31,      23.08,     80.84,          1.69
        3,          2,    6,         -0.01,          3.50,       2.42,      24.17,     84.65,          1.67
        3,          2,    7,          0.18,          3.50,       2.53,      25.35,     88.79,          1.63
        3,          3,    1,         -3.94,          3.50,       1.63,      16.35,     57.30,          1.25
        3,          3,    2,         -1.30,          3.50,       2.00,      20.05,     70.23,          1.64
        3,          3,    3,         -0.30,          3.50,       2.24,      22.38,     78.37,          1.75
        3,          3,    4,          0.27,          3.50,       2.42,      24.15,     84.57,          1.79
        3,          3,    5,          0.69,          3.50,       2.59,      25.88,     90.62,          1.78
        3,          3,    6,          0.99,          3.50,       2.72,      27.22,     95.35,          1.78
        3,          3,    7,          1.23,          3.50,       2.86,      28.58,    100.06,          1.77
        3,          4,    1,         -3.44,          3.50,       1.73,      17.32,     60.67,          1.26
        3,          4,    2,         -0.72,          3.50,       2.18,      21.77,     76.27,          1.65
        3,          4,    3,          0.37,          3.50,       2.47,      24.69,     86.47,          1.77
        3,          4,    4,          1.00,          3.50,       2.68,      26.84,     93.98,          1.82
        3,          4,    5,          1.41,          3.50,       2.86,      28.59,    100.10,          1.84
        3,          4,    6,          1.70,          3.50,       3.00,      30.04,    105.19,          1.84
        3,          4,    7,          1.91,          3.50,       3.13,      31.28,    109.53,          1.83
        4,          1,    1,         -4.21,          3.50,       1.54,      15.43,     54.07,          1.31
        4,          1,    2,         -1.32,          3.50,       1.89,      18.92,     66.28,          1.79
        4,          1,    3,         -0.43,          3.50,       2.06,      20.63,     72.26,          1.92
        4,          1,    4,         -0.00,          3.50,       2.18,      21.85,     76.54,          1.94
        4,          1,    5,          0.24,          3.50,       2.29,      22.89,     80.17,          1.92
        4,          1,    6,          0.42,          3.50,       2.38,      23.84,     83.49,          1.88
        4,          1,    7,          0.57,          3.50,       2.48,      24.85,     87.00,          1.84
        4,          2,    1,         -3.48,          3.50,       1.64,      16.38,     57.38,          1.39
        4,          2,    2,         -0.76,          3.50,       2.00,      20.04,     70.18,          1.86
        4,          2,    3,          0.15,          3.50,       2.20,      21.98,     76.98,          1.99
        4,          2,    4,          0.62,          3.50,       2.34,      23.39,     81.92,          2.03
        4,          2,    5,          0.95,          3.50,       2.48,      24.80,     86.85,          2.01
        4,          2,    6,          1.18,          3.50,       2.59,      25.93,     90.79,          2.00
        4,          2,    7,          1.39,          3.50,       2.71,      27.09,     94.89,          1.97
        4,          3,    1,         -3.06,          3.50,       1.74,      17.38,     60.88,          1.38
        4,          3,    2,         -0.13,          3.50,       2.16,      21.60,     75.65,          1.91
        4,          3,    3,          0.66,          3.50,       2.41,      24.13,     84.50,          1.96
        4,          3,    4,          1.47,          3.50,       2.61,      26.04,     91.20,          2.12
        4,          3,    5,          1.89,          3.50,       2.78,      27.79,     97.31,          2.13
        4,          3,    6,          2.19,          3.50,       2.93,      29.27,    102.47,          2.14
        4,          3,    7,          2.43,          3.50,       3.06,      30.60,    107.14,          2.13
        4,          4,    1,         -2.49,          3.50,       1.86,      18.58,     65.09,          1.40
        4,          4,    2,          0.19,          3.50,       2.35,      23.50,     82.31,          1.82
        4,          4,    3,          1.58,          3.50,       2.67,      26.67,     93.39,          2.10
        4,          4,    4,          2.23,          3.50,       2.90,      28.97,    101.44,          2.18
        4,          4,    5,          2.65,          3.50,       3.08,      30.76,    107.69,          2.22
        4,          4,    6,          2.94,          3.50,       3.23,      32.33,    113.17,          2.23
        4,          4,    7,          3.11,          3.50,       3.36,      33.56,    117.49,          2.21
        5,          1,    1,         -3.54,          3.50,       1.60,      16.00,     56.07,          1.43
        5,          1,    2,         -0.57,          3.50,       1.98,      19.84,     69.51,          1.97
        5,          1,    3,          0.35,          3.50,       2.16,      21.62,     75.70,          2.14
        5,          1,    4,          0.78,          3.50,       2.29,      22.88,     80.13,          2.17
        5,          1,    5,          1.02,          3.50,       2.39,      23.95,     83.86,          2.15
        5,          1,    6,          1.20,          3.50,       2.49,      24.93,     87.32,          2.12
        5,          1,    7,          1.35,          3.50,       2.59,      25.90,     90.70,          2.08
        5,          2,    1,         -2.79,          3.50,       1.70,      17.02,     59.63,          1.52
        5,          2,    2,          0.00,          3.50,       2.09,      20.95,     73.41,          2.07
        5,          2,    3,          0.92,          3.50,       2.31,      23.05,     80.72,          2.22
        5,          2,    4,          1.36,          3.50,       2.45,      24.47,     85.68,          2.25
        5,          2,    5,          1.73,          3.50,       2.59,      25.88,     90.61,          2.27
        5,          2,    6,          1.96,          3.50,       2.71,      27.08,     94.82,          2.25
        5,          2,    7,          2.17,          3.50,       2.83,      28.29,     99.04,          2.22
        5,          3,    1,         -2.16,          3.50,       1.82,      18.20,     63.75,          1.57
        5,          3,    2,          0.64,          3.50,       2.26,      22.62,     79.22,          2.14
        5,          3,    3,          1.68,          3.50,       2.53,      25.32,     88.65,          2.31
        5,          3,    4,          2.25,          3.50,       2.72,      27.25,     95.41,          2.38
        5,          3,    5,          2.69,          3.50,       2.91,      29.05,    101.70,          2.42
        5,          3,    6,          2.99,          3.50,       3.05,      30.53,    106.87,          2.43
        5,          3,    7,          3.24,          3.50,       3.19,      31.93,    111.77,          2.43
        5,          4,    1,         -1.65,          3.50,       1.94,      19.41,     68.01,          1.59
        5,          4,    2,          1.25,          3.50,       2.47,      24.72,     86.58,          2.16
        5,          4,    3,          2.40,          3.50,       2.79,      27.96,     97.90,          2.38
        5,          4,    4,          3.00,          3.50,       3.03,      30.27,    105.99,          2.46
        5,          4,    5,          3.47,          3.50,       3.22,      32.19,    112.70,          2.53
        5,          4,    6,          3.77,          3.50,       3.37,      33.71,    118.02,          2.56
        5,          4,    7,          3.98,          3.50,       3.50,      35.03,    122.62,          2.56
        6,          1,    1,         -2.75,          3.50,       1.67,      16.74,     58.64,          1.58
        6,          1,    2,          0.38,          3.50,       2.09,      20.90,     73.23,          2.26
        6,          1,    3,          1.33,          3.50,       2.29,      22.85,     80.04,          2.47
        6,          1,    4,          1.48,          3.50,       2.41,      24.08,     84.35,          2.37
        6,          1,    5,          1.70,          3.50,       2.52,      25.23,     88.38,          2.34
        6,          1,    6,          2.18,          3.50,       2.62,      26.21,     91.81,          2.47
        6,          1,    7,          2.33,          3.50,       2.72,      27.18,     95.19,          2.44
        6,          2,    1,         -2.26,          3.50,       1.79,      17.87,     62.59,          1.58
        6,          2,    2,          0.96,          3.50,       2.22,      22.14,     77.55,          2.38
        6,          2,    3,          1.63,          3.50,       2.43,      24.28,     85.02,          2.43
        6,          2,    4,          2.39,          3.50,       2.58,      25.77,     90.24,          2.66
        6,          2,    5,          2.71,          3.50,       2.72,      27.18,     95.20,          2.66
        6,          2,    6,          2.88,          3.50,       2.84,      28.42,     99.50,          2.61
        6,          2,    7,          3.15,          3.50,       2.96,      29.65,    103.81,          2.62
        6,          3,    1,         -1.31,          3.50,       1.91,      19.12,     66.98,          1.76
        6,          3,    2,          1.62,          3.50,       2.39,      23.91,     83.74,          2.47
        6,          3,    3,          2.48,          3.50,       2.67,      26.68,     93.43,          2.58
        6,          3,    4,          3.26,          3.50,       2.87,      28.67,    100.41,          2.81
        6,          3,    5,          3.69,          3.50,       3.05,      30.52,    106.88,          2.85
        6,          3,    6,          3.99,          3.50,       3.21,      32.09,    112.35,          2.86
        6,          3,    7,          4.23,          3.50,       3.35,      33.51,    117.30,          2.87
        6,          4,    1,         -0.77,          3.50,       2.04,      20.42,     71.55,          1.79
        6,          4,    2,          2.25,          3.50,       2.60,      26.05,     91.21,          2.53
        6,          4,    3,          3.41,          3.50,       2.95,      29.46,    103.14,          2.80
        6,          4,    4,          4.06,          3.50,       3.19,      31.91,    111.71,          2.93
        6,          4,    5,          4.49,          3.50,       3.39,      33.90,    118.68,          3.00
        6,          4,    6,          4.59,          3.50,       3.55,      35.54,    124.41,          2.89
        6,          4,    7,          4.81,          3.50,       3.69,      36.90,    129.18,          2.90
        7,          1,    1,         -1.93,          3.50,       1.75,      17.47,     61.22,          1.77
        7,          1,    2,          1.48,          3.50,       2.21,      22.06,     77.27,          2.69
        7,          1,    3,          2.47,          3.50,       2.41,      24.10,     84.42,          2.98
        7,          1,    4,          2.91,          3.50,       2.54,      25.42,     89.03,          3.06
        7,          1,    5,          3.13,          3.50,       2.65,      26.56,     92.98,          3.03
        7,          1,    6,          3.31,          3.50,       2.75,      27.52,     96.38,          3.01
        7,          1,    7,          3.45,          3.50,       2.85,      28.48,     99.71,          2.97
        7,          2,    1,         -1.01,          3.50,       1.88,      18.75,     65.68,          1.95
        7,          2,    2,          2.09,          3.50,       2.34,      23.40,     81.95,          2.84
        7,          2,    3,          3.05,          3.50,       2.56,      25.61,     89.70,          3.12
        7,          2,    4,          3.52,          3.50,       2.71,      27.13,     94.99,          3.21
        7,          2,    5,          3.84,          3.50,       2.87,      28.64,    100.29,          3.22
        7,          2,    6,          4.07,          3.50,       2.98,      29.86,    104.56,          3.21
        7,          2,    7,          4.26,          3.50,       3.11,      31.07,    108.76,          3.19
        7,          3,    1,         -0.31,          3.50,       2.01,      20.09,     70.37,          2.05
        7,          3,    2,          2.75,          3.50,       2.53,      25.26,     88.48,          2.97
        7,          3,    3,          3.82,          3.50,       2.82,      28.16,     98.61,          3.27
        7,          3,    4,          4.37,          3.50,       3.03,      30.24,    105.89,          3.38
        7,          3,    5,          4.59,          3.50,       3.22,      32.22,    112.80,          3.27
        7,          3,    6,          5.10,          3.50,       3.38,      33.80,    118.32,          3.46
        7,          3,    7,          5.04,          3.50,       3.53,      35.33,    123.70,          3.23
        7,          4,    1,          0.27,          3.50,       2.15,      21.48,     75.22,          2.12
        7,          4,    2,          3.39,          3.50,       2.75,      27.50,     96.30,          3.06
        7,          4,    3,          4.54,          3.50,       3.11,      31.14,    109.02,          3.38
        7,          4,    4,          5.18,          3.50,       3.38,      33.80,    118.30,          3.53
        7,          4,    5,          5.61,          3.50,       3.59,      35.95,    125.86,          3.60
        7,          4,    6,          5.90,          3.50,       3.77,      37.69,    131.93,          3.63
        7,          4,    7,          6.11,          3.50,       3.92,      39.19,    137.17,          3.64
        8,          1,    1,         -0.93,          3.50,       1.81,      18.12,     63.48,          2.10
        8,          1,    2,          2.52,          3.50,       2.30,      23.02,     80.64,          3.21
        8,          1,    3,          3.52,          3.50,       2.52,      25.20,     88.26,          3.56
        8,          1,    4,          3.95,          3.50,       2.66,      26.56,     92.99,          3.66
        8,          1,    5,          4.18,          3.50,       2.77,      27.68,     96.94,          3.64
        8,          1,    6,          4.34,          3.50,       2.87,      28.67,    100.39,          3.61
        8,          1,    7,          4.48,          3.50,       2.97,      29.68,    103.95,          3.56
        8,          2,    1,         -0.33,          3.50,       1.95,      19.44,     68.11,          2.15
        8,          2,    2,          3.12,          3.50,       2.44,      24.41,     85.47,          3.39
        8,          2,    3,          4.08,          3.50,       2.68,      26.77,     93.76,          3.73
        8,          2,    4,          4.31,          3.50,       2.84,      28.40,     99.45,          3.63
        8,          2,    5,          4.86,          3.50,       2.99,      29.91,    104.73,          3.84
        8,          2,    6,          5.07,          3.50,       3.11,      31.13,    108.99,          3.83
        8,          2,    7,          4.96,          3.50,       3.25,      32.44,    113.57,          3.55
        8,          3,    1,          0.46,          3.50,       2.08,      20.82,     72.92,          2.32
        8,          3,    2,          3.77,          3.50,       2.64,      26.44,     92.59,          3.53
        8,          3,    3,          4.83,          3.50,       2.95,      29.50,    103.30,          3.88
        8,          3,    4,          5.39,          3.50,       3.17,      31.72,    111.05,          4.02
        8,          3,    5,          5.47,          3.50,       3.38,      33.75,    118.15,          3.79
        8,          3,    6,          6.08,          3.50,       3.54,      35.44,    124.05,          4.10
        8,          3,    7,          6.15,          3.50,       3.70,      37.02,    129.57,          3.94
        8,          4,    1,          1.26,          3.50,       2.24,      22.34,     78.26,          2.50
        8,          4,    2,          4.39,          3.50,       2.89,      28.87,    101.10,          3.61
        8,          4,    3,          5.54,          3.50,       3.28,      32.78,    114.75,          3.98
        8,          4,    4,          6.17,          3.50,       3.56,      35.55,    124.45,          4.16
        8,          4,    5,          6.59,          3.50,       3.79,      37.87,    132.56,          4.24
        8,          4,    6,          6.88,          3.50,       3.98,      39.75,    139.14,          4.27
        8,          4,    7,          7.09,          3.50,       4.13,      41.32,    144.64,          4.27
        9,          1,    1,          0.13,          3.50,       1.86,      18.63,     65.28,          2.57
        9,          1,    2,          3.59,          3.50,       2.40,      24.01,     84.10,          3.88
        9,          1,    3,          4.60,          3.50,       2.64,      26.43,     92.54,          4.29
        9,          1,    4,          5.03,          3.50,       2.78,      27.83,     97.44,          4.41
        9,          1,    5,          5.26,          3.50,       2.90,      28.97,    101.44,          4.41
        9,          1,    6,          5.18,          3.50,       3.00,      30.00,    105.04,          4.13
        9,          1,    7,          5.55,          3.50,       3.10,      30.97,    108.43,          4.31
        9,          2,    1,          0.97,          3.50,       2.01,      20.08,     70.36,          2.76
        9,          2,    2,          4.18,          3.50,       2.56,      25.53,     89.41,          4.07
        9,          2,    3,          5.15,          3.50,       2.81,      28.14,     98.52,          4.46
        9,          2,    4,          5.61,          3.50,       2.98,      29.78,    104.28,          4.59
        9,          2,    5,          5.92,          3.50,       3.14,      31.38,    109.86,          4.61
        9,          2,    6,          6.07,          3.50,       3.27,      32.70,    114.46,          4.53
        9,          2,    7,          6.32,          3.50,       3.40,      34.00,    119.03,          4.56
        9,          3,    1,          1.71,          3.50,       2.16,      21.59,     75.62,          2.94
        9,          3,    2,          4.83,          3.50,       2.77,      27.73,     97.09,          4.23
        9,          3,    3,          5.88,          3.50,       3.10,      31.00,    108.53,          4.65
        9,          3,    4,          6.43,          3.50,       3.34,      33.35,    116.74,          4.80
        9,          3,    5,          6.84,          3.50,       3.56,      35.56,    124.49,          4.86
        9,          3,    6,          7.03,          3.50,       3.73,      37.31,    130.62,          4.79
        9,          3,    7,          7.15,          3.50,       3.90,      39.06,    136.70,          4.65
        9,          4,    1,          2.29,          3.50,       2.32,      23.20,     81.27,          3.01
        9,          4,    2,          5.43,          3.50,       3.04,      30.36,    106.29,          4.30
        9,          4,    3,          6.57,          3.50,       3.45,      34.55,    120.95,          4.74
        9,          4,    4,          7.20,          3.50,       3.76,      37.56,    131.49,          4.93
        9,          4,    5,          7.62,          3.50,       4.02,      40.14,    140.51,          5.00
        9,          4,    6,          7.59,          3.50,       4.22,      42.15,    147.52,          4.69
        9,          4,    7,          8.12,          3.50,       4.38,      43.76,    153.17,          5.06
       10,          1,    1,          1.04,          3.50,       1.91,      19.10,     66.92,          3.04
       10,          1,    2,          4.52,          3.50,       2.50,      24.99,     87.55,          4.54
       10,          1,    3,          5.55,          3.50,       2.76,      27.58,     96.60,          5.02
       10,          1,    4,          5.98,          3.50,       2.91,      29.08,    101.81,          5.18
       10,          1,    5,          6.21,          3.50,       3.03,      30.29,    106.03,          5.17
       10,          1,    6,          6.37,          3.50,       3.13,      31.34,    109.72,          5.13
       10,          1,    7,          6.49,          3.50,       3.24,      32.39,    113.39,          5.06
       10,          2,    1,          1.90,          3.50,       2.06,      20.59,     72.12,          3.29
       10,          2,    2,          5.11,          3.50,       2.67,      26.67,     93.39,          4.76
       10,          2,    3,          6.09,          3.50,       2.94,      29.44,    103.08,          5.22
       10,          2,    4,          6.55,          3.50,       3.12,      31.18,    109.17,          5.38
       10,          2,    5,          6.86,          3.50,       3.29,      32.87,    115.08,          5.39
       10,          2,    6,          7.07,          3.50,       3.42,      34.20,    119.73,          5.38
       10,          2,    7,          7.25,          3.50,       3.55,      35.53,    124.38,          5.35
       10,          3,    1,          2.60,          3.50,       2.22,      22.23,     77.84,          3.45
       10,          3,    2,          5.75,          3.50,       2.90,      28.99,    101.51,          4.91
       10,          3,    3,          6.81,          3.50,       3.25,      32.54,    113.90,          5.40
       10,          3,    4,          7.35,          3.50,       3.50,      34.99,    122.51,          5.58
       10,          3,    5,          7.76,          3.50,       3.73,      37.32,    130.62,          5.65
       10,          3,    6,          8.03,          3.50,       3.92,      39.20,    137.21,          5.67
       10,          3,    7,          8.27,          3.50,       4.10,      41.00,    143.50,          5.67
       10,          4,    1,          3.17,          3.50,       2.39,      23.96,     83.88,          3.52
       10,          4,    2,          6.34,          3.50,       3.18,      31.80,    111.32,          4.99
       10,          4,    3,          7.49,          3.50,       3.63,      36.29,    127.05,          5.49
       10,          4,    4,          8.11,          3.50,       3.96,      39.56,    138.47,          5.71
       10,          4,    5,          8.54,          3.50,       4.24,      42.34,    148.19,          5.80
       10,          4,    6,          8.83,          3.50,       4.44,      44.40,    155.40,          5.85
       10,          4,    7,          9.04,          3.50,       4.62,      46.23,    161.83,          5.86
       11,          1,    1,          1.86,          3.50,       1.95,      19.53,     68.43,          3.56
       11,          1,    2,          5.40,          3.50,       2.60,      26.04,     91.20,          5.26
       11,          1,    3,          6.47,          3.50,       2.89,      28.93,    101.29,          5.83
       11,          1,    4,          6.90,          3.50,       3.05,      30.52,    106.84,          6.01
       11,          1,    5,          7.14,          3.50,       3.18,      31.81,    111.36,          6.01
       11,          1,    6,          7.29,          3.50,       3.29,      32.86,    115.05,          5.97
       11,          1,    7,          7.42,          3.50,       3.39,      33.86,    118.52,          5.92
       11,          2,    1,          2.55,          3.50,       2.12,      21.17,     74.14,          3.68
       11,          2,    2,          6.01,          3.50,       2.79,      27.87,     97.60,          5.51
       11,          2,    3,          7.01,          3.50,       3.09,      30.86,    108.04,          6.08
       11,          2,    4,          7.47,          3.50,       3.28,      32.76,    114.69,          6.25
       11,          2,    5,          7.78,          3.50,       3.44,      34.44,    120.56,          6.30
       11,          2,    6,          7.99,          3.50,       3.59,      35.86,    125.54,          6.28
       11,          2,    7,          7.98,          3.50,       3.73,      37.31,    130.60,          5.97
       11,          3,    1,          3.43,          3.50,       2.29,      22.90,     80.22,          4.00
       11,          3,    2,          6.64,          3.50,       3.03,      30.31,    106.11,          5.69
       11,          3,    3,          7.72,          3.50,       3.41,      34.14,    119.53,          6.26
       11,          3,    4,          8.26,          3.50,       3.68,      36.78,    128.75,          6.47
       11,          3,    5,          8.67,          3.50,       3.93,      39.28,    137.50,          6.55
       11,          3,    6,          8.75,          3.50,       4.13,      41.27,    144.45,          6.28
       11,          3,    7,          9.18,          3.50,       4.32,      43.17,    151.09,          6.57
       11,          4,    1,          3.99,          3.50,       2.47,      24.73,     86.61,          4.07
       11,          4,    2,          7.12,          3.50,       3.33,      33.32,    116.66,          5.63
       11,          4,    3,          8.39,          3.50,       3.82,      38.22,    133.79,          6.35
       11,          4,    4,          9.01,          3.50,       4.17,      41.74,    146.07,          6.59
       11,          4,    5,          9.45,          3.50,       4.47,      44.67,    156.36,          6.71
       11,          4,    6,          9.73,          3.50,       4.70,      46.94,    164.30,          6.76
       11,          4,    7,          9.95,          3.50,       4.89,      48.89,    171.13,          6.77
       12,          1,    1,          2.62,          3.50,       2.00,      19.99,     70.03,          4.10
       12,          1,    2,          6.28,          3.50,       2.72,      27.20,     95.25,          6.09
       12,          1,    3,          7.40,          3.50,       3.04,      30.42,    106.48,          6.78
       12,          1,    4,          7.79,          3.50,       3.22,      32.20,    112.72,          6.89
       12,          1,    5,          8.09,          3.50,       3.35,      33.47,    117.19,          7.03
       12,          1,    6,          8.24,          3.50,       3.46,      34.56,    120.96,          6.99
       12,          1,    7,          8.37,          3.50,       3.57,      35.67,    124.86,          6.92
       12,          2,    1,          3.50,          3.50,       2.17,      21.69,     75.97,          4.42
       12,          2,    2,          6.58,          3.50,       2.92,      29.24,    102.40,          5.90
       12,          2,    3,          7.95,          3.50,       3.26,      32.57,    114.03,          7.03
       12,          2,    4,          8.42,          3.50,       3.45,      34.52,    120.85,          7.27
       12,          2,    5,          8.73,          3.50,       3.64,      36.41,    127.46,          7.31
       12,          2,    6,          8.95,          3.50,       3.79,      37.86,    132.52,          7.32
       12,          2,    7,          9.13,          3.50,       3.94,      39.41,    137.96,          7.27
       12,          3,    1,          4.10,          3.50,       2.36,      23.56,     82.51,          4.49
       12,          3,    2,          7.53,          3.50,       3.19,      31.88,    111.61,          6.56
       12,          3,    3,          8.60,          3.50,       3.60,      36.04,    126.15,          7.18
       12,          3,    4,          9.21,          3.50,       3.89,      38.90,    136.14,          7.51
       12,          3,    5,          9.62,          3.50,       4.16,      41.62,    145.68,          7.60
       12,          3,    6,          9.65,          3.50,       4.37,      43.68,    152.90,          7.23
       12,          3,    7,          9.95,          3.50,       4.57,      45.72,    160.02,          7.34
       12,          4,    1,          4.77,          3.50,       2.55,      25.49,     89.26,          4.68
       12,          4,    2,          8.12,          3.50,       3.50,      35.03,    122.63,          6.65
       12,          4,    3,          9.31,          3.50,       4.04,      40.39,    141.38,          7.34
       12,          4,    4,          9.94,          3.50,       4.42,      44.16,    154.56,          7.63
       12,          4,    5,         10.39,          3.50,       4.74,      47.44,    166.02,          7.77
       12,          4,    6,         10.68,          3.50,       4.99,      49.86,    174.50,          7.84
       12,          4,    7,         10.91,          3.50,       5.20,      52.03,    182.10,          7.85
       13,          1,    1,          3.35,          3.50,       2.04,      20.38,     71.40,          4.70
       13,          1,    2,          7.18,          3.50,       2.86,      28.56,    100.01,          7.00
       13,          1,    3,          8.39,          3.50,       3.23,      32.27,    112.97,          7.88
       13,          1,    4,          8.87,          3.50,       3.42,      34.17,    119.60,          8.19
       13,          1,    5,          9.11,          3.50,       3.56,      35.56,    124.49,          8.23
       13,          1,    6,          9.27,          3.50,       3.67,      36.74,    128.59,          8.19
       13,          1,    7,          9.39,          3.50,       3.79,      37.85,    132.48,          8.11
       13,          2,    1,          4.24,          3.50,       2.23,      22.28,     78.02,          5.04
       13,          2,    2,          7.69,          3.50,       3.08,      30.79,    107.79,          7.13
       13,          2,    3,          8.94,          3.50,       3.46,      34.56,    120.99,          8.20
       13,          2,    4,          9.43,          3.50,       3.68,      36.76,    128.69,          8.48
       13,          2,    5,          9.75,          3.50,       3.88,      38.78,    135.73,          8.55
       13,          2,    6,          9.96,          3.50,       4.04,      40.39,    141.37,          8.55
       13,          2,    7,         10.15,          3.50,       4.19,      41.97,    146.89,          8.53
       13,          3,    1,          4.97,          3.50,       2.42,      24.23,     84.86,          5.27
       13,          3,    2,          8.25,          3.50,       3.37,      33.65,    117.78,          7.23
       13,          3,    3,          9.64,          3.50,       3.84,      38.37,    134.32,          8.44
       13,          3,    4,          9.92,          3.50,       4.15,      41.49,    145.22,          8.19
       13,          3,    5,         10.45,          3.50,       4.44,      44.37,    155.30,          8.54
       13,          3,    6,         10.91,          3.50,       4.67,      46.65,    163.29,          8.94
       13,          3,    7,         11.16,          3.50,       4.88,      48.81,    170.83,          8.98
       13,          4,    1,          5.53,          3.50,       2.63,      26.29,     92.06,          5.35
       13,          4,    2,          9.05,          3.50,       3.70,      37.03,    129.60,          7.69
       13,          4,    3,         10.29,          3.50,       4.30,      43.03,    150.60,          8.54
       13,          4,    4,         10.95,          3.50,       4.72,      47.16,    165.06,          8.90
       13,          4,    5,         11.41,          3.50,       5.07,      50.72,    177.53,          9.08
       13,          4,    6,         11.71,          3.50,       5.35,      53.51,    187.29,          9.15
       13,          4,    7,         11.94,          3.50,       5.59,      55.89,    195.62,          9.18
       14,          1,    1,          3.89,          3.50,       2.07,      20.73,     72.63,          5.20
       14,          1,    2,          7.91,          3.50,       2.98,      29.77,    104.24,          7.85
       14,          1,    3,          9.23,          3.50,       3.40,      34.02,    119.08,          8.96
       14,          1,    4,          9.75,          3.50,       3.62,      36.18,    126.65,          9.34
       14,          1,    5,         10.01,          3.50,       3.77,      37.66,    131.83,          9.42
       14,          1,    6,         10.16,          3.50,       3.89,      38.90,    136.15,          9.38
       14,          1,    7,         10.28,          3.50,       4.01,      40.08,    140.27,          9.31
       14,          2,    1,          4.79,          3.50,       2.27,      22.73,     79.63,          5.58
       14,          2,    2,          8.59,          3.50,       3.23,      32.27,    113.00,          8.27
       14,          2,    3,          9.79,          3.50,       3.66,      36.58,    128.04,          9.31
       14,          2,    4,         10.30,          3.50,       3.90,      39.02,    136.58,          9.66
       14,          2,    5,         10.63,          3.50,       4.11,      41.07,    143.76,          9.78
       14,          2,    6,         10.85,          3.50,       4.28,      42.76,    149.65,          9.80
       14,          2,    7,         11.04,          3.50,       4.44,      44.40,    155.41,          9.79
       14,          3,    1,          5.54,          3.50,       2.48,      24.82,     86.92,          5.82
       14,          3,    2,          9.24,          3.50,       3.53,      35.33,    123.68,          8.55
       14,          3,    3,         10.49,          3.50,       4.06,      40.60,    142.12,          9.58
       14,          3,    4,         11.08,          3.50,       4.39,      43.93,    153.75,          9.99
       14,          3,    5,         11.52,          3.50,       4.71,      47.07,    164.72,         10.18
       14,          3,    6,         11.81,          3.50,       4.95,      49.54,    173.39,         10.25
       14,          3,    7,         12.06,          3.50,       5.19,      51.92,    181.71,         10.29
       14,          4,    1,          6.11,          3.50,       2.69,      26.88,     94.13,          5.93
       14,          4,    2,          9.77,          3.50,       3.89,      38.91,    136.21,          8.54
       14,          4,    3,         11.15,          3.50,       4.56,      45.54,    159.41,          9.71
       14,          4,    4,         11.81,          3.50,       5.00,      50.04,    175.14,         10.12
       14,          4,    5,         12.23,          3.50,       5.40,      54.03,    189.10,         10.20
       14,          4,    6,         12.61,          3.50,       5.71,      57.04,    199.63,         10.47
       14,          4,    7,         12.84,          3.50,       5.96,      59.65,    208.78,         10.49
       15,          1,    1,          4.31,          3.50,       2.11,      21.11,     73.95,          5.58
       15,          1,    2,          8.56,          3.50,       3.09,      30.84,    108.00,          8.71
       15,          1,    3,         10.03,          3.50,       3.59,      35.86,    125.53,         10.07
       15,          1,    4,         10.60,          3.50,       3.84,      38.38,    134.36,         10.54
       15,          1,    5,         10.86,          3.50,       4.00,      40.01,    140.03,         10.66
       15,          1,    6,         10.88,          3.50,       4.12,      41.22,    144.28,         10.30
       15,          1,    7,         11.15,          3.50,       4.25,      42.45,    148.59,         10.60
       15,          2,    1,          5.01,          3.50,       2.31,      23.14,     81.04,          5.71
       15,          2,    2,          9.28,          3.50,       3.37,      33.69,    117.93,          9.16
       15,          2,    3,         10.51,          3.50,       3.87,      38.68,    135.41,         10.23
       15,          2,    4,         11.14,          3.50,       4.13,      41.32,    144.63,         10.91
       15,          2,    5,         11.48,          3.50,       4.36,      43.53,    152.37,         11.08
       15,          2,    6,         11.70,          3.50,       4.53,      45.32,    158.63,         11.11
       15,          2,    7,         11.89,          3.50,       4.71,      47.07,    164.76,         11.10
       15,          3,    1,          5.99,          3.50,       2.53,      25.29,     88.57,          6.29
       15,          3,    2,          9.94,          3.50,       3.70,      37.00,    129.51,          9.48
       15,          3,    3,         11.28,          3.50,       4.29,      42.90,    150.16,         10.77
       15,          3,    4,         11.91,          3.50,       4.66,      46.57,    162.98,         11.28
       15,          3,    5,         12.36,          3.50,       4.99,      49.93,    174.75,         11.52
       15,          3,    6,         12.66,          3.50,       5.26,      52.57,    183.99,         11.63
       15,          3,    7,         12.92,          3.50,       5.52,      55.18,    193.13,         11.69
       15,          4,    1,          6.58,          3.50,       2.74,      27.42,     96.03,          6.43
       15,          4,    2,         10.52,          3.50,       4.08,      40.74,    142.60,          9.61
       15,          4,    3,         11.94,          3.50,       4.81,      48.06,    168.21,         10.94
       15,          4,    4,         12.66,          3.50,       5.31,      53.08,    185.78,         11.49
       15,          4,    5,         13.16,          3.50,       5.74,      57.42,    200.94,         11.79
       15,          4,    6,         13.51,          3.50,       6.07,      60.68,    212.35,         11.99
       15,          4,    7,         13.52,          3.50,       6.35,      63.48,    222.11,         11.44
       16,          1,    1,          4.50,          3.50,       2.14,      21.39,     74.94,          5.71
       16,          1,    2,          9.14,          3.50,       3.20,      32.02,    112.09,          9.49
       16,          1,    3,         10.82,          3.50,       3.79,      37.93,    132.78,         11.28
       16,          1,    4,         11.46,          3.50,       4.08,      40.79,    142.78,         11.95
       16,          1,    5,         11.76,          3.50,       4.26,      42.63,    149.20,         12.13
       16,          1,    6,         11.93,          3.50,       4.39,      43.89,    153.62,         12.19
       16,          1,    7,         12.05,          3.50,       4.52,      45.19,    158.15,         12.10
       16,          2,    1,          5.27,          3.50,       2.35,      23.51,     82.35,          5.93
       16,          2,    2,          9.93,          3.50,       3.51,      35.13,    122.98,         10.11
       16,          2,    3,         11.19,          3.50,       4.10,      41.01,    143.57,         11.16
       16,          2,    4,         11.95,          3.50,       4.40,      43.97,    153.90,         12.23
       16,          2,    5,         12.36,          3.50,       4.64,      46.37,    162.30,         12.60
       16,          2,    6,         12.29,          3.50,       4.82,      48.16,    168.56,         11.86
       16,          2,    7,         12.80,          3.50,       5.01,      50.05,    175.15,         12.74
       16,          3,    1,          6.32,          3.50,       2.57,      25.75,     90.16,          6.63
       16,          3,    2,         10.62,          3.50,       3.87,      38.76,    135.67,         10.48
       16,          3,    3,         11.89,          3.50,       4.55,      45.52,    159.32,         11.55
       16,          3,    4,         12.78,          3.50,       4.95,      49.51,    173.26,         12.83
       16,          3,    5,         13.28,          3.50,       5.31,      53.13,    185.94,         13.28
       16,          3,    6,         13.64,          3.50,       5.60,      55.97,    195.88,         13.58
       16,          3,    7,         13.97,          3.50,       5.87,      58.73,    205.53,         13.86
       16,          4,    1,          6.82,          3.50,       2.80,      27.97,     97.95,          6.63
       16,          4,    2,         11.02,          3.50,       4.26,      42.64,    149.25,         10.21
       16,          4,    3,         12.77,          3.50,       5.09,      50.91,    178.17,         12.40
       16,          4,    4,         13.60,          3.50,       5.64,      56.36,    197.25,         13.33
       16,          4,    5,         14.23,          3.50,       6.10,      60.95,    213.29,         14.10
       16,          4,    6,         14.65,          3.50,       6.43,      64.35,    225.16,         14.60
       16,          4,    7,         14.97,          3.50,       6.73,      67.24,    235.26,         14.96
       17,          1,    1,          4.78,          3.50,       2.17,      21.63,     75.76,          6.01
       17,          1,    2,          9.64,          3.50,       3.29,      32.93,    115.25,         10.28
       17,          1,    3,         11.52,          3.50,       3.99,      39.92,    139.73,         12.46
       17,          1,    4,         12.25,          3.50,       4.32,      43.21,    151.23,         13.39
       17,          1,    5,         12.60,          3.50,       4.51,      45.10,    157.87,         13.76
       17,          1,    6,         12.79,          3.50,       4.64,      46.41,    162.46,         13.90
       17,          1,    7,         12.69,          3.50,       4.76,      47.54,    166.40,         13.21
       17,          2,    1,          5.76,          3.50,       2.38,      23.82,     83.42,          6.53
       17,          2,    2,         10.47,          3.50,       3.64,      36.40,    127.41,         10.96
       17,          2,    3,         11.94,          3.50,       4.33,      43.32,    151.62,         12.44
       17,          2,    4,        -30.19,          3.50,       1.00,       9.97,     34.94,          0.01
       17,          2,    5,        -28.86,          3.50,       1.06,      10.62,     37.22,          0.01
       17,          2,    6,        -27.71,          3.50,       1.14,      11.35,     39.76,          0.01
       17,          2,    7,        -26.64,          3.50,       1.20,      12.01,     42.08,          0.01
       17,          3,    1,        -40.51,          3.50,       0.78,       7.83,     27.45,          0.00
       17,          3,    2,        -35.58,          3.50,       0.85,       8.50,     29.77,          0.01
       17,          3,    3,        -32.63,          3.50,       0.93,       9.24,     32.38,          0.01
       17,          3,    4,        -30.35,          3.50,       1.00,       9.98,     34.96,          0.01
       17,          3,    5,        -28.81,          3.50,       1.07,      10.65,     37.33,          0.01
       17,          3,    6,        -27.57,          3.50,       1.14,      11.39,     39.90,          0.01
       17,          3,    7,        -26.48,          3.50,       1.21,      12.09,     42.38,          0.01
       17,          4,    1,        -40.87,          3.50,       0.78,       7.85,     27.49,          0.00
       17,          4,    2,        -35.76,          3.50,       0.85,       8.50,     29.80,          0.01
       17,          4,    3,        -32.63,          3.50,       0.93,       9.27,     32.47,          0.01
       17,          4,    4,        -30.08,          3.50,       1.00,       9.99,     35.01,          0.01
       17,          4,    5,        -28.80,          3.50,       1.07,      10.71,     37.52,          0.01
       17,          4,    6,         15.54,          3.50,       6.74,      67.39,    235.77,         16.96
       17,          4,    7,         15.87,          3.50,       7.03,      70.26,    245.75,         17.47
       18,          1,    1,          4.96,          3.50,       2.19,      21.96,     76.92,          6.14
       18,          1,    2,          9.87,          3.50,       3.38,      33.80,    118.34,         10.48
       18,          1,    3,         12.39,          3.50,       4.18,      41.83,    146.41,         14.37
       18,          1,    4,         13.27,          3.50,       4.56,      45.53,    159.37,         15.89
       18,          1,    5,         13.65,          3.50,       4.75,      47.55,    166.42,         16.49
       18,          1,    6,         13.77,          3.50,       4.89,      48.91,    171.19,         16.39
       18,          1,    7,         13.99,          3.50,       5.02,      50.20,    175.71,         16.73
       18,          2,    1,          5.95,          3.50,       2.41,      24.15,     84.58,          6.70
       18,          2,    2,         11.08,          3.50,       3.75,      37.55,    131.45,         12.13
       18,          2,    3,         13.18,          3.50,       4.57,      45.68,    159.87,         15.51
       18,          2,    4,         13.97,          3.50,       4.94,      49.41,    172.92,         16.97
       18,          2,    5,         14.44,          3.50,       5.24,      52.34,    183.19,         17.66
       18,          2,    6,         14.73,          3.50,       5.45,      54.54,    190.87,         18.02
       18,          2,    7,         15.01,          3.50,       5.69,      56.93,    199.24,         18.28
       18,          3,    1,          6.72,          3.50,       2.65,      26.48,     92.76,          7.01
       18,          3,    2,         11.97,          3.50,       4.17,      41.69,    145.90,         13.10
       18,          3,    3,         14.07,          3.50,       5.08,      50.74,    177.58,         16.81
       18,          3,    4,         14.85,          3.50,       5.59,      55.85,    195.47,         18.02
       18,          3,    5,         15.56,          3.50,       6.03,      60.31,    211.06,         19.40
       18,          3,    6,         15.97,          3.50,       6.38,      63.80,    223.26,         20.01
       18,          3,    7,         16.33,          3.50,       6.71,      67.16,    234.98,         20.53
       18,          4,    1,          7.07,          3.50,       2.88,      28.77,    100.73,          6.80
       18,          4,    2,         12.75,          3.50,       4.59,      45.85,    160.49,         13.98
       18,          4,    3,         14.91,          3.50,       5.64,      56.41,    197.42,         18.07
       18,          4,    4,         15.87,          3.50,       6.28,      62.73,    219.53,         19.94
       18,          4,    5,         16.51,          3.50,       6.80,      67.96,    237.75,         21.15
       18,          4,    6,         16.92,          3.50,       7.17,      71.70,    250.80,         21.86
       18,          4,    7,         17.22,          3.50,       7.47,      74.69,    261.23,         22.38
       19,          1,    1,          5.08,          3.50,       2.21,      22.13,     77.52,          6.26
       19,          1,    2,         10.69,          3.50,       3.46,      34.54,    120.91,         12.36
       19,          1,    3,         13.26,          3.50,       4.37,      43.69,    152.92,         16.68
       19,          1,    4,         14.29,          3.50,       4.83,      48.32,    169.12,         18.75
       19,          1,    5,         14.78,          3.50,       5.10,      50.96,    178.37,         19.74
       19,          1,    6,         14.86,          3.50,       5.27,      52.74,    184.58,         19.33
       19,          1,    7,         15.22,          3.50,       5.43,      54.29,    190.02,         20.29
       19,          2,    1,          6.13,          3.50,       2.45,      24.45,     85.63,          6.88
       19,          2,    2,         11.79,          3.50,       3.86,      38.65,    135.29,         13.80
       19,          2,    3,         13.86,          3.50,       4.84,      48.33,    169.13,         16.98
       19,          2,    4,         15.08,          3.50,       5.32,      53.18,    186.13,         20.12
       19,          2,    5,         15.62,          3.50,       5.67,      56.69,    198.39,         21.16
       19,          2,    6,         15.95,          3.50,       5.93,      59.29,    207.49,         21.68
       19,          2,    7,         16.23,          3.50,       6.19,      61.93,    216.72,         22.02
       19,          3,    1,          7.00,          3.50,       2.68,      26.77,     93.77,          7.39
       19,          3,    2,         12.75,          3.50,       4.29,      42.91,    150.19,         15.15
       19,          3,    3,         15.09,          3.50,       5.39,      53.86,    188.50,         19.85
       19,          3,    4,         16.04,          3.50,       5.98,      59.85,    209.45,         21.88
       19,          3,    5,         16.67,          3.50,       6.49,      64.86,    226.96,         23.12
       19,          3,    6,         17.08,          3.50,       6.88,      68.76,    240.55,         23.80
       19,          3,    7,         17.43,          3.50,       7.23,      72.31,    252.91,         24.41
       19,          4,    1,          7.37,          3.50,       2.91,      29.14,    102.03,          7.16
       19,          4,    2,         13.56,          3.50,       4.71,      47.11,    164.91,         16.35
       19,          4,    3,         15.65,          3.50,       5.96,      59.58,    208.49,         20.10
       19,          4,    4,         16.92,          3.50,       6.69,      66.85,    233.90,         23.63
       19,          4,    5,         17.57,          3.50,       7.27,      72.70,    254.26,         25.02
       19,          4,    6,         17.98,          3.50,       7.68,      76.77,    268.46,         25.86
       19,          4,    7,         18.27,          3.50,       8.02,      80.13,    280.17,         26.40
       20,          1,    1,          5.61,          3.50,       2.24,      22.42,     78.54,          6.94
       20,          1,    2,         11.31,          3.50,       3.53,      35.27,    123.47,         13.87
       20,          1,    3,         14.05,          3.50,       4.56,      45.60,    159.61,         19.01
       20,          1,    4,         15.23,          3.50,       5.13,      51.33,    179.64,         21.74
       20,          1,    5,         15.81,          3.50,       5.46,      54.60,    191.12,         23.09
       20,          1,    6,         16.10,          3.50,       5.66,      56.65,    198.25,         23.67
       20,          1,    7,         16.06,          3.50,       5.84,      58.34,    204.19,         22.67
       20,          2,    1,          6.57,          3.50,       2.48,      24.82,     86.93,          7.48
       20,          2,    2,         12.42,          3.50,       3.96,      39.63,    138.70,         15.52
       20,          2,    3,         15.04,          3.50,       5.10,      50.96,    178.34,         20.96
       20,          2,    4,         16.10,          3.50,       5.70,      57.02,    199.57,         23.51
       20,          2,    5,         16.69,          3.50,       6.11,      61.03,    213.59,         24.90
       20,          2,    6,         16.82,          3.50,       6.40,      63.95,    223.78,         24.34
       20,          2,    7,         17.33,          3.50,       6.69,      66.82,    233.79,         26.03
       20,          3,    1,          7.71,          3.50,       2.72,      27.16,     95.10,          8.56
       20,          3,    2,         13.40,          3.50,       4.41,      44.04,    154.14,         17.08
       20,          3,    3,         15.94,          3.50,       5.69,      56.92,    199.21,         22.68
       20,          3,    4,         17.04,          3.50,       6.41,      64.10,    224.29,         25.55
       20,          3,    5,         17.70,          3.50,       6.97,      69.66,    243.67,         27.06
       20,          3,    6,         18.11,          3.50,       7.39,      73.86,    258.30,         27.90
       20,          3,    7,         18.46,          3.50,       7.77,      77.68,    271.65,         28.57
       20,          4,    1,          8.62,          3.50,       2.96,      29.56,    103.49,          9.39
       20,          4,    2,         13.99,          3.50,       4.83,      48.32,    169.14,         17.52
       20,          4,    3,         16.77,          3.50,       6.28,      62.78,    219.69,         24.53
       20,          4,    4,         17.86,          3.50,       7.13,      71.28,    249.32,         27.37
       20,          4,    5,         18.54,          3.50,       7.78,      77.79,    272.01,         29.03
       20,          4,    6,         18.95,          3.50,       8.26,      82.52,    288.51,         29.92
       20,          4,    7,         19.25,          3.50,       8.62,      86.21,    301.38,         30.58
       21,          1,    1,          6.63,          3.50,       2.27,      22.69,     79.47,          8.70
       21,          1,    2,         11.85,          3.50,       3.59,      35.92,    125.75,         15.44
       21,          1,    3,         14.72,          3.50,       4.70,      47.01,    164.53,         21.48
       21,          1,    4,         16.04,          3.50,       5.39,      53.89,    188.62,         24.77
       21,          1,    5,         16.44,          3.50,       5.77,      57.72,    202.02,         25.08
       21,          1,    6,         16.98,          3.50,       5.99,      59.94,    209.77,         27.24
       21,          1,    7,         17.20,          3.50,       6.18,      61.79,    216.23,         27.66
       21,          2,    1,          7.73,          3.50,       2.51,      25.13,     87.99,          9.63
       21,          2,    2,         13.03,          3.50,       4.05,      40.45,    141.57,         17.45
       21,          2,    3,         15.73,          3.50,       5.30,      52.96,    185.33,         23.53
       21,          2,    4,         16.74,          3.50,       6.03,      60.32,    211.10,         25.56
       21,          2,    5,         17.60,          3.50,       6.49,      64.86,    226.94,         28.67
       21,          2,    6,         17.96,          3.50,       6.80,      67.97,    237.77,         29.58
       21,          2,    7,         18.26,          3.50,       7.10,      70.96,    248.24,         30.17
       21,          3,    1,          8.64,          3.50,       2.76,      27.58,     96.60,         10.40
       21,          3,    2,         13.96,          3.50,       4.51,      45.07,    157.74,         18.94
       21,          3,    3,         16.67,          3.50,       5.95,      59.45,    208.05,         25.53
       21,          3,    4,         17.92,          3.50,       6.83,      68.32,    239.01,         29.10
       21,          3,    5,         18.62,          3.50,       7.45,      74.47,    260.46,         31.08
       21,          3,    6,         19.05,          3.50,       7.90,      79.04,    276.37,         32.12
       21,          3,    7,         19.40,          3.50,       8.33,      83.24,    291.02,         32.88
       21,          4,    1,          9.19,          3.50,       3.00,      29.98,    104.98,         10.53
       21,          4,    2,         14.73,          3.50,       4.95,      49.47,    173.13,         20.25
       21,          4,    3,         17.44,          3.50,       6.56,      65.63,    229.62,         27.30
       21,          4,    4,         18.72,          3.50,       7.60,      75.96,    265.67,         31.09
       21,          4,    5,         19.14,          3.50,       8.33,      83.34,    291.36,         30.96
       21,          4,    6,         19.87,          3.50,       8.86,      88.57,    309.65,         34.25
       21,          4,    7,         20.18,          3.50,       9.29,      92.88,    324.70,         34.92
       22,          1,    1,          7.32,          3.50,       2.30,      22.93,     80.31,         10.08
       22,          1,    2,         12.55,          3.50,       3.65,      36.50,    127.75,         17.79
       22,          1,    3,         15.28,          3.50,       4.81,      48.06,    168.20,         23.84
       22,          1,    4,         16.67,          3.50,       5.60,      55.97,    195.90,         27.43
       22,          1,    5,         17.38,          3.50,       6.05,      60.49,    211.70,         29.59
       22,          1,    6,         17.70,          3.50,       6.30,      62.96,    220.29,         30.45
       22,          1,    7,         17.93,          3.50,       6.50,      65.02,    227.50,         30.94
       22,          2,    1,          8.48,          3.50,       2.54,      25.38,     88.89,         11.34
       22,          2,    2,         13.61,          3.50,       4.11,      41.07,    143.74,         19.66
       22,          2,    3,         16.31,          3.50,       5.44,      54.39,    190.35,         26.15
       22,          2,    4,         17.67,          3.50,       6.31,      63.09,    220.76,         30.12
       22,          2,    5,         18.37,          3.50,       6.84,      68.37,    239.20,         32.34
       22,          2,    6,         18.45,          3.50,       7.17,      71.66,    250.63,         31.29
       22,          2,    7,         19.06,          3.50,       7.48,      74.78,    261.56,         34.33
       22,          3,    1,          9.38,          3.50,       2.79,      27.88,     97.64,         12.19
       22,          3,    2,         14.50,          3.50,       4.59,      45.90,    160.66,         21.01
       22,          3,    3,         17.22,          3.50,       6.13,      61.27,    214.41,         28.07
       22,          3,    4,         18.65,          3.50,       7.21,      72.07,    252.10,         32.52
       22,          3,    5,         19.44,          3.50,       7.92,      79.22,    277.01,         35.07
       22,          3,    6,         19.89,          3.50,       8.42,      84.15,    294.20,         36.43
       22,          3,    7,         20.25,          3.50,       8.88,      88.79,    310.41,         37.35
       22,          4,    1,         10.05,          3.50,       3.03,      30.31,    106.13,         12.69
       22,          4,    2,         15.21,          3.50,       5.05,      50.48,    176.66,         22.09
       22,          4,    3,         17.97,          3.50,       6.78,      67.84,    237.36,         29.68
       22,          4,    4,         19.26,          3.50,       8.05,      80.45,    281.29,         33.10
       22,          4,    5,         20.26,          3.50,       8.92,      89.17,    311.77,         37.20
       22,          4,    6,         20.72,          3.50,       9.52,      95.14,    332.60,         38.53
       22,          4,    7,         21.04,          3.50,      10.01,     100.04,    349.69,         39.35

