[Radio] Initializing ... success!
Connected to RF power monitor: Rohde&Schwarz,FPC1500,1328.6660K03/205785,V1.80
Connected to DC power monitor: radiolib-org,DCpowerMon,070dd3d
setCurrentLimit, code 0

Set [dBm],paDutyCycle,hpMax,Measured [dBm],Bus voltage[V],Voltage[mV],Current[mA],Power [mW],Efficiency [%]
       -9,          1,    1,        -17.43,          3.31,       0.98,       9.79,     32.38,          0.21
       -9,          1,    2,        -14.34,          3.31,       1.12,      11.28,     37.32,          0.27
       -9,          1,    3,        -13.06,          3.31,       1.24,      12.37,     40.93,          0.29
       -9,          1,    4,        -12.51,          3.31,       1.34,      13.36,     44.19,          0.28
       -9,          1,    5,        -11.48,          3.31,       1.43,      14.33,     47.40,          0.30
       -9,          1,    6,        -11.00,          3.31,       1.52,      15.22,     50.35,          0.30
       -9,          1,    7,        -10.58,          3.31,       1.61,      16.08,     53.20,          0.30
       -9,          2,    1,        -16.43,          3.31,       1.01,      10.07,     33.30,          0.24
       -9,          2,    2,        -13.21,          3.31,       1.18,      11.79,     38.99,          0.31
       -9,          2,    3,        -11.75,          3.31,       1.31,      13.10,     43.33,          0.34
       -9,          2,    4,        -10.82,          3.31,       1.42,      14.20,     46.98,          0.36
       -9,          2,    5,        -10.31,          3.31,       1.52,      15.24,     50.41,          0.35
       -9,          2,    6,        -10.12,          3.31,       1.62,      16.13,     53.37,          0.33
       -9,          2,    7,         -9.44,          3.31,       1.70,      16.98,     56.16,          0.35
       -9,          3,    1,        -15.63,          3.31,       1.04,      10.39,     34.36,          0.26
       -9,          3,    2,        -12.34,          3.31,       1.23,      12.35,     40.87,          0.34
       -9,          3,    3,        -10.91,          3.31,       1.38,      13.75,     45.49,          0.37
       -9,          3,    4,        -10.04,          3.31,       1.49,      14.93,     49.40,          0.39
       -9,          3,    5,         -9.55,          3.31,       1.59,      15.90,     52.57,          0.38
       -9,          3,    6,         -9.18,          3.31,       1.68,      16.79,     55.55,          0.38
       -9,          3,    7,         -8.96,          3.31,       1.76,      17.57,     58.11,          0.37
       -9,          4,    1,        -15.31,          3.31,       1.07,      10.75,     35.55,          0.25
       -9,          4,    2,        -11.75,          3.31,       1.29,      12.88,     42.60,          0.35
       -9,          4,    3,        -10.37,          3.31,       1.43,      14.34,     47.42,          0.39
       -9,          4,    4,         -9.58,          3.31,       1.55,      15.50,     51.28,          0.40
       -9,          4,    5,         -9.10,          3.31,       1.65,      16.53,     54.68,          0.40
       -9,          4,    6,         -8.75,          3.31,       1.74,      17.39,     57.54,          0.39
       -9,          4,    7,         -8.47,          3.31,       1.83,      18.35,     60.68,          0.38
       -8,          1,    1,        -16.26,          3.31,       1.00,      10.04,     33.23,          0.25
       -8,          1,    2,        -13.42,          3.31,       1.17,      11.67,     38.61,          0.31
       -8,          1,    3,        -11.74,          3.31,       1.29,      12.90,     42.67,          0.35
       -8,          1,    4,        -10.94,          3.31,       1.39,      13.89,     45.95,          0.36
       -8,          1,    5,        -10.28,          3.31,       1.49,      14.95,     49.44,          0.36
       -8,          1,    6,         -9.81,          3.31,       1.59,      15.83,     52.36,          0.36
       -8,          1,    7,         -9.41,          3.31,       1.67,      16.73,     55.34,          0.36
       -8,          2,    1,        -15.18,          3.31,       1.04,      10.40,     34.41,          0.28
       -8,          2,    2,        -11.96,          3.31,       1.23,      12.29,     40.65,          0.38
       -8,          2,    3,        -10.65,          3.31,       1.37,      13.69,     45.29,          0.40
       -8,          2,    4,         -9.60,          3.31,       1.49,      14.90,     49.30,          0.43
       -8,          2,    5,         -9.01,          3.31,       1.60,      15.95,     52.76,          0.43
       -8,          2,    6,         -8.58,          3.31,       1.69,      16.90,     55.91,          0.43
       -8,          2,    7,         -8.27,          3.31,       1.78,      17.79,     58.86,          0.42
       -8,          3,    1,        -14.36,          3.31,       1.08,      10.79,     35.70,          0.30
       -8,          3,    2,        -11.09,          3.31,       1.29,      12.94,     42.81,          0.41
       -8,          3,    3,         -9.68,          3.31,       1.45,      14.47,     47.85,          0.44
       -8,          3,    4,         -9.08,          3.31,       1.57,      15.69,     51.91,          0.44
       -8,          3,    5,         -8.71,          3.31,       1.67,      16.70,     55.26,          0.43
       -8,          3,    6,         -7.97,          3.31,       1.76,      17.61,     58.26,          0.46
       -8,          3,    7,         -7.71,          3.31,       1.85,      18.51,     61.23,          0.45
       -8,          4,    1,        -13.76,          3.31,       1.13,      11.26,     37.24,          0.31
       -8,          4,    2,        -10.48,          3.31,       1.35,      13.53,     44.77,          0.42
       -8,          4,    3,         -9.11,          3.31,       1.51,      15.12,     50.02,          0.47
       -8,          4,    4,         -8.34,          3.31,       1.64,      16.38,     54.17,          0.48
       -8,          4,    5,         -7.87,          3.31,       1.74,      17.42,     57.61,          0.48
       -8,          4,    6,         -7.80,          3.31,       1.84,      18.41,     60.89,          0.45
       -8,          4,    7,         -7.25,          3.31,       1.93,      19.33,     63.93,          0.47
       -7,          1,    1,        -15.10,          3.31,       1.03,      10.30,     34.06,          0.30
       -7,          1,    2,        -12.02,          3.31,       1.21,      12.06,     39.89,          0.39
       -7,          1,    3,        -10.70,          3.31,       1.34,      13.37,     44.22,          0.41
       -7,          1,    4,         -9.90,          3.31,       1.44,      14.45,     47.81,          0.42
       -7,          1,    5,         -9.27,          3.31,       1.55,      15.50,     51.25,          0.43
       -7,          1,    6,         -8.81,          3.31,       1.64,      16.44,     54.39,          0.43
       -7,          1,    7,         -8.42,          3.31,       1.73,      17.30,     57.21,          0.43
       -7,          2,    1,        -14.10,          3.31,       1.08,      10.74,     35.55,          0.33
       -7,          2,    2,        -11.04,          3.31,       1.28,      12.81,     42.37,          0.42
       -7,          2,    3,         -9.79,          3.31,       1.43,      14.29,     47.26,          0.44
       -7,          2,    4,         -8.57,          3.31,       1.56,      15.56,     51.49,          0.50
       -7,          2,    5,         -7.99,          3.31,       1.67,      16.65,     55.08,          0.51
       -7,          2,    6,         -7.56,          3.31,       1.76,      17.61,     58.25,          0.51
       -7,          2,    7,         -7.26,          3.31,       1.85,      18.55,     61.34,          0.50
       -7,          3,    1,        -13.29,          3.31,       1.12,      11.24,     37.17,          0.35
       -7,          3,    2,        -10.02,          3.31,       1.35,      13.48,     44.59,          0.48
       -7,          3,    3,         -8.67,          3.31,       1.51,      15.13,     50.04,          0.52
       -7,          3,    4,         -8.11,          3.31,       1.65,      16.49,     54.55,          0.50
       -7,          3,    5,         -7.29,          3.31,       1.75,      17.47,     57.80,          0.55
       -7,          3,    6,         -6.93,          3.31,       1.85,      18.49,     61.16,          0.54
       -7,          3,    7,         -6.69,          3.31,       1.94,      19.37,     64.06,          0.53
       -7,          4,    1,        -12.68,          3.31,       1.17,      11.69,     38.65,          0.36
       -7,          4,    2,         -9.41,          3.31,       1.42,      14.18,     46.90,          0.49
       -7,          4,    3,         -8.08,          3.31,       1.59,      15.88,     52.54,          0.54
       -7,          4,    4,         -7.59,          3.31,       1.72,      17.20,     56.89,          0.52
       -7,          4,    5,         -6.81,          3.31,       1.83,      18.35,     60.72,          0.56
       -7,          4,    6,         -6.47,          3.31,       1.93,      19.32,     63.92,          0.56
       -7,          4,    7,         -6.21,          3.31,       2.03,      20.25,     66.98,          0.55
       -6,          1,    1,        -14.13,          3.31,       1.06,      10.61,     35.10,          0.34
       -6,          1,    2,        -11.06,          3.31,       1.25,      12.48,     41.29,          0.45
       -6,          1,    3,         -9.76,          3.31,       1.38,      13.84,     45.79,          0.48
       -6,          1,    4,         -8.97,          3.31,       1.50,      14.97,     49.52,          0.49
       -6,          1,    5,         -8.35,          3.31,       1.61,      16.07,     53.17,          0.50
       -6,          1,    6,         -8.18,          3.31,       1.70,      17.02,     56.31,          0.47
       -6,          1,    7,         -7.89,          3.31,       1.80,      18.01,     59.58,          0.45
       -6,          2,    1,        -13.14,          3.31,       1.12,      11.14,     36.86,          0.37
       -6,          2,    2,         -9.93,          3.31,       1.33,      13.29,     43.97,          0.50
       -6,          2,    3,         -8.51,          3.31,       1.49,      14.92,     49.35,          0.55
       -6,          2,    4,         -7.62,          3.31,       1.63,      16.24,     53.71,          0.58
       -6,          2,    5,         -7.05,          3.31,       1.74,      17.35,     57.40,          0.59
       -6,          2,    6,         -6.63,          3.31,       1.84,      18.41,     60.90,          0.58
       -6,          2,    7,         -6.33,          3.31,       1.93,      19.29,     63.79,          0.58
       -6,          3,    1,        -12.33,          3.31,       1.16,      11.64,     38.50,          0.39
       -6,          3,    2,         -9.30,          3.31,       1.41,      14.10,     46.63,          0.51
       -6,          3,    3,         -7.64,          3.31,       1.58,      15.83,     52.38,          0.60
       -6,          3,    4,         -6.81,          3.31,       1.72,      17.21,     56.92,          0.63
       -6,          3,    5,         -6.34,          3.31,       1.84,      18.36,     60.72,          0.63
       -6,          3,    6,         -5.99,          3.31,       1.93,      19.32,     63.90,          0.62
       -6,          3,    7,         -5.75,          3.31,       2.02,      20.21,     66.84,          0.62
       -6,          4,    1,        -11.73,          3.31,       1.21,      12.14,     40.17,          0.40
       -6,          4,    2,         -8.73,          3.31,       1.49,      14.90,     49.30,          0.52
       -6,          4,    3,         -7.47,          3.31,       1.67,      16.72,     55.31,          0.56
       -6,          4,    4,         -6.31,          3.31,       1.81,      18.10,     59.87,          0.64
       -6,          4,    5,         -5.85,          3.31,       1.92,      19.24,     63.64,          0.65
       -6,          4,    6,         -5.52,          3.31,       2.03,      20.25,     66.97,          0.65
       -6,          4,    7,         -5.26,          3.31,       2.13,      21.27,     70.35,          0.64
       -5,          1,    1,        -12.51,          3.31,       1.13,      11.26,     37.24,          0.42
       -5,          1,    2,         -9.43,          3.31,       1.34,      13.35,     44.17,          0.56
       -5,          1,    3,         -8.34,          3.31,       1.48,      14.83,     49.06,          0.58
       -5,          1,    4,         -7.37,          3.31,       1.60,      16.04,     53.06,          0.62
       -5,          1,    5,         -6.75,          3.31,       1.72,      17.18,     56.82,          0.64
       -5,          1,    6,         -6.31,          3.31,       1.83,      18.25,     60.37,          0.64
       -5,          1,    7,         -5.93,          3.31,       1.92,      19.25,     63.68,          0.64
       -5,          2,    1,        -11.51,          3.31,       1.18,      11.81,     39.07,          0.46
       -5,          2,    2,         -8.34,          3.31,       1.43,      14.33,     47.40,          0.62
       -5,          2,    3,         -7.22,          3.31,       1.61,      16.11,     53.31,          0.64
       -5,          2,    4,         -6.01,          3.31,       1.75,      17.54,     58.01,          0.73
       -5,          2,    5,         -5.44,          3.31,       1.88,      18.79,     62.15,          0.74
       -5,          2,    6,         -5.03,          3.31,       1.99,      19.92,     65.90,          0.74
       -5,          2,    7,         -4.74,          3.31,       2.08,      20.84,     68.94,          0.74
       -5,          3,    1,        -10.69,          3.31,       1.24,      12.42,     41.07,          0.49
       -5,          3,    2,         -7.41,          3.31,       1.53,      15.32,     50.68,          0.67
       -5,          3,    3,         -6.01,          3.31,       1.72,      17.23,     57.02,          0.75
       -5,          3,    4,         -5.40,          3.31,       1.88,      18.79,     62.14,          0.75
       -5,          3,    5,         -4.71,          3.31,       2.00,      19.97,     66.07,          0.80
       -5,          3,    6,         -4.37,          3.31,       2.10,      21.02,     69.52,          0.80
       -5,          3,    7,         -4.14,          3.31,       2.20,      21.93,     72.54,          0.79
       -5,          4,    1,        -10.07,          3.31,       1.30,      13.06,     43.20,          0.50
       -5,          4,    2,         -6.78,          3.31,       1.63,      16.26,     53.80,          0.70
       -5,          4,    3,         -5.43,          3.31,       1.83,      18.31,     60.55,          0.78
       -5,          4,    4,         -4.94,          3.31,       1.98,      19.82,     65.55,          0.77
       -5,          4,    5,         -4.59,          3.31,       2.11,      21.07,     69.69,          0.75
       -5,          4,    6,         -3.87,          3.31,       2.22,      22.16,     73.29,          0.83
       -5,          4,    7,         -3.62,          3.31,       2.32,      23.25,     76.91,          0.82
       -4,          1,    1,        -11.81,          3.31,       1.15,      11.52,     38.12,          0.46
       -4,          1,    2,         -8.72,          3.31,       1.37,      13.72,     45.39,          0.62
       -4,          1,    3,         -7.44,          3.31,       1.53,      15.29,     50.59,          0.67
       -4,          1,    4,         -6.68,          3.31,       1.66,      16.56,     54.78,          0.69
       -4,          1,    5,         -6.38,          3.31,       1.78,      17.77,     58.77,          0.66
       -4,          1,    6,         -5.62,          3.31,       1.88,      18.83,     62.27,          0.71
       -4,          1,    7,         -5.25,          3.31,       1.99,      19.91,     65.86,          0.71
       -4,          2,    1,        -10.80,          3.31,       1.21,      12.13,     40.12,          0.50
       -4,          2,    2,         -7.59,          3.31,       1.48,      14.83,     49.04,          0.68
       -4,          2,    3,         -6.18,          3.31,       1.67,      16.67,     55.14,          0.77
       -4,          2,    4,         -5.31,          3.31,       1.82,      18.22,     60.26,          0.80
       -4,          2,    5,         -4.74,          3.31,       1.95,      19.50,     64.50,          0.82
       -4,          2,    6,         -4.33,          3.31,       2.06,      20.61,     68.17,          0.83
       -4,          2,    7,         -4.06,          3.31,       2.16,      21.61,     71.48,          0.82
       -4,          3,    1,        -10.18,          3.31,       1.28,      12.82,     42.40,          0.51
       -4,          3,    2,         -7.08,          3.31,       1.59,      15.89,     52.56,          0.68
       -4,          3,    3,         -5.29,          3.31,       1.80,      17.98,     59.46,          0.83
       -4,          3,    4,         -4.47,          3.31,       1.96,      19.56,     64.69,          0.87
       -4,          3,    5,         -4.00,          3.31,       2.08,      20.75,     68.62,          0.88
       -4,          3,    6,         -3.66,          3.31,       2.18,      21.85,     72.29,          0.88
       -4,          3,    7,         -3.43,          3.31,       2.28,      22.81,     75.44,          0.88
       -4,          4,    1,         -9.37,          3.31,       1.35,      13.48,     44.60,          0.55
       -4,          4,    2,         -6.17,          3.31,       1.69,      16.87,     55.80,          0.75
       -4,          4,    3,         -5.06,          3.31,       1.91,      19.10,     63.18,          0.79
       -4,          4,    4,         -3.95,          3.31,       2.06,      20.65,     68.30,          0.90
       -4,          4,    5,         -3.49,          3.31,       2.20,      21.94,     72.57,          0.91
       -4,          4,    6,         -3.16,          3.31,       2.31,      23.12,     76.49,          0.91
       -4,          4,    7,         -2.91,          3.31,       2.42,      24.18,     79.95,          0.91
       -3,          1,    1,        -11.16,          3.31,       1.18,      11.83,     39.13,          0.50
       -3,          1,    2,         -8.07,          3.31,       1.42,      14.17,     46.87,          0.68
       -3,          1,    3,         -6.78,          3.31,       1.58,      15.79,     52.24,          0.74
       -3,          1,    4,         -6.06,          3.31,       1.71,      17.07,     56.46,          0.76
       -3,          1,    5,         -5.67,          3.31,       1.84,      18.35,     60.68,          0.73
       -3,          1,    6,         -5.38,          3.31,       1.95,      19.47,     64.41,          0.71
       -3,          1,    7,         -4.61,          3.31,       2.05,      20.46,     67.68,          0.79
       -3,          2,    1,        -10.16,          3.31,       1.25,      12.47,     41.26,          0.55
       -3,          2,    2,         -6.94,          3.31,       1.53,      15.30,     50.61,          0.75
       -3,          2,    3,         -5.52,          3.31,       1.72,      17.24,     57.03,          0.84
       -3,          2,    4,         -4.65,          3.31,       1.89,      18.88,     62.47,          0.88
       -3,          2,    5,         -4.12,          3.31,       2.02,      20.18,     66.75,          0.90
       -3,          2,    6,         -4.00,          3.31,       2.14,      21.38,     70.70,          0.85
       -3,          2,    7,         -3.40,          3.31,       2.24,      22.38,     74.03,          0.91
       -3,          3,    1,         -9.34,          3.31,       1.32,      13.22,     43.72,          0.58
       -3,          3,    2,         -6.05,          3.31,       1.64,      16.44,     54.38,          0.81
       -3,          3,    3,         -4.64,          3.31,       1.87,      18.65,     61.68,          0.90
       -3,          3,    4,         -3.81,          3.31,       2.03,      20.28,     67.10,          0.96
       -3,          3,    5,         -3.35,          3.31,       2.16,      21.57,     71.35,          0.97
       -3,          3,    6,         -3.01,          3.31,       2.27,      22.66,     74.96,          0.97
       -3,          3,    7,         -2.78,          3.31,       2.37,      23.66,     78.27,          0.96
       -3,          4,    1,         -8.83,          3.31,       1.39,      13.92,     46.05,          0.58
       -3,          4,    2,         -5.41,          3.31,       1.75,      17.52,     57.97,          0.84
       -3,          4,    3,         -4.04,          3.31,       1.99,      19.88,     65.75,          0.93
       -3,          4,    4,         -3.29,          3.31,       2.15,      21.49,     71.07,          0.99
       -3,          4,    5,         -2.83,          3.31,       2.29,      22.86,     75.59,          1.00
       -3,          4,    6,         -2.50,          3.31,       2.40,      24.02,     79.44,          1.01
       -3,          4,    7,         -2.26,          3.31,       2.52,      25.16,     83.21,          1.00
       -2,          1,    1,        -10.12,          3.31,       1.24,      12.37,     40.91,          0.57
       -2,          1,    2,         -7.16,          3.31,       1.50,      15.01,     49.64,          0.74
       -2,          1,    3,         -5.99,          3.31,       1.67,      16.73,     55.32,          0.80
       -2,          1,    4,         -4.86,          3.31,       1.82,      18.16,     60.07,          0.90
       -2,          1,    5,         -4.26,          3.31,       1.95,      19.48,     64.45,          0.92
       -2,          1,    6,         -3.83,          3.31,       2.06,      20.60,     68.13,          0.93
       -2,          1,    7,         -3.47,          3.31,       2.17,      21.71,     71.81,          0.93
       -2,          2,    1,         -9.01,          3.31,       1.32,      13.17,     43.56,          0.63
       -2,          2,    2,         -5.83,          3.31,       1.63,      16.29,     53.90,          0.87
       -2,          2,    3,         -4.69,          3.31,       1.84,      18.44,     60.99,          0.91
       -2,          2,    4,         -3.49,          3.31,       2.02,      20.16,     66.69,          1.04
       -2,          2,    5,         -2.93,          3.31,       2.16,      21.58,     71.37,          1.07
       -2,          2,    6,         -2.52,          3.31,       2.28,      22.81,     75.46,          1.08
       -2,          2,    7,         -2.24,          3.31,       2.39,      23.88,     78.97,          1.08
       -2,          3,    1,         -8.19,          3.31,       1.39,      13.96,     46.17,          0.67
       -2,          3,    2,         -4.88,          3.31,       1.76,      17.56,     58.08,          0.95
       -2,          3,    3,         -3.60,          3.31,       2.00,      20.02,     66.20,          1.03
       -2,          3,    4,         -2.99,          3.31,       2.18,      21.79,     72.06,          1.04
       -2,          3,    5,         -2.17,          3.31,       2.32,      23.18,     76.66,          1.15
       -2,          3,    6,         -1.83,          3.31,       2.44,      24.34,     80.49,          1.15
       -2,          3,    7,         -1.60,          3.31,       2.54,      25.40,     84.02,          1.15
       -2,          4,    1,         -7.57,          3.31,       1.48,      14.79,     48.91,          0.69
       -2,          4,    2,         -4.24,          3.31,       1.89,      18.87,     62.41,          0.97
       -2,          4,    3,         -2.86,          3.31,       2.14,      21.40,     70.76,          1.10
       -2,          4,    4,         -2.10,          3.31,       2.32,      23.19,     76.71,          1.16
       -2,          4,    5,         -1.70,          3.31,       2.47,      24.68,     81.62,          1.16
       -2,          4,    6,         -1.66,          3.31,       2.59,      25.96,     85.86,          1.09
       -2,          4,    7,         -1.07,          3.31,       2.71,      27.09,     89.59,          1.18
       -1,          1,    1,         -9.08,          3.31,       1.29,      12.89,     42.61,          0.66
       -1,          1,    2,         -5.95,          3.31,       1.57,      15.73,     52.03,          0.90
       -1,          1,    3,         -4.66,          3.31,       1.76,      17.60,     58.21,          0.99
       -1,          1,    4,         -3.91,          3.31,       1.91,      19.10,     63.16,          1.03
       -1,          1,    5,         -3.31,          3.31,       2.05,      20.49,     67.77,          1.06
       -1,          1,    6,         -2.88,          3.31,       2.17,      21.72,     71.82,          1.07
       -1,          1,    7,         -2.52,          3.31,       2.29,      22.93,     75.83,          1.07
       -1,          2,    1,         -8.28,          3.31,       1.37,      13.73,     45.42,          0.68
       -1,          2,    2,         -5.18,          3.31,       1.72,      17.13,     56.65,          0.92
       -1,          2,    3,         -3.40,          3.31,       1.95,      19.53,     64.59,          1.12
       -1,          2,    4,         -2.53,          3.31,       2.14,      21.39,     70.75,          1.19
       -1,          2,    5,         -1.97,          3.31,       2.29,      22.89,     75.70,          1.22
       -1,          2,    6,         -1.56,          3.31,       2.42,      24.16,     79.90,          1.24
       -1,          2,    7,         -1.28,          3.31,       2.53,      25.33,     83.78,          1.24
       -1,          3,    1,         -7.27,          3.31,       1.47,      14.69,     48.60,          0.75
       -1,          3,    2,         -4.20,          3.31,       1.87,      18.67,     61.76,          1.00
       -1,          3,    3,         -2.88,          3.31,       2.13,      21.28,     70.41,          1.10
       -1,          3,    4,         -1.66,          3.31,       2.32,      23.21,     76.74,          1.28
       -1,          3,    5,         -1.20,          3.31,       2.47,      24.66,     81.55,          1.31
       -1,          3,    6,         -0.86,          3.31,       2.60,      25.95,     85.82,          1.32
       -1,          3,    7,         -0.63,          3.31,       2.70,      27.04,     89.44,          1.31
       -1,          4,    1,         -6.64,          3.31,       1.56,      15.58,     51.55,          0.78
       -1,          4,    2,         -3.28,          3.31,       2.01,      20.05,     66.32,          1.10
       -1,          4,    3,         -2.17,          3.31,       2.28,      22.82,     75.46,          1.17
       -1,          4,    4,         -1.51,          3.31,       2.48,      24.81,     82.06,          1.21
       -1,          4,    5,         -0.66,          3.31,       2.64,      26.39,     87.29,          1.35
       -1,          4,    6,         -0.34,          3.31,       2.77,      27.67,     91.49,          1.36
       -1,          4,    7,         -0.09,          3.31,       2.89,      28.93,     95.67,          1.36
        0,          1,    1,         -8.21,          3.31,       1.34,      13.41,     44.34,          0.74
        0,          1,    2,         -5.05,          3.31,       1.65,      16.52,     54.65,          1.02
        0,          1,    3,         -3.78,          3.31,       1.86,      18.57,     61.43,          1.12
        0,          1,    4,         -3.34,          3.31,       2.01,      20.12,     66.56,          1.08
        0,          1,    5,         -2.40,          3.31,       2.16,      21.60,     71.46,          1.21
        0,          1,    6,         -1.98,          3.31,       2.29,      22.90,     75.74,          1.22
        0,          1,    7,         -1.62,          3.31,       2.41,      24.09,     79.70,          1.23
        0,          2,    1,         -7.21,          3.31,       1.44,      14.39,     47.60,          0.80
        0,          2,    2,         -3.92,          3.31,       1.81,      18.11,     59.92,          1.12
        0,          2,    3,         -2.50,          3.31,       2.06,      20.62,     68.19,          1.26
        0,          2,    4,         -1.95,          3.31,       2.26,      22.58,     74.68,          1.25
        0,          2,    5,         -1.44,          3.31,       2.42,      24.21,     80.05,          1.27
        0,          2,    6,         -0.65,          3.31,       2.56,      25.63,     84.76,          1.41
        0,          2,    7,         -0.37,          3.31,       2.68,      26.84,     88.76,          1.41
        0,          3,    1,         -6.38,          3.31,       1.54,      15.39,     50.92,          0.85
        0,          3,    2,         -3.01,          3.31,       1.98,      19.78,     65.44,          1.20
        0,          3,    3,         -1.58,          3.31,       2.26,      22.56,     74.62,          1.37
        0,          3,    4,         -0.75,          3.31,       2.47,      24.72,     81.74,          1.45
        0,          3,    5,         -0.29,          3.31,       2.63,      26.28,     86.92,          1.48
        0,          3,    6,         -0.21,          3.31,       2.76,      27.60,     91.26,          1.41
        0,          3,    7,         -0.10,          3.31,       2.87,      28.75,     95.07,          1.37
        0,          4,    1,         -5.76,          3.31,       1.64,      16.40,     54.27,          0.87
        0,          4,    2,         -2.37,          3.31,       2.13,      21.31,     70.48,          1.24
        0,          4,    3,         -0.96,          3.31,       2.43,      24.33,     80.45,          1.41
        0,          4,    4,         -0.19,          3.31,       2.65,      26.51,     87.68,          1.49
        0,          4,    5,          0.26,          3.31,       2.82,      28.16,     93.13,          1.53
        0,          4,    6,          0.58,          3.31,       2.95,      29.54,     97.67,          1.55
        0,          4,    7,          0.60,          3.31,       3.08,      30.77,    101.73,          1.47
        1,          1,    1,         -7.79,          3.31,       1.39,      13.94,     46.10,          0.74
        1,          1,    2,         -4.24,          3.31,       1.73,      17.28,     57.18,          1.13
        1,          1,    3,         -2.94,          3.31,       1.95,      19.48,     64.42,          1.25
        1,          1,    4,         -2.19,          3.31,       2.11,      21.11,     69.82,          1.31
        1,          1,    5,         -1.60,          3.31,       2.27,      22.69,     75.04,          1.35
        1,          1,    6,         -1.18,          3.31,       2.40,      24.01,     79.42,          1.37
        1,          1,    7,         -0.82,          3.31,       2.53,      25.31,     83.70,          1.38
        1,          2,    1,         -6.45,          3.31,       1.50,      14.99,     49.59,          0.88
        1,          2,    2,         -3.40,          3.31,       1.90,      19.03,     62.94,          1.17
        1,          2,    3,         -1.68,          3.31,       2.17,      21.72,     71.83,          1.41
        1,          2,    4,         -0.81,          3.31,       2.38,      23.82,     78.79,          1.51
        1,          2,    5,         -0.25,          3.31,       2.56,      25.57,     84.57,          1.55
        1,          2,    6,          0.16,          3.31,       2.71,      27.06,     89.48,          1.58
        1,          2,    7,          0.44,          3.31,       2.83,      28.32,     93.64,          1.59
        1,          3,    1,         -5.61,          3.31,       1.61,      16.06,     53.15,          0.93
        1,          3,    2,         -2.22,          3.31,       2.08,      20.81,     68.83,          1.33
        1,          3,    3,         -1.02,          3.31,       2.39,      23.85,     78.89,          1.43
        1,          3,    4,         -0.31,          3.31,       2.61,      26.16,     86.49,          1.48
        1,          3,    5,          0.55,          3.31,       2.78,      27.80,     91.95,          1.66
        1,          3,    6,          0.89,          3.31,       2.92,      29.20,     96.57,          1.68
        1,          3,    7,          1.11,          3.31,       3.04,      30.35,    100.35,          1.68
        1,          4,    1,         -4.99,          3.31,       1.71,      17.13,     56.68,          0.96
        1,          4,    2,         -1.56,          3.31,       2.25,      22.49,     74.38,          1.38
        1,          4,    3,         -0.15,          3.31,       2.58,      25.80,     85.33,          1.57
        1,          4,    4,          0.37,          3.31,       2.81,      28.10,     92.94,          1.57
        1,          4,    5,          1.09,          3.31,       2.98,      29.84,     98.69,          1.71
        1,          4,    6,          1.41,          3.31,       3.13,      31.28,    103.42,          1.74
        1,          4,    7,          1.66,          3.31,       3.26,      32.63,    107.87,          1.74
        2,          1,    1,         -6.44,          3.31,       1.47,      14.69,     48.60,          0.92
        2,          1,    2,         -3.18,          3.31,       1.85,      18.45,     61.03,          1.29
        2,          1,    3,         -1.88,          3.31,       2.08,      20.77,     68.70,          1.45
        2,          1,    4,         -1.39,          3.31,       2.26,      22.56,     74.62,          1.43
        2,          1,    5,         -0.52,          3.31,       2.43,      24.26,     80.22,          1.57
        2,          1,    6,         -0.10,          3.31,       2.57,      25.71,     85.02,          1.59
        2,          1,    7,          0.25,          3.31,       2.71,      27.09,     89.58,          1.61
        2,          2,    1,         -5.43,          3.31,       1.58,      15.86,     52.48,          1.00
        2,          2,    2,         -2.06,          3.31,       2.04,      20.34,     67.29,          1.43
        2,          2,    3,         -0.63,          3.31,       2.33,      23.33,     77.16,          1.62
        2,          2,    4,         -0.03,          3.31,       2.57,      25.67,     84.87,          1.62
        2,          2,    5,          0.84,          3.31,       2.75,      27.51,     90.99,          1.80
        2,          2,    6,          1.24,          3.31,       2.91,      29.09,     96.22,          1.84
        2,          2,    7,          1.53,          3.31,       3.04,      30.43,    100.60,          1.85
        2,          3,    1,         -4.60,          3.31,       1.70,      17.03,     56.32,          1.06
        2,          3,    2,         -1.15,          3.31,       2.24,      22.36,     73.96,          1.53
        2,          3,    3,          0.32,          3.31,       2.58,      25.78,     85.25,          1.75
        2,          3,    4,          1.16,          3.31,       2.83,      28.28,     93.53,          1.87
        2,          3,    5,          1.55,          3.31,       3.00,      30.01,     99.22,          1.89
        2,          3,    6,          1.64,          3.31,       3.15,      31.51,    104.19,          1.81
        2,          3,    7,          2.21,          3.31,       3.28,      32.74,    108.26,          1.97
        2,          4,    1,         -3.97,          3.31,       1.83,      18.32,     60.62,          1.08
        2,          4,    2,         -0.49,          3.31,       2.43,      24.27,     80.26,          1.58
        2,          4,    3,          0.95,          3.31,       2.80,      27.97,     92.51,          1.81
        2,          4,    4,          1.74,          3.31,       3.04,      30.43,    100.62,          1.94
        2,          4,    5,          2.20,          3.31,       3.23,      32.29,    106.78,          1.99
        2,          4,    6,          2.52,          3.31,       3.38,      33.81,    111.77,          2.03
        2,          4,    7,          2.74,          3.31,       3.52,      35.20,    116.38,          2.03
        3,          1,    1,         -6.21,          3.31,       1.52,      15.19,     50.24,          0.91
        3,          1,    2,         -2.54,          3.31,       1.92,      19.19,     63.48,          1.40
        3,          1,    3,         -1.22,          3.31,       2.17,      21.66,     71.62,          1.58
        3,          1,    4,         -0.46,          3.31,       2.35,      23.53,     77.82,          1.66
        3,          1,    5,          0.12,          3.31,       2.53,      25.32,     83.73,          1.72
        3,          1,    6,          0.54,          3.31,       2.68,      26.80,     88.63,          1.75
        3,          1,    7,          0.89,          3.31,       2.82,      28.22,     93.33,          1.77
        3,          2,    1,         -4.83,          3.31,       1.64,      16.42,     54.32,          1.08
        3,          2,    2,         -1.49,          3.31,       2.12,      21.24,     70.26,          1.53
        3,          2,    3,         -0.31,          3.31,       2.44,      24.36,     80.59,          1.64
        3,          2,    4,          0.91,          3.31,       2.68,      26.83,     88.72,          1.90
        3,          2,    5,          1.48,          3.31,       2.88,      28.80,     95.24,          1.97
        3,          2,    6,          1.89,          3.31,       3.04,      30.38,    100.46,          2.02
        3,          2,    7,          2.18,          3.31,       3.18,      31.78,    105.09,          2.03
        3,          3,    1,         -4.01,          3.31,       1.77,      17.70,     58.53,          1.14
        3,          3,    2,         -0.52,          3.31,       2.34,      23.36,     77.27,          1.65
        3,          3,    3,          0.68,          3.31,       2.70,      27.00,     89.30,          1.78
        3,          3,    4,          1.82,          3.31,       2.96,      29.62,     97.96,          2.05
        3,          3,    5,          2.30,          3.31,       3.15,      31.47,    104.06,          2.11
        3,          3,    6,          2.64,          3.31,       3.30,      33.00,    109.11,          2.15
        3,          3,    7,          2.87,          3.31,       3.42,      34.22,    113.15,          2.16
        3,          4,    1,         -3.38,          3.31,       1.91,      19.06,     63.03,          1.17
        3,          4,    2,          0.15,          3.31,       2.55,      25.45,     84.16,          1.71
        3,          4,    3,          1.59,          3.31,       2.93,      29.34,     97.02,          1.97
        3,          4,    4,          2.12,          3.31,       3.19,      31.93,    105.57,          1.99
        3,          4,    5,          2.86,          3.31,       3.38,      33.81,    111.79,          2.19
        3,          4,    6,          3.18,          3.31,       3.54,      35.38,    116.95,          2.23
        3,          4,    7,          3.42,          3.31,       3.68,      36.79,    121.62,          2.24
        4,          1,    1,         -4.82,          3.31,       1.61,      16.08,     53.20,          1.12
        4,          1,    2,         -1.42,          3.31,       2.06,      20.58,     68.07,          1.63
        4,          1,    3,         -0.07,          3.31,       2.33,      23.34,     77.19,          1.84
        4,          1,    4,          0.68,          3.31,       2.53,      25.31,     83.71,          1.95
        4,          1,    5,          1.25,          3.31,       2.72,      27.20,     89.97,          2.02
        4,          1,    6,          1.48,          3.31,       2.88,      28.81,     95.26,          1.97
        4,          1,    7,          1.66,          3.31,       3.03,      30.27,    100.10,          1.92
        4,          2,    1,         -4.19,          3.31,       1.74,      17.43,     57.67,          1.13
        4,          2,    2,         -0.31,          3.31,       2.29,      22.86,     75.62,          1.80
        4,          2,    3,          1.18,          3.31,       2.64,      26.38,     87.25,          2.07
        4,          2,    4,          2.06,          3.31,       2.90,      28.99,     95.88,          2.23
        4,          2,    5,          2.64,          3.31,       3.11,      31.07,    102.72,          2.33
        4,          2,    6,          3.05,          3.31,       3.28,      32.80,    108.45,          2.39
        4,          2,    7,          3.32,          3.31,       3.42,      34.23,    113.16,          2.40
        4,          3,    1,         -3.33,          3.31,       1.89,      18.93,     62.63,          1.19
        4,          3,    2,          0.60,          3.31,       2.53,      25.28,     83.59,          1.92
        4,          3,    3,          2.12,          3.31,       2.93,      29.26,     96.78,          2.23
        4,          3,    4,          2.98,          3.31,       3.21,      32.10,    106.13,          2.41
        4,          3,    5,          3.48,          3.31,       3.41,      34.04,    112.56,          2.50
        4,          3,    6,          3.82,          3.31,       3.57,      35.67,    117.93,          2.56
        4,          3,    7,          4.04,          3.31,       3.70,      37.01,    122.34,          2.57
        4,          4,    1,         -2.52,          3.31,       2.04,      20.38,     67.40,          1.28
        4,          4,    2,          1.28,          3.31,       2.76,      27.60,     91.26,          1.99
        4,          4,    3,          2.78,          3.31,       3.19,      31.89,    105.45,          2.32
        4,          4,    4,          3.58,          3.31,       3.46,      34.63,    114.51,          2.51
        4,          4,    5,          4.05,          3.31,       3.67,      36.70,    121.32,          2.60
        4,          4,    6,          4.37,          3.31,       3.84,      38.37,    126.85,          2.65
        4,          4,    7,          4.59,          3.31,       3.99,      39.89,    131.85,          2.66
        5,          1,    1,         -4.48,          3.31,       1.67,      16.65,     55.06,          1.14
        5,          1,    2,         -1.10,          3.31,       2.15,      21.53,     71.20,          1.64
        5,          1,    3,          0.63,          3.31,       2.44,      24.40,     80.70,          2.03
        5,          1,    4,          1.38,          3.31,       2.65,      26.51,     87.68,          2.15
        5,          1,    5,          1.96,          3.31,       2.85,      28.44,     94.06,          2.23
        5,          1,    6,          2.37,          3.31,       3.00,      30.03,     99.31,          2.29
        5,          1,    7,          2.72,          3.31,       3.16,      31.59,    104.45,          2.32
        5,          2,    1,         -3.20,          3.31,       1.82,      18.17,     60.09,          1.32
        5,          2,    2,          0.10,          3.31,       2.39,      23.94,     79.19,          1.85
        5,          2,    3,          1.50,          3.31,       2.76,      27.61,     91.30,          2.09
        5,          2,    4,          2.77,          3.31,       3.03,      30.35,    100.35,          2.47
        5,          2,    5,          3.36,          3.31,       3.26,      32.57,    107.70,          2.58
        5,          2,    6,          3.78,          3.31,       3.44,      34.37,    113.61,          2.66
        5,          2,    7,          4.07,          3.31,       3.59,      35.88,    118.61,          2.69
        5,          3,    1,         -2.35,          3.31,       1.97,      19.75,     65.34,          1.39
        5,          3,    2,          1.26,          3.31,       2.65,      26.56,     87.83,          2.08
        5,          3,    3,          2.51,          3.31,       3.07,      30.73,    101.62,          2.28
        5,          3,    4,          3.72,          3.31,       3.37,      33.68,    111.37,          2.68
        5,          3,    5,          4.22,          3.31,       3.58,      35.79,    118.31,          2.79
        5,          3,    6,          4.57,          3.31,       3.75,      37.50,    123.97,          2.85
        5,          3,    7,          4.80,          3.31,       3.89,      38.92,    128.64,          2.87
        5,          4,    1,         -1.72,          3.31,       2.13,      21.28,     70.40,          1.44
        5,          4,    2,          1.98,          3.31,       2.90,      28.98,     95.83,          2.19
        5,          4,    3,          3.37,          3.31,       3.35,      33.52,    110.81,          2.49
        5,          4,    4,          3.97,          3.31,       3.65,      36.49,    120.62,          2.57
        5,          4,    5,          4.80,          3.31,       3.87,      38.68,    127.86,          2.90
        5,          4,    6,          5.13,          3.31,       4.04,      40.43,    133.65,          2.96
        5,          4,    7,          5.37,          3.31,       4.20,      42.01,    138.86,          2.99
        6,          1,    1,         -3.45,          3.31,       1.74,      17.39,     57.53,          1.34
        6,          1,    2,          0.14,          3.31,       2.27,      22.72,     75.14,          2.01
        6,          1,    3,          1.52,          3.31,       2.58,      25.79,     85.29,          2.31
        6,          1,    4,          2.28,          3.31,       2.80,      28.02,     92.66,          2.46
        6,          1,    5,          2.86,          3.31,       3.01,      30.04,     99.35,          2.56
        6,          1,    6,          3.16,          3.31,       3.18,      31.78,    105.08,          2.55
        6,          1,    7,          3.29,          3.31,       3.34,      33.36,    110.30,          2.47
        6,          2,    1,         -2.41,          3.31,       1.90,      19.01,     62.87,          1.47
        6,          2,    2,          1.26,          3.31,       2.54,      25.35,     83.82,          2.23
        6,          2,    3,          2.80,          3.31,       2.93,      29.28,     96.81,          2.61
        6,          2,    4,          3.69,          3.31,       3.22,      32.22,    106.52,          2.83
        6,          2,    5,          4.30,          3.31,       3.45,      34.53,    114.17,          2.98
        6,          2,    6,          4.73,          3.31,       3.65,      36.51,    120.70,          3.06
        6,          2,    7,          5.03,          3.31,       3.81,      38.13,    126.04,          3.11
        6,          3,    1,         -1.67,          3.31,       2.07,      20.68,     68.40,          1.52
        6,          3,    2,          1.83,          3.31,       2.81,      28.13,     93.05,          2.20
        6,          3,    3,          3.78,          3.31,       3.27,      32.70,    108.10,          2.83
        6,          3,    4,          4.67,          3.31,       3.59,      35.87,    118.57,          3.09
        6,          3,    5,          5.19,          3.31,       3.82,      38.19,    126.26,          3.22
        6,          3,    6,          5.54,          3.31,       4.00,      40.03,    132.29,          3.30
        6,          3,    7,          5.78,          3.31,       4.15,      41.48,    137.09,          3.34
        6,          4,    1,         -0.98,          3.31,       2.24,      22.35,     73.93,          1.59
        6,          4,    2,          2.58,          3.31,       3.07,      30.75,    101.67,          2.32
        6,          4,    3,          4.46,          3.31,       3.57,      35.74,    118.16,          2.96
        6,          4,    4,          5.30,          3.31,       3.90,      39.00,    128.89,          3.22
        6,          4,    5,          5.79,          3.31,       4.13,      41.32,    136.57,          3.36
        6,          4,    6,          6.12,          3.30,       4.32,      43.17,    142.66,          3.44
        6,          4,    7,          6.36,          3.30,       4.48,      44.81,    148.09,          3.48
        7,          1,    1,         -2.63,          3.31,       1.82,      18.22,     60.27,          1.50
        7,          1,    2,          1.11,          3.31,       2.40,      24.02,     79.44,          2.32
        7,          1,    3,          2.50,          3.31,       2.74,      27.35,     90.45,          2.67
        7,          1,    4,          3.00,          3.31,       2.97,      29.72,     98.29,          2.68
        7,          1,    5,          3.90,          3.31,       3.19,      31.93,    105.57,          3.00
        7,          1,    6,          4.31,          3.31,       3.37,      33.66,    111.30,          3.09
        7,          1,    7,          4.68,          3.31,       3.54,      35.39,    116.98,          3.15
        7,          2,    1,         -1.57,          3.31,       2.00,      20.00,     66.15,          1.65
        7,          2,    2,          2.25,          3.31,       2.69,      26.90,     88.96,          2.58
        7,          2,    3,          3.78,          3.31,       3.12,      31.17,    103.07,          3.01
        7,          2,    4,          4.41,          3.31,       3.43,      34.29,    113.36,          3.08
        7,          2,    5,          5.35,          3.31,       3.69,      36.91,    122.01,          3.50
        7,          2,    6,          5.79,          3.31,       3.90,      39.04,    129.03,          3.60
        7,          2,    7,          6.09,          3.31,       4.08,      40.77,    134.77,          3.67
        7,          3,    1,         -0.73,          3.31,       2.17,      21.73,     71.88,          1.76
        7,          3,    2,          3.19,          3.31,       2.99,      29.92,     98.95,          2.77
        7,          3,    3,          4.75,          3.31,       3.49,      34.93,    115.48,          3.25
        7,          3,    4,          5.39,          3.31,       3.85,      38.47,    127.17,          3.35
        7,          3,    5,          6.27,          3.31,       4.10,      40.98,    135.47,          3.79
        7,          3,    6,          6.63,          3.30,       4.30,      42.95,    141.93,          3.89
        7,          3,    7,          6.87,          3.30,       4.45,      44.50,    147.08,          3.94
        7,          4,    1,         -0.08,          3.31,       2.36,      23.55,     77.89,          1.81
        7,          4,    2,          3.91,          3.31,       3.29,      32.86,    108.65,          2.90
        7,          4,    3,          5.53,          3.31,       3.84,      38.38,    126.89,          3.46
        7,          4,    4,          6.38,          3.31,       4.20,      41.98,    138.74,          3.78
        7,          4,    5,          6.87,          3.30,       4.45,      44.48,    147.00,          3.95
        7,          4,    6,          7.03,          3.30,       4.65,      46.52,    153.74,          3.88
        7,          4,    7,          7.08,          3.30,       4.82,      48.22,    159.35,          3.76
        8,          1,    1,         -1.90,          3.31,       1.89,      18.87,     62.42,          1.68
        8,          1,    2,          1.97,          3.31,       2.52,      25.23,     83.44,          2.65
        8,          1,    3,          3.44,          3.31,       2.89,      28.87,     95.48,          3.08
        8,          1,    4,          4.21,          3.31,       3.14,      31.35,    103.65,          3.31
        8,          1,    5,          4.81,          3.31,       3.37,      33.66,    111.28,          3.47
        8,          1,    6,          5.20,          3.31,       3.56,      35.56,    117.53,          3.54
        8,          1,    7,          5.30,          3.31,       3.74,      37.36,    123.51,          3.40
        8,          2,    1,         -1.18,          3.31,       2.07,      20.71,     68.49,          1.71
        8,          2,    2,          3.12,          3.31,       2.84,      28.36,     93.79,          2.93
        8,          2,    3,          4.73,          3.31,       3.30,      33.00,    109.11,          3.48
        8,          2,    4,          5.65,          3.31,       3.64,      36.39,    120.28,          3.81
        8,          2,    5,          6.28,          3.31,       3.92,      39.21,    129.61,          4.01
        8,          2,    6,          6.72,          3.31,       4.15,      41.47,    137.05,          4.15
        8,          2,    7,          7.04,          3.30,       4.34,      43.36,    143.28,          4.23
        8,          3,    1,          0.04,          3.31,       2.26,      22.61,     74.78,          1.98
        8,          3,    2,          4.06,          3.31,       3.16,      31.59,    104.44,          3.16
        8,          3,    3,          5.45,          3.31,       3.71,      37.07,    122.55,          3.55
        8,          3,    4,          6.66,          3.31,       4.09,      40.95,    135.35,          4.16
        8,          3,    5,          7.22,          3.30,       4.37,      43.76,    144.60,          4.36
        8,          3,    6,          7.58,          3.30,       4.59,      45.92,    151.75,          4.48
        8,          3,    7,          7.83,          3.30,       4.75,      47.55,    157.12,          4.55
        8,          4,    1,          0.69,          3.31,       2.46,      24.56,     81.22,          2.04
        8,          4,    2,          4.80,          3.31,       3.47,      34.71,    114.76,          3.32
        8,          4,    3,          6.46,          3.31,       4.09,      40.86,    135.04,          3.98
        8,          4,    4,          7.02,          3.30,       4.48,      44.83,    148.14,          4.05
        8,          4,    5,          7.84,          3.30,       4.76,      47.60,    157.28,          4.55
        8,          4,    6,          8.18,          3.30,       4.97,      49.73,    164.31,          4.68
        8,          4,    7,          8.42,          3.30,       5.16,      51.62,    170.57,          4.74
        9,          1,    1,         -1.17,          3.31,       1.95,      19.49,     64.48,          1.88
        9,          1,    2,          2.84,          3.31,       2.65,      26.55,     87.80,          3.01
        9,          1,    3,          4.34,          3.31,       3.05,      30.46,    100.71,          3.54
        9,          1,    4,          5.12,          3.31,       3.32,      33.16,    109.64,          3.80
        9,          1,    5,          5.53,          3.31,       3.56,      35.63,    117.79,          3.80
        9,          1,    6,          5.80,          3.31,       3.76,      37.65,    124.46,          3.78
        9,          1,    7,          6.53,          3.31,       3.97,      39.64,    131.03,          4.20
        9,          2,    1,         -0.07,          3.31,       2.15,      21.45,     70.96,          2.09
        9,          2,    2,          4.00,          3.31,       2.98,      29.85,     98.71,          3.36
        9,          2,    3,          5.65,          3.31,       3.49,      34.93,    115.47,          4.01
        9,          2,    4,          6.58,          3.31,       3.87,      38.63,    127.69,          4.39
        9,          2,    5,          7.23,          3.31,       4.18,      41.79,    138.13,          4.63
        9,          2,    6,          7.68,          3.30,       4.42,      44.18,    145.98,          4.80
        9,          2,    7,          8.01,          3.30,       4.63,      46.28,    152.92,          4.90
        9,          3,    1,          0.77,          3.31,       2.35,      23.49,     77.68,          2.22
        9,          3,    2,          4.62,          3.31,       3.34,      33.35,    110.25,          3.36
        9,          3,    3,          6.68,          3.31,       3.94,      39.40,    130.22,          4.38
        9,          3,    4,          7.63,          3.30,       4.37,      43.68,    144.33,          4.81
        9,          3,    5,          8.20,          3.30,       4.68,      46.80,    154.64,          5.05
        9,          3,    6,          8.58,          3.30,       4.91,      49.11,    162.26,          5.21
        9,          3,    7,          8.82,          3.30,       5.09,      50.93,    168.27,          5.27
        9,          4,    1,          1.16,          3.31,       2.56,      25.53,     84.44,          2.15
        9,          4,    2,          5.71,          3.31,       3.68,      36.76,    121.50,          3.81
        9,          4,    3,          7.42,          3.30,       4.36,      43.57,    143.97,          4.59
        9,          4,    4,          8.31,          3.30,       4.80,      47.92,    158.36,          5.04
        9,          4,    5,          8.84,          3.30,       5.11,      51.05,    168.68,          5.28
        9,          4,    6,          9.18,          3.30,       5.34,      53.45,    176.61,          5.42
        9,          4,    7,          9.43,          3.30,       5.55,      55.44,    183.17,          5.50
       10,          1,    1,         -0.52,          3.31,       2.00,      19.97,     66.06,          2.11
       10,          1,    2,          3.40,          3.31,       2.76,      27.62,     91.34,          3.25
       10,          1,    3,          4.87,          3.31,       3.20,      31.98,    105.74,          3.75
       10,          1,    4,          5.95,          3.31,       3.48,      34.80,    115.04,          4.33
       10,          1,    5,          6.56,          3.31,       3.75,      37.48,    123.91,          4.53
       10,          1,    6,          6.98,          3.31,       3.97,      39.64,    131.02,          4.66
       10,          1,    7,          7.35,          3.30,       4.18,      41.74,    137.94,          4.77
       10,          2,    1,          0.60,          3.31,       2.20,      22.00,     72.78,          2.35
       10,          2,    2,          4.77,          3.31,       3.11,      31.14,    102.96,          3.79
       10,          2,    3,          6.25,          3.31,       3.67,      36.69,    121.31,          4.33
       10,          2,    4,          7.04,          3.31,       4.07,      40.72,    134.59,          4.57
       10,          2,    5,          8.07,          3.30,       4.41,      44.10,    145.74,          5.26
       10,          2,    6,          8.52,          3.30,       4.68,      46.75,    154.48,          5.45
       10,          2,    7,          8.86,          3.30,       4.90,      48.96,    161.79,          5.58
       10,          3,    1,          1.49,          3.31,       2.41,      24.16,     79.90,          2.52
       10,          3,    2,          5.75,          3.31,       3.49,      34.88,    115.30,          4.11
       10,          3,    3,          7.49,          3.31,       4.16,      41.65,    137.65,          4.93
       10,          3,    4,          8.14,          3.30,       4.63,      46.29,    152.96,          5.05
       10,          3,    5,          8.69,          3.30,       4.97,      49.70,    164.24,          5.27
       10,          3,    6,          9.46,          3.30,       5.23,      52.26,    172.68,          5.93
       10,          3,    7,          9.72,          3.30,       5.43,      54.28,    179.35,          6.03
       10,          4,    1,          2.18,          3.31,       2.63,      26.33,     87.09,          2.61
       10,          4,    2,          6.50,          3.31,       3.86,      38.62,    127.66,          4.30
       10,          4,    3,          8.26,          3.30,       4.62,      46.16,    152.55,          5.21
       10,          4,    4,          9.18,          3.30,       5.10,      50.98,    168.45,          5.73
       10,          4,    5,          9.70,          3.30,       5.45,      54.44,    179.87,          5.99
       10,          4,    6,          9.73,          3.30,       5.70,      57.03,    188.44,          5.71
       10,          4,    7,         10.33,          3.30,       5.93,      59.28,    195.84,          6.27
       11,          1,    1,          0.11,          3.31,       2.04,      20.35,     67.30,          2.37
       11,          1,    2,          4.32,          3.31,       2.87,      28.70,     94.91,          3.81
       11,          1,    3,          5.93,          3.31,       3.34,      33.43,    110.52,          4.53
       11,          1,    4,          6.75,          3.31,       3.66,      36.54,    120.76,          4.88
       11,          1,    5,          7.36,          3.31,       3.94,      39.39,    130.19,          5.13
       11,          1,    6,          7.78,          3.30,       4.17,      41.70,    137.81,          5.27
       11,          1,    7,          8.14,          3.30,       4.39,      43.84,    144.89,          5.38
       11,          2,    1,          0.91,          3.31,       2.25,      22.49,     74.40,          2.45
       11,          2,    2,          5.49,          3.31,       3.24,      32.45,    107.31,          4.24
       11,          2,    3,          7.22,          3.31,       3.85,      38.50,    127.26,          5.11
       11,          2,    4,          8.18,          3.30,       4.28,      42.83,    141.56,          5.59
       11,          2,    5,          8.86,          3.30,       4.65,      46.53,    153.76,          5.93
       11,          2,    6,          9.32,          3.30,       4.94,      49.38,    163.19,          6.15
       11,          2,    7,          9.68,          3.30,       5.19,      51.88,    171.41,          6.29
       11,          3,    1,          2.11,          3.31,       2.48,      24.76,     81.87,          2.80
       11,          3,    2,          6.43,          3.31,       3.64,      36.41,    120.38,          4.55
       11,          3,    3,          8.00,          3.30,       4.38,      43.79,    144.72,          5.22
       11,          3,    4,          8.88,          3.30,       4.89,      48.89,    161.54,          5.61
       11,          3,    5,          9.89,          3.30,       5.27,      52.71,    174.17,          6.48
       11,          3,    6,         10.29,          3.30,       5.56,      55.61,    183.73,          6.69
       11,          3,    7,         10.56,          3.30,       5.78,      57.80,    190.99,          6.81
       11,          4,    1,          2.79,          3.31,       2.70,      27.00,     89.30,          2.91
       11,          4,    2,          7.21,          3.31,       4.04,      40.41,    133.56,          4.80
       11,          4,    3,          9.01,          3.30,       4.88,      48.75,    161.07,          5.81
       11,          4,    4,          9.66,          3.30,       5.42,      54.20,    179.09,          5.95
       11,          4,    5,         10.57,          3.30,       5.81,      58.06,    191.83,          6.79
       11,          4,    6,         10.94,          3.30,       6.09,      60.89,    201.17,          7.00
       11,          4,    7,         11.20,          3.30,       6.32,      63.22,    208.87,          7.12
       12,          1,    1,          0.69,          3.31,       2.07,      20.76,     68.66,          2.63
       12,          1,    2,          5.03,          3.31,       2.99,      29.89,     98.85,          4.27
       12,          1,    3,          6.72,          3.31,       3.51,      35.11,    116.08,          5.11
       12,          1,    4,          7.51,          3.31,       3.85,      38.50,    127.27,          5.46
       12,          1,    5,          7.86,          3.31,       4.16,      41.58,    137.42,          5.39
       12,          1,    6,          8.62,          3.30,       4.40,      43.98,    145.32,          6.00
       12,          1,    7,          9.00,          3.30,       4.64,      46.36,    153.19,          6.15
       12,          2,    1,          1.81,          3.31,       2.30,      22.99,     76.03,          2.92
       12,          2,    2,          6.19,          3.31,       3.38,      33.81,    111.77,          4.74
       12,          2,    3,          8.00,          3.31,       4.05,      40.51,    133.92,          5.75
       12,          2,    4,          8.95,          3.30,       4.53,      45.26,    149.56,          6.25
       12,          2,    5,          9.39,          3.30,       4.93,      49.27,    162.80,          6.26
       12,          2,    6,          9.77,          3.30,       5.24,      52.40,    173.15,          6.35
       12,          2,    7,         10.53,          3.30,       5.51,      55.14,    182.19,          7.14
       12,          3,    1,          2.70,          3.31,       2.53,      25.31,     83.70,          3.12
       12,          3,    2,          7.16,          3.31,       3.80,      38.02,    125.67,          5.11
       12,          3,    3,          9.05,          3.30,       4.63,      46.24,    152.79,          6.25
       12,          3,    4,         10.08,          3.30,       5.19,      51.85,    171.32,          6.92
       12,          3,    5,         10.74,          3.30,       5.62,      56.21,    185.70,          7.33
       12,          3,    6,         11.14,          3.30,       5.95,      59.45,    196.42,          7.54
       12,          3,    7,         11.12,          3.30,       6.19,      61.90,    204.52,          7.17
       12,          4,    1,          3.02,          3.31,       2.76,      27.60,     91.27,          2.98
       12,          4,    2,          7.91,          3.30,       4.23,      42.27,    139.70,          5.34
       12,          4,    3,          9.84,          3.30,       5.17,      51.66,    170.71,          6.58
       12,          4,    4,         10.85,          3.30,       5.78,      57.81,    191.01,          7.27
       12,          4,    5,         11.45,          3.30,       6.23,      62.24,    205.63,          7.69
       12,          4,    6,         11.83,          3.30,       6.53,      65.31,    215.79,          7.95
       12,          4,    7,         12.07,          3.30,       6.78,      67.81,    224.01,          8.05
       13,          1,    1,          0.89,          3.31,       2.12,      21.18,     70.06,          2.67
       13,          1,    2,          5.73,          3.31,       3.11,      31.08,    102.76,          4.75
       13,          1,    3,          7.53,          3.31,       3.71,      37.05,    122.48,          5.76
       13,          1,    4,          8.41,          3.31,       4.08,      40.76,    134.74,          6.27
       13,          1,    5,          9.06,          3.30,       4.41,      44.12,    145.81,          6.63
       13,          1,    6,          9.50,          3.30,       4.67,      46.70,    154.33,          6.85
       13,          1,    7,          9.84,          3.30,       4.93,      49.26,    162.77,          6.96
       13,          2,    1,          2.09,          3.31,       2.35,      23.49,     77.68,          3.02
       13,          2,    2,          6.89,          3.31,       3.53,      35.27,    116.63,          5.28
       13,          2,    3,          8.81,          3.30,       4.29,      42.85,    141.59,          6.47
       13,          2,    4,          9.83,          3.30,       4.79,      47.94,    158.41,          7.16
       13,          2,    5,         10.56,          3.30,       5.25,      52.46,    173.33,          7.63
       13,          2,    6,         11.06,          3.30,       5.59,      55.95,    184.87,          7.93
       13,          2,    7,         11.45,          3.30,       5.90,      59.03,    195.04,          8.16
       13,          3,    1,          3.26,          3.31,       2.58,      25.81,     85.36,          3.46
       13,          3,    2,          7.68,          3.31,       3.98,      39.73,    131.32,          5.46
       13,          3,    3,          9.47,          3.30,       4.89,      48.93,    161.66,          6.44
       13,          3,    4,         10.94,          3.30,       5.53,      55.31,    182.75,          7.82
       13,          3,    5,         11.64,          3.30,       6.03,      60.28,    199.16,          8.33
       13,          3,    6,         12.07,          3.30,       6.39,      63.85,    210.97,          8.61
       13,          3,    7,         12.40,          3.30,       6.66,      66.63,    220.14,          8.87
       13,          4,    1,          3.93,          3.31,       2.82,      28.20,     93.26,          3.57
       13,          4,    2,          8.59,          3.30,       4.42,      44.16,    145.95,          5.93
       13,          4,    3,         10.47,          3.30,       5.49,      54.90,    181.39,          7.08
       13,          4,    4,         11.38,          3.30,       6.20,      61.96,    204.73,          7.59
       13,          4,    5,         12.38,          3.30,       6.70,      66.96,    221.24,          8.77
       13,          4,    6,         12.78,          3.30,       7.05,      70.50,    232.92,          9.09
       13,          4,    7,         13.07,          3.30,       7.33,      73.28,    242.06,          9.30
       14,          1,    1,          1.68,          3.31,       2.15,      21.49,     71.09,          3.14
       14,          1,    2,          6.27,          3.31,       3.22,      32.18,    106.39,          5.16
       14,          1,    3,          8.20,          3.31,       3.89,      38.87,    128.47,          6.34
       14,          1,    4,          8.80,          3.30,       4.30,      42.96,    141.98,          6.44
       14,          1,    5,          9.81,          3.30,       4.65,      46.53,    153.75,          7.39
       14,          1,    6,         10.26,          3.30,       4.93,      49.28,    162.83,          7.66
       14,          1,    7,         10.67,          3.30,       5.21,      52.08,    172.09,          7.89
       14,          2,    1,          2.79,          3.31,       2.38,      23.83,     78.84,          3.47
       14,          2,    2,          7.44,          3.31,       3.65,      36.53,    120.77,          5.73
       14,          2,    3,          9.47,          3.30,       4.49,      44.94,    148.51,          7.12
       14,          2,    4,         10.26,          3.30,       5.06,      50.54,    167.01,          7.43
       14,          2,    5,         10.93,          3.30,       5.55,      55.52,    183.44,          7.77
       14,          2,    6,         11.83,          3.30,       5.93,      59.32,    195.97,          8.87
       14,          2,    7,         12.24,          3.30,       6.27,      62.68,    207.09,          9.16
       14,          3,    1,          3.64,          3.31,       2.63,      26.29,     86.93,          3.68
       14,          3,    2,          8.39,          3.31,       4.11,      41.10,    135.85,          6.17
       14,          3,    3,         10.52,          3.30,       5.14,      51.39,    169.81,          7.74
       14,          3,    4,         11.44,          3.30,       5.85,      58.48,    193.21,          8.24
       14,          3,    5,         12.06,          3.30,       6.40,      63.99,    211.43,          8.58
       14,          3,    6,         12.90,          3.30,       6.79,      67.93,    224.43,          9.73
       14,          3,    7,         13.23,          3.30,       7.10,      70.98,    234.50,         10.00
       14,          4,    1,          4.27,          3.31,       2.87,      28.70,     94.89,          3.77
       14,          4,    2,          9.12,          3.30,       4.58,      45.76,    151.24,          6.41
       14,          4,    3,         11.34,          3.30,       5.78,      57.79,    190.93,          8.15
       14,          4,    4,         12.47,          3.30,       6.57,      65.71,    217.11,          9.15
       14,          4,    5,         12.91,          3.30,       7.13,      71.32,    235.63,          9.23
       14,          4,    6,         13.62,          3.30,       7.50,      75.01,    247.77,         10.27
       14,          4,    7,         13.92,          3.30,       7.79,      77.89,    257.27,         10.56
       15,          1,    1,          1.95,          3.31,       2.18,      21.79,     72.08,          3.27
       15,          1,    2,          6.75,          3.31,       3.32,      33.16,    109.63,          5.54
       15,          1,    3,          8.83,          3.31,       4.07,      40.66,    134.39,          6.94
       15,          1,    4,          9.81,          3.30,       4.52,      45.18,    149.31,          7.66
       15,          1,    5,         10.50,          3.30,       4.90,      48.97,    161.82,          8.16
       15,          1,    6,         10.84,          3.30,       5.20,      51.96,    171.68,          8.23
       15,          1,    7,         11.04,          3.30,       5.50,      54.94,    181.52,          8.08
       15,          2,    1,          2.66,          3.31,       2.42,      24.18,     79.95,          3.32
       15,          2,    2,          7.90,          3.31,       3.76,      37.61,    124.33,          6.17
       15,          2,    3,         10.09,          3.30,       4.70,      46.97,    155.20,          7.81
       15,          2,    4,         11.22,          3.30,       5.32,      53.17,    175.66,          8.76
       15,          2,    5,         12.03,          3.30,       5.85,      58.48,    193.22,          9.45
       15,          2,    6,         12.58,          3.30,       6.25,      62.49,    206.46,          9.94
       15,          2,    7,         12.98,          3.30,       6.59,      65.89,    217.71,         10.28
       15,          3,    1,          3.62,          3.31,       2.67,      26.67,     88.21,          3.59
       15,          3,    2,          8.47,          3.30,       4.24,      42.34,    139.92,          6.08
       15,          3,    3,         11.14,          3.30,       5.38,      53.74,    177.56,          8.47
       15,          3,    4,         12.35,          3.30,       6.15,      61.49,    203.16,          9.60
       15,          3,    5,         13.16,          3.30,       6.73,      67.28,    222.28,         10.46
       15,          3,    6,         13.67,          3.30,       7.13,      71.25,    235.37,         11.03
       15,          3,    7,         14.02,          3.30,       7.42,      74.24,    245.25,         11.41
       15,          4,    1,          4.47,          3.31,       2.91,      29.09,     96.19,          3.88
       15,          4,    2,          9.31,          3.30,       4.70,      47.02,    155.37,          6.49
       15,          4,    3,         11.57,          3.30,       6.06,      60.54,    200.03,          8.16
       15,          4,    4,         13.19,          3.30,       6.91,      69.09,    228.24,         10.22
       15,          4,    5,         13.97,          3.30,       7.49,      74.87,    247.34,         11.18
       15,          4,    6,         14.44,          3.30,       7.88,      78.83,    260.35,         11.76
       15,          4,    7,         14.76,          3.30,       8.19,      81.88,    270.38,         12.16
       16,          1,    1,          2.14,          3.31,       2.21,      22.07,     72.99,          3.36
       16,          1,    2,          7.18,          3.31,       3.40,      34.02,    112.47,          5.93
       16,          1,    3,          9.44,          3.30,       4.25,      42.56,    140.65,          7.56
       16,          1,    4,         10.22,          3.30,       4.75,      47.52,    157.01,          7.92
       16,          1,    5,         11.26,          3.30,       5.15,      51.51,    170.20,          9.17
       16,          1,    6,         11.76,          3.30,       5.46,      54.57,    180.29,          9.61
       16,          1,    7,         12.21,          3.30,       5.76,      57.60,    190.31,         10.02
       16,          2,    1,          3.22,          3.31,       2.45,      24.51,     81.07,          3.70
       16,          2,    2,          8.34,          3.31,       3.87,      38.67,    127.82,          6.59
       16,          2,    3,         10.67,          3.30,       4.91,      49.08,    162.17,          8.46
       16,          2,    4,         11.71,          3.30,       5.58,      55.75,    184.20,          9.27
       16,          2,    5,         12.46,          3.30,       6.12,      61.22,    202.26,          9.90
       16,          2,    6,         13.42,          3.30,       6.53,      65.26,    215.62,         11.48
       16,          2,    7,         13.87,          3.30,       6.88,      68.78,    227.25,         12.01
       16,          3,    1,          4.04,          3.31,       2.70,      27.03,     89.39,          3.89
       16,          3,    2,          9.25,          3.30,       4.35,      43.45,    143.58,          7.05
       16,          3,    3,         11.77,          3.30,       5.60,      56.05,    185.19,          9.34
       16,          3,    4,         13.12,          3.30,       6.42,      64.20,    212.11,         10.92
       16,          3,    5,         13.68,          3.30,       7.03,      70.26,    232.11,         11.23
       16,          3,    6,         14.55,          3.30,       7.44,      74.44,    245.92,         12.84
       16,          3,    7,         14.91,          3.30,       7.77,      77.73,    256.75,         13.32
       16,          4,    1,          4.65,          3.31,       2.95,      29.49,     97.51,          3.98
       16,          4,    2,          9.94,          3.30,       4.82,      48.24,    159.41,          7.30
       16,          4,    3,         12.60,          3.30,       6.30,      63.03,    208.27,          9.88
       16,          4,    4,         14.04,          3.30,       7.23,      72.31,    238.88,         11.81
       16,          4,    5,         14.85,          3.30,       7.88,      78.81,    260.27,         12.93
       16,          4,    6,         15.06,          3.30,       8.31,      83.04,    274.17,         12.81
       16,          4,    7,         15.73,          3.30,       8.65,      86.47,    285.49,         14.33
       17,          1,    1,          2.29,          3.31,       2.23,      22.30,     73.75,          3.44
       17,          1,    2,          7.53,          3.31,       3.48,      34.75,    114.91,          6.26
       17,          1,    3,         10.04,          3.30,       4.40,      44.03,    145.52,          8.34
       17,          1,    4,         11.24,          3.30,       4.93,      49.27,    162.80,          9.63
       17,          1,    5,         12.00,          3.30,       5.35,      53.48,    176.71,         10.40
       17,          1,    6,         12.23,          3.30,       5.66,      56.62,    187.09,         10.26
       17,          1,    7,         13.02,          3.30,       5.98,      59.78,    197.51,         11.57
       17,          2,    1,          3.37,          3.31,       2.48,      24.82,     82.07,          3.77
       17,          2,    2,          8.67,          3.31,       3.95,      39.48,    130.49,          6.95
       17,          2,    3,         11.37,          3.30,       5.07,      50.67,    167.43,          9.59
       17,          2,    4,         12.75,          3.30,       5.78,      57.81,    191.01,         11.31
       17,          2,    5,         13.61,          3.30,       6.35,      63.53,    209.90,         12.39
       17,          2,    6,         13.92,          3.30,       6.77,      67.71,    223.72,         12.37
       17,          2,    7,         14.70,          3.30,       7.14,      71.38,    235.82,         13.97
       17,          3,    1,          4.19,          3.31,       2.73,      27.30,     90.30,          3.97
       17,          3,    2,          9.57,          3.30,       4.43,      44.31,    146.43,          7.41
       17,          3,    3,         12.46,          3.30,       5.78,      57.79,    190.96,         10.58
       17,          3,    4,         13.96,          3.30,       6.67,      66.68,    220.29,         12.71
       17,          3,    5,         14.89,          3.30,       7.33,      73.27,    242.05,         14.16
       17,          3,    6,         15.45,          3.30,       7.79,      77.91,    257.32,         15.03
       17,          3,    7,         15.79,          3.30,       8.15,      81.52,    269.25,         15.49
       17,          4,    1,          4.50,          3.31,       2.98,      29.81,     98.57,          3.79
       17,          4,    2,          9.86,          3.30,       4.92,      49.15,    162.42,          7.00
       17,          4,    3,         13.32,          3.30,       6.50,      64.98,    214.68,         11.28
       17,          4,    4,         14.91,          3.30,       7.55,      75.45,    249.21,         13.77
       17,          4,    5,         15.83,          3.30,       8.28,      82.81,    273.42,         15.35
       17,          4,    6,         16.34,          3.30,       8.76,      87.57,    289.08,         16.26
       17,          4,    7,         16.69,          3.30,       9.14,      91.34,    301.52,         16.85
       18,          1,    1,          2.45,          3.31,       2.25,      22.53,     74.51,          3.52
       18,          1,    2,          7.66,          3.31,       3.54,      35.39,    116.99,          6.32
       18,          1,    3,         10.48,          3.30,       4.53,      45.27,    149.61,          8.94
       18,          1,    4,         12.18,          3.30,       5.10,      50.98,    168.46,         11.49
       18,          1,    5,         13.01,          3.30,       5.56,      55.58,    183.66,         12.58
       18,          1,    6,         13.53,          3.30,       5.90,      58.98,    194.89,         13.25
       18,          1,    7,         14.00,          3.30,       6.23,      62.26,    205.73,         13.86
       18,          2,    1,          3.53,          3.31,       2.51,      25.10,     83.03,          3.85
       18,          2,    2,          9.17,          3.31,       4.02,      40.20,    132.87,          7.62
       18,          2,    3,         11.92,          3.30,       5.22,      52.21,    172.52,         10.51
       18,          2,    4,         13.72,          3.30,       6.01,      60.13,    198.67,         13.53
       18,          2,    5,         14.68,          3.30,       6.64,      66.37,    219.27,         15.08
       18,          2,    6,         15.29,          3.30,       7.10,      71.01,    234.60,         16.08
       18,          2,    7,         15.76,          3.30,       7.51,      75.12,    248.15,         16.86
       18,          3,    1,          4.35,          3.31,       2.76,      27.61,     91.32,          4.07
       18,          3,    2,         10.11,          3.30,       4.51,      45.11,    149.08,          8.22
       18,          3,    3,         13.33,          3.30,       5.96,      59.61,    196.94,         12.47
       18,          3,    4,         14.64,          3.30,       6.97,      69.65,    230.10,         14.16
       18,          3,    5,         15.57,          3.30,       7.73,      77.35,    255.47,         15.61
       18,          3,    6,         16.54,          3.30,       8.26,      82.62,    272.86,         18.14
       18,          3,    7,         16.94,          3.30,       8.67,      86.69,    286.20,         18.88
       18,          4,    1,          4.95,          3.31,       3.02,      30.18,     99.79,          4.15
       18,          4,    2,         10.81,          3.30,       5.00,      49.96,    165.10,          8.56
       18,          4,    3,         14.16,          3.30,       6.70,      67.03,    221.47,         13.24
       18,          4,    4,         15.89,          3.30,       7.92,      79.19,    261.54,         16.38
       18,          4,    5,         16.88,          3.30,       8.78,      87.84,    289.97,         18.35
       18,          4,    6,         17.32,          3.30,       9.34,      93.37,    308.17,         19.01
       18,          4,    7,         17.43,          3.30,       9.77,      97.67,    322.32,         18.58
       19,          1,    1,          2.32,          3.31,       2.28,      22.78,     75.37,          3.36
       19,          1,    2,          8.70,          3.31,       3.58,      35.73,    118.12,          7.93
       19,          1,    3,         11.75,          3.30,       4.63,      46.26,    152.89,         11.67
       19,          1,    4,         13.17,          3.30,       5.29,      52.90,    174.79,         13.81
       19,          1,    5,         14.06,          3.30,       5.81,      58.08,    191.91,         15.22
       19,          1,    6,         14.61,          3.30,       6.20,      61.95,    204.68,         16.05
       19,          1,    7,         15.09,          3.30,       6.55,      65.52,    216.46,         16.81
       19,          2,    1,          3.81,          3.31,       2.54,      25.37,     83.91,          4.05
       19,          2,    2,          9.84,          3.31,       4.07,      40.69,    134.51,          8.77
       19,          2,    3,         12.78,          3.30,       5.36,      53.61,    177.12,         12.42
       19,          2,    4,         14.73,          3.30,       6.27,      62.71,    207.21,         16.25
       19,          2,    5,         15.75,          3.30,       6.99,      69.85,    230.78,         18.22
       19,          2,    6,         16.38,          3.30,       7.51,      75.12,    248.12,         19.46
       19,          2,    7,         16.88,          3.30,       7.98,      79.80,    263.53,         20.40
       19,          3,    1,          4.66,          3.31,       2.79,      27.94,     92.41,          4.30
       19,          3,    2,         10.89,          3.30,       4.57,      45.71,    151.06,          9.68
       19,          3,    3,         14.14,          3.30,       6.12,      61.20,    202.22,         14.57
       19,          3,    4,         15.57,          3.30,       7.28,      72.79,    240.45,         16.71
       19,          3,    5,         16.98,          3.30,       8.17,      81.71,    269.83,         20.34
       19,          3,    6,         17.60,          3.30,       8.78,      87.80,    289.84,         21.71
       19,          3,    7,         18.03,          3.30,       9.26,      92.54,    305.43,         22.60
       19,          4,    1,          5.28,          3.31,       3.04,      30.45,    100.70,          4.43
       19,          4,    2,         11.56,          3.30,       5.07,      50.68,    167.44,         10.02
       19,          4,    3,         14.88,          3.30,       6.87,      68.71,    226.98,         15.18
       19,          4,    4,         16.73,          3.30,       8.26,      82.55,    272.56,         18.99
       19,          4,    5,         17.68,          3.30,       9.30,      93.01,    306.98,         20.76
       19,          4,    6,         18.10,          3.30,       9.96,      99.60,    328.68,         21.24
       19,          4,    7,         18.87,          3.30,      10.46,     104.54,    345.00,         24.03
       20,          1,    1,          3.63,          3.31,       2.30,      22.97,     75.98,          4.51
       20,          1,    2,          9.47,          3.31,       3.62,      36.18,    119.61,          9.32
       20,          1,    3,         12.48,          3.30,       4.74,      47.44,    156.75,         13.40
       20,          1,    4,         14.01,          3.30,       5.53,      55.27,    182.62,         15.95
       20,          1,    5,         14.67,          3.30,       6.12,      61.18,    202.13,         16.51
       20,          1,    6,         15.55,          3.30,       6.54,      65.38,    216.02,         18.78
       20,          1,    7,         16.03,          3.30,       6.92,      69.24,    228.78,         19.66
       20,          2,    1,          4.84,          3.31,       2.55,      25.55,     84.50,          5.10
       20,          2,    2,         10.74,          3.31,       4.13,      41.27,    136.42,         10.62
       20,          2,    3,         13.84,          3.30,       5.50,      55.00,    181.73,         15.42
       20,          2,    4,         15.56,          3.30,       6.55,      65.45,    216.25,         18.78
       20,          2,    5,         16.66,          3.30,       7.36,      73.62,    243.22,         21.19
       20,          2,    6,         17.20,          3.30,       7.96,      79.53,    262.64,         22.04
       20,          2,    7,         17.49,          3.30,       8.47,      84.66,    279.52,         22.04
       20,          3,    1,          5.37,          3.31,       2.82,      28.20,     93.26,          5.03
       20,          3,    2,         11.68,          3.30,       4.64,      46.39,    153.29,         11.46
       20,          3,    3,         14.85,          3.30,       6.27,      62.71,    207.20,         16.72
       20,          3,    4,         16.68,          3.30,       7.56,      75.59,    249.68,         20.71
       20,          3,    5,         17.86,          3.30,       8.61,      86.06,    284.13,         23.57
       20,          3,    6,         18.54,          3.30,       9.32,      93.15,    307.44,         25.25
       20,          3,    7,         18.99,          3.30,       9.86,      98.59,    325.37,         26.35
       20,          4,    1,          6.17,          3.31,       3.07,      30.73,    101.61,          5.39
       20,          4,    2,         11.94,          3.30,       5.14,      51.44,    169.96,         10.76
       20,          4,    3,         15.50,          3.30,       7.01,      70.12,    231.65,         17.13
       20,          4,    4,         17.42,          3.30,       8.54,      85.40,    281.94,         21.44
       20,          4,    5,         18.67,          3.30,       9.78,      97.82,    322.83,         24.68
       20,          4,    6,         19.35,          3.30,      10.58,     105.77,    349.03,         26.54
       20,          4,    7,         19.78,          3.30,      11.16,     111.59,    368.18,         27.71
       21,          1,    1,          4.39,          3.31,       2.32,      23.19,     76.68,          5.31
       21,          1,    2,         10.01,          3.31,       3.67,      36.71,    121.38,         10.39
       21,          1,    3,         12.94,          3.30,       4.85,      48.54,    160.40,         14.53
       21,          1,    4,         14.33,          3.30,       5.74,      57.35,    189.49,         16.46
       21,          1,    5,         15.71,          3.30,       6.41,      64.10,    211.79,         19.92
       21,          1,    6,         16.30,          3.30,       6.87,      68.63,    226.74,         21.16
       21,          1,    7,         16.79,          3.30,       7.28,      72.79,    240.47,         22.17
       21,          2,    1,          5.60,          3.31,       2.58,      25.81,     85.35,          6.01
       21,          2,    2,         11.26,          3.31,       4.19,      41.93,    138.60,         11.75
       21,          2,    3,         14.31,          3.30,       5.62,      56.22,    185.76,         16.79
       21,          2,    4,         16.11,          3.30,       6.76,      67.63,    223.44,         20.58
       21,          2,    5,         17.08,          3.30,       7.71,      77.03,    254.42,         22.22
       21,          2,    6,         18.02,          3.30,       8.36,      83.60,    276.05,         25.23
       21,          2,    7,         18.55,          3.30,       8.92,      89.23,    294.54,         26.55
       21,          3,    1,          6.50,          3.31,       2.85,      28.46,     94.12,          6.44
       21,          3,    2,         12.21,          3.30,       4.71,      47.07,    155.55,         12.73
       21,          3,    3,         15.32,          3.30,       6.40,      63.98,    211.40,         18.25
       21,          3,    4,         17.16,          3.30,       7.78,      77.83,    257.04,         22.38
       21,          3,    5,         18.17,          3.30,       8.98,      89.79,    296.36,         24.16
       21,          3,    6,         19.25,          3.30,       9.81,      98.07,    323.64,         28.16
       21,          3,    7,         19.75,          3.30,      10.44,     104.40,    344.52,         29.54
       21,          4,    1,          7.15,          3.31,       3.10,      31.02,    102.59,          6.68
       21,          4,    2,         12.88,          3.30,       5.22,      52.22,    172.55,         13.13
       21,          4,    3,         16.01,          3.30,       7.15,      71.45,    236.03,         18.89
       21,          4,    4,         17.94,          3.30,       8.77,      87.65,    289.35,         23.53
       21,          4,    5,         19.30,          3.30,      10.19,     101.91,    336.32,         27.33
       21,          4,    6,         19.80,          3.30,      11.16,     111.60,    368.25,         27.80
       21,          4,    7,         20.20,          3.30,      11.85,     118.53,    391.02,         28.61
       22,          1,    1,          4.79,          3.31,       2.34,      23.38,     77.34,          5.79
       22,          1,    2,         10.35,          3.31,       3.72,      37.24,    123.11,         11.07
       22,          1,    3,         13.36,          3.30,       4.95,      49.46,    163.43,         15.70
       22,          1,    4,         15.11,          3.30,       5.91,      59.13,    195.37,         19.08
       22,          1,    5,         16.25,          3.30,       6.68,      66.76,    220.58,         21.60
       22,          1,    6,         16.89,          3.30,       7.18,      71.74,    236.99,         23.09
       22,          1,    7,         17.41,          3.30,       7.62,      76.26,    251.90,         24.28
       22,          2,    1,          6.08,          3.31,       2.60,      26.01,     86.03,          6.65
       22,          2,    2,         11.36,          3.30,       4.25,      42.54,    140.58,         11.85
       22,          2,    3,         14.69,          3.30,       5.73,      57.32,    189.37,         17.91
       22,          2,    4,         16.54,          3.30,       6.96,      69.63,    230.05,         22.00
       22,          2,    5,         17.85,          3.30,       8.04,      80.38,    265.45,         25.34
       22,          2,    6,         18.61,          3.30,       8.78,      87.82,    289.90,         27.43
       22,          2,    7,         19.17,          3.30,       9.42,      94.24,    311.02,         28.92
       22,          3,    1,          7.07,          3.31,       2.87,      28.71,     94.95,          7.29
       22,          3,    2,         12.61,          3.30,       4.78,      47.76,    157.83,         13.74
       22,          3,    3,         15.66,          3.30,       6.54,      65.38,    216.00,         19.29
       22,          3,    4,         17.34,          3.30,       8.02,      80.21,    264.90,         22.63
       22,          3,    5,         18.65,          3.30,       9.38,      93.84,    309.70,         25.74
       22,          3,    6,         19.86,          3.30,      10.37,     103.73,    342.32,         30.54
       22,          3,    7,         20.42,          3.30,      11.15,     111.51,    367.94,         32.17
       22,          4,    1,          7.79,          3.31,       3.13,      31.29,    103.50,          7.65
       22,          4,    2,         13.32,          3.30,       5.30,      52.99,    175.09,         14.32
       22,          4,    3,         16.44,          3.30,       7.30,      73.02,    241.23,         20.37
       22,          4,    4,         18.38,          3.30,       9.03,      90.25,    297.93,         25.22
       22,          4,    5,         19.65,          3.30,      10.65,     106.43,    351.22,         28.26
       22,          4,    6,         20.34,          3.30,      11.83,     118.32,    390.34,         29.62
       22,          4,    7,         21.23,          3.30,      12.70,     126.98,    418.71,         33.75

