[Radio] Initializing ... success!
Connected to RF power monitor: Rohde&Schwarz,FPC1500,1328.6660K03/205785,V1.80
Connected to DC power monitor: radiolib-org,DCpowerMon,070dd3d
setCurrentLimit, code 0

Set [dBm],paDutyCycle,hpMax,Measured [dBm],Bus voltage[V],Voltage[mV],Current[mA],Power [mW],Efficiency [%]
       -9,          1,    1,        -17.50,          3.31,       0.98,       9.77,     32.32,          0.21
       -9,          1,    2,        -14.65,          3.31,       1.13,      11.25,     37.21,          0.26
       -9,          1,    3,        -13.39,          3.31,       1.24,      12.38,     40.94,          0.27
       -9,          1,    4,        -12.18,          3.31,       1.34,      13.36,     44.20,          0.30
       -9,          1,    5,        -11.51,          3.31,       1.44,      14.38,     47.56,          0.30
       -9,          1,    6,        -11.03,          3.31,       1.52,      15.24,     50.41,          0.30
       -9,          1,    7,        -10.61,          3.31,       1.61,      16.10,     53.25,          0.30
       -9,          2,    1,        -16.47,          3.31,       1.01,      10.08,     33.35,          0.24
       -9,          2,    2,        -13.26,          3.31,       1.18,      11.79,     38.99,          0.31
       -9,          2,    3,        -12.02,          3.31,       1.31,      13.11,     43.37,          0.32
       -9,          2,    4,        -11.22,          3.31,       1.42,      14.23,     47.09,          0.33
       -9,          2,    5,        -10.25,          3.31,       1.53,      15.27,     50.51,          0.35
       -9,          2,    6,         -9.80,          3.31,       1.62,      16.18,     53.50,          0.35
       -9,          2,    7,         -9.47,          3.31,       1.70,      16.97,     56.12,          0.35
       -9,          3,    1,        -15.68,          3.31,       1.04,      10.39,     34.37,          0.25
       -9,          3,    2,        -12.38,          3.31,       1.24,      12.34,     40.83,          0.34
       -9,          3,    3,        -11.00,          3.31,       1.37,      13.74,     45.44,          0.36
       -9,          3,    4,        -10.42,          3.31,       1.49,      14.94,     49.42,          0.35
       -9,          3,    5,         -9.58,          3.31,       1.59,      15.89,     52.57,          0.38
       -9,          3,    6,         -9.21,          3.31,       1.68,      16.77,     55.46,          0.38
       -9,          3,    7,         -8.95,          3.31,       1.76,      17.60,     58.20,          0.37
       -9,          4,    1,        -15.08,          3.31,       1.07,      10.74,     35.53,          0.26
       -9,          4,    2,        -11.79,          3.31,       1.29,      12.87,     42.58,          0.35
       -9,          4,    3,        -10.41,          3.31,       1.43,      14.33,     47.39,          0.38
       -9,          4,    4,         -9.61,          3.31,       1.55,      15.50,     51.28,          0.39
       -9,          4,    5,         -9.14,          3.31,       1.65,      16.53,     54.68,          0.39
       -9,          4,    6,         -8.83,          3.31,       1.74,      17.41,     57.58,          0.39
       -9,          4,    7,         -8.84,          3.31,       1.84,      18.35,     60.69,          0.35
       -8,          1,    1,        -16.18,          3.31,       1.01,      10.07,     33.31,          0.25
       -8,          1,    2,        -13.11,          3.31,       1.17,      11.66,     38.58,          0.33
       -8,          1,    3,        -11.78,          3.31,       1.29,      12.87,     42.59,          0.35
       -8,          1,    4,        -10.97,          3.31,       1.39,      13.91,     46.00,          0.36
       -8,          1,    5,        -10.32,          3.31,       1.49,      14.94,     49.43,          0.36
       -8,          1,    6,         -9.85,          3.31,       1.58,      15.84,     52.39,          0.36
       -8,          1,    7,         -9.45,          3.31,       1.67,      16.72,     55.31,          0.36
       -8,          2,    1,        -15.57,          3.31,       1.04,      10.43,     34.51,          0.26
       -8,          2,    2,        -11.99,          3.31,       1.23,      12.26,     40.57,          0.37
       -8,          2,    3,        -10.55,          3.31,       1.37,      13.71,     45.34,          0.41
       -8,          2,    4,         -9.63,          3.31,       1.49,      14.93,     49.39,          0.42
       -8,          2,    5,         -9.05,          3.31,       1.60,      15.96,     52.79,          0.43
       -8,          2,    6,         -8.61,          3.31,       1.69,      16.89,     55.89,          0.43
       -8,          2,    7,         -8.42,          3.31,       1.77,      17.76,     58.75,          0.41
       -8,          3,    1,        -14.73,          3.31,       1.08,      10.81,     35.77,          0.28
       -8,          3,    2,        -11.12,          3.31,       1.30,      12.97,     42.89,          0.40
       -8,          3,    3,         -9.69,          3.31,       1.45,      14.51,     47.99,          0.44
       -8,          3,    4,         -8.84,          3.31,       1.57,      15.71,     51.97,          0.46
       -8,          3,    5,         -8.36,          3.31,       1.67,      16.72,     55.31,          0.46
       -8,          3,    6,         -8.00,          3.31,       1.76,      17.63,     58.30,          0.46
       -8,          3,    7,         -7.77,          3.31,       1.85,      18.53,     61.28,          0.44
       -8,          4,    1,        -14.04,          3.31,       1.13,      11.25,     37.23,          0.29
       -8,          4,    2,        -10.88,          3.31,       1.36,      13.54,     44.80,          0.38
       -8,          4,    3,         -9.14,          3.31,       1.52,      15.19,     50.23,          0.46
       -8,          4,    4,         -8.37,          3.31,       1.64,      16.41,     54.29,          0.47
       -8,          4,    5,         -7.90,          3.31,       1.74,      17.41,     57.59,          0.48
       -8,          4,    6,         -7.56,          3.31,       1.84,      18.42,     60.94,          0.47
       -8,          4,    7,         -7.28,          3.31,       1.93,      19.33,     63.93,          0.46
       -7,          1,    1,        -15.14,          3.31,       1.03,      10.32,     34.15,          0.29
       -7,          1,    2,        -12.20,          3.31,       1.21,      12.07,     39.91,          0.37
       -7,          1,    3,        -11.09,          3.31,       1.33,      13.33,     44.08,          0.38
       -7,          1,    4,         -9.94,          3.31,       1.45,      14.45,     47.79,          0.42
       -7,          1,    5,         -9.30,          3.31,       1.55,      15.49,     51.26,          0.43
       -7,          1,    6,         -8.84,          3.31,       1.64,      16.44,     54.37,          0.43
       -7,          1,    7,         -8.45,          3.31,       1.73,      17.34,     57.36,          0.43
       -7,          2,    1,        -14.14,          3.31,       1.07,      10.73,     35.49,          0.33
       -7,          2,    2,        -10.93,          3.31,       1.28,      12.81,     42.35,          0.43
       -7,          2,    3,         -9.50,          3.31,       1.43,      14.30,     47.31,          0.48
       -7,          2,    4,         -8.87,          3.31,       1.56,      15.59,     51.58,          0.47
       -7,          2,    5,         -8.02,          3.31,       1.67,      16.65,     55.09,          0.50
       -7,          2,    6,         -7.60,          3.31,       1.76,      17.62,     58.27,          0.50
       -7,          2,    7,         -7.28,          3.31,       1.85,      18.54,     61.32,          0.50
       -7,          3,    1,        -13.33,          3.31,       1.12,      11.24,     37.19,          0.34
       -7,          3,    2,        -10.05,          3.31,       1.35,      13.53,     44.76,          0.47
       -7,          3,    3,         -8.63,          3.31,       1.52,      15.13,     50.06,          0.52
       -7,          3,    4,         -7.79,          3.31,       1.65,      16.48,     54.52,          0.54
       -7,          3,    5,         -7.43,          3.31,       1.75,      17.50,     57.88,          0.53
       -7,          3,    6,         -6.96,          3.31,       1.85,      18.48,     61.13,          0.54
       -7,          3,    7,         -6.72,          3.31,       1.94,      19.38,     64.10,          0.53
       -7,          4,    1,        -12.72,          3.31,       1.17,      11.69,     38.66,          0.36
       -7,          4,    2,         -9.44,          3.31,       1.42,      14.20,     46.97,          0.49
       -7,          4,    3,         -8.08,          3.31,       1.59,      15.90,     52.59,          0.54
       -7,          4,    4,         -7.33,          3.31,       1.72,      17.19,     56.85,          0.56
       -7,          4,    5,         -7.15,          3.31,       1.84,      18.37,     60.78,          0.52
       -7,          4,    6,         -6.51,          3.31,       1.93,      19.31,     63.88,          0.56
       -7,          4,    7,         -6.23,          3.31,       2.03,      20.26,     67.01,          0.55
       -6,          1,    1,        -14.17,          3.31,       1.06,      10.61,     35.11,          0.34
       -6,          1,    2,        -11.09,          3.31,       1.25,      12.49,     41.31,          0.44
       -6,          1,    3,         -9.79,          3.31,       1.38,      13.81,     45.69,          0.48
       -6,          1,    4,         -9.00,          3.31,       1.50,      14.97,     49.53,          0.49
       -6,          1,    5,         -8.40,          3.31,       1.61,      16.08,     53.20,          0.49
       -6,          1,    6,         -8.26,          3.31,       1.70,      17.01,     56.28,          0.46
       -6,          1,    7,         -7.54,          3.31,       1.80,      18.01,     59.59,          0.49
       -6,          2,    1,        -13.18,          3.31,       1.11,      11.12,     36.78,          0.37
       -6,          2,    2,         -9.97,          3.31,       1.33,      13.30,     44.01,          0.49
       -6,          2,    3,         -8.55,          3.31,       1.49,      14.91,     49.32,          0.54
       -6,          2,    4,         -7.66,          3.31,       1.62,      16.22,     53.65,          0.57
       -6,          2,    5,         -7.10,          3.31,       1.73,      17.35,     57.41,          0.58
       -6,          2,    6,         -6.96,          3.31,       1.84,      18.41,     60.91,          0.54
       -6,          2,    7,         -6.76,          3.31,       1.93,      19.34,     63.99,          0.52
       -6,          3,    1,        -12.36,          3.31,       1.16,      11.62,     38.43,          0.39
       -6,          3,    2,         -9.08,          3.31,       1.41,      14.11,     46.68,          0.54
       -6,          3,    3,         -7.68,          3.31,       1.59,      15.87,     52.50,          0.59
       -6,          3,    4,         -6.84,          3.31,       1.72,      17.22,     56.96,          0.62
       -6,          3,    5,         -6.38,          3.31,       1.84,      18.35,     60.71,          0.62
       -6,          3,    6,         -6.02,          3.31,       1.94,      19.34,     63.97,          0.62
       -6,          3,    7,         -5.78,          3.31,       2.02,      20.23,     66.92,          0.61
       -6,          4,    1,        -11.84,          3.31,       1.21,      12.13,     40.11,          0.40
       -6,          4,    2,         -8.82,          3.31,       1.49,      14.91,     49.32,          0.51
       -6,          4,    3,         -7.11,          3.31,       1.67,      16.71,     55.27,          0.61
       -6,          4,    4,         -6.35,          3.31,       1.81,      18.10,     59.89,          0.64
       -6,          4,    5,         -5.88,          3.31,       1.93,      19.27,     63.72,          0.64
       -6,          4,    6,         -5.55,          3.31,       2.03,      20.26,     67.01,          0.64
       -6,          4,    7,         -5.29,          3.31,       2.13,      21.29,     70.42,          0.63
       -5,          1,    1,        -12.54,          3.31,       1.12,      11.24,     37.19,          0.41
       -5,          1,    2,         -9.45,          3.31,       1.33,      13.33,     44.10,          0.56
       -5,          1,    3,         -8.25,          3.31,       1.49,      14.84,     49.09,          0.59
       -5,          1,    4,         -7.74,          3.31,       1.61,      16.03,     53.03,          0.57
       -5,          1,    5,         -6.78,          3.31,       1.72,      17.20,     56.90,          0.63
       -5,          1,    6,         -6.34,          3.31,       1.83,      18.26,     60.38,          0.63
       -5,          1,    7,         -5.97,          3.31,       1.93,      19.25,     63.69,          0.63
       -5,          2,    1,        -11.54,          3.31,       1.18,      11.81,     39.07,          0.46
       -5,          2,    2,         -8.33,          3.31,       1.43,      14.30,     47.31,          0.62
       -5,          2,    3,         -6.92,          3.31,       1.61,      16.11,     53.27,          0.69
       -5,          2,    4,         -6.04,          3.31,       1.75,      17.53,     58.00,          0.73
       -5,          2,    5,         -5.48,          3.31,       1.88,      18.82,     62.25,          0.74
       -5,          2,    6,         -5.14,          3.31,       1.99,      19.93,     65.90,          0.72
       -5,          2,    7,         -5.10,          3.31,       2.08,      20.84,     68.95,          0.68
       -5,          3,    1,        -11.07,          3.31,       1.24,      12.41,     41.06,          0.45
       -5,          3,    2,         -7.44,          3.31,       1.53,      15.32,     50.68,          0.67
       -5,          3,    3,         -6.04,          3.31,       1.72,      17.23,     56.98,          0.75
       -5,          3,    4,         -5.21,          3.31,       1.88,      18.81,     62.22,          0.78
       -5,          3,    5,         -4.74,          3.31,       2.00,      20.00,     66.15,          0.79
       -5,          3,    6,         -4.40,          3.31,       2.10,      21.04,     69.59,          0.79
       -5,          3,    7,         -4.17,          3.31,       2.20,      21.96,     72.62,          0.78
       -5,          4,    1,        -10.12,          3.31,       1.30,      13.03,     43.12,          0.50
       -5,          4,    2,         -7.11,          3.31,       1.62,      16.24,     53.70,          0.65
       -5,          4,    3,         -5.46,          3.31,       1.83,      18.32,     60.60,          0.77
       -5,          4,    4,         -4.70,          3.31,       1.98,      19.83,     65.59,          0.81
       -5,          4,    5,         -4.24,          3.31,       2.11,      21.07,     69.70,          0.82
       -5,          4,    6,         -3.91,          3.31,       2.22,      22.15,     73.28,          0.82
       -5,          4,    7,         -3.65,          3.31,       2.32,      23.23,     76.84,          0.81
       -4,          1,    1,        -11.84,          3.31,       1.15,      11.51,     38.08,          0.46
       -4,          1,    2,         -8.90,          3.31,       1.37,      13.75,     45.48,          0.59
       -4,          1,    3,         -7.82,          3.31,       1.53,      15.30,     50.61,          0.61
       -4,          1,    4,         -6.70,          3.31,       1.66,      16.57,     54.81,          0.69
       -4,          1,    5,         -6.09,          3.31,       1.78,      17.77,     58.77,          0.70
       -4,          1,    6,         -5.65,          3.31,       1.89,      18.86,     62.37,          0.70
       -4,          1,    7,         -5.28,          3.31,       1.99,      19.91,     65.85,          0.70
       -4,          2,    1,        -10.84,          3.31,       1.21,      12.14,     40.16,          0.50
       -4,          2,    2,         -7.65,          3.31,       1.48,      14.80,     48.96,          0.68
       -4,          2,    3,         -6.54,          3.31,       1.67,      16.69,     55.20,          0.71
       -4,          2,    4,         -5.34,          3.31,       1.83,      18.25,     60.38,          0.80
       -4,          2,    5,         -4.77,          3.31,       1.95,      19.50,     64.52,          0.82
       -4,          2,    6,         -4.36,          3.31,       2.06,      20.60,     68.12,          0.82
       -4,          2,    7,         -4.08,          3.31,       2.16,      21.61,     71.48,          0.82
       -4,          3,    1,        -10.02,          3.31,       1.28,      12.80,     42.35,          0.53
       -4,          3,    2,         -6.73,          3.31,       1.59,      15.87,     52.51,          0.74
       -4,          3,    3,         -5.44,          3.31,       1.80,      17.93,     59.31,          0.80
       -4,          3,    4,         -4.85,          3.31,       1.96,      19.56,     64.69,          0.80
       -4,          3,    5,         -4.04,          3.31,       2.07,      20.74,     68.60,          0.88
       -4,          3,    6,         -3.70,          3.31,       2.19,      21.86,     72.30,          0.88
       -4,          3,    7,         -3.47,          3.31,       2.28,      22.82,     75.47,          0.87
       -4,          4,    1,         -9.40,          3.31,       1.35,      13.47,     44.55,          0.55
       -4,          4,    2,         -6.11,          3.31,       1.69,      16.86,     55.79,          0.76
       -4,          4,    3,         -4.74,          3.31,       1.91,      19.08,     63.11,          0.85
       -4,          4,    4,         -4.02,          3.31,       2.06,      20.63,     68.24,          0.89
       -4,          4,    5,         -3.85,          3.31,       2.20,      21.97,     72.65,          0.84
       -4,          4,    6,         -3.20,          3.31,       2.31,      23.11,     76.43,          0.91
       -4,          4,    7,         -2.94,          3.31,       2.42,      24.16,     79.92,          0.90
       -3,          1,    1,        -11.19,          3.31,       1.18,      11.79,     39.01,          0.50
       -3,          1,    2,         -8.10,          3.31,       1.41,      14.14,     46.75,          0.67
       -3,          1,    3,         -6.82,          3.31,       1.58,      15.79,     52.25,          0.73
       -3,          1,    4,         -6.06,          3.31,       1.71,      17.07,     56.46,          0.76
       -3,          1,    5,         -5.47,          3.31,       1.84,      18.38,     60.80,          0.77
       -3,          1,    6,         -5.33,          3.31,       1.95,      19.46,     64.36,          0.72
       -3,          1,    7,         -4.65,          3.31,       2.05,      20.48,     67.75,          0.78
       -3,          2,    1,        -10.20,          3.31,       1.25,      12.47,     41.24,          0.55
       -3,          2,    2,         -6.98,          3.31,       1.53,      15.29,     50.57,          0.75
       -3,          2,    3,         -5.56,          3.31,       1.73,      17.25,     57.06,          0.83
       -3,          2,    4,         -4.69,          3.31,       1.89,      18.88,     62.44,          0.88
       -3,          2,    5,         -4.13,          3.31,       2.02,      20.20,     66.81,          0.90
       -3,          2,    6,         -3.72,          3.31,       2.14,      21.35,     70.63,          0.91
       -3,          2,    7,         -3.48,          3.31,       2.24,      22.35,     73.94,          0.89
       -3,          3,    1,         -9.70,          3.31,       1.32,      13.21,     43.69,          0.54
       -3,          3,    2,         -6.08,          3.31,       1.65,      16.48,     54.51,          0.80
       -3,          3,    3,         -4.67,          3.31,       1.86,      18.66,     61.71,          0.90
       -3,          3,    4,         -3.84,          3.31,       2.03,      20.29,     67.12,          0.95
       -3,          3,    5,         -3.38,          3.31,       2.16,      21.55,     71.28,          0.96
       -3,          3,    6,         -3.04,          3.31,       2.27,      22.68,     75.00,          0.97
       -3,          3,    7,         -2.81,          3.31,       2.37,      23.67,     78.30,          0.96
       -3,          4,    1,         -8.76,          3.31,       1.39,      13.92,     46.03,          0.59
       -3,          4,    2,         -5.73,          3.31,       1.75,      17.51,     57.92,          0.78
       -3,          4,    3,         -4.47,          3.31,       1.99,      19.87,     65.71,          0.85
       -3,          4,    4,         -3.32,          3.31,       2.15,      21.50,     71.10,          0.98
       -3,          4,    5,         -2.86,          3.31,       2.29,      22.89,     75.70,          0.99
       -3,          4,    6,         -2.54,          3.31,       2.40,      24.02,     79.43,          1.00
       -3,          4,    7,         -2.28,          3.31,       2.52,      25.17,     83.24,          0.99
       -2,          1,    1,        -10.05,          3.31,       1.23,      12.34,     40.82,          0.58
       -2,          1,    2,         -6.94,          3.31,       1.50,      14.98,     49.55,          0.79
       -2,          1,    3,         -5.78,          3.31,       1.67,      16.73,     55.32,          0.84
       -2,          1,    4,         -5.25,          3.31,       1.82,      18.15,     60.06,          0.82
       -2,          1,    5,         -4.29,          3.31,       1.95,      19.48,     64.44,          0.92
       -2,          1,    6,         -3.86,          3.31,       2.06,      20.61,     68.18,          0.93
       -2,          1,    7,         -3.50,          3.31,       2.17,      21.72,     71.84,          0.93
       -2,          2,    1,         -9.04,          3.31,       1.32,      13.16,     43.53,          0.63
       -2,          2,    2,         -5.81,          3.31,       1.63,      16.29,     53.89,          0.87
       -2,          2,    3,         -4.39,          3.31,       1.85,      18.46,     61.05,          0.97
       -2,          2,    4,         -3.54,          3.31,       2.01,      20.14,     66.64,          1.03
       -2,          2,    5,         -3.29,          3.31,       2.16,      21.58,     71.36,          0.98
       -2,          2,    6,         -2.55,          3.31,       2.28,      22.81,     75.43,          1.07
       -2,          2,    7,         -2.27,          3.31,       2.39,      23.88,     78.99,          1.07
       -2,          3,    1,         -8.22,          3.31,       1.39,      13.94,     46.11,          0.67
       -2,          3,    2,         -4.91,          3.31,       1.76,      17.58,     58.16,          0.94
       -2,          3,    3,         -3.49,          3.31,       2.00,      20.03,     66.24,          1.05
       -2,          3,    4,         -2.74,          3.31,       2.18,      21.79,     72.09,          1.10
       -2,          3,    5,         -2.52,          3.31,       2.32,      23.21,     76.75,          1.06
       -2,          3,    6,         -2.26,          3.31,       2.44,      24.34,     80.50,          1.05
       -2,          3,    7,         -1.63,          3.31,       2.54,      25.43,     84.12,          1.14
       -2,          4,    1,         -7.61,          3.31,       1.48,      14.80,     48.97,          0.69
       -2,          4,    2,         -4.27,          3.31,       1.89,      18.87,     62.41,          0.97
       -2,          4,    3,         -2.89,          3.31,       2.14,      21.37,     70.70,          1.09
       -2,          4,    4,         -2.13,          3.31,       2.32,      23.21,     76.76,          1.15
       -2,          4,    5,         -1.68,          3.31,       2.47,      24.72,     81.77,          1.17
       -2,          4,    6,         -1.54,          3.31,       2.59,      25.93,     85.75,          1.13
       -2,          4,    7,         -1.45,          3.31,       2.71,      27.13,     89.71,          1.08
       -1,          1,    1,         -9.51,          3.31,       1.29,      12.90,     42.68,          0.59
       -1,          1,    2,         -5.98,          3.31,       1.57,      15.75,     52.12,          0.89
       -1,          1,    3,         -4.69,          3.31,       1.76,      17.59,     58.18,          0.99
       -1,          1,    4,         -3.94,          3.31,       1.91,      19.11,     63.20,          1.02
       -1,          1,    5,         -3.34,          3.31,       2.05,      20.49,     67.79,          1.05
       -1,          1,    6,         -2.95,          3.31,       2.17,      21.70,     71.79,          1.06
       -1,          1,    7,         -2.81,          3.31,       2.29,      22.92,     75.82,          1.01
       -1,          2,    1,         -8.47,          3.31,       1.37,      13.73,     45.41,          0.65
       -1,          2,    2,         -4.85,          3.31,       1.71,      17.16,     56.76,          0.99
       -1,          2,    3,         -3.43,          3.31,       1.95,      19.53,     64.58,          1.11
       -1,          2,    4,         -2.56,          3.31,       2.14,      21.37,     70.69,          1.18
       -1,          2,    5,         -2.00,          3.31,       2.29,      22.87,     75.64,          1.21
       -1,          2,    6,         -1.59,          3.31,       2.42,      24.16,     79.93,          1.23
       -1,          2,    7,         -1.33,          3.31,       2.54,      25.35,     83.84,          1.22
       -1,          3,    1,         -7.55,          3.31,       1.47,      14.67,     48.54,          0.71
       -1,          3,    2,         -4.32,          3.31,       1.87,      18.66,     61.72,          0.97
       -1,          3,    3,         -2.52,          3.31,       2.13,      21.27,     70.37,          1.20
       -1,          3,    4,         -1.69,          3.31,       2.32,      23.22,     76.81,          1.27
       -1,          3,    5,         -1.23,          3.31,       2.47,      24.69,     81.66,          1.30
       -1,          3,    6,         -0.89,          3.31,       2.59,      25.93,     85.75,          1.31
       -1,          3,    7,         -0.67,          3.31,       2.70,      27.04,     89.43,          1.30
       -1,          4,    1,         -6.67,          3.31,       1.56,      15.59,     51.57,          0.77
       -1,          4,    2,         -3.34,          3.31,       2.01,      20.06,     66.36,          1.09
       -1,          4,    3,         -2.25,          3.31,       2.28,      22.80,     75.42,          1.15
       -1,          4,    4,         -1.15,          3.31,       2.48,      24.83,     82.10,          1.31
       -1,          4,    5,         -0.70,          3.31,       2.64,      26.36,     87.20,          1.34
       -1,          4,    6,         -0.37,          3.31,       2.77,      27.67,     91.52,          1.35
       -1,          4,    7,         -0.12,          3.31,       2.89,      28.94,     95.71,          1.35
        0,          1,    1,         -8.24,          3.31,       1.34,      13.41,     44.37,          0.73
        0,          1,    2,         -5.08,          3.31,       1.65,      16.54,     54.71,          1.01
        0,          1,    3,         -3.78,          3.31,       1.86,      18.53,     61.31,          1.12
        0,          1,    4,         -3.10,          3.31,       2.01,      20.12,     66.55,          1.15
        0,          1,    5,         -2.76,          3.31,       2.16,      21.58,     71.39,          1.11
        0,          1,    6,         -2.01,          3.31,       2.29,      22.91,     75.78,          1.21
        0,          1,    7,         -1.65,          3.31,       2.41,      24.09,     79.67,          1.22
        0,          2,    1,         -7.24,          3.31,       1.44,      14.37,     47.52,          0.79
        0,          2,    2,         -3.95,          3.31,       1.81,      18.12,     59.93,          1.11
        0,          2,    3,         -2.52,          3.31,       2.06,      20.60,     68.13,          1.26
        0,          2,    4,         -1.65,          3.31,       2.26,      22.59,     74.70,          1.34
        0,          2,    5,         -1.11,          3.31,       2.42,      24.22,     80.09,          1.37
        0,          2,    6,         -0.94,          3.31,       2.57,      25.64,     84.80,          1.32
        0,          2,    7,         -0.40,          3.31,       2.69,      26.84,     88.76,          1.40
        0,          3,    1,         -6.42,          3.31,       1.54,      15.38,     50.86,          0.84
        0,          3,    2,         -3.05,          3.31,       1.98,      19.79,     65.46,          1.19
        0,          3,    3,         -1.60,          3.31,       2.26,      22.57,     74.64,          1.36
        0,          3,    4,         -0.78,          3.31,       2.47,      24.73,     81.79,          1.44
        0,          3,    5,         -0.32,          3.31,       2.63,      26.29,     86.95,          1.47
        0,          3,    6,         -0.19,          3.31,       2.76,      27.56,     91.15,          1.42
        0,          3,    7,         -0.14,          3.31,       2.87,      28.75,     95.06,          1.36
        0,          4,    1,         -5.79,          3.31,       1.64,      16.40,     54.23,          0.86
        0,          4,    2,         -2.40,          3.31,       2.13,      21.32,     70.53,          1.23
        0,          4,    3,         -0.99,          3.31,       2.43,      24.31,     80.40,          1.40
        0,          4,    4,         -0.22,          3.31,       2.65,      26.50,     87.64,          1.48
        0,          4,    5,          0.23,          3.31,       2.81,      28.14,     93.06,          1.52
        0,          4,    6,          0.56,          3.31,       2.95,      29.51,     97.57,          1.54
        0,          4,    7,          0.77,          3.31,       3.08,      30.78,    101.76,          1.53
        1,          1,    1,         -7.79,          3.31,       1.39,      13.93,     46.06,          0.74
        1,          1,    2,         -4.27,          3.31,       1.73,      17.26,     57.11,          1.12
        1,          1,    3,         -2.97,          3.31,       1.95,      19.47,     64.41,          1.24
        1,          1,    4,         -2.21,          3.31,       2.11,      21.10,     69.78,          1.30
        1,          1,    5,         -1.62,          3.31,       2.27,      22.67,     74.97,          1.34
        1,          1,    6,         -1.20,          3.31,       2.40,      24.01,     79.40,          1.36
        1,          1,    7,         -0.85,          3.31,       2.53,      25.33,     83.79,          1.37
        1,          2,    1,         -6.81,          3.31,       1.50,      14.99,     49.59,          0.81
        1,          2,    2,         -3.15,          3.31,       1.90,      19.04,     62.99,          1.24
        1,          2,    3,         -1.71,          3.31,       2.18,      21.73,     71.88,          1.40
        1,          2,    4,         -0.84,          3.31,       2.38,      23.84,     78.84,          1.50
        1,          2,    5,         -0.28,          3.31,       2.56,      25.56,     84.54,          1.54
        1,          2,    6,          0.13,          3.31,       2.71,      27.06,     89.50,          1.57
        1,          2,    7,          0.38,          3.31,       2.83,      28.31,     93.63,          1.56
        1,          3,    1,         -5.88,          3.31,       1.61,      16.07,     53.18,          0.87
        1,          3,    2,         -2.62,          3.31,       2.08,      20.81,     68.81,          1.21
        1,          3,    3,         -0.79,          3.31,       2.39,      23.87,     78.94,          1.51
        1,          3,    4,          0.05,          3.31,       2.62,      26.16,     86.51,          1.61
        1,          3,    5,          0.52,          3.31,       2.78,      27.81,     91.99,          1.65
        1,          3,    6,          0.86,          3.31,       2.92,      29.22,     96.64,          1.67
        1,          3,    7,          1.08,          3.31,       3.04,      30.37,    100.42,          1.67
        1,          4,    1,         -5.03,          3.31,       1.71,      17.16,     56.78,          0.95
        1,          4,    2,         -1.90,          3.31,       2.25,      22.50,     74.44,          1.27
        1,          4,    3,         -0.17,          3.31,       2.58,      25.85,     85.48,          1.55
        1,          4,    4,          0.61,          3.31,       2.81,      28.12,     92.99,          1.66
        1,          4,    5,          1.06,          3.31,       2.99,      29.84,     98.68,          1.70
        1,          4,    6,          1.39,          3.31,       3.13,      31.28,    103.44,          1.72
        1,          4,    7,          1.63,          3.31,       3.26,      32.63,    107.87,          1.73
        2,          1,    1,         -6.46,          3.31,       1.47,      14.70,     48.63,          0.91
        2,          1,    2,         -3.23,          3.31,       1.84,      18.46,     61.07,          1.27
        2,          1,    3,         -2.22,          3.31,       2.08,      20.77,     68.71,          1.34
        2,          1,    4,         -1.14,          3.31,       2.25,      22.55,     74.60,          1.51
        2,          1,    5,         -0.55,          3.31,       2.43,      24.26,     80.24,          1.56
        2,          1,    6,         -0.13,          3.31,       2.57,      25.72,     85.08,          1.58
        2,          1,    7,          0.22,          3.31,       2.71,      27.06,     89.51,          1.60
        2,          2,    1,         -5.45,          3.31,       1.58,      15.83,     52.38,          1.00
        2,          2,    2,         -2.09,          3.31,       2.04,      20.36,     67.33,          1.42
        2,          2,    3,         -0.64,          3.31,       2.33,      23.33,     77.16,          1.62
        2,          2,    4,         -0.04,          3.31,       2.56,      25.64,     84.79,          1.62
        2,          2,    5,          0.44,          3.31,       2.75,      27.53,     91.05,          1.64
        2,          2,    6,          1.22,          3.31,       2.91,      29.12,     96.32,          1.82
        2,          2,    7,          1.50,          3.31,       3.04,      30.40,    100.52,          1.84
        2,          3,    1,         -4.63,          3.31,       1.70,      17.04,     56.37,          1.05
        2,          3,    2,         -1.18,          3.31,       2.24,      22.33,     73.87,          1.52
        2,          3,    3,          0.29,          3.31,       2.58,      25.77,     85.21,          1.74
        2,          3,    4,          1.14,          3.31,       2.83,      28.28,     93.53,          1.86
        2,          3,    5,          1.61,          3.31,       3.00,      30.05,     99.38,          1.92
        2,          3,    6,          1.92,          3.31,       3.15,      31.55,    104.34,          1.93
        2,          3,    7,          1.93,          3.31,       3.28,      32.78,    108.36,          1.84
        2,          4,    1,         -4.35,          3.31,       1.83,      18.30,     60.55,          1.00
        2,          4,    2,         -0.52,          3.31,       2.43,      24.29,     80.33,          1.57
        2,          4,    3,          0.92,          3.31,       2.80,      27.97,     92.50,          1.80
        2,          4,    4,          1.71,          3.31,       3.04,      30.43,    100.61,          1.93
        2,          4,    5,          2.17,          3.31,       3.23,      32.31,    106.83,          1.98
        2,          4,    6,          2.49,          3.31,       3.38,      33.78,    111.68,          2.02
        2,          4,    7,          2.73,          3.31,       3.52,      35.20,    116.35,          2.03
        3,          1,    1,         -5.88,          3.31,       1.52,      15.18,     50.22,          0.98
        3,          1,    2,         -2.83,          3.31,       1.92,      19.18,     63.45,          1.31
        3,          1,    3,         -1.61,          3.31,       2.17,      21.67,     71.69,          1.44
        3,          1,    4,         -0.49,          3.31,       2.35,      23.52,     77.81,          1.65
        3,          1,    5,          0.09,          3.31,       2.53,      25.33,     83.78,          1.70
        3,          1,    6,          0.51,          3.31,       2.68,      26.81,     88.67,          1.73
        3,          1,    7,          0.86,          3.31,       2.82,      28.21,     93.30,          1.76
        3,          2,    1,         -4.86,          3.31,       1.64,      16.42,     54.32,          1.07
        3,          2,    2,         -1.45,          3.31,       2.13,      21.27,     70.34,          1.54
        3,          2,    3,         -0.10,          3.31,       2.44,      24.36,     80.58,          1.72
        3,          2,    4,          0.53,          3.31,       2.68,      26.81,     88.67,          1.74
        3,          2,    5,          1.45,          3.31,       2.88,      28.79,     95.19,          1.96
        3,          2,    6,          1.86,          3.31,       3.04,      30.40,    100.54,          2.00
        3,          2,    7,          2.15,          3.31,       3.18,      31.79,    105.11,          2.02
        3,          3,    1,         -4.04,          3.31,       1.77,      17.70,     58.55,          1.13
        3,          3,    2,         -0.55,          3.31,       2.34,      23.36,     77.25,          1.65
        3,          3,    3,          0.94,          3.31,       2.70,      27.01,     89.32,          1.89
        3,          3,    4,          1.79,          3.31,       2.96,      29.62,     97.93,          2.03
        3,          3,    5,          2.26,          3.31,       3.15,      31.49,    104.12,          2.09
        3,          3,    6,          2.44,          3.31,       3.30,      32.98,    109.05,          2.06
        3,          3,    7,          2.49,          3.31,       3.42,      34.22,    113.15,          1.99
        3,          4,    1,         -3.41,          3.31,       1.90,      19.03,     62.93,          1.16
        3,          4,    2,          0.12,          3.31,       2.54,      25.45,     84.16,          1.70
        3,          4,    3,          1.58,          3.31,       2.93,      29.34,     97.05,          1.96
        3,          4,    4,          2.37,          3.31,       3.20,      31.95,    105.64,          2.11
        3,          4,    5,          2.83,          3.31,       3.38,      33.79,    111.73,          2.18
        3,          4,    6,          3.10,          3.31,       3.54,      35.39,    117.00,          2.19
        3,          4,    7,          3.11,          3.31,       3.68,      36.82,    121.70,          2.09
        4,          1,    1,         -5.19,          3.31,       1.61,      16.09,     53.23,          1.03
        4,          1,    2,         -1.45,          3.31,       2.06,      20.58,     68.05,          1.62
        4,          1,    3,         -0.10,          3.31,       2.33,      23.31,     77.09,          1.83
        4,          1,    4,          0.65,          3.31,       2.54,      25.35,     83.84,          1.93
        4,          1,    5,          1.23,          3.31,       2.72,      27.20,     89.96,          2.01
        4,          1,    6,          1.64,          3.31,       2.88,      28.80,     95.26,          2.04
        4,          1,    7,          1.99,          3.31,       3.03,      30.25,    100.05,          2.07
        4,          2,    1,         -3.83,          3.31,       1.74,      17.44,     57.70,          1.22
        4,          2,    2,         -0.45,          3.31,       2.29,      22.89,     75.71,          1.74
        4,          2,    3,          0.78,          3.31,       2.64,      26.37,     87.21,          1.89
        4,          2,    4,          2.03,          3.31,       2.90,      29.00,     95.90,          2.21
        4,          2,    5,          2.61,          3.31,       3.11,      31.05,    102.67,          2.31
        4,          2,    6,          3.02,          3.31,       3.28,      32.81,    108.49,          2.37
        4,          2,    7,          3.31,          3.31,       3.42,      34.22,    113.16,          2.40
        4,          3,    1,         -3.01,          3.31,       1.89,      18.94,     62.64,          1.29
        4,          3,    2,          0.57,          3.31,       2.53,      25.31,     83.71,          1.90
        4,          3,    3,          2.08,          3.31,       2.93,      29.26,     96.74,          2.21
        4,          3,    4,          2.65,          3.31,       3.21,      32.09,    106.13,          2.23
        4,          3,    5,          3.45,          3.31,       3.41,      34.06,    112.60,          2.49
        4,          3,    6,          3.79,          3.31,       3.57,      35.70,    118.01,          2.54
        4,          3,    7,          4.02,          3.31,       3.70,      37.02,    122.36,          2.56
        4,          4,    1,         -2.38,          3.31,       2.04,      20.37,     67.39,          1.32
        4,          4,    2,          1.25,          3.31,       2.76,      27.57,     91.17,          1.97
        4,          4,    3,          2.75,          3.31,       3.19,      31.90,    105.50,          2.30
        4,          4,    4,          3.55,          3.31,       3.46,      34.62,    114.46,          2.49
        4,          4,    5,          3.97,          3.31,       3.67,      36.71,    121.38,          2.55
        4,          4,    6,          4.06,          3.31,       3.84,      38.45,    127.09,          2.46
        4,          4,    7,          4.58,          3.31,       3.99,      39.95,    132.04,          2.65
        5,          1,    1,         -4.23,          3.31,       1.67,      16.67,     55.15,          1.20
        5,          1,    2,         -0.76,          3.31,       2.15,      21.54,     71.23,          1.77
        5,          1,    3,          0.60,          3.31,       2.44,      24.40,     80.68,          2.02
        5,          1,    4,          1.35,          3.31,       2.65,      26.52,     87.70,          2.13
        5,          1,    5,          1.88,          3.31,       2.85,      28.47,     94.14,          2.19
        5,          1,    6,          2.01,          3.31,       3.00,      30.05,     99.38,          2.10
        5,          1,    7,          2.70,          3.31,       3.16,      31.62,    104.56,          2.30
        5,          2,    1,         -3.58,          3.31,       1.82,      18.17,     60.09,          1.21
        5,          2,    2,          0.35,          3.31,       2.39,      23.93,     79.16,          1.96
        5,          2,    3,          1.85,          3.31,       2.76,      27.61,     91.31,          2.27
        5,          2,    4,          2.74,          3.31,       3.04,      30.36,    100.40,          2.45
        5,          2,    5,          3.33,          3.31,       3.26,      32.59,    107.77,          2.56
        5,          2,    6,          3.75,          3.31,       3.44,      34.37,    113.62,          2.64
        5,          2,    7,          4.00,          3.31,       3.59,      35.88,    118.63,          2.65
        5,          3,    1,         -2.66,          3.31,       1.97,      19.74,     65.29,          1.30
        5,          3,    2,          0.87,          3.31,       2.65,      26.51,     87.68,          1.91
        5,          3,    3,          2.81,          3.31,       3.07,      30.73,    101.62,          2.45
        5,          3,    4,          3.69,          3.31,       3.37,      33.71,    111.45,          2.66
        5,          3,    5,          4.19,          3.31,       3.58,      35.78,    118.30,          2.77
        5,          3,    6,          4.54,          3.31,       3.75,      37.49,    123.94,          2.84
        5,          3,    7,          4.77,          3.31,       3.89,      38.92,    128.66,          2.86
        5,          4,    1,         -1.76,          3.31,       2.13,      21.27,     70.35,          1.43
        5,          4,    2,          1.77,          3.31,       2.90,      28.99,     95.87,          2.09
        5,          4,    3,          3.12,          3.31,       3.35,      33.51,    110.78,          2.36
        5,          4,    4,          4.30,          3.31,       3.65,      36.51,    120.68,          2.77
        5,          4,    5,          4.77,          3.31,       3.87,      38.68,    127.87,          2.88
        5,          4,    6,          5.10,          3.31,       4.04,      40.43,    133.62,          2.94
        5,          4,    7,          5.34,          3.30,       4.20,      42.02,    138.89,          2.97
        6,          1,    1,         -3.48,          3.31,       1.74,      17.40,     57.54,          1.33
        6,          1,    2,         -0.16,          3.31,       2.27,      22.72,     75.17,          1.88
        6,          1,    3,          1.11,          3.31,       2.58,      25.81,     85.36,          2.10
        6,          1,    4,          2.25,          3.31,       2.80,      28.02,     92.66,          2.44
        6,          1,    5,          2.84,          3.31,       3.00,      30.03,     99.29,          2.55
        6,          1,    6,          3.25,          3.31,       3.18,      31.79,    105.12,          2.60
        6,          1,    7,          3.61,          3.31,       3.34,      33.37,    110.32,          2.66
        6,          2,    1,         -2.44,          3.31,       1.91,      19.05,     63.00,          1.45
        6,          2,    2,          1.19,          3.31,       2.53,      25.34,     83.81,          2.19
        6,          2,    3,          2.42,          3.31,       2.93,      29.28,     96.82,          2.39
        6,          2,    4,          3.67,          3.31,       3.22,      32.21,    106.50,          2.81
        6,          2,    5,          4.27,          3.31,       3.45,      34.52,    114.13,          2.96
        6,          2,    6,          4.70,          3.31,       3.65,      36.52,    120.74,          3.04
        6,          2,    7,          5.00,          3.31,       3.81,      38.14,    126.07,          3.09
        6,          3,    1,         -1.61,          3.31,       2.07,      20.65,     68.30,          1.55
        6,          3,    2,          2.16,          3.31,       2.81,      28.13,     93.02,          2.38
        6,          3,    3,          3.73,          3.31,       3.27,      32.69,    108.10,          2.80
        6,          3,    4,          4.33,          3.31,       3.59,      35.87,    118.58,          2.86
        6,          3,    5,          5.16,          3.31,       3.82,      38.21,    126.30,          3.20
        6,          3,    6,          5.51,          3.31,       4.00,      40.02,    132.28,          3.28
        6,          3,    7,          5.75,          3.30,       4.15,      41.48,    137.09,          3.32
        6,          4,    1,         -0.97,          3.31,       2.24,      22.36,     73.97,          1.59
        6,          4,    2,          2.86,          3.31,       3.08,      30.77,    101.73,          2.48
        6,          4,    3,          4.44,          3.31,       3.57,      35.74,    118.14,          2.94
        6,          4,    4,          5.27,          3.31,       3.90,      39.01,    128.95,          3.20
        6,          4,    5,          5.68,          3.30,       4.13,      41.32,    136.56,          3.28
        6,          4,    6,          5.74,          3.30,       4.32,      43.17,    142.67,          3.15
        6,          4,    7,          6.33,          3.30,       4.48,      44.84,    148.18,          3.46
        7,          1,    1,         -2.66,          3.31,       1.82,      18.24,     60.32,          1.49
        7,          1,    2,          1.08,          3.31,       2.40,      24.02,     79.44,          2.31
        7,          1,    3,          2.51,          3.31,       2.74,      27.38,     90.56,          2.67
        7,          1,    4,          3.28,          3.31,       2.97,      29.75,     98.38,          2.86
        7,          1,    5,          3.85,          3.31,       3.19,      31.93,    105.57,          2.98
        7,          1,    6,          4.29,          3.31,       3.37,      33.68,    111.36,          3.07
        7,          1,    7,          4.65,          3.31,       3.54,      35.42,    117.09,          3.13
        7,          2,    1,         -1.60,          3.31,       2.00,      19.98,     66.07,          1.64
        7,          2,    2,          2.22,          3.31,       2.69,      26.88,     88.89,          2.56
        7,          2,    3,          3.79,          3.31,       3.12,      31.18,    103.08,          3.02
        7,          2,    4,          4.65,          3.31,       3.43,      34.31,    113.44,          3.25
        7,          2,    5,          4.98,          3.31,       3.69,      36.95,    122.15,          3.20
        7,          2,    6,          5.76,          3.31,       3.90,      39.05,    129.08,          3.57
        7,          2,    7,          6.06,          3.31,       4.08,      40.76,    134.72,          3.64
        7,          3,    1,         -0.76,          3.31,       2.17,      21.73,     71.88,          1.75
        7,          3,    2,          3.16,          3.31,       2.99,      29.92,     98.93,          2.76
        7,          3,    3,          4.79,          3.31,       3.50,      34.97,    115.62,          3.28
        7,          3,    4,          5.70,          3.31,       3.85,      38.48,    127.18,          3.60
        7,          3,    5,          6.22,          3.31,       4.10,      41.00,    135.51,          3.75
        7,          3,    6,          6.33,          3.30,       4.30,      42.99,    142.07,          3.63
        7,          3,    7,          6.84,          3.30,       4.45,      44.53,    147.15,          3.92
        7,          4,    1,         -0.50,          3.31,       2.36,      23.56,     77.93,          1.64
        7,          4,    2,          3.88,          3.31,       3.29,      32.85,    108.63,          2.88
        7,          4,    3,          5.50,          3.31,       3.84,      38.40,    126.91,          3.44
        7,          4,    4,          6.35,          3.31,       4.20,      41.98,    138.74,          3.75
        7,          4,    5,          6.85,          3.30,       4.45,      44.50,    147.06,          3.92
        7,          4,    6,          7.18,          3.30,       4.65,      46.53,    153.76,          4.02
        7,          4,    7,          7.40,          3.30,       4.82,      48.22,    159.32,          4.05
        8,          1,    1,         -2.25,          3.31,       1.89,      18.87,     62.43,          1.55
        8,          1,    2,          1.94,          3.31,       2.52,      25.24,     83.50,          2.63
        8,          1,    3,          3.41,          3.31,       2.89,      28.87,     95.48,          3.06
        8,          1,    4,          4.18,          3.31,       3.14,      31.35,    103.67,          3.29
        8,          1,    5,          4.78,          3.31,       3.37,      33.68,    111.36,          3.44
        8,          1,    6,          5.20,          3.31,       3.56,      35.54,    117.49,          3.54
        8,          1,    7,          5.56,          3.31,       3.74,      37.39,    123.60,          3.61
        8,          2,    1,         -0.90,          3.31,       2.07,      20.70,     68.45,          1.82
        8,          2,    2,          2.77,          3.31,       2.83,      28.32,     93.66,          2.71
        8,          2,    3,          4.70,          3.31,       3.30,      33.00,    109.12,          3.46
        8,          2,    4,          5.62,          3.31,       3.64,      36.38,    120.27,          3.78
        8,          2,    5,          6.25,          3.31,       3.92,      39.23,    129.68,          3.99
        8,          2,    6,          6.69,          3.31,       4.15,      41.52,    137.24,          4.11
        8,          2,    7,          7.01,          3.30,       4.34,      43.38,    143.35,          4.20
        8,          3,    1,          0.01,          3.31,       2.26,      22.61,     74.80,          1.97
        8,          3,    2,          4.03,          3.31,       3.16,      31.58,    104.44,          3.14
        8,          3,    3,          5.41,          3.31,       3.71,      37.07,    122.55,          3.52
        8,          3,    4,          6.63,          3.31,       4.09,      40.93,    135.29,          4.14
        8,          3,    5,          7.19,          3.30,       4.37,      43.72,    144.48,          4.34
        8,          3,    6,          7.55,          3.30,       4.59,      45.93,    151.78,          4.45
        8,          3,    7,          7.80,          3.30,       4.76,      47.54,    157.11,          4.52
        8,          4,    1,          0.66,          3.31,       2.46,      24.58,     81.29,          2.03
        8,          4,    2,          4.73,          3.31,       3.47,      34.75,    114.89,          3.26
        8,          4,    3,          6.09,          3.31,       4.09,      40.83,    134.96,          3.65
        8,          4,    4,          7.30,          3.30,       4.48,      44.84,    148.19,          4.32
        8,          4,    5,          7.81,          3.30,       4.76,      47.62,    157.35,          4.52
        8,          4,    6,          8.15,          3.30,       4.97,      49.72,    164.30,          4.64
        8,          4,    7,          8.39,          3.30,       5.16,      51.62,    170.57,          4.70
        9,          1,    1,         -1.20,          3.31,       1.95,      19.50,     64.49,          1.87
        9,          1,    2,          2.81,          3.31,       2.65,      26.53,     87.74,          2.99
        9,          1,    3,          4.26,          3.31,       3.05,      30.49,    100.82,          3.47
        9,          1,    4,          4.76,          3.31,       3.32,      33.21,    109.82,          3.48
        9,          1,    5,          5.71,          3.31,       3.56,      35.63,    117.78,          3.97
        9,          1,    6,          6.12,          3.31,       3.77,      37.67,    124.52,          4.07
        9,          1,    7,          6.50,          3.31,       3.97,      39.63,    130.98,          4.17
        9,          2,    1,         -0.10,          3.31,       2.14,      21.44,     70.92,          2.08
        9,          2,    2,          3.97,          3.31,       2.99,      29.84,     98.67,          3.34
        9,          2,    3,          5.61,          3.31,       3.49,      34.92,    115.44,          3.98
        9,          2,    4,          6.29,          3.31,       3.87,      38.64,    127.75,          4.10
        9,          2,    5,          6.82,          3.31,       4.18,      41.78,    138.08,          4.21
        9,          2,    6,          7.65,          3.30,       4.42,      44.19,    146.05,          4.77
        9,          2,    7,          7.98,          3.30,       4.63,      46.27,    152.90,          4.87
        9,          3,    1,          0.78,          3.31,       2.35,      23.47,     77.62,          2.22
        9,          3,    2,          4.94,          3.31,       3.33,      33.35,    110.27,          3.61
        9,          3,    3,          6.65,          3.31,       3.94,      39.41,    130.26,          4.34
        9,          3,    4,          7.60,          3.30,       4.37,      43.70,    144.39,          4.77
        9,          3,    5,          8.17,          3.30,       4.68,      46.77,    154.56,          5.01
        9,          3,    6,          8.42,          3.30,       4.91,      49.11,    162.29,          5.02
        9,          3,    7,          8.48,          3.30,       5.09,      50.95,    168.35,          4.87
        9,          4,    1,          1.10,          3.31,       2.56,      25.56,     84.51,          2.12
        9,          4,    2,          5.68,          3.31,       3.68,      36.76,    121.51,          3.78
        9,          4,    3,          7.39,          3.31,       4.36,      43.60,    144.12,          4.56
        9,          4,    4,          8.28,          3.30,       4.79,      47.94,    158.41,          5.00
        9,          4,    5,          8.81,          3.30,       5.11,      51.06,    168.72,          5.24
        9,          4,    6,          9.15,          3.30,       5.35,      53.45,    176.58,          5.38
        9,          4,    7,          9.36,          3.30,       5.55,      55.45,    183.19,          5.42
       10,          1,    1,         -0.78,          3.31,       2.00,      19.97,     66.05,          1.99
       10,          1,    2,          3.57,          3.31,       2.76,      27.61,     91.32,          3.38
       10,          1,    3,          5.13,          3.31,       3.20,      31.99,    105.78,          3.98
       10,          1,    4,          5.93,          3.31,       3.48,      34.81,    115.09,          4.30
       10,          1,    5,          6.53,          3.31,       3.75,      37.49,    123.94,          4.50
       10,          1,    6,          6.95,          3.31,       3.96,      39.61,    130.94,          4.63
       10,          1,    7,          7.33,          3.31,       4.18,      41.78,    138.08,          4.73
       10,          2,    1,          0.57,          3.31,       2.20,      22.01,     72.81,          2.33
       10,          2,    2,          4.73,          3.31,       3.12,      31.15,    103.00,          3.76
       10,          2,    3,          6.15,          3.31,       3.67,      36.69,    121.30,          4.23
       10,          2,    4,          7.00,          3.31,       4.07,      40.71,    134.56,          4.53
       10,          2,    5,          8.04,          3.30,       4.41,      44.10,    145.75,          5.23
       10,          2,    6,          8.49,          3.30,       4.68,      46.76,    154.50,          5.41
       10,          2,    7,          8.83,          3.30,       4.90,      49.00,    161.90,          5.54
       10,          3,    1,          1.46,          3.31,       2.42,      24.16,     79.91,          2.50
       10,          3,    2,          5.72,          3.31,       3.49,      34.89,    115.35,          4.08
       10,          3,    3,          7.48,          3.30,       4.16,      41.65,    137.65,          4.92
       10,          3,    4,          8.43,          3.30,       4.63,      46.28,    152.94,          5.41
       10,          3,    5,          8.75,          3.30,       4.97,      49.67,    164.14,          5.35
       10,          3,    6,          9.43,          3.30,       5.23,      52.29,    172.79,          5.89
       10,          3,    7,          9.69,          3.30,       5.43,      54.27,    179.30,          5.99
       10,          4,    1,          2.14,          3.31,       2.63,      26.34,     87.13,          2.59
       10,          4,    2,          6.47,          3.31,       3.86,      38.64,    127.73,          4.26
       10,          4,    3,          8.23,          3.30,       4.62,      46.17,    152.58,          5.17
       10,          4,    4,          9.15,          3.30,       5.10,      51.01,    168.55,          5.68
       10,          4,    5,          9.70,          3.30,       5.45,      54.44,    179.88,          5.97
       10,          4,    6,         10.04,          3.30,       5.71,      57.06,    188.53,          6.13
       10,          4,    7,         10.05,          3.30,       5.92,      59.24,    195.74,          5.88
       11,          1,    1,         -0.28,          3.31,       2.03,      20.34,     67.28,          2.17
       11,          1,    2,          4.29,          3.31,       2.87,      28.73,     95.00,          3.79
       11,          1,    3,          5.90,          3.31,       3.35,      33.42,    110.50,          4.50
       11,          1,    4,          6.72,          3.31,       3.65,      36.52,    120.74,          4.86
       11,          1,    5,          7.33,          3.31,       3.94,      39.37,    130.15,          5.10
       11,          1,    6,          7.75,          3.31,       4.17,      41.69,    137.78,          5.24
       11,          1,    7,          8.12,          3.31,       4.38,      43.85,    144.92,          5.37
       11,          2,    1,          1.19,          3.31,       2.25,      22.50,     74.42,          2.60
       11,          2,    2,          5.32,          3.31,       3.25,      32.45,    107.31,          4.08
       11,          2,    3,          6.84,          3.31,       3.85,      38.53,    127.36,          4.68
       11,          2,    4,          8.15,          3.30,       4.28,      42.83,    141.55,          5.56
       11,          2,    5,          8.83,          3.30,       4.66,      46.53,    153.76,          5.89
       11,          2,    6,          9.29,          3.30,       4.94,      49.36,    163.08,          6.11
       11,          2,    7,          9.65,          3.30,       5.19,      51.84,    171.30,          6.25
       11,          3,    1,          2.08,          3.31,       2.48,      24.77,     81.91,          2.78
       11,          3,    2,          6.40,          3.31,       3.64,      36.44,    120.46,          4.52
       11,          3,    3,          7.93,          3.30,       4.38,      43.81,    144.78,          5.13
       11,          3,    4,          9.23,          3.30,       4.89,      48.89,    161.55,          6.09
       11,          3,    5,          9.85,          3.30,       5.28,      52.72,    174.20,          6.43
       11,          3,    6,         10.26,          3.30,       5.56,      55.60,    183.69,          6.64
       11,          3,    7,         10.53,          3.30,       5.77,      57.77,    190.85,          6.77
       11,          4,    1,          2.76,          3.31,       2.70,      26.98,     89.24,          2.89
       11,          4,    2,          7.18,          3.31,       4.04,      40.40,    133.54,          4.76
       11,          4,    3,          9.00,          3.30,       4.87,      48.73,    161.02,          5.79
       11,          4,    4,          9.72,          3.30,       5.42,      54.17,    179.01,          6.04
       11,          4,    5,         10.18,          3.30,       5.80,      58.03,    191.75,          6.21
       11,          4,    6,         10.90,          3.30,       6.09,      60.88,    201.16,          6.95
       11,          4,    7,         11.17,          3.30,       6.32,      63.22,    208.88,          7.07
       12,          1,    1,          0.65,          3.31,       2.07,      20.74,     68.59,          2.61
       12,          1,    2,          5.00,          3.31,       2.99,      29.88,     98.80,          4.23
       12,          1,    3,          6.63,          3.31,       3.51,      35.09,    116.01,          5.00
       12,          1,    4,          7.19,          3.31,       3.85,      38.49,    127.23,          5.08
       12,          1,    5,          8.16,          3.31,       4.16,      41.60,    137.51,          5.78
       12,          1,    6,          8.59,          3.30,       4.40,      43.95,    145.26,          5.96
       12,          1,    7,          8.97,          3.30,       4.63,      46.33,    153.12,          6.11
       12,          2,    1,          1.78,          3.31,       2.30,      22.99,     76.06,          2.89
       12,          2,    2,          6.16,          3.31,       3.38,      33.80,    111.75,          4.71
       12,          2,    3,          7.95,          3.31,       4.06,      40.57,    134.08,          5.67
       12,          2,    4,          8.66,          3.30,       4.53,      45.26,    149.57,          5.85
       12,          2,    5,          9.26,          3.30,       4.92,      49.23,    162.69,          6.08
       12,          2,    6,         10.13,          3.30,       5.24,      52.40,    173.15,          6.91
       12,          2,    7,         10.50,          3.30,       5.52,      55.16,    182.26,          7.09
       12,          3,    1,          2.66,          3.31,       2.53,      25.30,     83.67,          3.10
       12,          3,    2,          7.13,          3.31,       3.80,      38.02,    125.67,          5.08
       12,          3,    3,          9.02,          3.30,       4.62,      46.22,    152.74,          6.20
       12,          3,    4,         10.05,          3.30,       5.19,      51.89,    171.45,          6.86
       12,          3,    5,         10.66,          3.30,       5.62,      56.19,    185.67,          7.21
       12,          3,    6,         10.79,          3.30,       5.94,      59.43,    196.37,          6.96
       12,          3,    7,         11.42,          3.30,       6.19,      61.91,    204.56,          7.68
       12,          4,    1,          3.35,          3.31,       2.76,      27.56,     91.16,          3.21
       12,          4,    2,          7.88,          3.31,       4.23,      42.29,    139.79,          5.30
       12,          4,    3,          9.82,          3.30,       5.16,      51.65,    170.66,          6.53
       12,          4,    4,         10.82,          3.30,       5.78,      57.78,    190.91,          7.23
       12,          4,    5,         11.42,          3.30,       6.22,      62.24,    205.64,          7.63
       12,          4,    6,         11.80,          3.30,       6.53,      65.33,    215.85,          7.89
       12,          4,    7,         12.07,          3.30,       6.78,      67.81,    224.04,          8.05
       13,          1,    1,          1.21,          3.31,       2.12,      21.17,     70.02,          2.88
       13,          1,    2,          5.54,          3.31,       3.11,      31.11,    102.90,          4.55
       13,          1,    3,          7.16,          3.31,       3.71,      37.07,    122.54,          5.28
       13,          1,    4,          8.38,          3.31,       4.08,      40.78,    134.78,          6.23
       13,          1,    5,          9.04,          3.30,       4.41,      44.11,    145.76,          6.59
       13,          1,    6,          9.47,          3.30,       4.67,      46.72,    154.37,          6.80
       13,          1,    7,          9.87,          3.30,       4.93,      49.26,    162.77,          7.00
       13,          2,    1,          2.34,          3.31,       2.35,      23.46,     77.58,          3.20
       13,          2,    2,          6.86,          3.31,       3.53,      35.27,    116.61,          5.24
       13,          2,    3,          8.77,          3.31,       4.28,      42.83,    141.56,          6.41
       13,          2,    4,          9.51,          3.30,       4.79,      47.94,    158.42,          6.65
       13,          2,    5,         10.53,          3.30,       5.25,      52.46,    173.35,          7.57
       13,          2,    6,         11.03,          3.30,       5.60,      55.94,    184.84,          7.88
       13,          2,    7,         11.42,          3.30,       5.90,      59.02,    194.99,          8.11
       13,          3,    1,          3.23,          3.31,       2.58,      25.83,     85.41,          3.42
       13,          3,    2,          7.81,          3.31,       3.98,      39.74,    131.36,          5.63
       13,          3,    3,          9.78,          3.30,       4.89,      48.93,    161.69,          6.91
       13,          3,    4,         10.59,          3.30,       5.53,      55.32,    182.77,          7.22
       13,          3,    5,         11.61,          3.30,       6.03,      60.26,    199.09,          8.27
       13,          3,    6,         12.06,          3.30,       6.39,      63.88,    211.05,          8.59
       13,          3,    7,         12.37,          3.30,       6.67,      66.63,    220.14,          8.80
       13,          4,    1,          3.90,          3.31,       2.82,      28.21,     93.28,          3.54
       13,          4,    2,          8.56,          3.30,       4.42,      44.13,    145.85,          5.89
       13,          4,    3,         10.54,          3.30,       5.49,      54.89,    181.36,          7.19
       13,          4,    4,         11.35,          3.30,       6.20,      61.99,    204.82,          7.54
       13,          4,    5,         12.35,          3.30,       6.70,      66.95,    221.20,          8.71
       13,          4,    6,         12.76,          3.30,       7.05,      70.46,    232.76,          9.03
       13,          4,    7,         13.04,          3.30,       7.33,      73.29,    242.09,          9.24
       14,          1,    1,          1.65,          3.31,       2.15,      21.49,     71.07,          3.12
       14,          1,    2,          6.25,          3.31,       3.22,      32.22,    106.52,          5.12
       14,          1,    3,          8.18,          3.31,       3.89,      38.87,    128.49,          6.31
       14,          1,    4,          9.11,          3.31,       4.29,      42.94,    141.91,          6.92
       14,          1,    5,          9.75,          3.30,       4.65,      46.53,    153.77,          7.29
       14,          1,    6,         10.23,          3.30,       4.93,      49.30,    162.90,          7.61
       14,          1,    7,         10.64,          3.30,       5.21,      52.08,    172.08,          7.84
       14,          2,    1,          2.75,          3.31,       2.39,      23.84,     78.87,          3.45
       14,          2,    2,          7.41,          3.31,       3.65,      36.52,    120.73,          5.70
       14,          2,    3,          9.45,          3.30,       4.50,      44.96,    148.58,          7.09
       14,          2,    4,         10.52,          3.30,       5.06,      50.58,    167.12,          7.89
       14,          2,    5,         11.22,          3.30,       5.55,      55.52,    183.44,          8.32
       14,          2,    6,         11.45,          3.30,       5.93,      59.32,    195.99,          8.14
       14,          2,    7,         12.21,          3.30,       6.27,      62.65,    207.01,          9.11
       14,          3,    1,          3.61,          3.31,       2.63,      26.30,     86.98,          3.65
       14,          3,    2,          8.36,          3.31,       4.11,      41.10,    135.85,          6.13
       14,          3,    3,         10.50,          3.30,       5.14,      51.39,    169.80,          7.71
       14,          3,    4,         11.64,          3.30,       5.85,      58.48,    193.23,          8.62
       14,          3,    5,         12.39,          3.30,       6.40,      64.01,    211.48,          9.25
       14,          3,    6,         12.73,          3.30,       6.80,      67.95,    224.48,          9.35
       14,          3,    7,         12.84,          3.30,       7.10,      70.94,    234.38,          9.15
       14,          4,    1,          4.24,          3.31,       2.87,      28.70,     94.92,          3.74
       14,          4,    2,          9.09,          3.30,       4.57,      45.75,    151.19,          6.38
       14,          4,    3,         11.31,          3.30,       5.78,      57.76,    190.85,          8.11
       14,          4,    4,         12.45,          3.30,       6.57,      65.74,    217.20,          9.11
       14,          4,    5,         13.16,          3.30,       7.13,      71.29,    235.53,          9.78
       14,          4,    6,         13.59,          3.30,       7.50,      75.01,    247.78,         10.21
       14,          4,    7,         13.89,          3.30,       7.79,      77.88,    257.26,         10.50
       15,          1,    1,          1.91,          3.31,       2.18,      21.81,     72.13,          3.24
       15,          1,    2,          6.63,          3.31,       3.32,      33.16,    109.63,          5.38
       15,          1,    3,          8.46,          3.31,       4.06,      40.64,    134.34,          6.36
       15,          1,    4,          9.78,          3.30,       4.52,      45.20,    149.35,          7.60
       15,          1,    5,         10.48,          3.30,       4.90,      48.97,    161.81,          8.11
       15,          1,    6,         10.94,          3.30,       5.20,      51.96,    171.68,          8.42
       15,          1,    7,         11.36,          3.30,       5.50,      54.93,    181.47,          8.70
       15,          2,    1,          2.99,          3.31,       2.42,      24.18,     79.97,          3.57
       15,          2,    2,          7.75,          3.31,       3.76,      37.58,    124.24,          5.95
       15,          2,    3,          9.71,          3.30,       4.70,      46.97,    155.21,          7.14
       15,          2,    4,         11.19,          3.30,       5.32,      53.16,    175.66,          8.69
       15,          2,    5,         12.00,          3.30,       5.85,      58.50,    193.30,          9.37
       15,          2,    6,         12.55,          3.30,       6.25,      62.44,    206.29,          9.88
       15,          2,    7,         12.99,          3.30,       6.59,      65.94,    217.85,         10.27
       15,          3,    1,          3.82,          3.31,       2.67,      26.66,     88.17,          3.77
       15,          3,    2,          8.81,          3.30,       4.23,      42.33,    139.90,          6.56
       15,          3,    3,         11.10,          3.30,       5.38,      53.74,    177.56,          8.40
       15,          3,    4,         12.05,          3.30,       6.15,      61.42,    202.93,          8.96
       15,          3,    5,         13.13,          3.30,       6.73,      67.28,    222.29,         10.38
       15,          3,    6,         13.64,          3.30,       7.12,      71.23,    235.33,         10.95
       15,          3,    7,         13.99,          3.30,       7.42,      74.22,    245.16,         11.33
       15,          4,    1,          4.44,          3.31,       2.91,      29.10,     96.27,          3.85
       15,          4,    2,          9.53,          3.30,       4.70,      47.03,    155.40,          6.83
       15,          4,    3,         11.91,          3.30,       6.05,      60.49,    199.85,          8.84
       15,          4,    4,         13.16,          3.30,       6.91,      69.07,    228.20,         10.15
       15,          4,    5,         13.94,          3.30,       7.49,      74.89,    247.39,         11.10
       15,          4,    6,         14.19,          3.30,       7.88,      78.82,    260.34,         11.10
       15,          4,    7,         14.35,          3.30,       8.19,      81.91,    270.48,         11.05
       16,          1,    1,          2.11,          3.31,       2.21,      22.05,     72.95,          3.35
       16,          1,    2,          7.15,          3.31,       3.40,      33.99,    112.38,          5.90
       16,          1,    3,          9.43,          3.31,       4.25,      42.55,    140.64,          7.54
       16,          1,    4,         10.49,          3.30,       4.75,      47.53,    157.06,          8.44
       16,          1,    5,         11.23,          3.30,       5.16,      51.57,    170.40,          9.10
       16,          1,    6,         11.73,          3.30,       5.46,      54.57,    180.30,          9.55
       16,          1,    7,         12.18,          3.30,       5.76,      57.56,    190.17,          9.96
       16,          2,    1,          3.18,          3.31,       2.45,      24.50,     81.04,          3.67
       16,          2,    2,          8.06,          3.31,       3.87,      38.65,    127.75,          6.19
       16,          2,    3,         10.68,          3.30,       4.91,      49.06,    162.11,          8.49
       16,          2,    4,         11.93,          3.30,       5.57,      55.73,    184.13,          9.76
       16,          2,    5,         12.81,          3.30,       6.12,      61.18,    202.15,         10.75
       16,          2,    6,         13.39,          3.30,       6.53,      65.26,    215.62,         11.40
       16,          2,    7,         13.84,          3.30,       6.88,      68.77,    227.21,         11.92
       16,          3,    1,          4.01,          3.31,       2.70,      27.02,     89.35,          3.86
       16,          3,    2,          9.22,          3.31,       4.34,      43.44,    143.60,          7.00
       16,          3,    3,         11.61,          3.30,       5.61,      56.05,    185.20,          9.00
       16,          3,    4,         12.75,          3.30,       6.42,      64.23,    212.20,         10.03
       16,          3,    5,         13.98,          3.30,       7.03,      70.26,    232.13,         12.03
       16,          3,    6,         14.51,          3.30,       7.45,      74.44,    245.90,         12.75
       16,          3,    7,         14.88,          3.30,       7.77,      77.73,    256.76,         13.23
       16,          4,    1,          4.62,          3.31,       2.95,      29.45,     97.40,          3.96
       16,          4,    2,          9.91,          3.30,       4.82,      48.18,    159.22,          7.26
       16,          4,    3,         12.56,          3.30,       6.30,      63.00,    208.13,          9.82
       16,          4,    4,         13.98,          3.30,       7.23,      72.28,    238.77,         11.65
       16,          4,    5,         14.55,          3.30,       7.88,      78.79,    260.22,         12.08
       16,          4,    6,         15.36,          3.30,       8.31,      83.09,    274.35,         13.74
       16,          4,    7,         15.71,          3.30,       8.65,      86.48,    285.49,         14.24
       17,          1,    1,          2.26,          3.31,       2.23,      22.30,     73.77,          3.41
       17,          1,    2,          7.50,          3.31,       3.47,      34.73,    114.82,          6.23
       17,          1,    3,         10.01,          3.30,       4.40,      44.02,    145.48,          8.29
       17,          1,    4,         11.22,          3.30,       4.93,      49.26,    162.77,          9.57
       17,          1,    5,         12.01,          3.30,       5.35,      53.50,    176.77,         10.44
       17,          1,    6,         12.44,          3.30,       5.66,      56.62,    187.09,         10.80
       17,          1,    7,         12.64,          3.30,       5.98,      59.75,    197.39,         10.62
       17,          2,    1,          2.99,          3.31,       2.48,      24.82,     82.08,          3.45
       17,          2,    2,          8.64,          3.31,       3.95,      39.46,    130.43,          6.90
       17,          2,    3,         11.34,          3.30,       5.07,      50.67,    167.42,          9.52
       17,          2,    4,         12.72,          3.30,       5.78,      57.76,    190.85,         11.23
       17,          2,    5,         13.63,          3.30,       6.35,      63.53,    209.91,         12.44
       17,          2,    6,         14.22,          3.30,       6.77,      67.71,    223.70,         13.25
       17,          2,    7,         14.67,          3.30,       7.14,      71.41,    235.93,         13.87
       17,          3,    1,          4.15,          3.31,       2.73,      27.30,     90.30,          3.95
       17,          3,    2,          9.32,          3.30,       4.43,      44.31,    146.43,          7.00
       17,          3,    3,         12.07,          3.30,       5.78,      57.77,    190.86,          9.68
       17,          3,    4,         13.93,          3.30,       6.67,      66.65,    220.22,         12.63
       17,          3,    5,         14.86,          3.30,       7.33,      73.29,    242.10,         14.06
       17,          3,    6,         15.41,          3.30,       7.79,      77.92,    257.33,         14.94
       17,          3,    7,         15.80,          3.30,       8.16,      81.56,    269.36,         15.51
       17,          4,    1,          4.76,          3.31,       2.98,      29.80,     98.56,          4.03
       17,          4,    2,         10.21,          3.30,       4.91,      49.14,    162.37,          7.59
       17,          4,    3,         13.14,          3.30,       6.50,      64.97,    214.65,         10.83
       17,          4,    4,         14.52,          3.30,       7.54,      75.44,    249.19,         12.60
       17,          4,    5,         15.80,          3.30,       8.28,      82.83,    273.55,         15.23
       17,          4,    6,         16.31,          3.30,       8.76,      87.58,    289.16,         16.14
       17,          4,    7,         16.66,          3.30,       9.14,      91.36,    301.54,         16.73
       18,          1,    1,          2.42,          3.31,       2.25,      22.52,     74.48,          3.49
       18,          1,    2,          7.91,          3.31,       3.54,      35.38,    116.98,          6.69
       18,          1,    3,         10.84,          3.30,       4.52,      45.25,    149.54,          9.70
       18,          1,    4,         12.15,          3.30,       5.10,      50.99,    168.48,         11.40
       18,          1,    5,         12.98,          3.30,       5.56,      55.56,    183.57,         12.49
       18,          1,    6,         13.44,          3.30,       5.89,      58.94,    194.74,         12.98
       18,          1,    7,         13.62,          3.30,       6.22,      62.24,    205.65,         12.71
       18,          2,    1,          3.11,          3.31,       2.51,      25.10,     83.03,          3.50
       18,          2,    2,          9.14,          3.31,       4.02,      40.21,    132.92,          7.56
       18,          2,    3,         12.20,          3.30,       5.22,      52.20,    172.47,         11.22
       18,          2,    4,         13.69,          3.30,       6.01,      60.12,    198.63,         13.43
       18,          2,    5,         14.65,          3.30,       6.64,      66.37,    219.28,         14.97
       18,          2,    6,         15.26,          3.30,       7.10,      71.01,    234.59,         15.97
       18,          2,    7,         15.72,          3.30,       7.51,      75.09,    248.05,         16.71
       18,          3,    1,          4.25,          3.31,       2.76,      27.62,     91.36,          3.98
       18,          3,    2,          9.76,          3.30,       4.51,      45.09,    149.02,          7.60
       18,          3,    3,         12.93,          3.30,       5.96,      59.59,    196.88,         11.38
       18,          3,    4,         14.94,          3.30,       6.97,      69.66,    230.15,         15.15
       18,          3,    5,         15.93,          3.30,       7.73,      77.33,    255.42,         16.96
       18,          3,    6,         16.51,          3.30,       8.26,      82.63,    272.86,         18.02
       18,          3,    7,         16.91,          3.30,       8.67,      86.70,    286.23,         18.75
       18,          4,    1,          4.92,          3.31,       3.02,      30.14,     99.66,          4.13
       18,          4,    2,         10.71,          3.30,       5.00,      49.95,    165.06,          8.37
       18,          4,    3,         13.79,          3.30,       6.70,      67.01,    221.38,         12.16
       18,          4,    4,         15.86,          3.30,       7.92,      79.16,    261.44,         16.26
       18,          4,    5,         16.85,          3.30,       8.78,      87.79,    289.81,         18.26
       18,          4,    6,         17.40,          3.30,       9.34,      93.39,    308.22,         19.37
       18,          4,    7,         17.77,          3.30,       9.77,      97.65,    322.27,         20.11
       19,          1,    1,          2.63,          3.31,       2.28,      22.76,     75.28,          3.63
       19,          1,    2,          8.67,          3.31,       3.57,      35.75,    118.21,          7.88
       19,          1,    3,         11.70,          3.30,       4.63,      46.25,    152.84,         11.54
       19,          1,    4,         12.84,          3.30,       5.29,      52.92,    174.85,         12.80
       19,          1,    5,         14.03,          3.30,       5.81,      58.07,    191.85,         15.14
       19,          1,    6,         14.58,          3.30,       6.19,      61.88,    204.43,         15.98
       19,          1,    7,         15.06,          3.30,       6.55,      65.51,    216.45,         16.72
       19,          2,    1,          3.77,          3.31,       2.53,      25.33,     83.77,          4.03
       19,          2,    2,          9.91,          3.31,       4.07,      40.67,    134.45,          8.91
       19,          2,    3,         13.09,          3.30,       5.36,      53.58,    177.03,         13.34
       19,          2,    4,         14.69,          3.30,       6.27,      62.75,    207.33,         16.12
       19,          2,    5,         15.67,          3.30,       6.99,      69.86,    230.81,         17.88
       19,          2,    6,         16.03,          3.30,       7.51,      75.12,    248.12,         17.92
       19,          2,    7,         16.85,          3.30,       7.98,      79.79,    263.54,         20.26
       19,          3,    1,          4.63,          3.31,       2.79,      27.89,     92.25,          4.28
       19,          3,    2,         10.85,          3.30,       4.57,      45.68,    150.96,          9.63
       19,          3,    3,         14.12,          3.30,       6.12,      61.14,    202.02,         14.56
       19,          3,    4,         15.88,          3.30,       7.28,      72.78,    240.42,         17.92
       19,          3,    5,         16.95,          3.30,       8.17,      81.71,    269.85,         20.21
       19,          3,    6,         17.58,          3.30,       8.78,      87.79,    289.79,         21.57
       19,          3,    7,         17.97,          3.30,       9.26,      92.54,    305.44,         22.31
       19,          4,    1,          4.92,          3.31,       3.04,      30.43,    100.64,          4.08
       19,          4,    2,         11.53,          3.30,       5.07,      50.66,    167.39,          9.96
       19,          4,    3,         14.85,          3.30,       6.87,      68.69,    226.93,         15.08
       19,          4,    4,         16.70,          3.30,       8.25,      82.52,    272.48,         18.89
       19,          4,    5,         17.83,          3.30,       9.30,      92.98,    306.87,         21.47
       19,          4,    6,         18.43,          3.30,       9.96,      99.58,    328.62,         22.92
       19,          4,    7,         18.84,          3.30,      10.46,     104.55,    345.04,         23.87
       20,          1,    1,          3.60,          3.31,       2.29,      22.93,     75.86,          4.49
       20,          1,    2,          9.43,          3.31,       3.62,      36.18,    119.63,          9.25
       20,          1,    3,         12.20,          3.30,       4.74,      47.43,    156.73,         12.60
       20,          1,    4,         13.99,          3.30,       5.53,      55.26,    182.56,         15.91
       20,          1,    5,         14.95,          3.30,       6.11,      61.15,    202.05,         17.65
       20,          1,    6,         15.52,          3.30,       6.54,      65.36,    215.93,         18.67
       20,          1,    7,         16.00,          3.30,       6.92,      69.22,    228.71,         19.55
       20,          2,    1,          4.81,          3.31,       2.56,      25.56,     84.54,          5.05
       20,          2,    2,         10.71,          3.31,       4.12,      41.24,    136.28,         10.55
       20,          2,    3,         13.81,          3.30,       5.50,      55.03,    181.84,         15.30
       20,          2,    4,         15.52,          3.30,       6.55,      65.47,    216.29,         18.59
       20,          2,    5,         16.39,          3.30,       7.37,      73.63,    243.24,         19.92
       20,          2,    6,         16.93,          3.30,       7.95,      79.54,    262.69,         20.71
       20,          2,    7,         17.80,          3.30,       8.47,      84.66,    279.53,         23.64
       20,          3,    1,          5.69,          3.31,       2.82,      28.17,     93.18,          5.41
       20,          3,    2,         11.65,          3.30,       4.64,      46.39,    153.29,         11.37
       20,          3,    3,         14.81,          3.30,       6.27,      62.70,    207.16,         16.61
       20,          3,    4,         16.65,          3.30,       7.56,      75.55,    249.56,         20.57
       20,          3,    5,         17.83,          3.30,       8.61,      86.05,    284.09,         23.40
       20,          3,    6,         18.49,          3.30,       9.32,      93.14,    307.40,         24.98
       20,          3,    7,         18.66,          3.30,       9.86,      98.58,    325.32,         24.41
       20,          4,    1,          5.93,          3.31,       3.07,      30.71,    101.58,          5.10
       20,          4,    2,         12.26,          3.30,       5.14,      51.42,    169.91,         11.59
       20,          4,    3,         15.47,          3.30,       7.01,      70.12,    231.65,         17.02
       20,          4,    4,         17.39,          3.30,       8.54,      85.41,    282.00,         21.29
       20,          4,    5,         18.64,          3.30,       9.78,      97.81,    322.77,         24.52
       20,          4,    6,         19.32,          3.30,      10.58,     105.78,    349.09,         26.36
       20,          4,    7,         19.73,          3.30,      11.16,     111.58,    368.17,         27.36
       21,          1,    1,          4.11,          3.31,       2.32,      23.17,     76.63,          5.00
       21,          1,    2,          9.61,          3.31,       3.67,      36.72,    121.39,          9.50
       21,          1,    3,         12.97,          3.30,       4.85,      48.53,    160.35,         14.64
       21,          1,    4,         14.63,          3.30,       5.73,      57.35,    189.49,         17.67
       21,          1,    5,         15.68,          3.30,       6.41,      64.15,    211.96,         19.78
       21,          1,    6,         16.27,          3.30,       6.87,      68.64,    226.76,         21.03
       21,          1,    7,         16.76,          3.30,       7.28,      72.79,    240.47,         22.04
       21,          2,    1,          5.57,          3.31,       2.58,      25.78,     85.25,          5.98
       21,          2,    2,         11.18,          3.31,       4.19,      41.91,    138.52,         11.54
       21,          2,    3,         13.97,          3.30,       5.62,      56.19,    185.65,         15.51
       21,          2,    4,         16.09,          3.30,       6.76,      67.63,    223.45,         20.47
       21,          2,    5,         17.29,          3.30,       7.71,      77.04,    254.48,         23.33
       21,          2,    6,         17.99,          3.30,       8.36,      83.59,    275.97,         25.08
       21,          2,    7,         18.52,          3.30,       8.92,      89.22,    294.48,         26.37
       21,          3,    1,          6.47,          3.31,       2.85,      28.44,     94.06,          6.40
       21,          3,    2,         12.18,          3.30,       4.71,      47.07,    155.53,         12.64
       21,          3,    3,         15.28,          3.30,       6.40,      63.95,    211.29,         18.07
       21,          3,    4,         16.83,          3.30,       7.78,      77.82,    257.06,         20.77
       21,          3,    5,         18.47,          3.30,       8.98,      89.79,    296.39,         25.92
       21,          3,    6,         19.22,          3.30,       9.81,      98.06,    323.59,         27.97
       21,          3,    7,         19.72,          3.30,      10.44,     104.38,    344.47,         29.35
       21,          4,    1,          7.12,          3.31,       3.10,      31.00,    102.50,          6.64
       21,          4,    2,         12.84,          3.30,       5.22,      52.20,    172.47,         13.05
       21,          4,    3,         15.95,          3.30,       7.15,      71.46,    236.08,         18.66
       21,          4,    4,         17.64,          3.30,       8.76,      87.62,    289.25,         21.99
       21,          4,    5,         19.27,          3.30,      10.19,     101.89,    336.23,         27.17
       21,          4,    6,         20.05,          3.30,      11.16,     111.56,    368.12,         29.49
       21,          4,    7,         20.54,          3.30,      11.85,     118.49,    390.88,         30.96
       22,          1,    1,          4.76,          3.31,       2.34,      23.36,     77.29,          5.74
       22,          1,    2,         10.32,          3.31,       3.72,      37.22,    123.06,         10.99
       22,          1,    3,         13.33,          3.30,       4.95,      49.45,    163.39,         15.58
       22,          1,    4,         15.05,          3.30,       5.91,      59.11,    195.31,         18.80
       22,          1,    5,         15.91,          3.30,       6.68,      66.76,    220.55,         19.95
       22,          1,    6,         16.86,          3.30,       7.17,      71.73,    236.96,         22.92
       22,          1,    7,         17.38,          3.30,       7.63,      76.24,    251.85,         24.11
       22,          2,    1,          6.05,          3.31,       2.60,      26.05,     86.17,          6.61
       22,          2,    2,         11.61,          3.31,       4.26,      42.53,    140.57,         12.57
       22,          2,    3,         14.66,          3.30,       5.73,      57.35,    189.47,         17.80
       22,          2,    4,         16.45,          3.30,       6.96,      69.57,    229.85,         21.60
       22,          2,    5,         17.48,          3.30,       8.04,      80.37,    265.43,         23.32
       22,          2,    6,         18.58,          3.30,       8.78,      87.80,    289.86,         27.27
       22,          2,    7,         19.15,          3.30,       9.42,      94.23,    311.01,         28.74
       22,          3,    1,          7.04,          3.31,       2.87,      28.70,     94.92,          7.23
       22,          3,    2,         12.58,          3.30,       4.78,      47.79,    157.90,         13.63
       22,          3,    3,         15.67,          3.30,       6.54,      65.39,    216.04,         19.31
       22,          3,    4,         17.59,          3.30,       8.02,      80.17,    264.75,         23.94
       22,          3,    5,         18.96,          3.30,       9.38,      93.82,    309.66,         27.68
       22,          3,    6,         19.51,          3.30,      10.37,     103.71,    342.23,         28.18
       22,          3,    7,         20.40,          3.30,      11.15,     111.48,    367.84,         31.96
       22,          4,    1,          7.76,          3.31,       3.13,      31.29,    103.48,          7.60
       22,          4,    2,         13.29,          3.30,       5.30,      52.98,    175.07,         14.23
       22,          4,    3,         16.41,          3.30,       7.30,      73.00,    241.16,         20.23
       22,          4,    4,         18.35,          3.30,       9.03,      90.24,    297.90,         25.06
       22,          4,    5,         19.74,          3.30,      10.64,     106.41,    351.14,         28.87
       22,          4,    6,         20.33,          3.30,      11.83,     118.30,    390.33,         29.56
       22,          4,    7,         21.22,          3.30,      12.70,     126.98,    418.69,         33.65

