[Radio] Initializing ... success!
Connected to RF power monitor: Rohde&Schwarz,FPC1500,1328.6660K03/205785,V1.80
Connected to DC power monitor: radiolib-org,DCpowerMon,070dd3d
setCurrentLimit, code 0

Set [dBm],paDutyCycle,hpMax,Measured [dBm],Bus voltage[V],Voltage[mV],Current[mA],Power [mW],Efficiency [%]
       -9,          1,    1,        -17.44,          3.31,       0.98,       9.77,     32.32,          0.21
       -9,          1,    2,        -14.35,          3.31,       1.13,      11.29,     37.34,          0.27
       -9,          1,    3,        -13.00,          3.31,       1.24,      12.39,     40.96,          0.29
       -9,          1,    4,        -12.45,          3.31,       1.34,      13.40,     44.31,          0.28
       -9,          1,    5,        -11.49,          3.31,       1.44,      14.34,     47.44,          0.30
       -9,          1,    6,        -11.02,          3.31,       1.52,      15.21,     50.30,          0.30
       -9,          1,    7,        -10.60,          3.31,       1.61,      16.11,     53.29,          0.30
       -9,          2,    1,        -16.45,          3.31,       1.01,      10.06,     33.26,          0.24
       -9,          2,    2,        -13.23,          3.31,       1.18,      11.77,     38.92,          0.31
       -9,          2,    3,        -11.77,          3.31,       1.31,      13.10,     43.32,          0.34
       -9,          2,    4,        -10.84,          3.31,       1.42,      14.22,     47.05,          0.35
       -9,          2,    5,        -10.25,          3.31,       1.52,      15.22,     50.37,          0.35
       -9,          2,    6,         -9.94,          3.31,       1.62,      16.17,     53.50,          0.34
       -9,          2,    7,         -9.82,          3.31,       1.69,      16.95,     56.08,          0.32
       -9,          3,    1,        -15.65,          3.31,       1.04,      10.40,     34.41,          0.25
       -9,          3,    2,        -12.36,          3.31,       1.23,      12.33,     40.80,          0.34
       -9,          3,    3,        -10.92,          3.31,       1.38,      13.75,     45.48,          0.37
       -9,          3,    4,        -10.06,          3.31,       1.50,      14.95,     49.44,          0.38
       -9,          3,    5,         -9.56,          3.31,       1.59,      15.91,     52.63,          0.38
       -9,          3,    6,         -9.19,          3.31,       1.68,      16.77,     55.46,          0.38
       -9,          3,    7,         -8.92,          3.31,       1.76,      17.62,     58.31,          0.37
       -9,          4,    1,        -15.06,          3.31,       1.07,      10.73,     35.50,          0.26
       -9,          4,    2,        -12.04,          3.31,       1.29,      12.87,     42.57,          0.33
       -9,          4,    3,        -10.39,          3.31,       1.43,      14.32,     47.38,          0.38
       -9,          4,    4,         -9.59,          3.31,       1.55,      15.49,     51.24,          0.40
       -9,          4,    5,         -9.12,          3.31,       1.65,      16.53,     54.66,          0.39
       -9,          4,    6,         -8.78,          3.31,       1.74,      17.40,     57.55,          0.39
       -9,          4,    7,         -8.48,          3.31,       1.84,      18.35,     60.68,          0.38
       -8,          1,    1,        -16.17,          3.31,       1.01,      10.06,     33.28,          0.25
       -8,          1,    2,        -13.14,          3.31,       1.17,      11.71,     38.73,          0.32
       -8,          1,    3,        -12.11,          3.31,       1.29,      12.89,     42.64,          0.33
       -8,          1,    4,        -10.95,          3.31,       1.39,      13.90,     45.97,          0.36
       -8,          1,    5,        -10.30,          3.31,       1.49,      14.93,     49.38,          0.36
       -8,          1,    6,         -9.83,          3.31,       1.58,      15.83,     52.37,          0.36
       -8,          1,    7,         -9.42,          3.31,       1.67,      16.73,     55.33,          0.36
       -8,          2,    1,        -15.19,          3.31,       1.04,      10.40,     34.40,          0.28
       -8,          2,    2,        -11.97,          3.31,       1.23,      12.28,     40.63,          0.38
       -8,          2,    3,        -10.53,          3.31,       1.37,      13.71,     45.36,          0.41
       -8,          2,    4,         -9.66,          3.31,       1.49,      14.96,     49.46,          0.42
       -8,          2,    5,         -9.37,          3.31,       1.60,      15.97,     52.83,          0.40
       -8,          2,    6,         -8.60,          3.31,       1.69,      16.86,     55.77,          0.43
       -8,          2,    7,         -8.28,          3.31,       1.78,      17.77,     58.78,          0.42
       -8,          3,    1,        -14.38,          3.31,       1.08,      10.80,     35.72,          0.30
       -8,          3,    2,        -11.10,          3.31,       1.30,      12.95,     42.85,          0.40
       -8,          3,    3,         -9.67,          3.31,       1.45,      14.47,     47.88,          0.45
       -8,          3,    4,         -8.85,          3.31,       1.57,      15.74,     52.06,          0.46
       -8,          3,    5,         -8.65,          3.31,       1.67,      16.74,     55.36,          0.43
       -8,          3,    6,         -7.99,          3.31,       1.76,      17.64,     58.34,          0.46
       -8,          3,    7,         -7.73,          3.31,       1.85,      18.51,     61.23,          0.45
       -8,          4,    1,        -13.77,          3.31,       1.13,      11.23,     37.14,          0.31
       -8,          4,    2,        -10.50,          3.31,       1.35,      13.55,     44.81,          0.42
       -8,          4,    3,         -9.13,          3.31,       1.51,      15.14,     50.09,          0.46
       -8,          4,    4,         -8.36,          3.31,       1.64,      16.37,     54.17,          0.48
       -8,          4,    5,         -7.92,          3.31,       1.74,      17.40,     57.55,          0.48
       -8,          4,    6,         -7.86,          3.31,       1.84,      18.41,     60.91,          0.44
       -8,          4,    7,         -7.26,          3.31,       1.93,      19.34,     63.97,          0.47
       -7,          1,    1,        -15.12,          3.31,       1.03,      10.32,     34.14,          0.29
       -7,          1,    2,        -12.03,          3.31,       1.21,      12.07,     39.93,          0.39
       -7,          1,    3,        -10.72,          3.31,       1.33,      13.33,     44.09,          0.42
       -7,          1,    4,         -9.92,          3.31,       1.44,      14.43,     47.74,          0.42
       -7,          1,    5,         -9.28,          3.31,       1.55,      15.48,     51.22,          0.43
       -7,          1,    6,         -8.83,          3.31,       1.64,      16.45,     54.41,          0.43
       -7,          1,    7,         -8.47,          3.31,       1.73,      17.32,     57.30,          0.42
       -7,          2,    1,        -14.46,          3.31,       1.07,      10.73,     35.48,          0.30
       -7,          2,    2,        -10.91,          3.31,       1.28,      12.79,     42.32,          0.43
       -7,          2,    3,         -9.48,          3.31,       1.43,      14.27,     47.21,          0.48
       -7,          2,    4,         -8.58,          3.31,       1.56,      15.54,     51.42,          0.50
       -7,          2,    5,         -8.01,          3.31,       1.66,      16.64,     55.06,          0.50
       -7,          2,    6,         -7.58,          3.31,       1.76,      17.62,     58.30,          0.50
       -7,          2,    7,         -7.27,          3.31,       1.86,      18.56,     61.41,          0.50
       -7,          3,    1,        -13.33,          3.31,       1.12,      11.25,     37.20,          0.34
       -7,          3,    2,        -10.33,          3.31,       1.35,      13.51,     44.69,          0.44
       -7,          3,    3,         -9.01,          3.31,       1.51,      15.15,     50.14,          0.47
       -7,          3,    4,         -7.78,          3.31,       1.65,      16.49,     54.56,          0.54
       -7,          3,    5,         -7.31,          3.31,       1.75,      17.49,     57.87,          0.54
       -7,          3,    6,         -6.95,          3.31,       1.85,      18.46,     61.07,          0.54
       -7,          3,    7,         -6.70,          3.31,       1.94,      19.36,     64.04,          0.53
       -7,          4,    1,        -12.70,          3.31,       1.17,      11.69,     38.68,          0.36
       -7,          4,    2,         -9.42,          3.31,       1.42,      14.19,     46.93,          0.49
       -7,          4,    3,         -8.06,          3.31,       1.59,      15.90,     52.62,          0.54
       -7,          4,    4,         -7.54,          3.31,       1.72,      17.19,     56.88,          0.53
       -7,          4,    5,         -6.83,          3.31,       1.83,      18.36,     60.73,          0.56
       -7,          4,    6,         -6.49,          3.31,       1.93,      19.34,     63.97,          0.56
       -7,          4,    7,         -6.22,          3.31,       2.03,      20.27,     67.05,          0.55
       -6,          1,    1,        -14.15,          3.31,       1.06,      10.60,     35.06,          0.34
       -6,          1,    2,        -11.08,          3.31,       1.25,      12.49,     41.32,          0.44
       -6,          1,    3,         -9.82,          3.31,       1.38,      13.81,     45.68,          0.47
       -6,          1,    4,         -9.31,          3.31,       1.50,      14.98,     49.56,          0.45
       -6,          1,    5,         -8.36,          3.31,       1.61,      16.08,     53.17,          0.50
       -6,          1,    6,         -7.91,          3.31,       1.70,      17.01,     56.25,          0.50
       -6,          1,    7,         -7.53,          3.31,       1.80,      18.00,     59.55,          0.49
       -6,          2,    1,        -13.15,          3.31,       1.11,      11.13,     36.81,          0.37
       -6,          2,    2,         -9.95,          3.31,       1.33,      13.30,     44.01,          0.50
       -6,          2,    3,         -8.54,          3.31,       1.49,      14.88,     49.23,          0.55
       -6,          2,    4,         -7.95,          3.31,       1.63,      16.26,     53.81,          0.53
       -6,          2,    5,         -7.06,          3.31,       1.74,      17.36,     57.41,          0.58
       -6,          2,    6,         -6.65,          3.31,       1.84,      18.41,     60.90,          0.58
       -6,          2,    7,         -6.35,          3.31,       1.93,      19.31,     63.89,          0.58
       -6,          3,    1,        -12.35,          3.31,       1.16,      11.62,     38.44,          0.39
       -6,          3,    2,         -9.07,          3.31,       1.41,      14.13,     46.74,          0.54
       -6,          3,    3,         -7.66,          3.31,       1.58,      15.85,     52.42,          0.60
       -6,          3,    4,         -6.83,          3.31,       1.72,      17.21,     56.92,          0.62
       -6,          3,    5,         -6.37,          3.31,       1.83,      18.36,     60.73,          0.62
       -6,          3,    6,         -6.25,          3.31,       1.93,      19.29,     63.82,          0.59
       -6,          3,    7,         -6.14,          3.31,       2.02,      20.20,     66.81,          0.56
       -6,          4,    1,        -12.13,          3.31,       1.21,      12.11,     40.07,          0.37
       -6,          4,    2,         -8.46,          3.31,       1.49,      14.92,     49.36,          0.56
       -6,          4,    3,         -7.09,          3.31,       1.67,      16.71,     55.26,          0.62
       -6,          4,    4,         -6.33,          3.31,       1.81,      18.11,     59.89,          0.64
       -6,          4,    5,         -5.87,          3.31,       1.93,      19.26,     63.68,          0.65
       -6,          4,    6,         -5.59,          3.31,       2.03,      20.25,     66.97,          0.64
       -6,          4,    7,         -5.54,          3.31,       2.13,      21.29,     70.41,          0.60
       -5,          1,    1,        -12.87,          3.31,       1.12,      11.26,     37.26,          0.38
       -5,          1,    2,         -9.44,          3.31,       1.33,      13.32,     44.05,          0.56
       -5,          1,    3,         -8.15,          3.31,       1.48,      14.83,     49.03,          0.61
       -5,          1,    4,         -7.38,          3.31,       1.60,      16.04,     53.05,          0.62
       -5,          1,    5,         -6.76,          3.31,       1.72,      17.19,     56.86,          0.64
       -5,          1,    6,         -6.33,          3.31,       1.83,      18.28,     60.45,          0.64
       -5,          1,    7,         -5.95,          3.31,       1.93,      19.26,     63.70,          0.64
       -5,          2,    1,        -11.52,          3.31,       1.18,      11.82,     39.11,          0.46
       -5,          2,    2,         -8.48,          3.31,       1.43,      14.29,     47.28,          0.60
       -5,          2,    3,         -7.25,          3.31,       1.61,      16.09,     53.22,          0.64
       -5,          2,    4,         -6.02,          3.31,       1.75,      17.50,     57.88,          0.73
       -5,          2,    5,         -5.46,          3.31,       1.88,      18.78,     62.11,          0.74
       -5,          2,    6,         -5.05,          3.31,       1.99,      19.91,     65.85,          0.74
       -5,          2,    7,         -4.75,          3.31,       2.08,      20.85,     68.96,          0.74
       -5,          3,    1,        -10.71,          3.31,       1.24,      12.41,     41.04,          0.49
       -5,          3,    2,         -7.43,          3.31,       1.53,      15.29,     50.60,          0.67
       -5,          3,    3,         -6.03,          3.31,       1.72,      17.21,     56.92,          0.75
       -5,          3,    4,         -5.46,          3.31,       1.88,      18.79,     62.15,          0.74
       -5,          3,    5,         -5.10,          3.31,       2.00,      19.99,     66.12,          0.73
       -5,          3,    6,         -4.38,          3.31,       2.10,      21.03,     69.55,          0.79
       -5,          3,    7,         -4.15,          3.31,       2.20,      21.95,     72.60,          0.79
       -5,          4,    1,        -10.09,          3.31,       1.31,      13.07,     43.25,          0.50
       -5,          4,    2,         -6.80,          3.31,       1.62,      16.23,     53.68,          0.69
       -5,          4,    3,         -5.44,          3.31,       1.83,      18.28,     60.48,          0.78
       -5,          4,    4,         -4.68,          3.31,       1.99,      19.85,     65.64,          0.81
       -5,          4,    5,         -4.25,          3.31,       2.11,      21.06,     69.64,          0.82
       -5,          4,    6,         -4.22,          3.31,       2.22,      22.14,     73.23,          0.76
       -5,          4,    7,         -3.63,          3.31,       2.32,      23.22,     76.80,          0.81
       -4,          1,    1,        -11.82,          3.31,       1.15,      11.53,     38.13,          0.46
       -4,          1,    2,         -8.74,          3.31,       1.37,      13.71,     45.37,          0.62
       -4,          1,    3,         -7.45,          3.31,       1.53,      15.29,     50.58,          0.67
       -4,          1,    4,         -6.68,          3.31,       1.65,      16.55,     54.75,          0.69
       -4,          1,    5,         -6.07,          3.31,       1.77,      17.77,     58.79,          0.70
       -4,          1,    6,         -5.64,          3.31,       1.88,      18.83,     62.30,          0.71
       -4,          1,    7,         -5.27,          3.31,       1.99,      19.90,     65.82,          0.71
       -4,          2,    1,        -10.85,          3.31,       1.21,      12.14,     40.15,          0.50
       -4,          2,    2,         -7.61,          3.31,       1.48,      14.82,     49.03,          0.68
       -4,          2,    3,         -6.19,          3.31,       1.67,      16.68,     55.17,          0.76
       -4,          2,    4,         -5.32,          3.31,       1.82,      18.21,     60.23,          0.80
       -4,          2,    5,         -4.76,          3.31,       1.95,      19.50,     64.49,          0.82
       -4,          2,    6,         -4.34,          3.31,       2.06,      20.59,     68.11,          0.83
       -4,          2,    7,         -4.07,          3.31,       2.16,      21.61,     71.46,          0.82
       -4,          3,    1,        -10.30,          3.31,       1.28,      12.82,     42.40,          0.50
       -4,          3,    2,         -6.72,          3.31,       1.59,      15.87,     52.47,          0.74
       -4,          3,    3,         -5.31,          3.31,       1.80,      17.95,     59.38,          0.82
       -4,          3,    4,         -4.48,          3.31,       1.95,      19.53,     64.62,          0.87
       -4,          3,    5,         -4.01,          3.31,       2.07,      20.72,     68.53,          0.88
       -4,          3,    6,         -3.67,          3.31,       2.18,      21.83,     72.21,          0.88
       -4,          3,    7,         -3.44,          3.31,       2.28,      22.79,     75.39,          0.87
       -4,          4,    1,         -9.38,          3.31,       1.35,      13.49,     44.61,          0.55
       -4,          4,    2,         -6.26,          3.31,       1.69,      16.86,     55.76,          0.73
       -4,          4,    3,         -4.72,          3.31,       1.91,      19.07,     63.09,          0.85
       -4,          4,    4,         -3.96,          3.31,       2.06,      20.64,     68.26,          0.90
       -4,          4,    5,         -3.50,          3.31,       2.20,      21.97,     72.68,          0.91
       -4,          4,    6,         -3.18,          3.31,       2.31,      23.12,     76.49,          0.91
       -4,          4,    7,         -2.92,          3.31,       2.41,      24.17,     79.93,          0.90
       -3,          1,    1,        -11.17,          3.31,       1.18,      11.80,     39.06,          0.50
       -3,          1,    2,         -8.09,          3.31,       1.41,      14.16,     46.83,          0.67
       -3,          1,    3,         -7.07,          3.31,       1.58,      15.79,     52.22,          0.69
       -3,          1,    4,         -6.42,          3.31,       1.71,      17.04,     56.39,          0.70
       -3,          1,    5,         -5.43,          3.31,       1.84,      18.38,     60.78,          0.77
       -3,          1,    6,         -5.00,          3.31,       1.94,      19.44,     64.31,          0.78
       -3,          1,    7,         -4.63,          3.31,       2.05,      20.48,     67.74,          0.78
       -3,          2,    1,        -10.17,          3.31,       1.25,      12.45,     41.17,          0.55
       -3,          2,    2,         -6.97,          3.31,       1.53,      15.29,     50.60,          0.75
       -3,          2,    3,         -5.85,          3.31,       1.72,      17.24,     57.02,          0.78
       -3,          2,    4,         -5.04,          3.31,       1.89,      18.87,     62.41,          0.81
       -3,          2,    5,         -4.11,          3.31,       2.02,      20.19,     66.78,          0.90
       -3,          2,    6,         -3.70,          3.31,       2.14,      21.35,     70.63,          0.91
       -3,          2,    7,         -3.41,          3.31,       2.24,      22.36,     73.95,          0.91
       -3,          3,    1,         -9.35,          3.31,       1.32,      13.19,     43.64,          0.58
       -3,          3,    2,         -6.06,          3.31,       1.65,      16.46,     54.45,          0.80
       -3,          3,    3,         -4.68,          3.31,       1.86,      18.63,     61.63,          0.90
       -3,          3,    4,         -4.12,          3.31,       2.03,      20.28,     67.08,          0.89
       -3,          3,    5,         -3.36,          3.31,       2.15,      21.55,     71.29,          0.97
       -3,          3,    6,         -3.02,          3.31,       2.27,      22.68,     75.03,          0.97
       -3,          3,    7,         -2.79,          3.31,       2.37,      23.64,     78.19,          0.96
       -3,          4,    1,         -8.74,          3.31,       1.39,      13.89,     45.96,          0.60
       -3,          4,    2,         -5.43,          3.31,       1.75,      17.50,     57.89,          0.84
       -3,          4,    3,         -4.06,          3.31,       1.99,      19.86,     65.69,          0.93
       -3,          4,    4,         -3.30,          3.31,       2.15,      21.51,     71.15,          0.98
       -3,          4,    5,         -2.85,          3.31,       2.29,      22.88,     75.67,          1.00
       -3,          4,    6,         -2.79,          3.31,       2.40,      24.01,     79.40,          0.94
       -3,          4,    7,         -2.65,          3.31,       2.52,      25.17,     83.26,          0.91
       -2,          1,    1,        -10.03,          3.31,       1.23,      12.37,     40.90,          0.58
       -2,          1,    2,         -6.92,          3.31,       1.50,      14.99,     49.58,          0.79
       -2,          1,    3,         -5.63,          3.31,       1.67,      16.71,     55.27,          0.87
       -2,          1,    4,         -4.87,          3.31,       1.82,      18.15,     60.04,          0.90
       -2,          1,    5,         -4.27,          3.31,       1.95,      19.49,     64.47,          0.92
       -2,          1,    6,         -3.85,          3.31,       2.06,      20.58,     68.06,          0.93
       -2,          1,    7,         -3.50,          3.31,       2.17,      21.72,     71.84,          0.93
       -2,          2,    1,         -9.20,          3.31,       1.32,      13.14,     43.47,          0.61
       -2,          2,    2,         -6.15,          3.31,       1.63,      16.30,     53.91,          0.80
       -2,          2,    3,         -4.37,          3.31,       1.84,      18.43,     60.98,          0.98
       -2,          2,    4,         -3.51,          3.31,       2.02,      20.16,     66.67,          1.04
       -2,          2,    5,         -2.94,          3.31,       2.16,      21.56,     71.31,          1.07
       -2,          2,    6,         -2.53,          3.31,       2.28,      22.83,     75.49,          1.08
       -2,          2,    7,         -2.25,          3.31,       2.39,      23.86,     78.92,          1.08
       -2,          3,    1,         -8.21,          3.31,       1.39,      13.92,     46.06,          0.67
       -2,          3,    2,         -5.14,          3.31,       1.76,      17.58,     58.17,          0.89
       -2,          3,    3,         -3.47,          3.31,       2.00,      20.01,     66.20,          1.06
       -2,          3,    4,         -2.65,          3.31,       2.18,      21.77,     72.00,          1.12
       -2,          3,    5,         -2.18,          3.31,       2.32,      23.17,     76.65,          1.14
       -2,          3,    6,         -1.84,          3.31,       2.43,      24.34,     80.50,          1.15
       -2,          3,    7,         -1.62,          3.31,       2.54,      25.41,     84.03,          1.14
       -2,          4,    1,         -7.59,          3.31,       1.48,      14.81,     48.99,          0.69
       -2,          4,    2,         -4.25,          3.31,       1.89,      18.85,     62.34,          0.97
       -2,          4,    3,         -3.14,          3.31,       2.14,      21.40,     70.80,          1.03
       -2,          4,    4,         -2.11,          3.31,       2.32,      23.19,     76.70,          1.16
       -2,          4,    5,         -1.66,          3.31,       2.47,      24.70,     81.69,          1.18
       -2,          4,    6,         -1.33,          3.31,       2.59,      25.94,     85.79,          1.18
       -2,          4,    7,         -1.08,          3.31,       2.71,      27.10,     89.62,          1.18
       -1,          1,    1,         -9.10,          3.31,       1.29,      12.92,     42.73,          0.65
       -1,          1,    2,         -5.96,          3.31,       1.58,      15.77,     52.16,          0.89
       -1,          1,    3,         -4.69,          3.31,       1.76,      17.57,     58.11,          0.99
       -1,          1,    4,         -4.24,          3.31,       1.91,      19.11,     63.19,          0.96
       -1,          1,    5,         -3.32,          3.31,       2.05,      20.49,     67.78,          1.06
       -1,          1,    6,         -2.90,          3.31,       2.17,      21.74,     71.89,          1.07
       -1,          1,    7,         -2.54,          3.31,       2.29,      22.89,     75.72,          1.07
       -1,          2,    1,         -8.09,          3.31,       1.37,      13.72,     45.38,          0.71
       -1,          2,    2,         -4.84,          3.31,       1.71,      17.16,     56.76,          0.99
       -1,          2,    3,         -3.48,          3.31,       1.95,      19.53,     64.59,          1.10
       -1,          2,    4,         -2.89,          3.31,       2.14,      21.36,     70.66,          1.09
       -1,          2,    5,         -1.98,          3.31,       2.29,      22.88,     75.69,          1.22
       -1,          2,    6,         -1.58,          3.31,       2.42,      24.18,     79.95,          1.24
       -1,          2,    7,         -1.29,          3.31,       2.54,      25.36,     83.88,          1.23
       -1,          3,    1,         -7.27,          3.31,       1.47,      14.68,     48.55,          0.75
       -1,          3,    2,         -3.93,          3.31,       1.87,      18.67,     61.75,          1.06
       -1,          3,    3,         -2.51,          3.31,       2.13,      21.26,     70.31,          1.20
       -1,          3,    4,         -1.68,          3.31,       2.32,      23.22,     76.79,          1.28
       -1,          3,    5,         -1.24,          3.31,       2.47,      24.70,     81.71,          1.29
       -1,          3,    6,         -1.18,          3.31,       2.59,      25.92,     85.74,          1.23
       -1,          3,    7,         -1.02,          3.31,       2.70,      27.04,     89.43,          1.20
       -1,          4,    1,         -7.04,          3.31,       1.56,      15.57,     51.49,          0.71
       -1,          4,    2,         -3.29,          3.31,       2.01,      20.08,     66.42,          1.09
       -1,          4,    3,         -1.90,          3.31,       2.28,      22.81,     75.45,          1.24
       -1,          4,    4,         -1.13,          3.31,       2.48,      24.80,     82.00,          1.32
       -1,          4,    5,         -0.68,          3.31,       2.64,      26.37,     87.20,          1.34
       -1,          4,    6,         -0.36,          3.31,       2.77,      27.66,     91.48,          1.36
       -1,          4,    7,         -0.11,          3.31,       2.89,      28.93,     95.67,          1.35
        0,          1,    1,         -8.23,          3.31,       1.34,      13.43,     44.44,          0.73
        0,          1,    2,         -5.08,          3.31,       1.65,      16.54,     54.71,          1.00
        0,          1,    3,         -4.06,          3.31,       1.86,      18.55,     61.34,          1.04
        0,          1,    4,         -3.01,          3.31,       2.01,      20.11,     66.52,          1.17
        0,          1,    5,         -2.42,          3.31,       2.16,      21.58,     71.39,          1.20
        0,          1,    6,         -2.00,          3.31,       2.29,      22.90,     75.74,          1.22
        0,          1,    7,         -1.64,          3.31,       2.41,      24.11,     79.75,          1.23
        0,          2,    1,         -7.22,          3.31,       1.44,      14.37,     47.55,          0.80
        0,          2,    2,         -3.93,          3.31,       1.81,      18.14,     60.01,          1.11
        0,          2,    3,         -2.55,          3.31,       2.06,      20.60,     68.12,          1.25
        0,          2,    4,         -1.63,          3.31,       2.26,      22.59,     74.71,          1.35
        0,          2,    5,         -1.08,          3.31,       2.42,      24.22,     80.09,          1.38
        0,          2,    6,         -0.67,          3.31,       2.56,      25.64,     84.80,          1.40
        0,          2,    7,         -0.38,          3.31,       2.69,      26.83,     88.75,          1.41
        0,          3,    1,         -6.40,          3.31,       1.54,      15.38,     50.87,          0.84
        0,          3,    2,         -3.04,          3.31,       1.98,      19.78,     65.42,          1.19
        0,          3,    3,         -1.89,          3.31,       2.26,      22.58,     74.69,          1.27
        0,          3,    4,         -0.76,          3.31,       2.47,      24.70,     81.68,          1.45
        0,          3,    5,         -0.29,          3.31,       2.63,      26.24,     86.78,          1.48
        0,          3,    6,          0.05,          3.31,       2.76,      27.59,     91.23,          1.50
        0,          3,    7,          0.27,          3.31,       2.88,      28.75,     95.08,          1.49
        0,          4,    1,         -5.77,          3.31,       1.64,      16.43,     54.32,          0.86
        0,          4,    2,         -2.38,          3.31,       2.13,      21.30,     70.45,          1.23
        0,          4,    3,         -0.98,          3.31,       2.43,      24.32,     80.42,          1.41
        0,          4,    4,         -0.21,          3.31,       2.65,      26.50,     87.64,          1.49
        0,          4,    5,          0.01,          3.31,       2.82,      28.16,     93.10,          1.44
        0,          4,    6,          0.57,          3.31,       2.95,      29.52,     97.62,          1.54
        0,          4,    7,          0.82,          3.31,       3.08,      30.77,    101.73,          1.54
        1,          1,    1,         -7.46,          3.31,       1.39,      13.94,     46.10,          0.81
        1,          1,    2,         -4.25,          3.31,       1.73,      17.26,     57.10,          1.13
        1,          1,    3,         -2.95,          3.31,       1.95,      19.45,     64.33,          1.25
        1,          1,    4,         -2.20,          3.31,       2.11,      21.13,     69.89,          1.31
        1,          1,    5,         -1.70,          3.31,       2.27,      22.70,     75.06,          1.32
        1,          1,    6,         -1.54,          3.31,       2.40,      24.02,     79.45,          1.26
        1,          1,    7,         -0.83,          3.31,       2.53,      25.35,     83.83,          1.38
        1,          2,    1,         -6.83,          3.31,       1.50,      14.97,     49.53,          0.80
        1,          2,    2,         -3.13,          3.31,       1.90,      19.04,     62.98,          1.24
        1,          2,    3,         -1.69,          3.31,       2.17,      21.71,     71.79,          1.41
        1,          2,    4,         -0.82,          3.31,       2.38,      23.80,     78.73,          1.50
        1,          2,    5,         -0.26,          3.31,       2.56,      25.60,     84.65,          1.55
        1,          2,    6,          0.14,          3.31,       2.71,      27.05,     89.45,          1.57
        1,          2,    7,          0.21,          3.31,       2.83,      28.31,     93.64,          1.50
        1,          3,    1,         -5.96,          3.31,       1.61,      16.06,     53.13,          0.86
        1,          3,    2,         -2.22,          3.31,       2.08,      20.76,     68.67,          1.33
        1,          3,    3,         -0.78,          3.31,       2.38,      23.83,     78.82,          1.52
        1,          3,    4,          0.06,          3.31,       2.62,      26.15,     86.49,          1.62
        1,          3,    5,          0.53,          3.31,       2.78,      27.77,     91.84,          1.66
        1,          3,    6,          0.87,          3.31,       2.92,      29.19,     96.51,          1.68
        1,          3,    7,          1.10,          3.31,       3.04,      30.35,    100.35,          1.68
        1,          4,    1,         -5.01,          3.31,       1.71,      17.14,     56.68,          0.96
        1,          4,    2,         -1.83,          3.31,       2.25,      22.47,     74.32,          1.29
        1,          4,    3,         -0.53,          3.31,       2.58,      25.83,     85.41,          1.43
        1,          4,    4,          0.62,          3.31,       2.81,      28.09,     92.89,          1.67
        1,          4,    5,          1.08,          3.31,       2.98,      29.83,     98.64,          1.71
        1,          4,    6,          1.40,          3.31,       3.13,      31.28,    103.42,          1.73
        1,          4,    7,          1.65,          3.31,       3.26,      32.61,    107.83,          1.74
        2,          1,    1,         -6.45,          3.31,       1.47,      14.69,     48.61,          0.91
        2,          1,    2,         -3.22,          3.31,       1.85,      18.45,     61.03,          1.28
        2,          1,    3,         -2.21,          3.31,       2.08,      20.79,     68.75,          1.34
        2,          1,    4,         -1.12,          3.31,       2.26,      22.56,     74.62,          1.52
        2,          1,    5,         -0.53,          3.31,       2.42,      24.25,     80.20,          1.57
        2,          1,    6,         -0.12,          3.31,       2.57,      25.73,     85.09,          1.59
        2,          1,    7,          0.24,          3.31,       2.71,      27.08,     89.57,          1.61
        2,          2,    1,         -5.44,          3.31,       1.58,      15.84,     52.40,          1.00
        2,          2,    2,         -2.07,          3.31,       2.03,      20.33,     67.26,          1.42
        2,          2,    3,         -0.64,          3.31,       2.33,      23.35,     77.23,          1.61
        2,          2,    4,         -0.08,          3.31,       2.57,      25.66,     84.84,          1.60
        2,          2,    5,          0.82,          3.31,       2.75,      27.51,     90.97,          1.80
        2,          2,    6,          1.23,          3.31,       2.91,      29.10,     96.23,          1.83
        2,          2,    7,          1.51,          3.31,       3.04,      30.39,    100.50,          1.84
        2,          3,    1,         -4.62,          3.31,       1.70,      17.05,     56.41,          1.05
        2,          3,    2,         -1.16,          3.31,       2.23,      22.35,     73.92,          1.52
        2,          3,    3,          0.31,          3.31,       2.58,      25.77,     85.23,          1.74
        2,          3,    4,          1.15,          3.31,       2.83,      28.25,     93.43,          1.87
        2,          3,    5,          1.62,          3.31,       3.00,      30.03,     99.29,          1.92
        2,          3,    6,          1.83,          3.31,       3.15,      31.54,    104.30,          1.89
        2,          3,    7,          1.84,          3.31,       3.28,      32.74,    108.26,          1.81
        2,          4,    1,         -4.37,          3.31,       1.83,      18.33,     60.62,          0.99
        2,          4,    2,         -0.50,          3.31,       2.43,      24.25,     80.22,          1.57
        2,          4,    3,          0.94,          3.31,       2.80,      27.98,     92.53,          1.80
        2,          4,    4,          1.72,          3.31,       3.04,      30.41,    100.54,          1.93
        2,          4,    5,          2.18,          3.31,       3.23,      32.29,    106.77,          1.99
        2,          4,    6,          2.51,          3.31,       3.38,      33.78,    111.68,          2.02
        2,          4,    7,          2.71,          3.31,       3.52,      35.17,    116.25,          2.01
        3,          1,    1,         -6.19,          3.31,       1.52,      15.19,     50.24,          0.91
        3,          1,    2,         -2.55,          3.31,       1.92,      19.18,     63.44,          1.40
        3,          1,    3,         -1.23,          3.31,       2.17,      21.66,     71.63,          1.57
        3,          1,    4,         -0.48,          3.31,       2.35,      23.52,     77.81,          1.66
        3,          1,    5,          0.11,          3.31,       2.53,      25.33,     83.78,          1.71
        3,          1,    6,          0.53,          3.31,       2.68,      26.80,     88.62,          1.74
        3,          1,    7,          0.88,          3.31,       2.83,      28.25,     93.42,          1.76
        3,          2,    1,         -4.85,          3.31,       1.64,      16.40,     54.25,          1.07
        3,          2,    2,         -1.70,          3.31,       2.12,      21.23,     70.20,          1.46
        3,          2,    3,          0.02,          3.31,       2.44,      24.38,     80.61,          1.77
        3,          2,    4,          0.90,          3.31,       2.68,      26.82,     88.69,          1.89
        3,          2,    5,          1.47,          3.31,       2.88,      28.78,     95.16,          1.96
        3,          2,    6,          1.88,          3.31,       3.04,      30.38,    100.44,          2.01
        3,          2,    7,          2.17,          3.31,       3.18,      31.78,    105.06,          2.03
        3,          3,    1,         -4.02,          3.31,       1.77,      17.68,     58.50,          1.14
        3,          3,    2,         -0.53,          3.31,       2.34,      23.38,     77.33,          1.65
        3,          3,    3,          0.94,          3.31,       2.70,      27.02,     89.34,          1.89
        3,          3,    4,          1.49,          3.31,       2.96,      29.60,     97.88,          1.90
        3,          3,    5,          2.29,          3.31,       3.15,      31.46,    104.04,          2.11
        3,          3,    6,          2.63,          3.31,       3.30,      32.99,    109.07,          2.15
        3,          3,    7,          2.86,          3.31,       3.42,      34.22,    113.12,          2.16
        3,          4,    1,         -3.40,          3.31,       1.90,      19.03,     62.96,          1.16
        3,          4,    2,          0.13,          3.31,       2.55,      25.44,     84.13,          1.70
        3,          4,    3,          1.34,          3.31,       2.93,      29.32,     96.94,          1.86
        3,          4,    4,          2.02,          3.31,       3.19,      31.94,    105.63,          1.94
        3,          4,    5,          2.84,          3.31,       3.38,      33.81,    111.76,          2.18
        3,          4,    6,          3.17,          3.31,       3.54,      35.39,    117.01,          2.22
        3,          4,    7,          3.41,          3.31,       3.68,      36.82,    121.70,          2.24
        4,          1,    1,         -4.83,          3.31,       1.61,      16.07,     53.14,          1.12
        4,          1,    2,         -1.43,          3.31,       2.06,      20.57,     68.05,          1.63
        4,          1,    3,         -0.13,          3.31,       2.34,      23.33,     77.17,          1.82
        4,          1,    4,          0.33,          3.31,       2.53,      25.34,     83.81,          1.80
        4,          1,    5,          1.24,          3.31,       2.72,      27.19,     89.91,          2.01
        4,          1,    6,          1.65,          3.31,       2.88,      28.81,     95.25,          2.05
        4,          1,    7,          2.01,          3.31,       3.03,      30.25,    100.02,          2.08
        4,          2,    1,         -3.81,          3.31,       1.74,      17.43,     57.65,          1.23
        4,          2,    2,         -0.32,          3.31,       2.28,      22.87,     75.64,          1.79
        4,          2,    3,          1.16,          3.31,       2.64,      26.37,     87.21,          2.06
        4,          2,    4,          1.99,          3.31,       2.90,      28.98,     95.83,          2.19
        4,          2,    5,          2.30,          3.31,       3.11,      31.03,    102.61,          2.15
        4,          2,    6,          3.04,          3.31,       3.28,      32.81,    108.47,          2.38
        4,          2,    7,          3.33,          3.31,       3.42,      34.24,    113.19,          2.40
        4,          3,    1,         -2.99,          3.31,       1.89,      18.93,     62.61,          1.29
        4,          3,    2,          0.59,          3.31,       2.53,      25.27,     83.58,          1.91
        4,          3,    3,          2.11,          3.31,       2.93,      29.31,     96.92,          2.22
        4,          3,    4,          2.97,          3.31,       3.21,      32.09,    106.11,          2.40
        4,          3,    5,          3.46,          3.31,       3.41,      34.05,    112.57,          2.50
        4,          3,    6,          3.74,          3.31,       3.57,      35.67,    117.94,          2.51
        4,          3,    7,          3.69,          3.31,       3.70,      37.01,    122.32,          2.37
        4,          4,    1,         -2.72,          3.31,       2.04,      20.35,     67.30,          1.22
        4,          4,    2,          1.26,          3.31,       2.76,      27.57,     91.17,          1.98
        4,          4,    3,          2.76,          3.31,       3.19,      31.91,    105.50,          2.31
        4,          4,    4,          3.57,          3.31,       3.46,      34.62,    114.46,          2.50
        4,          4,    5,          4.03,          3.31,       3.67,      36.73,    121.41,          2.59
        4,          4,    6,          4.36,          3.31,       3.84,      38.41,    126.98,          2.64
        4,          4,    7,          4.58,          3.31,       3.99,      39.92,    131.96,          2.65
        5,          1,    1,         -4.55,          3.31,       1.67,      16.68,     55.17,          1.12
        5,          1,    2,         -0.74,          3.31,       2.15,      21.52,     71.17,          1.78
        5,          1,    3,          0.62,          3.31,       2.44,      24.39,     80.66,          2.03
        5,          1,    4,          1.36,          3.31,       2.65,      26.51,     87.66,          2.14
        5,          1,    5,          1.95,          3.31,       2.85,      28.45,     94.08,          2.23
        5,          1,    6,          2.36,          3.31,       3.01,      30.04,     99.32,          2.28
        5,          1,    7,          2.71,          3.31,       3.16,      31.62,    104.56,          2.31
        5,          2,    1,         -3.21,          3.31,       1.82,      18.17,     60.10,          1.32
        5,          2,    2,          0.11,          3.31,       2.39,      23.90,     79.06,          1.86
        5,          2,    3,          1.49,          3.31,       2.76,      27.60,     91.29,          2.09
        5,          2,    4,          2.76,          3.31,       3.04,      30.34,    100.33,          2.46
        5,          2,    5,          3.35,          3.31,       3.26,      32.59,    107.74,          2.57
        5,          2,    6,          3.76,          3.31,       3.44,      34.35,    113.57,          2.65
        5,          2,    7,          4.06,          3.31,       3.59,      35.87,    118.60,          2.68
        5,          3,    1,         -2.37,          3.31,       1.97,      19.71,     65.18,          1.40
        5,          3,    2,          1.27,          3.31,       2.65,      26.52,     87.69,          2.09
        5,          3,    3,          2.57,          3.31,       3.07,      30.72,    101.59,          2.32
        5,          3,    4,          3.33,          3.31,       3.37,      33.70,    111.41,          2.46
        5,          3,    5,          4.21,          3.31,       3.58,      35.80,    118.35,          2.78
        5,          3,    6,          4.55,          3.31,       3.75,      37.49,    123.93,          2.85
        5,          3,    7,          4.78,          3.31,       3.89,      38.93,    128.67,          2.87
        5,          4,    1,         -1.74,          3.31,       2.13,      21.29,     70.43,          1.43
        5,          4,    2,          1.97,          3.31,       2.90,      28.97,     95.82,          2.18
        5,          4,    3,          3.49,          3.31,       3.35,      33.50,    110.76,          2.57
        5,          4,    4,          4.00,          3.31,       3.65,      36.52,    120.72,          2.59
        5,          4,    5,          4.41,          3.31,       3.87,      38.70,    127.90,          2.65
        5,          4,    6,          5.12,          3.31,       4.04,      40.43,    133.61,          2.95
        5,          4,    7,          5.36,          3.31,       4.20,      42.01,    138.84,          2.98
        6,          1,    1,         -3.46,          3.31,       1.74,      17.40,     57.56,          1.34
        6,          1,    2,          0.13,          3.31,       2.27,      22.70,     75.09,          2.01
        6,          1,    3,          1.51,          3.31,       2.58,      25.80,     85.33,          2.30
        6,          1,    4,          2.27,          3.31,       2.80,      27.99,     92.58,          2.45
        6,          1,    5,          2.86,          3.31,       3.00,      30.04,     99.33,          2.56
        6,          1,    6,          3.26,          3.31,       3.17,      31.76,    105.03,          2.61
        6,          1,    7,          3.31,          3.31,       3.34,      33.36,    110.30,          2.48
        6,          2,    1,         -2.43,          3.31,       1.90,      19.04,     62.98,          1.46
        6,          2,    2,          1.25,          3.31,       2.54,      25.35,     83.85,          2.22
        6,          2,    3,          2.78,          3.31,       2.93,      29.27,     96.81,          2.60
        6,          2,    4,          3.68,          3.31,       3.22,      32.22,    106.53,          2.82
        6,          2,    5,          4.29,          3.31,       3.46,      34.57,    114.29,          2.96
        6,          2,    6,          4.71,          3.31,       3.65,      36.51,    120.68,          3.05
        6,          2,    7,          5.01,          3.31,       3.82,      38.15,    126.08,          3.10
        6,          3,    1,         -1.67,          3.31,       2.07,      20.67,     68.37,          1.53
        6,          3,    2,          1.86,          3.31,       2.81,      28.10,     92.91,          2.22
        6,          3,    3,          3.76,          3.31,       3.27,      32.69,    108.07,          2.82
        6,          3,    4,          4.66,          3.31,       3.59,      35.85,    118.54,          3.08
        6,          3,    5,          5.18,          3.31,       3.82,      38.19,    126.25,          3.21
        6,          3,    6,          5.53,          3.31,       4.00,      40.03,    132.30,          3.29
        6,          3,    7,          5.77,          3.30,       4.15,      41.49,    137.11,          3.33
        6,          4,    1,         -0.96,          3.31,       2.24,      22.35,     73.93,          1.60
        6,          4,    2,          2.86,          3.31,       3.08,      30.76,    101.72,          2.48
        6,          4,    3,          4.11,          3.31,       3.58,      35.74,    118.17,          2.73
        6,          4,    4,          5.29,          3.31,       3.90,      39.00,    128.89,          3.21
        6,          4,    5,          5.77,          3.31,       4.13,      41.31,    136.54,          3.35
        6,          4,    6,          6.10,          3.30,       4.32,      43.20,    142.74,          3.43
        6,          4,    7,          6.35,          3.30,       4.48,      44.82,    148.10,          3.47
        7,          1,    1,         -2.64,          3.31,       1.82,      18.23,     60.32,          1.49
        7,          1,    2,          1.10,          3.31,       2.40,      24.01,     79.41,          2.32
        7,          1,    3,          2.52,          3.31,       2.74,      27.38,     90.57,          2.68
        7,          1,    4,          3.02,          3.31,       2.97,      29.73,     98.32,          2.69
        7,          1,    5,          3.50,          3.31,       3.19,      31.91,    105.50,          2.74
        7,          1,    6,          4.30,          3.31,       3.37,      33.68,    111.35,          3.08
        7,          1,    7,          4.66,          3.31,       3.54,      35.37,    116.93,          3.15
        7,          2,    1,         -1.59,          3.31,       2.00,      19.98,     66.10,          1.64
        7,          2,    2,          2.23,          3.31,       2.69,      26.88,     88.88,          2.57
        7,          2,    3,          3.81,          3.31,       3.11,      31.16,    103.05,          3.04
        7,          2,    4,          4.72,          3.31,       3.43,      34.30,    113.41,          3.31
        7,          2,    5,          5.31,          3.31,       3.69,      36.92,    122.02,          3.46
        7,          2,    6,          5.47,          3.31,       3.90,      39.02,    128.98,          3.35
        7,          2,    7,          6.08,          3.31,       4.08,      40.76,    134.72,          3.66
        7,          3,    1,         -1.12,          3.31,       2.18,      21.75,     71.95,          1.60
        7,          3,    2,          3.18,          3.31,       2.99,      29.93,     98.97,          2.77
        7,          3,    3,          4.81,          3.31,       3.49,      34.93,    115.47,          3.30
        7,          3,    4,          5.72,          3.31,       3.85,      38.50,    127.29,          3.60
        7,          3,    5,          6.25,          3.30,       4.10,      40.99,    135.45,          3.78
        7,          3,    6,          6.61,          3.30,       4.30,      42.99,    142.07,          3.87
        7,          3,    7,          6.82,          3.30,       4.45,      44.52,    147.12,          3.90
        7,          4,    1,         -0.42,          3.31,       2.36,      23.55,     77.90,          1.68
        7,          4,    2,          3.90,          3.31,       3.29,      32.84,    108.58,          2.89
        7,          4,    3,          5.52,          3.31,       3.84,      38.37,    126.83,          3.46
        7,          4,    4,          6.37,          3.31,       4.20,      41.97,    138.73,          3.77
        7,          4,    5,          6.87,          3.30,       4.45,      44.49,    147.03,          3.94
        7,          4,    6,          7.20,          3.30,       4.65,      46.53,    153.73,          4.04
        7,          4,    7,          7.44,          3.30,       4.82,      48.22,    159.36,          4.09
        8,          1,    1,         -1.91,          3.31,       1.89,      18.88,     62.45,          1.67
        8,          1,    2,          1.91,          3.31,       2.53,      25.24,     83.49,          2.60
        8,          1,    3,          3.08,          3.31,       2.89,      28.86,     95.46,          2.84
        8,          1,    4,          4.20,          3.31,       3.14,      31.37,    103.71,          3.29
        8,          1,    5,          4.80,          3.31,       3.37,      33.66,    111.30,          3.45
        8,          1,    6,          5.21,          3.31,       3.56,      35.54,    117.48,          3.55
        8,          1,    7,          5.58,          3.31,       3.74,      37.40,    123.63,          3.62
        8,          2,    1,         -0.84,          3.31,       2.07,      20.72,     68.53,          1.84
        8,          2,    2,          3.09,          3.31,       2.83,      28.33,     93.67,          2.92
        8,          2,    3,          4.42,          3.31,       3.30,      33.01,    109.16,          3.24
        8,          2,    4,          5.64,          3.31,       3.64,      36.38,    120.27,          3.79
        8,          2,    5,          6.27,          3.31,       3.92,      39.24,    129.70,          4.00
        8,          2,    6,          6.71,          3.30,       4.15,      41.52,    137.21,          4.13
        8,          2,    7,          7.02,          3.30,       4.34,      43.37,    143.35,          4.21
        8,          3,    1,          0.03,          3.31,       2.26,      22.61,     74.80,          1.97
        8,          3,    2,          4.06,          3.31,       3.16,      31.59,    104.47,          3.16
        8,          3,    3,          5.72,          3.31,       3.71,      37.07,    122.54,          3.78
        8,          3,    4,          6.55,          3.30,       4.10,      40.97,    135.40,          4.05
        8,          3,    5,          6.85,          3.30,       4.38,      43.73,    144.49,          4.01
        8,          3,    6,          7.57,          3.30,       4.59,      45.90,    151.68,          4.47
        8,          3,    7,          7.82,          3.30,       4.75,      47.54,    157.09,          4.54
        8,          4,    1,          0.68,          3.31,       2.46,      24.57,     81.27,          2.04
        8,          4,    2,          4.79,          3.31,       3.47,      34.71,    114.74,          3.31
        8,          4,    3,          6.45,          3.31,       4.09,      40.84,    134.97,          3.97
        8,          4,    4,          7.32,          3.30,       4.48,      44.83,    148.16,          4.34
        8,          4,    5,          7.78,          3.30,       4.76,      47.59,    157.26,          4.50
        8,          4,    6,          7.91,          3.30,       4.97,      49.74,    164.36,          4.40
        8,          4,    7,          8.02,          3.30,       5.16,      51.63,    170.58,          4.32
        9,          1,    1,         -1.18,          3.31,       1.95,      19.49,     64.46,          1.88
        9,          1,    2,          2.82,          3.31,       2.65,      26.54,     87.77,          3.00
        9,          1,    3,          4.33,          3.31,       3.04,      30.44,    100.68,          3.53
        9,          1,    4,          5.12,          3.31,       3.32,      33.18,    109.71,          3.79
        9,          1,    5,          5.72,          3.31,       3.56,      35.64,    117.81,          3.98
        9,          1,    6,          6.14,          3.31,       3.77,      37.65,    124.44,          4.09
        9,          1,    7,          6.47,          3.31,       3.97,      39.65,    131.06,          4.14
        9,          2,    1,         -0.31,          3.31,       2.14,      21.43,     70.89,          1.98
        9,          2,    2,          3.61,          3.31,       2.99,      29.84,     98.68,          3.07
        9,          2,    3,          5.64,          3.31,       3.49,      34.92,    115.44,          4.00
        9,          2,    4,          6.57,          3.31,       3.86,      38.64,    127.71,          4.38
        9,          2,    5,          7.22,          3.30,       4.18,      41.79,    138.11,          4.62
        9,          2,    6,          7.67,          3.30,       4.42,      44.20,    146.06,          4.79
        9,          2,    7,          7.99,          3.30,       4.63,      46.29,    152.97,          4.88
        9,          3,    1,          0.80,          3.31,       2.35,      23.46,     77.61,          2.24
        9,          3,    2,          4.96,          3.31,       3.34,      33.34,    110.25,          3.63
        9,          3,    3,          6.61,          3.30,       3.94,      39.42,    130.28,          4.31
        9,          3,    4,          7.34,          3.30,       4.37,      43.68,    144.37,          4.50
        9,          3,    5,          7.80,          3.30,       4.68,      46.77,    154.53,          4.61
        9,          3,    6,          8.56,          3.30,       4.91,      49.10,    162.25,          5.19
        9,          3,    7,          8.82,          3.30,       5.09,      50.93,    168.29,          5.27
        9,          4,    1,          1.47,          3.31,       2.56,      25.54,     84.47,          2.31
        9,          4,    2,          5.70,          3.31,       3.68,      36.76,    121.52,          3.80
        9,          4,    3,          7.41,          3.30,       4.36,      43.60,    144.09,          4.58
        9,          4,    4,          8.30,          3.30,       4.79,      47.91,    158.32,          5.03
        9,          4,    5,          8.82,          3.30,       5.11,      51.07,    168.74,          5.25
        9,          4,    6,          8.89,          3.30,       5.34,      53.43,    176.55,          5.07
        9,          4,    7,          9.42,          3.30,       5.54,      55.45,    183.22,          5.48
       10,          1,    1,         -0.91,          3.31,       2.00,      19.98,     66.10,          1.92
       10,          1,    2,          3.59,          3.31,       2.76,      27.64,     91.39,          3.39
       10,          1,    3,          5.14,          3.31,       3.19,      31.95,    105.66,          4.00
       10,          1,    4,          5.94,          3.31,       3.48,      34.80,    115.06,          4.31
       10,          1,    5,          6.55,          3.31,       3.75,      37.48,    123.90,          4.52
       10,          1,    6,          6.97,          3.31,       3.96,      39.65,    131.03,          4.64
       10,          1,    7,          7.32,          3.30,       4.18,      41.77,    138.05,          4.73
       10,          2,    1,          0.31,          3.31,       2.20,      22.03,     72.87,          2.20
       10,          2,    2,          4.76,          3.31,       3.12,      31.14,    102.98,          3.79
       10,          2,    3,          6.45,          3.31,       3.67,      36.68,    121.27,          4.54
       10,          2,    4,          7.39,          3.31,       4.07,      40.71,    134.57,          4.96
       10,          2,    5,          8.06,          3.30,       4.41,      44.13,    145.82,          5.25
       10,          2,    6,          8.51,          3.30,       4.68,      46.74,    154.46,          5.44
       10,          2,    7,          8.85,          3.30,       4.90,      48.98,    161.85,          5.56
       10,          3,    1,          1.48,          3.31,       2.42,      24.14,     79.82,          2.51
       10,          3,    2,          5.73,          3.31,       3.49,      34.89,    115.35,          4.09
       10,          3,    3,          7.19,          3.31,       4.16,      41.60,    137.51,          4.61
       10,          3,    4,          8.46,          3.30,       4.63,      46.29,    152.95,          5.43
       10,          3,    5,          9.05,          3.30,       4.97,      49.68,    164.15,          5.73
       10,          3,    6,          9.44,          3.30,       5.23,      52.29,    172.78,          5.91
       10,          3,    7,          9.71,          3.30,       5.43,      54.29,    179.38,          6.01
       10,          4,    1,          2.16,          3.31,       2.64,      26.35,     87.13,          2.60
       10,          4,    2,          6.48,          3.31,       3.86,      38.59,    127.56,          4.29
       10,          4,    3,          8.16,          3.30,       4.62,      46.16,    152.53,          5.08
       10,          4,    4,          8.82,          3.30,       5.10,      51.01,    168.52,          5.27
       10,          4,    5,          9.71,          3.30,       5.44,      54.44,    179.87,          6.00
       10,          4,    6,         10.06,          3.30,       5.71,      57.04,    188.47,          6.16
       10,          4,    7,         10.32,          3.30,       5.93,      59.27,    195.84,          6.25
       11,          1,    1,          0.09,          3.31,       2.03,      20.34,     67.27,          2.36
       11,          1,    2,          4.31,          3.31,       2.87,      28.73,     95.01,          3.80
       11,          1,    3,          5.92,          3.31,       3.34,      33.43,    110.53,          4.51
       11,          1,    4,          6.65,          3.31,       3.65,      36.54,    120.78,          4.77
       11,          1,    5,          7.00,          3.31,       3.94,      39.38,    130.17,          4.72
       11,          1,    6,          7.77,          3.31,       4.17,      41.65,    137.67,          5.26
       11,          1,    7,          8.14,          3.30,       4.39,      43.85,    144.93,          5.39
       11,          2,    1,          1.21,          3.31,       2.25,      22.50,     74.43,          2.62
       11,          2,    2,          5.47,          3.31,       3.25,      32.47,    107.35,          4.23
       11,          2,    3,          7.21,          3.31,       3.85,      38.54,    127.40,          5.09
       11,          2,    4,          8.17,          3.30,       4.29,      42.85,    141.62,          5.58
       11,          2,    5,          8.75,          3.30,       4.65,      46.52,    153.74,          5.78
       11,          2,    6,          8.95,          3.30,       4.94,      49.36,    163.09,          5.64
       11,          2,    7,          9.66,          3.30,       5.19,      51.85,    171.32,          6.28
       11,          3,    1,          2.10,          3.31,       2.48,      24.77,     81.94,          2.80
       11,          3,    2,          6.45,          3.31,       3.64,      36.42,    120.38,          4.57
       11,          3,    3,          8.26,          3.30,       4.38,      43.79,    144.71,          5.55
       11,          3,    4,          9.24,          3.30,       4.89,      48.88,    161.52,          6.10
       11,          3,    5,          9.66,          3.30,       5.27,      52.73,    174.22,          6.16
       11,          3,    6,          9.92,          3.30,       5.56,      55.58,    183.64,          6.14
       11,          3,    7,         10.55,          3.30,       5.78,      57.75,    190.81,          6.80
       11,          4,    1,          2.78,          3.31,       2.70,      26.97,     89.20,          2.90
       11,          4,    2,          7.20,          3.31,       4.04,      40.41,    133.55,          4.78
       11,          4,    3,          9.04,          3.30,       4.87,      48.75,    161.08,          5.84
       11,          4,    4,          9.99,          3.30,       5.42,      54.17,    179.00,          6.43
       11,          4,    5,         10.56,          3.30,       5.80,      58.03,    191.74,          6.77
       11,          4,    6,         10.92,          3.30,       6.09,      60.92,    201.27,          6.97
       11,          4,    7,         11.18,          3.30,       6.32,      63.21,    208.85,          7.10
       12,          1,    1,          0.51,          3.31,       2.07,      20.73,     68.56,          2.53
       12,          1,    2,          4.66,          3.31,       2.99,      29.88,     98.82,          3.92
       12,          1,    3,          6.71,          3.31,       3.51,      35.13,    116.14,          5.09
       12,          1,    4,          7.55,          3.31,       3.85,      38.49,    127.22,          5.52
       12,          1,    5,          8.18,          3.31,       4.16,      41.57,    137.41,          5.80
       12,          1,    6,          8.60,          3.30,       4.40,      43.96,    145.29,          5.98
       12,          1,    7,          8.99,          3.30,       4.64,      46.35,    153.17,          6.13
       12,          2,    1,          1.79,          3.31,       2.30,      23.02,     76.13,          2.89
       12,          2,    2,          5.90,          3.31,       3.38,      33.81,    111.78,          4.43
       12,          2,    3,          7.99,          3.31,       4.06,      40.54,    133.99,          5.72
       12,          2,    4,          8.97,          3.30,       4.53,      45.26,    149.56,          6.29
       12,          2,    5,          9.68,          3.30,       4.92,      49.24,    162.71,          6.69
       12,          2,    6,         10.15,          3.30,       5.24,      52.41,    173.17,          6.94
       12,          2,    7,         10.52,          3.30,       5.52,      55.17,    182.28,          7.12
       12,          3,    1,          2.68,          3.31,       2.53,      25.31,     83.73,          3.11
       12,          3,    2,          7.15,          3.31,       3.80,      38.00,    125.60,          5.10
       12,          3,    3,          8.96,          3.30,       4.63,      46.23,    152.77,          6.11
       12,          3,    4,          9.72,          3.30,       5.19,      51.88,    171.43,          6.37
       12,          3,    5,         10.34,          3.30,       5.62,      56.19,    185.66,          6.69
       12,          3,    6,         11.15,          3.30,       5.94,      59.41,    196.29,          7.56
       12,          3,    7,         11.44,          3.30,       6.19,      61.90,    204.51,          7.71
       12,          4,    1,          3.37,          3.31,       2.76,      27.58,     91.20,          3.23
       12,          4,    2,          7.90,          3.31,       4.23,      42.28,    139.72,          5.32
       12,          4,    3,          9.83,          3.30,       5.17,      51.65,    170.65,          6.56
       12,          4,    4,         10.83,          3.30,       5.78,      57.78,    190.89,          7.26
       12,          4,    5,         11.34,          3.30,       6.23,      62.24,    205.65,          7.49
       12,          4,    6,         11.50,          3.30,       6.54,      65.33,    215.83,          7.36
       12,          4,    7,         12.09,          3.30,       6.78,      67.81,    224.05,          8.08
       13,          1,    1,          1.23,          3.31,       2.12,      21.21,     70.17,          2.88
       13,          1,    2,          5.71,          3.31,       3.11,      31.11,    102.86,          4.73
       13,          1,    3,          7.52,          3.31,       3.71,      37.04,    122.45,          5.74
       13,          1,    4,          8.40,          3.31,       4.08,      40.79,    134.81,          6.25
       13,          1,    5,          9.02,          3.30,       4.41,      44.10,    145.74,          6.56
       13,          1,    6,          9.18,          3.30,       4.67,      46.70,    154.32,          6.35
       13,          1,    7,          9.88,          3.30,       4.93,      49.24,    162.69,          7.03
       13,          2,    1,          1.96,          3.31,       2.35,      23.46,     77.60,          2.94
       13,          2,    2,          6.88,          3.31,       3.53,      35.29,    116.65,          5.26
       13,          2,    3,          8.80,          3.30,       4.28,      42.83,    141.54,          6.45
       13,          2,    4,          9.82,          3.30,       4.79,      47.96,    158.49,          7.14
       13,          2,    5,         10.55,          3.30,       5.25,      52.45,    173.30,          7.61
       13,          2,    6,         11.05,          3.30,       5.60,      55.96,    184.89,          7.91
       13,          2,    7,         11.43,          3.30,       5.91,      59.06,    195.14,          8.13
       13,          3,    1,          3.25,          3.31,       2.58,      25.83,     85.44,          3.44
       13,          3,    2,          7.72,          3.31,       3.97,      39.71,    131.27,          5.51
       13,          3,    3,          9.50,          3.30,       4.89,      48.93,    161.67,          6.47
       13,          3,    4,         10.93,          3.30,       5.53,      55.33,    182.80,          7.79
       13,          3,    5,         11.63,          3.30,       6.03,      60.27,    199.12,          8.31
       13,          3,    6,         12.08,          3.30,       6.39,      63.88,    211.05,          8.63
       13,          3,    7,         12.39,          3.30,       6.66,      66.66,    220.23,          8.84
       13,          4,    1,          3.92,          3.31,       2.82,      28.22,     93.32,          3.56
       13,          4,    2,          8.58,          3.30,       4.42,      44.18,    146.01,          5.91
       13,          4,    3,         10.65,          3.30,       5.49,      54.91,    181.44,          7.38
       13,          4,    4,         11.71,          3.30,       6.19,      61.94,    204.66,          8.21
       13,          4,    5,         12.11,          3.30,       6.70,      66.97,    221.24,          8.24
       13,          4,    6,         12.77,          3.30,       7.05,      70.48,    232.83,          9.07
       13,          4,    7,         13.06,          3.30,       7.33,      73.29,    242.10,          9.28
       14,          1,    1,          1.67,          3.31,       2.15,      21.48,     71.05,          3.14
       14,          1,    2,          6.26,          3.31,       3.22,      32.20,    106.49,          5.15
       14,          1,    3,          8.20,          3.31,       3.89,      38.89,    128.54,          6.34
       14,          1,    4,          9.12,          3.30,       4.30,      42.95,    141.96,          6.94
       14,          1,    5,          9.78,          3.30,       4.65,      46.54,    153.80,          7.34
       14,          1,    6,          9.94,          3.30,       4.93,      49.29,    162.88,          7.12
       14,          1,    7,         10.66,          3.30,       5.21,      52.09,    172.10,          7.87
       14,          2,    1,          2.38,          3.31,       2.38,      23.84,     78.85,          3.16
       14,          2,    2,          7.42,          3.31,       3.65,      36.53,    120.77,          5.72
       14,          2,    3,          9.47,          3.30,       4.50,      44.99,    148.65,          7.11
       14,          2,    4,         10.54,          3.30,       5.06,      50.57,    167.09,          7.92
       14,          2,    5,         11.31,          3.30,       5.55,      55.52,    183.44,          8.48
       14,          2,    6,         11.82,          3.30,       5.94,      59.37,    196.17,          8.84
       14,          2,    7,         12.23,          3.30,       6.27,      62.67,    207.05,          9.14
       14,          3,    1,          3.63,          3.31,       2.63,      26.30,     87.00,          3.66
       14,          3,    2,          8.24,          3.30,       4.11,      41.10,    135.84,          5.96
       14,          3,    3,         10.15,          3.30,       5.14,      51.39,    169.80,          7.10
       14,          3,    4,         11.66,          3.30,       5.85,      58.51,    193.33,          8.65
       14,          3,    5,         12.41,          3.30,       6.40,      64.01,    211.47,          9.29
       14,          3,    6,         12.89,          3.30,       6.79,      67.90,    224.33,          9.71
       14,          3,    7,         13.22,          3.30,       7.10,      70.94,    234.34,          9.98
       14,          4,    1,          4.26,          3.31,       2.87,      28.67,     94.82,          3.77
       14,          4,    2,          9.11,          3.30,       4.58,      45.74,    151.16,          6.40
       14,          4,    3,         11.28,          3.30,       5.78,      57.78,    190.90,          8.05
       14,          4,    4,         12.12,          3.30,       6.58,      65.73,    217.16,          8.44
       14,          4,    5,         13.17,          3.30,       7.13,      71.32,    235.58,          9.82
       14,          4,    6,         13.60,          3.30,       7.51,      75.04,    247.90,         10.24
       14,          4,    7,         13.90,          3.30,       7.79,      77.90,    257.31,         10.53
       15,          1,    1,          1.93,          3.31,       2.18,      21.79,     72.09,          3.27
       15,          1,    2,          6.73,          3.31,       3.32,      33.16,    109.63,          5.52
       15,          1,    3,          8.75,          3.31,       4.06,      40.62,    134.25,          6.83
       15,          1,    4,          9.47,          3.30,       4.52,      45.19,    149.32,          7.09
       15,          1,    5,         10.49,          3.30,       4.90,      48.97,    161.81,          8.15
       15,          1,    6,         10.96,          3.30,       5.20,      51.97,    171.73,          8.46
       15,          1,    7,         11.38,          3.30,       5.49,      54.90,    181.40,          8.75
       15,          2,    1,          3.01,          3.31,       2.42,      24.16,     79.92,          3.59
       15,          2,    2,          7.89,          3.31,       3.76,      37.59,    124.26,          6.15
       15,          2,    3,         10.08,          3.30,       4.70,      46.96,    155.15,          7.77
       15,          2,    4,         10.93,          3.30,       5.32,      53.18,    175.73,          8.18
       15,          2,    5,         11.63,          3.30,       5.85,      58.51,    193.31,          8.60
       15,          2,    6,         12.57,          3.30,       6.25,      62.48,    206.45,          9.91
       15,          2,    7,         13.01,          3.30,       6.59,      65.91,    217.76,         10.32
       15,          3,    1,          3.84,          3.31,       2.67,      26.67,     88.19,          3.78
       15,          3,    2,          8.83,          3.30,       4.23,      42.34,    139.92,          6.59
       15,          3,    3,         11.13,          3.30,       5.38,      53.75,    177.59,          8.45
       15,          3,    4,         12.34,          3.30,       6.14,      61.42,    202.93,          9.59
       15,          3,    5,         13.15,          3.30,       6.73,      67.26,    222.22,         10.43
       15,          3,    6,         13.39,          3.30,       7.13,      71.25,    235.38,         10.33
       15,          3,    7,         14.00,          3.30,       7.42,      74.23,    245.22,         11.37
       15,          4,    1,          4.46,          3.31,       2.91,      29.11,     96.26,          3.87
       15,          4,    2,          9.54,          3.30,       4.70,      47.02,    155.38,          6.86
       15,          4,    3,         11.93,          3.30,       6.05,      60.50,    199.91,          8.88
       15,          4,    4,         13.18,          3.30,       6.91,      69.08,    228.21,         10.19
       15,          4,    5,         13.96,          3.30,       7.49,      74.87,    247.34,         11.15
       15,          4,    6,         14.42,          3.30,       7.88,      78.81,    260.29,         11.73
       15,          4,    7,         14.75,          3.30,       8.19,      81.90,    270.47,         12.12
       16,          1,    1,          2.12,          3.31,       2.21,      22.06,     72.96,          3.36
       16,          1,    2,          6.98,          3.31,       3.40,      34.00,    112.42,          5.67
       16,          1,    3,          9.44,          3.30,       4.26,      42.55,    140.63,          7.57
       16,          1,    4,         10.51,          3.30,       4.75,      47.53,    157.07,          8.48
       16,          1,    5,         11.25,          3.30,       5.15,      51.56,    170.36,          9.14
       16,          1,    6,         11.74,          3.30,       5.46,      54.57,    180.32,          9.59
       16,          1,    7,         12.19,          3.30,       5.76,      57.56,    190.19,          9.99
       16,          2,    1,          3.20,          3.31,       2.45,      24.50,     81.02,          3.68
       16,          2,    2,          8.30,          3.31,       3.87,      38.67,    127.82,          6.53
       16,          2,    3,         10.45,          3.30,       4.91,      49.08,    162.19,          8.05
       16,          2,    4,         11.95,          3.30,       5.58,      55.76,    184.25,          9.79
       16,          2,    5,         12.83,          3.30,       6.12,      61.17,    202.08,         10.79
       16,          2,    6,         13.40,          3.30,       6.53,      65.24,    215.56,         11.45
       16,          2,    7,         13.85,          3.30,       6.88,      68.78,    227.24,         11.97
       16,          3,    1,          4.02,          3.31,       2.70,      26.99,     89.27,          3.89
       16,          3,    2,          9.24,          3.30,       4.34,      43.42,    143.49,          7.04
       16,          3,    3,         11.75,          3.30,       5.60,      56.04,    185.16,          9.30
       16,          3,    4,         12.88,          3.30,       6.42,      64.20,    212.10,         10.33
       16,          3,    5,         13.63,          3.30,       7.03,      70.26,    232.11,         11.09
       16,          3,    6,         14.53,          3.30,       7.45,      74.45,    245.91,         12.81
       16,          3,    7,         14.90,          3.30,       7.78,      77.76,    256.84,         13.28
       16,          4,    1,          4.63,          3.31,       2.95,      29.50,     97.55,          3.96
       16,          4,    2,          9.93,          3.30,       4.82,      48.17,    159.19,          7.29
       16,          4,    3,         12.58,          3.30,       6.30,      63.02,    208.22,          9.84
       16,          4,    4,         14.02,          3.30,       7.23,      72.29,    238.81,         11.77
       16,          4,    5,         14.87,          3.30,       7.88,      78.81,    260.31,         13.00
       16,          4,    6,         15.24,          3.30,       8.31,      83.06,    274.25,         13.38
       16,          4,    7,         15.36,          3.30,       8.65,      86.48,    285.49,         13.16
       17,          1,    1,          2.28,          3.31,       2.23,      22.29,     73.73,          3.42
       17,          1,    2,          7.52,          3.31,       3.47,      34.71,    114.77,          6.24
       17,          1,    3,         10.03,          3.30,       4.40,      44.02,    145.50,          8.31
       17,          1,    4,         11.23,          3.30,       4.93,      49.28,    162.82,          9.59
       17,          1,    5,         12.03,          3.30,       5.35,      53.46,    176.66,         10.48
       17,          1,    6,         12.54,          3.30,       5.66,      56.60,    187.03,         11.04
       17,          1,    7,         13.00,          3.30,       5.97,      59.78,    197.51,         11.53
       17,          2,    1,          3.35,          3.31,       2.48,      24.81,     82.05,          3.75
       17,          2,    2,          8.51,          3.31,       3.95,      39.47,    130.46,          6.69
       17,          2,    3,         11.00,          3.30,       5.07,      50.67,    167.42,          8.80
       17,          2,    4,         12.73,          3.30,       5.78,      57.75,    190.80,         11.27
       17,          2,    5,         13.65,          3.30,       6.35,      63.54,    209.93,         12.48
       17,          2,    6,         14.23,          3.30,       6.77,      67.70,    223.68,         13.29
       17,          2,    7,         14.69,          3.30,       7.14,      71.40,    235.90,         13.92
       17,          3,    1,          4.17,          3.31,       2.73,      27.27,     90.21,          3.97
       17,          3,    2,          9.47,          3.30,       4.43,      44.31,    146.45,          7.25
       17,          3,    3,         12.11,          3.30,       5.78,      57.80,    190.96,          9.75
       17,          3,    4,         13.95,          3.30,       6.67,      66.66,    220.25,         12.67
       17,          3,    5,         14.88,          3.30,       7.33,      73.28,    242.11,         14.11
       17,          3,    6,         15.43,          3.30,       7.79,      77.93,    257.37,         14.99
       17,          3,    7,         15.81,          3.30,       8.15,      81.52,    269.21,         15.57
       17,          4,    1,          4.78,          3.31,       2.98,      29.80,     98.56,          4.05
       17,          4,    2,         10.23,          3.30,       4.91,      49.15,    162.41,          7.63
       17,          4,    3,         13.22,          3.30,       6.50,      64.98,    214.70,         11.04
       17,          4,    4,         14.55,          3.30,       7.55,      75.45,    249.23,         12.68
       17,          4,    5,         15.81,          3.30,       8.28,      82.84,    273.56,         15.30
       17,          4,    6,         16.33,          3.30,       8.76,      87.58,    289.11,         16.22
       17,          4,    7,         16.68,          3.30,       9.14,      91.37,    301.57,         16.80
       18,          1,    1,          2.44,          3.31,       2.26,      22.55,     74.59,          3.50
       18,          1,    2,          7.93,          3.31,       3.54,      35.41,    117.10,          6.71
       18,          1,    3,         10.85,          3.30,       4.53,      45.26,    149.56,          9.74
       18,          1,    4,         12.17,          3.30,       5.10,      50.97,    168.44,         11.45
       18,          1,    5,         12.99,          3.30,       5.56,      55.59,    183.67,         12.52
       18,          1,    6,         13.23,          3.30,       5.90,      58.96,    194.81,         12.36
       18,          1,    7,         13.98,          3.30,       6.22,      62.24,    205.66,         13.82
       18,          2,    1,          3.14,          3.31,       2.51,      25.09,     82.99,          3.52
       18,          2,    2,          9.16,          3.31,       4.02,      40.20,    132.87,          7.60
       18,          2,    3,         12.22,          3.30,       5.22,      52.19,    172.44,         11.28
       18,          2,    4,         13.71,          3.30,       6.01,      60.13,    198.68,         13.48
       18,          2,    5,         14.67,          3.30,       6.64,      66.37,    219.27,         15.04
       18,          2,    6,         15.27,          3.30,       7.10,      71.00,    234.55,         16.03
       18,          2,    7,         15.73,          3.30,       7.51,      75.06,    247.97,         16.75
       18,          3,    1,          4.02,          3.31,       2.76,      27.62,     91.35,          3.77
       18,          3,    2,         10.09,          3.30,       4.51,      45.10,    149.03,          8.20
       18,          3,    3,         13.33,          3.30,       5.96,      59.62,    196.98,         12.47
       18,          3,    4,         14.95,          3.30,       6.96,      69.67,    230.18,         15.21
       18,          3,    5,         15.95,          3.30,       7.73,      77.33,    255.42,         17.03
       18,          3,    6,         16.53,          3.30,       8.26,      82.66,    272.95,         18.09
       18,          3,    7,         16.92,          3.30,       8.67,      86.68,    286.16,         18.81
       18,          4,    1,          4.79,          3.31,       3.01,      30.13,     99.63,          4.01
       18,          4,    2,         10.44,          3.30,       5.00,      49.96,    165.09,          7.87
       18,          4,    3,         14.15,          3.30,       6.70,      67.02,    221.43,         13.19
       18,          4,    4,         15.88,          3.30,       7.92,      79.19,    261.54,         16.32
       18,          4,    5,         16.87,          3.30,       8.78,      87.80,    289.82,         18.34
       18,          4,    6,         17.42,          3.30,       9.34,      93.38,    308.19,         19.46
       18,          4,    7,         17.79,          3.30,       9.77,      97.65,    322.27,         20.19
       19,          1,    1,          2.65,          3.31,       2.28,      22.75,     75.26,          3.64
       19,          1,    2,          8.69,          3.31,       3.57,      35.75,    118.21,          7.91
       19,          1,    3,         11.57,          3.30,       4.63,      46.25,    152.85,         11.19
       19,          1,    4,         12.82,          3.30,       5.29,      52.89,    174.77,         12.75
       19,          1,    5,         14.05,          3.30,       5.81,      58.06,    191.84,         15.18
       19,          1,    6,         14.60,          3.30,       6.19,      61.89,    204.47,         16.03
       19,          1,    7,         15.07,          3.30,       6.55,      65.51,    216.44,         16.78
       19,          2,    1,          3.80,          3.31,       2.53,      25.32,     83.75,          4.05
       19,          2,    2,          9.93,          3.31,       4.07,      40.66,    134.41,          8.96
       19,          2,    3,         13.10,          3.30,       5.36,      53.58,    177.05,         13.41
       19,          2,    4,         14.71,          3.30,       6.27,      62.75,    207.31,         16.20
       19,          2,    5,         15.61,          3.30,       6.98,      69.85,    230.76,         17.67
       19,          2,    6,         16.01,          3.30,       7.51,      75.10,    248.07,         17.87
       19,          2,    7,         16.87,          3.30,       7.98,      79.78,    263.48,         20.35
       19,          3,    1,          4.65,          3.31,       2.79,      27.92,     92.32,          4.31
       19,          3,    2,         10.87,          3.30,       4.57,      45.70,    151.00,          9.68
       19,          3,    3,         14.15,          3.30,       6.12,      61.23,    202.29,         14.62
       19,          3,    4,         15.90,          3.30,       7.28,      72.78,    240.43,         18.02
       19,          3,    5,         16.94,          3.30,       8.17,      81.74,    269.92,         20.13
       19,          3,    6,         17.26,          3.30,       8.78,      87.81,    289.86,         20.08
       19,          3,    7,         18.02,          3.30,       9.26,      92.55,    305.46,         22.56
       19,          4,    1,          5.27,          3.31,       3.05,      30.46,    100.72,          4.42
       19,          4,    2,         11.55,          3.30,       5.07,      50.65,    167.37,         10.00
       19,          4,    3,         14.86,          3.30,       6.87,      68.70,    227.00,         15.14
       19,          4,    4,         16.72,          3.30,       8.26,      82.54,    272.54,         18.96
       19,          4,    5,         17.84,          3.30,       9.30,      92.99,    306.93,         21.55
       19,          4,    6,         18.45,          3.30,       9.96,      99.58,    328.61,         23.02
       19,          4,    7,         18.84,          3.30,      10.46,     104.57,    345.06,         23.89
       20,          1,    1,          3.53,          3.31,       2.30,      22.99,     76.03,          4.40
       20,          1,    2,          9.12,          3.31,       3.62,      36.18,    119.63,          8.60
       20,          1,    3,         12.46,          3.30,       4.75,      47.45,    156.82,         13.35
       20,          1,    4,         14.01,          3.30,       5.53,      55.24,    182.52,         15.95
       20,          1,    5,         14.97,          3.30,       6.12,      61.15,    202.03,         17.71
       20,          1,    6,         15.54,          3.30,       6.54,      65.37,    216.00,         18.73
       20,          1,    7,         16.02,          3.30,       6.92,      69.25,    228.79,         19.60
       20,          2,    1,          4.80,          3.31,       2.56,      25.56,     84.55,          5.05
       20,          2,    2,         10.43,          3.31,       4.12,      41.26,    136.38,          9.88
       20,          2,    3,         13.82,          3.30,       5.50,      55.03,    181.83,         15.36
       20,          2,    4,         15.54,          3.30,       6.55,      65.45,    216.24,         18.71
       20,          2,    5,         16.64,          3.30,       7.37,      73.65,    243.31,         21.13
       20,          2,    6,         17.31,          3.30,       7.96,      79.55,    262.73,         22.60
       20,          2,    7,         17.82,          3.30,       8.47,      84.66,    279.50,         23.74
       20,          3,    1,          5.71,          3.31,       2.82,      28.18,     93.20,          5.44
       20,          3,    2,         11.67,          3.30,       4.64,      46.38,    153.29,         11.42
       20,          3,    3,         14.72,          3.30,       6.27,      62.70,    207.15,         16.27
       20,          3,    4,         16.32,          3.30,       7.56,      75.57,    249.60,         19.06
       20,          3,    5,         17.85,          3.30,       8.61,      86.05,    284.11,         23.49
       20,          3,    6,         18.52,          3.30,       9.31,      93.13,    307.37,         25.18
       20,          3,    7,         18.98,          3.30,       9.86,      98.59,    325.36,         26.31
       20,          4,    1,          6.30,          3.31,       3.07,      30.73,    101.62,          5.54
       20,          4,    2,         12.28,          3.30,       5.14,      51.41,    169.85,         11.64
       20,          4,    3,         15.47,          3.30,       7.02,      70.16,    231.78,         17.00
       20,          4,    4,         17.15,          3.30,       8.54,      85.43,    282.08,         20.17
       20,          4,    5,         18.29,          3.30,       9.78,      97.86,    322.94,         22.61
       20,          4,    6,         19.33,          3.30,      10.58,     105.77,    349.03,         26.45
       20,          4,    7,         19.77,          3.30,      11.16,     111.56,    368.12,         27.62
       21,          1,    1,          4.38,          3.31,       2.32,      23.18,     76.69,          5.32
       21,          1,    2,          9.99,          3.31,       3.67,      36.70,    121.34,         10.38
       21,          1,    3,         12.98,          3.30,       4.85,      48.54,    160.41,         14.69
       21,          1,    4,         14.65,          3.30,       5.73,      57.33,    189.42,         17.75
       21,          1,    5,         15.66,          3.30,       6.41,      64.12,    211.87,         19.72
       21,          1,    6,         15.99,          3.30,       6.87,      68.67,    226.88,         19.71
       21,          1,    7,         16.78,          3.30,       7.28,      72.81,    240.55,         22.12
       21,          2,    1,          5.59,          3.31,       2.58,      25.82,     85.40,          5.99
       21,          2,    2,         11.24,          3.31,       4.19,      41.93,    138.58,         11.72
       21,          2,    3,         14.30,          3.30,       5.62,      56.20,    185.70,         16.75
       21,          2,    4,         16.11,          3.30,       6.76,      67.63,    223.44,         20.56
       21,          2,    5,         17.31,          3.30,       7.70,      77.04,    254.49,         23.42
       21,          2,    6,         17.95,          3.30,       8.36,      83.61,    276.07,         24.84
       21,          2,    7,         18.19,          3.30,       8.92,      89.21,    294.47,         24.44
       21,          3,    1,          6.12,          3.31,       2.85,      28.47,     94.15,          5.92
       21,          3,    2,         12.20,          3.30,       4.71,      47.07,    155.55,         12.69
       21,          3,    3,         15.31,          3.30,       6.40,      63.98,    211.37,         18.20
       21,          3,    4,         17.19,          3.30,       7.78,      77.82,    257.05,         22.57
       21,          3,    5,         18.49,          3.30,       8.98,      89.79,    296.38,         26.03
       21,          3,    6,         19.24,          3.30,       9.81,      98.05,    323.58,         28.08
       21,          3,    7,         19.74,          3.30,      10.44,     104.36,    344.38,         29.47
       21,          4,    1,          7.14,          3.31,       3.10,      31.00,    102.51,          6.66
       21,          4,    2,         12.82,          3.30,       5.22,      52.22,    172.53,         12.95
       21,          4,    3,         15.68,          3.30,       7.14,      71.47,    236.09,         17.51
       21,          4,    4,         17.92,          3.30,       8.77,      87.64,    289.33,         23.45
       21,          4,    5,         19.29,          3.30,      10.19,     101.90,    336.26,         27.27
       21,          4,    6,         20.07,          3.30,      11.16,     111.60,    368.26,         29.58
       21,          4,    7,         20.56,          3.30,      11.85,     118.50,    390.91,         31.07
       22,          1,    1,          4.78,          3.31,       2.34,      23.38,     77.31,          5.76
       22,          1,    2,         10.31,          3.31,       3.72,      37.21,    123.02,         10.98
       22,          1,    3,         13.05,          3.30,       4.95,      49.45,    163.41,         14.59
       22,          1,    4,         15.10,          3.30,       5.91,      59.11,    195.31,         19.01
       22,          1,    5,         16.24,          3.30,       6.67,      66.73,    220.45,         21.54
       22,          1,    6,         16.88,          3.30,       7.18,      71.76,    237.07,         23.00
       22,          1,    7,         17.39,          3.30,       7.63,      76.25,    251.88,         24.20
       22,          2,    1,          6.07,          3.31,       2.60,      26.02,     86.07,          6.65
       22,          2,    2,         11.63,          3.31,       4.25,      42.53,    140.55,         12.62
       22,          2,    3,         14.67,          3.30,       5.73,      57.34,    189.46,         17.85
       22,          2,    4,         16.27,          3.30,       6.96,      69.60,    229.92,         20.69
       22,          2,    5,         17.83,          3.30,       8.04,      80.36,    265.33,         25.28
       22,          2,    6,         18.60,          3.30,       8.78,      87.83,    289.97,         27.34
       22,          2,    7,         19.16,          3.30,       9.42,      94.23,    311.02,         28.84
       22,          3,    1,          7.05,          3.31,       2.87,      28.72,     94.99,          7.25
       22,          3,    2,         12.60,          3.30,       4.78,      47.77,    157.86,         13.68
       22,          3,    3,         15.69,          3.30,       6.54,      65.34,    215.87,         19.40
       22,          3,    4,         17.59,          3.30,       8.02,      80.18,    264.81,         23.92
       22,          3,    5,         18.67,          3.30,       9.38,      93.84,    309.69,         25.83
       22,          3,    6,         19.85,          3.30,      10.37,     103.70,    342.20,         30.45
       22,          3,    7,         20.41,          3.30,      11.15,     111.48,    367.86,         32.07
       22,          4,    1,          7.77,          3.31,       3.13,      31.30,    103.50,          7.64
       22,          4,    2,         13.31,          3.30,       5.30,      53.00,    175.11,         14.28
       22,          4,    3,         16.42,          3.30,       7.30,      73.01,    241.20,         20.31
       22,          4,    4,         18.37,          3.30,       9.03,      90.27,    297.98,         25.15
       22,          4,    5,         19.76,          3.30,      10.64,     106.41,    351.14,         29.04
       22,          4,    6,         20.34,          3.30,      11.83,     118.32,    390.33,         29.63
       22,          4,    7,         21.24,          3.30,      12.70,     126.97,    418.69,         33.78

