[Radio] Initializing ... success!
Connected to RF power monitor: Rohde&Schwarz,FPC1500,1328.6660K03/205785,V1.80
Connected to DC power monitor: radiolib-org,DCpowerMon,070dd3d
setCurrentLimit, code 0

Set [dBm],paDutyCycle,hpMax,Measured [dBm],Bus voltage[V],Voltage[mV],Current[mA],Power [mW],Efficiency [%]
       -9,          1,    1,        -17.42,          3.31,       0.98,       9.78,     32.34,          0.21
       -9,          1,    2,        -14.32,          3.31,       1.13,      11.27,     37.28,          0.27
       -9,          1,    3,        -12.97,          3.31,       1.24,      12.35,     40.85,          0.30
       -9,          1,    4,        -12.27,          3.31,       1.34,      13.37,     44.22,          0.29
       -9,          1,    5,        -11.81,          3.31,       1.43,      14.35,     47.44,          0.28
       -9,          1,    6,        -10.99,          3.31,       1.52,      15.21,     50.29,          0.30
       -9,          1,    7,        -10.57,          3.31,       1.61,      16.09,     53.21,          0.30
       -9,          2,    1,        -16.42,          3.31,       1.01,      10.09,     33.37,          0.24
       -9,          2,    2,        -13.20,          3.31,       1.18,      11.80,     39.03,          0.31
       -9,          2,    3,        -11.74,          3.31,       1.31,      13.10,     43.33,          0.34
       -9,          2,    4,        -10.81,          3.31,       1.42,      14.24,     47.09,          0.36
       -9,          2,    5,        -10.21,          3.31,       1.53,      15.26,     50.49,          0.36
       -9,          2,    6,         -9.82,          3.31,       1.61,      16.16,     53.45,          0.35
       -9,          2,    7,         -9.78,          3.31,       1.70,      16.98,     56.16,          0.32
       -9,          3,    1,        -15.98,          3.31,       1.04,      10.41,     34.43,          0.23
       -9,          3,    2,        -12.33,          3.31,       1.23,      12.33,     40.78,          0.34
       -9,          3,    3,        -10.90,          3.31,       1.38,      13.75,     45.49,          0.37
       -9,          3,    4,        -10.03,          3.31,       1.49,      14.91,     49.33,          0.39
       -9,          3,    5,         -9.54,          3.31,       1.59,      15.89,     52.54,          0.38
       -9,          3,    6,         -9.17,          3.31,       1.68,      16.78,     55.51,          0.38
       -9,          3,    7,         -8.93,          3.31,       1.76,      17.59,     58.20,          0.37
       -9,          4,    1,        -15.14,          3.31,       1.07,      10.75,     35.54,          0.26
       -9,          4,    2,        -11.73,          3.31,       1.29,      12.87,     42.58,          0.35
       -9,          4,    3,        -10.38,          3.31,       1.44,      14.34,     47.43,          0.38
       -9,          4,    4,         -9.59,          3.31,       1.55,      15.52,     51.34,          0.40
       -9,          4,    5,         -9.09,          3.31,       1.65,      16.53,     54.68,          0.40
       -9,          4,    6,         -8.74,          3.31,       1.74,      17.41,     57.58,          0.39
       -9,          4,    7,         -8.45,          3.31,       1.84,      18.37,     60.79,          0.38
       -8,          1,    1,        -16.22,          3.31,       1.01,      10.07,     33.30,          0.25
       -8,          1,    2,        -13.40,          3.31,       1.17,      11.67,     38.62,          0.31
       -8,          1,    3,        -11.73,          3.31,       1.29,      12.90,     42.67,          0.35
       -8,          1,    4,        -10.92,          3.31,       1.39,      13.88,     45.93,          0.36
       -8,          1,    5,        -10.27,          3.31,       1.50,      14.96,     49.48,          0.36
       -8,          1,    6,         -9.81,          3.31,       1.58,      15.83,     52.35,          0.37
       -8,          1,    7,         -9.40,          3.31,       1.67,      16.71,     55.26,          0.36
       -8,          2,    1,        -15.17,          3.31,       1.04,      10.42,     34.46,          0.28
       -8,          2,    2,        -11.95,          3.31,       1.23,      12.29,     40.66,          0.38
       -8,          2,    3,        -10.69,          3.31,       1.37,      13.69,     45.27,          0.40
       -8,          2,    4,         -9.96,          3.31,       1.49,      14.92,     49.37,          0.39
       -8,          2,    5,         -9.01,          3.31,       1.59,      15.95,     52.76,          0.43
       -8,          2,    6,         -8.57,          3.31,       1.69,      16.88,     55.81,          0.43
       -8,          2,    7,         -8.26,          3.31,       1.78,      17.80,     58.87,          0.43
       -8,          3,    1,        -14.35,          3.31,       1.08,      10.79,     35.69,          0.30
       -8,          3,    2,        -11.07,          3.31,       1.30,      12.94,     42.82,          0.41
       -8,          3,    3,         -9.65,          3.31,       1.45,      14.50,     47.95,          0.45
       -8,          3,    4,         -8.95,          3.31,       1.57,      15.73,     52.02,          0.45
       -8,          3,    5,         -8.32,          3.31,       1.67,      16.71,     55.28,          0.47
       -8,          3,    6,         -7.96,          3.31,       1.76,      17.61,     58.25,          0.46
       -8,          3,    7,         -7.70,          3.31,       1.85,      18.51,     61.21,          0.45
       -8,          4,    1,        -13.75,          3.31,       1.13,      11.23,     37.16,          0.31
       -8,          4,    2,        -10.47,          3.31,       1.35,      13.54,     44.80,          0.42
       -8,          4,    3,         -9.11,          3.31,       1.51,      15.14,     50.06,          0.46
       -8,          4,    4,         -8.64,          3.31,       1.64,      16.38,     54.20,          0.45
       -8,          4,    5,         -7.86,          3.31,       1.74,      17.38,     57.48,          0.48
       -8,          4,    6,         -7.51,          3.31,       1.84,      18.40,     60.88,          0.47
       -8,          4,    7,         -7.23,          3.31,       1.93,      19.34,     63.98,          0.47
       -7,          1,    1,        -15.09,          3.31,       1.03,      10.31,     34.11,          0.30
       -7,          1,    2,        -12.00,          3.31,       1.21,      12.07,     39.92,          0.39
       -7,          1,    3,        -10.69,          3.31,       1.33,      13.34,     44.12,          0.42
       -7,          1,    4,         -9.89,          3.31,       1.45,      14.46,     47.84,          0.43
       -7,          1,    5,         -9.33,          3.31,       1.55,      15.48,     51.20,          0.43
       -7,          1,    6,         -9.15,          3.31,       1.64,      16.43,     54.34,          0.40
       -7,          1,    7,         -8.41,          3.31,       1.73,      17.30,     57.23,          0.43
       -7,          2,    1,        -14.09,          3.31,       1.08,      10.75,     35.57,          0.33
       -7,          2,    2,        -10.89,          3.31,       1.28,      12.81,     42.38,          0.44
       -7,          2,    3,         -9.45,          3.31,       1.43,      14.27,     47.22,          0.48
       -7,          2,    4,         -8.56,          3.31,       1.56,      15.57,     51.51,          0.50
       -7,          2,    5,         -8.00,          3.31,       1.67,      16.66,     55.11,          0.50
       -7,          2,    6,         -7.89,          3.31,       1.76,      17.60,     58.21,          0.47
       -7,          2,    7,         -7.24,          3.31,       1.85,      18.53,     61.30,          0.50
       -7,          3,    1,        -13.28,          3.31,       1.12,      11.25,     37.20,          0.35
       -7,          3,    2,        -10.00,          3.31,       1.35,      13.53,     44.76,          0.47
       -7,          3,    3,         -8.59,          3.31,       1.52,      15.16,     50.15,          0.52
       -7,          3,    4,         -7.75,          3.31,       1.65,      16.46,     54.45,          0.54
       -7,          3,    5,         -7.27,          3.31,       1.75,      17.49,     57.83,          0.55
       -7,          3,    6,         -6.92,          3.31,       1.85,      18.47,     61.09,          0.54
       -7,          3,    7,         -6.67,          3.31,       1.94,      19.36,     64.03,          0.53
       -7,          4,    1,        -12.67,          3.31,       1.17,      11.69,     38.68,          0.36
       -7,          4,    2,         -9.52,          3.31,       1.42,      14.19,     46.93,          0.48
       -7,          4,    3,         -8.37,          3.31,       1.59,      15.89,     52.56,          0.50
       -7,          4,    4,         -7.27,          3.31,       1.72,      17.19,     56.85,          0.56
       -7,          4,    5,         -6.80,          3.31,       1.83,      18.34,     60.67,          0.56
       -7,          4,    6,         -6.46,          3.31,       1.93,      19.32,     63.88,          0.56
       -7,          4,    7,         -6.19,          3.31,       2.03,      20.27,     67.06,          0.55
       -6,          1,    1,        -14.12,          3.31,       1.06,      10.61,     35.10,          0.34
       -6,          1,    2,        -11.05,          3.31,       1.25,      12.49,     41.31,          0.45
       -6,          1,    3,         -9.84,          3.31,       1.38,      13.83,     45.77,          0.47
       -6,          1,    4,         -9.31,          3.31,       1.50,      14.98,     49.53,          0.45
       -6,          1,    5,         -8.33,          3.31,       1.61,      16.06,     53.13,          0.50
       -6,          1,    6,         -7.91,          3.31,       1.70,      17.01,     56.25,          0.50
       -6,          1,    7,         -7.49,          3.31,       1.80,      17.98,     59.48,          0.50
       -6,          2,    1,        -13.14,          3.31,       1.11,      11.15,     36.88,          0.37
       -6,          2,    2,         -9.92,          3.31,       1.33,      13.30,     43.98,          0.50
       -6,          2,    3,         -8.52,          3.31,       1.49,      14.90,     49.28,          0.55
       -6,          2,    4,         -7.88,          3.31,       1.62,      16.23,     53.69,          0.54
       -6,          2,    5,         -7.41,          3.31,       1.73,      17.33,     57.33,          0.54
       -6,          2,    6,         -6.62,          3.31,       1.84,      18.41,     60.90,          0.58
       -6,          2,    7,         -6.32,          3.31,       1.93,      19.35,     64.00,          0.58
       -6,          3,    1,        -12.34,          3.31,       1.16,      11.65,     38.54,          0.39
       -6,          3,    2,         -9.04,          3.31,       1.41,      14.10,     46.65,          0.54
       -6,          3,    3,         -7.63,          3.31,       1.59,      15.87,     52.50,          0.60
       -6,          3,    4,         -6.82,          3.31,       1.72,      17.21,     56.93,          0.62
       -6,          3,    5,         -6.37,          3.31,       1.83,      18.34,     60.67,          0.62
       -6,          3,    6,         -6.31,          3.31,       1.93,      19.31,     63.87,          0.58
       -6,          3,    7,         -5.74,          3.31,       2.02,      20.21,     66.86,          0.62
       -6,          4,    1,        -12.09,          3.31,       1.21,      12.13,     40.13,          0.37
       -6,          4,    2,         -8.45,          3.31,       1.49,      14.91,     49.32,          0.56
       -6,          4,    3,         -7.08,          3.31,       1.67,      16.70,     55.24,          0.62
       -6,          4,    4,         -6.33,          3.31,       1.81,      18.10,     59.87,          0.64
       -6,          4,    5,         -5.89,          3.31,       1.92,      19.24,     63.64,          0.64
       -6,          4,    6,         -5.52,          3.31,       2.03,      20.26,     67.02,          0.65
       -6,          4,    7,         -5.27,          3.31,       2.13,      21.26,     70.30,          0.64
       -5,          1,    1,        -12.90,          3.31,       1.12,      11.23,     37.16,          0.38
       -5,          1,    2,         -9.41,          3.31,       1.33,      13.35,     44.17,          0.56
       -5,          1,    3,         -8.12,          3.31,       1.48,      14.84,     49.10,          0.61
       -5,          1,    4,         -7.35,          3.31,       1.61,      16.06,     53.13,          0.63
       -5,          1,    5,         -6.74,          3.31,       1.72,      17.20,     56.90,          0.64
       -5,          1,    6,         -6.30,          3.31,       1.82,      18.26,     60.41,          0.64
       -5,          1,    7,         -5.93,          3.31,       1.93,      19.26,     63.71,          0.64
       -5,          2,    1,        -11.67,          3.31,       1.18,      11.82,     39.09,          0.44
       -5,          2,    2,         -8.64,          3.31,       1.43,      14.33,     47.40,          0.58
       -5,          2,    3,         -6.87,          3.31,       1.61,      16.12,     53.32,          0.70
       -5,          2,    4,         -5.99,          3.31,       1.75,      17.52,     57.93,          0.74
       -5,          2,    5,         -5.43,          3.31,       1.88,      18.79,     62.17,          0.75
       -5,          2,    6,         -5.01,          3.31,       1.99,      19.92,     65.89,          0.75
       -5,          2,    7,         -4.73,          3.31,       2.08,      20.81,     68.82,          0.75
       -5,          3,    1,        -10.72,          3.31,       1.24,      12.41,     41.05,          0.49
       -5,          3,    2,         -7.40,          3.31,       1.53,      15.30,     50.60,          0.67
       -5,          3,    3,         -6.25,          3.31,       1.72,      17.23,     57.00,          0.71
       -5,          3,    4,         -5.55,          3.31,       1.88,      18.78,     62.13,          0.72
       -5,          3,    5,         -4.73,          3.31,       2.00,      20.00,     66.14,          0.79
       -5,          3,    6,         -4.40,          3.31,       2.10,      21.00,     69.47,          0.79
       -5,          3,    7,         -4.12,          3.31,       2.19,      21.96,     72.62,          0.79
       -5,          4,    1,        -10.07,          3.31,       1.30,      13.04,     43.14,          0.50
       -5,          4,    2,         -6.77,          3.31,       1.62,      16.22,     53.67,          0.70
       -5,          4,    3,         -5.42,          3.31,       1.83,      18.31,     60.57,          0.78
       -5,          4,    4,         -4.97,          3.31,       1.99,      19.87,     65.74,          0.76
       -5,          4,    5,         -4.25,          3.31,       2.11,      21.06,     69.64,          0.82
       -5,          4,    6,         -3.92,          3.31,       2.22,      22.15,     73.25,          0.82
       -5,          4,    7,         -3.66,          3.31,       2.32,      23.20,     76.74,          0.81
       -4,          1,    1,        -11.84,          3.31,       1.15,      11.52,     38.11,          0.46
       -4,          1,    2,         -8.70,          3.31,       1.37,      13.73,     45.43,          0.62
       -4,          1,    3,         -7.42,          3.31,       1.53,      15.31,     50.63,          0.67
       -4,          1,    4,         -6.72,          3.31,       1.66,      16.56,     54.80,          0.69
       -4,          1,    5,         -6.08,          3.31,       1.78,      17.77,     58.77,          0.70
       -4,          1,    6,         -5.90,          3.31,       1.89,      18.86,     62.37,          0.66
       -4,          1,    7,         -5.65,          3.31,       1.99,      19.90,     65.82,          0.65
       -4,          2,    1,        -10.85,          3.31,       1.21,      12.12,     40.10,          0.50
       -4,          2,    2,         -7.60,          3.31,       1.48,      14.80,     48.94,          0.69
       -4,          2,    3,         -6.22,          3.31,       1.67,      16.69,     55.20,          0.76
       -4,          2,    4,         -5.31,          3.31,       1.82,      18.22,     60.26,          0.80
       -4,          2,    5,         -4.79,          3.31,       1.95,      19.49,     64.48,          0.81
       -4,          2,    6,         -4.38,          3.31,       2.06,      20.60,     68.14,          0.82
       -4,          2,    7,         -4.11,          3.31,       2.16,      21.59,     71.41,          0.81
       -4,          3,    1,        -10.29,          3.31,       1.28,      12.79,     42.31,          0.50
       -4,          3,    2,         -7.14,          3.31,       1.59,      15.85,     52.44,          0.67
       -4,          3,    3,         -5.34,          3.31,       1.80,      17.96,     59.40,          0.82
       -4,          3,    4,         -4.52,          3.31,       1.95,      19.52,     64.57,          0.86
       -4,          3,    5,         -4.05,          3.31,       2.07,      20.72,     68.53,          0.87
       -4,          3,    6,         -3.66,          3.31,       2.18,      21.83,     72.22,          0.88
       -4,          3,    7,         -3.47,          3.31,       2.28,      22.80,     75.41,          0.87
       -4,          4,    1,         -9.41,          3.31,       1.35,      13.48,     44.60,          0.54
       -4,          4,    2,         -6.24,          3.31,       1.69,      16.87,     55.79,          0.74
       -4,          4,    3,         -5.11,          3.31,       1.91,      19.06,     63.05,          0.78
       -4,          4,    4,         -3.99,          3.31,       2.06,      20.61,     68.15,          0.89
       -4,          4,    5,         -3.54,          3.31,       2.19,      21.94,     72.57,          0.90
       -4,          4,    6,         -3.19,          3.31,       2.31,      23.11,     76.45,          0.91
       -4,          4,    7,         -2.96,          3.31,       2.41,      24.15,     79.88,          0.90
       -3,          1,    1,        -11.18,          3.31,       1.18,      11.81,     39.07,          0.50
       -3,          1,    2,         -8.08,          3.31,       1.42,      14.16,     46.85,          0.67
       -3,          1,    3,         -6.89,          3.31,       1.58,      15.76,     52.13,          0.72
       -3,          1,    4,         -6.36,          3.31,       1.71,      17.05,     56.40,          0.71
       -3,          1,    5,         -5.46,          3.31,       1.84,      18.40,     60.84,          0.77
       -3,          1,    6,         -5.02,          3.31,       1.94,      19.45,     64.34,          0.78
       -3,          1,    7,         -4.66,          3.31,       2.05,      20.48,     67.74,          0.78
       -3,          2,    1,        -10.18,          3.31,       1.25,      12.48,     41.27,          0.55
       -3,          2,    2,         -6.99,          3.31,       1.53,      15.31,     50.63,          0.74
       -3,          2,    3,         -5.57,          3.31,       1.73,      17.22,     56.98,          0.83
       -3,          2,    4,         -4.70,          3.31,       1.89,      18.86,     62.38,          0.88
       -3,          2,    5,         -4.18,          3.31,       2.02,      20.20,     66.83,          0.89
       -3,          2,    6,         -4.07,          3.31,       2.14,      21.36,     70.66,          0.84
       -3,          2,    7,         -3.80,          3.31,       2.24,      22.37,     73.98,          0.83
       -3,          3,    1,         -9.74,          3.31,       1.32,      13.19,     43.63,          0.53
       -3,          3,    2,         -6.09,          3.31,       1.65,      16.48,     54.52,          0.80
       -3,          3,    3,         -4.65,          3.31,       1.86,      18.64,     61.65,          0.90
       -3,          3,    4,         -3.85,          3.31,       2.03,      20.28,     67.07,          0.95
       -3,          3,    5,         -3.40,          3.31,       2.16,      21.56,     71.31,          0.96
       -3,          3,    6,         -3.06,          3.31,       2.27,      22.68,     75.02,          0.96
       -3,          3,    7,         -2.88,          3.31,       2.37,      23.65,     78.20,          0.94
       -3,          4,    1,         -9.10,          3.31,       1.39,      13.89,     45.96,          0.55
       -3,          4,    2,         -5.47,          3.31,       1.75,      17.53,     57.98,          0.83
       -3,          4,    3,         -4.09,          3.31,       1.99,      19.88,     65.76,          0.93
       -3,          4,    4,         -3.33,          3.31,       2.15,      21.50,     71.14,          0.98
       -3,          4,    5,         -2.88,          3.31,       2.29,      22.90,     75.73,          0.99
       -3,          4,    6,         -2.55,          3.31,       2.40,      24.03,     79.50,          0.99
       -3,          4,    7,         -2.29,          3.31,       2.52,      25.18,     83.30,          0.99
       -2,          1,    1,        -10.08,          3.31,       1.24,      12.35,     40.86,          0.57
       -2,          1,    2,         -7.25,          3.31,       1.50,      14.98,     49.55,          0.73
       -2,          1,    3,         -5.65,          3.31,       1.67,      16.72,     55.33,          0.86
       -2,          1,    4,         -4.91,          3.31,       1.81,      18.13,     59.97,          0.89
       -2,          1,    5,         -4.31,          3.31,       1.95,      19.51,     64.52,          0.91
       -2,          1,    6,         -3.88,          3.31,       2.06,      20.59,     68.11,          0.92
       -2,          1,    7,         -3.51,          3.31,       2.17,      21.74,     71.92,          0.92
       -2,          2,    1,         -9.06,          3.31,       1.32,      13.13,     43.43,          0.63
       -2,          2,    2,         -5.83,          3.31,       1.63,      16.30,     53.93,          0.86
       -2,          2,    3,         -4.70,          3.31,       1.85,      18.46,     61.05,          0.91
       -2,          2,    4,         -3.54,          3.31,       2.02,      20.16,     66.69,          1.03
       -2,          2,    5,         -2.98,          3.31,       2.16,      21.59,     71.42,          1.06
       -2,          2,    6,         -2.57,          3.31,       2.28,      22.83,     75.50,          1.07
       -2,          2,    7,         -2.28,          3.31,       2.39,      23.88,     78.99,          1.07
       -2,          3,    1,         -8.24,          3.31,       1.39,      13.95,     46.15,          0.67
       -2,          3,    2,         -4.93,          3.31,       1.76,      17.59,     58.21,          0.93
       -2,          3,    3,         -3.77,          3.31,       2.00,      20.03,     66.25,          0.98
       -2,          3,    4,         -3.06,          3.31,       2.18,      21.78,     72.04,          1.02
       -2,          3,    5,         -2.21,          3.31,       2.32,      23.19,     76.72,          1.13
       -2,          3,    6,         -1.86,          3.31,       2.44,      24.37,     80.59,          1.14
       -2,          3,    7,         -1.65,          3.31,       2.54,      25.41,     84.05,          1.13
       -2,          4,    1,         -7.62,          3.31,       1.48,      14.81,     49.01,          0.68
       -2,          4,    2,         -4.28,          3.31,       1.89,      18.86,     62.39,          0.96
       -2,          4,    3,         -2.90,          3.31,       2.14,      21.42,     70.85,          1.09
       -2,          4,    4,         -2.14,          3.31,       2.32,      23.22,     76.82,          1.15
       -2,          4,    5,         -1.69,          3.31,       2.47,      24.71,     81.73,          1.17
       -2,          4,    6,         -1.39,          3.31,       2.60,      25.94,     85.81,          1.17
       -2,          4,    7,         -1.35,          3.31,       2.71,      27.10,     89.62,          1.11
       -1,          1,    1,         -9.51,          3.31,       1.29,      12.89,     42.65,          0.59
       -1,          1,    2,         -5.99,          3.31,       1.58,      15.76,     52.13,          0.88
       -1,          1,    3,         -4.70,          3.31,       1.76,      17.61,     58.27,          0.98
       -1,          1,    4,         -3.95,          3.31,       1.91,      19.09,     63.12,          1.02
       -1,          1,    5,         -3.36,          3.31,       2.05,      20.49,     67.78,          1.05
       -1,          1,    6,         -2.93,          3.31,       2.17,      21.71,     71.80,          1.06
       -1,          1,    7,         -2.61,          3.31,       2.29,      22.90,     75.73,          1.05
       -1,          2,    1,         -8.48,          3.31,       1.37,      13.71,     45.35,          0.66
       -1,          2,    2,         -4.87,          3.31,       1.71,      17.16,     56.75,          0.99
       -1,          2,    3,         -3.45,          3.31,       1.95,      19.51,     64.54,          1.11
       -1,          2,    4,         -2.58,          3.31,       2.14,      21.36,     70.65,          1.18
       -1,          2,    5,         -2.02,          3.31,       2.29,      22.88,     75.66,          1.21
       -1,          2,    6,         -1.61,          3.31,       2.42,      24.17,     79.95,          1.23
       -1,          2,    7,         -1.33,          3.31,       2.53,      25.33,     83.77,          1.23
       -1,          3,    1,         -7.32,          3.31,       1.47,      14.68,     48.55,          0.75
       -1,          3,    2,         -4.24,          3.31,       1.86,      18.64,     61.65,          0.99
       -1,          3,    3,         -2.93,          3.31,       2.13,      21.28,     70.38,          1.09
       -1,          3,    4,         -1.71,          3.31,       2.32,      23.19,     76.70,          1.27
       -1,          3,    5,         -1.25,          3.31,       2.47,      24.68,     81.62,          1.30
       -1,          3,    6,         -0.91,          3.31,       2.59,      25.92,     85.73,          1.31
       -1,          3,    7,         -0.68,          3.31,       2.70,      27.04,     89.41,          1.30
       -1,          4,    1,         -6.76,          3.31,       1.56,      15.58,     51.54,          0.76
       -1,          4,    2,         -3.64,          3.31,       2.01,      20.04,     66.30,          1.01
       -1,          4,    3,         -2.31,          3.31,       2.28,      22.84,     75.54,          1.13
       -1,          4,    4,         -1.17,          3.31,       2.48,      24.79,     81.97,          1.31
       -1,          4,    5,         -0.71,          3.31,       2.64,      26.38,     87.24,          1.33
       -1,          4,    6,         -0.39,          3.31,       2.77,      27.66,     91.45,          1.35
       -1,          4,    7,         -0.14,          3.31,       2.89,      28.90,     95.58,          1.35
        0,          1,    1,         -8.26,          3.31,       1.34,      13.44,     44.46,          0.72
        0,          1,    2,         -5.13,          3.31,       1.65,      16.53,     54.69,          0.99
        0,          1,    3,         -4.12,          3.31,       1.86,      18.55,     61.36,          1.03
        0,          1,    4,         -3.05,          3.31,       2.01,      20.12,     66.55,          1.16
        0,          1,    5,         -2.45,          3.31,       2.16,      21.60,     71.43,          1.19
        0,          1,    6,         -2.03,          3.31,       2.29,      22.87,     75.65,          1.21
        0,          1,    7,         -1.67,          3.31,       2.41,      24.11,     79.73,          1.22
        0,          2,    1,         -7.25,          3.31,       1.44,      14.36,     47.49,          0.79
        0,          2,    2,         -3.97,          3.31,       1.81,      18.12,     59.94,          1.11
        0,          2,    3,         -2.58,          3.31,       2.06,      20.61,     68.16,          1.24
        0,          2,    4,         -1.99,          3.31,       2.26,      22.58,     74.70,          1.24
        0,          2,    5,         -1.11,          3.31,       2.42,      24.22,     80.13,          1.37
        0,          2,    6,         -0.70,          3.31,       2.56,      25.65,     84.81,          1.39
        0,          2,    7,         -0.42,          3.31,       2.68,      26.82,     88.69,          1.40
        0,          3,    1,         -6.43,          3.31,       1.54,      15.39,     50.89,          0.84
        0,          3,    2,         -3.06,          3.31,       1.98,      19.76,     65.36,          1.19
        0,          3,    3,         -1.62,          3.31,       2.26,      22.56,     74.62,          1.35
        0,          3,    4,         -0.79,          3.31,       2.47,      24.71,     81.73,          1.44
        0,          3,    5,         -0.33,          3.31,       2.63,      26.26,     86.85,          1.47
        0,          3,    6,         -0.06,          3.31,       2.76,      27.57,     91.16,          1.46
        0,          3,    7,         -0.11,          3.31,       2.87,      28.73,     95.01,          1.37
        0,          4,    1,         -6.16,          3.31,       1.64,      16.42,     54.32,          0.79
        0,          4,    2,         -2.41,          3.31,       2.13,      21.33,     70.54,          1.22
        0,          4,    3,         -1.01,          3.31,       2.43,      24.32,     80.41,          1.40
        0,          4,    4,         -0.24,          3.31,       2.65,      26.48,     87.58,          1.48
        0,          4,    5,          0.22,          3.31,       2.81,      28.15,     93.10,          1.51
        0,          4,    6,          0.54,          3.31,       2.95,      29.52,     97.60,          1.53
        0,          4,    7,          0.79,          3.31,       3.08,      30.79,    101.82,          1.53
        1,          1,    1,         -7.49,          3.31,       1.39,      13.92,     46.04,          0.80
        1,          1,    2,         -4.34,          3.31,       1.73,      17.31,     57.26,          1.10
        1,          1,    3,         -3.27,          3.31,       1.95,      19.48,     64.42,          1.16
        1,          1,    4,         -2.63,          3.31,       2.11,      21.12,     69.87,          1.18
        1,          1,    5,         -1.64,          3.31,       2.26,      22.66,     74.95,          1.34
        1,          1,    6,         -1.22,          3.31,       2.40,      24.02,     79.42,          1.36
        1,          1,    7,         -0.86,          3.31,       2.53,      25.32,     83.75,          1.37
        1,          2,    1,         -6.48,          3.31,       1.50,      14.98,     49.54,          0.87
        1,          2,    2,         -3.16,          3.31,       1.90,      19.02,     62.93,          1.23
        1,          2,    3,         -1.73,          3.31,       2.17,      21.73,     71.87,          1.40
        1,          2,    4,         -0.86,          3.31,       2.38,      23.82,     78.78,          1.49
        1,          2,    5,         -0.47,          3.31,       2.56,      25.58,     84.59,          1.47
        1,          2,    6,         -0.23,          3.31,       2.71,      27.06,     89.48,          1.44
        1,          2,    7,          0.40,          3.31,       2.83,      28.34,     93.71,          1.57
        1,          3,    1,         -5.66,          3.31,       1.61,      16.06,     53.12,          0.92
        1,          3,    2,         -2.26,          3.31,       2.08,      20.78,     68.75,          1.32
        1,          3,    3,         -0.81,          3.31,       2.39,      23.86,     78.91,          1.50
        1,          3,    4,          0.03,          3.31,       2.62,      26.16,     86.52,          1.60
        1,          3,    5,          0.50,          3.31,       2.78,      27.79,     91.89,          1.65
        1,          3,    6,          0.84,          3.31,       2.92,      29.23,     96.65,          1.66
        1,          3,    7,          1.07,          3.31,       3.03,      30.35,    100.37,          1.67
        1,          4,    1,         -5.05,          3.31,       1.71,      17.14,     56.69,          0.95
        1,          4,    2,         -1.92,          3.31,       2.25,      22.49,     74.37,          1.27
        1,          4,    3,         -0.19,          3.31,       2.58,      25.83,     85.41,          1.55
        1,          4,    4,          0.59,          3.31,       2.81,      28.13,     93.04,          1.65
        1,          4,    5,          1.04,          3.31,       2.99,      29.84,     98.67,          1.70
        1,          4,    6,          1.37,          3.31,       3.13,      31.27,    103.41,          1.72
        1,          4,    7,          1.61,          3.31,       3.26,      32.62,    107.85,          1.72
        2,          1,    1,         -6.49,          3.31,       1.47,      14.71,     48.66,          0.90
        2,          1,    2,         -3.48,          3.31,       1.84,      18.45,     61.02,          1.20
        2,          1,    3,         -2.29,          3.31,       2.08,      20.76,     68.68,          1.31
        2,          1,    4,         -1.15,          3.31,       2.26,      22.54,     74.54,          1.51
        2,          1,    5,         -0.57,          3.31,       2.42,      24.23,     80.15,          1.56
        2,          1,    6,         -0.15,          3.31,       2.57,      25.71,     85.04,          1.58
        2,          1,    7,          0.21,          3.31,       2.71,      27.09,     89.57,          1.59
        2,          2,    1,         -5.47,          3.31,       1.58,      15.84,     52.39,          0.99
        2,          2,    2,         -2.11,          3.31,       2.03,      20.34,     67.26,          1.41
        2,          2,    3,         -0.96,          3.31,       2.34,      23.35,     77.23,          1.50
        2,          2,    4,         -0.14,          3.31,       2.57,      25.65,     84.83,          1.58
        2,          2,    5,          0.79,          3.31,       2.75,      27.53,     91.05,          1.78
        2,          2,    6,          1.20,          3.31,       2.91,      29.10,     96.22,          1.82
        2,          2,    7,          1.48,          3.31,       3.04,      30.40,    100.54,          1.83
        2,          3,    1,         -4.65,          3.31,       1.70,      17.03,     56.34,          1.05
        2,          3,    2,         -1.19,          3.31,       2.24,      22.35,     73.92,          1.51
        2,          3,    3,          0.27,          3.31,       2.58,      25.78,     85.28,          1.73
        2,          3,    4,          1.12,          3.31,       2.83,      28.28,     93.53,          1.85
        2,          3,    5,          1.41,          3.31,       3.00,      30.04,     99.34,          1.83
        2,          3,    6,          1.58,          3.31,       3.16,      31.53,    104.26,          1.79
        2,          3,    7,          2.17,          3.31,       3.27,      32.75,    108.29,          1.95
        2,          4,    1,         -4.02,          3.31,       1.83,      18.33,     60.63,          1.07
        2,          4,    2,         -0.53,          3.31,       2.43,      24.28,     80.30,          1.56
        2,          4,    3,          0.91,          3.31,       2.80,      27.97,     92.49,          1.79
        2,          4,    4,          1.69,          3.31,       3.04,      30.43,    100.63,          1.92
        2,          4,    5,          2.15,          3.31,       3.23,      32.31,    106.83,          1.97
        2,          4,    6,          2.25,          3.31,       3.38,      33.79,    111.71,          1.91
        2,          4,    7,          2.35,          3.31,       3.52,      35.18,    116.32,          1.85
        3,          1,    1,         -5.89,          3.31,       1.52,      15.17,     50.18,          0.98
        3,          1,    2,         -2.59,          3.31,       1.92,      19.22,     63.56,          1.39
        3,          1,    3,         -1.26,          3.31,       2.17,      21.67,     71.70,          1.56
        3,          1,    4,         -0.51,          3.31,       2.35,      23.52,     77.81,          1.65
        3,          1,    5,          0.08,          3.31,       2.53,      25.32,     83.75,          1.70
        3,          1,    6,          0.47,          3.31,       2.68,      26.80,     88.64,          1.72
        3,          1,    7,          0.52,          3.31,       2.82,      28.21,     93.29,          1.62
        3,          2,    1,         -5.23,          3.31,       1.64,      16.43,     54.34,          0.98
        3,          2,    2,         -1.47,          3.31,       2.12,      21.24,     70.23,          1.53
        3,          2,    3,         -0.01,          3.31,       2.44,      24.39,     80.67,          1.75
        3,          2,    4,          0.86,          3.31,       2.69,      26.83,     88.72,          1.88
        3,          2,    5,          1.43,          3.31,       2.88,      28.80,     95.24,          1.95
        3,          2,    6,          1.85,          3.31,       3.04,      30.40,    100.50,          1.99
        3,          2,    7,          2.13,          3.31,       3.18,      31.78,    105.07,          2.01
        3,          3,    1,         -4.06,          3.31,       1.77,      17.69,     58.50,          1.13
        3,          3,    2,         -0.70,          3.31,       2.34,      23.39,     77.35,          1.59
        3,          3,    3,          0.56,          3.31,       2.70,      27.01,     89.31,          1.74
        3,          3,    4,          1.77,          3.31,       2.96,      29.61,     97.93,          2.03
        3,          3,    5,          2.25,          3.31,       3.15,      31.46,    104.01,          2.09
        3,          3,    6,          2.59,          3.31,       3.30,      33.00,    109.11,          2.13
        3,          3,    7,          2.82,          3.31,       3.42,      34.22,    113.13,          2.14
        3,          4,    1,         -3.43,          3.31,       1.90,      19.03,     62.94,          1.15
        3,          4,    2,          0.09,          3.31,       2.54,      25.43,     84.12,          1.69
        3,          4,    3,          1.26,          3.31,       2.94,      29.35,     97.07,          1.82
        3,          4,    4,          2.35,          3.31,       3.19,      31.92,    105.53,          2.10
        3,          4,    5,          2.81,          3.31,       3.38,      33.82,    111.81,          2.17
        3,          4,    6,          3.13,          3.31,       3.54,      35.38,    116.97,          2.20
        3,          4,    7,          3.37,          3.31,       3.68,      36.81,    121.65,          2.22
        4,          1,    1,         -4.87,          3.31,       1.61,      16.09,     53.24,          1.10
        4,          1,    2,         -1.47,          3.31,       2.06,      20.58,     68.06,          1.61
        4,          1,    3,         -0.12,          3.31,       2.34,      23.34,     77.20,          1.82
        4,          1,    4,          0.33,          3.31,       2.54,      25.36,     83.88,          1.79
        4,          1,    5,          1.21,          3.31,       2.72,      27.22,     90.01,          1.99
        4,          1,    6,          1.62,          3.31,       2.88,      28.78,     95.15,          2.03
        4,          1,    7,          1.97,          3.31,       3.02,      30.26,    100.06,          2.06
        4,          2,    1,         -3.85,          3.31,       1.74,      17.41,     57.58,          1.22
        4,          2,    2,         -0.36,          3.31,       2.29,      22.90,     75.74,          1.77
        4,          2,    3,          1.13,          3.31,       2.64,      26.35,     87.14,          2.04
        4,          2,    4,          1.99,          3.31,       2.90,      28.99,     95.87,          2.19
        4,          2,    5,          2.29,          3.31,       3.11,      31.03,    102.59,          2.15
        4,          2,    6,          3.00,          3.31,       3.28,      32.81,    108.49,          2.35
        4,          2,    7,          3.29,          3.31,       3.42,      34.25,    113.23,          2.38
        4,          3,    1,         -3.03,          3.31,       1.89,      18.93,     62.60,          1.28
        4,          3,    2,          0.55,          3.31,       2.53,      25.30,     83.68,          1.89
        4,          3,    3,          2.07,          3.31,       2.93,      29.29,     96.88,          2.20
        4,          3,    4,          2.94,          3.31,       3.21,      32.11,    106.14,          2.38
        4,          3,    5,          3.41,          3.31,       3.41,      34.05,    112.59,          2.47
        4,          3,    6,          3.43,          3.31,       3.57,      35.68,    117.98,          2.33
        4,          3,    7,          4.00,          3.31,       3.70,      36.99,    122.28,          2.55
        4,          4,    1,         -2.40,          3.31,       2.04,      20.36,     67.35,          1.32
        4,          4,    2,          1.23,          3.31,       2.76,      27.59,     91.25,          1.96
        4,          4,    3,          2.73,          3.31,       3.19,      31.88,    105.39,          2.30
        4,          4,    4,          3.53,          3.31,       3.46,      34.62,    114.45,          2.49
        4,          4,    5,          4.00,          3.31,       3.67,      36.73,    121.42,          2.57
        4,          4,    6,          4.32,          3.31,       3.84,      38.42,    126.98,          2.62
        4,          4,    7,          4.54,          3.30,       3.99,      39.94,    131.99,          2.63
        5,          1,    1,         -4.46,          3.31,       1.67,      16.66,     55.10,          1.14
        5,          1,    2,         -0.78,          3.31,       2.15,      21.55,     71.28,          1.76
        5,          1,    3,          0.58,          3.31,       2.44,      24.39,     80.68,          2.01
        5,          1,    4,          1.33,          3.31,       2.65,      26.51,     87.66,          2.13
        5,          1,    5,          1.91,          3.31,       2.85,      28.44,     94.07,          2.21
        5,          1,    6,          2.32,          3.31,       3.01,      30.06,     99.39,          2.26
        5,          1,    7,          2.68,          3.31,       3.16,      31.62,    104.55,          2.29
        5,          2,    1,         -3.23,          3.31,       1.82,      18.18,     60.12,          1.31
        5,          2,    2,          0.05,          3.31,       2.40,      23.95,     79.23,          1.82
        5,          2,    3,          1.45,          3.31,       2.76,      27.61,     91.30,          2.07
        5,          2,    4,          2.72,          3.31,       3.03,      30.35,    100.33,          2.45
        5,          2,    5,          3.31,          3.31,       3.26,      32.60,    107.78,          2.55
        5,          2,    6,          3.73,          3.31,       3.44,      34.35,    113.56,          2.63
        5,          2,    7,          4.02,          3.31,       3.59,      35.86,    118.55,          2.67
        5,          3,    1,         -2.40,          3.31,       1.97,      19.71,     65.18,          1.39
        5,          3,    2,          1.25,          3.31,       2.65,      26.54,     87.76,          2.08
        5,          3,    3,          2.76,          3.31,       3.08,      30.74,    101.65,          2.43
        5,          3,    4,          3.34,          3.31,       3.37,      33.68,    111.34,          2.46
        5,          3,    5,          4.17,          3.31,       3.58,      35.80,    118.35,          2.76
        5,          3,    6,          4.52,          3.31,       3.75,      37.49,    123.92,          2.83
        5,          3,    7,          4.75,          3.31,       3.89,      38.92,    128.64,          2.85
        5,          4,    1,         -1.77,          3.31,       2.13,      21.27,     70.35,          1.43
        5,          4,    2,          1.94,          3.31,       2.90,      28.98,     95.82,          2.17
        5,          4,    3,          3.47,          3.31,       3.35,      33.52,    110.81,          2.55
        5,          4,    4,          4.28,          3.31,       3.66,      36.55,    120.83,          2.76
        5,          4,    5,          4.76,          3.31,       3.87,      38.68,    127.83,          2.87
        5,          4,    6,          4.97,          3.31,       4.05,      40.44,    133.67,          2.86
        5,          4,    7,          5.02,          3.30,       4.20,      42.03,    138.90,          2.76
        6,          1,    1,         -3.49,          3.31,       1.74,      17.38,     57.48,          1.33
        6,          1,    2,          0.09,          3.31,       2.27,      22.71,     75.10,          1.99
        6,          1,    3,          1.48,          3.31,       2.58,      25.79,     85.30,          2.29
        6,          1,    4,          2.24,          3.31,       2.80,      28.02,     92.64,          2.43
        6,          1,    5,          2.82,          3.31,       3.00,      30.05,     99.37,          2.53
        6,          1,    6,          3.24,          3.31,       3.18,      31.75,    104.98,          2.60
        6,          1,    7,          3.56,          3.31,       3.34,      33.37,    110.33,          2.63
        6,          2,    1,         -2.68,          3.31,       1.90,      19.01,     62.90,          1.38
        6,          2,    2,          0.85,          3.31,       2.53,      25.35,     83.84,          2.02
        6,          2,    3,          2.75,          3.31,       2.93,      29.29,     96.87,          2.58
        6,          2,    4,          3.65,          3.31,       3.22,      32.22,    106.52,          2.80
        6,          2,    5,          4.25,          3.31,       3.45,      34.54,    114.18,          2.95
        6,          2,    6,          4.68,          3.31,       3.65,      36.54,    120.81,          3.03
        6,          2,    7,          4.98,          3.31,       3.81,      38.15,    126.12,          3.08
        6,          3,    1,         -1.63,          3.31,       2.07,      20.66,     68.33,          1.54
        6,          3,    2,          2.00,          3.31,       2.81,      28.12,     93.00,          2.29
        6,          3,    3,          3.37,          3.31,       3.27,      32.68,    108.05,          2.57
        6,          3,    4,          4.62,          3.31,       3.59,      35.90,    118.66,          3.05
        6,          3,    5,          5.14,          3.31,       3.82,      38.19,    126.21,          3.19
        6,          3,    6,          5.50,          3.31,       4.01,      40.04,    132.34,          3.26
        6,          3,    7,          5.73,          3.30,       4.15,      41.49,    137.12,          3.30
        6,          4,    1,         -0.99,          3.31,       2.24,      22.35,     73.92,          1.59
        6,          4,    2,          2.83,          3.31,       3.08,      30.76,    101.72,          2.46
        6,          4,    3,          4.11,          3.31,       3.57,      35.73,    118.13,          2.73
        6,          4,    4,          5.26,          3.31,       3.90,      39.03,    129.00,          3.19
        6,          4,    5,          5.74,          3.31,       4.13,      41.34,    136.62,          3.32
        6,          4,    6,          6.07,          3.30,       4.32,      43.18,    142.69,          3.40
        6,          4,    7,          6.31,          3.30,       4.49,      44.83,    148.16,          3.44
        7,          1,    1,         -2.67,          3.31,       1.82,      18.24,     60.31,          1.48
        7,          1,    2,          1.06,          3.31,       2.40,      24.02,     79.46,          2.30
        7,          1,    3,          2.42,          3.31,       2.74,      27.35,     90.44,          2.62
        7,          1,    4,          2.92,          3.31,       2.97,      29.75,     98.38,          2.62
        7,          1,    5,          3.85,          3.31,       3.19,      31.92,    105.54,          2.97
        7,          1,    6,          4.27,          3.31,       3.37,      33.66,    111.30,          3.05
        7,          1,    7,          4.63,          3.31,       3.54,      35.42,    117.10,          3.11
        7,          2,    1,         -1.62,          3.31,       2.00,      19.98,     66.10,          1.63
        7,          2,    2,          2.20,          3.31,       2.69,      26.91,     88.98,          2.55
        7,          2,    3,          3.78,          3.31,       3.12,      31.15,    103.00,          3.02
        7,          2,    4,          4.69,          3.31,       3.43,      34.30,    113.39,          3.29
        7,          2,    5,          5.29,          3.31,       3.69,      36.92,    122.05,          3.44
        7,          2,    6,          5.42,          3.31,       3.90,      39.05,    129.06,          3.31
        7,          2,    7,          6.05,          3.31,       4.08,      40.78,    134.75,          3.63
        7,          3,    1,         -0.77,          3.31,       2.18,      21.76,     71.98,          1.74
        7,          3,    2,          3.15,          3.31,       2.99,      29.93,     98.97,          2.74
        7,          3,    3,          4.77,          3.31,       3.49,      34.92,    115.43,          3.27
        7,          3,    4,          5.69,          3.31,       3.85,      38.49,    127.22,          3.58
        7,          3,    5,          6.22,          3.30,       4.10,      40.98,    135.44,          3.75
        7,          3,    6,          6.58,          3.30,       4.30,      42.96,    141.97,          3.85
        7,          3,    7,          6.79,          3.30,       4.45,      44.52,    147.10,          3.87
        7,          4,    1,         -0.38,          3.31,       2.36,      23.56,     77.92,          1.69
        7,          4,    2,          3.46,          3.31,       3.29,      32.85,    108.61,          2.62
        7,          4,    3,          5.48,          3.31,       3.84,      38.39,    126.88,          3.43
        7,          4,    4,          6.34,          3.30,       4.20,      41.97,    138.71,          3.74
        7,          4,    5,          6.83,          3.30,       4.45,      44.48,    147.00,          3.91
        7,          4,    6,          7.17,          3.30,       4.65,      46.53,    153.76,          4.00
        7,          4,    7,          7.41,          3.30,       4.83,      48.25,    159.42,          4.06
        8,          1,    1,         -1.95,          3.31,       1.89,      18.87,     62.43,          1.66
        8,          1,    2,          1.72,          3.31,       2.52,      25.23,     83.43,          2.50
        8,          1,    3,          3.02,          3.31,       2.89,      28.87,     95.48,          2.80
        8,          1,    4,          4.17,          3.31,       3.14,      31.34,    103.63,          3.27
        8,          1,    5,          4.77,          3.31,       3.37,      33.64,    111.23,          3.43
        8,          1,    6,          5.18,          3.31,       3.56,      35.55,    117.53,          3.52
        8,          1,    7,          5.55,          3.31,       3.74,      37.40,    123.63,          3.60
        8,          2,    1,         -0.87,          3.31,       2.07,      20.71,     68.49,          1.83
        8,          2,    2,          3.08,          3.31,       2.83,      28.34,     93.73,          2.91
        8,          2,    3,          4.68,          3.31,       3.30,      33.01,    109.13,          3.45
        8,          2,    4,          5.57,          3.31,       3.64,      36.40,    120.33,          3.74
        8,          2,    5,          6.02,          3.31,       3.92,      39.21,    129.60,          3.78
        8,          2,    6,          6.31,          3.31,       4.15,      41.50,    137.18,          3.77
        8,          2,    7,          6.99,          3.30,       4.34,      43.34,    143.26,          4.19
        8,          3,    1,         -0.01,          3.31,       2.26,      22.62,     74.81,          1.96
        8,          3,    2,          4.03,          3.31,       3.16,      31.58,    104.41,          3.14
        8,          3,    3,          5.69,          3.31,       3.71,      37.07,    122.56,          3.76
        8,          3,    4,          6.62,          3.31,       4.10,      40.96,    135.38,          4.11
        8,          3,    5,          7.17,          3.30,       4.37,      43.73,    144.52,          4.32
        8,          3,    6,          7.51,          3.30,       4.59,      45.92,    151.74,          4.41
        8,          3,    7,          7.44,          3.30,       4.75,      47.54,    157.07,          4.16
        8,          4,    1,          0.29,          3.31,       2.46,      24.56,     81.25,          1.86
        8,          4,    2,          4.75,          3.31,       3.47,      34.72,    114.76,          3.28
        8,          4,    3,          6.42,          3.31,       4.09,      40.84,    135.00,          3.94
        8,          4,    4,          7.29,          3.30,       4.49,      44.84,    148.18,          4.30
        8,          4,    5,          7.79,          3.30,       4.76,      47.61,    157.33,          4.50
        8,          4,    6,          8.13,          3.30,       4.97,      49.73,    164.31,          4.62
        8,          4,    7,          8.35,          3.30,       5.16,      51.63,    170.61,          4.65
        9,          1,    1,         -1.50,          3.31,       1.95,      19.49,     64.48,          1.75
        9,          1,    2,          2.79,          3.31,       2.65,      26.54,     87.77,          2.98
        9,          1,    3,          4.30,          3.31,       3.05,      30.45,    100.69,          3.50
        9,          1,    4,          5.08,          3.31,       3.32,      33.20,    109.75,          3.76
        9,          1,    5,          5.69,          3.31,       3.57,      35.65,    117.86,          3.95
        9,          1,    6,          6.11,          3.31,       3.77,      37.65,    124.46,          4.06
        9,          1,    7,          6.48,          3.31,       3.97,      39.66,    131.07,          4.15
        9,          2,    1,         -0.12,          3.31,       2.15,      21.46,     70.99,          2.07
        9,          2,    2,          3.95,          3.31,       2.99,      29.83,     98.62,          3.32
        9,          2,    3,          5.35,          3.31,       3.49,      34.92,    115.43,          3.74
        9,          2,    4,          6.54,          3.31,       3.86,      38.65,    127.74,          4.34
        9,          2,    5,          7.19,          3.30,       4.18,      41.77,    138.06,          4.58
        9,          2,    6,          7.63,          3.30,       4.42,      44.18,    146.00,          4.75
        9,          2,    7,          7.96,          3.30,       4.63,      46.25,    152.84,          4.85
        9,          3,    1,          0.76,          3.31,       2.35,      23.48,     77.65,          2.22
        9,          3,    2,          4.93,          3.31,       3.33,      33.35,    110.26,          3.60
        9,          3,    3,          6.64,          3.30,       3.94,      39.42,    130.27,          4.33
        9,          3,    4,          7.58,          3.30,       4.37,      43.70,    144.39,          4.75
        9,          3,    5,          8.15,          3.30,       4.68,      46.78,    154.57,          5.00
        9,          3,    6,          8.53,          3.30,       4.91,      49.11,    162.27,          5.15
        9,          3,    7,          8.76,          3.30,       5.10,      50.98,    168.43,          5.19
        9,          4,    1,          1.31,          3.31,       2.56,      25.54,     84.48,          2.23
        9,          4,    2,          5.32,          3.31,       3.68,      36.78,    121.58,          3.48
        9,          4,    3,          7.37,          3.30,       4.36,      43.58,    144.01,          4.55
        9,          4,    4,          8.27,          3.30,       4.79,      47.92,    158.34,          4.99
        9,          4,    5,          8.79,          3.30,       5.10,      51.03,    168.63,          5.23
        9,          4,    6,          9.13,          3.30,       5.34,      53.44,    176.57,          5.37
        9,          4,    7,          9.38,          3.30,       5.55,      55.45,    183.21,          5.44
       10,          1,    1,         -0.56,          3.31,       2.00,      19.99,     66.14,          2.08
       10,          1,    2,          3.49,          3.31,       2.76,      27.64,     91.42,          3.31
       10,          1,    3,          4.78,          3.31,       3.20,      31.99,    105.77,          3.68
       10,          1,    4,          5.91,          3.31,       3.48,      34.82,    115.11,          4.28
       10,          1,    5,          6.52,          3.31,       3.75,      37.46,    123.82,          4.49
       10,          1,    6,          6.93,          3.31,       3.96,      39.62,    130.94,          4.61
       10,          1,    7,          7.31,          3.30,       4.18,      41.75,    137.99,          4.72
       10,          2,    1,          0.55,          3.31,       2.20,      22.01,     72.78,          2.33
       10,          2,    2,          4.73,          3.31,       3.11,      31.15,    103.01,          3.76
       10,          2,    3,          6.41,          3.31,       3.67,      36.73,    121.41,          4.49
       10,          2,    4,          7.09,          3.31,       4.07,      40.72,    134.57,          4.63
       10,          2,    5,          8.02,          3.30,       4.41,      44.12,    145.79,          5.21
       10,          2,    6,          8.47,          3.30,       4.68,      46.77,    154.55,          5.39
       10,          2,    7,          8.81,          3.30,       4.90,      48.99,    161.88,          5.52
       10,          3,    1,          1.44,          3.31,       2.41,      24.14,     79.85,          2.49
       10,          3,    2,          5.70,          3.31,       3.49,      34.90,    115.38,          4.06
       10,          3,    3,          7.46,          3.30,       4.17,      41.65,    137.64,          4.90
       10,          3,    4,          8.42,          3.30,       4.63,      46.28,    152.93,          5.39
       10,          3,    5,          8.96,          3.30,       4.97,      49.70,    164.23,          5.61
       10,          3,    6,          9.07,          3.30,       5.23,      52.28,    172.73,          5.43
       10,          3,    7,          9.28,          3.30,       5.43,      54.27,    179.30,          5.46
       10,          4,    1,          2.13,          3.31,       2.63,      26.35,     87.16,          2.58
       10,          4,    2,          6.45,          3.31,       3.86,      38.60,    127.57,          4.25
       10,          4,    3,          8.21,          3.30,       4.62,      46.16,    152.52,          5.15
       10,          4,    4,          9.13,          3.30,       5.10,      50.99,    168.48,          5.66
       10,          4,    5,          9.68,          3.30,       5.45,      54.47,    179.98,          5.95
       10,          4,    6,         10.03,          3.30,       5.70,      57.04,    188.46,          6.12
       10,          4,    7,         10.28,          3.30,       5.92,      59.25,    195.77,          6.20
       11,          1,    1,         -0.24,          3.31,       2.03,      20.33,     67.24,          2.18
       11,          1,    2,          4.27,          3.31,       2.87,      28.73,     94.99,          3.77
       11,          1,    3,          5.88,          3.31,       3.34,      33.42,    110.48,          4.48
       11,          1,    4,          6.70,          3.31,       3.65,      36.55,    120.81,          4.83
       11,          1,    5,          7.31,          3.31,       3.94,      39.36,    130.07,          5.08
       11,          1,    6,          7.73,          3.31,       4.17,      41.66,    137.68,          5.21
       11,          1,    7,          8.05,          3.30,       4.39,      43.85,    144.90,          5.28
       11,          2,    1,          0.93,          3.31,       2.25,      22.50,     74.43,          2.46
       11,          2,    2,          5.06,          3.31,       3.25,      32.48,    107.39,          3.85
       11,          2,    3,          7.17,          3.31,       3.85,      38.53,    127.34,          5.05
       11,          2,    4,          8.13,          3.30,       4.28,      42.84,    141.56,          5.54
       11,          2,    5,          8.81,          3.30,       4.65,      46.53,    153.77,          5.87
       11,          2,    6,          9.28,          3.30,       4.94,      49.38,    163.16,          6.08
       11,          2,    7,          9.63,          3.30,       5.18,      51.86,    171.33,          6.23
       11,          3,    1,          2.05,          3.31,       2.48,      24.78,     81.98,          2.76
       11,          3,    2,          6.19,          3.31,       3.64,      36.43,    120.43,          4.31
       11,          3,    3,          7.86,          3.30,       4.38,      43.77,    144.65,          5.07
       11,          3,    4,          9.22,          3.30,       4.89,      48.90,    161.57,          6.07
       11,          3,    5,          9.84,          3.30,       5.28,      52.75,    174.30,          6.41
       11,          3,    6,         10.24,          3.30,       5.56,      55.62,    183.75,          6.62
       11,          3,    7,         10.52,          3.30,       5.78,      57.81,    191.01,          6.74
       11,          4,    1,          2.74,          3.31,       2.70,      26.98,     89.24,          2.88
       11,          4,    2,          7.16,          3.30,       4.04,      40.38,    133.47,          4.75
       11,          4,    3,          8.99,          3.30,       4.88,      48.74,    161.06,          5.78
       11,          4,    4,          9.73,          3.30,       5.42,      54.22,    179.14,          6.05
       11,          4,    5,         10.15,          3.30,       5.81,      58.11,    192.00,          6.16
       11,          4,    6,         10.89,          3.30,       6.09,      60.90,    201.20,          6.92
       11,          4,    7,         11.15,          3.30,       6.33,      63.24,    208.91,          7.04
       12,          1,    1,          0.63,          3.31,       2.07,      20.73,     68.55,          2.60
       12,          1,    2,          4.98,          3.31,       2.99,      29.87,     98.80,          4.21
       12,          1,    3,          6.67,          3.31,       3.51,      35.13,    116.13,          5.05
       12,          1,    4,          7.51,          3.31,       3.85,      38.50,    127.25,          5.47
       12,          1,    5,          8.12,          3.30,       4.16,      41.61,    137.50,          5.72
       12,          1,    6,          8.24,          3.30,       4.40,      43.95,    145.26,          5.50
       12,          1,    7,          8.95,          3.30,       4.64,      46.35,    153.14,          6.09
       12,          2,    1,          1.76,          3.31,       2.30,      23.01,     76.10,          2.88
       12,          2,    2,          6.14,          3.31,       3.38,      33.79,    111.71,          4.69
       12,          2,    3,          7.95,          3.30,       4.06,      40.55,    133.99,          5.67
       12,          2,    4,          8.94,          3.30,       4.53,      45.29,    149.66,          6.23
       12,          2,    5,          9.64,          3.30,       4.93,      49.25,    162.75,          6.63
       12,          2,    6,         10.08,          3.30,       5.24,      52.41,    173.16,          6.83
       12,          2,    7,         10.16,          3.30,       5.52,      55.17,    182.28,          6.55
       12,          3,    1,          2.29,          3.31,       2.53,      25.29,     83.66,          2.84
       12,          3,    2,          7.11,          3.31,       3.81,      38.06,    125.79,          5.05
       12,          3,    3,          9.01,          3.30,       4.62,      46.21,    152.70,          6.18
       12,          3,    4,         10.03,          3.30,       5.19,      51.88,    171.43,          6.83
       12,          3,    5,         10.69,          3.30,       5.62,      56.20,    185.68,          7.25
       12,          3,    6,         11.11,          3.30,       5.95,      59.45,    196.41,          7.49
       12,          3,    7,         11.38,          3.30,       6.19,      61.93,    204.61,          7.61
       12,          4,    1,          2.95,          3.31,       2.76,      27.59,     91.25,          2.93
       12,          4,    2,          7.86,          3.30,       4.23,      42.28,    139.72,          5.28
       12,          4,    3,          9.80,          3.30,       5.17,      51.65,    170.65,          6.51
       12,          4,    4,         10.80,          3.30,       5.78,      57.80,    190.97,          7.20
       12,          4,    5,         11.40,          3.30,       6.23,      62.25,    205.68,          7.60
       12,          4,    6,         11.78,          3.30,       6.53,      65.34,    215.88,          7.86
       12,          4,    7,         12.05,          3.30,       6.78,      67.81,    224.06,          8.02
       13,          1,    1,          1.19,          3.31,       2.12,      21.20,     70.12,          2.86
       13,          1,    2,          5.57,          3.31,       3.11,      31.10,    102.83,          4.58
       13,          1,    3,          7.13,          3.31,       3.71,      37.06,    122.53,          5.25
       13,          1,    4,          8.36,          3.30,       4.08,      40.78,    134.76,          6.20
       13,          1,    5,          9.02,          3.30,       4.41,      44.07,    145.66,          6.56
       13,          1,    6,          9.46,          3.30,       4.67,      46.70,    154.32,          6.78
       13,          1,    7,          9.85,          3.30,       4.93,      49.25,    162.73,          6.97
       13,          2,    1,          2.32,          3.31,       2.34,      23.46,     77.59,          3.19
       13,          2,    2,          6.77,          3.31,       3.53,      35.26,    116.57,          5.14
       13,          2,    3,          8.41,          3.30,       4.28,      42.85,    141.60,          5.91
       13,          2,    4,          9.79,          3.30,       4.80,      47.97,    158.50,          7.08
       13,          2,    5,         10.52,          3.30,       5.25,      52.47,    173.38,          7.55
       13,          2,    6,         11.01,          3.30,       5.60,      55.96,    184.90,          7.85
       13,          2,    7,         11.40,          3.30,       5.90,      59.04,    195.04,          8.07
       13,          3,    1,          3.21,          3.31,       2.59,      25.83,     85.41,          3.41
       13,          3,    2,          7.79,          3.31,       3.97,      39.73,    131.34,          5.61
       13,          3,    3,          9.56,          3.30,       4.89,      48.92,    161.66,          6.57
       13,          3,    4,         10.52,          3.30,       5.53,      55.31,    182.74,          7.10
       13,          3,    5,         11.59,          3.30,       6.03,      60.28,    199.15,          8.24
       13,          3,    6,         12.04,          3.30,       6.39,      63.89,    211.10,          8.56
       13,          3,    7,         12.35,          3.30,       6.66,      66.64,    220.15,          8.77
       13,          4,    1,          3.88,          3.31,       2.82,      28.21,     93.30,          3.53
       13,          4,    2,          8.54,          3.30,       4.42,      44.17,    145.96,          5.86
       13,          4,    3,         10.61,          3.30,       5.49,      54.90,    181.39,          7.31
       13,          4,    4,         11.47,          3.30,       6.20,      61.98,    204.76,          7.76
       13,          4,    5,         11.96,          3.30,       6.70,      66.97,    221.27,          7.96
       13,          4,    6,         12.74,          3.30,       7.05,      70.50,    232.90,          8.99
       13,          4,    7,         13.02,          3.30,       7.33,      73.30,    242.13,          9.20
       14,          1,    1,          1.63,          3.31,       2.15,      21.50,     71.10,          3.10
       14,          1,    2,          6.23,          3.31,       3.22,      32.22,    106.52,          5.09
       14,          1,    3,          8.16,          3.31,       3.89,      38.87,    128.49,          6.28
       14,          1,    4,          9.01,          3.30,       4.30,      42.96,    141.99,          6.76
       14,          1,    5,          9.45,          3.30,       4.65,      46.53,    153.77,          6.80
       14,          1,    6,         10.21,          3.30,       4.93,      49.31,    162.91,          7.57
       14,          1,    7,         10.62,          3.30,       5.21,      52.09,    172.12,          7.80
       14,          2,    1,          2.74,          3.31,       2.38,      23.83,     78.82,          3.43
       14,          2,    2,          7.39,          3.31,       3.65,      36.50,    120.67,          5.68
       14,          2,    3,          9.44,          3.30,       4.50,      44.96,    148.58,          7.06
       14,          2,    4,         10.51,          3.30,       5.06,      50.58,    167.13,          7.86
       14,          2,    5,         11.24,          3.30,       5.55,      55.51,    183.42,          8.36
       14,          2,    6,         11.56,          3.30,       5.93,      59.35,    196.08,          8.32
       14,          2,    7,         11.81,          3.30,       6.27,      62.70,    207.15,          8.30
       14,          3,    1,          3.22,          3.31,       2.63,      26.27,     86.88,          3.34
       14,          3,    2,          8.34,          3.30,       4.11,      41.11,    135.88,          6.10
       14,          3,    3,         10.49,          3.30,       5.14,      51.39,    169.79,          7.68
       14,          3,    4,         11.62,          3.30,       5.85,      58.52,    193.36,          8.58
       14,          3,    5,         12.37,          3.30,       6.40,      63.99,    211.43,          9.22
       14,          3,    6,         12.85,          3.30,       6.80,      67.94,    224.45,          9.62
       14,          3,    7,         13.18,          3.30,       7.09,      70.96,    234.41,          9.90
       14,          4,    1,          4.22,          3.31,       2.87,      28.71,     94.94,          3.73
       14,          4,    2,          8.97,          3.30,       4.58,      45.76,    151.23,          6.20
       14,          4,    3,         10.94,          3.30,       5.78,      57.77,    190.88,          7.45
       14,          4,    4,         12.43,          3.30,       6.57,      65.70,    217.08,          9.07
       14,          4,    5,         13.14,          3.30,       7.13,      71.32,    235.61,          9.74
       14,          4,    6,         13.57,          3.30,       7.50,      75.04,    247.89,         10.16
       14,          4,    7,         13.87,          3.30,       7.79,      77.91,    257.31,         10.45
       15,          1,    1,          1.90,          3.31,       2.18,      21.78,     72.04,          3.24
       15,          1,    2,          6.70,          3.31,       3.32,      33.16,    109.63,          5.48
       15,          1,    3,          8.78,          3.31,       4.07,      40.65,    134.36,          6.86
       15,          1,    4,          9.52,          3.30,       4.52,      45.19,    149.34,          7.16
       15,          1,    5,         10.10,          3.30,       4.90,      49.01,    161.94,          7.43
       15,          1,    6,         10.92,          3.30,       5.20,      52.01,    171.85,          8.38
       15,          1,    7,         11.35,          3.30,       5.49,      54.94,    181.51,          8.67
       15,          2,    1,          2.98,          3.31,       2.42,      24.16,     79.92,          3.56
       15,          2,    2,          7.85,          3.31,       3.76,      37.58,    124.23,          6.10
       15,          2,    3,         10.05,          3.30,       4.70,      46.96,    155.16,          7.72
       15,          2,    4,         11.15,          3.30,       5.32,      53.17,    175.69,          8.61
       15,          2,    5,         11.67,          3.30,       5.85,      58.50,    193.30,          8.68
       15,          2,    6,         12.16,          3.30,       6.25,      62.48,    206.44,          9.03
       15,          2,    7,         12.97,          3.30,       6.59,      65.91,    217.77,         10.24
       15,          3,    1,          3.81,          3.31,       2.67,      26.68,     88.23,          3.75
       15,          3,    2,          8.79,          3.30,       4.23,      42.32,    139.87,          6.54
       15,          3,    3,         11.09,          3.30,       5.37,      53.73,    177.54,          8.38
       15,          3,    4,         12.30,          3.30,       6.15,      61.49,    203.15,          9.49
       15,          3,    5,         13.11,          3.30,       6.73,      67.26,    222.23,         10.33
       15,          3,    6,         13.32,          3.30,       7.13,      71.23,    235.33,         10.16
       15,          3,    7,         13.97,          3.30,       7.43,      74.24,    245.24,         11.28
       15,          4,    1,          4.42,          3.31,       2.91,      29.10,     96.25,          3.83
       15,          4,    2,          9.51,          3.30,       4.70,      47.02,    155.38,          6.80
       15,          4,    3,         11.90,          3.30,       6.05,      60.51,    199.93,          8.80
       15,          4,    4,         13.15,          3.30,       6.91,      69.07,    228.20,         10.11
       15,          4,    5,         13.92,          3.30,       7.49,      74.89,    247.38,         11.05
       15,          4,    6,         14.39,          3.30,       7.89,      78.86,    260.44,         11.62
       15,          4,    7,         14.71,          3.30,       8.19,      81.90,    270.41,         12.02
       16,          1,    1,          2.08,          3.31,       2.21,      22.08,     73.03,          3.31
       16,          1,    2,          6.87,          3.31,       3.40,      33.99,    112.37,          5.52
       16,          1,    3,          9.41,          3.30,       4.25,      42.54,    140.59,          7.50
       16,          1,    4,         10.47,          3.30,       4.75,      47.53,    157.07,          8.40
       16,          1,    5,         11.21,          3.30,       5.16,      51.56,    170.36,          9.06
       16,          1,    6,         11.71,          3.30,       5.46,      54.56,    180.27,          9.50
       16,          1,    7,         12.16,          3.30,       5.76,      57.60,    190.33,          9.90
       16,          2,    1,          3.16,          3.31,       2.45,      24.50,     81.01,          3.65
       16,          2,    2,          8.19,          3.31,       3.87,      38.65,    127.75,          6.36
       16,          2,    3,         10.32,          3.30,       4.91,      49.09,    162.20,          7.80
       16,          2,    4,         11.91,          3.30,       5.58,      55.76,    184.22,          9.71
       16,          2,    5,         12.79,          3.30,       6.12,      61.20,    202.22,         10.69
       16,          2,    6,         13.37,          3.30,       6.53,      65.28,    215.68,         11.34
       16,          2,    7,         13.82,          3.30,       6.88,      68.78,    227.26,         11.86
       16,          3,    1,          3.99,          3.31,       2.70,      27.01,     89.33,          3.84
       16,          3,    2,          9.18,          3.30,       4.34,      43.45,    143.59,          6.94
       16,          3,    3,         11.40,          3.30,       5.61,      56.05,    185.19,          8.57
       16,          3,    4,         13.09,          3.30,       6.42,      64.23,    212.21,         10.82
       16,          3,    5,         13.96,          3.30,       7.03,      70.27,    232.14,         11.97
       16,          3,    6,         14.49,          3.30,       7.45,      74.44,    245.89,         12.70
       16,          3,    7,         14.86,          3.30,       7.77,      77.70,    256.65,         13.17
       16,          4,    1,          4.60,          3.31,       2.95,      29.48,     97.50,          3.93
       16,          4,    2,          9.89,          3.30,       4.82,      48.20,    159.27,          7.22
       16,          4,    3,         12.52,          3.30,       6.30,      63.00,    208.16,          9.72
       16,          4,    4,         13.66,          3.30,       7.23,      72.30,    238.82,         10.82
       16,          4,    5,         14.85,          3.30,       7.88,      78.83,    260.35,         12.92
       16,          4,    6,         15.34,          3.30,       8.31,      83.09,    274.35,         13.67
       16,          4,    7,         15.69,          3.30,       8.65,      86.50,    285.57,         14.17
       17,          1,    1,          2.24,          3.31,       2.23,      22.32,     73.83,          3.39
       17,          1,    2,          7.48,          3.31,       3.47,      34.71,    114.77,          6.19
       17,          1,    3,          9.99,          3.30,       4.40,      44.02,    145.49,          8.24
       17,          1,    4,         11.19,          3.30,       4.93,      49.26,    162.79,          9.52
       17,          1,    5,         11.99,          3.30,       5.35,      53.47,    176.68,         10.39
       17,          1,    6,         12.44,          3.30,       5.66,      56.61,    187.04,         10.79
       17,          1,    7,         12.68,          3.30,       5.97,      59.72,    197.32,         10.71
       17,          2,    1,          2.96,          3.31,       2.48,      24.82,     82.08,          3.43
       17,          2,    2,          8.62,          3.31,       3.95,      39.49,    130.53,          6.85
       17,          2,    3,         11.32,          3.30,       5.07,      50.68,    167.44,          9.47
       17,          2,    4,         12.70,          3.30,       5.78,      57.77,    190.87,         11.17
       17,          2,    5,         13.61,          3.30,       6.35,      63.52,    209.87,         12.38
       17,          2,    6,         14.20,          3.30,       6.77,      67.73,    223.74,         13.18
       17,          2,    7,         14.65,          3.30,       7.14,      71.38,    235.81,         13.81
       17,          3,    1,          4.05,          3.31,       2.73,      27.34,     90.41,          3.84
       17,          3,    2,          9.19,          3.30,       4.43,      44.30,    146.41,          6.79
       17,          3,    3,         12.41,          3.30,       5.78,      57.81,    190.99,         10.45
       17,          3,    4,         13.91,          3.30,       6.67,      66.69,    220.34,         12.56
       17,          3,    5,         14.84,          3.30,       7.33,      73.30,    242.15,         13.99
       17,          3,    6,         15.40,          3.30,       7.79,      77.92,    257.34,         14.86
       17,          3,    7,         15.78,          3.30,       8.15,      81.52,    269.21,         15.44
       17,          4,    1,          4.75,          3.31,       2.98,      29.83,     98.66,          4.01
       17,          4,    2,         10.19,          3.30,       4.91,      49.13,    162.33,          7.56
       17,          4,    3,         13.12,          3.30,       6.50,      64.97,    214.64,         10.77
       17,          4,    4,         14.50,          3.30,       7.54,      75.42,    249.13,         12.54
       17,          4,    5,         15.77,          3.30,       8.28,      82.83,    273.47,         15.16
       17,          4,    6,         16.29,          3.30,       8.76,      87.60,    289.20,         16.06
       17,          4,    7,         16.64,          3.30,       9.14,      91.37,    301.56,         16.65
       18,          1,    1,          2.40,          3.31,       2.26,      22.56,     74.62,          3.47
       18,          1,    2,          7.89,          3.31,       3.54,      35.40,    117.04,          6.66
       18,          1,    3,         10.82,          3.30,       4.52,      45.25,    149.51,          9.67
       18,          1,    4,         12.13,          3.30,       5.10,      50.99,    168.49,         11.35
       18,          1,    5,         12.94,          3.30,       5.56,      55.57,    183.62,         12.37
       18,          1,    6,         13.24,          3.30,       5.89,      58.95,    194.79,         12.40
       18,          1,    7,         13.95,          3.30,       6.23,      62.27,    205.72,         13.70
       18,          2,    1,          3.48,          3.31,       2.51,      25.10,     83.01,          3.80
       18,          2,    2,          9.12,          3.31,       4.02,      40.18,    132.81,          7.53
       18,          2,    3,         12.19,          3.30,       5.22,      52.21,    172.50,         11.17
       18,          2,    4,         13.67,          3.30,       6.01,      60.11,    198.60,         13.37
       18,          2,    5,         14.63,          3.30,       6.64,      66.40,    219.36,         14.89
       18,          2,    6,         15.24,          3.30,       7.10,      71.01,    234.58,         15.89
       18,          2,    7,         15.67,          3.30,       7.51,      75.10,    248.09,         16.51
       18,          3,    1,          3.99,          3.31,       2.76,      27.65,     91.44,          3.74
       18,          3,    2,         10.06,          3.30,       4.51,      45.10,    149.03,          8.12
       18,          3,    3,         13.29,          3.30,       5.96,      59.61,    196.95,         12.36
       18,          3,    4,         14.92,          3.30,       6.97,      69.67,    230.17,         15.08
       18,          3,    5,         15.91,          3.30,       7.74,      77.35,    255.46,         16.87
       18,          3,    6,         16.49,          3.30,       8.27,      82.64,    272.89,         17.94
       18,          3,    7,         16.89,          3.30,       8.67,      86.70,    286.21,         18.67
       18,          4,    1,          4.90,          3.31,       3.02,      30.11,     99.59,          4.11
       18,          4,    2,         10.49,          3.30,       5.00,      49.96,    165.09,          7.96
       18,          4,    3,         13.73,          3.30,       6.70,      67.01,    221.41,         11.98
       18,          4,    4,         15.84,          3.30,       7.92,      79.18,    261.49,         16.19
       18,          4,    5,         16.84,          3.30,       8.78,      87.80,    289.83,         18.19
       18,          4,    6,         17.38,          3.30,       9.34,      93.38,    308.18,         19.29
       18,          4,    7,         17.75,          3.30,       9.77,      97.65,    322.25,         20.02
       19,          1,    1,          2.61,          3.31,       2.28,      22.78,     75.35,          3.61
       19,          1,    2,          8.65,          3.31,       3.57,      35.74,    118.16,          7.84
       19,          1,    3,         11.46,          3.30,       4.63,      46.27,    152.89,         10.91
       19,          1,    4,         13.12,          3.30,       5.29,      52.91,    174.83,         13.67
       19,          1,    5,         14.01,          3.30,       5.81,      58.04,    191.76,         15.08
       19,          1,    6,         14.56,          3.30,       6.19,      61.90,    204.51,         15.90
       19,          1,    7,         15.04,          3.30,       6.55,      65.50,    216.41,         16.65
       19,          2,    1,          3.75,          3.31,       2.53,      25.36,     83.87,          4.00
       19,          2,    2,          9.89,          3.31,       4.07,      40.66,    134.40,          8.88
       19,          2,    3,         13.05,          3.30,       5.36,      53.60,    177.11,         13.22
       19,          2,    4,         14.37,          3.30,       6.27,      62.72,    207.23,         14.97
       19,          2,    5,         15.70,          3.30,       6.99,      69.84,    230.74,         18.01
       19,          2,    6,         16.33,          3.30,       7.51,      75.13,    248.15,         19.23
       19,          2,    7,         16.83,          3.30,       7.98,      79.81,    263.57,         20.16
       19,          3,    1,          4.61,          3.31,       2.79,      27.92,     92.32,          4.26
       19,          3,    2,         10.84,          3.30,       4.57,      45.68,    150.96,          9.58
       19,          3,    3,         14.10,          3.30,       6.12,      61.17,    202.11,         14.49
       19,          3,    4,         15.86,          3.30,       7.28,      72.76,    240.37,         17.85
       19,          3,    5,         16.93,          3.30,       8.18,      81.76,    269.95,         20.09
       19,          3,    6,         17.31,          3.30,       8.78,      87.78,    289.77,         20.27
       19,          3,    7,         17.63,          3.30,       9.26,      92.54,    305.43,         20.61
       19,          4,    1,          4.86,          3.31,       3.04,      30.43,    100.61,          4.02
       19,          4,    2,         11.51,          3.30,       5.07,      50.66,    167.39,          9.91
       19,          4,    3,         14.83,          3.30,       6.87,      68.69,    226.95,         15.01
       19,          4,    4,         16.68,          3.30,       8.25,      82.55,    272.56,         18.79
       19,          4,    5,         17.81,          3.30,       9.30,      93.00,    306.92,         21.36
       19,          4,    6,         18.41,          3.30,       9.96,      99.57,    328.58,         22.82
       19,          4,    7,         18.81,          3.30,      10.46,     104.58,    345.13,         23.74
       20,          1,    1,          3.23,          3.31,       2.30,      22.96,     75.94,          4.11
       20,          1,    2,          9.42,          3.31,       3.62,      36.19,    119.64,          9.22
       20,          1,    3,         12.43,          3.30,       4.74,      47.43,    156.71,         13.25
       20,          1,    4,         13.97,          3.30,       5.53,      55.27,    182.61,         15.82
       20,          1,    5,         14.93,          3.30,       6.12,      61.17,    202.10,         17.57
       20,          1,    6,         15.51,          3.30,       6.54,      65.39,    216.06,         18.58
       20,          1,    7,         15.98,          3.30,       6.93,      69.26,    228.81,         19.45
       20,          2,    1,          4.78,          3.31,       2.56,      25.57,     84.57,          5.03
       20,          2,    2,         10.45,          3.31,       4.12,      41.25,    136.33,          9.93
       20,          2,    3,         13.43,          3.30,       5.50,      55.01,    181.76,         14.02
       20,          2,    4,         15.51,          3.30,       6.55,      65.45,    216.24,         18.56
       20,          2,    5,         16.61,          3.30,       7.37,      73.65,    243.29,         20.96
       20,          2,    6,         17.27,          3.30,       7.95,      79.56,    262.76,         22.41
       20,          2,    7,         17.78,          3.30,       8.47,      84.67,    279.54,         23.54
       20,          3,    1,          5.67,          3.31,       2.82,      28.21,     93.27,          5.38
       20,          3,    2,         11.63,          3.30,       4.64,      46.37,    153.26,         11.32
       20,          3,    3,         14.79,          3.30,       6.27,      62.67,    207.07,         16.53
       20,          3,    4,         16.50,          3.30,       7.56,      75.58,    249.66,         19.84
       20,          3,    5,         17.46,          3.30,       8.61,      86.07,    284.13,         21.49
       20,          3,    6,         18.49,          3.30,       9.32,      93.17,    307.51,         24.95
       20,          3,    7,         18.94,          3.30,       9.86,      98.60,    325.37,         26.08
       20,          4,    1,          6.26,          3.31,       3.07,      30.72,    101.56,          5.49
       20,          4,    2,         12.24,          3.30,       5.14,      51.42,    169.92,         11.52
       20,          4,    3,         15.45,          3.30,       7.02,      70.14,    231.72,         16.92
       20,          4,    4,         17.36,          3.30,       8.54,      85.43,    282.03,         21.16
       20,          4,    5,         18.38,          3.30,       9.78,      97.82,    322.81,         23.11
       20,          4,    6,         18.93,          3.30,      10.58,     105.78,    349.08,         24.09
       20,          4,    7,         19.73,          3.30,      11.16,     111.57,    368.15,         27.38
       21,          1,    1,          4.34,          3.31,       2.32,      23.16,     76.62,          5.26
       21,          1,    2,          9.96,          3.31,       3.67,      36.70,    121.34,         10.28
       21,          1,    3,         12.95,          3.30,       4.85,      48.50,    160.25,         14.57
       21,          1,    4,         14.61,          3.30,       5.73,      57.34,    189.44,         17.58
       21,          1,    5,         15.65,          3.30,       6.41,      64.10,    211.80,         19.66
       21,          1,    6,         15.97,          3.30,       6.87,      68.67,    226.88,         19.57
       21,          1,    7,         16.36,          3.30,       7.28,      72.80,    240.49,         20.06
       21,          2,    1,          5.15,          3.31,       2.58,      25.80,     85.34,          5.42
       21,          2,    2,         11.21,          3.30,       4.19,      41.94,    138.60,         11.62
       21,          2,    3,         14.27,          3.30,       5.62,      56.19,    185.67,         16.61
       21,          2,    4,         16.07,          3.30,       6.77,      67.67,    223.56,         20.37
       21,          2,    5,         17.27,          3.30,       7.70,      77.02,    254.41,         23.24
       21,          2,    6,         17.97,          3.30,       8.36,      83.63,    276.12,         24.95
       21,          2,    7,         18.50,          3.30,       8.92,      89.23,    294.53,         26.25
       21,          3,    1,          6.10,          3.31,       2.85,      28.48,     94.16,          5.87
       21,          3,    2,         12.16,          3.30,       4.71,      47.07,    155.54,         12.58
       21,          3,    3,         15.27,          3.30,       6.40,      63.99,    211.40,         18.04
       21,          3,    4,         17.16,          3.30,       7.78,      77.84,    257.07,         22.38
       21,          3,    5,         18.45,          3.30,       8.98,      89.80,    296.40,         25.79
       21,          3,    6,         19.20,          3.30,       9.81,      98.06,    323.59,         27.84
       21,          3,    7,         19.70,          3.30,      10.44,     104.39,    344.47,         29.21
       21,          4,    1,          7.10,          3.31,       3.10,      31.01,    102.54,          6.61
       21,          4,    2,         12.75,          3.30,       5.22,      52.20,    172.50,         12.75
       21,          4,    3,         15.63,          3.30,       7.15,      71.47,    236.12,         17.29
       21,          4,    4,         17.89,          3.30,       8.77,      87.66,    289.37,         23.25
       21,          4,    5,         19.25,          3.30,      10.19,     101.89,    336.22,         27.04
       21,          4,    6,         20.03,          3.30,      11.16,     111.61,    368.28,         29.34
       21,          4,    7,         20.52,          3.30,      11.85,     118.52,    390.95,         30.80
       22,          1,    1,          4.74,          3.31,       2.34,      23.38,     77.32,          5.72
       22,          1,    2,         10.30,          3.31,       3.72,      37.22,    123.04,         10.95
       22,          1,    3,         13.31,          3.30,       4.95,      49.48,    163.47,         15.51
       22,          1,    4,         15.04,          3.30,       5.91,      59.11,    195.30,         18.78
       22,          1,    5,         15.91,          3.30,       6.68,      66.77,    220.60,         19.94
       22,          1,    6,         16.84,          3.30,       7.17,      71.75,    237.04,         22.82
       22,          1,    7,         17.36,          3.30,       7.63,      76.28,    251.96,         23.99
       22,          2,    1,          6.03,          3.31,       2.61,      26.04,     86.12,          6.58
       22,          2,    2,         11.59,          3.31,       4.25,      42.52,    140.55,         12.50
       22,          2,    3,         14.64,          3.30,       5.73,      57.32,    189.41,         17.71
       22,          2,    4,         16.49,          3.30,       6.96,      69.60,    229.93,         21.77
       22,          2,    5,         17.68,          3.30,       8.04,      80.36,    265.39,         24.39
       22,          2,    6,         18.22,          3.30,       8.78,      87.82,    289.89,         25.06
       22,          2,    7,         19.12,          3.30,       9.42,      94.23,    310.99,         28.59
       22,          3,    1,          7.01,          3.31,       2.87,      28.71,     94.97,          7.18
       22,          3,    2,         12.56,          3.30,       4.78,      47.76,    157.82,         13.56
       22,          3,    3,         15.65,          3.30,       6.54,      65.37,    215.96,         19.22
       22,          3,    4,         17.57,          3.30,       8.02,      80.20,    264.85,         23.80
       22,          3,    5,         18.97,          3.30,       9.38,      93.83,    309.65,         27.69
       22,          3,    6,         19.72,          3.30,      10.37,     103.71,    342.25,         29.55
       22,          3,    7,         20.03,          3.30,      11.15,     111.49,    367.92,         29.37
       22,          4,    1,          7.38,          3.31,       3.13,      31.28,    103.45,          6.97
       22,          4,    2,         13.27,          3.30,       5.30,      53.00,    175.10,         14.15
       22,          4,    3,         16.38,          3.30,       7.30,      72.99,    241.12,         20.13
       22,          4,    4,         18.33,          3.30,       9.03,      90.27,    297.95,         24.93
       22,          4,    5,         19.76,          3.30,      10.64,     106.41,    351.13,         29.02
       22,          4,    6,         20.64,          3.30,      11.83,     118.32,    390.31,         31.75
       22,          4,    7,         21.20,          3.30,      12.70,     127.00,    418.76,         33.48

