[Radio] Initializing ... success!
Connected to RF power monitor: Rohde&Schwarz,FPC1500,1328.6660K03/205785,V1.80
Connected to DC power monitor: radiolib-org,DCpowerMon,070dd3d
setCurrentLimit, code 0

Set [dBm],paDutyCycle,hpMax,Measured [dBm],Bus voltage[V],Voltage[mV],Current[mA],Power [mW],Efficiency [%]
       -9,          1,    1,        -17.47,          3.31,       0.98,       9.78,     32.37,          0.21
       -9,          1,    2,        -14.37,          3.31,       1.13,      11.27,     37.27,          0.27
       -9,          1,    3,        -13.02,          3.31,       1.24,      12.41,     41.05,          0.29
       -9,          1,    4,        -12.18,          3.31,       1.34,      13.39,     44.29,          0.29
       -9,          1,    5,        -11.53,          3.31,       1.44,      14.37,     47.54,          0.30
       -9,          1,    6,        -11.33,          3.31,       1.52,      15.24,     50.43,          0.28
       -9,          1,    7,        -11.01,          3.31,       1.62,      16.13,     53.36,          0.27
       -9,          2,    1,        -16.88,          3.31,       1.01,      10.07,     33.31,          0.21
       -9,          2,    2,        -13.25,          3.31,       1.18,      11.78,     38.95,          0.31
       -9,          2,    3,        -11.79,          3.31,       1.31,      13.11,     43.37,          0.34
       -9,          2,    4,        -10.86,          3.31,       1.43,      14.23,     47.07,          0.35
       -9,          2,    5,        -10.25,          3.31,       1.53,      15.26,     50.48,          0.35
       -9,          2,    6,         -9.81,          3.31,       1.62,      16.16,     53.46,          0.35
       -9,          2,    7,         -9.57,          3.31,       1.70,      16.98,     56.16,          0.34
       -9,          3,    1,        -16.01,          3.31,       1.04,      10.42,     34.46,          0.23
       -9,          3,    2,        -12.38,          3.31,       1.23,      12.34,     40.83,          0.34
       -9,          3,    3,        -10.94,          3.31,       1.38,      13.75,     45.47,          0.37
       -9,          3,    4,        -10.07,          3.31,       1.50,      14.94,     49.43,          0.38
       -9,          3,    5,         -9.58,          3.31,       1.59,      15.91,     52.63,          0.38
       -9,          3,    6,         -9.23,          3.31,       1.68,      16.77,     55.48,          0.38
       -9,          3,    7,         -9.26,          3.31,       1.76,      17.60,     58.22,          0.34
       -9,          4,    1,        -15.44,          3.31,       1.07,      10.73,     35.50,          0.24
       -9,          4,    2,        -11.78,          3.31,       1.29,      12.86,     42.54,          0.35
       -9,          4,    3,        -10.40,          3.31,       1.43,      14.32,     47.38,          0.38
       -9,          4,    4,         -9.61,          3.31,       1.55,      15.51,     51.30,          0.40
       -9,          4,    5,         -9.13,          3.31,       1.65,      16.54,     54.72,          0.39
       -9,          4,    6,         -8.78,          3.31,       1.74,      17.43,     57.65,          0.39
       -9,          4,    7,         -8.49,          3.31,       1.84,      18.38,     60.78,          0.38
       -8,          1,    1,        -16.19,          3.31,       1.01,      10.07,     33.32,          0.25
       -8,          1,    2,        -13.43,          3.31,       1.17,      11.65,     38.54,          0.31
       -8,          1,    3,        -11.78,          3.31,       1.29,      12.89,     42.63,          0.35
       -8,          1,    4,        -10.97,          3.31,       1.39,      13.90,     45.98,          0.36
       -8,          1,    5,        -10.32,          3.31,       1.50,      14.92,     49.36,          0.36
       -8,          1,    6,         -9.85,          3.31,       1.58,      15.85,     52.43,          0.36
       -8,          1,    7,         -9.44,          3.31,       1.67,      16.72,     55.30,          0.36
       -8,          2,    1,        -15.22,          3.31,       1.04,      10.41,     34.43,          0.28
       -8,          2,    2,        -12.02,          3.31,       1.23,      12.30,     40.69,          0.37
       -8,          2,    3,        -10.85,          3.31,       1.37,      13.70,     45.32,          0.38
       -8,          2,    4,        -10.02,          3.31,       1.49,      14.92,     49.38,          0.39
       -8,          2,    5,         -9.05,          3.31,       1.60,      15.97,     52.83,          0.43
       -8,          2,    6,         -8.61,          3.31,       1.69,      16.86,     55.77,          0.43
       -8,          2,    7,         -8.30,          3.31,       1.78,      17.77,     58.79,          0.42
       -8,          3,    1,        -14.41,          3.31,       1.08,      10.81,     35.76,          0.30
       -8,          3,    2,        -11.12,          3.31,       1.29,      12.94,     42.82,          0.40
       -8,          3,    3,         -9.73,          3.31,       1.45,      14.48,     47.91,          0.44
       -8,          3,    4,         -9.19,          3.31,       1.57,      15.69,     51.90,          0.43
       -8,          3,    5,         -8.36,          3.31,       1.67,      16.72,     55.31,          0.46
       -8,          3,    6,         -8.00,          3.31,       1.76,      17.59,     58.20,          0.46
       -8,          3,    7,         -7.74,          3.31,       1.85,      18.53,     61.28,          0.45
       -8,          4,    1,        -13.79,          3.31,       1.13,      11.25,     37.22,          0.31
       -8,          4,    2,        -10.51,          3.31,       1.36,      13.53,     44.79,          0.42
       -8,          4,    3,         -9.15,          3.31,       1.52,      15.14,     50.09,          0.46
       -8,          4,    4,         -8.65,          3.31,       1.64,      16.40,     54.26,          0.45
       -8,          4,    5,         -8.27,          3.31,       1.74,      17.43,     57.65,          0.44
       -8,          4,    6,         -7.55,          3.31,       1.84,      18.40,     60.88,          0.47
       -8,          4,    7,         -7.28,          3.31,       1.93,      19.32,     63.92,          0.47
       -7,          1,    1,        -15.14,          3.31,       1.03,      10.34,     34.21,          0.30
       -7,          1,    2,        -12.04,          3.31,       1.21,      12.07,     39.93,          0.39
       -7,          1,    3,        -10.73,          3.31,       1.34,      13.35,     44.17,          0.42
       -7,          1,    4,         -9.93,          3.31,       1.44,      14.45,     47.79,          0.42
       -7,          1,    5,         -9.30,          3.31,       1.55,      15.48,     51.21,          0.43
       -7,          1,    6,         -8.87,          3.31,       1.64,      16.43,     54.34,          0.42
       -7,          1,    7,         -8.78,          3.31,       1.73,      17.32,     57.29,          0.40
       -7,          2,    1,        -14.49,          3.31,       1.08,      10.76,     35.60,          0.30
       -7,          2,    2,        -10.93,          3.31,       1.28,      12.83,     42.46,          0.43
       -7,          2,    3,         -9.49,          3.31,       1.43,      14.31,     47.36,          0.48
       -7,          2,    4,         -8.60,          3.31,       1.56,      15.56,     51.47,          0.50
       -7,          2,    5,         -8.01,          3.31,       1.67,      16.65,     55.09,          0.50
       -7,          2,    6,         -7.59,          3.31,       1.76,      17.62,     58.28,          0.50
       -7,          2,    7,         -7.30,          3.31,       1.86,      18.54,     61.31,          0.49
       -7,          3,    1,        -13.60,          3.31,       1.13,      11.24,     37.18,          0.32
       -7,          3,    2,        -10.05,          3.31,       1.35,      13.53,     44.76,          0.47
       -7,          3,    3,         -8.64,          3.31,       1.52,      15.16,     50.14,          0.52
       -7,          3,    4,         -7.79,          3.31,       1.65,      16.46,     54.43,          0.54
       -7,          3,    5,         -7.32,          3.31,       1.75,      17.47,     57.80,          0.54
       -7,          3,    6,         -6.96,          3.31,       1.85,      18.48,     61.13,          0.54
       -7,          3,    7,         -6.72,          3.31,       1.94,      19.35,     64.02,          0.53
       -7,          4,    1,        -12.76,          3.31,       1.17,      11.70,     38.71,          0.35
       -7,          4,    2,         -9.79,          3.31,       1.42,      14.22,     47.05,          0.45
       -7,          4,    3,         -8.08,          3.31,       1.59,      15.92,     52.66,          0.54
       -7,          4,    4,         -7.31,          3.31,       1.72,      17.19,     56.88,          0.56
       -7,          4,    5,         -6.84,          3.31,       1.84,      18.39,     60.82,          0.56
       -7,          4,    6,         -6.50,          3.31,       1.94,      19.35,     64.02,          0.55
       -7,          4,    7,         -6.23,          3.31,       2.03,      20.27,     67.05,          0.55
       -6,          1,    1,        -14.17,          3.31,       1.06,      10.62,     35.11,          0.34
       -6,          1,    2,        -11.10,          3.31,       1.25,      12.48,     41.29,          0.44
       -6,          1,    3,        -10.09,          3.31,       1.39,      13.84,     45.77,          0.44
       -6,          1,    4,         -9.00,          3.31,       1.50,      14.98,     49.54,          0.49
       -6,          1,    5,         -8.37,          3.31,       1.61,      16.08,     53.20,          0.49
       -6,          1,    6,         -7.93,          3.31,       1.70,      17.01,     56.27,          0.50
       -6,          1,    7,         -7.54,          3.31,       1.80,      18.01,     59.56,          0.49
       -6,          2,    1,        -13.18,          3.31,       1.12,      11.15,     36.90,          0.36
       -6,          2,    2,         -9.97,          3.31,       1.33,      13.31,     44.03,          0.50
       -6,          2,    3,         -8.55,          3.31,       1.49,      14.93,     49.39,          0.54
       -6,          2,    4,         -7.92,          3.31,       1.63,      16.26,     53.81,          0.54
       -6,          2,    5,         -7.08,          3.31,       1.73,      17.33,     57.33,          0.58
       -6,          2,    6,         -6.66,          3.31,       1.84,      18.41,     60.89,          0.58
       -6,          2,    7,         -6.36,          3.31,       1.93,      19.33,     63.94,          0.57
       -6,          3,    1,        -12.36,          3.31,       1.16,      11.63,     38.48,          0.39
       -6,          3,    2,         -9.09,          3.31,       1.41,      14.12,     46.71,          0.53
       -6,          3,    3,         -7.67,          3.31,       1.59,      15.88,     52.55,          0.59
       -6,          3,    4,         -6.87,          3.31,       1.72,      17.21,     56.95,          0.62
       -6,          3,    5,         -6.70,          3.31,       1.84,      18.36,     60.73,          0.58
       -6,          3,    6,         -6.02,          3.31,       1.93,      19.34,     63.98,          0.62
       -6,          3,    7,         -5.78,          3.31,       2.02,      20.21,     66.84,          0.61
       -6,          4,    1,        -11.75,          3.31,       1.21,      12.12,     40.09,          0.40
       -6,          4,    2,         -8.48,          3.31,       1.49,      14.90,     49.30,          0.55
       -6,          4,    3,         -7.11,          3.31,       1.67,      16.71,     55.27,          0.61
       -6,          4,    4,         -6.34,          3.31,       1.81,      18.13,     59.99,          0.64
       -6,          4,    5,         -5.92,          3.31,       1.93,      19.26,     63.71,          0.64
       -6,          4,    6,         -5.84,          3.31,       2.03,      20.26,     67.03,          0.60
       -6,          4,    7,         -5.28,          3.31,       2.13,      21.28,     70.40,          0.63
       -5,          1,    1,        -12.54,          3.31,       1.12,      11.25,     37.20,          0.41
       -5,          1,    2,         -9.46,          3.31,       1.33,      13.34,     44.13,          0.56
       -5,          1,    3,         -8.17,          3.31,       1.48,      14.83,     49.07,          0.60
       -5,          1,    4,         -7.40,          3.31,       1.61,      16.05,     53.10,          0.62
       -5,          1,    5,         -6.78,          3.31,       1.72,      17.20,     56.91,          0.63
       -5,          1,    6,         -6.34,          3.31,       1.83,      18.27,     60.45,          0.63
       -5,          1,    7,         -5.99,          3.31,       1.93,      19.24,     63.66,          0.63
       -5,          2,    1,        -11.93,          3.31,       1.18,      11.80,     39.05,          0.42
       -5,          2,    2,         -8.33,          3.31,       1.43,      14.31,     47.34,          0.62
       -5,          2,    3,         -6.91,          3.31,       1.61,      16.13,     53.34,          0.69
       -5,          2,    4,         -6.04,          3.31,       1.75,      17.53,     58.00,          0.73
       -5,          2,    5,         -5.47,          3.31,       1.88,      18.81,     62.23,          0.74
       -5,          2,    6,         -5.07,          3.31,       1.99,      19.90,     65.81,          0.74
       -5,          2,    7,         -5.06,          3.31,       2.08,      20.82,     68.88,          0.69
       -5,          3,    1,        -11.08,          3.31,       1.24,      12.40,     41.01,          0.45
       -5,          3,    2,         -7.45,          3.31,       1.53,      15.30,     50.63,          0.67
       -5,          3,    3,         -6.04,          3.31,       1.72,      17.24,     57.04,          0.75
       -5,          3,    4,         -5.21,          3.31,       1.88,      18.79,     62.16,          0.78
       -5,          3,    5,         -4.74,          3.31,       2.00,      19.99,     66.10,          0.79
       -5,          3,    6,         -4.40,          3.31,       2.10,      21.01,     69.49,          0.79
       -5,          3,    7,         -4.18,          3.31,       2.19,      21.95,     72.59,          0.78
       -5,          4,    1,        -10.23,          3.31,       1.31,      13.05,     43.16,          0.49
       -5,          4,    2,         -7.17,          3.31,       1.63,      16.26,     53.81,          0.64
       -5,          4,    3,         -5.46,          3.31,       1.83,      18.32,     60.60,          0.77
       -5,          4,    4,         -4.69,          3.31,       1.98,      19.84,     65.64,          0.81
       -5,          4,    5,         -4.24,          3.31,       2.11,      21.06,     69.67,          0.82
       -5,          4,    6,         -3.91,          3.31,       2.21,      22.13,     73.21,          0.82
       -5,          4,    7,         -3.65,          3.31,       2.32,      23.21,     76.77,          0.81
       -4,          1,    1,        -11.84,          3.31,       1.15,      11.53,     38.14,          0.45
       -4,          1,    2,         -8.77,          3.31,       1.37,      13.75,     45.48,          0.61
       -4,          1,    3,         -7.77,          3.31,       1.53,      15.30,     50.62,          0.62
       -4,          1,    4,         -6.70,          3.31,       1.66,      16.57,     54.81,          0.69
       -4,          1,    5,         -6.09,          3.31,       1.78,      17.77,     58.77,          0.70
       -4,          1,    6,         -5.65,          3.31,       1.88,      18.87,     62.41,          0.70
       -4,          1,    7,         -5.28,          3.31,       1.99,      19.91,     65.87,          0.70
       -4,          2,    1,        -10.84,          3.31,       1.21,      12.12,     40.10,          0.50
       -4,          2,    2,         -7.63,          3.31,       1.48,      14.81,     49.01,          0.68
       -4,          2,    3,         -6.22,          3.31,       1.67,      16.67,     55.14,          0.76
       -4,          2,    4,         -5.58,          3.31,       1.82,      18.23,     60.31,          0.76
       -4,          2,    5,         -5.16,          3.31,       1.95,      19.54,     64.62,          0.75
       -4,          2,    6,         -4.36,          3.31,       2.06,      20.59,     68.10,          0.83
       -4,          2,    7,         -4.07,          3.31,       2.16,      21.60,     71.44,          0.82
       -4,          3,    1,        -10.02,          3.31,       1.28,      12.83,     42.44,          0.53
       -4,          3,    2,         -6.73,          3.31,       1.59,      15.88,     52.54,          0.73
       -4,          3,    3,         -5.32,          3.31,       1.80,      17.95,     59.38,          0.82
       -4,          3,    4,         -4.50,          3.31,       1.95,      19.56,     64.70,          0.86
       -4,          3,    5,         -4.23,          3.31,       2.07,      20.73,     68.58,          0.84
       -4,          3,    6,         -3.69,          3.31,       2.18,      21.87,     72.34,          0.88
       -4,          3,    7,         -3.46,          3.31,       2.28,      22.82,     75.50,          0.87
       -4,          4,    1,         -9.40,          3.31,       1.35,      13.48,     44.59,          0.55
       -4,          4,    2,         -6.10,          3.31,       1.69,      16.86,     55.76,          0.76
       -4,          4,    3,         -4.74,          3.31,       1.91,      19.11,     63.20,          0.85
       -4,          4,    4,         -3.98,          3.31,       2.07,      20.64,     68.27,          0.90
       -4,          4,    5,         -3.54,          3.31,       2.20,      21.97,     72.67,          0.90
       -4,          4,    6,         -3.49,          3.31,       2.31,      23.09,     76.39,          0.85
       -4,          4,    7,         -2.94,          3.31,       2.42,      24.18,     79.98,          0.90
       -3,          1,    1,        -11.19,          3.31,       1.18,      11.81,     39.05,          0.50
       -3,          1,    2,         -8.10,          3.31,       1.41,      14.13,     46.73,          0.67
       -3,          1,    3,         -6.81,          3.31,       1.58,      15.79,     52.22,          0.73
       -3,          1,    4,         -6.05,          3.31,       1.71,      17.10,     56.56,          0.76
       -3,          1,    5,         -5.44,          3.31,       1.84,      18.38,     60.80,          0.77
       -3,          1,    6,         -5.01,          3.31,       1.95,      19.48,     64.43,          0.78
       -3,          1,    7,         -4.65,          3.31,       2.05,      20.50,     67.80,          0.78
       -3,          2,    1,        -10.44,          3.31,       1.25,      12.46,     41.23,          0.52
       -3,          2,    2,         -6.97,          3.31,       1.53,      15.29,     50.56,          0.75
       -3,          2,    3,         -5.56,          3.31,       1.72,      17.26,     57.12,          0.83
       -3,          2,    4,         -4.68,          3.31,       1.89,      18.86,     62.38,          0.88
       -3,          2,    5,         -4.12,          3.31,       2.02,      20.20,     66.81,          0.90
       -3,          2,    6,         -3.72,          3.31,       2.14,      21.38,     70.72,          0.91
       -3,          2,    7,         -3.43,          3.31,       2.24,      22.36,     73.96,          0.90
       -3,          3,    1,         -9.37,          3.31,       1.32,      13.20,     43.68,          0.58
       -3,          3,    2,         -6.19,          3.31,       1.65,      16.48,     54.51,          0.78
       -3,          3,    3,         -5.02,          3.31,       1.86,      18.64,     61.67,          0.83
       -3,          3,    4,         -3.84,          3.31,       2.03,      20.29,     67.11,          0.95
       -3,          3,    5,         -3.38,          3.31,       2.16,      21.56,     71.32,          0.96
       -3,          3,    6,         -3.04,          3.31,       2.27,      22.67,     75.00,          0.97
       -3,          3,    7,         -2.81,          3.31,       2.37,      23.66,     78.25,          0.96
       -3,          4,    1,         -8.76,          3.31,       1.39,      13.91,     46.00,          0.59
       -3,          4,    2,         -5.50,          3.31,       1.75,      17.53,     57.99,          0.82
       -3,          4,    3,         -4.37,          3.31,       1.99,      19.88,     65.75,          0.87
       -3,          4,    4,         -3.31,          3.31,       2.15,      21.51,     71.14,          0.98
       -3,          4,    5,         -2.86,          3.31,       2.29,      22.88,     75.66,          0.99
       -3,          4,    6,         -2.53,          3.31,       2.40,      24.02,     79.45,          1.00
       -3,          4,    7,         -2.28,          3.31,       2.52,      25.17,     83.26,          0.99
       -2,          1,    1,        -10.05,          3.31,       1.23,      12.35,     40.85,          0.58
       -2,          1,    2,         -6.94,          3.31,       1.50,      15.01,     49.65,          0.78
       -2,          1,    3,         -5.65,          3.31,       1.67,      16.74,     55.39,          0.86
       -2,          1,    4,         -5.13,          3.31,       1.82,      18.16,     60.05,          0.84
       -2,          1,    5,         -4.29,          3.31,       1.95,      19.49,     64.49,          0.91
       -2,          1,    6,         -3.86,          3.31,       2.06,      20.59,     68.11,          0.93
       -2,          1,    7,         -3.50,          3.31,       2.17,      21.71,     71.80,          0.93
       -2,          2,    1,         -9.05,          3.31,       1.31,      13.14,     43.48,          0.63
       -2,          2,    2,         -5.81,          3.31,       1.63,      16.30,     53.91,          0.87
       -2,          2,    3,         -4.55,          3.31,       1.85,      18.45,     61.01,          0.94
       -2,          2,    4,         -3.88,          3.31,       2.02,      20.16,     66.68,          0.95
       -2,          2,    5,         -2.96,          3.31,       2.16,      21.59,     71.42,          1.06
       -2,          2,    6,         -2.55,          3.31,       2.28,      22.82,     75.48,          1.07
       -2,          2,    7,         -2.27,          3.31,       2.39,      23.88,     78.99,          1.07
       -2,          3,    1,         -8.23,          3.31,       1.39,      13.93,     46.07,          0.67
       -2,          3,    2,         -4.91,          3.31,       1.76,      17.60,     58.23,          0.93
       -2,          3,    3,         -3.74,          3.31,       2.00,      20.04,     66.28,          0.99
       -2,          3,    4,         -2.66,          3.31,       2.18,      21.80,     72.10,          1.12
       -2,          3,    5,         -2.20,          3.31,       2.32,      23.19,     76.72,          1.14
       -2,          3,    6,         -1.86,          3.31,       2.43,      24.35,     80.54,          1.15
       -2,          3,    7,         -1.63,          3.31,       2.54,      25.39,     83.99,          1.14
       -2,          4,    1,         -7.61,          3.31,       1.48,      14.79,     48.91,          0.69
       -2,          4,    2,         -4.27,          3.31,       1.89,      18.85,     62.36,          0.97
       -2,          4,    3,         -3.07,          3.31,       2.14,      21.41,     70.83,          1.04
       -2,          4,    4,         -2.48,          3.31,       2.32,      23.19,     76.69,          1.06
       -2,          4,    5,         -1.67,          3.31,       2.47,      24.69,     81.67,          1.17
       -2,          4,    6,         -1.35,          3.31,       2.59,      25.93,     85.78,          1.18
       -2,          4,    7,         -1.10,          3.31,       2.71,      27.10,     89.63,          1.18
       -1,          1,    1,         -9.12,          3.31,       1.29,      12.90,     42.67,          0.65
       -1,          1,    2,         -5.98,          3.31,       1.58,      15.74,     52.07,          0.89
       -1,          1,    3,         -4.74,          3.31,       1.76,      17.61,     58.27,          0.97
       -1,          1,    4,         -4.28,          3.31,       1.91,      19.11,     63.22,          0.94
       -1,          1,    5,         -3.34,          3.31,       2.05,      20.51,     67.83,          1.05
       -1,          1,    6,         -2.91,          3.31,       2.17,      21.73,     71.89,          1.06
       -1,          1,    7,         -2.55,          3.31,       2.29,      22.90,     75.74,          1.07
       -1,          2,    1,         -8.11,          3.31,       1.37,      13.73,     45.41,          0.71
       -1,          2,    2,         -4.85,          3.31,       1.71,      17.15,     56.75,          0.99
       -1,          2,    3,         -3.43,          3.31,       1.95,      19.54,     64.62,          1.11
       -1,          2,    4,         -2.56,          3.31,       2.14,      21.36,     70.65,          1.18
       -1,          2,    5,         -2.04,          3.31,       2.29,      22.89,     75.72,          1.20
       -1,          2,    6,         -1.92,          3.31,       2.42,      24.16,     79.92,          1.14
       -1,          2,    7,         -1.31,          3.31,       2.54,      25.35,     83.82,          1.23
       -1,          3,    1,         -7.30,          3.31,       1.47,      14.67,     48.51,          0.75
       -1,          3,    2,         -3.95,          3.31,       1.87,      18.67,     61.75,          1.06
       -1,          3,    3,         -2.53,          3.31,       2.13,      21.28,     70.37,          1.20
       -1,          3,    4,         -1.70,          3.31,       2.32,      23.21,     76.79,          1.27
       -1,          3,    5,         -1.31,          3.31,       2.47,      24.69,     81.66,          1.28
       -1,          3,    6,         -1.24,          3.31,       2.59,      25.94,     85.79,          1.21
       -1,          3,    7,         -0.66,          3.31,       2.70,      27.03,     89.39,          1.31
       -1,          4,    1,         -6.67,          3.31,       1.56,      15.57,     51.51,          0.77
       -1,          4,    2,         -3.31,          3.31,       2.01,      20.08,     66.42,          1.09
       -1,          4,    3,         -1.92,          3.31,       2.28,      22.83,     75.51,          1.24
       -1,          4,    4,         -1.15,          3.31,       2.48,      24.82,     82.08,          1.31
       -1,          4,    5,         -0.70,          3.31,       2.64,      26.36,     87.19,          1.34
       -1,          4,    6,         -0.37,          3.31,       2.77,      27.65,     91.44,          1.35
       -1,          4,    7,         -0.22,          3.31,       2.89,      28.94,     95.71,          1.32
        0,          1,    1,         -8.48,          3.31,       1.34,      13.43,     44.44,          0.69
        0,          1,    2,         -5.08,          3.31,       1.66,      16.56,     54.80,          1.00
        0,          1,    3,         -3.78,          3.31,       1.86,      18.56,     61.37,          1.12
        0,          1,    4,         -3.03,          3.31,       2.01,      20.12,     66.56,          1.16
        0,          1,    5,         -2.43,          3.31,       2.16,      21.62,     71.51,          1.20
        0,          1,    6,         -2.01,          3.31,       2.29,      22.89,     75.70,          1.21
        0,          1,    7,         -1.65,          3.31,       2.41,      24.09,     79.67,          1.22
        0,          2,    1,         -7.24,          3.31,       1.44,      14.38,     47.55,          0.79
        0,          2,    2,         -4.10,          3.31,       1.82,      18.11,     59.91,          1.07
        0,          2,    3,         -2.87,          3.31,       2.06,      20.62,     68.21,          1.16
        0,          2,    4,         -1.65,          3.31,       2.26,      22.59,     74.71,          1.34
        0,          2,    5,         -1.09,          3.31,       2.42,      24.20,     80.04,          1.38
        0,          2,    6,         -0.68,          3.31,       2.56,      25.63,     84.78,          1.40
        0,          2,    7,         -0.40,          3.31,       2.68,      26.84,     88.75,          1.40
        0,          3,    1,         -6.42,          3.31,       1.54,      15.38,     50.87,          0.84
        0,          3,    2,         -3.05,          3.31,       1.98,      19.77,     65.38,          1.19
        0,          3,    3,         -1.61,          3.31,       2.26,      22.55,     74.59,          1.36
        0,          3,    4,         -0.99,          3.31,       2.47,      24.70,     81.71,          1.37
        0,          3,    5,         -0.67,          3.31,       2.63,      26.26,     86.85,          1.36
        0,          3,    6,          0.03,          3.31,       2.76,      27.55,     91.10,          1.49
        0,          3,    7,          0.26,          3.31,       2.87,      28.74,     95.07,          1.49
        0,          4,    1,         -5.80,          3.31,       1.64,      16.39,     54.21,          0.86
        0,          4,    2,         -2.40,          3.31,       2.13,      21.29,     70.43,          1.23
        0,          4,    3,         -0.99,          3.31,       2.43,      24.29,     80.35,          1.40
        0,          4,    4,         -0.22,          3.31,       2.65,      26.48,     87.59,          1.48
        0,          4,    5,          0.18,          3.31,       2.81,      28.12,     93.01,          1.50
        0,          4,    6,          0.28,          3.31,       2.95,      29.50,     97.56,          1.44
        0,          4,    7,          0.80,          3.31,       3.08,      30.76,    101.71,          1.54
        1,          1,    1,         -7.48,          3.31,       1.39,      13.94,     46.11,          0.80
        1,          1,    2,         -4.27,          3.31,       1.73,      17.28,     57.14,          1.12
        1,          1,    3,         -2.97,          3.31,       1.95,      19.47,     64.42,          1.24
        1,          1,    4,         -2.22,          3.31,       2.11,      21.13,     69.88,          1.30
        1,          1,    5,         -1.62,          3.31,       2.27,      22.66,     74.94,          1.35
        1,          1,    6,         -1.21,          3.31,       2.40,      24.01,     79.42,          1.36
        1,          1,    7,         -1.01,          3.31,       2.53,      25.34,     83.81,          1.32
        1,          2,    1,         -6.81,          3.31,       1.50,      14.99,     49.59,          0.81
        1,          2,    2,         -3.15,          3.31,       1.91,      19.04,     62.99,          1.24
        1,          2,    3,         -1.71,          3.31,       2.17,      21.72,     71.84,          1.40
        1,          2,    4,         -0.84,          3.31,       2.38,      23.80,     78.71,          1.50
        1,          2,    5,         -0.28,          3.31,       2.56,      25.57,     84.56,          1.55
        1,          2,    6,          0.13,          3.31,       2.70,      27.05,     89.46,          1.57
        1,          2,    7,          0.42,          3.31,       2.83,      28.34,     93.72,          1.57
        1,          3,    1,         -5.65,          3.31,       1.61,      16.08,     53.20,          0.92
        1,          3,    2,         -2.50,          3.31,       2.08,      20.77,     68.70,          1.25
        1,          3,    3,         -0.79,          3.31,       2.38,      23.82,     78.79,          1.51
        1,          3,    4,          0.05,          3.31,       2.61,      26.16,     86.52,          1.61
        1,          3,    5,          0.52,          3.31,       2.78,      27.77,     91.82,          1.65
        1,          3,    6,          0.86,          3.31,       2.92,      29.20,     96.59,          1.67
        1,          3,    7,          1.08,          3.31,       3.04,      30.36,    100.40,          1.67
        1,          4,    1,         -5.03,          3.31,       1.71,      17.14,     56.71,          0.95
        1,          4,    2,         -1.83,          3.31,       2.25,      22.48,     74.36,          1.29
        1,          4,    3,         -0.17,          3.31,       2.58,      25.81,     85.37,          1.56
        1,          4,    4,          0.61,          3.31,       2.81,      28.12,     92.98,          1.66
        1,          4,    5,          1.06,          3.31,       2.98,      29.81,     98.57,          1.70
        1,          4,    6,          1.39,          3.31,       3.13,      31.26,    103.36,          1.73
        1,          4,    7,          1.63,          3.31,       3.27,      32.63,    107.90,          1.73
        2,          1,    1,         -6.47,          3.31,       1.47,      14.71,     48.65,          0.91
        2,          1,    2,         -3.37,          3.31,       1.84,      18.46,     61.09,          1.23
        2,          1,    3,         -2.28,          3.31,       2.08,      20.77,     68.70,          1.32
        2,          1,    4,         -1.14,          3.31,       2.26,      22.55,     74.58,          1.52
        2,          1,    5,         -0.55,          3.31,       2.43,      24.25,     80.22,          1.56
        2,          1,    6,         -0.13,          3.31,       2.57,      25.70,     85.00,          1.59
        2,          1,    7,          0.23,          3.31,       2.71,      27.05,     89.45,          1.60
        2,          2,    1,         -5.46,          3.31,       1.59,      15.84,     52.40,          0.99
        2,          2,    2,         -2.09,          3.31,       2.03,      20.35,     67.31,          1.42
        2,          2,    3,         -0.74,          3.31,       2.33,      23.33,     77.17,          1.58
        2,          2,    4,         -0.09,          3.31,       2.56,      25.62,     84.75,          1.60
        2,          2,    5,          0.81,          3.31,       2.75,      27.51,     90.99,          1.79
        2,          2,    6,          1.22,          3.31,       2.91,      29.11,     96.28,          1.83
        2,          2,    7,          1.50,          3.31,       3.04,      30.39,    100.48,          1.84
        2,          3,    1,         -4.64,          3.31,       1.70,      17.04,     56.37,          1.05
        2,          3,    2,         -1.18,          3.31,       2.23,      22.32,     73.85,          1.52
        2,          3,    3,          0.29,          3.31,       2.58,      25.79,     85.29,          1.73
        2,          3,    4,          1.13,          3.31,       2.83,      28.27,     93.51,          1.86
        2,          3,    5,          1.57,          3.31,       3.00,      30.03,     99.32,          1.90
        2,          3,    6,          1.62,          3.31,       3.15,      31.52,    104.23,          1.80
        2,          3,    7,          2.18,          3.31,       3.28,      32.78,    108.40,          1.95
        2,          4,    1,         -4.01,          3.31,       1.83,      18.32,     60.62,          1.08
        2,          4,    2,         -0.52,          3.31,       2.43,      24.28,     80.32,          1.57
        2,          4,    3,          0.92,          3.31,       2.80,      27.96,     92.45,          1.80
        2,          4,    4,          1.71,          3.31,       3.04,      30.39,    100.49,          1.93
        2,          4,    5,          2.17,          3.31,       3.23,      32.30,    106.81,          1.98
        2,          4,    6,          2.48,          3.31,       3.38,      33.81,    111.79,          2.01
        2,          4,    7,          2.43,          3.31,       3.52,      35.18,    116.31,          1.89
        3,          1,    1,         -6.22,          3.31,       1.52,      15.19,     50.24,          0.90
        3,          1,    2,         -2.57,          3.31,       1.92,      19.20,     63.52,          1.39
        3,          1,    3,         -1.24,          3.31,       2.17,      21.66,     71.64,          1.57
        3,          1,    4,         -0.49,          3.31,       2.35,      23.51,     77.77,          1.65
        3,          1,    5,          0.09,          3.31,       2.53,      25.29,     83.64,          1.71
        3,          1,    6,          0.51,          3.31,       2.68,      26.78,     88.59,          1.74
        3,          1,    7,          0.87,          3.31,       2.82,      28.23,     93.37,          1.75
        3,          2,    1,         -4.86,          3.31,       1.64,      16.42,     54.33,          1.06
        3,          2,    2,         -1.60,          3.31,       2.12,      21.24,     70.27,          1.48
        3,          2,    3,         -0.35,          3.31,       2.44,      24.36,     80.58,          1.62
        3,          2,    4,          0.88,          3.31,       2.68,      26.80,     88.65,          1.88
        3,          2,    5,          1.45,          3.31,       2.88,      28.78,     95.18,          1.95
        3,          2,    6,          1.87,          3.31,       3.04,      30.40,    100.52,          2.00
        3,          2,    7,          2.15,          3.31,       3.18,      31.79,    105.11,          2.01
        3,          3,    1,         -4.04,          3.31,       1.77,      17.68,     58.46,          1.13
        3,          3,    2,         -0.55,          3.31,       2.34,      23.37,     77.30,          1.65
        3,          3,    3,          0.92,          3.31,       2.70,      27.00,     89.31,          1.88
        3,          3,    4,          1.47,          3.31,       2.96,      29.59,     97.87,          1.89
        3,          3,    5,          2.27,          3.31,       3.15,      31.46,    104.02,          2.10
        3,          3,    6,          2.61,          3.31,       3.30,      33.00,    109.11,          2.14
        3,          3,    7,          2.84,          3.31,       3.42,      34.22,    113.13,          2.15
        3,          4,    1,         -3.41,          3.31,       1.90,      19.01,     62.87,          1.16
        3,          4,    2,          0.12,          3.31,       2.54,      25.43,     84.12,          1.70
        3,          4,    3,          1.58,          3.31,       2.93,      29.31,     96.93,          1.96
        3,          4,    4,          2.33,          3.31,       3.19,      31.93,    105.58,          2.08
        3,          4,    5,          2.47,          3.31,       3.38,      33.80,    111.76,          2.01
        3,          4,    6,          3.15,          3.31,       3.54,      35.37,    116.93,          2.21
        3,          4,    7,          3.39,          3.31,       3.68,      36.79,    121.61,          2.23
        4,          1,    1,         -4.85,          3.31,       1.61,      16.06,     53.14,          1.12
        4,          1,    2,         -1.45,          3.31,       2.06,      20.57,     68.05,          1.62
        4,          1,    3,         -0.10,          3.31,       2.33,      23.31,     77.09,          1.83
        4,          1,    4,          0.65,          3.31,       2.53,      25.33,     83.77,          1.94
        4,          1,    5,          1.19,          3.31,       2.72,      27.20,     89.97,          1.99
        4,          1,    6,          1.36,          3.31,       2.88,      28.80,     95.23,          1.92
        4,          1,    7,          1.63,          3.31,       3.03,      30.22,     99.93,          1.91
        4,          2,    1,         -3.84,          3.31,       1.74,      17.43,     57.64,          1.22
        4,          2,    2,         -0.34,          3.31,       2.29,      22.87,     75.64,          1.78
        4,          2,    3,          1.14,          3.31,       2.64,      26.36,     87.17,          2.05
        4,          2,    4,          2.03,          3.31,       2.90,      28.97,     95.82,          2.21
        4,          2,    5,          2.61,          3.31,       3.11,      31.06,    102.70,          2.31
        4,          2,    6,          3.02,          3.31,       3.29,      32.83,    108.55,          2.36
        4,          2,    7,          3.31,          3.31,       3.42,      34.22,    113.16,          2.40
        4,          3,    1,         -3.01,          3.31,       1.89,      18.93,     62.61,          1.29
        4,          3,    2,          0.35,          3.31,       2.53,      25.29,     83.65,          1.81
        4,          3,    3,          1.73,          3.31,       2.93,      29.27,     96.80,          2.04
        4,          3,    4,          2.95,          3.31,       3.21,      32.10,    106.14,          2.40
        4,          3,    5,          3.45,          3.31,       3.41,      34.06,    112.62,          2.49
        4,          3,    6,          3.79,          3.31,       3.57,      35.67,    117.91,          2.54
        4,          3,    7,          4.02,          3.31,       3.70,      37.03,    122.42,          2.56
        4,          4,    1,         -2.38,          3.31,       2.04,      20.35,     67.31,          1.32
        4,          4,    2,          1.24,          3.31,       2.76,      27.57,     91.19,          1.97
        4,          4,    3,          2.60,          3.31,       3.19,      31.89,    105.45,          2.23
        4,          4,    4,          3.19,          3.31,       3.46,      34.64,    114.55,          2.30
        4,          4,    5,          4.02,          3.31,       3.67,      36.70,    121.32,          2.58
        4,          4,    6,          4.34,          3.31,       3.84,      38.39,    126.90,          2.63
        4,          4,    7,          4.58,          3.31,       3.99,      39.94,    132.02,          2.65
        5,          1,    1,         -4.24,          3.31,       1.67,      16.65,     55.09,          1.21
        5,          1,    2,         -0.76,          3.31,       2.16,      21.55,     71.26,          1.77
        5,          1,    3,          0.28,          3.31,       2.44,      24.36,     80.58,          1.88
        5,          1,    4,          1.35,          3.31,       2.65,      26.52,     87.71,          2.14
        5,          1,    5,          1.93,          3.31,       2.84,      28.45,     94.07,          2.22
        5,          1,    6,          2.34,          3.31,       3.00,      30.03,     99.31,          2.27
        5,          1,    7,          2.70,          3.31,       3.16,      31.61,    104.54,          2.31
        5,          2,    1,         -3.22,          3.31,       1.82,      18.15,     60.04,          1.32
        5,          2,    2,          0.35,          3.31,       2.39,      23.91,     79.09,          1.96
        5,          2,    3,          1.85,          3.31,       2.76,      27.63,     91.38,          2.27
        5,          2,    4,          2.74,          3.31,       3.03,      30.32,    100.24,          2.46
        5,          2,    5,          3.31,          3.31,       3.26,      32.60,    107.79,          2.55
        5,          2,    6,          3.43,          3.31,       3.44,      34.36,    113.60,          2.45
        5,          2,    7,          4.04,          3.31,       3.59,      35.90,    118.70,          2.67
        5,          3,    1,         -2.39,          3.31,       1.97,      19.73,     65.25,          1.39
        5,          3,    2,          1.27,          3.31,       2.65,      26.53,     87.74,          2.09
        5,          3,    3,          2.81,          3.31,       3.07,      30.71,    101.54,          2.46
        5,          3,    4,          3.69,          3.31,       3.37,      33.68,    111.37,          2.67
        5,          3,    5,          4.19,          3.31,       3.58,      35.80,    118.36,          2.78
        5,          3,    6,          4.54,          3.31,       3.75,      37.47,    123.87,          2.84
        5,          3,    7,          4.77,          3.31,       3.89,      38.94,    128.71,          2.86
        5,          4,    1,         -1.79,          3.31,       2.13,      21.28,     70.37,          1.42
        5,          4,    2,          1.63,          3.31,       2.90,      28.98,     95.85,          2.01
        5,          4,    3,          3.48,          3.31,       3.35,      33.51,    110.83,          2.56
        5,          4,    4,          4.30,          3.31,       3.65,      36.50,    120.68,          2.77
        5,          4,    5,          4.77,          3.31,       3.87,      38.69,    127.90,          2.88
        5,          4,    6,          5.10,          3.31,       4.04,      40.44,    133.66,          2.94
        5,          4,    7,          5.34,          3.31,       4.20,      42.00,    138.82,          2.97
        6,          1,    1,         -3.48,          3.31,       1.74,      17.40,     57.55,          1.33
        6,          1,    2,          0.10,          3.31,       2.27,      22.70,     75.08,          2.00
        6,          1,    3,          1.19,          3.31,       2.58,      25.80,     85.34,          2.14
        6,          1,    4,          2.25,          3.31,       2.80,      28.03,     92.67,          2.44
        6,          1,    5,          2.84,          3.31,       3.01,      30.06,     99.41,          2.55
        6,          1,    6,          3.25,          3.31,       3.18,      31.78,    105.08,          2.61
        6,          1,    7,          3.61,          3.31,       3.34,      33.36,    110.32,          2.66
        6,          2,    1,         -2.45,          3.31,       1.90,      19.03,     62.96,          1.45
        6,          2,    2,          1.23,          3.31,       2.53,      25.32,     83.75,          2.21
        6,          2,    3,          2.55,          3.31,       2.93,      29.27,     96.78,          2.46
        6,          2,    4,          3.30,          3.31,       3.22,      32.22,    106.54,          2.58
        6,          2,    5,          4.27,          3.31,       3.45,      34.55,    114.24,          2.96
        6,          2,    6,          4.70,          3.31,       3.65,      36.52,    120.73,          3.04
        6,          2,    7,          5.00,          3.31,       3.81,      38.12,    126.03,          3.09
        6,          3,    1,         -1.62,          3.31,       2.06,      20.67,     68.37,          1.55
        6,          3,    2,          2.16,          3.31,       2.81,      28.11,     92.97,          2.38
        6,          3,    3,          3.75,          3.31,       3.27,      32.68,    108.04,          2.81
        6,          3,    4,          4.64,          3.31,       3.59,      35.89,    118.64,          3.07
        6,          3,    5,          5.11,          3.31,       3.82,      38.23,    126.39,          3.16
        6,          3,    6,          5.17,          3.31,       4.00,      40.03,    132.30,          3.03
        6,          3,    7,          5.75,          3.31,       4.15,      41.50,    137.18,          3.31
        6,          4,    1,         -0.98,          3.31,       2.23,      22.33,     73.84,          1.59
        6,          4,    2,          2.86,          3.31,       3.08,      30.76,    101.71,          2.48
        6,          4,    3,          4.43,          3.31,       3.58,      35.74,    118.15,          2.94
        6,          4,    4,          5.27,          3.31,       3.90,      39.01,    128.95,          3.20
        6,          4,    5,          5.74,          3.31,       4.13,      41.34,    136.64,          3.32
        6,          4,    6,          5.80,          3.30,       4.32,      43.19,    142.74,          3.20
        6,          4,    7,          5.96,          3.30,       4.48,      44.81,    148.09,          3.17
        7,          1,    1,         -2.66,          3.31,       1.82,      18.22,     60.26,          1.48
        7,          1,    2,          1.08,          3.31,       2.40,      24.01,     79.39,          2.30
        7,          1,    3,          2.51,          3.31,       2.74,      27.37,     90.52,          2.67
        7,          1,    4,          3.28,          3.31,       2.97,      29.73,     98.32,          2.85
        7,          1,    5,          3.87,          3.31,       3.19,      31.93,    105.59,          2.98
        7,          1,    6,          4.28,          3.31,       3.37,      33.67,    111.31,          3.06
        7,          1,    7,          4.38,          3.31,       3.54,      35.40,    117.06,          2.94
        7,          2,    1,         -1.95,          3.31,       2.00,      19.97,     66.07,          1.51
        7,          2,    2,          2.22,          3.31,       2.69,      26.91,     89.01,          2.56
        7,          2,    3,          3.79,          3.31,       3.12,      31.16,    103.03,          3.03
        7,          2,    4,          4.70,          3.31,       3.43,      34.30,    113.39,          3.30
        7,          2,    5,          5.32,          3.31,       3.69,      36.92,    122.04,          3.47
        7,          2,    6,          5.76,          3.31,       3.91,      39.05,    129.10,          3.58
        7,          2,    7,          6.06,          3.31,       4.08,      40.76,    134.73,          3.64
        7,          3,    1,         -0.81,          3.31,       2.18,      21.75,     71.93,          1.72
        7,          3,    2,          2.90,          3.31,       2.99,      29.90,     98.86,          2.59
        7,          3,    3,          4.79,          3.31,       3.49,      34.93,    115.48,          3.28
        7,          3,    4,          5.70,          3.31,       3.85,      38.51,    127.31,          3.59
        7,          3,    5,          6.24,          3.31,       4.10,      41.00,    135.52,          3.76
        7,          3,    6,          6.60,          3.31,       4.30,      43.01,    142.15,          3.86
        7,          3,    7,          6.84,          3.30,       4.45,      44.52,    147.13,          3.91
        7,          4,    1,         -0.12,          3.31,       2.35,      23.55,     77.90,          1.80
        7,          4,    2,          3.74,          3.31,       3.29,      32.87,    108.70,          2.78
        7,          4,    3,          5.16,          3.31,       3.84,      38.38,    126.86,          3.19
        7,          4,    4,          6.00,          3.31,       4.20,      41.97,    138.74,          3.47
        7,          4,    5,          6.85,          3.30,       4.45,      44.48,    147.00,          3.93
        7,          4,    6,          7.18,          3.30,       4.65,      46.51,    153.71,          4.02
        7,          4,    7,          7.43,          3.30,       4.82,      48.22,    159.35,          4.08
        8,          1,    1,         -1.94,          3.31,       1.89,      18.85,     62.34,          1.67
        8,          1,    2,          1.94,          3.31,       2.52,      25.21,     83.37,          2.63
        8,          1,    3,          3.40,          3.31,       2.89,      28.85,     95.41,          3.06
        8,          1,    4,          3.93,          3.31,       3.14,      31.36,    103.70,          3.10
        8,          1,    5,          4.40,          3.31,       3.37,      33.70,    111.43,          3.14
        8,          1,    6,          5.20,          3.31,       3.56,      35.57,    117.61,          3.53
        8,          1,    7,          5.57,          3.31,       3.74,      37.39,    123.59,          3.61
        8,          2,    1,         -0.86,          3.31,       2.07,      20.71,     68.49,          1.84
        8,          2,    2,          3.09,          3.31,       2.84,      28.35,     93.75,          2.91
        8,          2,    3,          4.70,          3.31,       3.30,      32.97,    109.02,          3.46
        8,          2,    4,          5.62,          3.31,       3.64,      36.38,    120.26,          3.78
        8,          2,    5,          6.25,          3.31,       3.92,      39.22,    129.65,          3.99
        8,          2,    6,          6.67,          3.31,       4.15,      41.50,    137.18,          4.10
        8,          2,    7,          6.81,          3.31,       4.34,      43.36,    143.32,          4.02
        8,          3,    1,         -0.32,          3.31,       2.26,      22.61,     74.77,          1.82
        8,          3,    2,          4.04,          3.31,       3.16,      31.61,    104.51,          3.14
        8,          3,    3,          5.71,          3.31,       3.71,      37.09,    122.61,          3.77
        8,          3,    4,          6.63,          3.31,       4.10,      40.94,    135.31,          4.13
        8,          3,    5,          7.19,          3.30,       4.37,      43.72,    144.49,          4.33
        8,          3,    6,          7.55,          3.30,       4.59,      45.90,    151.69,          4.45
        8,          3,    7,          7.80,          3.30,       4.75,      47.54,    157.08,          4.52
        8,          4,    1,          0.29,          3.31,       2.46,      24.58,     81.29,          1.86
        8,          4,    2,          4.77,          3.31,       3.47,      34.72,    114.80,          3.29
        8,          4,    3,          6.43,          3.31,       4.09,      40.86,    135.05,          3.95
        8,          4,    4,          7.30,          3.30,       4.48,      44.82,    148.12,          4.32
        8,          4,    5,          7.81,          3.30,       4.76,      47.60,    157.30,          4.52
        8,          4,    6,          8.15,          3.30,       4.97,      49.72,    164.28,          4.64
        8,          4,    7,          8.37,          3.30,       5.16,      51.63,    170.60,          4.68
        9,          1,    1,         -1.48,          3.31,       1.95,      19.48,     64.44,          1.76
        9,          1,    2,          2.43,          3.31,       2.65,      26.54,     87.77,          2.74
        9,          1,    3,          4.32,          3.31,       3.05,      30.45,    100.69,          3.52
        9,          1,    4,          5.10,          3.31,       3.32,      33.21,    109.80,          3.77
        9,          1,    5,          5.71,          3.31,       3.57,      35.67,    117.91,          3.96
        9,          1,    6,          6.13,          3.31,       3.77,      37.67,    124.54,          4.08
        9,          1,    7,          6.50,          3.31,       3.97,      39.68,    131.13,          4.17
        9,          2,    1,         -0.11,          3.31,       2.15,      21.44,     70.92,          2.07
        9,          2,    2,          3.90,          3.31,       2.98,      29.82,     98.62,          3.28
        9,          2,    3,          5.28,          3.31,       3.49,      34.92,    115.47,          3.68
        9,          2,    4,          6.55,          3.31,       3.86,      38.65,    127.77,          4.35
        9,          2,    5,          7.21,          3.31,       4.18,      41.78,    138.07,          4.60
        9,          2,    6,          7.65,          3.31,       4.42,      44.16,    145.94,          4.77
        9,          2,    7,          7.98,          3.30,       4.63,      46.26,    152.85,          4.87
        9,          3,    1,          0.77,          3.31,       2.35,      23.48,     77.65,          2.22
        9,          3,    2,          4.94,          3.31,       3.33,      33.33,    110.20,          3.61
        9,          3,    3,          6.64,          3.31,       3.94,      39.43,    130.33,          4.34
        9,          3,    4,          7.30,          3.30,       4.37,      43.67,    144.32,          4.46
        9,          3,    5,          7.80,          3.30,       4.68,      46.77,    154.55,          4.61
        9,          3,    6,          8.55,          3.30,       4.91,      49.12,    162.32,          5.17
        9,          3,    7,          8.80,          3.30,       5.09,      50.92,    168.26,          5.26
        9,          4,    1,          1.45,          3.31,       2.55,      25.51,     84.40,          2.30
        9,          4,    2,          5.68,          3.31,       3.68,      36.74,    121.47,          3.78
        9,          4,    3,          7.39,          3.30,       4.36,      43.58,    144.02,          4.56
        9,          4,    4,          8.28,          3.30,       4.79,      47.91,    158.32,          5.01
        9,          4,    5,          8.72,          3.30,       5.10,      51.03,    168.63,          5.14
        9,          4,    6,          8.80,          3.30,       5.34,      53.44,    176.59,          4.97
        9,          4,    7,          9.40,          3.30,       5.55,      55.46,    183.24,          5.47
       10,          1,    1,         -0.55,          3.31,       2.00,      19.98,     66.11,          2.09
       10,          1,    2,          3.57,          3.31,       2.76,      27.62,     91.34,          3.38
       10,          1,    3,          5.13,          3.31,       3.20,      31.98,    105.75,          3.98
       10,          1,    4,          5.93,          3.31,       3.48,      34.82,    115.12,          4.29
       10,          1,    5,          6.54,          3.31,       3.75,      37.49,    123.92,          4.50
       10,          1,    6,          6.95,          3.31,       3.97,      39.64,    131.02,          4.63
       10,          1,    7,          7.27,          3.31,       4.18,      41.74,    137.98,          4.68
       10,          2,    1,          0.33,          3.31,       2.20,      21.98,     72.69,          2.21
       10,          2,    2,          4.35,          3.31,       3.11,      31.13,    102.93,          3.44
       10,          2,    3,          6.43,          3.31,       3.67,      36.72,    121.39,          4.51
       10,          2,    4,          7.37,          3.31,       4.07,      40.72,    134.58,          4.94
       10,          2,    5,          8.04,          3.30,       4.41,      44.10,    145.74,          5.23
       10,          2,    6,          8.49,          3.30,       4.68,      46.74,    154.46,          5.41
       10,          2,    7,          8.83,          3.30,       4.90,      48.98,    161.86,          5.54
       10,          3,    1,          1.46,          3.31,       2.41,      24.13,     79.81,          2.50
       10,          3,    2,          5.72,          3.31,       3.49,      34.89,    115.37,          4.08
       10,          3,    3,          7.30,          3.31,       4.16,      41.61,    137.52,          4.73
       10,          3,    4,          8.08,          3.30,       4.63,      46.28,    152.93,          4.99
       10,          3,    5,          9.04,          3.30,       4.97,      49.67,    164.14,          5.71
       10,          3,    6,          9.43,          3.30,       5.23,      52.30,    172.81,          5.89
       10,          3,    7,          9.69,          3.30,       5.43,      54.28,    179.35,          5.99
       10,          4,    1,          2.14,          3.31,       2.63,      26.35,     87.12,          2.59
       10,          4,    2,          6.46,          3.31,       3.86,      38.61,    127.62,          4.27
       10,          4,    3,          8.19,          3.30,       4.62,      46.15,    152.50,          5.12
       10,          4,    4,          8.82,          3.30,       5.10,      50.99,    168.49,          5.27
       10,          4,    5,          9.70,          3.30,       5.45,      54.45,    179.92,          5.98
       10,          4,    6,         10.05,          3.30,       5.70,      57.05,    188.49,          6.14
       10,          4,    7,         10.30,          3.30,       5.92,      59.22,    195.66,          6.24
       11,          1,    1,          0.07,          3.31,       2.03,      20.34,     67.29,          2.35
       11,          1,    2,          4.29,          3.31,       2.87,      28.75,     95.09,          3.78
       11,          1,    3,          5.90,          3.31,       3.34,      33.44,    110.58,          4.50
       11,          1,    4,          6.70,          3.31,       3.66,      36.54,    120.81,          4.83
       11,          1,    5,          7.01,          3.31,       3.94,      39.39,    130.20,          4.73
       11,          1,    6,          7.75,          3.31,       4.17,      41.66,    137.72,          5.24
       11,          1,    7,          8.13,          3.30,       4.39,      43.88,    145.03,          5.37
       11,          2,    1,          1.19,          3.31,       2.25,      22.47,     74.30,          2.61
       11,          2,    2,          5.45,          3.31,       3.25,      32.48,    107.39,          4.21
       11,          2,    3,          7.19,          3.31,       3.85,      38.53,    127.36,          5.07
       11,          2,    4,          8.15,          3.31,       4.28,      42.84,    141.60,          5.55
       11,          2,    5,          8.83,          3.30,       4.65,      46.52,    153.73,          5.89
       11,          2,    6,          9.05,          3.30,       4.94,      49.36,    163.10,          5.77
       11,          2,    7,          9.30,          3.30,       5.18,      51.83,    171.25,          5.78
       11,          3,    1,          1.73,          3.31,       2.47,      24.74,     81.82,          2.57
       11,          3,    2,          6.43,          3.31,       3.64,      36.40,    120.32,          4.56
       11,          3,    3,          8.24,          3.31,       4.38,      43.75,    144.60,          5.53
       11,          3,    4,          9.23,          3.30,       4.89,      48.87,    161.49,          6.09
       11,          3,    5,          9.86,          3.30,       5.27,      52.73,    174.24,          6.44
       11,          3,    6,         10.26,          3.30,       5.56,      55.61,    183.71,          6.65
       11,          3,    7,         10.53,          3.30,       5.78,      57.79,    190.95,          6.77
       11,          4,    1,          2.75,          3.31,       2.70,      27.00,     89.29,          2.88
       11,          4,    2,          6.91,          3.31,       4.04,      40.39,    133.50,          4.48
       11,          4,    3,          8.63,          3.30,       4.87,      48.75,    161.09,          5.32
       11,          4,    4,          9.97,          3.30,       5.42,      54.16,    178.94,          6.41
       11,          4,    5,         10.54,          3.30,       5.80,      58.04,    191.76,          6.75
       11,          4,    6,         10.91,          3.30,       6.09,      60.89,    201.16,          6.95
       11,          4,    7,         11.17,          3.30,       6.33,      63.24,    208.93,          7.08
       12,          1,    1,          0.65,          3.31,       2.08,      20.75,     68.64,          2.61
       12,          1,    2,          5.00,          3.31,       2.99,      29.89,     98.84,          4.23
       12,          1,    3,          6.63,          3.31,       3.51,      35.14,    116.20,          5.00
       12,          1,    4,          7.19,          3.31,       3.85,      38.52,    127.32,          5.07
       12,          1,    5,          8.17,          3.31,       4.16,      41.59,    137.45,          5.78
       12,          1,    6,          8.59,          3.30,       4.40,      43.96,    145.29,          5.96
       12,          1,    7,          8.97,          3.30,       4.64,      46.35,    153.17,          6.11
       12,          2,    1,          1.77,          3.31,       2.30,      23.01,     76.11,          2.89
       12,          2,    2,          6.16,          3.31,       3.38,      33.79,    111.71,          4.71
       12,          2,    3,          7.95,          3.31,       4.05,      40.54,    133.97,          5.68
       12,          2,    4,          8.69,          3.30,       4.53,      45.26,    149.58,          5.89
       12,          2,    5,          9.66,          3.30,       4.92,      49.25,    162.74,          6.67
       12,          2,    6,         10.14,          3.30,       5.24,      52.40,    173.12,          6.92
       12,          2,    7,         10.50,          3.30,       5.52,      55.15,    182.21,          7.10
       12,          3,    1,          2.66,          3.31,       2.53,      25.29,     83.67,          3.09
       12,          3,    2,          7.13,          3.31,       3.80,      37.98,    125.56,          5.08
       12,          3,    3,          9.02,          3.30,       4.62,      46.22,    152.73,          6.20
       12,          3,    4,          9.98,          3.30,       5.19,      51.87,    171.40,          6.75
       12,          3,    5,         10.35,          3.30,       5.62,      56.18,    185.61,          6.71
       12,          3,    6,         11.13,          3.30,       5.94,      59.42,    196.32,          7.53
       12,          3,    7,         11.42,          3.30,       6.19,      61.90,    204.53,          7.68
       12,          4,    1,          3.34,          3.31,       2.76,      27.59,     91.26,          3.21
       12,          4,    2,          7.88,          3.31,       4.23,      42.26,    139.66,          5.31
       12,          4,    3,          9.82,          3.30,       5.17,      51.65,    170.67,          6.53
       12,          4,    4,         10.82,          3.30,       5.78,      57.77,    190.87,          7.23
       12,          4,    5,         11.35,          3.30,       6.22,      62.21,    205.55,          7.52
       12,          4,    6,         11.45,          3.30,       6.53,      65.32,    215.82,          7.28
       12,          4,    7,         12.07,          3.30,       6.78,      67.83,    224.12,          8.06
       13,          1,    1,          1.21,          3.31,       2.12,      21.18,     70.06,          2.88
       13,          1,    2,          5.70,          3.31,       3.11,      31.10,    102.86,          4.71
       13,          1,    3,          7.50,          3.31,       3.70,      37.04,    122.44,          5.72
       13,          1,    4,          8.39,          3.31,       4.08,      40.76,    134.72,          6.23
       13,          1,    5,          9.02,          3.30,       4.41,      44.10,    145.74,          6.55
       13,          1,    6,          9.16,          3.30,       4.67,      46.67,    154.22,          6.33
       13,          1,    7,          9.87,          3.30,       4.93,      49.26,    162.75,          7.00
       13,          2,    1,          2.34,          3.31,       2.35,      23.45,     77.56,          3.20
       13,          2,    2,          6.86,          3.31,       3.53,      35.27,    116.60,          5.24
       13,          2,    3,          8.78,          3.31,       4.28,      42.81,    141.49,          6.43
       13,          2,    4,          9.81,          3.30,       4.79,      47.96,    158.47,          7.12
       13,          2,    5,         10.53,          3.30,       5.25,      52.48,    173.43,          7.56
       13,          2,    6,         10.75,          3.30,       5.60,      55.95,    184.86,          7.39
       13,          2,    7,         11.05,          3.30,       5.90,      59.03,    195.03,          7.44
       13,          3,    1,          3.23,          3.31,       2.58,      25.81,     85.36,          3.43
       13,          3,    2,          7.82,          3.31,       3.97,      39.73,    131.33,          5.64
       13,          3,    3,          9.83,          3.30,       4.89,      48.93,    161.67,          6.99
       13,          3,    4,         10.91,          3.30,       5.53,      55.32,    182.79,          7.77
       13,          3,    5,         11.61,          3.30,       6.03,      60.27,    199.13,          8.28
       13,          3,    6,         12.06,          3.30,       6.39,      63.88,    211.06,          8.60
       13,          3,    7,         12.38,          3.30,       6.67,      66.65,    220.21,          8.81
       13,          4,    1,          3.90,          3.31,       2.82,      28.22,     93.34,          3.54
       13,          4,    2,          8.31,          3.30,       4.42,      44.14,    145.89,          5.56
       13,          4,    3,         10.64,          3.30,       5.49,      54.88,    181.32,          7.36
       13,          4,    4,         11.70,          3.30,       6.20,      61.96,    204.72,          8.19
       13,          4,    5,         12.35,          3.30,       6.70,      66.96,    221.22,          8.72
       13,          4,    6,         12.76,          3.30,       7.05,      70.50,    232.92,          9.04
       13,          4,    7,         13.05,          3.30,       7.33,      73.27,    242.05,          9.25
       14,          1,    1,          1.65,          3.31,       2.15,      21.51,     71.14,          3.12
       14,          1,    2,          6.24,          3.31,       3.22,      32.17,    106.35,          5.12
       14,          1,    3,          7.96,          3.31,       3.89,      38.88,    128.55,          5.99
       14,          1,    4,          9.11,          3.30,       4.29,      42.95,    141.96,          6.92
       14,          1,    5,          9.78,          3.30,       4.66,      46.56,    153.86,          7.34
       14,          1,    6,         10.24,          3.30,       4.93,      49.30,    162.90,          7.61
       14,          1,    7,         10.64,          3.30,       5.21,      52.05,    171.97,          7.85
       14,          2,    1,          2.76,          3.31,       2.39,      23.85,     78.88,          3.44
       14,          2,    2,          7.41,          3.31,       3.65,      36.53,    120.76,          5.70
       14,          2,    3,          9.45,          3.30,       4.50,      44.95,    148.53,          7.08
       14,          2,    4,         10.29,          3.30,       5.06,      50.58,    167.11,          7.48
       14,          2,    5,         10.95,          3.30,       5.55,      55.52,    183.47,          7.80
       14,          2,    6,         11.81,          3.30,       5.93,      59.35,    196.10,          8.82
       14,          2,    7,         12.22,          3.30,       6.27,      62.69,    207.13,          9.11
       14,          3,    1,          3.61,          3.31,       2.63,      26.30,     86.98,          3.65
       14,          3,    2,          8.36,          3.31,       4.11,      41.10,    135.85,          6.13
       14,          3,    3,         10.51,          3.30,       5.14,      51.35,    169.67,          7.72
       14,          3,    4,         11.64,          3.30,       5.85,      58.45,    193.09,          8.64
       14,          3,    5,         12.32,          3.30,       6.40,      63.98,    211.37,          9.12
       14,          3,    6,         12.52,          3.30,       6.79,      67.94,    224.49,          8.92
       14,          3,    7,         13.21,          3.30,       7.10,      70.97,    234.44,          9.95
       14,          4,    1,          4.24,          3.31,       2.87,      28.70,     94.93,          3.75
       14,          4,    2,          9.09,          3.30,       4.58,      45.74,    151.15,          6.38
       14,          4,    3,         11.31,          3.30,       5.78,      57.77,    190.88,          8.11
       14,          4,    4,         12.45,          3.30,       6.57,      65.69,    217.03,          9.12
       14,          4,    5,         13.16,          3.30,       7.13,      71.29,    235.50,          9.79
       14,          4,    6,         13.59,          3.30,       7.50,      75.02,    247.82,         10.22
       14,          4,    7,         13.81,          3.30,       7.79,      77.90,    257.31,         10.30
       15,          1,    1,          1.62,          3.31,       2.18,      21.79,     72.08,          3.04
       15,          1,    2,          6.72,          3.31,       3.31,      33.15,    109.59,          5.50
       15,          1,    3,          8.81,          3.31,       4.06,      40.63,    134.31,          6.90
       15,          1,    4,          9.79,          3.30,       4.52,      45.20,    149.38,          7.61
       15,          1,    5,         10.48,          3.30,       4.90,      48.98,    161.85,          8.12
       15,          1,    6,         10.95,          3.30,       5.20,      51.97,    171.72,          8.43
       15,          1,    7,         11.37,          3.30,       5.49,      54.91,    181.43,          8.72
       15,          2,    1,          2.99,          3.31,       2.42,      24.18,     80.00,          3.57
       15,          2,    2,          7.63,          3.31,       3.76,      37.59,    124.24,          5.79
       15,          2,    3,          9.69,          3.30,       4.70,      46.96,    155.20,          7.12
       15,          2,    4,         11.20,          3.30,       5.32,      53.15,    175.64,          8.70
       15,          2,    5,         12.01,          3.30,       5.85,      58.48,    193.21,          9.39
       15,          2,    6,         12.55,          3.30,       6.25,      62.48,    206.43,          9.88
       15,          2,    7,         12.99,          3.30,       6.59,      65.89,    217.69,         10.29
       15,          3,    1,          3.78,          3.31,       2.67,      26.67,     88.21,          3.73
       15,          3,    2,          8.47,          3.31,       4.23,      42.33,    139.91,          6.08
       15,          3,    3,         11.11,          3.30,       5.37,      53.75,    177.60,          8.41
       15,          3,    4,         12.32,          3.30,       6.15,      61.47,    203.09,          9.55
       15,          3,    5,         13.14,          3.30,       6.73,      67.25,    222.21,         10.40
       15,          3,    6,         13.64,          3.30,       7.12,      71.23,    235.33,         10.96
       15,          3,    7,         13.99,          3.30,       7.42,      74.22,    245.20,         11.34
       15,          4,    1,          4.44,          3.31,       2.91,      29.08,     96.17,          3.86
       15,          4,    2,          9.53,          3.30,       4.70,      47.03,    155.41,          6.83
       15,          4,    3,         11.63,          3.30,       6.05,      60.48,    199.83,          8.29
       15,          4,    4,         12.78,          3.30,       6.91,      69.07,    228.17,          9.30
       15,          4,    5,         13.94,          3.30,       7.49,      74.88,    247.33,         11.11
       15,          4,    6,         14.41,          3.30,       7.88,      78.82,    260.36,         11.69
       15,          4,    7,         14.73,          3.30,       8.19,      81.93,    270.58,         12.07
       16,          1,    1,          2.11,          3.31,       2.21,      22.05,     72.93,          3.34
       16,          1,    2,          7.15,          3.31,       3.40,      33.99,    112.39,          5.90
       16,          1,    3,          9.42,          3.31,       4.25,      42.54,    140.62,          7.53
       16,          1,    4,         10.26,          3.30,       4.75,      47.52,    157.05,          8.00
       16,          1,    5,         10.86,          3.30,       5.16,      51.58,    170.42,          8.35
       16,          1,    6,         11.73,          3.30,       5.46,      54.56,    180.28,          9.55
       16,          1,    7,         12.18,          3.30,       5.76,      57.58,    190.24,          9.96
       16,          2,    1,          3.18,          3.31,       2.45,      24.51,     81.06,          3.66
       16,          2,    2,          8.30,          3.31,       3.87,      38.64,    127.72,          6.54
       16,          2,    3,         10.68,          3.30,       4.91,      49.04,    162.05,          8.49
       16,          2,    4,         11.86,          3.30,       5.57,      55.75,    184.18,          9.59
       16,          2,    5,         12.81,          3.30,       6.11,      61.13,    201.97,         10.76
       16,          2,    6,         13.39,          3.30,       6.53,      65.27,    215.64,         11.40
       16,          2,    7,         13.84,          3.30,       6.88,      68.79,    227.27,         11.93
       16,          3,    1,          4.01,          3.31,       2.70,      27.00,     89.29,          3.87
       16,          3,    2,          9.22,          3.30,       4.34,      43.43,    143.53,          7.01
       16,          3,    3,         11.73,          3.30,       5.61,      56.05,    185.21,          9.26
       16,          3,    4,         12.78,          3.30,       6.42,      64.22,    212.16,         10.10
       16,          3,    5,         13.98,          3.30,       7.03,      70.26,    232.15,         12.03
       16,          3,    6,         14.52,          3.30,       7.45,      74.45,    245.95,         12.76
       16,          3,    7,         14.88,          3.30,       7.77,      77.76,    256.79,         13.24
       16,          4,    1,          4.62,          3.31,       2.95,      29.45,     97.42,          3.96
       16,          4,    2,          9.91,          3.30,       4.82,      48.18,    159.21,          7.26
       16,          4,    3,         12.56,          3.30,       6.30,      62.97,    208.06,          9.82
       16,          4,    4,         13.99,          3.30,       7.23,      72.27,    238.75,         11.69
       16,          4,    5,         14.57,          3.30,       7.88,      78.79,    260.26,         12.14
       16,          4,    6,         15.36,          3.30,       8.31,      83.07,    274.29,         13.75
       16,          4,    7,         15.71,          3.30,       8.65,      86.48,    285.52,         14.24
       17,          1,    1,          2.26,          3.31,       2.23,      22.27,     73.68,          3.41
       17,          1,    2,          7.50,          3.31,       3.47,      34.74,    114.85,          6.22
       17,          1,    3,         10.01,          3.30,       4.40,      44.01,    145.46,          8.28
       17,          1,    4,         11.22,          3.30,       4.93,      49.26,    162.78,          9.56
       17,          1,    5,         11.95,          3.30,       5.35,      53.49,    176.72,         10.28
       17,          1,    6,         12.20,          3.30,       5.66,      56.59,    186.99,         10.22
       17,          1,    7,         12.99,          3.30,       5.97,      59.73,    197.36,         11.51
       17,          2,    1,          3.34,          3.31,       2.48,      24.80,     82.03,          3.74
       17,          2,    2,          8.64,          3.31,       3.95,      39.47,    130.49,          6.89
       17,          2,    3,         11.34,          3.30,       5.07,      50.67,    167.46,          9.52
       17,          2,    4,         12.72,          3.30,       5.78,      57.76,    190.83,         11.24
       17,          2,    5,         13.63,          3.30,       6.35,      63.53,    209.92,         12.44
       17,          2,    6,         14.22,          3.30,       6.77,      67.71,    223.70,         13.26
       17,          2,    7,         14.67,          3.30,       7.14,      71.42,    235.95,         13.86
       17,          3,    1,          4.07,          3.31,       2.73,      27.28,     90.22,          3.88
       17,          3,    2,          9.20,          3.31,       4.43,      44.31,    146.45,          6.81
       17,          3,    3,         12.43,          3.30,       5.78,      57.79,    190.95,         10.50
       17,          3,    4,         13.93,          3.30,       6.67,      66.65,    220.21,         12.63
       17,          3,    5,         14.86,          3.30,       7.33,      73.27,    242.04,         14.07
       17,          3,    6,         15.42,          3.30,       7.79,      77.89,    257.30,         14.94
       17,          3,    7,         15.80,          3.30,       8.15,      81.55,    269.27,         15.52
       17,          4,    1,          4.76,          3.31,       2.98,      29.81,     98.57,          4.03
       17,          4,    2,         10.21,          3.30,       4.92,      49.15,    162.41,          7.59
       17,          4,    3,         13.27,          3.30,       6.50,      64.96,    214.64,         11.14
       17,          4,    4,         14.55,          3.30,       7.55,      75.43,    249.20,         12.69
       17,          4,    5,         15.80,          3.30,       8.28,      82.87,    273.66,         15.24
       17,          4,    6,         16.31,          3.30,       8.76,      87.60,    289.19,         16.15
       17,          4,    7,         16.67,          3.30,       9.14,      91.38,    301.66,         16.73
       18,          1,    1,          2.42,          3.31,       2.25,      22.52,     74.51,          3.49
       18,          1,    2,          7.91,          3.31,       3.54,      35.38,    116.98,          6.69
       18,          1,    3,         10.84,          3.30,       4.52,      45.24,    149.51,          9.71
       18,          1,    4,         12.14,          3.30,       5.10,      50.98,    168.45,         11.36
       18,          1,    5,         12.74,          3.30,       5.56,      55.57,    183.62,         11.81
       18,          1,    6,         13.15,          3.30,       5.90,      58.95,    194.77,         12.12
       18,          1,    7,         13.97,          3.30,       6.23,      62.25,    205.68,         13.77
       18,          2,    1,          3.50,          3.31,       2.51,      25.09,     83.00,          3.83
       18,          2,    2,          9.14,          3.31,       4.02,      40.19,    132.86,          7.57
       18,          2,    3,         12.21,          3.30,       5.22,      52.19,    172.44,         11.23
       18,          2,    4,         13.69,          3.30,       6.02,      60.19,    198.86,         13.42
       18,          2,    5,         14.61,          3.30,       6.64,      66.40,    219.39,         14.82
       18,          2,    6,         14.92,          3.30,       7.10,      71.03,    234.67,         14.77
       18,          2,    7,         15.74,          3.30,       7.51,      75.12,    248.15,         16.75
       18,          3,    1,          4.32,          3.31,       2.76,      27.61,     91.33,          4.04
       18,          3,    2,         10.07,          3.30,       4.51,      45.09,    149.01,          8.17
       18,          3,    3,         13.31,          3.30,       5.96,      59.58,    196.85,         12.43
       18,          3,    4,         14.94,          3.30,       6.97,      69.66,    230.14,         15.16
       18,          3,    5,         15.91,          3.30,       7.73,      77.29,    255.30,         16.88
       18,          3,    6,         16.21,          3.30,       8.26,      82.62,    272.84,         16.81
       18,          3,    7,         16.53,          3.30,       8.67,      86.73,    286.34,         17.17
       18,          4,    1,          4.92,          3.31,       3.01,      30.14,     99.68,          4.13
       18,          4,    2,         10.77,          3.30,       4.99,      49.95,    165.04,          8.49
       18,          4,    3,         14.13,          3.30,       6.70,      66.99,    221.33,         13.14
       18,          4,    4,         15.86,          3.30,       7.92,      79.17,    261.46,         16.26
       18,          4,    5,         16.86,          3.30,       8.78,      87.82,    289.91,         18.27
       18,          4,    6,         17.41,          3.30,       9.34,      93.39,    308.23,         19.38
       18,          4,    7,         17.76,          3.30,       9.77,      97.65,    322.26,         20.05
       19,          1,    1,          2.44,          3.31,       2.28,      22.78,     75.33,          3.46
       19,          1,    2,          8.30,          3.31,       3.57,      35.75,    118.21,          7.23
       19,          1,    3,         11.72,          3.30,       4.63,      46.26,    152.88,         11.60
       19,          1,    4,         13.14,          3.30,       5.29,      52.92,    174.88,         13.72
       19,          1,    5,         14.03,          3.30,       5.81,      58.08,    191.90,         15.13
       19,          1,    6,         14.58,          3.30,       6.19,      61.91,    204.56,         15.97
       19,          1,    7,         15.06,          3.30,       6.56,      65.54,    216.53,         16.71
       19,          2,    1,          3.77,          3.31,       2.53,      25.33,     83.77,          4.03
       19,          2,    2,          9.91,          3.31,       4.07,      40.66,    134.40,          8.92
       19,          2,    3,         13.08,          3.30,       5.36,      53.58,    177.02,         13.35
       19,          2,    4,         14.61,          3.30,       6.27,      62.69,    207.12,         15.86
       19,          2,    5,         15.37,          3.30,       6.99,      69.84,    230.74,         16.70
       19,          2,    6,         16.35,          3.30,       7.51,      75.11,    248.11,         19.33
       19,          2,    7,         16.85,          3.30,       7.98,      79.80,    263.53,         20.28
       19,          3,    1,          4.62,          3.31,       2.79,      27.91,     92.31,          4.28
       19,          3,    2,         10.85,          3.30,       4.57,      45.70,    151.01,          9.62
       19,          3,    3,         14.12,          3.30,       6.11,      61.15,    202.05,         14.56
       19,          3,    4,         15.86,          3.30,       7.28,      72.75,    240.35,         17.88
       19,          3,    5,         16.67,          3.30,       8.17,      81.73,    269.86,         18.96
       19,          3,    6,         17.22,          3.30,       8.78,      87.80,    289.84,         19.88
       19,          3,    7,         18.00,          3.30,       9.26,      92.56,    305.51,         22.46
       19,          4,    1,          5.25,          3.31,       3.04,      30.43,    100.62,          4.40
       19,          4,    2,         11.52,          3.30,       5.07,      50.64,    167.35,          9.95
       19,          4,    3,         14.84,          3.30,       6.87,      68.67,    226.87,         15.08
       19,          4,    4,         16.69,          3.30,       8.25,      82.54,    272.56,         18.82
       19,          4,    5,         17.52,          3.30,       9.30,      93.00,    306.96,         20.02
       19,          4,    6,         18.43,          3.30,       9.96,      99.59,    328.66,         22.91
       19,          4,    7,         18.84,          3.30,      10.46,     104.55,    345.02,         23.87
       20,          1,    1,          3.60,          3.31,       2.30,      22.99,     76.04,          4.47
       20,          1,    2,          9.43,          3.31,       3.62,      36.16,    119.55,          9.26
       20,          1,    3,         12.44,          3.30,       4.74,      47.43,    156.72,         13.31
       20,          1,    4,         13.99,          3.30,       5.53,      55.25,    182.55,         15.90
       20,          1,    5,         14.95,          3.30,       6.11,      61.12,    201.94,         17.65
       20,          1,    6,         15.40,          3.30,       6.54,      65.40,    216.08,         18.12
       20,          1,    7,         15.65,          3.30,       6.93,      69.26,    228.83,         18.02
       20,          2,    1,          4.80,          3.31,       2.56,      25.54,     84.49,          5.06
       20,          2,    2,         10.70,          3.31,       4.12,      41.24,    136.30,         10.55
       20,          2,    3,         13.81,          3.30,       5.50,      55.00,    181.73,         15.31
       20,          2,    4,         15.53,          3.30,       6.55,      65.46,    216.27,         18.65
       20,          2,    5,         16.63,          3.30,       7.37,      73.64,    243.29,         21.06
       20,          2,    6,         17.29,          3.30,       7.96,      79.57,    262.83,         22.52
       20,          2,    7,         17.80,          3.30,       8.47,      84.66,    279.54,         23.63
       20,          3,    1,          5.49,          3.31,       2.82,      28.17,     93.19,          5.17
       20,          3,    2,         11.29,          3.30,       4.64,      46.38,    153.26,         10.46
       20,          3,    3,         14.81,          3.30,       6.26,      62.66,    207.04,         16.60
       20,          3,    4,         16.65,          3.30,       7.55,      75.54,    249.56,         20.56
       20,          3,    5,         17.83,          3.30,       8.60,      86.03,    284.04,         23.40
       20,          3,    6,         18.51,          3.30,       9.32,      93.14,    307.38,         25.08
       20,          3,    7,         18.97,          3.30,       9.86,      98.58,    325.31,         26.22
       20,          4,    1,          6.27,          3.31,       3.07,      30.72,    101.61,          5.50
       20,          4,    2,         11.95,          3.30,       5.14,      51.41,    169.87,         10.78
       20,          4,    3,         15.46,          3.30,       7.01,      70.11,    231.61,         17.01
       20,          4,    4,         17.38,          3.30,       8.54,      85.39,    281.95,         21.28
       20,          4,    5,         18.64,          3.30,       9.78,      97.79,    322.75,         24.51
       20,          4,    6,         19.32,          3.30,      10.58,     105.77,    349.04,         26.36
       20,          4,    7,         19.76,          3.30,      11.16,     111.57,    368.15,         27.52
       21,          1,    1,          4.36,          3.31,       2.32,      23.16,     76.59,          5.29
       21,          1,    2,          9.96,          3.31,       3.67,      36.71,    121.37,         10.29
       21,          1,    3,         12.70,          3.30,       4.85,      48.52,    160.33,         13.77
       21,          1,    4,         14.63,          3.30,       5.73,      57.32,    189.37,         17.68
       21,          1,    5,         15.68,          3.30,       6.41,      64.13,    211.90,         19.79
       21,          1,    6,         16.28,          3.30,       6.86,      68.65,    226.80,         21.03
       21,          1,    7,         16.76,          3.30,       7.28,      72.81,    240.54,         22.04
       21,          2,    1,          5.56,          3.31,       2.58,      25.79,     85.30,          5.98
       21,          2,    2,         11.22,          3.31,       4.19,      41.89,    138.46,         11.69
       21,          2,    3,         14.24,          3.30,       5.62,      56.18,    185.63,         16.52
       21,          2,    4,         15.76,          3.30,       6.76,      67.63,    223.46,         18.99
       21,          2,    5,         17.29,          3.30,       7.70,      77.03,    254.45,         23.35
       21,          2,    6,         17.99,          3.30,       8.36,      83.60,    276.02,         25.08
       21,          2,    7,         18.52,          3.30,       8.92,      89.22,    294.53,         26.39
       21,          3,    1,          6.46,          3.31,       2.85,      28.45,     94.09,          6.41
       21,          3,    2,         12.18,          3.30,       4.70,      47.05,    155.47,         12.65
       21,          3,    3,         15.29,          3.30,       6.39,      63.93,    211.22,         18.14
       21,          3,    4,         17.18,          3.30,       7.78,      77.79,    256.94,         22.50
       21,          3,    5,         18.39,          3.30,       8.98,      89.75,    296.29,         25.44
       21,          3,    6,         18.88,          3.30,       9.81,      98.04,    323.55,         25.88
       21,          3,    7,         19.72,          3.30,      10.44,     104.36,    344.39,         29.37
       21,          4,    1,          6.72,          3.31,       3.10,      31.00,    102.53,          6.05
       21,          4,    2,         12.84,          3.30,       5.22,      52.18,    172.40,         13.04
       21,          4,    3,         15.98,          3.30,       7.14,      71.40,    235.89,         18.76
       21,          4,    4,         17.91,          3.30,       8.76,      87.61,    289.27,         23.36
       21,          4,    5,         19.27,          3.30,      10.19,     101.84,    336.07,         27.18
       21,          4,    6,         20.05,          3.30,      11.16,     111.58,    368.16,         29.49
       21,          4,    7,         20.52,          3.30,      11.85,     118.49,    390.93,         30.77
       22,          1,    1,          4.47,          3.31,       2.34,      23.36,     77.25,          5.38
       22,          1,    2,         10.32,          3.31,       3.72,      37.22,    123.08,         11.00
       22,          1,    3,         13.33,          3.30,       4.94,      49.45,    163.39,         15.59
       22,          1,    4,         15.08,          3.30,       5.91,      59.08,    195.21,         18.96
       22,          1,    5,         16.23,          3.30,       6.68,      66.75,    220.53,         21.48
       22,          1,    6,         16.87,          3.30,       7.17,      71.77,    237.10,         22.94
       22,          1,    7,         17.38,          3.30,       7.63,      76.25,    251.86,         24.15
       22,          2,    1,          6.02,          3.31,       2.60,      26.02,     86.07,          6.56
       22,          2,    2,         11.28,          3.31,       4.25,      42.53,    140.57,         11.65
       22,          2,    3,         14.66,          3.30,       5.73,      57.29,    189.29,         17.80
       22,          2,    4,         16.51,          3.30,       6.96,      69.58,    229.89,         21.89
       22,          2,    5,         17.82,          3.30,       8.04,      80.37,    265.45,         25.19
       22,          2,    6,         18.58,          3.30,       8.78,      87.79,    289.82,         27.28
       22,          2,    7,         19.15,          3.30,       9.42,      94.23,    311.01,         28.75
       22,          3,    1,          7.03,          3.31,       2.87,      28.69,     94.88,          7.25
       22,          3,    2,         12.57,          3.30,       4.78,      47.75,    157.80,         13.64
       22,          3,    3,         15.53,          3.30,       6.54,      65.36,    215.93,         18.72
       22,          3,    4,         17.24,          3.30,       8.02,      80.15,    264.72,         22.10
       22,          3,    5,         18.99,          3.30,       9.38,      93.77,    309.50,         27.86
       22,          3,    6,         19.83,          3.30,      10.37,     103.72,    342.27,         30.35
       22,          3,    7,         20.40,          3.30,      11.15,     111.45,    367.76,         31.99
       22,          4,    1,          7.75,          3.31,       3.13,      31.27,    103.41,          7.62
       22,          4,    2,         13.29,          3.30,       5.30,      52.98,    175.03,         14.23
       22,          4,    3,         16.37,          3.30,       7.30,      72.98,    241.10,         20.08
       22,          4,    4,         18.04,          3.30,       9.02,      90.19,    297.75,         23.35
       22,          4,    5,         19.78,          3.30,      10.64,     106.36,    350.98,         29.17
       22,          4,    6,         20.67,          3.30,      11.83,     118.32,    390.36,         31.93
       22,          4,    7,         21.22,          3.30,      12.70,     126.94,    418.64,         33.69

