[Radio] Initializing ... success!
Connected to RF power monitor: Rohde&Schwarz,FPC1500,1328.6660K03/205785,V1.80
Connected to DC power monitor: radiolib-org,DCpowerMon,070dd3d
setCurrentLimit, code 0

Set [dBm],paDutyCycle,hpMax,Measured [dBm],Bus voltage[V],Voltage[mV],Current[mA],Power [mW],Efficiency [%]
       -9,          1,    1,        -17.48,          3.31,       0.98,       9.80,     32.43,          0.21
       -9,          1,    2,        -14.39,          3.31,       1.13,      11.27,     37.28,          0.27
       -9,          1,    3,        -13.03,          3.31,       1.23,      12.37,     40.93,          0.29
       -9,          1,    4,        -12.20,          3.31,       1.34,      13.40,     44.33,          0.29
       -9,          1,    5,        -11.57,          3.31,       1.44,      14.36,     47.48,          0.29
       -9,          1,    6,        -11.38,          3.31,       1.52,      15.24,     50.43,          0.27
       -9,          1,    7,        -10.62,          3.31,       1.61,      16.11,     53.29,          0.29
       -9,          2,    1,        -16.49,          3.31,       1.01,      10.07,     33.30,          0.23
       -9,          2,    2,        -13.26,          3.31,       1.18,      11.80,     39.01,          0.31
       -9,          2,    3,        -11.80,          3.31,       1.31,      13.10,     43.35,          0.34
       -9,          2,    4,        -10.87,          3.31,       1.42,      14.22,     47.04,          0.35
       -9,          2,    5,        -10.30,          3.31,       1.53,      15.27,     50.50,          0.35
       -9,          2,    6,         -9.97,          3.31,       1.62,      16.16,     53.47,          0.34
       -9,          2,    7,         -9.85,          3.31,       1.70,      16.98,     56.18,          0.32
       -9,          3,    1,        -16.07,          3.31,       1.04,      10.39,     34.39,          0.23
       -9,          3,    2,        -12.39,          3.31,       1.23,      12.31,     40.73,          0.34
       -9,          3,    3,        -10.95,          3.31,       1.38,      13.74,     45.45,          0.37
       -9,          3,    4,        -10.09,          3.31,       1.49,      14.93,     49.38,          0.38
       -9,          3,    5,         -9.59,          3.31,       1.59,      15.89,     52.57,          0.38
       -9,          3,    6,         -9.22,          3.31,       1.68,      16.78,     55.49,          0.38
       -9,          3,    7,         -9.00,          3.31,       1.76,      17.59,     58.19,          0.36
       -9,          4,    1,        -15.25,          3.31,       1.07,      10.73,     35.49,          0.25
       -9,          4,    2,        -12.14,          3.31,       1.29,      12.89,     42.65,          0.32
       -9,          4,    3,        -10.42,          3.31,       1.43,      14.36,     47.49,          0.38
       -9,          4,    4,         -9.62,          3.31,       1.55,      15.51,     51.32,          0.39
       -9,          4,    5,         -9.14,          3.31,       1.65,      16.52,     54.65,          0.39
       -9,          4,    6,         -8.79,          3.31,       1.74,      17.41,     57.60,          0.39
       -9,          4,    7,         -8.51,          3.31,       1.84,      18.36,     60.74,          0.38
       -8,          1,    1,        -16.19,          3.31,       1.01,      10.05,     33.26,          0.25
       -8,          1,    2,        -13.12,          3.31,       1.17,      11.67,     38.61,          0.33
       -8,          1,    3,        -11.85,          3.31,       1.29,      12.90,     42.66,          0.34
       -8,          1,    4,        -11.34,          3.31,       1.39,      13.88,     45.90,          0.33
       -8,          1,    5,        -10.33,          3.31,       1.49,      14.93,     49.39,          0.36
       -8,          1,    6,         -9.86,          3.31,       1.58,      15.83,     52.37,          0.36
       -8,          1,    7,         -9.46,          3.31,       1.67,      16.70,     55.25,          0.36
       -8,          2,    1,        -15.23,          3.31,       1.04,      10.42,     34.47,          0.28
       -8,          2,    2,        -12.01,          3.31,       1.23,      12.30,     40.67,          0.37
       -8,          2,    3,        -10.57,          3.31,       1.37,      13.70,     45.31,          0.41
       -8,          2,    4,         -9.81,          3.31,       1.49,      14.92,     49.37,          0.41
       -8,          2,    5,         -9.42,          3.31,       1.60,      15.96,     52.78,          0.39
       -8,          2,    6,         -8.63,          3.31,       1.69,      16.88,     55.84,          0.43
       -8,          2,    7,         -8.31,          3.31,       1.78,      17.75,     58.73,          0.42
       -8,          3,    1,        -14.42,          3.31,       1.08,      10.80,     35.73,          0.30
       -8,          3,    2,        -11.13,          3.31,       1.30,      12.98,     42.94,          0.40
       -8,          3,    3,         -9.70,          3.31,       1.45,      14.48,     47.89,          0.44
       -8,          3,    4,         -8.86,          3.31,       1.57,      15.71,     51.98,          0.46
       -8,          3,    5,         -8.38,          3.31,       1.67,      16.70,     55.26,          0.46
       -8,          3,    6,         -8.25,          3.31,       1.76,      17.62,     58.28,          0.43
       -8,          3,    7,         -7.76,          3.31,       1.85,      18.51,     61.23,          0.45
       -8,          4,    1,        -13.80,          3.31,       1.13,      11.26,     37.24,          0.31
       -8,          4,    2,        -10.53,          3.31,       1.36,      13.56,     44.84,          0.42
       -8,          4,    3,         -9.15,          3.31,       1.52,      15.15,     50.13,          0.46
       -8,          4,    4,         -8.38,          3.31,       1.64,      16.39,     54.24,          0.47
       -8,          4,    5,         -7.91,          3.31,       1.74,      17.41,     57.60,          0.48
       -8,          4,    6,         -7.57,          3.31,       1.84,      18.40,     60.87,          0.47
       -8,          4,    7,         -7.29,          3.31,       1.93,      19.34,     63.98,          0.46
       -7,          1,    1,        -15.28,          3.31,       1.03,      10.33,     34.18,          0.28
       -7,          1,    2,        -12.42,          3.31,       1.21,      12.07,     39.94,          0.35
       -7,          1,    3,        -10.75,          3.31,       1.34,      13.36,     44.18,          0.41
       -7,          1,    4,         -9.95,          3.31,       1.45,      14.44,     47.76,          0.42
       -7,          1,    5,         -9.31,          3.31,       1.55,      15.52,     51.32,          0.42
       -7,          1,    6,         -8.86,          3.31,       1.64,      16.44,     54.39,          0.42
       -7,          1,    7,         -8.46,          3.31,       1.73,      17.33,     57.32,          0.42
       -7,          2,    1,        -14.16,          3.31,       1.07,      10.75,     35.55,          0.32
       -7,          2,    2,        -11.21,          3.31,       1.28,      12.80,     42.33,          0.41
       -7,          2,    3,         -9.50,          3.31,       1.43,      14.30,     47.30,          0.48
       -7,          2,    4,         -8.61,          3.31,       1.56,      15.57,     51.49,          0.50
       -7,          2,    5,         -8.03,          3.31,       1.67,      16.64,     55.07,          0.50
       -7,          2,    6,         -7.61,          3.31,       1.76,      17.63,     58.30,          0.50
       -7,          2,    7,         -7.30,          3.31,       1.86,      18.56,     61.39,          0.49
       -7,          3,    1,        -13.34,          3.31,       1.12,      11.23,     37.16,          0.34
       -7,          3,    2,        -10.06,          3.31,       1.35,      13.52,     44.74,          0.47
       -7,          3,    3,         -8.70,          3.31,       1.52,      15.18,     50.23,          0.51
       -7,          3,    4,         -8.16,          3.31,       1.65,      16.48,     54.50,          0.50
       -7,          3,    5,         -7.34,          3.31,       1.75,      17.52,     57.95,          0.54
       -7,          3,    6,         -6.98,          3.31,       1.85,      18.47,     61.11,          0.53
       -7,          3,    7,         -6.73,          3.31,       1.94,      19.37,     64.05,          0.53
       -7,          4,    1,        -12.73,          3.31,       1.17,      11.66,     38.58,          0.36
       -7,          4,    2,         -9.46,          3.31,       1.42,      14.18,     46.89,          0.49
       -7,          4,    3,         -8.09,          3.31,       1.59,      15.89,     52.54,          0.54
       -7,          4,    4,         -7.33,          3.31,       1.72,      17.19,     56.87,          0.56
       -7,          4,    5,         -6.87,          3.31,       1.84,      18.36,     60.74,          0.55
       -7,          4,    6,         -6.76,          3.31,       1.93,      19.33,     63.95,          0.52
       -7,          4,    7,         -6.64,          3.31,       2.03,      20.27,     67.04,          0.50
       -6,          1,    1,        -14.19,          3.31,       1.06,      10.63,     35.16,          0.33
       -6,          1,    2,        -11.11,          3.31,       1.25,      12.51,     41.38,          0.44
       -6,          1,    3,         -9.80,          3.31,       1.39,      13.84,     45.78,          0.47
       -6,          1,    4,         -9.02,          3.31,       1.50,      14.97,     49.53,          0.49
       -6,          1,    5,         -8.39,          3.31,       1.61,      16.06,     53.12,          0.49
       -6,          1,    6,         -7.94,          3.31,       1.70,      17.02,     56.29,          0.49
       -6,          1,    7,         -7.56,          3.31,       1.80,      17.98,     59.49,          0.49
       -6,          2,    1,        -13.22,          3.31,       1.11,      11.13,     36.83,          0.36
       -6,          2,    2,        -10.34,          3.31,       1.33,      13.29,     43.96,          0.46
       -6,          2,    3,         -8.56,          3.31,       1.49,      14.90,     49.28,          0.55
       -6,          2,    4,         -7.68,          3.31,       1.62,      16.26,     53.78,          0.57
       -6,          2,    5,         -7.10,          3.31,       1.74,      17.37,     57.47,          0.58
       -6,          2,    6,         -6.68,          3.31,       1.84,      18.42,     60.93,          0.58
       -6,          2,    7,         -6.38,          3.31,       1.93,      19.32,     63.89,          0.57
       -6,          3,    1,        -12.45,          3.31,       1.16,      11.63,     38.48,          0.38
       -6,          3,    2,         -9.42,          3.31,       1.41,      14.09,     46.58,          0.50
       -6,          3,    3,         -7.69,          3.31,       1.59,      15.87,     52.49,          0.59
       -6,          3,    4,         -6.86,          3.31,       1.72,      17.22,     56.95,          0.62
       -6,          3,    5,         -6.39,          3.31,       1.84,      18.37,     60.75,          0.62
       -6,          3,    6,         -6.04,          3.31,       1.94,      19.36,     64.03,          0.62
       -6,          3,    7,         -5.80,          3.31,       2.02,      20.22,     66.88,          0.61
       -6,          4,    1,        -11.76,          3.31,       1.21,      12.14,     40.15,          0.40
       -6,          4,    2,         -8.49,          3.31,       1.49,      14.90,     49.28,          0.55
       -6,          4,    3,         -7.20,          3.31,       1.67,      16.71,     55.27,          0.60
       -6,          4,    4,         -6.70,          3.31,       1.81,      18.10,     59.87,          0.59
       -6,          4,    5,         -5.90,          3.31,       1.93,      19.26,     63.71,          0.64
       -6,          4,    6,         -5.56,          3.31,       2.03,      20.28,     67.08,          0.64
       -6,          4,    7,         -5.30,          3.31,       2.13,      21.31,     70.48,          0.63
       -5,          1,    1,        -12.55,          3.31,       1.13,      11.28,     37.30,          0.41
       -5,          1,    2,         -9.47,          3.31,       1.33,      13.33,     44.10,          0.56
       -5,          1,    3,         -8.18,          3.31,       1.48,      14.85,     49.14,          0.60
       -5,          1,    4,         -7.41,          3.31,       1.61,      16.06,     53.13,          0.62
       -5,          1,    5,         -6.86,          3.31,       1.72,      17.19,     56.84,          0.62
       -5,          1,    6,         -6.66,          3.31,       1.83,      18.28,     60.48,          0.59
       -5,          1,    7,         -6.35,          3.31,       1.93,      19.27,     63.75,          0.58
       -5,          2,    1,        -11.56,          3.31,       1.18,      11.81,     39.06,          0.45
       -5,          2,    2,         -8.35,          3.31,       1.43,      14.31,     47.33,          0.62
       -5,          2,    3,         -6.93,          3.31,       1.61,      16.10,     53.25,          0.68
       -5,          2,    4,         -6.05,          3.31,       1.75,      17.52,     57.97,          0.72
       -5,          2,    5,         -5.49,          3.31,       1.88,      18.81,     62.21,          0.73
       -5,          2,    6,         -5.08,          3.31,       1.99,      19.90,     65.83,          0.74
       -5,          2,    7,         -4.80,          3.31,       2.09,      20.85,     68.94,          0.73
       -5,          3,    1,        -11.10,          3.31,       1.24,      12.41,     41.06,          0.45
       -5,          3,    2,         -7.46,          3.31,       1.53,      15.29,     50.59,          0.67
       -5,          3,    3,         -6.06,          3.31,       1.72,      17.24,     57.04,          0.74
       -5,          3,    4,         -5.23,          3.31,       1.88,      18.77,     62.08,          0.78
       -5,          3,    5,         -4.76,          3.31,       2.00,      19.99,     66.13,          0.79
       -5,          3,    6,         -4.42,          3.31,       2.10,      21.01,     69.52,          0.79
       -5,          3,    7,         -4.24,          3.31,       2.19,      21.95,     72.59,          0.77
       -5,          4,    1,        -10.44,          3.31,       1.31,      13.06,     43.19,          0.46
       -5,          4,    2,         -6.83,          3.31,       1.62,      16.24,     53.73,          0.69
       -5,          4,    3,         -5.47,          3.31,       1.83,      18.31,     60.58,          0.77
       -5,          4,    4,         -4.71,          3.31,       1.99,      19.85,     65.66,          0.80
       -5,          4,    5,         -4.25,          3.31,       2.11,      21.07,     69.71,          0.81
       -5,          4,    6,         -3.92,          3.31,       2.22,      22.17,     73.33,          0.82
       -5,          4,    7,         -3.66,          3.31,       2.32,      23.25,     76.92,          0.81
       -4,          1,    1,        -11.91,          3.31,       1.15,      11.53,     38.14,          0.45
       -4,          1,    2,         -9.10,          3.31,       1.37,      13.76,     45.51,          0.57
       -4,          1,    3,         -7.48,          3.31,       1.53,      15.30,     50.62,          0.67
       -4,          1,    4,         -6.71,          3.31,       1.66,      16.57,     54.80,          0.69
       -4,          1,    5,         -6.10,          3.31,       1.78,      17.77,     58.77,          0.70
       -4,          1,    6,         -5.67,          3.31,       1.89,      18.86,     62.38,          0.70
       -4,          1,    7,         -5.30,          3.31,       1.99,      19.88,     65.77,          0.70
       -4,          2,    1,        -10.85,          3.31,       1.21,      12.12,     40.10,          0.50
       -4,          2,    2,         -7.66,          3.31,       1.48,      14.81,     49.01,          0.68
       -4,          2,    3,         -6.55,          3.31,       1.67,      16.67,     55.13,          0.70
       -4,          2,    4,         -5.35,          3.31,       1.82,      18.21,     60.24,          0.80
       -4,          2,    5,         -4.79,          3.31,       1.95,      19.51,     64.54,          0.81
       -4,          2,    6,         -4.38,          3.31,       2.06,      20.59,     68.10,          0.82
       -4,          2,    7,         -4.09,          3.31,       2.16,      21.59,     71.43,          0.82
       -4,          3,    1,        -10.04,          3.31,       1.28,      12.83,     42.44,          0.53
       -4,          3,    2,         -6.79,          3.31,       1.59,      15.88,     52.52,          0.73
       -4,          3,    3,         -5.68,          3.31,       1.80,      17.96,     59.42,          0.76
       -4,          3,    4,         -4.51,          3.31,       1.96,      19.56,     64.68,          0.86
       -4,          3,    5,         -4.05,          3.31,       2.08,      20.75,     68.63,          0.88
       -4,          3,    6,         -3.71,          3.31,       2.18,      21.86,     72.30,          0.88
       -4,          3,    7,         -3.48,          3.31,       2.28,      22.81,     75.47,          0.87
       -4,          4,    1,         -9.42,          3.31,       1.35,      13.46,     44.53,          0.55
       -4,          4,    2,         -6.12,          3.31,       1.69,      16.85,     55.74,          0.76
       -4,          4,    3,         -4.77,          3.31,       1.91,      19.07,     63.07,          0.85
       -4,          4,    4,         -4.31,          3.31,       2.07,      20.66,     68.35,          0.83
       -4,          4,    5,         -3.92,          3.31,       2.20,      21.98,     72.70,          0.83
       -4,          4,    6,         -3.21,          3.31,       2.31,      23.13,     76.49,          0.90
       -4,          4,    7,         -2.95,          3.31,       2.42,      24.17,     79.93,          0.90
       -3,          1,    1,        -11.21,          3.31,       1.18,      11.81,     39.08,          0.49
       -3,          1,    2,         -8.12,          3.31,       1.42,      14.15,     46.82,          0.67
       -3,          1,    3,         -6.83,          3.31,       1.58,      15.78,     52.20,          0.73
       -3,          1,    4,         -6.08,          3.31,       1.71,      17.08,     56.51,          0.75
       -3,          1,    5,         -5.77,          3.31,       1.83,      18.37,     60.75,          0.72
       -3,          1,    6,         -5.03,          3.31,       1.94,      19.46,     64.37,          0.77
       -3,          1,    7,         -4.66,          3.31,       2.05,      20.49,     67.78,          0.78
       -3,          2,    1,        -10.22,          3.31,       1.25,      12.46,     41.22,          0.54
       -3,          2,    2,         -6.99,          3.31,       1.53,      15.29,     50.58,          0.74
       -3,          2,    3,         -5.58,          3.31,       1.73,      17.26,     57.10,          0.83
       -3,          2,    4,         -4.70,          3.31,       1.89,      18.89,     62.49,          0.87
       -3,          2,    5,         -4.18,          3.31,       2.02,      20.20,     66.83,          0.88
       -3,          2,    6,         -4.03,          3.31,       2.14,      21.37,     70.69,          0.84
       -3,          2,    7,         -3.44,          3.31,       2.24,      22.35,     73.94,          0.90
       -3,          3,    1,         -9.77,          3.31,       1.32,      13.21,     43.70,          0.53
       -3,          3,    2,         -6.10,          3.31,       1.65,      16.47,     54.49,          0.80
       -3,          3,    3,         -4.68,          3.31,       1.87,      18.66,     61.72,          0.89
       -3,          3,    4,         -3.86,          3.31,       2.03,      20.29,     67.12,          0.95
       -3,          3,    5,         -3.40,          3.31,       2.16,      21.58,     71.39,          0.96
       -3,          3,    6,         -3.06,          3.31,       2.27,      22.68,     75.00,          0.96
       -3,          3,    7,         -2.87,          3.31,       2.37,      23.66,     78.25,          0.95
       -3,          4,    1,         -9.06,          3.31,       1.39,      13.89,     45.95,          0.56
       -3,          4,    2,         -5.84,          3.31,       1.75,      17.54,     58.03,          0.76
       -3,          4,    3,         -4.09,          3.31,       1.99,      19.89,     65.78,          0.93
       -3,          4,    4,         -3.33,          3.31,       2.15,      21.53,     71.22,          0.98
       -3,          4,    5,         -2.88,          3.31,       2.29,      22.88,     75.67,          0.99
       -3,          4,    6,         -2.55,          3.31,       2.40,      24.02,     79.45,          1.00
       -3,          4,    7,         -2.33,          3.31,       2.52,      25.18,     83.29,          0.98
       -2,          1,    1,        -10.39,          3.31,       1.23,      12.35,     40.85,          0.54
       -2,          1,    2,         -6.95,          3.31,       1.50,      15.00,     49.62,          0.78
       -2,          1,    3,         -5.66,          3.31,       1.67,      16.73,     55.34,          0.86
       -2,          1,    4,         -4.91,          3.31,       1.82,      18.17,     60.08,          0.89
       -2,          1,    5,         -4.30,          3.31,       1.95,      19.49,     64.47,          0.91
       -2,          1,    6,         -3.87,          3.31,       2.06,      20.62,     68.20,          0.92
       -2,          1,    7,         -3.51,          3.31,       2.17,      21.74,     71.89,          0.93
       -2,          2,    1,         -9.06,          3.31,       1.31,      13.14,     43.46,          0.63
       -2,          2,    2,         -5.82,          3.31,       1.63,      16.30,     53.93,          0.86
       -2,          2,    3,         -4.55,          3.31,       1.85,      18.47,     61.09,          0.94
       -2,          2,    4,         -3.89,          3.31,       2.02,      20.16,     66.70,          0.95
       -2,          2,    5,         -2.98,          3.31,       2.16,      21.57,     71.36,          1.06
       -2,          2,    6,         -2.57,          3.31,       2.28,      22.82,     75.47,          1.07
       -2,          2,    7,         -2.28,          3.31,       2.39,      23.88,     78.99,          1.07
       -2,          3,    1,         -8.24,          3.31,       1.39,      13.96,     46.17,          0.66
       -2,          3,    2,         -4.93,          3.31,       1.76,      17.58,     58.15,          0.93
       -2,          3,    3,         -3.54,          3.31,       2.00,      20.03,     66.25,          1.04
       -2,          3,    4,         -2.92,          3.31,       2.18,      21.81,     72.13,          1.05
       -2,          3,    5,         -2.22,          3.31,       2.32,      23.18,     76.67,          1.13
       -2,          3,    6,         -1.88,          3.31,       2.44,      24.35,     80.54,          1.14
       -2,          3,    7,         -1.64,          3.31,       2.54,      25.42,     84.09,          1.13
       -2,          4,    1,         -7.62,          3.31,       1.48,      14.81,     48.99,          0.68
       -2,          4,    2,         -4.28,          3.31,       1.89,      18.88,     62.45,          0.96
       -2,          4,    3,         -2.90,          3.31,       2.14,      21.40,     70.79,          1.09
       -2,          4,    4,         -2.14,          3.31,       2.32,      23.21,     76.77,          1.15
       -2,          4,    5,         -1.69,          3.31,       2.47,      24.70,     81.69,          1.17
       -2,          4,    6,         -1.37,          3.31,       2.59,      25.92,     85.74,          1.18
       -2,          4,    7,         -1.25,          3.31,       2.71,      27.13,     89.71,          1.13
       -1,          1,    1,         -9.49,          3.31,       1.29,      12.88,     42.61,          0.60
       -1,          1,    2,         -6.00,          3.31,       1.57,      15.75,     52.12,          0.89
       -1,          1,    3,         -4.71,          3.31,       1.76,      17.61,     58.25,          0.98
       -1,          1,    4,         -3.95,          3.31,       1.91,      19.13,     63.27,          1.02
       -1,          1,    5,         -3.36,          3.31,       2.05,      20.51,     67.83,          1.05
       -1,          1,    6,         -2.93,          3.31,       2.17,      21.72,     71.83,          1.06
       -1,          1,    7,         -2.62,          3.31,       2.29,      22.91,     75.78,          1.05
       -1,          2,    1,         -8.25,          3.31,       1.37,      13.73,     45.43,          0.69
       -1,          2,    2,         -5.22,          3.31,       1.72,      17.16,     56.77,          0.91
       -1,          2,    3,         -3.45,          3.31,       1.95,      19.54,     64.63,          1.11
       -1,          2,    4,         -2.58,          3.31,       2.13,      21.37,     70.70,          1.18
       -1,          2,    5,         -2.02,          3.31,       2.29,      22.89,     75.69,          1.21
       -1,          2,    6,         -1.61,          3.31,       2.42,      24.18,     79.98,          1.23
       -1,          2,    7,         -1.33,          3.31,       2.54,      25.34,     83.79,          1.23
       -1,          3,    1,         -7.31,          3.31,       1.47,      14.69,     48.58,          0.75
       -1,          3,    2,         -3.97,          3.31,       1.87,      18.66,     61.70,          1.05
       -1,          3,    3,         -2.70,          3.31,       2.13,      21.29,     70.43,          1.15
       -1,          3,    4,         -2.07,          3.31,       2.32,      23.23,     76.84,          1.17
       -1,          3,    5,         -1.24,          3.31,       2.47,      24.69,     81.66,          1.30
       -1,          3,    6,         -0.91,          3.31,       2.59,      25.92,     85.73,          1.31
       -1,          3,    7,         -0.68,          3.31,       2.70,      27.03,     89.40,          1.30
       -1,          4,    1,         -6.69,          3.31,       1.56,      15.56,     51.47,          0.77
       -1,          4,    2,         -3.32,          3.31,       2.01,      20.06,     66.36,          1.09
       -1,          4,    3,         -1.93,          3.31,       2.28,      22.84,     75.53,          1.24
       -1,          4,    4,         -1.29,          3.31,       2.48,      24.80,     82.05,          1.27
       -1,          4,    5,         -1.07,          3.31,       2.64,      26.38,     87.25,          1.23
       -1,          4,    6,         -0.39,          3.31,       2.77,      27.66,     91.49,          1.35
       -1,          4,    7,         -0.14,          3.31,       2.89,      28.94,     95.69,          1.34
        0,          1,    1,         -8.26,          3.31,       1.34,      13.42,     44.40,          0.72
        0,          1,    2,         -5.10,          3.31,       1.65,      16.55,     54.75,          1.00
        0,          1,    3,         -3.80,          3.31,       1.86,      18.58,     61.46,          1.11
        0,          1,    4,         -3.05,          3.31,       2.02,      20.15,     66.64,          1.16
        0,          1,    5,         -2.45,          3.31,       2.16,      21.61,     71.49,          1.19
        0,          1,    6,         -2.34,          3.31,       2.29,      22.92,     75.81,          1.12
        0,          1,    7,         -2.06,          3.31,       2.41,      24.08,     79.66,          1.11
        0,          2,    1,         -7.65,          3.31,       1.44,      14.40,     47.65,          0.72
        0,          2,    2,         -3.97,          3.31,       1.81,      18.16,     60.07,          1.11
        0,          2,    3,         -2.54,          3.31,       2.06,      20.62,     68.19,          1.26
        0,          2,    4,         -1.67,          3.31,       2.26,      22.61,     74.78,          1.34
        0,          2,    5,         -1.11,          3.31,       2.42,      24.22,     80.08,          1.38
        0,          2,    6,         -0.70,          3.31,       2.56,      25.62,     84.73,          1.40
        0,          2,    7,         -0.42,          3.31,       2.69,      26.84,     88.77,          1.40
        0,          3,    1,         -6.47,          3.31,       1.54,      15.38,     50.86,          0.83
        0,          3,    2,         -3.36,          3.31,       1.98,      19.80,     65.50,          1.11
        0,          3,    3,         -2.01,          3.31,       2.25,      22.57,     74.66,          1.24
        0,          3,    4,         -0.79,          3.31,       2.47,      24.70,     81.68,          1.44
        0,          3,    5,         -0.32,          3.31,       2.63,      26.27,     86.88,          1.47
        0,          3,    6,          0.01,          3.31,       2.76,      27.58,     91.21,          1.49
        0,          3,    7,          0.24,          3.31,       2.87,      28.74,     95.03,          1.48
        0,          4,    1,         -5.81,          3.31,       1.64,      16.42,     54.32,          0.85
        0,          4,    2,         -2.42,          3.31,       2.13,      21.30,     70.46,          1.22
        0,          4,    3,         -1.29,          3.31,       2.43,      24.32,     80.45,          1.31
        0,          4,    4,         -0.24,          3.31,       2.65,      26.48,     87.56,          1.48
        0,          4,    5,          0.21,          3.31,       2.82,      28.14,     93.04,          1.51
        0,          4,    6,          0.54,          3.31,       2.95,      29.53,     97.65,          1.53
        0,          4,    7,          0.79,          3.31,       3.08,      30.79,    101.81,          1.53
        1,          1,    1,         -7.49,          3.31,       1.39,      13.93,     46.07,          0.80
        1,          1,    2,         -4.29,          3.31,       1.73,      17.28,     57.15,          1.12
        1,          1,    3,         -2.99,          3.31,       1.95,      19.49,     64.46,          1.24
        1,          1,    4,         -2.23,          3.31,       2.11,      21.16,     69.99,          1.29
        1,          1,    5,         -1.72,          3.31,       2.27,      22.67,     74.97,          1.32
        1,          1,    6,         -1.57,          3.31,       2.40,      24.01,     79.42,          1.25
        1,          1,    7,         -0.86,          3.31,       2.53,      25.32,     83.76,          1.37
        1,          2,    1,         -6.48,          3.31,       1.50,      14.96,     49.48,          0.87
        1,          2,    2,         -3.16,          3.31,       1.90,      19.05,     63.03,          1.23
        1,          2,    3,         -1.72,          3.31,       2.17,      21.72,     71.84,          1.40
        1,          2,    4,         -0.85,          3.31,       2.38,      23.84,     78.84,          1.49
        1,          2,    5,         -0.29,          3.31,       2.56,      25.59,     84.64,          1.53
        1,          2,    6,          0.12,          3.31,       2.70,      27.05,     89.45,          1.56
        1,          2,    7,          0.33,          3.31,       2.83,      28.31,     93.62,          1.54
        1,          3,    1,         -5.98,          3.31,       1.61,      16.07,     53.17,          0.86
        1,          3,    2,         -2.26,          3.31,       2.08,      20.79,     68.77,          1.32
        1,          3,    3,         -0.81,          3.31,       2.39,      23.84,     78.86,          1.50
        1,          3,    4,          0.03,          3.31,       2.62,      26.14,     86.46,          1.60
        1,          3,    5,          0.50,          3.31,       2.78,      27.77,     91.85,          1.65
        1,          3,    6,          0.84,          3.31,       2.92,      29.21,     96.61,          1.66
        1,          3,    7,          1.07,          3.31,       3.04,      30.37,    100.43,          1.67
        1,          4,    1,         -5.03,          3.31,       1.72,      17.16,     56.75,          0.95
        1,          4,    2,         -1.63,          3.31,       2.25,      22.52,     74.47,          1.35
        1,          4,    3,         -0.51,          3.31,       2.58,      25.83,     85.43,          1.44
        1,          4,    4,          0.59,          3.31,       2.81,      28.09,     92.88,          1.66
        1,          4,    5,          1.05,          3.31,       2.98,      29.84,     98.66,          1.70
        1,          4,    6,          1.37,          3.31,       3.13,      31.26,    103.39,          1.72
        1,          4,    7,          1.62,          3.31,       3.26,      32.63,    107.91,          1.73
        2,          1,    1,         -6.48,          3.31,       1.47,      14.72,     48.68,          0.90
        2,          1,    2,         -3.22,          3.31,       1.85,      18.47,     61.08,          1.28
        2,          1,    3,         -1.93,          3.31,       2.08,      20.80,     68.79,          1.43
        2,          1,    4,         -1.46,          3.31,       2.26,      22.54,     74.57,          1.41
        2,          1,    5,         -0.56,          3.31,       2.43,      24.25,     80.22,          1.56
        2,          1,    6,         -0.15,          3.31,       2.57,      25.70,     84.99,          1.58
        2,          1,    7,          0.21,          3.31,       2.71,      27.05,     89.46,          1.60
        2,          2,    1,         -5.47,          3.31,       1.58,      15.83,     52.35,          0.99
        2,          2,    2,         -2.10,          3.31,       2.04,      20.37,     67.40,          1.41
        2,          2,    3,         -0.65,          3.31,       2.34,      23.38,     77.32,          1.61
        2,          2,    4,          0.22,          3.31,       2.57,      25.64,     84.81,          1.72
        2,          2,    5,          0.76,          3.31,       2.75,      27.52,     91.02,          1.77
        2,          2,    6,          0.88,          3.31,       2.91,      29.10,     96.23,          1.69
        2,          2,    7,          1.11,          3.31,       3.04,      30.41,    100.57,          1.68
        2,          3,    1,         -5.01,          3.31,       1.71,      17.04,     56.37,          0.96
        2,          3,    2,         -1.19,          3.31,       2.24,      22.36,     73.96,          1.51
        2,          3,    3,          0.28,          3.31,       2.58,      25.80,     85.32,          1.73
        2,          3,    4,          1.12,          3.31,       2.83,      28.29,     93.55,          1.85
        2,          3,    5,          1.60,          3.31,       3.00,      30.03,     99.31,          1.91
        2,          3,    6,          1.94,          3.31,       3.15,      31.53,    104.25,          1.94
        2,          3,    7,          2.09,          3.31,       3.27,      32.75,    108.29,          1.91
        2,          4,    1,         -4.36,          3.31,       1.83,      18.34,     60.65,          0.99
        2,          4,    2,         -0.53,          3.31,       2.43,      24.27,     80.27,          1.56
        2,          4,    3,          0.91,          3.31,       2.80,      27.98,     92.53,          1.79
        2,          4,    4,          1.69,          3.31,       3.04,      30.38,    100.46,          1.92
        2,          4,    5,          2.15,          3.31,       3.23,      32.32,    106.85,          1.97
        2,          4,    6,          2.48,          3.31,       3.38,      33.82,    111.83,          2.01
        2,          4,    7,          2.72,          3.31,       3.52,      35.22,    116.43,          2.02
        3,          1,    1,         -5.91,          3.31,       1.52,      15.19,     50.25,          0.97
        3,          1,    2,         -2.86,          3.31,       1.92,      19.21,     63.54,          1.30
        3,          1,    3,         -1.26,          3.31,       2.17,      21.69,     71.75,          1.56
        3,          1,    4,         -0.51,          3.31,       2.36,      23.55,     77.90,          1.64
        3,          1,    5,          0.08,          3.31,       2.53,      25.30,     83.68,          1.70
        3,          1,    6,          0.50,          3.31,       2.68,      26.82,     88.71,          1.73
        3,          1,    7,          0.85,          3.31,       2.82,      28.22,     93.32,          1.75
        3,          2,    1,         -4.88,          3.31,       1.64,      16.43,     54.34,          1.06
        3,          2,    2,         -1.49,          3.31,       2.12,      21.28,     70.38,          1.52
        3,          2,    3,         -0.29,          3.31,       2.44,      24.38,     80.64,          1.64
        3,          2,    4,          0.87,          3.31,       2.68,      26.84,     88.76,          1.88
        3,          2,    5,          1.44,          3.31,       2.88,      28.80,     95.22,          1.95
        3,          2,    6,          1.85,          3.31,       3.04,      30.38,    100.48,          1.99
        3,          2,    7,          2.13,          3.31,       3.18,      31.79,    105.12,          2.01
        3,          3,    1,         -4.06,          3.31,       1.77,      17.70,     58.53,          1.13
        3,          3,    2,         -0.56,          3.31,       2.34,      23.37,     77.29,          1.64
        3,          3,    3,          0.87,          3.31,       2.70,      26.99,     89.28,          1.87
        3,          3,    4,          1.44,          3.31,       2.96,      29.62,     97.94,          1.88
        3,          3,    5,          1.87,          3.31,       3.15,      31.46,    104.01,          1.92
        3,          3,    6,          2.60,          3.31,       3.30,      33.01,    109.15,          2.13
        3,          3,    7,          2.82,          3.31,       3.42,      34.23,    113.17,          2.14
        3,          4,    1,         -3.43,          3.31,       1.90,      19.03,     62.96,          1.15
        3,          4,    2,          0.10,          3.31,       2.54,      25.45,     84.18,          1.69
        3,          4,    3,          1.56,          3.31,       2.93,      29.36,     97.08,          1.95
        3,          4,    4,          2.25,          3.31,       3.19,      31.94,    105.61,          2.05
        3,          4,    5,          2.46,          3.31,       3.38,      33.81,    111.80,          2.00
        3,          4,    6,          3.14,          3.31,       3.54,      35.39,    116.99,          2.21
        3,          4,    7,          3.38,          3.31,       3.68,      36.81,    121.68,          2.22
        4,          1,    1,         -4.87,          3.31,       1.61,      16.08,     53.18,          1.11
        4,          1,    2,         -1.46,          3.31,       2.06,      20.58,     68.08,          1.61
        4,          1,    3,         -0.12,          3.31,       2.33,      23.32,     77.12,          1.82
        4,          1,    4,          0.63,          3.31,       2.53,      25.33,     83.79,          1.93
        4,          1,    5,          1.20,          3.31,       2.72,      27.22,     90.02,          1.99
        4,          1,    6,          1.29,          3.31,       2.88,      28.79,     95.21,          1.88
        4,          1,    7,          1.98,          3.31,       3.03,      30.26,    100.08,          2.07
        4,          2,    1,         -3.85,          3.31,       1.74,      17.43,     57.65,          1.21
        4,          2,    2,         -0.36,          3.31,       2.29,      22.87,     75.63,          1.77
        4,          2,    3,          1.13,          3.31,       2.64,      26.38,     87.25,          2.04
        4,          2,    4,          2.01,          3.31,       2.90,      28.99,     95.85,          2.20
        4,          2,    5,          2.59,          3.31,       3.11,      31.05,    102.69,          2.30
        4,          2,    6,          3.00,          3.31,       3.28,      32.84,    108.57,          2.35
        4,          2,    7,          3.29,          3.31,       3.43,      34.24,    113.19,          2.38
        4,          3,    1,         -3.39,          3.31,       1.89,      18.91,     62.54,          1.18
        4,          3,    2,          0.55,          3.31,       2.53,      25.28,     83.62,          1.90
        4,          3,    3,          2.07,          3.31,       2.93,      29.28,     96.82,          2.21
        4,          3,    4,          2.94,          3.31,       3.21,      32.09,    106.13,          2.39
        4,          3,    5,          3.43,          3.31,       3.41,      34.07,    112.63,          2.48
        4,          3,    6,          3.77,          3.31,       3.57,      35.68,    117.95,          2.53
        4,          3,    7,          4.00,          3.31,       3.70,      36.99,    122.28,          2.55
        4,          4,    1,         -2.49,          3.31,       2.04,      20.37,     67.35,          1.29
        4,          4,    2,          0.88,          3.31,       2.76,      27.57,     91.18,          1.82
        4,          4,    3,          2.73,          3.31,       3.19,      31.88,    105.42,          2.29
        4,          4,    4,          3.53,          3.31,       3.47,      34.65,    114.54,          2.48
        4,          4,    5,          4.00,          3.31,       3.67,      36.74,    121.47,          2.57
        4,          4,    6,          4.32,          3.31,       3.84,      38.40,    126.94,          2.62
        4,          4,    7,          4.56,          3.31,       3.99,      39.93,    131.98,          2.64
        5,          1,    1,         -4.25,          3.31,       1.66,      16.65,     55.07,          1.20
        5,          1,    2,         -0.78,          3.31,       2.15,      21.56,     71.30,          1.76
        5,          1,    3,          0.48,          3.31,       2.44,      24.39,     80.67,          1.96
        5,          1,    4,          0.98,          3.31,       2.65,      26.53,     87.76,          1.96
        5,          1,    5,          1.91,          3.31,       2.85,      28.48,     94.19,          2.21
        5,          1,    6,          2.32,          3.31,       3.01,      30.08,     99.46,          2.26
        5,          1,    7,          2.68,          3.31,       3.16,      31.61,    104.53,          2.30
        5,          2,    1,         -3.24,          3.31,       1.82,      18.16,     60.07,          1.31
        5,          2,    2,          0.33,          3.31,       2.39,      23.92,     79.11,          1.95
        5,          2,    3,          1.83,          3.31,       2.76,      27.60,     91.28,          2.26
        5,          2,    4,          2.72,          3.31,       3.04,      30.36,    100.38,          2.44
        5,          2,    5,          3.21,          3.31,       3.26,      32.60,    107.80,          2.49
        5,          2,    6,          3.41,          3.31,       3.44,      34.38,    113.66,          2.44
        5,          2,    7,          4.02,          3.31,       3.59,      35.90,    118.69,          2.66
        5,          3,    1,         -2.41,          3.31,       1.97,      19.71,     65.20,          1.39
        5,          3,    2,          1.25,          3.31,       2.65,      26.54,     87.77,          2.08
        5,          3,    3,          2.79,          3.31,       3.07,      30.72,    101.60,          2.44
        5,          3,    4,          3.67,          3.31,       3.37,      33.70,    111.44,          2.66
        5,          3,    5,          4.17,          3.31,       3.58,      35.79,    118.34,          2.76
        5,          3,    6,          4.52,          3.31,       3.75,      37.51,    124.01,          2.83
        5,          3,    7,          4.68,          3.31,       3.89,      38.94,    128.71,          2.80
        5,          4,    1,         -2.05,          3.31,       2.13,      21.27,     70.36,          1.34
        5,          4,    2,          1.56,          3.31,       2.90,      28.98,     95.85,          1.99
        5,          4,    3,          3.46,          3.31,       3.35,      33.53,    110.86,          2.55
        5,          4,    4,          4.28,          3.31,       3.65,      36.50,    120.66,          2.76
        5,          4,    5,          4.76,          3.31,       3.87,      38.70,    127.95,          2.87
        5,          4,    6,          5.08,          3.31,       4.04,      40.43,    133.63,          2.93
        5,          4,    7,          5.33,          3.31,       4.20,      42.02,    138.89,          2.96
        6,          1,    1,         -3.50,          3.31,       1.74,      17.41,     57.60,          1.32
        6,          1,    2,         -0.08,          3.31,       2.27,      22.73,     75.18,          1.91
        6,          1,    3,          1.12,          3.31,       2.58,      25.80,     85.31,          2.11
        6,          1,    4,          2.24,          3.31,       2.80,      28.03,     92.70,          2.43
        6,          1,    5,          2.82,          3.31,       3.01,      30.05,     99.36,          2.54
        6,          1,    6,          3.24,          3.31,       3.18,      31.76,    105.02,          2.59
        6,          1,    7,          3.60,          3.31,       3.34,      33.35,    110.29,          2.65
        6,          2,    1,         -2.46,          3.31,       1.90,      19.03,     62.95,          1.45
        6,          2,    2,          1.21,          3.31,       2.54,      25.36,     83.89,          2.20
        6,          2,    3,          2.68,          3.31,       2.93,      29.30,     96.90,          2.53
        6,          2,    4,          3.30,          3.31,       3.22,      32.20,    106.48,          2.59
        6,          2,    5,          4.25,          3.31,       3.45,      34.55,    114.21,          2.95
        6,          2,    6,          4.68,          3.31,       3.65,      36.53,    120.79,          3.03
        6,          2,    7,          4.98,          3.31,       3.82,      38.13,    126.06,          3.08
        6,          3,    1,         -1.63,          3.31,       2.07,      20.65,     68.30,          1.54
        6,          3,    2,          2.14,          3.31,       2.81,      28.14,     93.04,          2.37
        6,          3,    3,          3.73,          3.31,       3.27,      32.71,    108.14,          2.80
        6,          3,    4,          4.62,          3.31,       3.59,      35.87,    118.61,          3.05
        6,          3,    5,          4.86,          3.31,       3.82,      38.20,    126.28,          2.99
        6,          3,    6,          5.12,          3.31,       4.00,      40.04,    132.33,          2.99
        6,          3,    7,          5.73,          3.31,       4.15,      41.50,    137.16,          3.30
        6,          4,    1,         -0.99,          3.31,       2.24,      22.36,     73.97,          1.58
        6,          4,    2,          2.84,          3.31,       3.08,      30.79,    101.81,          2.47
        6,          4,    3,          4.42,          3.31,       3.58,      35.74,    118.18,          2.93
        6,          4,    4,          5.26,          3.31,       3.90,      39.01,    128.95,          3.19
        6,          4,    5,          5.73,          3.30,       4.14,      41.37,    136.71,          3.31
        6,          4,    6,          5.78,          3.30,       4.32,      43.19,    142.72,          3.18
        6,          4,    7,          6.32,          3.30,       4.48,      44.82,    148.14,          3.44
        7,          1,    1,         -2.68,          3.31,       1.82,      18.23,     60.31,          1.48
        7,          1,    2,          1.06,          3.31,       2.40,      24.02,     79.44,          2.30
        7,          1,    3,          2.49,          3.31,       2.74,      27.37,     90.52,          2.66
        7,          1,    4,          3.26,          3.31,       2.97,      29.75,     98.40,          2.84
        7,          1,    5,          3.85,          3.31,       3.19,      31.93,    105.59,          2.97
        7,          1,    6,          4.24,          3.31,       3.37,      33.69,    111.40,          3.03
        7,          1,    7,          4.37,          3.31,       3.54,      35.40,    117.05,          2.94
        7,          2,    1,         -1.98,          3.31,       2.00,      19.98,     66.08,          1.50
        7,          2,    2,          2.20,          3.31,       2.69,      26.91,     88.98,          2.55
        7,          2,    3,          3.78,          3.31,       3.12,      31.17,    103.07,          3.01
        7,          2,    4,          4.69,          3.31,       3.43,      34.31,    113.43,          3.29
        7,          2,    5,          5.31,          3.31,       3.69,      36.91,    122.00,          3.46
        7,          2,    6,          5.74,          3.31,       3.90,      39.04,    129.04,          3.56
        7,          2,    7,          6.04,          3.31,       4.08,      40.76,    134.70,          3.62
        7,          3,    1,         -1.05,          3.31,       2.17,      21.75,     71.93,          1.63
        7,          3,    2,          3.15,          3.31,       2.99,      29.92,     98.94,          2.75
        7,          3,    3,          4.77,          3.31,       3.49,      34.93,    115.46,          3.28
        7,          3,    4,          5.68,          3.31,       3.85,      38.50,    127.25,          3.58
        7,          3,    5,          6.22,          3.31,       4.10,      41.00,    135.50,          3.75
        7,          3,    6,          6.58,          3.31,       4.30,      43.01,    142.16,          3.85
        7,          3,    7,          6.82,          3.30,       4.45,      44.53,    147.17,          3.90
        7,          4,    1,         -0.13,          3.31,       2.35,      23.56,     77.93,          1.79
        7,          4,    2,          3.73,          3.31,       3.29,      32.86,    108.67,          2.78
        7,          4,    3,          5.13,          3.31,       3.84,      38.38,    126.88,          3.16
        7,          4,    4,          6.34,          3.31,       4.20,      41.98,    138.75,          3.74
        7,          4,    5,          6.83,          3.30,       4.45,      44.51,    147.09,          3.91
        7,          4,    6,          7.17,          3.30,       4.65,      46.52,    153.72,          4.01
        7,          4,    7,          7.41,          3.30,       4.82,      48.23,    159.36,          4.06
        8,          1,    1,         -1.95,          3.31,       1.89,      18.87,     62.42,          1.66
        8,          1,    2,          1.90,          3.31,       2.52,      25.25,     83.52,          2.59
        8,          1,    3,          3.09,          3.31,       2.89,      28.87,     95.49,          2.84
        8,          1,    4,          3.77,          3.31,       3.14,      31.37,    103.71,          2.99
        8,          1,    5,          4.76,          3.31,       3.37,      33.67,    111.33,          3.42
        8,          1,    6,          5.18,          3.31,       3.56,      35.57,    117.59,          3.52
        8,          1,    7,          5.55,          3.31,       3.74,      37.39,    123.60,          3.60
        8,          2,    1,         -0.87,          3.31,       2.07,      20.68,     68.40,          1.83
        8,          2,    2,          3.08,          3.31,       2.84,      28.36,     93.76,          2.90
        8,          2,    3,          4.68,          3.31,       3.30,      33.01,    109.15,          3.44
        8,          2,    4,          5.60,          3.31,       3.64,      36.39,    120.30,          3.77
        8,          2,    5,          6.23,          3.31,       3.93,      39.24,    129.70,          3.97
        8,          2,    6,          6.45,          3.31,       4.15,      41.55,    137.32,          3.89
        8,          2,    7,          6.62,          3.31,       4.34,      43.39,    143.41,          3.84
        8,          3,    1,         -0.01,          3.31,       2.26,      22.62,     74.82,          1.96
        8,          3,    2,          4.03,          3.31,       3.16,      31.58,    104.43,          3.13
        8,          3,    3,          5.69,          3.31,       3.71,      37.05,    122.50,          3.76
        8,          3,    4,          6.62,          3.31,       4.10,      40.95,    135.35,          4.11
        8,          3,    5,          7.17,          3.30,       4.38,      43.75,    144.59,          4.32
        8,          3,    6,          7.53,          3.30,       4.59,      45.92,    151.74,          4.43
        8,          3,    7,          7.60,          3.30,       4.75,      47.54,    157.10,          4.32
        8,          4,    1,          0.33,          3.31,       2.46,      24.57,     81.25,          1.88
        8,          4,    2,          4.38,          3.31,       3.47,      34.72,    114.78,          3.01
        8,          4,    3,          6.41,          3.31,       4.09,      40.85,    135.03,          3.94
        8,          4,    4,          7.29,          3.30,       4.48,      44.82,    148.10,          4.30
        8,          4,    5,          7.79,          3.30,       4.76,      47.58,    157.23,          4.51
        8,          4,    6,          8.13,          3.30,       4.98,      49.75,    164.38,          4.62
        8,          4,    7,          8.38,          3.30,       5.16,      51.61,    170.55,          4.69
        9,          1,    1,         -1.23,          3.31,       1.95,      19.46,     64.39,          1.86
        9,          1,    2,          2.50,          3.31,       2.65,      26.53,     87.76,          2.79
        9,          1,    3,          4.30,          3.31,       3.05,      30.47,    100.77,          3.50
        9,          1,    4,          5.09,          3.31,       3.32,      33.20,    109.79,          3.75
        9,          1,    5,          5.69,          3.31,       3.56,      35.62,    117.77,          3.95
        9,          1,    6,          6.11,          3.31,       3.76,      37.63,    124.43,          4.06
        9,          1,    7,          6.48,          3.31,       3.97,      39.68,    131.16,          4.14
        9,          2,    1,         -0.48,          3.31,       2.14,      21.46,     70.97,          1.90
        9,          2,    2,          3.96,          3.31,       2.99,      29.84,     98.68,          3.32
        9,          2,    3,          5.61,          3.31,       3.49,      34.91,    115.42,          3.97
        9,          2,    4,          6.54,          3.31,       3.87,      38.64,    127.73,          4.34
        9,          2,    5,          7.19,          3.31,       4.18,      41.79,    138.13,          4.58
        9,          2,    6,          7.64,          3.30,       4.42,      44.20,    146.08,          4.75
        9,          2,    7,          7.96,          3.30,       4.63,      46.25,    152.84,          4.84
        9,          3,    1,          0.39,          3.31,       2.35,      23.50,     77.73,          2.03
        9,          3,    2,          4.93,          3.31,       3.33,      33.33,    110.21,          3.60
        9,          3,    3,          6.64,          3.31,       3.94,      39.43,    130.34,          4.33
        9,          3,    4,          7.58,          3.30,       4.37,      43.69,    144.40,          4.75
        9,          3,    5,          8.16,          3.30,       4.68,      46.77,    154.56,          5.00
        9,          3,    6,          8.53,          3.30,       4.91,      49.12,    162.30,          5.15
        9,          3,    7,          8.79,          3.30,       5.10,      50.92,    168.26,          5.24
        9,          4,    1,          1.44,          3.31,       2.55,      25.56,     84.53,          2.29
        9,          4,    2,          5.64,          3.31,       3.68,      36.76,    121.53,          3.75
        9,          4,    3,          7.09,          3.30,       4.36,      43.58,    144.03,          4.25
        9,          4,    4,          7.89,          3.30,       4.79,      47.92,    158.35,          4.57
        9,          4,    5,          8.79,          3.30,       5.11,      51.06,    168.70,          5.23
        9,          4,    6,          9.14,          3.30,       5.35,      53.43,    176.52,          5.37
        9,          4,    7,          9.38,          3.30,       5.55,      55.47,    183.28,          5.44
       10,          1,    1,         -0.56,          3.31,       2.00,      19.97,     66.07,          2.09
       10,          1,    2,          3.55,          3.31,       2.76,      27.63,     91.36,          3.36
       10,          1,    3,          4.82,          3.31,       3.20,      31.99,    105.78,          3.71
       10,          1,    4,          5.91,          3.31,       3.48,      34.81,    115.10,          4.28
       10,          1,    5,          6.52,          3.31,       3.75,      37.48,    123.92,          4.49
       10,          1,    6,          6.94,          3.31,       3.97,      39.64,    131.06,          4.61
       10,          1,    7,          7.31,          3.31,       4.18,      41.76,    138.03,          4.72
       10,          2,    1,          0.55,          3.31,       2.20,      22.02,     72.84,          2.32
       10,          2,    2,          4.73,          3.31,       3.11,      31.16,    103.03,          3.75
       10,          2,    3,          6.41,          3.31,       3.67,      36.69,    121.30,          4.50
       10,          2,    4,          7.34,          3.31,       4.08,      40.72,    134.60,          4.90
       10,          2,    5,          7.77,          3.30,       4.41,      44.10,    145.73,          4.92
       10,          2,    6,          8.48,          3.30,       4.68,      46.76,    154.52,          5.39
       10,          2,    7,          8.82,          3.30,       4.90,      48.99,    161.85,          5.52
       10,          3,    1,          1.45,          3.31,       2.41,      24.15,     79.86,          2.49
       10,          3,    2,          5.70,          3.31,       3.49,      34.88,    115.34,          4.07
       10,          3,    3,          7.46,          3.31,       4.16,      41.63,    137.61,          4.90
       10,          3,    4,          8.43,          3.30,       4.63,      46.29,    152.97,          5.39
       10,          3,    5,          9.02,          3.30,       4.97,      49.68,    164.17,          5.69
       10,          3,    6,          9.29,          3.30,       5.23,      52.29,    172.78,          5.70
       10,          3,    7,          9.30,          3.30,       5.43,      54.29,    179.39,          5.48
       10,          4,    1,          1.73,          3.31,       2.63,      26.34,     87.11,          2.36
       10,          4,    2,          6.45,          3.31,       3.86,      38.65,    127.77,          4.25
       10,          4,    3,          8.22,          3.30,       4.62,      46.17,    152.57,          5.15
       10,          4,    4,          9.14,          3.30,       5.10,      50.99,    168.49,          5.67
       10,          4,    5,          9.68,          3.30,       5.45,      54.48,    180.02,          5.95
       10,          4,    6,         10.03,          3.30,       5.71,      57.08,    188.61,          6.12
       10,          4,    7,         10.23,          3.30,       5.93,      59.27,    195.85,          6.13
       11,          1,    1,         -0.29,          3.31,       2.04,      20.34,     67.29,          2.16
       11,          1,    2,          4.28,          3.31,       2.87,      28.74,     95.04,          3.77
       11,          1,    3,          5.89,          3.31,       3.34,      33.45,    110.60,          4.48
       11,          1,    4,          6.70,          3.31,       3.66,      36.54,    120.80,          4.83
       11,          1,    5,          7.32,          3.31,       3.94,      39.38,    130.17,          5.08
       11,          1,    6,          7.73,          3.31,       4.17,      41.68,    137.78,          5.22
       11,          1,    7,          8.11,          3.31,       4.39,      43.85,    144.92,          5.35
       11,          2,    1,          1.18,          3.31,       2.25,      22.50,     74.44,          2.60
       11,          2,    2,          5.42,          3.31,       3.25,      32.47,    107.37,          4.18
       11,          2,    3,          6.88,          3.31,       3.86,      38.55,    127.42,          4.71
       11,          2,    4,          8.14,          3.31,       4.29,      42.84,    141.60,          5.53
       11,          2,    5,          8.82,          3.30,       4.65,      46.54,    153.77,          5.87
       11,          2,    6,          9.28,          3.30,       4.94,      49.36,    163.10,          6.09
       11,          2,    7,          9.63,          3.30,       5.19,      51.84,    171.28,          6.23
       11,          3,    1,          2.06,          3.31,       2.47,      24.75,     81.86,          2.78
       11,          3,    2,          6.41,          3.31,       3.64,      36.47,    120.54,          4.53
       11,          3,    3,          8.22,          3.30,       4.38,      43.78,    144.67,          5.50
       11,          3,    4,          9.03,          3.30,       4.89,      48.88,    161.52,          5.81
       11,          3,    5,          9.48,          3.30,       5.28,      52.74,    174.27,          5.90
       11,          3,    6,         10.24,          3.30,       5.56,      55.61,    183.76,          6.62
       11,          3,    7,         10.52,          3.30,       5.78,      57.78,    190.90,          6.75
       11,          4,    1,          2.75,          3.31,       2.70,      26.98,     89.21,          2.88
       11,          4,    2,          7.17,          3.31,       4.04,      40.38,    133.47,          4.75
       11,          4,    3,          9.00,          3.30,       4.88,      48.76,    161.12,          5.79
       11,          4,    4,          9.94,          3.30,       5.42,      54.19,    179.06,          6.35
       11,          4,    5,         10.27,          3.30,       5.80,      58.05,    191.79,          6.33
       11,          4,    6,         10.89,          3.30,       6.10,      60.94,    201.34,          6.92
       11,          4,    7,         11.15,          3.30,       6.32,      63.22,    208.87,          7.05
       12,          1,    1,          0.64,          3.31,       2.07,      20.74,     68.60,          2.61
       12,          1,    2,          4.99,          3.31,       2.99,      29.87,     98.78,          4.23
       12,          1,    3,          6.68,          3.31,       3.51,      35.12,    116.12,          5.06
       12,          1,    4,          7.52,          3.31,       3.85,      38.51,    127.32,          5.47
       12,          1,    5,          8.12,          3.30,       4.16,      41.59,    137.45,          5.73
       12,          1,    6,          8.28,          3.30,       4.40,      43.94,    145.21,          5.57
       12,          1,    7,          8.95,          3.30,       4.63,      46.34,    153.13,          6.09
       12,          2,    1,          1.37,          3.31,       2.30,      22.99,     76.03,          2.64
       12,          2,    2,          6.14,          3.31,       3.38,      33.80,    111.75,          4.69
       12,          2,    3,          7.96,          3.31,       4.06,      40.56,    134.06,          5.68
       12,          2,    4,          8.94,          3.30,       4.53,      45.27,    149.62,          6.24
       12,          2,    5,          9.64,          3.30,       4.93,      49.27,    162.81,          6.64
       12,          2,    6,         10.07,          3.30,       5.24,      52.44,    173.27,          6.81
       12,          2,    7,         10.20,          3.30,       5.52,      55.17,    182.29,          6.62
       12,          3,    1,          2.31,          3.31,       2.53,      25.30,     83.65,          2.85
       12,          3,    2,          7.11,          3.31,       3.81,      38.04,    125.75,          5.05
       12,          3,    3,          9.01,          3.30,       4.62,      46.21,    152.70,          6.18
       12,          3,    4,         10.03,          3.30,       5.19,      51.87,    171.40,          6.84
       12,          3,    5,         10.69,          3.30,       5.62,      56.19,    185.65,          7.25
       12,          3,    6,         11.11,          3.30,       5.94,      59.42,    196.34,          7.50
       12,          3,    7,         11.40,          3.30,       6.19,      61.94,    204.64,          7.65
       12,          4,    1,          3.32,          3.31,       2.76,      27.58,     91.20,          3.19
       12,          4,    2,          7.55,          3.31,       4.23,      42.29,    139.78,          4.91
       12,          4,    3,          9.80,          3.30,       5.17,      51.65,    170.66,          6.51
       12,          4,    4,         10.80,          3.30,       5.78,      57.81,    191.00,          7.20
       12,          4,    5,         11.40,          3.30,       6.23,      62.24,    205.65,          7.60
       12,          4,    6,         11.78,          3.30,       6.53,      65.33,    215.86,          7.86
       12,          4,    7,         12.06,          3.30,       6.78,      67.83,    224.09,          8.02
       13,          1,    1,          1.20,          3.31,       2.12,      21.18,     70.05,          2.87
       13,          1,    2,          5.68,          3.31,       3.11,      31.11,    102.86,          4.70
       13,          1,    3,          7.43,          3.31,       3.70,      37.05,    122.49,          5.63
       13,          1,    4,          8.03,          3.31,       4.08,      40.78,    134.78,          5.74
       13,          1,    5,          9.02,          3.30,       4.41,      44.10,    145.73,          6.57
       13,          1,    6,          9.46,          3.30,       4.67,      46.68,    154.27,          6.78
       13,          1,    7,          9.85,          3.30,       4.93,      49.27,    162.80,          6.97
       13,          2,    1,          2.32,          3.31,       2.35,      23.46,     77.58,          3.19
       13,          2,    2,          6.84,          3.31,       3.53,      35.28,    116.65,          5.22
       13,          2,    3,          8.76,          3.31,       4.28,      42.83,    141.57,          6.41
       13,          2,    4,          9.79,          3.30,       4.79,      47.93,    158.40,          7.09
       13,          2,    5,         10.42,          3.30,       5.25,      52.47,    173.38,          7.39
       13,          2,    6,         10.66,          3.30,       5.60,      55.95,    184.86,          7.24
       13,          2,    7,         11.40,          3.30,       5.90,      59.05,    195.11,          8.08
       13,          3,    1,          3.21,          3.31,       2.58,      25.84,     85.47,          3.41
       13,          3,    2,          7.80,          3.31,       3.97,      39.74,    131.35,          5.61
       13,          3,    3,          9.81,          3.30,       4.89,      48.93,    161.70,          6.96
       13,          3,    4,         10.89,          3.30,       5.53,      55.31,    182.74,          7.74
       13,          3,    5,         11.55,          3.30,       6.03,      60.29,    199.19,          8.16
       13,          3,    6,         11.70,          3.30,       6.39,      63.88,    211.05,          7.92
       13,          3,    7,         12.36,          3.30,       6.67,      66.63,    220.14,          8.77
       13,          4,    1,          3.88,          3.31,       2.82,      28.20,     93.28,          3.53
       13,          4,    2,          8.54,          3.30,       4.42,      44.17,    145.97,          5.86
       13,          4,    3,         10.62,          3.30,       5.49,      54.89,    181.35,          7.33
       13,          4,    4,         11.68,          3.30,       6.20,      61.99,    204.80,          8.15
       13,          4,    5,         12.30,          3.30,       6.70,      66.96,    221.23,          8.61
       13,          4,    6,         12.39,          3.30,       7.05,      70.49,    232.87,          8.30
       13,          4,    7,         13.02,          3.30,       7.33,      73.27,    242.05,          9.20
       14,          1,    1,          1.63,          3.31,       2.15,      21.52,     71.18,          3.10
       14,          1,    2,          6.23,          3.31,       3.22,      32.18,    106.41,          5.10
       14,          1,    3,          8.17,          3.31,       3.89,      38.87,    128.50,          6.28
       14,          1,    4,          9.09,          3.31,       4.30,      42.97,    142.05,          6.88
       14,          1,    5,          9.73,          3.30,       4.66,      46.55,    153.82,          7.25
       14,          1,    6,          9.90,          3.30,       4.93,      49.30,    162.90,          7.05
       14,          1,    7,         10.62,          3.30,       5.21,      52.07,    172.05,          7.81
       14,          2,    1,          2.74,          3.31,       2.39,      23.85,     78.90,          3.43
       14,          2,    2,          7.39,          3.31,       3.65,      36.53,    120.78,          5.68
       14,          2,    3,          9.44,          3.30,       4.50,      44.95,    148.56,          7.06
       14,          2,    4,         10.51,          3.30,       5.06,      50.56,    167.07,          7.87
       14,          2,    5,         11.27,          3.30,       5.55,      55.50,    183.40,          8.42
       14,          2,    6,         11.79,          3.30,       5.93,      59.33,    196.03,          8.78
       14,          2,    7,         12.19,          3.30,       6.27,      62.70,    207.17,          9.06
       14,          3,    1,          3.42,          3.31,       2.63,      26.30,     86.98,          3.49
       14,          3,    2,          7.97,          3.31,       4.11,      41.10,    135.83,          5.61
       14,          3,    3,         10.49,          3.30,       5.14,      51.39,    169.79,          7.68
       14,          3,    4,         11.62,          3.30,       5.85,      58.54,    193.40,          8.58
       14,          3,    5,         12.37,          3.30,       6.40,      63.98,    211.39,          9.22
       14,          3,    6,         12.85,          3.30,       6.79,      67.92,    224.42,          9.63
       14,          3,    7,         13.18,          3.30,       7.10,      70.97,    234.44,          9.89
       14,          4,    1,          3.96,          3.31,       2.87,      28.71,     94.98,          3.51
       14,          4,    2,          9.07,          3.30,       4.58,      45.73,    151.14,          6.36
       14,          4,    3,         11.29,          3.30,       5.78,      57.79,    190.92,          8.07
       14,          4,    4,         12.43,          3.30,       6.57,      65.69,    217.03,          9.08
       14,          4,    5,         13.14,          3.30,       7.13,      71.33,    235.63,          9.74
       14,          4,    6,         13.57,          3.30,       7.50,      75.02,    247.80,         10.16
       14,          4,    7,         13.65,          3.30,       7.79,      77.92,    257.37,          9.94
       15,          1,    1,          1.54,          3.31,       2.18,      21.81,     72.15,          2.98
       15,          1,    2,          6.70,          3.31,       3.32,      33.17,    109.68,          5.48
       15,          1,    3,          8.79,          3.31,       4.07,      40.64,    134.34,          6.88
       15,          1,    4,          9.77,          3.30,       4.52,      45.19,    149.33,          7.58
       15,          1,    5,         10.46,          3.30,       4.90,      49.00,    161.92,          8.08
       15,          1,    6,         10.93,          3.30,       5.20,      51.97,    171.72,          8.40
       15,          1,    7,         11.35,          3.30,       5.49,      54.90,    181.41,          8.69
       15,          2,    1,          2.97,          3.31,       2.42,      24.19,     80.02,          3.55
       15,          2,    2,          7.65,          3.31,       3.76,      37.60,    124.28,          5.81
       15,          2,    3,          9.68,          3.30,       4.70,      46.98,    155.25,          7.09
       15,          2,    4,         11.18,          3.30,       5.32,      53.14,    175.59,          8.66
       15,          2,    5,         11.99,          3.30,       5.85,      58.49,    193.22,          9.35
       15,          2,    6,         12.53,          3.30,       6.25,      62.46,    206.37,          9.84
       15,          2,    7,         12.97,          3.30,       6.59,      65.90,    217.73,         10.24
       15,          3,    1,          3.81,          3.31,       2.67,      26.66,     88.18,          3.75
       15,          3,    2,          8.79,          3.31,       4.24,      42.37,    140.03,          6.53
       15,          3,    3,         11.01,          3.30,       5.38,      53.74,    177.56,          8.23
       15,          3,    4,         11.96,          3.30,       6.14,      61.44,    202.99,          8.78
       15,          3,    5,         13.12,          3.30,       6.73,      67.25,    222.18,         10.35
       15,          3,    6,         13.62,          3.30,       7.12,      71.23,    235.30,         10.91
       15,          3,    7,         13.97,          3.30,       7.43,      74.26,    245.32,         11.28
       15,          4,    1,          4.42,          3.31,       2.91,      29.10,     96.25,          3.84
       15,          4,    2,          9.51,          3.30,       4.70,      47.00,    155.31,          6.81
       15,          4,    3,         11.88,          3.30,       6.05,      60.54,    200.01,          8.76
       15,          4,    4,         12.85,          3.30,       6.91,      69.06,    228.16,          9.44
       15,          4,    5,         13.93,          3.30,       7.48,      74.87,    247.30,         11.07
       15,          4,    6,         14.39,          3.30,       7.88,      78.83,    260.36,         11.64
       15,          4,    7,         14.72,          3.30,       8.19,      81.90,    270.48,         12.03
       16,          1,    1,          2.09,          3.31,       2.21,      22.06,     72.98,          3.33
       16,          1,    2,          7.14,          3.31,       3.40,      34.01,    112.47,          5.87
       16,          1,    3,          9.41,          3.31,       4.25,      42.54,    140.58,          7.51
       16,          1,    4,         10.48,          3.30,       4.75,      47.53,    157.06,          8.41
       16,          1,    5,         11.16,          3.30,       5.16,      51.54,    170.32,          8.96
       16,          1,    6,         11.44,          3.30,       5.46,      54.54,    180.21,          8.95
       16,          1,    7,         11.77,          3.30,       5.76,      57.57,    190.21,          9.07
       16,          2,    1,          3.17,          3.31,       2.45,      24.52,     81.10,          3.65
       16,          2,    2,          8.29,          3.31,       3.87,      38.65,    127.74,          6.51
       16,          2,    3,         10.66,          3.30,       4.91,      49.06,    162.13,          8.46
       16,          2,    4,         11.91,          3.30,       5.58,      55.74,    184.19,          9.72
       16,          2,    5,         12.80,          3.30,       6.12,      61.20,    202.19,         10.70
       16,          2,    6,         13.37,          3.30,       6.53,      65.27,    215.67,         11.36
       16,          2,    7,         13.82,          3.30,       6.88,      68.76,    227.19,         11.88
       16,          3,    1,          3.96,          3.31,       2.70,      27.01,     89.35,          3.83
       16,          3,    2,          8.87,          3.30,       4.34,      43.43,    143.53,          6.46
       16,          3,    3,         11.72,          3.30,       5.60,      56.04,    185.18,          9.24
       16,          3,    4,         13.09,          3.30,       6.42,      64.23,    212.22,         10.84
       16,          3,    5,         13.96,          3.30,       7.03,      70.25,    232.09,         11.99
       16,          3,    6,         14.50,          3.30,       7.44,      74.43,    245.87,         12.72
       16,          3,    7,         14.86,          3.30,       7.77,      77.73,    256.73,         13.19
       16,          4,    1,          4.60,          3.31,       2.95,      29.47,     97.45,          3.94
       16,          4,    2,          9.90,          3.30,       4.82,      48.20,    159.27,          7.23
       16,          4,    3,         12.48,          3.30,       6.30,      63.00,    208.15,          9.63
       16,          4,    4,         13.65,          3.30,       7.23,      72.30,    238.85,         10.79
       16,          4,    5,         14.85,          3.30,       7.88,      78.79,    260.22,         12.95
       16,          4,    6,         15.34,          3.30,       8.31,      83.08,    274.31,         13.69
       16,          4,    7,         15.69,          3.30,       8.65,      86.49,    285.54,         14.18
       17,          1,    1,          2.24,          3.31,       2.23,      22.29,     73.71,          3.40
       17,          1,    2,          7.48,          3.31,       3.47,      34.72,    114.79,          6.20
       17,          1,    3,          9.99,          3.30,       4.40,      44.03,    145.50,          8.25
       17,          1,    4,         11.19,          3.30,       4.93,      49.29,    162.87,          9.50
       17,          1,    5,         11.76,          3.30,       5.35,      53.51,    176.79,          9.85
       17,          1,    6,         12.15,          3.30,       5.66,      56.59,    187.00,         10.08
       17,          1,    7,         12.97,          3.30,       5.97,      59.72,    197.30,         11.47
       17,          2,    1,          3.32,          3.31,       2.48,      24.81,     82.07,          3.72
       17,          2,    2,          8.62,          3.31,       3.95,      39.46,    130.44,          6.87
       17,          2,    3,         11.32,          3.30,       5.07,      50.67,    167.44,          9.48
       17,          2,    4,         12.70,          3.30,       5.78,      57.76,    190.84,         11.19
       17,          2,    5,         13.61,          3.30,       6.35,      63.54,    209.95,         12.37
       17,          2,    6,         13.98,          3.30,       6.77,      67.73,    223.77,         12.54
       17,          2,    7,         14.30,          3.30,       7.14,      71.42,    235.91,         12.73
       17,          3,    1,          3.78,          3.31,       2.73,      27.27,     90.20,          3.62
       17,          3,    2,          9.52,          3.30,       4.43,      44.28,    146.35,          7.34
       17,          3,    3,         12.41,          3.30,       5.78,      57.79,    190.94,         10.47
       17,          3,    4,         13.92,          3.30,       6.67,      66.65,    220.22,         12.58
       17,          3,    5,         14.84,          3.30,       7.33,      73.29,    242.14,         14.01
       17,          3,    6,         15.40,          3.30,       7.79,      77.92,    257.35,         14.87
       17,          3,    7,         15.67,          3.30,       8.15,      81.53,    269.25,         15.07
       17,          4,    1,          4.44,          3.31,       2.98,      29.81,     98.58,          3.74
       17,          4,    2,         10.19,          3.30,       4.91,      49.16,    162.43,          7.56
       17,          4,    3,         13.27,          3.30,       6.50,      64.98,    214.67,         11.16
       17,          4,    4,         14.86,          3.30,       7.55,      75.44,    249.19,         13.61
       17,          4,    5,         15.78,          3.30,       8.29,      82.87,    273.65,         15.17
       17,          4,    6,         16.29,          3.30,       8.76,      87.60,    289.21,         16.08
       17,          4,    7,         16.65,          3.30,       9.14,      91.36,    301.55,         16.67
       18,          1,    1,          2.40,          3.31,       2.25,      22.53,     74.51,          3.48
       18,          1,    2,          7.90,          3.31,       3.54,      35.39,    117.01,          6.67
       18,          1,    3,         10.70,          3.30,       4.52,      45.22,    149.44,          9.40
       18,          1,    4,         11.78,          3.30,       5.10,      50.99,    168.47,         10.48
       18,          1,    5,         12.97,          3.30,       5.56,      55.57,    183.61,         12.45
       18,          1,    6,         13.49,          3.30,       5.90,      58.98,    194.85,         13.12
       18,          1,    7,         13.95,          3.30,       6.23,      62.28,    205.76,         13.71
       18,          2,    1,          3.48,          3.31,       2.51,      25.08,     82.96,          3.81
       18,          2,    2,          9.12,          3.31,       4.02,      40.19,    132.83,          7.54
       18,          2,    3,         12.19,          3.30,       5.22,      52.22,    172.53,         11.18
       18,          2,    4,         13.65,          3.30,       6.01,      60.10,    198.56,         13.30
       18,          2,    5,         14.29,          3.30,       6.64,      66.40,    219.39,         13.77
       18,          2,    6,         15.24,          3.30,       7.10,      71.00,    234.58,         15.90
       18,          2,    7,         15.72,          3.30,       7.51,      75.10,    248.06,         16.68
       18,          3,    1,          4.30,          3.31,       2.76,      27.60,     91.29,          4.03
       18,          3,    2,         10.06,          3.30,       4.51,      45.07,    148.94,          8.14
       18,          3,    3,         13.29,          3.30,       5.96,      59.60,    196.93,         12.38
       18,          3,    4,         14.89,          3.30,       6.97,      69.65,    230.09,         14.98
       18,          3,    5,         15.64,          3.30,       7.73,      77.32,    255.39,         15.87
       18,          3,    6,         16.10,          3.30,       8.27,      82.64,    272.87,         16.41
       18,          3,    7,         16.90,          3.30,       8.67,      86.69,    286.20,         18.69
       18,          4,    1,          4.91,          3.31,       3.01,      30.13,     99.64,          4.11
       18,          4,    2,         10.76,          3.30,       5.00,      49.94,    165.02,          8.47
       18,          4,    3,         14.11,          3.30,       6.70,      67.00,    221.37,         13.10
       18,          4,    4,         15.84,          3.30,       7.92,      79.18,    261.50,         16.20
       18,          4,    5,         16.84,          3.30,       8.78,      87.85,    290.01,         18.18
       18,          4,    6,         17.17,          3.30,       9.34,      93.40,    308.26,         18.35
       18,          4,    7,         17.39,          3.30,       9.77,      97.62,    322.18,         18.40
       19,          1,    1,          2.62,          3.31,       2.28,      22.76,     75.30,          3.62
       19,          1,    2,          8.66,          3.31,       3.58,      35.75,    118.21,          7.85
       19,          1,    3,         11.70,          3.30,       4.63,      46.26,    152.88,         11.56
       19,          1,    4,         13.12,          3.30,       5.29,      52.91,    174.83,         13.68
       19,          1,    5,         14.02,          3.30,       5.81,      58.07,    191.87,         15.08
       19,          1,    6,         14.57,          3.30,       6.19,      61.88,    204.47,         15.92
       19,          1,    7,         15.03,          3.30,       6.55,      65.54,    216.53,         16.60
       19,          2,    1,          3.51,          3.31,       2.53,      25.34,     83.83,          3.80
       19,          2,    2,          9.52,          3.31,       4.07,      40.66,    134.41,          8.16
       19,          2,    3,         13.07,          3.30,       5.36,      53.60,    177.11,         13.30
       19,          2,    4,         14.68,          3.30,       6.27,      62.71,    207.19,         16.09
       19,          2,    5,         15.70,          3.30,       6.98,      69.83,    230.71,         18.03
       19,          2,    6,         16.34,          3.30,       7.51,      75.13,    248.19,         19.25
       19,          2,    7,         16.83,          3.30,       7.98,      79.79,    263.54,         20.20
       19,          3,    1,          4.61,          3.31,       2.79,      27.91,     92.32,          4.27
       19,          3,    2,         10.62,          3.30,       4.57,      45.70,    151.04,          9.13
       19,          3,    3,         14.11,          3.30,       6.12,      61.18,    202.13,         14.51
       19,          3,    4,         15.86,          3.30,       7.28,      72.75,    240.34,         17.87
       19,          3,    5,         16.94,          3.30,       8.17,      81.74,    269.93,         20.13
       19,          3,    6,         17.56,          3.30,       8.78,      87.78,    289.82,         21.49
       19,          3,    7,         17.99,          3.30,       9.26,      92.57,    305.52,         22.38
       19,          4,    1,          5.23,          3.31,       3.04,      30.42,    100.61,          4.39
       19,          4,    2,         11.49,          3.30,       5.07,      50.65,    167.37,          9.87
       19,          4,    3,         14.49,          3.30,       6.87,      68.71,    226.99,         13.91
       19,          4,    4,         16.69,          3.30,       8.25,      82.54,    272.58,         18.81
       19,          4,    5,         17.81,          3.30,       9.30,      93.00,    306.96,         21.38
       19,          4,    6,         18.42,          3.30,       9.96,      99.59,    328.68,         22.83
       19,          4,    7,         18.82,          3.30,      10.46,     104.54,    344.98,         23.79
       20,          1,    1,          3.58,          3.31,       2.30,      22.95,     75.91,          4.47
       20,          1,    2,          9.41,          3.31,       3.62,      36.20,    119.71,          9.20
       20,          1,    3,         12.11,          3.30,       4.74,      47.43,    156.75,         12.33
       20,          1,    4,         13.98,          3.30,       5.53,      55.28,    182.65,         15.83
       20,          1,    5,         14.94,          3.30,       6.12,      61.17,    202.11,         17.58
       20,          1,    6,         15.51,          3.30,       6.54,      65.38,    216.02,         18.59
       20,          1,    7,         15.99,          3.30,       6.93,      69.28,    228.87,         19.46
       20,          2,    1,          4.79,          3.31,       2.56,      25.56,     84.55,          5.04
       20,          2,    2,         10.69,          3.31,       4.12,      41.22,    136.25,         10.52
       20,          2,    3,         13.73,          3.30,       5.50,      55.00,    181.70,         15.03
       20,          2,    4,         15.17,          3.30,       6.55,      65.45,    216.24,         17.16
       20,          2,    5,         16.61,          3.30,       7.36,      73.63,    243.23,         20.97
       20,          2,    6,         17.27,          3.30,       7.96,      79.57,    262.79,         22.43
       20,          2,    7,         17.78,          3.30,       8.47,      84.69,    279.66,         23.55
       20,          3,    1,          5.67,          3.31,       2.82,      28.18,     93.20,          5.39
       20,          3,    2,         11.63,          3.30,       4.64,      46.40,    153.34,         11.32
       20,          3,    3,         14.80,          3.30,       6.27,      62.67,    207.07,         16.55
       20,          3,    4,         16.63,          3.30,       7.56,      75.56,    249.57,         20.48
       20,          3,    5,         17.80,          3.30,       8.60,      86.04,    284.06,         23.20
       20,          3,    6,         18.18,          3.30,       9.32,      93.13,    307.37,         23.26
       20,          3,    7,         18.95,          3.30,       9.86,      98.58,    325.34,         26.10
       20,          4,    1,          6.26,          3.31,       3.07,      30.73,    101.62,          5.50
       20,          4,    2,         12.24,          3.30,       5.14,      51.40,    169.84,         11.55
       20,          4,    3,         15.45,          3.30,       7.01,      70.09,    231.55,         16.95
       20,          4,    4,         17.37,          3.30,       8.54,      85.40,    281.97,         21.21
       20,          4,    5,         18.62,          3.30,       9.78,      97.80,    322.75,         24.42
       20,          4,    6,         19.30,          3.30,      10.58,     105.77,    349.03,         26.26
       20,          4,    7,         19.65,          3.30,      11.16,     111.58,    368.17,         26.89
       21,          1,    1,          4.00,          3.31,       2.32,      23.16,     76.62,          4.86
       21,          1,    2,          9.96,          3.31,       3.67,      36.71,    121.36,         10.28
       21,          1,    3,         12.95,          3.30,       4.86,      48.54,    160.39,         14.56
       21,          1,    4,         14.61,          3.30,       5.73,      57.31,    189.36,         17.60
       21,          1,    5,         15.66,          3.30,       6.41,      64.12,    211.85,         19.71
       21,          1,    6,         16.26,          3.30,       6.86,      68.65,    226.79,         20.94
       21,          1,    7,         16.75,          3.30,       7.28,      72.80,    240.51,         21.94
       21,          2,    1,          5.55,          3.31,       2.58,      25.82,     85.38,          5.95
       21,          2,    2,         11.20,          3.31,       4.19,      41.93,    138.60,         11.62
       21,          2,    3,         14.04,          3.30,       5.62,      56.19,    185.64,         15.80
       21,          2,    4,         16.07,          3.30,       6.77,      67.64,    223.49,         20.40
       21,          2,    5,         17.27,          3.30,       7.70,      77.01,    254.39,         23.26
       21,          2,    6,         17.97,          3.30,       8.36,      83.59,    275.98,         24.98
       21,          2,    7,         18.50,          3.30,       8.92,      89.22,    294.52,         26.28
       21,          3,    1,          6.45,          3.31,       2.85,      28.48,     94.19,          6.37
       21,          3,    2,         12.16,          3.30,       4.71,      47.06,    155.52,         12.59
       21,          3,    3,         15.24,          3.30,       6.39,      63.92,    211.20,         17.96
       21,          3,    4,         16.83,          3.30,       7.78,      77.81,    257.01,         20.77
       21,          3,    5,         18.46,          3.30,       8.98,      89.78,    296.35,         25.83
       21,          3,    6,         19.20,          3.30,       9.81,      98.05,    323.57,         27.87
       21,          3,    7,         19.70,          3.30,      10.44,     104.40,    344.52,         29.23
       21,          4,    1,          7.10,          3.31,       3.10,      31.00,    102.51,          6.61
       21,          4,    2,         12.83,          3.30,       5.22,      52.21,    172.49,         12.98
       21,          4,    3,         15.96,          3.30,       7.14,      71.43,    236.00,         18.68
       21,          4,    4,         17.89,          3.30,       8.76,      87.63,    289.26,         23.28
       21,          4,    5,         19.24,          3.30,      10.19,     101.89,    336.23,         26.93
       21,          4,    6,         19.78,          3.30,      11.16,     111.58,    368.19,         27.69
       21,          4,    7,         20.13,          3.30,      11.86,     118.54,    391.01,         28.15
       22,          1,    1,          4.74,          3.31,       2.34,      23.37,     77.29,          5.73
       22,          1,    2,         10.30,          3.31,       3.72,      37.23,    123.07,         10.96
       22,          1,    3,         13.31,          3.30,       4.95,      49.46,    163.43,         15.53
       22,          1,    4,         15.07,          3.30,       5.91,      59.10,    195.26,         18.89
       22,          1,    5,         16.21,          3.30,       6.68,      66.74,    220.50,         21.39
       22,          1,    6,         16.85,          3.30,       7.17,      71.73,    236.98,         22.85
       22,          1,    7,         17.36,          3.30,       7.63,      76.26,    251.90,         24.02
       22,          2,    1,          5.86,          3.31,       2.60,      26.03,     86.11,          6.32
       22,          2,    2,         11.24,          3.31,       4.25,      42.52,    140.53,         11.53
       22,          2,    3,         14.64,          3.30,       5.73,      57.34,    189.44,         17.71
       22,          2,    4,         16.50,          3.30,       6.96,      69.60,    229.94,         21.79
       22,          2,    5,         17.80,          3.30,       8.04,      80.37,    265.43,         25.08
       22,          2,    6,         18.57,          3.30,       8.78,      87.80,    289.87,         27.14
       22,          2,    7,         19.13,          3.30,       9.42,      94.24,    311.04,         28.62
       22,          3,    1,          7.00,          3.31,       2.87,      28.70,     94.93,          7.19
       22,          3,    2,         12.23,          3.30,       4.78,      47.77,    157.87,         12.58
       22,          3,    3,         15.65,          3.30,       6.54,      65.36,    215.96,         19.25
       22,          3,    4,         17.57,          3.30,       8.02,      80.17,    264.78,         23.85
       22,          3,    5,         18.97,          3.30,       9.38,      93.81,    309.63,         27.75
       22,          3,    6,         19.82,          3.30,      10.37,     103.71,    342.23,         30.24
       22,          3,    7,         20.38,          3.30,      11.15,     111.48,    367.87,         31.85
       22,          4,    1,          7.73,          3.31,       3.13,      31.28,    103.42,          7.58
       22,          4,    2,         13.05,          3.30,       5.30,      52.98,    175.05,         13.46
       22,          4,    3,         16.04,          3.30,       7.30,      73.02,    241.23,         18.59
       22,          4,    4,         18.33,          3.30,       9.02,      90.22,    297.84,         24.96
       22,          4,    5,         19.76,          3.30,      10.64,     106.41,    351.12,         29.05
       22,          4,    6,         20.65,          3.30,      11.83,     118.34,    390.39,         31.79
       22,          4,    7,         21.20,          3.30,      12.70,     126.99,    418.77,         33.52

