[Radio] Initializing ... success!
Connected to RF power monitor: Rohde&Schwarz,FPC1500,1328.6660K03/205785,V1.80
Connected to DC power monitor: radiolib-org,DCpowerMon,070dd3d
setCurrentLimit, code 0

Set [dBm],paDutyCycle,hpMax,Measured [dBm],Bus voltage[V],Voltage[mV],Current[mA],Power [mW],Efficiency [%]
       -9,          1,    1,        -17.46,          3.31,       0.98,       9.78,     32.35,          0.21
       -9,          1,    2,        -14.36,          3.31,       1.13,      11.25,     37.22,          0.27
       -9,          1,    3,        -13.01,          3.31,       1.24,      12.39,     40.98,          0.29
       -9,          1,    4,        -12.18,          3.31,       1.34,      13.41,     44.35,          0.29
       -9,          1,    5,        -11.50,          3.31,       1.44,      14.37,     47.53,          0.30
       -9,          1,    6,        -11.09,          3.31,       1.52,      15.23,     50.39,          0.29
       -9,          1,    7,        -10.96,          3.31,       1.61,      16.09,     53.21,          0.27
       -9,          2,    1,        -16.83,          3.31,       1.01,      10.08,     33.35,          0.22
       -9,          2,    2,        -13.24,          3.31,       1.18,      11.80,     39.03,          0.31
       -9,          2,    3,        -11.77,          3.31,       1.31,      13.11,     43.35,          0.34
       -9,          2,    4,        -10.84,          3.31,       1.43,      14.26,     47.17,          0.35
       -9,          2,    5,        -10.24,          3.31,       1.53,      15.24,     50.43,          0.36
       -9,          2,    6,         -9.79,          3.31,       1.62,      16.17,     53.50,          0.35
       -9,          2,    7,         -9.50,          3.31,       1.70,      16.99,     56.19,          0.35
       -9,          3,    1,        -15.91,          3.31,       1.04,      10.38,     34.34,          0.24
       -9,          3,    2,        -12.74,          3.31,       1.23,      12.35,     40.85,          0.31
       -9,          3,    3,        -10.93,          3.31,       1.38,      13.75,     45.48,          0.37
       -9,          3,    4,        -10.07,          3.31,       1.49,      14.94,     49.40,          0.38
       -9,          3,    5,         -9.57,          3.31,       1.59,      15.89,     52.57,          0.38
       -9,          3,    6,         -9.20,          3.31,       1.68,      16.80,     55.58,          0.38
       -9,          3,    7,         -8.94,          3.31,       1.76,      17.59,     58.18,          0.37
       -9,          4,    1,        -15.07,          3.31,       1.07,      10.75,     35.56,          0.26
       -9,          4,    2,        -11.98,          3.31,       1.29,      12.85,     42.51,          0.34
       -9,          4,    3,        -10.75,          3.31,       1.43,      14.30,     47.30,          0.36
       -9,          4,    4,         -9.60,          3.31,       1.55,      15.50,     51.27,          0.40
       -9,          4,    5,         -9.12,          3.31,       1.65,      16.54,     54.70,          0.39
       -9,          4,    6,         -8.77,          3.31,       1.74,      17.41,     57.58,          0.39
       -9,          4,    7,         -8.49,          3.31,       1.83,      18.35,     60.69,          0.38
       -8,          1,    1,        -16.17,          3.31,       1.01,      10.08,     33.32,          0.26
       -8,          1,    2,        -13.11,          3.31,       1.17,      11.67,     38.61,          0.33
       -8,          1,    3,        -12.05,          3.31,       1.29,      12.87,     42.59,          0.33
       -8,          1,    4,        -11.34,          3.31,       1.39,      13.89,     45.94,          0.33
       -8,          1,    5,        -10.31,          3.31,       1.49,      14.93,     49.39,          0.37
       -8,          1,    6,         -9.84,          3.31,       1.58,      15.82,     52.35,          0.36
       -8,          1,    7,         -9.43,          3.31,       1.67,      16.73,     55.35,          0.36
       -8,          2,    1,        -15.21,          3.31,       1.04,      10.41,     34.44,          0.28
       -8,          2,    2,        -11.99,          3.31,       1.23,      12.30,     40.69,          0.37
       -8,          2,    3,        -10.54,          3.31,       1.37,      13.71,     45.34,          0.41
       -8,          2,    4,         -9.68,          3.31,       1.49,      14.90,     49.28,          0.42
       -8,          2,    5,         -9.39,          3.31,       1.60,      15.96,     52.81,          0.40
       -8,          2,    6,         -8.60,          3.31,       1.69,      16.87,     55.81,          0.43
       -8,          2,    7,         -8.29,          3.31,       1.78,      17.77,     58.78,          0.42
       -8,          3,    1,        -14.40,          3.31,       1.08,      10.80,     35.71,          0.30
       -8,          3,    2,        -11.11,          3.31,       1.30,      12.98,     42.92,          0.40
       -8,          3,    3,         -9.68,          3.31,       1.45,      14.50,     47.97,          0.44
       -8,          3,    4,         -8.83,          3.31,       1.57,      15.73,     52.02,          0.46
       -8,          3,    5,         -8.39,          3.31,       1.67,      16.71,     55.26,          0.46
       -8,          3,    6,         -8.32,          3.31,       1.76,      17.62,     58.29,          0.42
       -8,          3,    7,         -7.74,          3.31,       1.85,      18.53,     61.30,          0.45
       -8,          4,    1,        -13.78,          3.31,       1.13,      11.25,     37.21,          0.31
       -8,          4,    2,        -10.51,          3.31,       1.35,      13.54,     44.78,          0.42
       -8,          4,    3,         -9.13,          3.31,       1.52,      15.13,     50.03,          0.46
       -8,          4,    4,         -8.36,          3.31,       1.64,      16.39,     54.23,          0.48
       -8,          4,    5,         -7.89,          3.31,       1.74,      17.41,     57.59,          0.48
       -8,          4,    6,         -7.55,          3.31,       1.84,      18.41,     60.89,          0.47
       -8,          4,    7,         -7.50,          3.31,       1.94,      19.35,     64.00,          0.44
       -7,          1,    1,        -15.49,          3.31,       1.03,      10.31,     34.11,          0.27
       -7,          1,    2,        -12.04,          3.31,       1.21,      12.06,     39.90,          0.39
       -7,          1,    3,        -10.73,          3.31,       1.34,      13.35,     44.16,          0.41
       -7,          1,    4,         -9.93,          3.31,       1.44,      14.44,     47.75,          0.42
       -7,          1,    5,         -9.29,          3.31,       1.55,      15.51,     51.29,          0.43
       -7,          1,    6,         -8.84,          3.31,       1.65,      16.46,     54.44,          0.43
       -7,          1,    7,         -8.48,          3.31,       1.73,      17.32,     57.29,          0.42
       -7,          2,    1,        -14.39,          3.31,       1.07,      10.74,     35.53,          0.31
       -7,          2,    2,        -11.30,          3.31,       1.28,      12.79,     42.30,          0.40
       -7,          2,    3,         -9.49,          3.31,       1.43,      14.29,     47.27,          0.48
       -7,          2,    4,         -8.59,          3.31,       1.56,      15.58,     51.52,          0.50
       -7,          2,    5,         -8.01,          3.31,       1.67,      16.65,     55.10,          0.50
       -7,          2,    6,         -7.58,          3.31,       1.76,      17.59,     58.21,          0.50
       -7,          2,    7,         -7.27,          3.31,       1.86,      18.56,     61.38,          0.50
       -7,          3,    1,        -13.33,          3.31,       1.12,      11.23,     37.13,          0.34
       -7,          3,    2,        -10.35,          3.31,       1.35,      13.51,     44.72,          0.44
       -7,          3,    3,         -8.63,          3.31,       1.52,      15.16,     50.16,          0.52
       -7,          3,    4,         -7.79,          3.31,       1.65,      16.48,     54.52,          0.54
       -7,          3,    5,         -7.31,          3.31,       1.75,      17.50,     57.87,          0.54
       -7,          3,    6,         -6.95,          3.31,       1.85,      18.49,     61.16,          0.54
       -7,          3,    7,         -6.71,          3.31,       1.94,      19.37,     64.07,          0.53
       -7,          4,    1,        -12.71,          3.31,       1.17,      11.69,     38.65,          0.35
       -7,          4,    2,         -9.43,          3.31,       1.42,      14.18,     46.91,          0.49
       -7,          4,    3,         -8.14,          3.31,       1.59,      15.89,     52.57,          0.53
       -7,          4,    4,         -7.64,          3.31,       1.72,      17.19,     56.87,          0.52
       -7,          4,    5,         -6.84,          3.31,       1.84,      18.38,     60.80,          0.56
       -7,          4,    6,         -6.49,          3.31,       1.93,      19.35,     64.01,          0.55
       -7,          4,    7,         -6.23,          3.31,       2.03,      20.28,     67.08,          0.55
       -6,          1,    1,        -14.15,          3.31,       1.06,      10.61,     35.09,          0.34
       -6,          1,    2,        -11.08,          3.31,       1.25,      12.49,     41.33,          0.44
       -6,          1,    3,         -9.78,          3.31,       1.38,      13.83,     45.74,          0.48
       -6,          1,    4,         -9.21,          3.31,       1.50,      14.98,     49.57,          0.47
       -6,          1,    5,         -8.36,          3.31,       1.61,      16.07,     53.17,          0.50
       -6,          1,    6,         -7.91,          3.31,       1.70,      17.02,     56.29,          0.50
       -6,          1,    7,         -7.53,          3.31,       1.80,      18.02,     59.61,          0.49
       -6,          2,    1,        -13.16,          3.31,       1.11,      11.14,     36.86,          0.37
       -6,          2,    2,         -9.96,          3.31,       1.33,      13.30,     44.00,          0.50
       -6,          2,    3,         -8.68,          3.31,       1.49,      14.92,     49.36,          0.53
       -6,          2,    4,         -8.01,          3.31,       1.63,      16.27,     53.81,          0.53
       -6,          2,    5,         -7.07,          3.31,       1.73,      17.35,     57.37,          0.58
       -6,          2,    6,         -6.66,          3.31,       1.84,      18.42,     60.92,          0.58
       -6,          2,    7,         -6.36,          3.31,       1.93,      19.32,     63.92,          0.58
       -6,          3,    1,        -12.35,          3.31,       1.16,      11.64,     38.51,          0.39
       -6,          3,    2,         -9.08,          3.31,       1.41,      14.11,     46.67,          0.54
       -6,          3,    3,         -7.67,          3.31,       1.59,      15.85,     52.41,          0.59
       -6,          3,    4,         -6.83,          3.31,       1.72,      17.23,     56.99,          0.62
       -6,          3,    5,         -6.37,          3.31,       1.84,      18.36,     60.72,          0.62
       -6,          3,    6,         -6.04,          3.31,       1.93,      19.33,     63.93,          0.62
       -6,          3,    7,         -6.10,          3.31,       2.02,      20.22,     66.89,          0.57
       -6,          4,    1,        -12.09,          3.31,       1.21,      12.13,     40.13,          0.37
       -6,          4,    2,         -8.46,          3.31,       1.49,      14.92,     49.35,          0.55
       -6,          4,    3,         -7.10,          3.31,       1.67,      16.70,     55.24,          0.62
       -6,          4,    4,         -6.34,          3.31,       1.81,      18.12,     59.95,          0.64
       -6,          4,    5,         -5.88,          3.31,       1.93,      19.26,     63.70,          0.64
       -6,          4,    6,         -5.54,          3.31,       2.03,      20.26,     67.00,          0.64
       -6,          4,    7,         -5.28,          3.31,       2.13,      21.30,     70.46,          0.63
       -5,          1,    1,        -12.54,          3.31,       1.12,      11.26,     37.24,          0.41
       -5,          1,    2,         -9.73,          3.31,       1.33,      13.33,     44.09,          0.52
       -5,          1,    3,         -8.16,          3.31,       1.48,      14.83,     49.05,          0.60
       -5,          1,    4,         -7.39,          3.31,       1.61,      16.06,     53.10,          0.62
       -5,          1,    5,         -6.78,          3.31,       1.72,      17.19,     56.86,          0.63
       -5,          1,    6,         -6.34,          3.31,       1.83,      18.26,     60.39,          0.63
       -5,          1,    7,         -5.96,          3.31,       1.93,      19.24,     63.63,          0.64
       -5,          2,    1,        -11.54,          3.31,       1.18,      11.82,     39.09,          0.46
       -5,          2,    2,         -8.34,          3.31,       1.43,      14.31,     47.32,          0.62
       -5,          2,    3,         -7.18,          3.31,       1.61,      16.09,     53.24,          0.65
       -5,          2,    4,         -6.03,          3.31,       1.75,      17.51,     57.92,          0.73
       -5,          2,    5,         -5.47,          3.31,       1.88,      18.80,     62.17,          0.74
       -5,          2,    6,         -5.06,          3.31,       1.99,      19.91,     65.85,          0.74
       -5,          2,    7,         -4.76,          3.31,       2.08,      20.83,     68.88,          0.74
       -5,          3,    1,        -10.72,          3.31,       1.24,      12.41,     41.06,          0.49
       -5,          3,    2,         -7.44,          3.31,       1.53,      15.30,     50.61,          0.67
       -5,          3,    3,         -6.03,          3.31,       1.72,      17.23,     56.98,          0.75
       -5,          3,    4,         -5.44,          3.31,       1.88,      18.79,     62.14,          0.74
       -5,          3,    5,         -5.10,          3.31,       2.00,      20.01,     66.20,          0.73
       -5,          3,    6,         -4.39,          3.31,       2.10,      21.02,     69.53,          0.79
       -5,          3,    7,         -4.16,          3.31,       2.20,      21.98,     72.69,          0.78
       -5,          4,    1,        -10.10,          3.31,       1.31,      13.06,     43.20,          0.50
       -5,          4,    2,         -6.81,          3.31,       1.62,      16.24,     53.73,          0.69
       -5,          4,    3,         -5.45,          3.31,       1.83,      18.32,     60.60,          0.77
       -5,          4,    4,         -4.71,          3.31,       1.99,      19.85,     65.65,          0.80
       -5,          4,    5,         -4.52,          3.31,       2.11,      21.08,     69.73,          0.77
       -5,          4,    6,         -3.90,          3.31,       2.21,      22.13,     73.19,          0.82
       -5,          4,    7,         -3.65,          3.31,       2.32,      23.24,     76.85,          0.81
       -4,          1,    1,        -11.83,          3.31,       1.15,      11.53,     38.15,          0.46
       -4,          1,    2,         -8.74,          3.31,       1.37,      13.75,     45.47,          0.61
       -4,          1,    3,         -7.46,          3.31,       1.53,      15.31,     50.63,          0.67
       -4,          1,    4,         -6.69,          3.31,       1.66,      16.57,     54.80,          0.69
       -4,          1,    5,         -6.08,          3.31,       1.78,      17.79,     58.85,          0.70
       -4,          1,    6,         -5.68,          3.31,       1.88,      18.85,     62.35,          0.70
       -4,          1,    7,         -5.62,          3.31,       1.99,      19.92,     65.90,          0.65
       -4,          2,    1,        -11.18,          3.31,       1.22,      12.13,     40.11,          0.46
       -4,          2,    2,         -7.62,          3.31,       1.48,      14.83,     49.04,          0.68
       -4,          2,    3,         -6.20,          3.31,       1.67,      16.66,     55.12,          0.76
       -4,          2,    4,         -5.33,          3.31,       1.82,      18.20,     60.19,          0.80
       -4,          2,    5,         -4.77,          3.31,       1.95,      19.51,     64.53,          0.82
       -4,          2,    6,         -4.36,          3.31,       2.06,      20.59,     68.10,          0.83
       -4,          2,    7,         -4.10,          3.31,       2.16,      21.60,     71.45,          0.81
       -4,          3,    1,        -10.21,          3.31,       1.28,      12.82,     42.40,          0.51
       -4,          3,    2,         -7.07,          3.31,       1.59,      15.89,     52.58,          0.68
       -4,          3,    3,         -5.32,          3.31,       1.79,      17.94,     59.33,          0.82
       -4,          3,    4,         -4.49,          3.31,       1.96,      19.58,     64.77,          0.86
       -4,          3,    5,         -4.03,          3.31,       2.07,      20.73,     68.56,          0.88
       -4,          3,    6,         -3.69,          3.31,       2.18,      21.82,     72.15,          0.88
       -4,          3,    7,         -3.46,          3.31,       2.28,      22.78,     75.36,          0.87
       -4,          4,    1,         -9.41,          3.31,       1.35,      13.49,     44.60,          0.55
       -4,          4,    2,         -6.41,          3.31,       1.68,      16.86,     55.76,          0.71
       -4,          4,    3,         -4.73,          3.31,       1.91,      19.07,     63.08,          0.85
       -4,          4,    4,         -3.98,          3.31,       2.06,      20.63,     68.26,          0.90
       -4,          4,    5,         -3.52,          3.31,       2.19,      21.95,     72.61,          0.91
       -4,          4,    6,         -3.19,          3.31,       2.31,      23.12,     76.46,          0.91
       -4,          4,    7,         -2.93,          3.31,       2.42,      24.17,     79.92,          0.90
       -3,          1,    1,        -11.19,          3.31,       1.18,      11.82,     39.08,          0.50
       -3,          1,    2,         -8.13,          3.31,       1.42,      14.16,     46.85,          0.67
       -3,          1,    3,         -7.15,          3.31,       1.58,      15.78,     52.20,          0.68
       -3,          1,    4,         -6.05,          3.31,       1.71,      17.06,     56.42,          0.76
       -3,          1,    5,         -5.44,          3.31,       1.84,      18.35,     60.71,          0.77
       -3,          1,    6,         -5.01,          3.31,       1.95,      19.47,     64.41,          0.78
       -3,          1,    7,         -4.64,          3.31,       2.05,      20.46,     67.67,          0.78
       -3,          2,    1,        -10.19,          3.31,       1.25,      12.46,     41.23,          0.54
       -3,          2,    2,         -6.97,          3.31,       1.53,      15.32,     50.66,          0.74
       -3,          2,    3,         -5.59,          3.31,       1.72,      17.22,     56.95,          0.83
       -3,          2,    4,         -5.01,          3.31,       1.89,      18.88,     62.46,          0.81
       -3,          2,    5,         -4.12,          3.31,       2.02,      20.19,     66.77,          0.90
       -3,          2,    6,         -3.71,          3.31,       2.14,      21.38,     70.71,          0.90
       -3,          2,    7,         -3.42,          3.31,       2.24,      22.36,     73.94,          0.90
       -3,          3,    1,         -9.37,          3.31,       1.32,      13.20,     43.68,          0.58
       -3,          3,    2,         -6.07,          3.31,       1.65,      16.46,     54.44,          0.80
       -3,          3,    3,         -4.67,          3.31,       1.87,      18.64,     61.67,          0.90
       -3,          3,    4,         -4.12,          3.31,       2.03,      20.28,     67.09,          0.89
       -3,          3,    5,         -3.77,          3.31,       2.16,      21.60,     71.43,          0.88
       -3,          3,    6,         -3.03,          3.31,       2.27,      22.68,     75.03,          0.97
       -3,          3,    7,         -2.80,          3.31,       2.36,      23.65,     78.22,          0.96
       -3,          4,    1,         -8.75,          3.31,       1.39,      13.90,     45.98,          0.60
       -3,          4,    2,         -5.44,          3.31,       1.75,      17.50,     57.88,          0.84
       -3,          4,    3,         -4.07,          3.31,       1.99,      19.87,     65.73,          0.93
       -3,          4,    4,         -3.31,          3.31,       2.15,      21.52,     71.17,          0.98
       -3,          4,    5,         -2.88,          3.31,       2.29,      22.90,     75.73,          0.99
       -3,          4,    6,         -2.85,          3.31,       2.40,      24.04,     79.50,          0.93
       -3,          4,    7,         -2.27,          3.31,       2.52,      25.18,     83.28,          0.99
       -2,          1,    1,        -10.04,          3.31,       1.23,      12.35,     40.86,          0.58
       -2,          1,    2,         -6.93,          3.31,       1.50,      15.01,     49.63,          0.78
       -2,          1,    3,         -5.64,          3.31,       1.67,      16.74,     55.38,          0.86
       -2,          1,    4,         -4.89,          3.31,       1.81,      18.15,     60.04,          0.89
       -2,          1,    5,         -4.28,          3.31,       1.95,      19.51,     64.51,          0.91
       -2,          1,    6,         -3.86,          3.31,       2.06,      20.60,     68.12,          0.93
       -2,          1,    7,         -3.49,          3.31,       2.18,      21.72,     71.84,          0.93
       -2,          2,    1,         -9.22,          3.31,       1.31,      13.13,     43.42,          0.61
       -2,          2,    2,         -5.80,          3.31,       1.63,      16.30,     53.90,          0.87
       -2,          2,    3,         -4.38,          3.31,       1.84,      18.45,     61.02,          0.98
       -2,          2,    4,         -3.51,          3.31,       2.01,      20.15,     66.64,          1.04
       -2,          2,    5,         -2.96,          3.31,       2.16,      21.59,     71.40,          1.06
       -2,          2,    6,         -2.55,          3.31,       2.28,      22.79,     75.39,          1.08
       -2,          2,    7,         -2.26,          3.31,       2.39,      23.89,     78.99,          1.08
       -2,          3,    1,         -8.22,          3.31,       1.39,      13.94,     46.13,          0.67
       -2,          3,    2,         -4.91,          3.31,       1.76,      17.55,     58.04,          0.94
       -2,          3,    3,         -3.74,          3.31,       2.00,      20.03,     66.25,          0.99
       -2,          3,    4,         -3.05,          3.31,       2.18,      21.80,     72.10,          1.02
       -2,          3,    5,         -2.19,          3.31,       2.32,      23.17,     76.62,          1.14
       -2,          3,    6,         -1.85,          3.31,       2.44,      24.36,     80.55,          1.15
       -2,          3,    7,         -1.63,          3.31,       2.54,      25.41,     84.03,          1.14
       -2,          4,    1,         -7.59,          3.31,       1.48,      14.78,     48.89,          0.69
       -2,          4,    2,         -4.26,          3.31,       1.89,      18.85,     62.33,          0.97
       -2,          4,    3,         -2.92,          3.31,       2.14,      21.39,     70.75,          1.08
       -2,          4,    4,         -2.47,          3.31,       2.32,      23.21,     76.76,          1.07
       -2,          4,    5,         -1.67,          3.31,       2.47,      24.70,     81.68,          1.17
       -2,          4,    6,         -1.34,          3.31,       2.59,      25.91,     85.70,          1.18
       -2,          4,    7,         -1.09,          3.31,       2.71,      27.10,     89.62,          1.18
       -1,          1,    1,         -9.11,          3.31,       1.29,      12.89,     42.62,          0.65
       -1,          1,    2,         -5.97,          3.31,       1.58,      15.75,     52.10,          0.89
       -1,          1,    3,         -4.71,          3.31,       1.76,      17.62,     58.27,          0.98
       -1,          1,    4,         -4.16,          3.31,       1.91,      19.12,     63.24,          0.97
       -1,          1,    5,         -3.73,          3.31,       2.05,      20.49,     67.75,          0.96
       -1,          1,    6,         -2.91,          3.31,       2.17,      21.75,     71.92,          1.06
       -1,          1,    7,         -2.54,          3.31,       2.29,      22.87,     75.66,          1.07
       -1,          2,    1,         -8.10,          3.31,       1.37,      13.73,     45.42,          0.71
       -1,          2,    2,         -4.84,          3.31,       1.71,      17.17,     56.79,          0.99
       -1,          2,    3,         -3.42,          3.31,       1.95,      19.53,     64.61,          1.11
       -1,          2,    4,         -2.55,          3.31,       2.13,      21.35,     70.63,          1.18
       -1,          2,    5,         -2.01,          3.31,       2.29,      22.87,     75.65,          1.21
       -1,          2,    6,         -1.89,          3.31,       2.41,      24.16,     79.92,          1.15
       -1,          2,    7,         -1.70,          3.31,       2.53,      25.30,     83.67,          1.13
       -1,          3,    1,         -7.28,          3.31,       1.47,      14.65,     48.46,          0.75
       -1,          3,    2,         -3.94,          3.31,       1.87,      18.69,     61.80,          1.06
       -1,          3,    3,         -2.51,          3.31,       2.13,      21.27,     70.35,          1.20
       -1,          3,    4,         -1.68,          3.31,       2.32,      23.23,     76.84,          1.28
       -1,          3,    5,         -1.22,          3.31,       2.47,      24.71,     81.70,          1.30
       -1,          3,    6,         -0.88,          3.31,       2.59,      25.93,     85.74,          1.31
       -1,          3,    7,         -0.66,          3.31,       2.70,      27.02,     89.35,          1.31
       -1,          4,    1,         -6.70,          3.31,       1.56,      15.59,     51.56,          0.77
       -1,          4,    2,         -3.54,          3.31,       2.01,      20.05,     66.33,          1.04
       -1,          4,    3,         -2.29,          3.31,       2.28,      22.85,     75.57,          1.14
       -1,          4,    4,         -1.14,          3.31,       2.48,      24.83,     82.12,          1.32
       -1,          4,    5,         -0.69,          3.31,       2.64,      26.35,     87.14,          1.34
       -1,          4,    6,         -0.36,          3.31,       2.77,      27.67,     91.50,          1.36
       -1,          4,    7,         -0.12,          3.31,       2.89,      28.91,     95.60,          1.35
        0,          1,    1,         -8.23,          3.31,       1.34,      13.43,     44.41,          0.73
        0,          1,    2,         -5.07,          3.31,       1.65,      16.54,     54.73,          1.01
        0,          1,    3,         -3.78,          3.31,       1.86,      18.58,     61.46,          1.11
        0,          1,    4,         -3.28,          3.31,       2.01,      20.10,     66.49,          1.10
        0,          1,    5,         -2.80,          3.31,       2.16,      21.61,     71.48,          1.10
        0,          1,    6,         -2.01,          3.31,       2.29,      22.88,     75.69,          1.21
        0,          1,    7,         -1.65,          3.31,       2.41,      24.08,     79.65,          1.22
        0,          2,    1,         -7.22,          3.31,       1.44,      14.37,     47.55,          0.80
        0,          2,    2,         -3.94,          3.31,       1.81,      18.14,     60.00,          1.11
        0,          2,    3,         -2.51,          3.31,       2.06,      20.61,     68.16,          1.26
        0,          2,    4,         -1.64,          3.31,       2.26,      22.60,     74.75,          1.34
        0,          2,    5,         -1.11,          3.31,       2.42,      24.22,     80.11,          1.37
        0,          2,    6,         -1.00,          3.31,       2.57,      25.63,     84.77,          1.30
        0,          2,    7,         -0.39,          3.31,       2.68,      26.84,     88.76,          1.41
        0,          3,    1,         -6.40,          3.31,       1.54,      15.39,     50.90,          0.84
        0,          3,    2,         -3.04,          3.31,       1.98,      19.78,     65.42,          1.19
        0,          3,    3,         -1.60,          3.31,       2.26,      22.56,     74.62,          1.36
        0,          3,    4,         -0.77,          3.31,       2.47,      24.70,     81.70,          1.44
        0,          3,    5,         -0.30,          3.31,       2.63,      26.30,     86.97,          1.47
        0,          3,    6,          0.04,          3.31,       2.76,      27.57,     91.18,          1.49
        0,          3,    7,          0.25,          3.31,       2.87,      28.75,     95.05,          1.48
        0,          4,    1,         -6.11,          3.31,       1.64,      16.42,     54.31,          0.80
        0,          4,    2,         -2.38,          3.31,       2.13,      21.32,     70.53,          1.23
        0,          4,    3,         -0.98,          3.31,       2.43,      24.31,     80.39,          1.41
        0,          4,    4,         -0.21,          3.31,       2.65,      26.46,     87.50,          1.49
        0,          4,    5,          0.24,          3.31,       2.81,      28.11,     92.95,          1.53
        0,          4,    6,          0.56,          3.31,       2.95,      29.51,     97.56,          1.54
        0,          4,    7,          0.81,          3.31,       3.08,      30.79,    101.80,          1.54
        1,          1,    1,         -7.67,          3.31,       1.39,      13.93,     46.05,          0.77
        1,          1,    2,         -4.62,          3.31,       1.73,      17.26,     57.10,          1.04
        1,          1,    3,         -2.96,          3.31,       1.95,      19.48,     64.45,          1.24
        1,          1,    4,         -2.21,          3.31,       2.11,      21.12,     69.88,          1.30
        1,          1,    5,         -1.62,          3.31,       2.27,      22.68,     75.01,          1.34
        1,          1,    6,         -1.19,          3.31,       2.40,      23.98,     79.32,          1.37
        1,          1,    7,         -0.84,          3.31,       2.54,      25.36,     83.87,          1.37
        1,          2,    1,         -6.45,          3.31,       1.50,      14.99,     49.57,          0.88
        1,          2,    2,         -3.22,          3.31,       1.90,      19.06,     63.05,          1.21
        1,          2,    3,         -2.04,          3.31,       2.17,      21.73,     71.86,          1.30
        1,          2,    4,         -0.83,          3.31,       2.38,      23.81,     78.74,          1.50
        1,          2,    5,         -0.27,          3.31,       2.56,      25.59,     84.61,          1.55
        1,          2,    6,          0.14,          3.31,       2.71,      27.05,     89.45,          1.57
        1,          2,    7,          0.42,          3.31,       2.83,      28.32,     93.64,          1.58
        1,          3,    1,         -5.63,          3.31,       1.61,      16.07,     53.14,          0.93
        1,          3,    2,         -2.23,          3.31,       2.08,      20.79,     68.76,          1.33
        1,          3,    3,         -0.79,          3.31,       2.39,      23.88,     78.98,          1.51
        1,          3,    4,         -0.21,          3.31,       2.62,      26.15,     86.46,          1.52
        1,          3,    5,          0.14,          3.31,       2.78,      27.80,     91.94,          1.52
        1,          3,    6,          0.87,          3.31,       2.92,      29.20,     96.56,          1.68
        1,          3,    7,          1.09,          3.31,       3.04,      30.37,    100.42,          1.68
        1,          4,    1,         -5.00,          3.31,       1.72,      17.16,     56.76,          0.95
        1,          4,    2,         -1.57,          3.31,       2.25,      22.48,     74.37,          1.37
        1,          4,    3,         -0.16,          3.31,       2.58,      25.79,     85.31,          1.56
        1,          4,    4,          0.61,          3.31,       2.81,      28.13,     93.03,          1.66
        1,          4,    5,          0.90,          3.31,       2.99,      29.84,     98.65,          1.64
        1,          4,    6,          1.02,          3.31,       3.13,      31.30,    103.48,          1.58
        1,          4,    7,          1.64,          3.31,       3.26,      32.64,    107.90,          1.73
        2,          1,    1,         -6.45,          3.31,       1.47,      14.73,     48.73,          0.91
        2,          1,    2,         -3.19,          3.31,       1.85,      18.47,     61.11,          1.29
        2,          1,    3,         -1.88,          3.31,       2.08,      20.78,     68.72,          1.44
        2,          1,    4,         -1.13,          3.31,       2.26,      22.56,     74.62,          1.52
        2,          1,    5,         -0.57,          3.31,       2.42,      24.26,     80.21,          1.56
        2,          1,    6,         -0.47,          3.31,       2.57,      25.72,     85.06,          1.47
        2,          1,    7,          0.23,          3.31,       2.71,      27.09,     89.56,          1.60
        2,          2,    1,         -5.44,          3.31,       1.59,      15.86,     52.48,          0.99
        2,          2,    2,         -2.08,          3.31,       2.03,      20.35,     67.31,          1.42
        2,          2,    3,         -0.62,          3.31,       2.33,      23.36,     77.25,          1.62
        2,          2,    4,          0.25,          3.31,       2.57,      25.66,     84.86,          1.73
        2,          2,    5,          0.79,          3.31,       2.75,      27.51,     90.96,          1.78
        2,          2,    6,          0.98,          3.31,       2.91,      29.10,     96.24,          1.73
        2,          2,    7,          1.13,          3.31,       3.04,      30.37,    100.42,          1.69
        2,          3,    1,         -4.62,          3.31,       1.71,      17.05,     56.39,          1.05
        2,          3,    2,         -1.17,          3.31,       2.23,      22.33,     73.86,          1.52
        2,          3,    3,          0.30,          3.31,       2.58,      25.78,     85.24,          1.74
        2,          3,    4,          1.15,          3.31,       2.83,      28.29,     93.54,          1.86
        2,          3,    5,          1.62,          3.31,       3.01,      30.05,     99.35,          1.92
        2,          3,    6,          1.97,          3.31,       3.16,      31.56,    104.34,          1.95
        2,          3,    7,          2.15,          3.31,       3.28,      32.78,    108.38,          1.94
        2,          4,    1,         -4.27,          3.31,       1.83,      18.33,     60.63,          1.01
        2,          4,    2,         -0.90,          3.31,       2.43,      24.28,     80.30,          1.44
        2,          4,    3,          0.93,          3.31,       2.80,      27.97,     92.49,          1.80
        2,          4,    4,          1.72,          3.31,       3.04,      30.43,    100.61,          1.93
        2,          4,    5,          2.18,          3.31,       3.23,      32.31,    106.81,          1.98
        2,          4,    6,          2.50,          3.31,       3.38,      33.79,    111.71,          2.02
        2,          4,    7,          2.74,          3.31,       3.52,      35.18,    116.31,          2.03
        3,          1,    1,         -5.87,          3.31,       1.52,      15.17,     50.18,          0.98
        3,          1,    2,         -2.80,          3.31,       1.92,      19.18,     63.45,          1.32
        3,          1,    3,         -1.61,          3.31,       2.16,      21.65,     71.61,          1.44
        3,          1,    4,         -0.48,          3.31,       2.35,      23.51,     77.73,          1.66
        3,          1,    5,          0.10,          3.31,       2.53,      25.29,     83.65,          1.71
        3,          1,    6,          0.52,          3.31,       2.68,      26.81,     88.68,          1.74
        3,          1,    7,          0.87,          3.31,       2.82,      28.22,     93.30,          1.76
        3,          2,    1,         -4.85,          3.31,       1.64,      16.43,     54.34,          1.07
        3,          2,    2,         -1.45,          3.31,       2.12,      21.24,     70.25,          1.54
        3,          2,    3,         -0.00,          3.31,       2.44,      24.36,     80.56,          1.76
        3,          2,    4,          0.61,          3.31,       2.68,      26.84,     88.76,          1.77
        3,          2,    5,          1.46,          3.31,       2.88,      28.80,     95.22,          1.96
        3,          2,    6,          1.87,          3.31,       3.04,      30.41,    100.54,          2.00
        3,          2,    7,          2.16,          3.31,       3.18,      31.79,    105.08,          2.02
        3,          3,    1,         -4.03,          3.31,       1.77,      17.70,     58.54,          1.14
        3,          3,    2,         -0.54,          3.31,       2.34,      23.39,     77.35,          1.65
        3,          3,    3,          0.89,          3.31,       2.70,      27.00,     89.29,          1.87
        3,          3,    4,          1.45,          3.31,       2.96,      29.62,     97.92,          1.88
        3,          3,    5,          2.28,          3.31,       3.15,      31.48,    104.07,          2.10
        3,          3,    6,          2.62,          3.31,       3.30,      33.01,    109.14,          2.14
        3,          3,    7,          2.85,          3.31,       3.42,      34.20,    113.05,          2.16
        3,          4,    1,         -3.40,          3.31,       1.90,      19.05,     63.02,          1.16
        3,          4,    2,          0.13,          3.31,       2.54,      25.45,     84.18,          1.70
        3,          4,    3,          1.55,          3.31,       2.93,      29.34,     97.01,          1.95
        3,          4,    4,          2.07,          3.31,       3.19,      31.92,    105.54,          1.97
        3,          4,    5,          2.84,          3.31,       3.38,      33.80,    111.75,          2.18
        3,          4,    6,          3.16,          3.31,       3.54,      35.39,    116.99,          2.22
        3,          4,    7,          3.40,          3.31,       3.68,      36.78,    121.60,          2.23
        4,          1,    1,         -4.84,          3.31,       1.61,      16.10,     53.25,          1.12
        4,          1,    2,         -1.44,          3.31,       2.06,      20.56,     68.01,          1.63
        4,          1,    3,         -0.09,          3.31,       2.33,      23.36,     77.24,          1.83
        4,          1,    4,          0.66,          3.31,       2.53,      25.31,     83.71,          1.94
        4,          1,    5,          1.23,          3.31,       2.72,      27.22,     90.03,          2.01
        4,          1,    6,          1.40,          3.31,       2.88,      28.82,     95.28,          1.93
        4,          1,    7,          1.61,          3.31,       3.03,      30.28,    100.10,          1.90
        4,          2,    1,         -3.82,          3.31,       1.74,      17.42,     57.62,          1.23
        4,          2,    2,         -0.33,          3.31,       2.29,      22.87,     75.63,          1.79
        4,          2,    3,          1.15,          3.31,       2.64,      26.37,     87.20,          2.06
        4,          2,    4,          2.03,          3.31,       2.90,      28.99,     95.88,          2.22
        4,          2,    5,          2.61,          3.31,       3.11,      31.05,    102.66,          2.31
        4,          2,    6,          3.03,          3.31,       3.28,      32.82,    108.50,          2.37
        4,          2,    7,          3.29,          3.31,       3.42,      34.24,    113.18,          2.39
        4,          3,    1,         -3.24,          3.31,       1.89,      18.93,     62.63,          1.22
        4,          3,    2,          0.22,          3.31,       2.53,      25.27,     83.57,          1.76
        4,          3,    3,          2.10,          3.31,       2.93,      29.31,     96.92,          2.21
        4,          3,    4,          2.96,          3.31,       3.21,      32.11,    106.15,          2.40
        4,          3,    5,          3.46,          3.31,       3.41,      34.09,    112.71,          2.49
        4,          3,    6,          3.80,          3.31,       3.57,      35.71,    118.03,          2.54
        4,          3,    7,          4.03,          3.31,       3.70,      36.99,    122.26,          2.56
        4,          4,    1,         -2.37,          3.31,       2.04,      20.36,     67.34,          1.33
        4,          4,    2,          1.25,          3.31,       2.76,      27.60,     91.27,          1.97
        4,          4,    3,          2.56,          3.31,       3.19,      31.89,    105.44,          2.21
        4,          4,    4,          3.20,          3.31,       3.46,      34.62,    114.43,          2.30
        4,          4,    5,          4.03,          3.31,       3.67,      36.70,    121.30,          2.59
        4,          4,    6,          4.35,          3.31,       3.84,      38.38,    126.88,          2.64
        4,          4,    7,          4.59,          3.31,       3.99,      39.91,    131.91,          2.66
        5,          1,    1,         -4.22,          3.31,       1.67,      16.66,     55.12,          1.21
        5,          1,    2,         -0.75,          3.31,       2.15,      21.53,     71.19,          1.77
        5,          1,    3,          0.61,          3.31,       2.44,      24.42,     80.75,          2.02
        5,          1,    4,          1.36,          3.31,       2.65,      26.51,     87.67,          2.14
        5,          1,    5,          1.91,          3.31,       2.85,      28.43,     94.00,          2.21
        5,          1,    6,          2.02,          3.31,       3.01,      30.04,     99.31,          2.11
        5,          1,    7,          2.70,          3.31,       3.16,      31.60,    104.50,          2.31
        5,          2,    1,         -3.21,          3.31,       1.82,      18.15,     60.03,          1.32
        5,          2,    2,          0.36,          3.31,       2.39,      23.94,     79.18,          1.96
        5,          2,    3,          1.86,          3.31,       2.76,      27.60,     91.27,          2.27
        5,          2,    4,          2.75,          3.31,       3.03,      30.33,    100.29,          2.46
        5,          2,    5,          3.34,          3.31,       3.26,      32.59,    107.75,          2.57
        5,          2,    6,          3.76,          3.31,       3.44,      34.38,    113.66,          2.64
        5,          2,    7,          4.03,          3.31,       3.59,      35.88,    118.59,          2.67
        5,          3,    1,         -2.63,          3.31,       1.97,      19.70,     65.16,          1.32
        5,          3,    2,          0.90,          3.31,       2.65,      26.52,     87.70,          1.92
        5,          3,    3,          2.82,          3.31,       3.07,      30.71,    101.55,          2.46
        5,          3,    4,          3.70,          3.31,       3.37,      33.69,    111.37,          2.67
        5,          3,    5,          4.20,          3.31,       3.58,      35.80,    118.35,          2.78
        5,          3,    6,          4.55,          3.31,       3.75,      37.51,    123.97,          2.84
        5,          3,    7,          4.78,          3.31,       3.89,      38.92,    128.63,          2.86
        5,          4,    1,         -1.75,          3.31,       2.13,      21.31,     70.47,          1.43
        5,          4,    2,          1.74,          3.31,       2.90,      29.00,     95.88,          2.07
        5,          4,    3,          3.14,          3.31,       3.35,      33.55,    110.91,          2.36
        5,          4,    4,          4.31,          3.31,       3.65,      36.50,    120.66,          2.78
        5,          4,    5,          4.78,          3.30,       3.87,      38.70,    127.89,          2.89
        5,          4,    6,          5.11,          3.30,       4.04,      40.43,    133.62,          2.95
        5,          4,    7,          5.35,          3.30,       4.20,      41.99,    138.77,          2.98
        6,          1,    1,         -3.47,          3.31,       1.74,      17.38,     57.48,          1.34
        6,          1,    2,          0.12,          3.31,       2.27,      22.73,     75.18,          2.00
        6,          1,    3,          1.49,          3.31,       2.58,      25.79,     85.30,          2.29
        6,          1,    4,          1.92,          3.31,       2.80,      28.01,     92.63,          2.26
        6,          1,    5,          2.85,          3.31,       3.00,      30.04,     99.33,          2.55
        6,          1,    6,          3.26,          3.31,       3.18,      31.76,    105.00,          2.61
        6,          1,    7,          3.62,          3.31,       3.34,      33.34,    110.21,          2.66
        6,          2,    1,         -2.43,          3.31,       1.90,      19.04,     62.96,          1.46
        6,          2,    2,          1.24,          3.31,       2.53,      25.33,     83.78,          2.22
        6,          2,    3,          2.77,          3.31,       2.93,      29.29,     96.87,          2.59
        6,          2,    4,          3.67,          3.31,       3.22,      32.23,    106.56,          2.82
        6,          2,    5,          4.26,          3.31,       3.45,      34.52,    114.13,          2.95
        6,          2,    6,          4.38,          3.31,       3.65,      36.54,    120.77,          2.83
        6,          2,    7,          5.00,          3.31,       3.81,      38.15,    126.12,          3.09
        6,          3,    1,         -1.60,          3.31,       2.07,      20.70,     68.48,          1.55
        6,          3,    2,          2.17,          3.31,       2.81,      28.12,     92.98,          2.38
        6,          3,    3,          3.75,          3.31,       3.27,      32.68,    108.07,          2.81
        6,          3,    4,          4.65,          3.31,       3.59,      35.87,    118.59,          3.08
        6,          3,    5,          5.17,          3.31,       3.82,      38.17,    126.16,          3.21
        6,          3,    6,          5.52,          3.31,       4.00,      39.99,    132.16,          3.29
        6,          3,    7,          5.74,          3.31,       4.15,      41.48,    137.09,          3.31
        6,          4,    1,         -1.18,          3.31,       2.24,      22.36,     73.96,          1.52
        6,          4,    2,          2.51,          3.31,       3.08,      30.76,    101.70,          2.29
        6,          4,    3,          4.44,          3.31,       3.57,      35.75,    118.18,          2.95
        6,          4,    4,          5.28,          3.31,       3.90,      38.99,    128.86,          3.21
        6,          4,    5,          5.77,          3.31,       4.13,      41.32,    136.56,          3.34
        6,          4,    6,          6.10,          3.30,       4.32,      43.18,    142.70,          3.42
        6,          4,    7,          6.34,          3.30,       4.48,      44.82,    148.10,          3.46
        7,          1,    1,         -2.65,          3.31,       1.82,      18.23,     60.30,          1.49
        7,          1,    2,          1.09,          3.31,       2.40,      24.03,     79.48,          2.31
        7,          1,    3,          2.45,          3.31,       2.74,      27.39,     90.56,          2.64
        7,          1,    4,          2.95,          3.31,       2.97,      29.72,     98.27,          2.65
        7,          1,    5,          3.88,          3.31,       3.19,      31.90,    105.47,          2.99
        7,          1,    6,          4.29,          3.31,       3.37,      33.67,    111.32,          3.07
        7,          1,    7,          4.66,          3.31,       3.54,      35.39,    116.99,          3.14
        7,          2,    1,         -1.60,          3.31,       2.00,      19.98,     66.08,          1.64
        7,          2,    2,          2.23,          3.31,       2.69,      26.90,     88.96,          2.56
        7,          2,    3,          3.80,          3.31,       3.12,      31.17,    103.05,          3.03
        7,          2,    4,          4.71,          3.31,       3.43,      34.31,    113.43,          3.30
        7,          2,    5,          5.07,          3.31,       3.69,      36.92,    122.03,          3.27
        7,          2,    6,          5.37,          3.30,       3.90,      39.04,    129.02,          3.27
        7,          2,    7,          6.07,          3.30,       4.08,      40.77,    134.74,          3.65
        7,          3,    1,         -0.75,          3.31,       2.18,      21.73,     71.86,          1.75
        7,          3,    2,          3.17,          3.31,       2.99,      29.91,     98.92,          2.76
        7,          3,    3,          4.80,          3.31,       3.49,      34.94,    115.50,          3.29
        7,          3,    4,          5.71,          3.31,       3.85,      38.49,    127.23,          3.60
        7,          3,    5,          6.18,          3.31,       4.10,      41.00,    135.52,          3.71
        7,          3,    6,          6.26,          3.30,       4.30,      42.97,    142.01,          3.57
        7,          3,    7,          6.84,          3.30,       4.45,      44.52,    147.13,          3.92
        7,          4,    1,         -0.10,          3.31,       2.36,      23.55,     77.90,          1.80
        7,          4,    2,          3.89,          3.31,       3.29,      32.85,    108.62,          2.88
        7,          4,    3,          5.51,          3.31,       3.84,      38.39,    126.90,          3.44
        7,          4,    4,          6.36,          3.30,       4.20,      41.98,    138.74,          3.76
        7,          4,    5,          6.75,          3.30,       4.45,      44.50,    147.06,          3.84
        7,          4,    6,          6.85,          3.30,       4.65,      46.52,    153.74,          3.72
        7,          4,    7,          7.43,          3.30,       4.82,      48.26,    159.46,          4.08
        8,          1,    1,         -1.92,          3.31,       1.89,      18.87,     62.43,          1.67
        8,          1,    2,          1.95,          3.31,       2.52,      25.23,     83.44,          2.63
        8,          1,    3,          3.41,          3.31,       2.89,      28.86,     95.42,          3.07
        8,          1,    4,          4.19,          3.31,       3.13,      31.36,    103.71,          3.29
        8,          1,    5,          4.79,          3.31,       3.37,      33.68,    111.34,          3.45
        8,          1,    6,          5.19,          3.31,       3.56,      35.54,    117.47,          3.53
        8,          1,    7,          5.32,          3.31,       3.74,      37.38,    123.57,          3.41
        8,          2,    1,         -1.17,          3.31,       2.07,      20.70,     68.47,          1.71
        8,          2,    2,          3.10,          3.31,       2.84,      28.32,     93.64,          2.92
        8,          2,    3,          4.71,          3.31,       3.30,      33.00,    109.11,          3.46
        8,          2,    4,          5.63,          3.31,       3.64,      36.39,    120.29,          3.79
        8,          2,    5,          6.26,          3.31,       3.92,      39.21,    129.60,          4.00
        8,          2,    6,          6.70,          3.30,       4.15,      41.49,    137.11,          4.13
        8,          2,    7,          6.97,          3.30,       4.34,      43.34,    143.21,          4.16
        8,          3,    1,         -0.27,          3.31,       2.26,      22.61,     74.80,          1.85
        8,          3,    2,          3.70,          3.31,       3.16,      31.60,    104.49,          2.91
        8,          3,    3,          5.72,          3.31,       3.71,      37.08,    122.56,          3.78
        8,          3,    4,          6.64,          3.31,       4.10,      40.95,    135.36,          4.14
        8,          3,    5,          7.19,          3.30,       4.37,      43.72,    144.50,          4.34
        8,          3,    6,          7.56,          3.30,       4.59,      45.91,    151.71,          4.46
        8,          3,    7,          7.75,          3.30,       4.76,      47.56,    157.17,          4.47
        8,          4,    1,          0.44,          3.31,       2.46,      24.60,     81.36,          1.92
        8,          4,    2,          4.41,          3.31,       3.47,      34.72,    114.79,          3.03
        8,          4,    3,          6.44,          3.31,       4.09,      40.85,    135.02,          3.96
        8,          4,    4,          7.31,          3.30,       4.48,      44.83,    148.14,          4.33
        8,          4,    5,          7.82,          3.30,       4.76,      47.60,    157.29,          4.53
        8,          4,    6,          8.15,          3.30,       4.98,      49.75,    164.39,          4.65
        8,          4,    7,          8.40,          3.30,       5.16,      51.64,    170.63,          4.71
        9,          1,    1,         -1.19,          3.31,       1.95,      19.48,     64.42,          1.88
        9,          1,    2,          2.67,          3.31,       2.65,      26.53,     87.73,          2.90
        9,          1,    3,          3.97,          3.31,       3.05,      30.47,    100.77,          3.25
        9,          1,    4,          5.11,          3.31,       3.32,      33.18,    109.71,          3.78
        9,          1,    5,          5.72,          3.31,       3.57,      35.68,    117.95,          3.97
        9,          1,    6,          6.13,          3.31,       3.77,      37.64,    124.41,          4.08
        9,          1,    7,          6.50,          3.30,       3.97,      39.66,    131.07,          4.17
        9,          2,    1,         -0.09,          3.31,       2.15,      21.46,     70.98,          2.08
        9,          2,    2,          3.98,          3.31,       2.98,      29.84,     98.68,          3.35
        9,          2,    3,          5.41,          3.31,       3.49,      34.93,    115.48,          3.80
        9,          2,    4,          6.19,          3.31,       3.87,      38.64,    127.70,          4.01
        9,          2,    5,          7.21,          3.31,       4.18,      41.78,    138.07,          4.61
        9,          2,    6,          7.66,          3.30,       4.42,      44.21,    146.11,          4.77
        9,          2,    7,          7.99,          3.30,       4.63,      46.29,    152.96,          4.88
        9,          3,    1,          0.79,          3.31,       2.35,      23.50,     77.72,          2.23
        9,          3,    2,          4.95,          3.31,       3.33,      33.34,    110.23,          3.62
        9,          3,    3,          6.65,          3.31,       3.94,      39.44,    130.36,          4.34
        9,          3,    4,          7.27,          3.31,       4.37,      43.68,    144.35,          4.43
        9,          3,    5,          8.18,          3.30,       4.68,      46.79,    154.62,          5.03
        9,          3,    6,          8.56,          3.30,       4.91,      49.11,    162.28,          5.18
        9,          3,    7,          8.81,          3.30,       5.09,      50.90,    168.19,          5.27
        9,          4,    1,          1.46,          3.31,       2.56,      25.58,     84.59,          2.31
        9,          4,    2,          5.69,          3.31,       3.68,      36.77,    121.53,          3.79
        9,          4,    3,          7.40,          3.30,       4.36,      43.60,    144.07,          4.57
        9,          4,    4,          8.29,          3.30,       4.79,      47.91,    158.32,          5.02
        9,          4,    5,          8.80,          3.30,       5.11,      51.05,    168.67,          5.23
        9,          4,    6,          8.83,          3.30,       5.34,      53.44,    176.58,          5.01
        9,          4,    7,          9.41,          3.30,       5.54,      55.45,    183.20,          5.48
       10,          1,    1,         -0.54,          3.31,       2.00,      19.98,     66.10,          2.10
       10,          1,    2,          3.58,          3.31,       2.76,      27.60,     91.27,          3.39
       10,          1,    3,          5.14,          3.31,       3.20,      31.98,    105.73,          3.99
       10,          1,    4,          5.93,          3.31,       3.48,      34.80,    115.06,          4.30
       10,          1,    5,          6.54,          3.31,       3.75,      37.49,    123.93,          4.51
       10,          1,    6,          6.96,          3.31,       3.97,      39.64,    131.02,          4.64
       10,          1,    7,          7.33,          3.30,       4.18,      41.78,    138.06,          4.74
       10,          2,    1,          0.58,          3.31,       2.20,      22.02,     72.82,          2.34
       10,          2,    2,          4.75,          3.31,       3.11,      31.14,    102.96,          3.78
       10,          2,    3,          6.31,          3.31,       3.67,      36.72,    121.37,          4.39
       10,          2,    4,          7.01,          3.31,       4.07,      40.74,    134.64,          4.54
       10,          2,    5,          8.05,          3.30,       4.41,      44.09,    145.71,          5.24
       10,          2,    6,          8.50,          3.30,       4.68,      46.74,    154.45,          5.43
       10,          2,    7,          8.84,          3.30,       4.90,      48.97,    161.83,          5.55
       10,          3,    1,          1.47,          3.31,       2.42,      24.15,     79.88,          2.51
       10,          3,    2,          5.73,          3.31,       3.49,      34.92,    115.45,          4.09
       10,          3,    3,          7.48,          3.30,       4.16,      41.62,    137.54,          4.93
       10,          3,    4,          8.27,          3.30,       4.63,      46.30,    152.99,          5.20
       10,          3,    5,          9.05,          3.30,       4.97,      49.70,    164.23,          5.72
       10,          3,    6,          9.44,          3.30,       5.23,      52.28,    172.73,          5.90
       10,          3,    7,          9.70,          3.30,       5.43,      54.26,    179.27,          6.00
       10,          4,    1,          2.16,          3.31,       2.63,      26.34,     87.12,          2.60
       10,          4,    2,          6.48,          3.31,       3.86,      38.62,    127.65,          4.28
       10,          4,    3,          8.24,          3.30,       4.62,      46.17,    152.57,          5.18
       10,          4,    4,          8.88,          3.30,       5.10,      50.99,    168.47,          5.34
       10,          4,    5,          9.31,          3.30,       5.45,      54.45,    179.90,          5.46
       10,          4,    6,         10.06,          3.30,       5.70,      57.05,    188.49,          6.16
       10,          4,    7,         10.31,          3.30,       5.92,      59.23,    195.71,          6.25
       11,          1,    1,          0.08,          3.31,       2.03,      20.34,     67.28,          2.36
       11,          1,    2,          4.30,          3.31,       2.87,      28.72,     94.97,          3.80
       11,          1,    3,          5.91,          3.31,       3.34,      33.45,    110.60,          4.51
       11,          1,    4,          6.72,          3.31,       3.65,      36.53,    120.74,          4.87
       11,          1,    5,          7.32,          3.31,       3.94,      39.39,    130.18,          5.09
       11,          1,    6,          7.52,          3.30,       4.17,      41.65,    137.63,          4.97
       11,          1,    7,          7.74,          3.30,       4.39,      43.88,    145.00,          4.91
       11,          2,    1,          0.82,          3.31,       2.25,      22.48,     74.36,          2.40
       11,          2,    2,          5.46,          3.31,       3.25,      32.44,    107.24,          4.23
       11,          2,    3,          7.20,          3.31,       3.85,      38.51,    127.30,          5.08
       11,          2,    4,          8.16,          3.31,       4.29,      42.86,    141.64,          5.56
       11,          2,    5,          8.84,          3.30,       4.66,      46.54,    153.81,          5.90
       11,          2,    6,          9.30,          3.30,       4.94,      49.38,    163.14,          6.12
       11,          2,    7,          9.65,          3.30,       5.19,      51.86,    171.36,          6.26
       11,          3,    1,          2.09,          3.31,       2.48,      24.76,     81.90,          2.79
       11,          3,    2,          6.36,          3.31,       3.64,      36.43,    120.44,          4.48
       11,          3,    3,          7.94,          3.30,       4.38,      43.78,    144.66,          5.15
       11,          3,    4,          8.86,          3.30,       4.89,      48.90,    161.57,          5.59
       11,          3,    5,          9.86,          3.30,       5.27,      52.73,    174.22,          6.45
       11,          3,    6,         10.27,          3.30,       5.56,      55.59,    183.69,          6.66
       11,          3,    7,         10.54,          3.30,       5.78,      57.81,    191.00,          6.78
       11,          4,    1,          2.77,          3.31,       2.70,      27.02,     89.34,          2.89
       11,          4,    2,          7.19,          3.31,       4.04,      40.41,    133.57,          4.78
       11,          4,    3,          9.01,          3.30,       4.88,      48.75,    161.07,          5.80
       11,          4,    4,          9.67,          3.30,       5.42,      54.19,    179.04,          5.97
       11,          4,    5,         10.17,          3.30,       5.81,      58.07,    191.85,          6.19
       11,          4,    6,         10.91,          3.30,       6.09,      60.90,    201.23,          6.96
       11,          4,    7,         11.18,          3.30,       6.32,      63.23,    208.92,          7.09
       12,          1,    1,          0.67,          3.31,       2.08,      20.75,     68.62,          2.62
       12,          1,    2,          5.01,          3.31,       2.99,      29.86,     98.76,          4.25
       12,          1,    3,          6.70,          3.31,       3.51,      35.10,    116.02,          5.09
       12,          1,    4,          7.33,          3.31,       3.85,      38.49,    127.23,          5.24
       12,          1,    5,          7.81,          3.31,       4.16,      41.60,    137.47,          5.32
       12,          1,    6,          8.60,          3.30,       4.40,      43.96,    145.26,          5.97
       12,          1,    7,          8.98,          3.30,       4.64,      46.35,    153.17,          6.12
       12,          2,    1,          1.79,          3.31,       2.30,      23.00,     76.07,          2.90
       12,          2,    2,          6.17,          3.31,       3.38,      33.78,    111.68,          4.73
       12,          2,    3,          7.98,          3.30,       4.06,      40.54,    133.98,          5.72
       12,          2,    4,          8.97,          3.30,       4.53,      45.27,    149.58,          6.28
       12,          2,    5,          9.54,          3.30,       4.93,      49.26,    162.77,          6.48
       12,          2,    6,          9.79,          3.30,       5.24,      52.42,    173.22,          6.38
       12,          2,    7,         10.51,          3.30,       5.51,      55.14,    182.18,          7.11
       12,          3,    1,          2.67,          3.31,       2.53,      25.30,     83.66,          3.10
       12,          3,    2,          7.14,          3.31,       3.80,      38.01,    125.63,          5.09
       12,          3,    3,          9.03,          3.30,       4.62,      46.25,    152.85,          6.21
       12,          3,    4,         10.06,          3.30,       5.19,      51.87,    171.39,          6.88
       12,          3,    5,         10.65,          3.30,       5.62,      56.18,    185.63,          7.19
       12,          3,    6,         10.80,          3.30,       5.94,      59.42,    196.31,          6.98
       12,          3,    7,         11.43,          3.30,       6.19,      61.92,    204.58,          7.70
       12,          4,    1,          3.36,          3.31,       2.76,      27.59,     91.22,          3.22
       12,          4,    2,          7.89,          3.30,       4.23,      42.30,    139.80,          5.32
       12,          4,    3,          9.82,          3.30,       5.17,      51.65,    170.66,          6.55
       12,          4,    4,         10.82,          3.30,       5.78,      57.77,    190.87,          7.25
       12,          4,    5,         11.43,          3.30,       6.23,      62.26,    205.71,          7.65
       12,          4,    6,         11.80,          3.30,       6.53,      65.34,    215.87,          7.89
       12,          4,    7,         11.78,          3.30,       6.78,      67.82,    224.06,          7.54
       13,          1,    1,          0.88,          3.31,       2.12,      21.20,     70.12,          2.67
       13,          1,    2,          5.70,          3.31,       3.11,      31.08,    102.78,          4.73
       13,          1,    3,          7.51,          3.31,       3.70,      37.06,    122.50,          5.73
       13,          1,    4,          8.39,          3.31,       4.08,      40.79,    134.82,          6.24
       13,          1,    5,          9.04,          3.30,       4.41,      44.10,    145.75,          6.60
       13,          1,    6,          9.48,          3.30,       4.67,      46.70,    154.31,          6.82
       13,          1,    7,          9.87,          3.30,       4.92,      49.24,    162.72,          7.01
       13,          2,    1,          2.35,          3.31,       2.35,      23.47,     77.62,          3.21
       13,          2,    2,          6.87,          3.31,       3.53,      35.26,    116.57,          5.26
       13,          2,    3,          8.67,          3.30,       4.28,      42.82,    141.51,          6.27
       13,          2,    4,          9.47,          3.30,       4.79,      47.95,    158.46,          6.58
       13,          2,    5,         10.54,          3.30,       5.25,      52.46,    173.33,          7.59
       13,          2,    6,         11.04,          3.30,       5.60,      55.98,    184.95,          7.89
       13,          2,    7,         11.43,          3.30,       5.91,      59.09,    195.25,          8.11
       13,          3,    1,          3.24,          3.31,       2.58,      25.82,     85.38,          3.44
       13,          3,    2,          7.82,          3.31,       3.97,      39.74,    131.35,          5.65
       13,          3,    3,          9.84,          3.30,       4.89,      48.93,    161.68,          7.00
       13,          3,    4,         10.92,          3.30,       5.53,      55.31,    182.75,          7.78
       13,          3,    5,         11.55,          3.30,       6.03,      60.25,    199.07,          8.16
       13,          3,    6,         11.73,          3.30,       6.39,      63.88,    211.05,          7.96
       13,          3,    7,         12.38,          3.30,       6.66,      66.64,    220.17,          8.82
       13,          4,    1,          3.52,          3.31,       2.82,      28.19,     93.23,          3.25
       13,          4,    2,          8.57,          3.30,       4.42,      44.15,    145.89,          5.90
       13,          4,    3,         10.64,          3.30,       5.49,      54.90,    181.40,          7.37
       13,          4,    4,         11.71,          3.30,       6.20,      62.00,    204.82,          8.20
       13,          4,    5,         12.36,          3.30,       6.70,      66.96,    221.21,          8.73
       13,          4,    6,         12.76,          3.30,       7.05,      70.51,    232.91,          9.05
       13,          4,    7,         13.02,          3.30,       7.33,      73.29,    242.12,          9.19
       14,          1,    1,          1.43,          3.31,       2.15,      21.51,     71.14,          2.96
       14,          1,    2,          6.26,          3.31,       3.22,      32.19,    106.45,          5.13
       14,          1,    3,          8.19,          3.31,       3.89,      38.88,    128.51,          6.32
       14,          1,    4,          9.12,          3.30,       4.30,      42.96,    141.98,          6.92
       14,          1,    5,          9.79,          3.30,       4.66,      46.55,    153.83,          7.34
       14,          1,    6,         10.24,          3.30,       4.93,      49.30,    162.88,          7.62
       14,          1,    7,         10.65,          3.30,       5.21,      52.08,    172.07,          7.85
       14,          2,    1,          2.74,          3.31,       2.38,      23.84,     78.85,          3.43
       14,          2,    2,          7.09,          3.31,       3.65,      36.53,    120.75,          5.29
       14,          2,    3,          9.46,          3.30,       4.50,      44.95,    148.53,          7.10
       14,          2,    4,         10.53,          3.30,       5.06,      50.59,    167.15,          7.91
       14,          2,    5,         11.30,          3.30,       5.55,      55.51,    183.40,          8.46
       14,          2,    6,         11.81,          3.30,       5.93,      59.33,    196.05,          8.83
       14,          2,    7,         12.22,          3.30,       6.27,      62.69,    207.13,          9.11
       14,          3,    1,          3.62,          3.31,       2.63,      26.26,     86.86,          3.66
       14,          3,    2,          8.36,          3.31,       4.11,      41.12,    135.91,          6.13
       14,          3,    3,         10.28,          3.30,       5.14,      51.36,    169.71,          7.33
       14,          3,    4,         11.26,          3.30,       5.85,      58.50,    193.30,          7.89
       14,          3,    5,         12.40,          3.30,       6.40,      64.00,    211.45,          9.26
       14,          3,    6,         12.88,          3.30,       6.79,      67.94,    224.47,          9.67
       14,          3,    7,         13.21,          3.30,       7.10,      70.97,    234.44,          9.95
       14,          4,    1,          4.25,          3.31,       2.87,      28.68,     94.82,          3.76
       14,          4,    2,          9.10,          3.30,       4.58,      45.78,    151.26,          6.39
       14,          4,    3,         11.30,          3.30,       5.78,      57.83,    191.06,          8.08
       14,          4,    4,         12.16,          3.30,       6.57,      65.71,    217.09,          8.53
       14,          4,    5,         13.17,          3.30,       7.13,      71.30,    235.55,          9.80
       14,          4,    6,         13.60,          3.30,       7.50,      75.03,    247.83,         10.23
       14,          4,    7,         13.90,          3.30,       7.79,      77.89,    257.27,         10.52
       15,          1,    1,          1.93,          3.31,       2.18,      21.78,     72.03,          3.27
       15,          1,    2,          6.73,          3.31,       3.32,      33.16,    109.64,          5.52
       15,          1,    3,          8.81,          3.30,       4.06,      40.64,    134.32,          6.92
       15,          1,    4,          9.71,          3.30,       4.52,      45.18,    149.31,          7.48
       15,          1,    5,         10.14,          3.30,       4.90,      48.98,    161.84,          7.52
       15,          1,    6,         10.95,          3.30,       5.20,      51.95,    171.67,          8.45
       15,          1,    7,         11.37,          3.30,       5.49,      54.93,    181.48,          8.73
       15,          2,    1,          3.00,          3.31,       2.42,      24.18,     79.98,          3.58
       15,          2,    2,          7.88,          3.31,       3.76,      37.61,    124.33,          6.13
       15,          2,    3,         10.07,          3.30,       4.70,      46.97,    155.22,          7.76
       15,          2,    4,         11.20,          3.30,       5.32,      53.18,    175.70,          8.70
       15,          2,    5,         12.01,          3.30,       5.85,      58.47,    193.19,          9.40
       15,          2,    6,         12.49,          3.30,       6.25,      62.47,    206.42,          9.74
       15,          2,    7,         12.66,          3.30,       6.59,      65.90,    217.74,          9.53
       15,          3,    1,          3.49,          3.31,       2.67,      26.68,     88.23,          3.49
       15,          3,    2,          8.82,          3.30,       4.23,      42.34,    139.94,          6.58
       15,          3,    3,         11.12,          3.30,       5.38,      53.76,    177.60,          8.43
       15,          3,    4,         12.33,          3.30,       6.14,      61.44,    202.99,          9.57
       15,          3,    5,         13.14,          3.30,       6.73,      67.27,    222.24,         10.41
       15,          3,    6,         13.65,          3.30,       7.13,      71.23,    235.32,         10.98
       15,          3,    7,         14.00,          3.30,       7.42,      74.23,    245.22,         11.35
       15,          4,    1,          4.44,          3.31,       2.91,      29.09,     96.20,          3.86
       15,          4,    2,          9.24,          3.30,       4.70,      47.03,    155.40,          6.39
       15,          4,    3,         11.92,          3.30,       6.06,      60.58,    200.14,          8.85
       15,          4,    4,         13.17,          3.30,       6.91,      69.08,    228.22,         10.17
       15,          4,    5,         13.95,          3.30,       7.49,      74.87,    247.31,         11.13
       15,          4,    6,         14.42,          3.30,       7.88,      78.81,    260.28,         11.70
       15,          4,    7,         14.74,          3.30,       8.19,      81.88,    270.39,         12.10
       16,          1,    1,          2.12,          3.31,       2.21,      22.04,     72.92,          3.35
       16,          1,    2,          7.14,          3.31,       3.40,      34.01,    112.46,          5.88
       16,          1,    3,          9.13,          3.31,       4.26,      42.54,    140.60,          7.05
       16,          1,    4,         10.11,          3.30,       4.75,      47.53,    157.05,          7.72
       16,          1,    5,         11.24,          3.30,       5.16,      51.57,    170.39,          9.11
       16,          1,    6,         11.74,          3.30,       5.46,      54.58,    180.34,          9.56
       16,          1,    7,         12.19,          3.30,       5.76,      57.60,    190.30,          9.97
       16,          2,    1,          3.19,          3.31,       2.45,      24.53,     81.13,          3.67
       16,          2,    2,          8.31,          3.31,       3.87,      38.66,    127.80,          6.56
       16,          2,    3,         10.66,          3.30,       4.91,      49.08,    162.19,          8.44
       16,          2,    4,         11.65,          3.30,       5.57,      55.73,    184.13,          9.16
       16,          2,    5,         12.82,          3.30,       6.12,      61.18,    202.13,         10.77
       16,          2,    6,         13.40,          3.30,       6.53,      65.24,    215.57,         11.43
       16,          2,    7,         13.85,          3.30,       6.88,      68.76,    227.18,         11.95
       16,          3,    1,          4.02,          3.31,       2.70,      27.00,     89.28,          3.87
       16,          3,    2,          9.23,          3.30,       4.35,      43.44,    143.56,          7.02
       16,          3,    3,         11.75,          3.30,       5.61,      56.07,    185.23,          9.28
       16,          3,    4,         13.11,          3.30,       6.42,      64.21,    212.14,         10.90
       16,          3,    5,         13.94,          3.30,       7.03,      70.25,    232.07,         11.92
       16,          3,    6,         14.26,          3.30,       7.44,      74.43,    245.89,         12.02
       16,          3,    7,         14.89,          3.30,       7.77,      77.73,    256.76,         13.25
       16,          4,    1,          4.63,          3.31,       2.95,      29.48,     97.48,          3.96
       16,          4,    2,          9.92,          3.30,       4.82,      48.21,    159.30,          7.27
       16,          4,    3,         12.57,          3.30,       6.30,      63.02,    208.23,          9.83
       16,          4,    4,         14.02,          3.30,       7.23,      72.30,    238.84,         11.75
       16,          4,    5,         14.87,          3.30,       7.88,      78.80,    260.25,         13.02
       16,          4,    6,         15.37,          3.30,       8.31,      83.07,    274.29,         13.77
       16,          4,    7,         15.70,          3.30,       8.65,      86.45,    285.41,         14.22
       17,          1,    1,          2.03,          3.31,       2.23,      22.28,     73.68,          3.23
       17,          1,    2,          7.14,          3.31,       3.47,      34.72,    114.79,          5.72
       17,          1,    3,         10.02,          3.30,       4.40,      44.04,    145.54,          8.29
       17,          1,    4,         11.22,          3.30,       4.93,      49.27,    162.81,          9.57
       17,          1,    5,         12.02,          3.30,       5.35,      53.48,    176.70,         10.45
       17,          1,    6,         12.53,          3.30,       5.66,      56.62,    187.08,         11.01
       17,          1,    7,         12.99,          3.30,       5.98,      59.76,    197.47,         11.51
       17,          2,    1,          3.35,          3.31,       2.48,      24.81,     82.05,          3.74
       17,          2,    2,          8.61,          3.31,       3.95,      39.47,    130.45,          6.84
       17,          2,    3,         11.03,          3.30,       5.07,      50.68,    167.46,          8.85
       17,          2,    4,         12.73,          3.30,       5.78,      57.81,    191.00,         11.24
       17,          2,    5,         13.64,          3.30,       6.35,      63.53,    209.88,         12.46
       17,          2,    6,         14.23,          3.30,       6.77,      67.69,    223.64,         13.27
       17,          2,    7,         14.68,          3.30,       7.14,      71.41,    235.92,         13.89
       17,          3,    1,          4.17,          3.31,       2.73,      27.28,     90.21,          3.96
       17,          3,    2,          9.55,          3.30,       4.43,      44.32,    146.46,          7.38
       17,          3,    3,         12.43,          3.30,       5.78,      57.79,    190.95,         10.51
       17,          3,    4,         13.72,          3.30,       6.67,      66.67,    220.27,         12.03
       17,          3,    5,         14.51,          3.30,       7.33,      73.28,    242.07,         12.98
       17,          3,    6,         15.42,          3.30,       7.79,      77.92,    257.40,         14.96
       17,          3,    7,         15.81,          3.30,       8.15,      81.54,    269.28,         15.54
       17,          4,    1,          4.77,          3.31,       2.98,      29.82,     98.62,          4.03
       17,          4,    2,         10.22,          3.30,       4.91,      49.13,    162.34,          7.61
       17,          4,    3,         13.30,          3.30,       6.50,      64.97,    214.65,         11.22
       17,          4,    4,         14.89,          3.30,       7.54,      75.45,    249.20,         13.69
       17,          4,    5,         15.75,          3.30,       8.29,      82.83,    273.49,         15.08
       17,          4,    6,         15.97,          3.30,       8.76,      87.59,    289.13,         14.93
       17,          4,    7,         16.67,          3.30,       9.14,      91.38,    301.62,         16.75
       18,          1,    1,          2.42,          3.31,       2.26,      22.54,     74.55,          3.49
       18,          1,    2,          7.92,          3.31,       3.54,      35.39,    117.00,          6.70
       18,          1,    3,         10.85,          3.30,       4.52,      45.22,    149.46,          9.72
       18,          1,    4,         12.16,          3.30,       5.10,      51.00,    168.49,         11.41
       18,          1,    5,         12.99,          3.30,       5.56,      55.58,    183.63,         12.51
       18,          1,    6,         13.47,          3.30,       5.90,      58.96,    194.81,         13.06
       18,          1,    7,         13.66,          3.30,       6.22,      62.26,    205.69,         12.81
       18,          2,    1,          3.16,          3.31,       2.51,      25.08,     82.96,          3.54
       18,          2,    2,          9.15,          3.31,       4.02,      40.18,    132.79,          7.59
       18,          2,    3,         12.21,          3.30,       5.22,      52.20,    172.46,         11.25
       18,          2,    4,         13.70,          3.30,       6.01,      60.11,    198.60,         13.46
       18,          2,    5,         14.65,          3.30,       6.64,      66.40,    219.37,         14.99
       18,          2,    6,         15.26,          3.30,       7.10,      71.02,    234.63,         15.99
       18,          2,    7,         15.74,          3.30,       7.51,      75.08,    247.99,         16.78
       18,          3,    1,          4.32,          3.31,       2.77,      27.63,     91.38,          4.04
       18,          3,    2,         10.07,          3.30,       4.51,      45.08,    148.96,          8.15
       18,          3,    3,         13.00,          3.30,       5.96,      59.66,    197.11,         11.56
       18,          3,    4,         14.94,          3.30,       6.97,      69.64,    230.09,         15.18
       18,          3,    5,         15.94,          3.30,       7.73,      77.33,    255.40,         16.98
       18,          3,    6,         16.52,          3.30,       8.26,      82.62,    272.80,         18.06
       18,          3,    7,         16.92,          3.30,       8.67,      86.69,    286.19,         18.79
       18,          4,    1,          4.93,          3.31,       3.01,      30.12,     99.60,          4.14
       18,          4,    2,         10.78,          3.30,       5.00,      49.96,    165.08,          8.51
       18,          4,    3,         14.14,          3.30,       6.70,      67.02,    221.44,         13.16
       18,          4,    4,         15.87,          3.30,       7.92,      79.17,    261.47,         16.29
       18,          4,    5,         16.84,          3.30,       8.78,      87.79,    289.79,         18.20
       18,          4,    6,         17.11,          3.30,       9.34,      93.38,    308.20,         18.12
       18,          4,    7,         17.78,          3.30,       9.77,      97.66,    322.27,         20.14
       19,          1,    1,          2.24,          3.31,       2.28,      22.78,     75.33,          3.31
       19,          1,    2,          8.68,          3.31,       3.58,      35.75,    118.21,          7.89
       19,          1,    3,         11.73,          3.30,       4.63,      46.26,    152.87,         11.62
       19,          1,    4,         13.15,          3.30,       5.29,      52.90,    174.78,         13.75
       19,          1,    5,         14.04,          3.30,       5.81,      58.06,    191.83,         15.16
       19,          1,    6,         14.59,          3.30,       6.19,      61.89,    204.49,         16.00
       19,          1,    7,         15.07,          3.30,       6.55,      65.51,    216.43,         16.75
       19,          2,    1,          3.78,          3.31,       2.53,      25.35,     83.86,          4.03
       19,          2,    2,          9.73,          3.31,       4.07,      40.67,    134.40,          8.56
       19,          2,    3,         12.73,          3.30,       5.36,      53.59,    177.05,         12.30
       19,          2,    4,         14.70,          3.30,       6.27,      62.74,    207.27,         16.16
       19,          2,    5,         15.72,          3.30,       6.99,      69.86,    230.77,         18.12
       19,          2,    6,         16.36,          3.30,       7.51,      75.11,    248.09,         19.35
       19,          2,    7,         16.86,          3.30,       7.98,      79.78,    263.47,         20.30
       19,          3,    1,          4.63,          3.31,       2.79,      27.90,     92.26,          4.29
       19,          3,    2,         10.86,          3.30,       4.57,      45.68,    150.97,          9.63
       19,          3,    3,         14.06,          3.30,       6.12,      61.20,    202.19,         14.33
       19,          3,    4,         15.55,          3.30,       7.28,      72.77,    240.41,         16.64
       19,          3,    5,         16.96,          3.30,       8.17,      81.73,    269.88,         20.23
       19,          3,    6,         17.58,          3.30,       8.78,      87.78,    289.77,         21.60
       19,          3,    7,         18.00,          3.30,       9.25,      92.53,    305.41,         22.48
       19,          4,    1,          5.25,          3.31,       3.04,      30.41,    100.58,          4.41
       19,          4,    2,         11.53,          3.30,       5.07,      50.65,    167.38,          9.96
       19,          4,    3,         14.85,          3.30,       6.87,      68.68,    226.91,         15.10
       19,          4,    4,         16.71,          3.30,       8.26,      82.53,    272.51,         18.91
       19,          4,    5,         17.83,          3.30,       9.30,      93.02,    306.99,         21.49
       19,          4,    6,         18.25,          3.30,       9.96,      99.61,    328.71,         21.95
       19,          4,    7,         18.50,          3.30,      10.46,     104.55,    345.01,         22.06
       20,          1,    1,          3.23,          3.31,       2.30,      22.96,     75.94,          4.12
       20,          1,    2,          9.44,          3.31,       3.62,      36.18,    119.60,          9.28
       20,          1,    3,         12.45,          3.30,       4.75,      47.44,    156.76,         13.33
       20,          1,    4,         14.00,          3.30,       5.53,      55.25,    182.53,         15.93
       20,          1,    5,         14.96,          3.30,       6.12,      61.19,    202.17,         17.67
       20,          1,    6,         15.53,          3.30,       6.54,      65.38,    216.00,         18.69
       20,          1,    7,         15.97,          3.30,       6.92,      69.22,    228.69,         19.40
       20,          2,    1,          4.54,          3.31,       2.55,      25.54,     84.48,          4.77
       20,          2,    2,         10.33,          3.31,       4.12,      41.23,    136.26,          9.67
       20,          2,    3,         13.81,          3.30,       5.50,      55.03,    181.81,         15.32
       20,          2,    4,         15.53,          3.30,       6.55,      65.47,    216.31,         18.66
       20,          2,    5,         16.63,          3.30,       7.37,      73.66,    243.35,         21.08
       20,          2,    6,         17.30,          3.30,       7.96,      79.55,    262.73,         22.55
       20,          2,    7,         17.81,          3.30,       8.47,      84.69,    279.59,         23.68
       20,          3,    1,          5.68,          3.31,       2.82,      28.18,     93.19,          5.40
       20,          3,    2,         11.39,          3.30,       4.64,      46.35,    153.18,         10.71
       20,          3,    3,         14.47,          3.30,       6.27,      62.70,    207.17,         15.33
       20,          3,    4,         16.66,          3.30,       7.56,      75.54,    249.51,         20.60
       20,          3,    5,         17.84,          3.30,       8.61,      86.04,    284.05,         23.43
       20,          3,    6,         18.51,          3.30,       9.32,      93.13,    307.38,         25.11
       20,          3,    7,         18.97,          3.30,       9.86,      98.58,    325.32,         26.24
       20,          4,    1,          6.29,          3.31,       3.07,      30.71,    101.56,          5.54
       20,          4,    2,         12.27,          3.30,       5.14,      51.41,    169.86,         11.61
       20,          4,    3,         15.46,          3.30,       7.01,      70.12,    231.64,         16.98
       20,          4,    4,         17.12,          3.30,       8.54,      85.41,    281.95,         20.03
       20,          4,    5,         18.25,          3.30,       9.78,      97.82,    322.81,         22.45
       20,          4,    6,         19.32,          3.30,      10.58,     105.78,    349.07,         26.39
       20,          4,    7,         19.76,          3.30,      11.16,     111.58,    368.19,         27.55
       21,          1,    1,          4.36,          3.31,       2.32,      23.19,     76.71,          5.29
       21,          1,    2,          9.98,          3.31,       3.67,      36.71,    121.36,         10.35
       21,          1,    3,         12.97,          3.30,       4.86,      48.54,    160.40,         14.66
       21,          1,    4,         14.60,          3.30,       5.73,      57.32,    189.38,         17.54
       21,          1,    5,         15.35,          3.30,       6.41,      64.12,    211.86,         18.36
       21,          1,    6,         16.28,          3.30,       6.87,      68.67,    226.86,         21.06
       21,          1,    7,         16.77,          3.30,       7.28,      72.80,    240.50,         22.08
       21,          2,    1,          5.58,          3.31,       2.58,      25.80,     85.32,          5.97
       21,          2,    2,         11.23,          3.31,       4.19,      41.91,    138.52,         11.69
       21,          2,    3,         14.29,          3.30,       5.62,      56.20,    185.68,         16.70
       21,          2,    4,         16.10,          3.30,       6.77,      67.65,    223.49,         20.50
       21,          2,    5,         17.29,          3.30,       7.70,      77.02,    254.37,         23.37
       21,          2,    6,         17.82,          3.30,       8.36,      83.62,    276.09,         24.08
       21,          2,    7,         18.16,          3.30,       8.92,      89.23,    294.56,         24.28
       21,          3,    1,          6.10,          3.31,       2.85,      28.47,     94.15,          5.88
       21,          3,    2,         12.19,          3.30,       4.71,      47.07,    155.56,         12.66
       21,          3,    3,         15.30,          3.30,       6.40,      63.96,    211.33,         18.15
       21,          3,    4,         17.18,          3.30,       7.78,      77.80,    256.95,         22.52
       21,          3,    5,         18.48,          3.30,       8.98,      89.79,    296.37,         25.96
       21,          3,    6,         19.23,          3.30,       9.81,      98.04,    323.57,         28.02
       21,          3,    7,         19.73,          3.30,      10.44,     104.39,    344.49,         29.39
       21,          4,    1,          6.94,          3.31,       3.10,      31.02,    102.58,          6.37
       21,          4,    2,         12.47,          3.30,       5.22,      52.19,    172.43,         11.96
       21,          4,    3,         15.98,          3.30,       7.15,      71.44,    236.02,         18.79
       21,          4,    4,         17.92,          3.30,       8.77,      87.65,    289.35,         23.40
       21,          4,    5,         19.28,          3.30,      10.19,     101.87,    336.19,         27.22
       21,          4,    6,         20.06,          3.30,      11.16,     111.58,    368.18,         29.53
       21,          4,    7,         20.55,          3.30,      11.85,     118.51,    390.92,         31.00
       22,          1,    1,          4.76,          3.31,       2.34,      23.35,     77.23,          5.75
       22,          1,    2,         10.01,          3.31,       3.72,      37.22,    123.04,         10.24
       22,          1,    3,         13.34,          3.30,       4.95,      49.47,    163.45,         15.61
       22,          1,    4,         15.09,          3.30,       5.91,      59.12,    195.34,         18.98
       22,          1,    5,         16.23,          3.30,       6.68,      66.74,    220.53,         21.49
       22,          1,    6,         16.87,          3.30,       7.17,      71.72,    236.93,         22.97
       22,          1,    7,         17.38,          3.30,       7.63,      76.24,    251.87,         24.16
       22,          2,    1,          6.06,          3.31,       2.60,      26.02,     86.06,          6.63
       22,          2,    2,         11.60,          3.31,       4.25,      42.55,    140.63,         12.51
       22,          2,    3,         14.38,          3.30,       5.73,      57.34,    189.45,         16.67
       22,          2,    4,         16.52,          3.30,       6.96,      69.61,    229.97,         21.90
       22,          2,    5,         17.83,          3.30,       8.04,      80.36,    265.38,         25.23
       22,          2,    6,         18.59,          3.30,       8.78,      87.81,    289.87,         27.30
       22,          2,    7,         19.15,          3.30,       9.42,      94.24,    311.03,         28.77
       22,          3,    1,          7.04,          3.31,       2.87,      28.69,     94.89,          7.26
       22,          3,    2,         12.59,          3.30,       4.78,      47.77,    157.86,         13.67
       22,          3,    3,         15.57,          3.30,       6.54,      65.36,    215.94,         18.89
       22,          3,    4,         17.28,          3.30,       8.02,      80.16,    264.73,         22.31
       22,          3,    5,         19.00,          3.30,       9.38,      93.80,    309.58,         27.90
       22,          3,    6,         19.84,          3.30,      10.37,     103.70,    342.23,         30.39
       22,          3,    7,         20.40,          3.30,      11.15,     111.48,    367.89,         32.01
       22,          4,    1,          7.77,          3.31,       3.13,      31.31,    103.54,          7.61
       22,          4,    2,         13.30,          3.30,       5.30,      52.98,    175.06,         14.26
       22,          4,    3,         16.42,          3.30,       7.30,      73.02,    241.23,         20.26
       22,          4,    4,         18.36,          3.30,       9.02,      90.27,    297.97,         25.10
       22,          4,    5,         19.76,          3.30,      10.64,     106.43,    351.21,         29.03
       22,          4,    6,         20.33,          3.30,      11.84,     118.35,    390.46,         29.53
       22,          4,    7,         21.23,          3.30,      12.70,     126.98,    418.71,         33.69

