[Radio] Initializing ... success!
Connected to RF power monitor: Rohde&Schwarz,FPC1500,1328.6660K03/205785,V1.80
Connected to DC power monitor: radiolib-org,DCpowerMon,070dd3d
setCurrentLimit, code 0

Set [dBm],paDutyCycle,hpMax,Measured [dBm],Bus voltage[V],Voltage[mV],Current[mA],Power [mW],Efficiency [%]
       -9,          1,    1,        -17.47,          3.31,       0.98,       9.79,     32.38,          0.21
       -9,          1,    2,        -14.66,          3.31,       1.13,      11.28,     37.31,          0.25
       -9,          1,    3,        -12.99,          3.31,       1.24,      12.39,     41.00,          0.29
       -9,          1,    4,        -12.15,          3.31,       1.34,      13.40,     44.34,          0.30
       -9,          1,    5,        -11.48,          3.31,       1.43,      14.37,     47.54,          0.30
       -9,          1,    6,        -11.00,          3.31,       1.52,      15.23,     50.39,          0.30
       -9,          1,    7,        -10.58,          3.31,       1.61,      16.13,     53.35,          0.30
       -9,          2,    1,        -16.44,          3.31,       1.01,      10.06,     33.29,          0.24
       -9,          2,    2,        -13.26,          3.31,       1.18,      11.81,     39.06,          0.31
       -9,          2,    3,        -12.07,          3.31,       1.31,      13.12,     43.40,          0.32
       -9,          2,    4,        -10.82,          3.31,       1.42,      14.24,     47.10,          0.36
       -9,          2,    5,        -10.22,          3.31,       1.53,      15.28,     50.53,          0.36
       -9,          2,    6,         -9.78,          3.31,       1.62,      16.17,     53.49,          0.35
       -9,          2,    7,         -9.44,          3.31,       1.70,      17.00,     56.23,          0.35
       -9,          3,    1,        -15.70,          3.31,       1.04,      10.40,     34.40,          0.25
       -9,          3,    2,        -12.35,          3.31,       1.23,      12.34,     40.82,          0.34
       -9,          3,    3,        -10.92,          3.31,       1.38,      13.75,     45.48,          0.37
       -9,          3,    4,        -10.35,          3.31,       1.49,      14.93,     49.38,          0.36
       -9,          3,    5,         -9.96,          3.31,       1.59,      15.90,     52.59,          0.35
       -9,          3,    6,         -9.21,          3.31,       1.68,      16.77,     55.47,          0.38
       -9,          3,    7,         -8.91,          3.31,       1.76,      17.61,     58.25,          0.37
       -9,          4,    1,        -15.05,          3.31,       1.08,      10.76,     35.57,          0.26
       -9,          4,    2,        -11.75,          3.31,       1.29,      12.88,     42.62,          0.35
       -9,          4,    3,        -10.37,          3.31,       1.43,      14.32,     47.36,          0.39
       -9,          4,    4,         -9.58,          3.31,       1.55,      15.51,     51.30,          0.40
       -9,          4,    5,         -9.14,          3.31,       1.65,      16.53,     54.68,          0.39
       -9,          4,    6,         -9.09,          3.31,       1.74,      17.41,     57.58,          0.36
       -9,          4,    7,         -8.46,          3.31,       1.84,      18.37,     60.76,          0.38
       -8,          1,    1,        -16.52,          3.31,       1.01,      10.04,     33.23,          0.24
       -8,          1,    2,        -13.07,          3.31,       1.17,      11.68,     38.62,          0.33
       -8,          1,    3,        -11.74,          3.31,       1.29,      12.88,     42.60,          0.36
       -8,          1,    4,        -10.96,          3.31,       1.39,      13.91,     46.00,          0.36
       -8,          1,    5,        -10.28,          3.31,       1.49,      14.94,     49.43,          0.37
       -8,          1,    6,         -9.81,          3.31,       1.58,      15.83,     52.36,          0.37
       -8,          1,    7,         -9.41,          3.31,       1.67,      16.71,     55.30,          0.36
       -8,          2,    1,        -15.19,          3.31,       1.04,      10.42,     34.48,          0.28
       -8,          2,    2,        -12.14,          3.31,       1.23,      12.30,     40.68,          0.36
       -8,          2,    3,        -10.88,          3.31,       1.37,      13.72,     45.37,          0.38
       -8,          2,    4,         -9.60,          3.31,       1.49,      14.92,     49.35,          0.43
       -8,          2,    5,         -9.02,          3.31,       1.60,      15.94,     52.72,          0.43
       -8,          2,    6,         -8.58,          3.31,       1.69,      16.87,     55.81,          0.43
       -8,          2,    7,         -8.27,          3.31,       1.78,      17.79,     58.86,          0.42
       -8,          3,    1,        -14.38,          3.31,       1.08,      10.79,     35.71,          0.30
       -8,          3,    2,        -11.08,          3.31,       1.30,      12.98,     42.95,          0.41
       -8,          3,    3,         -9.86,          3.31,       1.45,      14.48,     47.89,          0.43
       -8,          3,    4,         -9.19,          3.31,       1.57,      15.70,     51.93,          0.43
       -8,          3,    5,         -8.33,          3.31,       1.67,      16.71,     55.28,          0.47
       -8,          3,    6,         -7.97,          3.31,       1.76,      17.62,     58.28,          0.46
       -8,          3,    7,         -7.71,          3.31,       1.85,      18.52,     61.25,          0.45
       -8,          4,    1,        -13.76,          3.31,       1.13,      11.25,     37.23,          0.31
       -8,          4,    2,        -10.52,          3.31,       1.36,      13.54,     44.79,          0.42
       -8,          4,    3,         -9.11,          3.31,       1.51,      15.14,     50.10,          0.46
       -8,          4,    4,         -8.43,          3.31,       1.64,      16.39,     54.23,          0.47
       -8,          4,    5,         -8.21,          3.31,       1.74,      17.41,     57.58,          0.44
       -8,          4,    6,         -7.52,          3.31,       1.84,      18.42,     60.92,          0.47
       -8,          4,    7,         -7.24,          3.31,       1.94,      19.33,     63.93,          0.47
       -7,          1,    1,        -15.10,          3.31,       1.03,      10.31,     34.10,          0.30
       -7,          1,    2,        -12.03,          3.31,       1.21,      12.05,     39.87,          0.39
       -7,          1,    3,        -10.70,          3.31,       1.34,      13.38,     44.25,          0.41
       -7,          1,    4,         -9.90,          3.31,       1.45,      14.46,     47.86,          0.42
       -7,          1,    5,         -9.33,          3.31,       1.55,      15.53,     51.36,          0.42
       -7,          1,    6,         -9.04,          3.31,       1.65,      16.46,     54.45,          0.41
       -7,          1,    7,         -8.78,          3.31,       1.73,      17.34,     57.37,          0.39
       -7,          2,    1,        -14.10,          3.31,       1.07,      10.74,     35.52,          0.33
       -7,          2,    2,        -10.90,          3.31,       1.28,      12.78,     42.29,          0.44
       -7,          2,    3,         -9.46,          3.31,       1.43,      14.29,     47.28,          0.48
       -7,          2,    4,         -8.57,          3.31,       1.56,      15.57,     51.52,          0.50
       -7,          2,    5,         -8.01,          3.31,       1.66,      16.65,     55.07,          0.50
       -7,          2,    6,         -7.60,          3.31,       1.76,      17.61,     58.26,          0.50
       -7,          2,    7,         -7.28,          3.31,       1.86,      18.54,     61.34,          0.50
       -7,          3,    1,        -13.59,          3.31,       1.12,      11.24,     37.18,          0.33
       -7,          3,    2,        -10.05,          3.31,       1.35,      13.52,     44.71,          0.47
       -7,          3,    3,         -8.60,          3.31,       1.52,      15.17,     50.17,          0.52
       -7,          3,    4,         -7.80,          3.31,       1.65,      16.46,     54.44,          0.54
       -7,          3,    5,         -7.33,          3.31,       1.75,      17.52,     57.97,          0.54
       -7,          3,    6,         -6.96,          3.31,       1.85,      18.48,     61.12,          0.54
       -7,          3,    7,         -6.78,          3.31,       1.94,      19.39,     64.15,          0.52
       -7,          4,    1,        -12.99,          3.31,       1.17,      11.67,     38.61,          0.34
       -7,          4,    2,         -9.79,          3.31,       1.42,      14.17,     46.89,          0.45
       -7,          4,    3,         -8.05,          3.31,       1.59,      15.93,     52.68,          0.54
       -7,          4,    4,         -7.28,          3.31,       1.72,      17.21,     56.93,          0.56
       -7,          4,    5,         -6.81,          3.31,       1.84,      18.35,     60.69,          0.56
       -7,          4,    6,         -6.48,          3.31,       1.93,      19.35,     64.00,          0.56
       -7,          4,    7,         -6.20,          3.31,       2.03,      20.28,     67.08,          0.55
       -6,          1,    1,        -14.19,          3.31,       1.06,      10.61,     35.08,          0.34
       -6,          1,    2,        -11.15,          3.31,       1.25,      12.49,     41.34,          0.44
       -6,          1,    3,        -10.11,          3.31,       1.38,      13.83,     45.75,          0.44
       -6,          1,    4,         -8.98,          3.31,       1.50,      15.01,     49.65,          0.49
       -6,          1,    5,         -8.37,          3.31,       1.61,      16.09,     53.22,          0.49
       -6,          1,    6,         -7.90,          3.31,       1.70,      17.01,     56.28,          0.50
       -6,          1,    7,         -7.51,          3.31,       1.80,      18.00,     59.54,          0.50
       -6,          2,    1,        -13.15,          3.31,       1.11,      11.14,     36.85,          0.37
       -6,          2,    2,         -9.94,          3.31,       1.33,      13.30,     43.98,          0.50
       -6,          2,    3,         -8.70,          3.31,       1.49,      14.91,     49.32,          0.52
       -6,          2,    4,         -8.01,          3.31,       1.63,      16.24,     53.73,          0.53
       -6,          2,    5,         -7.05,          3.31,       1.74,      17.35,     57.40,          0.58
       -6,          2,    6,         -6.63,          3.31,       1.84,      18.43,     60.96,          0.58
       -6,          2,    7,         -6.33,          3.31,       1.93,      19.34,     63.98,          0.58
       -6,          3,    1,        -12.33,          3.31,       1.17,      11.66,     38.57,          0.39
       -6,          3,    2,         -9.08,          3.31,       1.41,      14.11,     46.68,          0.54
       -6,          3,    3,         -7.66,          3.31,       1.59,      15.88,     52.54,          0.59
       -6,          3,    4,         -7.09,          3.31,       1.72,      17.22,     56.93,          0.59
       -6,          3,    5,         -6.34,          3.31,       1.84,      18.35,     60.70,          0.63
       -6,          3,    6,         -6.01,          3.31,       1.93,      19.34,     63.97,          0.62
       -6,          3,    7,         -5.76,          3.31,       2.02,      20.23,     66.90,          0.61
       -6,          4,    1,        -11.72,          3.31,       1.21,      12.14,     40.14,          0.41
       -6,          4,    2,         -8.49,          3.31,       1.49,      14.90,     49.28,          0.55
       -6,          4,    3,         -7.08,          3.31,       1.67,      16.70,     55.23,          0.62
       -6,          4,    4,         -6.34,          3.31,       1.81,      18.10,     59.87,          0.64
       -6,          4,    5,         -5.86,          3.31,       1.93,      19.27,     63.74,          0.65
       -6,          4,    6,         -5.73,          3.31,       2.03,      20.27,     67.06,          0.61
       -6,          4,    7,         -5.64,          3.31,       2.13,      21.29,     70.40,          0.58
       -5,          1,    1,        -12.97,          3.31,       1.13,      11.27,     37.30,          0.37
       -5,          1,    2,         -9.46,          3.31,       1.33,      13.34,     44.11,          0.55
       -5,          1,    3,         -8.17,          3.31,       1.48,      14.83,     49.07,          0.60
       -5,          1,    4,         -7.43,          3.31,       1.60,      16.06,     53.11,          0.61
       -5,          1,    5,         -6.76,          3.31,       1.72,      17.18,     56.83,          0.64
       -5,          1,    6,         -6.33,          3.31,       1.83,      18.27,     60.45,          0.63
       -5,          1,    7,         -5.97,          3.31,       1.93,      19.26,     63.71,          0.63
       -5,          2,    1,        -11.56,          3.31,       1.18,      11.81,     39.06,          0.45
       -5,          2,    2,         -8.66,          3.31,       1.43,      14.30,     47.31,          0.57
       -5,          2,    3,         -6.89,          3.31,       1.61,      16.11,     53.30,          0.69
       -5,          2,    4,         -6.01,          3.31,       1.75,      17.53,     57.99,          0.73
       -5,          2,    5,         -5.45,          3.31,       1.88,      18.81,     62.21,          0.74
       -5,          2,    6,         -5.06,          3.31,       1.99,      19.91,     65.84,          0.74
       -5,          2,    7,         -4.74,          3.31,       2.08,      20.83,     68.91,          0.74
       -5,          3,    1,        -10.70,          3.31,       1.24,      12.40,     41.02,          0.49
       -5,          3,    2,         -7.42,          3.31,       1.53,      15.30,     50.61,          0.67
       -5,          3,    3,         -6.31,          3.31,       1.72,      17.23,     57.01,          0.70
       -5,          3,    4,         -5.19,          3.31,       1.88,      18.78,     62.12,          0.79
       -5,          3,    5,         -4.72,          3.31,       2.00,      19.99,     66.14,          0.79
       -5,          3,    6,         -4.40,          3.31,       2.10,      21.02,     69.53,          0.79
       -5,          3,    7,         -4.14,          3.31,       2.20,      21.97,     72.68,          0.79
       -5,          4,    1,        -10.08,          3.31,       1.30,      13.04,     43.15,          0.50
       -5,          4,    2,         -6.79,          3.31,       1.63,      16.25,     53.77,          0.70
       -5,          4,    3,         -5.45,          3.31,       1.83,      18.29,     60.49,          0.77
       -5,          4,    4,         -5.04,          3.31,       1.99,      19.84,     65.63,          0.75
       -5,          4,    5,         -4.21,          3.31,       2.11,      21.07,     69.69,          0.82
       -5,          4,    6,         -3.88,          3.31,       2.22,      22.15,     73.26,          0.83
       -5,          4,    7,         -3.65,          3.31,       2.32,      23.23,     76.82,          0.81
       -4,          1,    1,        -11.87,          3.31,       1.15,      11.52,     38.12,          0.45
       -4,          1,    2,         -8.77,          3.31,       1.37,      13.75,     45.48,          0.61
       -4,          1,    3,         -7.46,          3.31,       1.53,      15.31,     50.64,          0.67
       -4,          1,    4,         -6.71,          3.31,       1.66,      16.56,     54.78,          0.69
       -4,          1,    5,         -6.07,          3.31,       1.78,      17.78,     58.83,          0.70
       -4,          1,    6,         -5.97,          3.31,       1.89,      18.86,     62.40,          0.65
       -4,          1,    7,         -5.28,          3.31,       1.99,      19.91,     65.86,          0.70
       -4,          2,    1,        -10.87,          3.31,       1.21,      12.12,     40.11,          0.50
       -4,          2,    2,         -7.66,          3.31,       1.48,      14.83,     49.05,          0.67
       -4,          2,    3,         -6.24,          3.31,       1.67,      16.64,     55.06,          0.76
       -4,          2,    4,         -5.37,          3.31,       1.82,      18.23,     60.30,          0.79
       -4,          2,    5,         -4.78,          3.31,       1.95,      19.53,     64.62,          0.81
       -4,          2,    6,         -4.39,          3.31,       2.06,      20.62,     68.19,          0.82
       -4,          2,    7,         -4.12,          3.31,       2.16,      21.60,     71.44,          0.81
       -4,          3,    1,        -10.24,          3.31,       1.28,      12.81,     42.38,          0.51
       -4,          3,    2,         -7.07,          3.31,       1.59,      15.89,     52.56,          0.68
       -4,          3,    3,         -5.30,          3.31,       1.80,      17.96,     59.42,          0.83
       -4,          3,    4,         -4.53,          3.31,       1.96,      19.57,     64.72,          0.86
       -4,          3,    5,         -4.04,          3.31,       2.08,      20.75,     68.63,          0.88
       -4,          3,    6,         -3.72,          3.31,       2.18,      21.85,     72.27,          0.87
       -4,          3,    7,         -3.48,          3.31,       2.28,      22.81,     75.45,          0.87
       -4,          4,    1,         -9.41,          3.31,       1.35,      13.48,     44.60,          0.55
       -4,          4,    2,         -6.13,          3.31,       1.69,      16.87,     55.79,          0.76
       -4,          4,    3,         -4.76,          3.31,       1.91,      19.09,     63.14,          0.84
       -4,          4,    4,         -4.23,          3.31,       2.07,      20.65,     68.30,          0.84
       -4,          4,    5,         -3.56,          3.31,       2.20,      21.99,     72.72,          0.90
       -4,          4,    6,         -3.21,          3.31,       2.31,      23.13,     76.50,          0.90
       -4,          4,    7,         -2.94,          3.31,       2.42,      24.16,     79.92,          0.90
       -3,          1,    1,        -11.22,          3.31,       1.18,      11.79,     39.01,          0.49
       -3,          1,    2,         -8.13,          3.31,       1.42,      14.15,     46.82,          0.66
       -3,          1,    3,         -6.85,          3.31,       1.58,      15.80,     52.26,          0.72
       -3,          1,    4,         -6.19,          3.31,       1.71,      17.08,     56.49,          0.73
       -3,          1,    5,         -5.83,          3.31,       1.84,      18.37,     60.78,          0.70
       -3,          1,    6,         -5.03,          3.31,       1.95,      19.49,     64.46,          0.77
       -3,          1,    7,         -4.64,          3.31,       2.05,      20.48,     67.72,          0.78
       -3,          2,    1,        -10.23,          3.31,       1.25,      12.46,     41.24,          0.54
       -3,          2,    2,         -7.00,          3.31,       1.53,      15.30,     50.60,          0.74
       -3,          2,    3,         -5.54,          3.31,       1.72,      17.26,     57.08,          0.84
       -3,          2,    4,         -4.72,          3.31,       1.89,      18.87,     62.44,          0.87
       -3,          2,    5,         -4.16,          3.31,       2.02,      20.19,     66.78,          0.89
       -3,          2,    6,         -4.05,          3.31,       2.14,      21.38,     70.72,          0.84
       -3,          2,    7,         -3.46,          3.31,       2.24,      22.36,     73.94,          0.90
       -3,          3,    1,         -9.41,          3.31,       1.32,      13.21,     43.68,          0.57
       -3,          3,    2,         -6.11,          3.31,       1.65,      16.47,     54.48,          0.79
       -3,          3,    3,         -4.68,          3.31,       1.87,      18.65,     61.69,          0.89
       -3,          3,    4,         -3.87,          3.31,       2.03,      20.31,     67.17,          0.94
       -3,          3,    5,         -3.41,          3.31,       2.16,      21.56,     71.33,          0.96
       -3,          3,    6,         -3.07,          3.31,       2.27,      22.67,     74.97,          0.96
       -3,          3,    7,         -2.85,          3.31,       2.37,      23.66,     78.26,          0.95
       -3,          4,    1,         -9.08,          3.31,       1.39,      13.90,     45.98,          0.55
       -3,          4,    2,         -5.48,          3.31,       1.75,      17.50,     57.89,          0.83
       -3,          4,    3,         -4.11,          3.31,       1.99,      19.90,     65.83,          0.92
       -3,          4,    4,         -3.35,          3.31,       2.15,      21.50,     71.10,          0.98
       -3,          4,    5,         -2.89,          3.31,       2.29,      22.89,     75.71,          0.99
       -3,          4,    6,         -2.57,          3.31,       2.40,      24.01,     79.42,          0.99
       -3,          4,    7,         -2.31,          3.31,       2.52,      25.16,     83.23,          0.99
       -2,          1,    1,        -10.08,          3.31,       1.23,      12.33,     40.79,          0.58
       -2,          1,    2,         -6.97,          3.31,       1.50,      15.00,     49.61,          0.78
       -2,          1,    3,         -6.00,          3.31,       1.67,      16.73,     55.33,          0.79
       -2,          1,    4,         -4.92,          3.31,       1.82,      18.16,     60.07,          0.89
       -2,          1,    5,         -4.29,          3.31,       1.95,      19.52,     64.55,          0.91
       -2,          1,    6,         -3.89,          3.31,       2.06,      20.61,     68.17,          0.92
       -2,          1,    7,         -3.53,          3.31,       2.17,      21.74,     71.92,          0.92
       -2,          2,    1,         -9.08,          3.31,       1.32,      13.14,     43.49,          0.62
       -2,          2,    2,         -5.84,          3.31,       1.63,      16.28,     53.86,          0.86
       -2,          2,    3,         -4.45,          3.31,       1.85,      18.46,     61.05,          0.96
       -2,          2,    4,         -3.90,          3.31,       2.02,      20.16,     66.69,          0.95
       -2,          2,    5,         -2.99,          3.31,       2.15,      21.55,     71.29,          1.06
       -2,          2,    6,         -2.58,          3.31,       2.28,      22.83,     75.50,          1.06
       -2,          2,    7,         -2.30,          3.31,       2.39,      23.87,     78.94,          1.07
       -2,          3,    1,         -8.25,          3.31,       1.39,      13.92,     46.05,          0.67
       -2,          3,    2,         -4.92,          3.31,       1.76,      17.57,     58.10,          0.94
       -2,          3,    3,         -3.52,          3.31,       2.00,      20.04,     66.28,          1.04
       -2,          3,    4,         -2.70,          3.31,       2.18,      21.78,     72.06,          1.11
       -2,          3,    5,         -2.30,          3.31,       2.32,      23.21,     76.77,          1.11
       -2,          3,    6,         -2.20,          3.31,       2.44,      24.37,     80.61,          1.06
       -2,          3,    7,         -1.66,          3.31,       2.54,      25.41,     84.04,          1.13
       -2,          4,    1,         -8.03,          3.31,       1.48,      14.79,     48.92,          0.63
       -2,          4,    2,         -4.30,          3.31,       1.89,      18.86,     62.38,          0.96
       -2,          4,    3,         -2.91,          3.31,       2.14,      21.42,     70.82,          1.09
       -2,          4,    4,         -2.15,          3.31,       2.32,      23.22,     76.80,          1.15
       -2,          4,    5,         -1.70,          3.31,       2.47,      24.68,     81.63,          1.17
       -2,          4,    6,         -1.37,          3.31,       2.59,      25.93,     85.77,          1.18
       -2,          4,    7,         -1.21,          3.31,       2.71,      27.13,     89.72,          1.15
       -1,          1,    1,         -9.49,          3.31,       1.29,      12.91,     42.72,          0.59
       -1,          1,    2,         -6.01,          3.31,       1.58,      15.75,     52.10,          0.88
       -1,          1,    3,         -4.72,          3.31,       1.76,      17.59,     58.18,          0.98
       -1,          1,    4,         -3.97,          3.31,       1.91,      19.13,     63.28,          1.02
       -1,          1,    5,         -3.37,          3.31,       2.05,      20.48,     67.74,          1.05
       -1,          1,    6,         -2.94,          3.31,       2.17,      21.72,     71.83,          1.06
       -1,          1,    7,         -2.58,          3.31,       2.29,      22.92,     75.79,          1.06
       -1,          2,    1,         -8.15,          3.31,       1.37,      13.74,     45.44,          0.70
       -1,          2,    2,         -4.96,          3.31,       1.71,      17.15,     56.71,          0.97
       -1,          2,    3,         -3.77,          3.31,       1.96,      19.54,     64.64,          1.02
       -1,          2,    4,         -2.59,          3.31,       2.14,      21.36,     70.65,          1.17
       -1,          2,    5,         -2.03,          3.31,       2.29,      22.90,     75.75,          1.20
       -1,          2,    6,         -1.62,          3.31,       2.42,      24.15,     79.88,          1.22
       -1,          2,    7,         -1.34,          3.31,       2.53,      25.32,     83.74,          1.22
       -1,          3,    1,         -7.33,          3.31,       1.47,      14.68,     48.55,          0.74
       -1,          3,    2,         -3.98,          3.31,       1.87,      18.67,     61.75,          1.05
       -1,          3,    3,         -2.61,          3.31,       2.13,      21.25,     70.30,          1.18
       -1,          3,    4,         -2.07,          3.31,       2.32,      23.21,     76.76,          1.17
       -1,          3,    5,         -1.23,          3.31,       2.47,      24.70,     81.68,          1.30
       -1,          3,    6,         -0.92,          3.31,       2.59,      25.94,     85.79,          1.30
       -1,          3,    7,         -0.70,          3.31,       2.70,      27.04,     89.42,          1.30
       -1,          4,    1,         -6.70,          3.31,       1.56,      15.57,     51.52,          0.77
       -1,          4,    2,         -3.34,          3.31,       2.01,      20.08,     66.41,          1.08
       -1,          4,    3,         -1.95,          3.31,       2.28,      22.83,     75.51,          1.23
       -1,          4,    4,         -1.18,          3.31,       2.48,      24.81,     82.05,          1.30
       -1,          4,    5,         -0.80,          3.31,       2.64,      26.36,     87.17,          1.31
       -1,          4,    6,         -0.75,          3.31,       2.77,      27.65,     91.46,          1.24
       -1,          4,    7,         -0.15,          3.31,       2.89,      28.91,     95.61,          1.34
        0,          1,    1,         -8.28,          3.31,       1.34,      13.42,     44.41,          0.72
        0,          1,    2,         -5.11,          3.31,       1.65,      16.55,     54.76,          1.00
        0,          1,    3,         -3.81,          3.31,       1.86,      18.58,     61.44,          1.10
        0,          1,    4,         -3.06,          3.31,       2.01,      20.13,     66.60,          1.15
        0,          1,    5,         -2.46,          3.31,       2.16,      21.64,     71.57,          1.19
        0,          1,    6,         -2.04,          3.31,       2.29,      22.90,     75.73,          1.20
        0,          1,    7,         -1.68,          3.31,       2.41,      24.10,     79.71,          1.21
        0,          2,    1,         -7.46,          3.31,       1.43,      14.36,     47.51,          0.75
        0,          2,    2,         -4.34,          3.31,       1.81,      18.15,     60.03,          1.01
        0,          2,    3,         -2.55,          3.31,       2.06,      20.63,     68.24,          1.25
        0,          2,    4,         -1.68,          3.31,       2.26,      22.56,     74.62,          1.33
        0,          2,    5,         -1.12,          3.31,       2.42,      24.23,     80.13,          1.37
        0,          2,    6,         -0.71,          3.31,       2.56,      25.62,     84.73,          1.39
        0,          2,    7,         -0.43,          3.31,       2.69,      26.82,     88.72,          1.39
        0,          3,    1,         -6.45,          3.31,       1.54,      15.37,     50.86,          0.83
        0,          3,    2,         -3.08,          3.31,       1.98,      19.79,     65.45,          1.18
        0,          3,    3,         -1.66,          3.31,       2.26,      22.55,     74.60,          1.34
        0,          3,    4,         -1.08,          3.31,       2.47,      24.71,     81.72,          1.34
        0,          3,    5,         -0.71,          3.31,       2.62,      26.25,     86.81,          1.34
        0,          3,    6,          0.00,          3.31,       2.76,      27.55,     91.11,          1.48
        0,          3,    7,          0.23,          3.31,       2.87,      28.72,     94.97,          1.48
        0,          4,    1,         -5.83,          3.31,       1.64,      16.42,     54.31,          0.85
        0,          4,    2,         -2.43,          3.31,       2.13,      21.32,     70.49,          1.22
        0,          4,    3,         -1.02,          3.31,       2.43,      24.29,     80.34,          1.39
        0,          4,    4,         -0.25,          3.31,       2.65,      26.48,     87.57,          1.48
        0,          4,    5,          0.19,          3.31,       2.81,      28.12,     92.99,          1.50
        0,          4,    6,          0.20,          3.31,       2.95,      29.53,     97.64,          1.42
        0,          4,    7,          0.78,          3.31,       3.08,      30.77,    101.73,          1.53
        1,          1,    1,         -7.89,          3.31,       1.39,      13.90,     45.96,          0.73
        1,          1,    2,         -4.30,          3.31,       1.73,      17.30,     57.23,          1.11
        1,          1,    3,         -3.00,          3.31,       1.95,      19.48,     64.44,          1.23
        1,          1,    4,         -2.25,          3.31,       2.11,      21.14,     69.92,          1.29
        1,          1,    5,         -1.65,          3.31,       2.27,      22.68,     75.01,          1.33
        1,          1,    6,         -1.23,          3.31,       2.40,      24.00,     79.37,          1.35
        1,          1,    7,         -0.91,          3.31,       2.53,      25.33,     83.76,          1.35
        1,          2,    1,         -6.71,          3.31,       1.50,      14.97,     49.53,          0.83
        1,          2,    2,         -3.55,          3.31,       1.90,      19.03,     62.95,          1.13
        1,          2,    3,         -1.74,          3.31,       2.17,      21.73,     71.87,          1.39
        1,          2,    4,         -0.87,          3.31,       2.38,      23.82,     78.77,          1.49
        1,          2,    5,         -0.31,          3.31,       2.56,      25.56,     84.54,          1.53
        1,          2,    6,          0.10,          3.31,       2.71,      27.07,     89.52,          1.56
        1,          2,    7,          0.38,          3.31,       2.83,      28.30,     93.58,          1.57
        1,          3,    1,         -5.68,          3.31,       1.61,      16.07,     53.16,          0.92
        1,          3,    2,         -2.54,          3.31,       2.08,      20.81,     68.83,          1.24
        1,          3,    3,         -1.20,          3.31,       2.39,      23.86,     78.92,          1.37
        1,          3,    4,          0.01,          3.31,       2.62,      26.15,     86.48,          1.60
        1,          3,    5,          0.49,          3.31,       2.78,      27.80,     91.92,          1.64
        1,          3,    6,          0.83,          3.31,       2.92,      29.20,     96.57,          1.66
        1,          3,    7,          1.05,          3.31,       3.04,      30.40,    100.52,          1.66
        1,          4,    1,         -5.05,          3.31,       1.71,      17.15,     56.72,          0.95
        1,          4,    2,         -1.62,          3.31,       2.25,      22.48,     74.36,          1.36
        1,          4,    3,         -0.27,          3.31,       2.58,      25.82,     85.40,          1.52
        1,          4,    4,          0.24,          3.31,       2.81,      28.13,     93.02,          1.53
        1,          4,    5,          1.03,          3.31,       2.98,      29.84,     98.67,          1.69
        1,          4,    6,          1.36,          3.31,       3.13,      31.28,    103.41,          1.71
        1,          4,    7,          1.60,          3.31,       3.26,      32.62,    107.87,          1.72
        2,          1,    1,         -6.50,          3.31,       1.47,      14.71,     48.66,          0.90
        2,          1,    2,         -3.24,          3.31,       1.85,      18.45,     61.04,          1.28
        2,          1,    3,         -1.92,          3.31,       2.08,      20.76,     68.65,          1.43
        2,          1,    4,         -1.17,          3.31,       2.26,      22.54,     74.55,          1.51
        2,          1,    5,         -0.58,          3.31,       2.42,      24.24,     80.19,          1.55
        2,          1,    6,         -0.25,          3.31,       2.57,      25.70,     84.98,          1.54
        2,          1,    7,         -0.12,          3.31,       2.71,      27.08,     89.57,          1.48
        2,          2,    1,         -5.83,          3.31,       1.58,      15.84,     52.41,          0.91
        2,          2,    2,         -2.12,          3.31,       2.03,      20.34,     67.28,          1.41
        2,          2,    3,         -0.67,          3.31,       2.34,      23.35,     77.24,          1.60
        2,          2,    4,          0.21,          3.31,       2.57,      25.65,     84.82,          1.72
        2,          2,    5,          0.78,          3.31,       2.75,      27.51,     90.97,          1.78
        2,          2,    6,          1.19,          3.31,       2.91,      29.10,     96.21,          1.81
        2,          2,    7,          1.47,          3.31,       3.04,      30.41,    100.54,          1.83
        2,          3,    1,         -4.67,          3.31,       1.71,      17.04,     56.38,          1.05
        2,          3,    2,         -1.33,          3.31,       2.24,      22.36,     73.93,          1.47
        2,          3,    3,         -0.09,          3.31,       2.58,      25.75,     85.18,          1.59
        2,          3,    4,          1.10,          3.31,       2.83,      28.26,     93.48,          1.85
        2,          3,    5,          1.58,          3.31,       3.00,      30.01,     99.24,          1.91
        2,          3,    6,          1.92,          3.31,       3.15,      31.53,    104.26,          1.93
        2,          3,    7,          2.15,          3.31,       3.28,      32.75,    108.30,          1.94
        2,          4,    1,         -4.04,          3.31,       1.83,      18.32,     60.61,          1.07
        2,          4,    2,         -0.55,          3.31,       2.42,      24.25,     80.22,          1.56
        2,          4,    3,          0.86,          3.31,       2.80,      27.97,     92.49,          1.77
        2,          4,    4,          1.34,          3.31,       3.04,      30.42,    100.60,          1.77
        2,          4,    5,          1.78,          3.31,       3.23,      32.30,    106.77,          1.81
        2,          4,    6,          2.46,          3.31,       3.38,      33.80,    111.77,          2.00
        2,          4,    7,          2.70,          3.31,       3.52,      35.20,    116.39,          2.01
        3,          1,    1,         -5.91,          3.31,       1.52,      15.18,     50.23,          0.97
        3,          1,    2,         -2.60,          3.31,       1.92,      19.21,     63.53,          1.38
        3,          1,    3,         -1.28,          3.31,       2.17,      21.67,     71.68,          1.56
        3,          1,    4,         -0.52,          3.31,       2.35,      23.52,     77.79,          1.64
        3,          1,    5,          0.06,          3.31,       2.53,      25.31,     83.73,          1.69
        3,          1,    6,          0.46,          3.31,       2.68,      26.79,     88.62,          1.72
        3,          1,    7,          0.54,          3.31,       2.82,      28.22,     93.33,          1.63
        3,          2,    1,         -5.25,          3.31,       1.64,      16.44,     54.40,          0.98
        3,          2,    2,         -1.49,          3.31,       2.13,      21.27,     70.36,          1.53
        3,          2,    3,         -0.02,          3.31,       2.44,      24.36,     80.58,          1.75
        3,          2,    4,          0.85,          3.31,       2.68,      26.82,     88.68,          1.88
        3,          2,    5,          1.42,          3.31,       2.88,      28.80,     95.23,          1.94
        3,          2,    6,          1.83,          3.31,       3.04,      30.41,    100.55,          1.99
        3,          2,    7,          2.12,          3.31,       3.18,      31.81,    105.17,          2.00
        3,          3,    1,         -4.07,          3.31,       1.77,      17.70,     58.56,          1.12
        3,          3,    2,         -0.75,          3.31,       2.34,      23.37,     77.29,          1.57
        3,          3,    3,          0.54,          3.31,       2.70,      26.99,     89.26,          1.73
        3,          3,    4,          1.76,          3.31,       2.96,      29.59,     97.86,          2.02
        3,          3,    5,          2.24,          3.31,       3.15,      31.47,    104.05,          2.08
        3,          3,    6,          2.58,          3.31,       3.30,      33.00,    109.12,          2.12
        3,          3,    7,          2.81,          3.31,       3.42,      34.22,    113.15,          2.13
        3,          4,    1,         -3.45,          3.31,       1.90,      19.04,     62.99,          1.15
        3,          4,    2,          0.07,          3.31,       2.54,      25.44,     84.14,          1.68
        3,          4,    3,          1.24,          3.31,       2.94,      29.36,     97.10,          1.81
        3,          4,    4,          2.34,          3.31,       3.19,      31.91,    105.54,          2.09
        3,          4,    5,          2.80,          3.31,       3.38,      33.82,    111.83,          2.16
        3,          4,    6,          3.12,          3.31,       3.54,      35.36,    116.90,          2.20
        3,          4,    7,          3.36,          3.31,       3.68,      36.83,    121.73,          2.21
        4,          1,    1,         -4.88,          3.31,       1.61,      16.08,     53.18,          1.11
        4,          1,    2,         -1.48,          3.31,       2.06,      20.57,     68.04,          1.61
        4,          1,    3,         -0.21,          3.31,       2.33,      23.34,     77.17,          1.79
        4,          1,    4,          0.28,          3.31,       2.54,      25.36,     83.88,          1.77
        4,          1,    5,          1.20,          3.31,       2.72,      27.21,     90.00,          1.99
        4,          1,    6,          1.61,          3.31,       2.88,      28.80,     95.25,          2.03
        4,          1,    7,          1.96,          3.31,       3.03,      30.26,    100.08,          2.06
        4,          2,    1,         -3.87,          3.31,       1.74,      17.45,     57.71,          1.21
        4,          2,    2,         -0.37,          3.31,       2.29,      22.87,     75.66,          1.77
        4,          2,    3,          1.11,          3.31,       2.64,      26.38,     87.25,          2.03
        4,          2,    4,          1.99,          3.31,       2.90,      28.98,     95.84,          2.19
        4,          2,    5,          2.54,          3.31,       3.10,      31.05,    102.69,          2.27
        4,          2,    6,          2.67,          3.31,       3.28,      32.84,    108.59,          2.18
        4,          2,    7,          3.28,          3.31,       3.42,      34.24,    113.19,          2.38
        4,          3,    1,         -3.04,          3.31,       1.89,      18.91,     62.55,          1.28
        4,          3,    2,          0.54,          3.31,       2.53,      25.26,     83.53,          1.89
        4,          3,    3,          2.06,          3.31,       2.93,      29.27,     96.80,          2.20
        4,          3,    4,          2.92,          3.31,       3.21,      32.10,    106.17,          2.38
        4,          3,    5,          3.42,          3.31,       3.41,      34.05,    112.60,          2.47
        4,          3,    6,          3.76,          3.31,       3.57,      35.68,    117.94,          2.52
        4,          3,    7,          3.97,          3.31,       3.70,      37.02,    122.38,          2.53
        4,          4,    1,         -2.68,          3.31,       2.04,      20.35,     67.31,          1.24
        4,          4,    2,          0.81,          3.31,       2.76,      27.59,     91.26,          1.78
        4,          4,    3,          2.71,          3.31,       3.19,      31.91,    105.51,          2.28
        4,          4,    4,          3.52,          3.31,       3.46,      34.63,    114.48,          2.48
        4,          4,    5,          3.99,          3.31,       3.67,      36.73,    121.44,          2.56
        4,          4,    6,          4.31,          3.31,       3.84,      38.41,    126.96,          2.61
        4,          4,    7,          4.55,          3.31,       4.00,      39.92,    131.94,          2.63
        5,          1,    1,         -4.26,          3.31,       1.67,      16.67,     55.15,          1.20
        5,          1,    2,         -0.79,          3.31,       2.15,      21.52,     71.20,          1.76
        5,          1,    3,          0.56,          3.31,       2.44,      24.41,     80.73,          2.00
        5,          1,    4,          1.03,          3.31,       2.65,      26.52,     87.72,          1.99
        5,          1,    5,          1.52,          3.31,       2.85,      28.48,     94.19,          2.02
        5,          1,    6,          2.31,          3.31,       3.01,      30.05,     99.37,          2.25
        5,          1,    7,          2.67,          3.31,       3.16,      31.63,    104.59,          2.29
        5,          2,    1,         -3.25,          3.31,       1.82,      18.17,     60.11,          1.30
        5,          2,    2,          0.32,          3.31,       2.39,      23.91,     79.07,          1.95
        5,          2,    3,          1.82,          3.31,       2.76,      27.60,     91.27,          2.25
        5,          2,    4,          2.71,          3.31,       3.03,      30.35,    100.38,          2.44
        5,          2,    5,          3.30,          3.31,       3.26,      32.59,    107.77,          2.54
        5,          2,    6,          3.51,          3.31,       3.44,      34.36,    113.60,          2.50
        5,          2,    7,          3.66,          3.31,       3.59,      35.89,    118.65,          2.45
        5,          3,    1,         -2.80,          3.31,       1.97,      19.72,     65.23,          1.27
        5,          3,    2,          1.23,          3.31,       2.65,      26.51,     87.68,          2.08
        5,          3,    3,          2.78,          3.31,       3.07,      30.71,    101.55,          2.44
        5,          3,    4,          3.66,          3.31,       3.37,      33.69,    111.40,          2.65
        5,          3,    5,          4.16,          3.31,       3.58,      35.79,    118.33,          2.76
        5,          3,    6,          4.51,          3.31,       3.75,      37.49,    123.94,          2.82
        5,          3,    7,          4.74,          3.31,       3.89,      38.95,    128.75,          2.84
        5,          4,    1,         -1.80,          3.31,       2.12,      21.28,     70.38,          1.42
        5,          4,    2,          1.65,          3.31,       2.90,      28.97,     95.81,          2.03
        5,          4,    3,          3.08,          3.31,       3.35,      33.52,    110.83,          2.33
        5,          4,    4,          4.27,          3.31,       3.65,      36.53,    120.75,          2.76
        5,          4,    5,          4.74,          3.31,       3.87,      38.69,    127.90,          2.86
        5,          4,    6,          5.07,          3.31,       4.04,      40.44,    133.66,          2.92
        5,          4,    7,          5.31,          3.31,       4.20,      42.03,    138.91,          2.95
        6,          1,    1,         -3.51,          3.31,       1.74,      17.40,     57.55,          1.32
        6,          1,    2,          0.08,          3.31,       2.27,      22.73,     75.18,          1.98
        6,          1,    3,          1.25,          3.31,       2.58,      25.80,     85.32,          2.17
        6,          1,    4,          2.22,          3.31,       2.80,      28.02,     92.67,          2.42
        6,          1,    5,          2.81,          3.31,       3.01,      30.07,     99.43,          2.53
        6,          1,    6,          3.22,          3.31,       3.18,      31.76,    105.00,          2.59
        6,          1,    7,          3.58,          3.31,       3.34,      33.37,    110.31,          2.64
        6,          2,    1,         -2.48,          3.31,       1.90,      19.04,     62.97,          1.45
        6,          2,    2,          1.20,          3.31,       2.53,      25.35,     83.84,          2.20
        6,          2,    3,          2.74,          3.31,       2.93,      29.29,     96.86,          2.57
        6,          2,    4,          3.54,          3.31,       3.22,      32.22,    106.51,          2.74
        6,          2,    5,          3.88,          3.31,       3.45,      34.53,    114.18,          2.71
        6,          2,    6,          4.67,          3.31,       3.65,      36.51,    120.70,          3.02
        6,          2,    7,          4.97,          3.31,       3.81,      38.14,    126.06,          3.07
        6,          3,    1,         -1.64,          3.31,       2.07,      20.68,     68.40,          1.53
        6,          3,    2,          2.13,          3.31,       2.82,      28.16,     93.11,          2.36
        6,          3,    3,          3.72,          3.31,       3.27,      32.70,    108.11,          2.79
        6,          3,    4,          4.60,          3.31,       3.59,      35.87,    118.60,          3.04
        6,          3,    5,          4.85,          3.31,       3.82,      38.20,    126.29,          2.98
        6,          3,    6,          5.10,          3.31,       4.01,      40.07,    132.45,          2.97
        6,          3,    7,          5.72,          3.31,       4.15,      41.52,    137.22,          3.29
        6,          4,    1,         -1.01,          3.31,       2.23,      22.35,     73.92,          1.58
        6,          4,    2,          2.83,          3.31,       3.08,      30.77,    101.76,          2.46
        6,          4,    3,          4.40,          3.31,       3.57,      35.73,    118.09,          2.92
        6,          4,    4,          5.24,          3.31,       3.90,      39.02,    128.98,          3.18
        6,          4,    5,          5.73,          3.30,       4.14,      41.37,    136.73,          3.31
        6,          4,    6,          5.84,          3.31,       4.32,      43.19,    142.74,          3.23
        6,          4,    7,          5.95,          3.30,       4.49,      44.85,    148.23,          3.16
        7,          1,    1,         -3.06,          3.31,       1.83,      18.24,     60.35,          1.36
        7,          1,    2,          1.05,          3.31,       2.40,      24.01,     79.43,          2.29
        7,          1,    3,          2.48,          3.31,       2.74,      27.37,     90.51,          2.65
        7,          1,    4,          3.25,          3.31,       2.97,      29.73,     98.32,          2.84
        7,          1,    5,          3.84,          3.31,       3.19,      31.94,    105.62,          2.96
        7,          1,    6,          4.26,          3.31,       3.37,      33.68,    111.36,          3.05
        7,          1,    7,          4.62,          3.31,       3.54,      35.41,    117.05,          3.11
        7,          2,    1,         -1.77,          3.31,       2.00,      19.98,     66.09,          1.58
        7,          2,    2,          1.84,          3.31,       2.69,      26.89,     88.95,          2.35
        7,          2,    3,          3.76,          3.31,       3.11,      31.13,    102.94,          3.01
        7,          2,    4,          4.67,          3.31,       3.43,      34.31,    113.44,          3.28
        7,          2,    5,          5.30,          3.31,       3.69,      36.92,    122.03,          3.45
        7,          2,    6,          5.73,          3.31,       3.90,      39.04,    129.03,          3.55
        7,          2,    7,          6.03,          3.31,       4.08,      40.78,    134.79,          3.62
        7,          3,    1,         -0.79,          3.31,       2.18,      21.75,     71.95,          1.73
        7,          3,    2,          3.11,          3.31,       2.99,      29.93,     98.97,          2.72
        7,          3,    3,          4.50,          3.31,       3.50,      34.95,    115.53,          3.08
        7,          3,    4,          5.67,          3.31,       3.85,      38.50,    127.28,          3.57
        7,          3,    5,          6.21,          3.31,       4.10,      40.99,    135.49,          3.74
        7,          3,    6,          6.57,          3.30,       4.30,      43.01,    142.16,          3.83
        7,          3,    7,          6.81,          3.30,       4.45,      44.51,    147.10,          3.89
        7,          4,    1,         -0.14,          3.31,       2.35,      23.52,     77.81,          1.79
        7,          4,    2,          3.85,          3.31,       3.29,      32.89,    108.75,          2.85
        7,          4,    3,          5.47,          3.31,       3.84,      38.40,    126.94,          3.41
        7,          4,    4,          6.32,          3.31,       4.20,      41.98,    138.78,          3.73
        7,          4,    5,          6.81,          3.30,       4.45,      44.53,    147.15,          3.88
        7,          4,    6,          6.88,          3.30,       4.65,      46.49,    153.64,          3.75
        7,          4,    7,          7.40,          3.30,       4.82,      48.26,    159.44,          4.05
        8,          1,    1,         -2.33,          3.31,       1.89,      18.87,     62.42,          1.52
        8,          1,    2,          1.91,          3.31,       2.52,      25.25,     83.51,          2.61
        8,          1,    3,          3.38,          3.31,       2.89,      28.87,     95.48,          3.04
        8,          1,    4,          4.15,          3.31,       3.14,      31.35,    103.67,          3.26
        8,          1,    5,          4.75,          3.31,       3.37,      33.66,    111.30,          3.42
        8,          1,    6,          5.17,          3.31,       3.55,      35.54,    117.52,          3.51
        8,          1,    7,          5.54,          3.31,       3.74,      37.40,    123.64,          3.59
        8,          2,    1,         -0.97,          3.31,       2.07,      20.71,     68.52,          1.79
        8,          2,    2,          2.72,          3.31,       2.83,      28.34,     93.70,          2.68
        8,          2,    3,          4.67,          3.31,       3.30,      33.00,    109.09,          3.44
        8,          2,    4,          5.59,          3.31,       3.64,      36.40,    120.32,          3.76
        8,          2,    5,          6.22,          3.31,       3.92,      39.23,    129.69,          3.96
        8,          2,    6,          6.66,          3.31,       4.15,      41.50,    137.19,          4.09
        8,          2,    7,          6.98,          3.30,       4.34,      43.37,    143.35,          4.17
        8,          3,    1,         -0.02,          3.31,       2.26,      22.61,     74.78,          1.95
        8,          3,    2,          4.01,          3.31,       3.16,      31.57,    104.40,          3.13
        8,          3,    3,          5.51,          3.31,       3.71,      37.05,    122.50,          3.60
        8,          3,    4,          6.25,          3.31,       4.10,      40.96,    135.40,          3.78
        8,          3,    5,          7.16,          3.30,       4.38,      43.76,    144.64,          4.30
        8,          3,    6,          7.53,          3.30,       4.59,      45.91,    151.71,          4.42
        8,          3,    7,          7.77,          3.30,       4.76,      47.54,    157.09,          4.49
        8,          4,    1,          0.63,          3.31,       2.46,      24.55,     81.19,          2.01
        8,          4,    2,          4.74,          3.31,       3.47,      34.69,    114.69,          3.27
        8,          4,    3,          6.30,          3.31,       4.09,      40.86,    135.05,          3.83
        8,          4,    4,          6.92,          3.30,       4.48,      44.84,    148.19,          3.96
        8,          4,    5,          7.78,          3.30,       4.76,      47.60,    157.30,          4.49
        8,          4,    6,          8.12,          3.30,       4.97,      49.74,    164.34,          4.61
        8,          4,    7,          8.36,          3.30,       5.16,      51.64,    170.62,          4.67
        9,          1,    1,         -1.24,          3.31,       1.95,      19.50,     64.49,          1.86
        9,          1,    2,          2.78,          3.31,       2.65,      26.53,     87.73,          2.97
        9,          1,    3,          4.29,          3.31,       3.05,      30.48,    100.80,          3.49
        9,          1,    4,          5.05,          3.31,       3.32,      33.20,    109.77,          3.72
        9,          1,    5,          5.38,          3.31,       3.57,      35.66,    117.89,          3.68
        9,          1,    6,          6.10,          3.31,       3.77,      37.66,    124.49,          4.05
        9,          1,    7,          6.47,          3.31,       3.97,      39.70,    131.22,          4.13
        9,          2,    1,         -0.14,          3.31,       2.15,      21.46,     71.00,          2.06
        9,          2,    2,          3.94,          3.31,       2.98,      29.85,     98.74,          3.31
        9,          2,    3,          5.59,          3.31,       3.49,      34.94,    115.53,          3.96
        9,          2,    4,          6.52,          3.31,       3.87,      38.67,    127.85,          4.32
        9,          2,    5,          7.16,          3.31,       4.18,      41.78,    138.07,          4.56
        9,          2,    6,          7.32,          3.30,       4.42,      44.20,    146.08,          4.42
        9,          2,    7,          7.95,          3.30,       4.63,      46.26,    152.86,          4.84
        9,          3,    1,          0.75,          3.31,       2.35,      23.49,     77.70,          2.21
        9,          3,    2,          4.91,          3.31,       3.33,      33.34,    110.24,          3.59
        9,          3,    3,          6.62,          3.31,       3.94,      39.43,    130.32,          4.32
        9,          3,    4,          7.57,          3.30,       4.37,      43.68,    144.35,          4.74
        9,          3,    5,          8.14,          3.30,       4.68,      46.78,    154.57,          4.99
        9,          3,    6,          8.52,          3.30,       4.91,      49.12,    162.30,          5.14
        9,          3,    7,          8.77,          3.30,       5.10,      50.95,    168.37,          5.22
        9,          4,    1,          1.33,          3.31,       2.56,      25.53,     84.42,          2.24
        9,          4,    2,          5.36,          3.31,       3.67,      36.75,    121.48,          3.52
        9,          4,    3,          6.99,          3.30,       4.36,      43.58,    144.02,          4.16
        9,          4,    4,          8.25,          3.30,       4.79,      47.91,    158.31,          4.97
        9,          4,    5,          8.78,          3.30,       5.11,      51.06,    168.72,          5.21
        9,          4,    6,          9.12,          3.30,       5.34,      53.44,    176.58,          5.35
        9,          4,    7,          9.37,          3.30,       5.54,      55.46,    183.26,          5.43
       10,          1,    1,         -0.58,          3.31,       2.00,      19.97,     66.06,          2.08
       10,          1,    2,          3.54,          3.31,       2.76,      27.62,     91.35,          3.36
       10,          1,    3,          5.08,          3.31,       3.20,      31.96,    105.69,          3.95
       10,          1,    4,          5.64,          3.31,       3.48,      34.82,    115.10,          4.03
       10,          1,    5,          6.11,          3.31,       3.75,      37.48,    123.89,          4.09
       10,          1,    6,          6.92,          3.31,       3.96,      39.61,    130.95,          4.60
       10,          1,    7,          7.29,          3.31,       4.18,      41.79,    138.12,          4.70
       10,          2,    1,          0.54,          3.31,       2.20,      22.00,     72.79,          2.32
       10,          2,    2,          4.71,          3.31,       3.11,      31.14,    102.97,          3.74
       10,          2,    3,          6.40,          3.31,       3.67,      36.72,    121.38,          4.48
       10,          2,    4,          7.22,          3.31,       4.07,      40.73,    134.63,          4.77
       10,          2,    5,          7.66,          3.30,       4.41,      44.10,    145.73,          4.79
       10,          2,    6,          8.46,          3.30,       4.67,      46.75,    154.47,          5.38
       10,          2,    7,          8.80,          3.30,       4.90,      48.98,    161.86,          5.50
       10,          3,    1,          1.43,          3.31,       2.41,      24.12,     79.78,          2.49
       10,          3,    2,          5.69,          3.31,       3.49,      34.91,    115.42,          4.05
       10,          3,    3,          7.44,          3.31,       4.16,      41.61,    137.55,          4.88
       10,          3,    4,          8.38,          3.30,       4.63,      46.27,    152.89,          5.34
       10,          3,    5,          8.69,          3.30,       4.97,      49.67,    164.11,          5.27
       10,          3,    6,          9.40,          3.30,       5.23,      52.30,    172.80,          5.84
       10,          3,    7,          9.66,          3.30,       5.43,      54.28,    179.36,          5.95
       10,          4,    1,          2.11,          3.31,       2.64,      26.34,     87.13,          2.57
       10,          4,    2,          6.43,          3.31,       3.86,      38.59,    127.57,          4.24
       10,          4,    3,          8.20,          3.30,       4.62,      46.18,    152.61,          5.13
       10,          4,    4,          9.12,          3.30,       5.10,      51.00,    168.52,          5.65
       10,          4,    5,          9.58,          3.30,       5.45,      54.48,    179.99,          5.81
       10,          4,    6,          9.71,          3.30,       5.70,      57.04,    188.46,          5.68
       10,          4,    7,          9.88,          3.30,       5.93,      59.24,    195.73,          5.66
       11,          1,    1,          0.04,          3.31,       2.03,      20.34,     67.27,          2.34
       11,          1,    2,          4.26,          3.31,       2.87,      28.74,     95.05,          3.76
       11,          1,    3,          5.87,          3.31,       3.35,      33.45,    110.60,          4.46
       11,          1,    4,          6.69,          3.31,       3.65,      36.54,    120.79,          4.82
       11,          1,    5,          7.30,          3.31,       3.94,      39.40,    130.24,          5.06
       11,          1,    6,          7.72,          3.31,       4.17,      41.70,    137.81,          5.20
       11,          1,    7,          8.08,          3.31,       4.39,      43.87,    145.01,          5.32
       11,          2,    1,          0.80,          3.31,       2.25,      22.49,     74.40,          2.38
       11,          2,    2,          5.07,          3.31,       3.25,      32.45,    107.28,          3.86
       11,          2,    3,          7.16,          3.31,       3.85,      38.54,    127.40,          5.03
       11,          2,    4,          8.12,          3.31,       4.29,      42.84,    141.60,          5.52
       11,          2,    5,          8.80,          3.30,       4.65,      46.53,    153.77,          5.85
       11,          2,    6,          9.26,          3.30,       4.94,      49.36,    163.11,          6.07
       11,          2,    7,          9.61,          3.30,       5.19,      51.85,    171.32,          6.21
       11,          3,    1,          2.05,          3.31,       2.48,      24.78,     81.95,          2.76
       11,          3,    2,          6.24,          3.31,       3.64,      36.42,    120.40,          4.36
       11,          3,    3,          7.85,          3.31,       4.38,      43.78,    144.70,          5.05
       11,          3,    4,          9.20,          3.30,       4.89,      48.88,    161.51,          6.05
       11,          3,    5,          9.82,          3.30,       5.27,      52.73,    174.24,          6.39
       11,          3,    6,         10.23,          3.30,       5.56,      55.60,    183.71,          6.60
       11,          3,    7,         10.50,          3.30,       5.78,      57.77,    190.87,          6.73
       11,          4,    1,          2.73,          3.31,       2.70,      27.00,     89.31,          2.87
       11,          4,    2,          7.15,          3.31,       4.04,      40.39,    133.52,          4.73
       11,          4,    3,          8.90,          3.30,       4.87,      48.73,    161.02,          5.66
       11,          4,    4,          9.59,          3.30,       5.42,      54.19,    179.03,          5.87
       11,          4,    5,         10.51,          3.30,       5.80,      58.05,    191.80,          6.70
       11,          4,    6,         10.88,          3.30,       6.09,      60.89,    201.19,          6.90
       11,          4,    7,         11.14,          3.30,       6.32,      63.25,    208.95,          7.02
       12,          1,    1,          0.62,          3.31,       2.07,      20.75,     68.64,          2.59
       12,          1,    2,          4.97,          3.31,       2.99,      29.92,     98.94,          4.20
       12,          1,    3,          6.66,          3.31,       3.51,      35.12,    116.10,          5.04
       12,          1,    4,          7.50,          3.31,       3.85,      38.50,    127.28,          5.46
       12,          1,    5,          8.12,          3.31,       4.16,      41.58,    137.43,          5.73
       12,          1,    6,          8.25,          3.30,       4.40,      43.95,    145.25,          5.52
       12,          1,    7,          8.94,          3.30,       4.64,      46.35,    153.17,          6.07
       12,          2,    1,          1.75,          3.31,       2.30,      22.99,     76.05,          2.87
       12,          2,    2,          6.13,          3.31,       3.38,      33.80,    111.74,          4.68
       12,          2,    3,          7.94,          3.31,       4.05,      40.53,    133.96,          5.66
       12,          2,    4,          8.93,          3.30,       4.53,      45.23,    149.48,          6.23
       12,          2,    5,          9.63,          3.30,       4.93,      49.26,    162.78,          6.62
       12,          2,    6,         10.10,          3.30,       5.24,      52.40,    173.16,          6.87
       12,          2,    7,         10.47,          3.30,       5.52,      55.15,    182.22,          7.04
       12,          3,    1,          2.60,          3.31,       2.53,      25.30,     83.67,          3.05
       12,          3,    2,          6.77,          3.31,       3.80,      38.00,    125.60,          4.68
       12,          3,    3,          8.99,          3.30,       4.62,      46.22,    152.75,          6.16
       12,          3,    4,         10.02,          3.30,       5.19,      51.88,    171.40,          6.82
       12,          3,    5,         10.68,          3.30,       5.62,      56.19,    185.65,          7.23
       12,          3,    6,         11.10,          3.30,       5.94,      59.46,    196.46,          7.48
       12,          3,    7,         11.39,          3.30,       6.19,      61.89,    204.47,          7.64
       12,          4,    1,          3.31,          3.31,       2.76,      27.59,     91.27,          3.18
       12,          4,    2,          7.64,          3.30,       4.23,      42.27,    139.71,          5.02
       12,          4,    3,          9.41,          3.30,       5.17,      51.67,    170.74,          5.95
       12,          4,    4,         10.79,          3.30,       5.78,      57.80,    190.98,          7.18
       12,          4,    5,         11.39,          3.30,       6.22,      62.24,    205.65,          7.58
       12,          4,    6,         11.77,          3.30,       6.53,      65.33,    215.86,          7.84
       12,          4,    7,         12.04,          3.30,       6.78,      67.82,    224.06,          8.00
       13,          1,    1,          1.18,          3.31,       2.12,      21.18,     70.07,          2.86
       13,          1,    2,          5.67,          3.31,       3.11,      31.11,    102.89,          4.68
       13,          1,    3,          7.35,          3.31,       3.71,      37.05,    122.48,          5.52
       13,          1,    4,          8.00,          3.31,       4.08,      40.77,    134.77,          5.71
       13,          1,    5,          9.01,          3.30,       4.41,      44.09,    145.71,          6.54
       13,          1,    6,          9.45,          3.30,       4.67,      46.70,    154.31,          6.76
       13,          1,    7,          9.84,          3.30,       4.93,      49.24,    162.73,          6.95
       13,          2,    1,          2.31,          3.31,       2.35,      23.47,     77.63,          3.18
       13,          2,    2,          6.80,          3.31,       3.53,      35.27,    116.60,          5.18
       13,          2,    3,          8.43,          3.31,       4.29,      42.85,    141.61,          5.93
       13,          2,    4,          9.78,          3.30,       4.79,      47.95,    158.45,          7.07
       13,          2,    5,         10.51,          3.30,       5.25,      52.48,    173.41,          7.53
       13,          2,    6,         11.00,          3.30,       5.60,      55.94,    184.84,          7.83
       13,          2,    7,         11.39,          3.30,       5.90,      59.05,    195.11,          8.05
       13,          3,    1,          3.20,          3.31,       2.58,      25.82,     85.39,          3.41
       13,          3,    2,          7.79,          3.31,       3.97,      39.72,    131.27,          5.60
       13,          3,    3,          9.70,          3.30,       4.89,      48.92,    161.65,          6.78
       13,          3,    4,         10.55,          3.30,       5.53,      55.30,    182.72,          7.15
       13,          3,    5,         11.58,          3.30,       6.03,      60.29,    199.20,          8.22
       13,          3,    6,         12.03,          3.30,       6.38,      63.86,    210.99,          8.54
       13,          3,    7,         12.34,          3.30,       6.66,      66.63,    220.13,          8.75
       13,          4,    1,          3.87,          3.31,       2.82,      28.23,     93.34,          3.52
       13,          4,    2,          8.53,          3.30,       4.42,      44.16,    145.93,          5.85
       13,          4,    3,         10.60,          3.30,       5.49,      54.87,    181.31,          7.31
       13,          4,    4,         11.67,          3.30,       6.20,      61.96,    204.71,          8.13
       13,          4,    5,         12.29,          3.30,       6.70,      66.98,    221.30,          8.58
       13,          4,    6,         12.41,          3.30,       7.05,      70.50,    232.91,          8.33
       13,          4,    7,         12.62,          3.30,       7.33,      73.25,    242.01,          8.39
       14,          1,    1,          1.62,          3.31,       2.15,      21.50,     71.13,          3.10
       14,          1,    2,          6.22,          3.31,       3.22,      32.20,    106.48,          5.09
       14,          1,    3,          8.15,          3.31,       3.89,      38.89,    128.58,          6.26
       14,          1,    4,          9.08,          3.30,       4.30,      42.98,    142.04,          6.87
       14,          1,    5,          9.75,          3.30,       4.66,      46.56,    153.84,          7.29
       14,          1,    6,         10.19,          3.30,       4.93,      49.30,    162.90,          7.53
       14,          1,    7,         10.39,          3.30,       5.21,      52.09,    172.12,          7.39
       14,          2,    1,          2.37,          3.31,       2.38,      23.84,     78.86,          3.15
       14,          2,    2,          7.38,          3.31,       3.65,      36.54,    120.78,          5.66
       14,          2,    3,          9.43,          3.30,       4.49,      44.93,    148.49,          7.04
       14,          2,    4,         10.50,          3.30,       5.06,      50.58,    167.12,          7.84
       14,          2,    5,         11.26,          3.30,       5.55,      55.52,    183.44,          8.39
       14,          2,    6,         11.78,          3.30,       5.94,      59.35,    196.08,          8.75
       14,          2,    7,         12.19,          3.30,       6.27,      62.70,    207.16,          9.04
       14,          3,    1,          3.58,          3.31,       2.63,      26.27,     86.89,          3.63
       14,          3,    2,          8.21,          3.31,       4.11,      41.11,    135.87,          5.92
       14,          3,    3,         10.13,          3.30,       5.14,      51.36,    169.70,          7.08
       14,          3,    4,         11.61,          3.30,       5.85,      58.50,    193.27,          8.57
       14,          3,    5,         12.36,          3.30,       6.40,      63.98,    211.40,          9.20
       14,          3,    6,         12.84,          3.30,       6.79,      67.92,    224.41,          9.60
       14,          3,    7,         13.18,          3.30,       7.10,      70.94,    234.37,          9.88
       14,          4,    1,          4.21,          3.31,       2.87,      28.70,     94.91,          3.73
       14,          4,    2,          9.06,          3.30,       4.57,      45.76,    151.22,          6.34
       14,          4,    3,         11.27,          3.30,       5.78,      57.81,    190.99,          8.04
       14,          4,    4,         12.23,          3.30,       6.57,      65.70,    217.06,          8.65
       14,          4,    5,         12.77,          3.30,       7.13,      71.30,    235.56,          8.96
       14,          4,    6,         13.56,          3.30,       7.50,      75.05,    247.92,         10.14
       14,          4,    7,         13.86,          3.30,       7.79,      77.90,    257.34,         10.43
       15,          1,    1,          1.89,          3.31,       2.18,      21.81,     72.15,          3.22
       15,          1,    2,          6.69,          3.31,       3.32,      33.17,    109.68,          5.46
       15,          1,    3,          8.77,          3.31,       4.06,      40.63,    134.29,          6.85
       15,          1,    4,          9.76,          3.30,       4.52,      45.18,    149.31,          7.56
       15,          1,    5,         10.45,          3.30,       4.90,      48.99,    161.88,          8.06
       15,          1,    6,         10.85,          3.30,       5.20,      51.96,    171.69,          8.26
       15,          1,    7,         10.98,          3.30,       5.49,      54.92,    181.45,          7.97
       15,          2,    1,          2.60,          3.31,       2.42,      24.18,     79.98,          3.26
       15,          2,    2,          7.84,          3.31,       3.76,      37.58,    124.26,          6.08
       15,          2,    3,         10.04,          3.30,       4.70,      46.96,    155.19,          7.70
       15,          2,    4,         11.16,          3.30,       5.32,      53.15,    175.62,          8.64
       15,          2,    5,         11.97,          3.30,       5.85,      58.49,    193.26,          9.32
       15,          2,    6,         12.52,          3.30,       6.25,      62.47,    206.42,          9.81
       15,          2,    7,         12.95,          3.30,       6.59,      65.88,    217.67,         10.19
       15,          3,    1,          3.48,          3.31,       2.67,      26.67,     88.20,          3.48
       15,          3,    2,          8.78,          3.31,       4.24,      42.33,    139.91,          6.52
       15,          3,    3,         11.08,          3.30,       5.38,      53.75,    177.61,          8.36
       15,          3,    4,         12.29,          3.30,       6.15,      61.49,    203.16,          9.47
       15,          3,    5,         13.10,          3.30,       6.73,      67.27,    222.27,         10.32
       15,          3,    6,         13.61,          3.30,       7.12,      71.23,    235.32,         10.88
       15,          3,    7,         13.96,          3.30,       7.43,      74.23,    245.20,         11.26
       15,          4,    1,          4.41,          3.31,       2.91,      29.11,     96.26,          3.83
       15,          4,    2,          9.37,          3.30,       4.70,      47.02,    155.39,          6.60
       15,          4,    3,         11.89,          3.30,       6.06,      60.57,    200.13,          8.77
       15,          4,    4,         13.14,          3.30,       6.91,      69.09,    228.25,         10.09
       15,          4,    5,         13.91,          3.30,       7.49,      74.87,    247.33,         11.03
       15,          4,    6,         14.38,          3.30,       7.88,      78.81,    260.31,         11.61
       15,          4,    7,         14.70,          3.30,       8.19,      81.92,    270.53,         11.99
       16,          1,    1,          2.08,          3.31,       2.21,      22.06,     72.98,          3.32
       16,          1,    2,          7.08,          3.31,       3.40,      34.01,    112.46,          5.80
       16,          1,    3,          9.06,          3.31,       4.25,      42.54,    140.61,          6.93
       16,          1,    4,         10.47,          3.30,       4.75,      47.53,    157.05,          8.39
       16,          1,    5,         11.20,          3.30,       5.15,      51.55,    170.33,          9.04
       16,          1,    6,         11.70,          3.30,       5.46,      54.55,    180.24,          9.49
       16,          1,    7,         12.15,          3.30,       5.76,      57.60,    190.32,          9.88
       16,          2,    1,          3.15,          3.31,       2.45,      24.51,     81.06,          3.64
       16,          2,    2,          8.28,          3.31,       3.87,      38.67,    127.82,          6.50
       16,          2,    3,         10.65,          3.30,       4.91,      49.06,    162.14,          8.43
       16,          2,    4,         11.81,          3.30,       5.58,      55.75,    184.22,          9.49
       16,          2,    5,         12.44,          3.30,       6.12,      61.19,    202.16,          9.85
       16,          2,    6,         13.36,          3.30,       6.53,      65.26,    215.61,         11.33
       16,          2,    7,         13.81,          3.30,       6.88,      68.77,    227.21,         11.85
       16,          3,    1,          3.98,          3.31,       2.70,      27.00,     89.30,          3.84
       16,          3,    2,          9.19,          3.30,       4.34,      43.44,    143.57,          6.96
       16,          3,    3,         11.71,          3.30,       5.61,      56.04,    185.18,          9.21
       16,          3,    4,         13.08,          3.30,       6.43,      64.23,    212.20,         10.80
       16,          3,    5,         13.84,          3.30,       7.03,      70.25,    232.09,         11.64
       16,          3,    6,         14.14,          3.30,       7.45,      74.44,    245.92,         11.69
       16,          3,    7,         14.85,          3.30,       7.77,      77.70,    256.65,         13.15
       16,          4,    1,          4.59,          3.31,       2.95,      29.47,     97.47,          3.93
       16,          4,    2,          9.88,          3.30,       4.82,      48.20,    159.27,          7.21
       16,          4,    3,         12.54,          3.30,       6.30,      63.00,    208.15,          9.75
       16,          4,    4,         13.98,          3.30,       7.23,      72.29,    238.82,         11.65
       16,          4,    5,         14.84,          3.30,       7.88,      78.82,    260.31,         12.90
       16,          4,    6,         15.29,          3.30,       8.31,      83.07,    274.30,         13.51
       16,          4,    7,         15.35,          3.30,       8.65,      86.48,    285.51,         13.11
       17,          1,    1,          1.86,          3.31,       2.23,      22.28,     73.69,          3.11
       17,          1,    2,          7.47,          3.31,       3.47,      34.74,    114.87,          6.17
       17,          1,    3,          9.98,          3.31,       4.40,      44.01,    145.46,          8.22
       17,          1,    4,         11.19,          3.30,       4.93,      49.27,    162.80,          9.49
       17,          1,    5,         11.98,          3.30,       5.35,      53.50,    176.79,         10.36
       17,          1,    6,         12.50,          3.30,       5.66,      56.61,    187.02,         10.93
       17,          1,    7,         12.96,          3.30,       5.97,      59.73,    197.34,         11.42
       17,          2,    1,          3.26,          3.31,       2.48,      24.82,     82.09,          3.67
       17,          2,    2,          8.32,          3.31,       3.95,      39.48,    130.53,          6.39
       17,          2,    3,         11.31,          3.30,       5.07,      50.68,    167.45,          9.45
       17,          2,    4,         12.69,          3.30,       5.78,      57.77,    190.88,         11.16
       17,          2,    5,         13.60,          3.30,       6.36,      63.56,    209.99,         12.35
       17,          2,    6,         14.19,          3.30,       6.77,      67.71,    223.72,         13.16
       17,          2,    7,         14.65,          3.30,       7.14,      71.42,    235.94,         13.78
       17,          3,    1,          4.13,          3.31,       2.73,      27.30,     90.28,          3.92
       17,          3,    2,          9.40,          3.31,       4.43,      44.32,    146.46,          7.13
       17,          3,    3,         12.05,          3.30,       5.78,      57.80,    190.96,          9.61
       17,          3,    4,         13.90,          3.30,       6.67,      66.66,    220.23,         12.54
       17,          3,    5,         14.83,          3.30,       7.33,      73.26,    242.03,         13.98
       17,          3,    6,         15.39,          3.30,       7.79,      77.91,    257.36,         14.84
       17,          3,    7,         15.77,          3.30,       8.15,      81.52,    269.22,         15.42
       17,          4,    1,          4.74,          3.31,       2.98,      29.79,     98.54,          4.01
       17,          4,    2,         10.18,          3.30,       4.91,      49.15,    162.40,          7.55
       17,          4,    3,         13.23,          3.30,       6.50,      64.97,    214.64,         11.07
       17,          4,    4,         14.54,          3.30,       7.54,      75.43,    249.19,         12.66
       17,          4,    5,         15.38,          3.30,       8.28,      82.84,    273.54,         13.84
       17,          4,    6,         16.28,          3.30,       8.76,      87.60,    289.18,         16.04
       17,          4,    7,         16.64,          3.30,       9.14,      91.37,    301.59,         16.63
       18,          1,    1,          2.39,          3.31,       2.25,      22.55,     74.58,          3.47
       18,          1,    2,          7.89,          3.31,       3.54,      35.37,    116.94,          6.66
       18,          1,    3,         10.81,          3.30,       4.53,      45.24,    149.52,          9.65
       18,          1,    4,         12.12,          3.30,       5.10,      50.98,    168.46,         11.34
       18,          1,    5,         12.93,          3.30,       5.56,      55.59,    183.69,         12.36
       18,          1,    6,         13.16,          3.30,       5.90,      58.97,    194.86,         12.17
       18,          1,    7,         13.94,          3.30,       6.23,      62.27,    205.76,         13.68
       18,          2,    1,          3.47,          3.31,       2.51,      25.11,     83.06,          3.80
       18,          2,    2,          9.11,          3.31,       4.02,      40.20,    132.88,          7.53
       18,          2,    3,         12.18,          3.30,       5.22,      52.20,    172.48,         11.16
       18,          2,    4,         13.66,          3.30,       6.01,      60.16,    198.78,         13.34
       18,          2,    5,         14.62,          3.30,       6.64,      66.36,    219.24,         14.88
       18,          2,    6,         15.21,          3.30,       7.10,      71.01,    234.59,         15.81
       18,          2,    7,         15.42,          3.30,       7.51,      75.09,    248.06,         15.60
       18,          3,    1,          4.17,          3.31,       2.76,      27.64,     91.41,          3.90
       18,          3,    2,         10.04,          3.30,       4.51,      45.12,    149.09,          8.10
       18,          3,    3,         13.28,          3.30,       5.96,      59.59,    196.89,         12.34
       18,          3,    4,         14.91,          3.30,       6.97,      69.65,    230.11,         15.06
       18,          3,    5,         15.90,          3.30,       7.73,      77.32,    255.41,         16.85
       18,          3,    6,         16.48,          3.30,       8.26,      82.64,    272.90,         17.91
       18,          3,    7,         16.85,          3.30,       8.67,      86.69,    286.20,         18.52
       18,          4,    1,          4.72,          3.31,       3.01,      30.14,     99.67,          3.94
       18,          4,    2,         10.39,          3.30,       5.00,      49.96,    165.07,          7.79
       18,          4,    3,         14.10,          3.30,       6.70,      67.02,    221.42,         13.06
       18,          4,    4,         15.83,          3.30,       7.92,      79.16,    261.43,         16.16
       18,          4,    5,         16.83,          3.30,       8.78,      87.83,    289.91,         18.15
       18,          4,    6,         17.38,          3.30,       9.34,      93.37,    308.20,         19.26
       18,          4,    7,         17.75,          3.30,       9.76,      97.65,    322.26,         19.99
       19,          1,    1,          2.60,          3.31,       2.28,      22.78,     75.35,          3.60
       19,          1,    2,          8.64,          3.31,       3.57,      35.75,    118.20,          7.82
       19,          1,    3,         11.40,          3.30,       4.63,      46.26,    152.90,         10.78
       19,          1,    4,         13.11,          3.30,       5.29,      52.91,    174.82,         13.64
       19,          1,    5,         14.00,          3.30,       5.81,      58.07,    191.87,         15.04
       19,          1,    6,         14.55,          3.30,       6.19,      61.91,    204.55,         15.87
       19,          1,    7,         15.03,          3.30,       6.55,      65.53,    216.50,         16.60
       19,          2,    1,          3.75,          3.31,       2.53,      25.32,     83.77,          4.01
       19,          2,    2,          9.88,          3.31,       4.07,      40.65,    134.38,          8.87
       19,          2,    3,         13.03,          3.30,       5.36,      53.60,    177.09,         13.19
       19,          2,    4,         14.36,          3.30,       6.27,      62.71,    207.20,         14.96
       19,          2,    5,         15.69,          3.30,       6.99,      69.86,    230.80,         17.97
       19,          2,    6,         16.33,          3.30,       7.51,      75.09,    248.04,         19.21
       19,          2,    7,         16.82,          3.30,       7.98,      79.80,    263.58,         20.14
       19,          3,    1,          4.60,          3.31,       2.79,      27.90,     92.27,          4.26
       19,          3,    2,         10.82,          3.30,       4.57,      45.70,    151.03,          9.57
       19,          3,    3,         14.10,          3.30,       6.12,      61.23,    202.30,         14.45
       19,          3,    4,         15.85,          3.30,       7.28,      72.75,    240.36,         17.82
       19,          3,    5,         16.92,          3.30,       8.17,      81.71,    269.87,         20.09
       19,          3,    6,         17.53,          3.30,       8.78,      87.79,    289.83,         21.38
       19,          3,    7,         17.71,          3.30,       9.26,      92.56,    305.47,         21.00
       19,          4,    1,          4.89,          3.31,       3.04,      30.44,    100.66,          4.05
       19,          4,    2,         11.50,          3.30,       5.07,      50.69,    167.49,          9.87
       19,          4,    3,         14.82,          3.30,       6.87,      68.70,    226.97,         14.97
       19,          4,    4,         16.67,          3.30,       8.25,      82.53,    272.55,         18.75
       19,          4,    5,         17.80,          3.30,       9.30,      93.02,    307.02,         21.31
       19,          4,    6,         18.40,          3.30,       9.96,      99.60,    328.70,         22.76
       19,          4,    7,         18.81,          3.30,      10.46,     104.56,    345.03,         23.72
       20,          1,    1,          3.57,          3.31,       2.29,      22.97,     75.98,          4.45
       20,          1,    2,          9.15,          3.31,       3.62,      36.18,    119.60,          8.68
       20,          1,    3,         12.02,          3.30,       4.74,      47.41,    156.68,         12.08
       20,          1,    4,         13.96,          3.30,       5.53,      55.27,    182.65,         15.79
       20,          1,    5,         14.92,          3.30,       6.11,      61.17,    202.10,         17.53
       20,          1,    6,         15.50,          3.30,       6.54,      65.36,    215.96,         18.55
       20,          1,    7,         15.98,          3.30,       6.93,      69.27,    228.84,         19.42
       20,          2,    1,          4.78,          3.31,       2.56,      25.57,     84.57,          5.03
       20,          2,    2,         10.58,          3.31,       4.13,      41.28,    136.46,         10.23
       20,          2,    3,         13.43,          3.30,       5.50,      55.01,    181.74,         14.04
       20,          2,    4,         15.50,          3.30,       6.55,      65.46,    216.28,         18.52
       20,          2,    5,         16.60,          3.30,       7.37,      73.67,    243.37,         20.91
       20,          2,    6,         17.26,          3.30,       7.96,      79.55,    262.75,         22.37
       20,          2,    7,         17.77,          3.30,       8.47,      84.68,    279.59,         23.50
       20,          3,    1,          5.66,          3.31,       2.82,      28.19,     93.22,          5.38
       20,          3,    2,         11.60,          3.30,       4.64,      46.36,    153.20,         11.24
       20,          3,    3,         14.48,          3.30,       6.27,      62.69,    207.12,         15.37
       20,          3,    4,         16.62,          3.30,       7.56,      75.56,    249.61,         20.44
       20,          3,    5,         17.80,          3.30,       8.61,      86.07,    284.14,         23.25
       20,          3,    6,         18.48,          3.30,       9.32,      93.16,    307.48,         24.91
       20,          3,    7,         18.94,          3.30,       9.86,      98.59,    325.39,         26.04
       20,          4,    1,          6.25,          3.31,       3.07,      30.73,    101.63,          5.49
       20,          4,    2,         12.23,          3.30,       5.14,      51.40,    169.85,         11.52
       20,          4,    3,         15.42,          3.30,       7.02,      70.13,    231.69,         16.83
       20,          4,    4,         17.06,          3.30,       8.54,      85.41,    282.00,         19.76
       20,          4,    5,         18.24,          3.30,       9.78,      97.80,    322.76,         22.37
       20,          4,    6,         19.29,          3.30,      10.58,     105.78,    349.07,         26.19
       20,          4,    7,         19.73,          3.30,      11.16,     111.59,    368.26,         27.34
       21,          1,    1,          4.33,          3.31,       2.32,      23.17,     76.63,          5.25
       21,          1,    2,          9.95,          3.31,       3.67,      36.71,    121.39,         10.25
       21,          1,    3,         12.94,          3.30,       4.86,      48.53,    160.36,         14.53
       21,          1,    4,         14.60,          3.30,       5.73,      57.31,    189.36,         17.56
       21,          1,    5,         15.65,          3.30,       6.41,      64.10,    211.80,         19.65
       21,          1,    6,         16.01,          3.30,       6.87,      68.65,    226.80,         19.76
       21,          1,    7,         16.74,          3.30,       7.28,      72.79,    240.45,         21.89
       21,          2,    1,          5.54,          3.31,       2.58,      25.80,     85.32,          5.94
       21,          2,    2,         11.20,          3.31,       4.19,      41.94,    138.64,         11.60
       21,          2,    3,         14.26,          3.30,       5.62,      56.20,    185.71,         16.58
       21,          2,    4,         16.06,          3.30,       6.76,      67.62,    223.41,         20.35
       21,          2,    5,         17.25,          3.30,       7.70,      77.03,    254.47,         23.12
       21,          2,    6,         17.68,          3.30,       8.36,      83.61,    276.04,         23.37
       21,          2,    7,         18.11,          3.30,       8.92,      89.23,    294.54,         23.98
       21,          3,    1,          6.05,          3.31,       2.85,      28.45,     94.08,          5.81
       21,          3,    2,         12.15,          3.30,       4.71,      47.08,    155.59,         12.55
       21,          3,    3,         15.26,          3.30,       6.40,      63.97,    211.35,         18.01
       21,          3,    4,         17.15,          3.30,       7.78,      77.79,    256.95,         22.34
       21,          3,    5,         18.45,          3.30,       8.98,      89.77,    296.33,         25.76
       21,          3,    6,         19.19,          3.30,       9.81,      98.05,    323.58,         27.80
       21,          3,    7,         19.66,          3.30,      10.44,     104.39,    344.46,         28.94
       21,          4,    1,          6.91,          3.31,       3.10,      31.02,    102.59,          6.32
       21,          4,    2,         12.46,          3.30,       5.22,      52.17,    172.40,         11.94
       21,          4,    3,         15.95,          3.30,       7.14,      71.44,    236.02,         18.63
       21,          4,    4,         17.88,          3.30,       8.76,      87.60,    289.18,         23.22
       21,          4,    5,         19.25,          3.30,      10.19,     101.88,    336.19,         27.00
       21,          4,    6,         20.03,          3.30,      11.16,     111.58,    368.20,         29.30
       21,          4,    7,         20.52,          3.30,      11.85,     118.54,    391.02,         30.76
       22,          1,    1,          4.73,          3.31,       2.34,      23.37,     77.31,          5.70
       22,          1,    2,         10.26,          3.31,       3.72,      37.22,    123.07,         10.85
       22,          1,    3,         13.04,          3.30,       4.94,      49.44,    163.38,         14.58
       22,          1,    4,         15.06,          3.30,       5.91,      59.09,    195.24,         18.83
       22,          1,    5,         16.19,          3.30,       6.68,      66.76,    220.57,         21.30
       22,          1,    6,         16.83,          3.30,       7.17,      71.73,    236.97,         22.78
       22,          1,    7,         17.35,          3.30,       7.62,      76.22,    251.77,         23.96
       22,          2,    1,          6.03,          3.31,       2.60,      26.04,     86.11,          6.57
       22,          2,    2,         11.59,          3.31,       4.25,      42.52,    140.54,         12.48
       22,          2,    3,         14.63,          3.30,       5.73,      57.35,    189.48,         17.67
       22,          2,    4,         16.49,          3.30,       6.96,      69.57,    229.85,         21.75
       22,          2,    5,         17.77,          3.30,       8.04,      80.37,    265.42,         24.88
       22,          2,    6,         18.23,          3.30,       8.78,      87.81,    289.92,         25.10
       22,          2,    7,         19.12,          3.30,       9.42,      94.22,    310.97,         28.55
       22,          3,    1,          7.01,          3.31,       2.87,      28.72,     94.99,          7.18
       22,          3,    2,         12.55,          3.30,       4.78,      47.78,    157.89,         13.54
       22,          3,    3,         15.64,          3.30,       6.54,      65.34,    215.88,         19.20
       22,          3,    4,         17.56,          3.30,       8.02,      80.19,    264.84,         23.77
       22,          3,    5,         18.96,          3.30,       9.38,      93.81,    309.62,         27.66
       22,          3,    6,         19.81,          3.30,      10.37,     103.73,    342.31,         30.15
       22,          3,    7,         20.32,          3.30,      11.15,     111.48,    367.87,         31.40
       22,          4,    1,          7.46,          3.31,       3.13,      31.28,    103.44,          7.11
       22,          4,    2,         13.26,          3.30,       5.30,      53.00,    175.12,         14.13
       22,          4,    3,         16.38,          3.30,       7.30,      73.03,    241.25,         20.09
       22,          4,    4,         18.32,          3.30,       9.02,      90.24,    297.88,         24.89
       22,          4,    5,         19.75,          3.30,      10.64,     106.41,    351.14,         28.97
       22,          4,    6,         20.64,          3.30,      11.83,     118.31,    390.32,         31.70
       22,          4,    7,         21.19,          3.30,      12.70,     126.97,    418.71,         33.45

