[Radio] Initializing ... success!
Connected to RF power monitor: Rohde&Schwarz,FPC1500,1328.6660K03/205785,V1.80
Connected to DC power monitor: radiolib-org,DCpowerMon,070dd3d
setCurrentLimit, code 0

Set [dBm],paDutyCycle,hpMax,Measured [dBm],Bus voltage[V],Voltage[mV],Current[mA],Power [mW],Efficiency [%]
       -9,          1,    1,        -17.76,          3.31,       0.98,       9.77,     32.32,          0.19
       -9,          1,    2,        -14.33,          3.31,       1.12,      11.23,     37.16,          0.27
       -9,          1,    3,        -12.99,          3.31,       1.24,      12.36,     40.90,          0.29
       -9,          1,    4,        -12.15,          3.31,       1.34,      13.36,     44.19,          0.30
       -9,          1,    5,        -11.48,          3.31,       1.43,      14.34,     47.43,          0.30
       -9,          1,    6,        -11.02,          3.31,       1.52,      15.22,     50.34,          0.30
       -9,          1,    7,        -10.59,          3.31,       1.61,      16.06,     53.11,          0.30
       -9,          2,    1,        -16.77,          3.31,       1.01,      10.07,     33.30,          0.22
       -9,          2,    2,        -13.22,          3.31,       1.18,      11.77,     38.92,          0.31
       -9,          2,    3,        -11.76,          3.31,       1.31,      13.10,     43.33,          0.34
       -9,          2,    4,        -10.84,          3.31,       1.42,      14.20,     46.99,          0.35
       -9,          2,    5,        -10.24,          3.31,       1.52,      15.24,     50.41,          0.35
       -9,          2,    6,         -9.79,          3.31,       1.61,      16.15,     53.41,          0.35
       -9,          2,    7,         -9.46,          3.31,       1.70,      16.96,     56.11,          0.35
       -9,          3,    1,        -15.64,          3.31,       1.04,      10.39,     34.37,          0.25
       -9,          3,    2,        -12.40,          3.31,       1.23,      12.31,     40.73,          0.34
       -9,          3,    3,        -11.27,          3.31,       1.37,      13.73,     45.42,          0.34
       -9,          3,    4,        -10.06,          3.31,       1.49,      14.92,     49.35,          0.38
       -9,          3,    5,         -9.56,          3.31,       1.59,      15.90,     52.59,          0.38
       -9,          3,    6,         -9.20,          3.31,       1.68,      16.77,     55.47,          0.38
       -9,          3,    7,         -8.94,          3.31,       1.76,      17.59,     58.19,          0.37
       -9,          4,    1,        -15.05,          3.31,       1.07,      10.75,     35.55,          0.26
       -9,          4,    2,        -11.76,          3.31,       1.29,      12.86,     42.54,          0.35
       -9,          4,    3,        -10.40,          3.31,       1.43,      14.31,     47.34,          0.38
       -9,          4,    4,         -9.88,          3.31,       1.55,      15.49,     51.25,          0.37
       -9,          4,    5,         -9.51,          3.31,       1.65,      16.53,     54.68,          0.36
       -9,          4,    6,         -8.77,          3.31,       1.74,      17.43,     57.67,          0.39
       -9,          4,    7,         -8.49,          3.31,       1.83,      18.34,     60.66,          0.38
       -8,          1,    1,        -16.17,          3.31,       1.01,      10.07,     33.31,          0.25
       -8,          1,    2,        -13.09,          3.31,       1.17,      11.67,     38.60,          0.33
       -8,          1,    3,        -11.77,          3.31,       1.29,      12.88,     42.60,          0.35
       -8,          1,    4,        -11.10,          3.31,       1.39,      13.88,     45.92,          0.35
       -8,          1,    5,        -10.67,          3.31,       1.49,      14.93,     49.38,          0.33
       -8,          1,    6,         -9.85,          3.31,       1.58,      15.82,     52.35,          0.36
       -8,          1,    7,         -9.44,          3.31,       1.67,      16.70,     55.24,          0.36
       -8,          2,    1,        -15.20,          3.31,       1.04,      10.39,     34.37,          0.28
       -8,          2,    2,        -11.98,          3.31,       1.23,      12.28,     40.61,          0.37
       -8,          2,    3,        -10.55,          3.31,       1.37,      13.70,     45.33,          0.41
       -8,          2,    4,         -9.63,          3.31,       1.49,      14.92,     49.35,          0.42
       -8,          2,    5,         -9.09,          3.31,       1.59,      15.94,     52.73,          0.42
       -8,          2,    6,         -8.95,          3.31,       1.69,      16.87,     55.81,          0.40
       -8,          2,    7,         -8.30,          3.31,       1.78,      17.74,     58.68,          0.42
       -8,          3,    1,        -14.39,          3.31,       1.08,      10.80,     35.74,          0.30
       -8,          3,    2,        -11.11,          3.31,       1.30,      12.95,     42.85,          0.40
       -8,          3,    3,         -9.68,          3.31,       1.45,      14.46,     47.81,          0.44
       -8,          3,    4,         -8.84,          3.31,       1.57,      15.70,     51.94,          0.46
       -8,          3,    5,         -8.36,          3.31,       1.67,      16.69,     55.21,          0.46
       -8,          3,    6,         -8.00,          3.31,       1.76,      17.64,     58.37,          0.46
       -8,          3,    7,         -7.74,          3.31,       1.85,      18.50,     61.19,          0.45
       -8,          4,    1,        -13.80,          3.31,       1.13,      11.27,     37.29,          0.30
       -8,          4,    2,        -10.85,          3.31,       1.35,      13.53,     44.75,          0.39
       -8,          4,    3,         -9.14,          3.31,       1.51,      15.15,     50.09,          0.46
       -8,          4,    4,         -8.37,          3.31,       1.64,      16.40,     54.25,          0.48
       -8,          4,    5,         -7.90,          3.31,       1.74,      17.42,     57.62,          0.48
       -8,          4,    6,         -7.55,          3.31,       1.84,      18.41,     60.92,          0.47
       -8,          4,    7,         -7.28,          3.31,       1.93,      19.33,     63.94,          0.46
       -7,          1,    1,        -15.16,          3.31,       1.03,      10.33,     34.17,          0.29
       -7,          1,    2,        -12.36,          3.31,       1.21,      12.06,     39.90,          0.36
       -7,          1,    3,        -10.73,          3.31,       1.33,      13.34,     44.12,          0.41
       -7,          1,    4,         -9.94,          3.31,       1.44,      14.44,     47.75,          0.42
       -7,          1,    5,         -9.30,          3.31,       1.55,      15.49,     51.23,          0.43
       -7,          1,    6,         -8.84,          3.31,       1.64,      16.45,     54.43,          0.43
       -7,          1,    7,         -8.45,          3.31,       1.73,      17.29,     57.21,          0.43
       -7,          2,    1,        -14.19,          3.31,       1.07,      10.74,     35.54,          0.32
       -7,          2,    2,        -11.22,          3.31,       1.28,      12.79,     42.32,          0.40
       -7,          2,    3,         -9.49,          3.31,       1.43,      14.31,     47.34,          0.47
       -7,          2,    4,         -8.59,          3.31,       1.56,      15.56,     51.45,          0.50
       -7,          2,    5,         -8.02,          3.31,       1.67,      16.67,     55.13,          0.50
       -7,          2,    6,         -7.59,          3.31,       1.76,      17.62,     58.28,          0.50
       -7,          2,    7,         -7.29,          3.31,       1.85,      18.54,     61.34,          0.49
       -7,          3,    1,        -13.32,          3.31,       1.12,      11.24,     37.19,          0.34
       -7,          3,    2,        -10.05,          3.31,       1.35,      13.53,     44.77,          0.47
       -7,          3,    3,         -8.70,          3.31,       1.52,      15.17,     50.17,          0.51
       -7,          3,    4,         -8.15,          3.31,       1.65,      16.46,     54.45,          0.50
       -7,          3,    5,         -7.32,          3.31,       1.75,      17.47,     57.78,          0.54
       -7,          3,    6,         -6.97,          3.31,       1.85,      18.50,     61.17,          0.53
       -7,          3,    7,         -6.72,          3.31,       1.94,      19.37,     64.06,          0.53
       -7,          4,    1,        -12.71,          3.31,       1.17,      11.69,     38.66,          0.36
       -7,          4,    2,         -9.44,          3.31,       1.42,      14.19,     46.95,          0.49
       -7,          4,    3,         -8.08,          3.31,       1.59,      15.93,     52.70,          0.53
       -7,          4,    4,         -7.31,          3.31,       1.72,      17.20,     56.88,          0.56
       -7,          4,    5,         -6.86,          3.31,       1.84,      18.35,     60.71,          0.56
       -7,          4,    6,         -6.71,          3.31,       1.93,      19.32,     63.90,          0.53
       -7,          4,    7,         -6.58,          3.31,       2.03,      20.29,     67.10,          0.50
       -6,          1,    1,        -14.54,          3.31,       1.06,      10.58,     35.00,          0.31
       -6,          1,    2,        -11.09,          3.31,       1.25,      12.48,     41.29,          0.44
       -6,          1,    3,         -9.79,          3.31,       1.39,      13.85,     45.82,          0.47
       -6,          1,    4,         -9.01,          3.31,       1.50,      14.95,     49.44,          0.49
       -6,          1,    5,         -8.38,          3.31,       1.61,      16.08,     53.19,          0.49
       -6,          1,    6,         -7.93,          3.31,       1.70,      17.01,     56.26,          0.49
       -6,          1,    7,         -7.57,          3.31,       1.80,      17.99,     59.51,          0.49
       -6,          2,    1,        -13.45,          3.31,       1.11,      11.12,     36.80,          0.34
       -6,          2,    2,         -9.97,          3.31,       1.33,      13.31,     44.03,          0.49
       -6,          2,    3,         -8.55,          3.31,       1.49,      14.91,     49.34,          0.54
       -6,          2,    4,         -7.66,          3.31,       1.63,      16.24,     53.73,          0.57
       -6,          2,    5,         -7.09,          3.31,       1.73,      17.33,     57.32,          0.58
       -6,          2,    6,         -6.67,          3.31,       1.84,      18.40,     60.86,          0.58
       -6,          2,    7,         -6.37,          3.31,       1.93,      19.32,     63.90,          0.57
       -6,          3,    1,        -12.40,          3.31,       1.16,      11.63,     38.47,          0.39
       -6,          3,    2,         -9.37,          3.31,       1.41,      14.14,     46.76,          0.50
       -6,          3,    3,         -7.68,          3.31,       1.59,      15.87,     52.50,          0.59
       -6,          3,    4,         -6.85,          3.31,       1.72,      17.21,     56.92,          0.62
       -6,          3,    5,         -6.38,          3.31,       1.83,      18.34,     60.67,          0.62
       -6,          3,    6,         -6.03,          3.31,       1.93,      19.31,     63.89,          0.62
       -6,          3,    7,         -5.79,          3.31,       2.02,      20.21,     66.85,          0.61
       -6,          4,    1,        -11.76,          3.31,       1.21,      12.11,     40.06,          0.41
       -6,          4,    2,         -8.48,          3.31,       1.49,      14.90,     49.28,          0.55
       -6,          4,    3,         -7.17,          3.31,       1.67,      16.69,     55.19,          0.61
       -6,          4,    4,         -6.69,          3.31,       1.81,      18.10,     59.85,          0.59
       -6,          4,    5,         -6.26,          3.31,       1.93,      19.28,     63.77,          0.59
       -6,          4,    6,         -5.55,          3.31,       2.03,      20.27,     67.03,          0.64
       -6,          4,    7,         -5.29,          3.31,       2.13,      21.28,     70.38,          0.63
       -5,          1,    1,        -12.54,          3.31,       1.13,      11.24,     37.19,          0.41
       -5,          1,    2,         -9.46,          3.31,       1.34,      13.35,     44.14,          0.55
       -5,          1,    3,         -8.18,          3.31,       1.48,      14.83,     49.06,          0.60
       -5,          1,    4,         -7.42,          3.31,       1.60,      16.02,     52.99,          0.62
       -5,          1,    5,         -7.05,          3.31,       1.72,      17.19,     56.86,          0.60
       -5,          1,    6,         -6.35,          3.31,       1.82,      18.25,     60.37,          0.63
       -5,          1,    7,         -5.97,          3.31,       1.93,      19.28,     63.76,          0.63
       -5,          2,    1,        -11.55,          3.31,       1.18,      11.81,     39.07,          0.46
       -5,          2,    2,         -8.34,          3.31,       1.43,      14.32,     47.36,          0.62
       -5,          2,    3,         -6.92,          3.31,       1.61,      16.10,     53.25,          0.69
       -5,          2,    4,         -6.06,          3.31,       1.75,      17.52,     57.95,          0.72
       -5,          2,    5,         -5.77,          3.31,       1.88,      18.79,     62.16,          0.69
       -5,          2,    6,         -5.07,          3.31,       1.99,      19.91,     65.88,          0.74
       -5,          2,    7,         -4.78,          3.31,       2.08,      20.81,     68.83,          0.74
       -5,          3,    1,        -10.73,          3.31,       1.24,      12.41,     41.07,          0.49
       -5,          3,    2,         -7.45,          3.31,       1.53,      15.31,     50.64,          0.67
       -5,          3,    3,         -6.04,          3.31,       1.72,      17.25,     57.04,          0.75
       -5,          3,    4,         -5.22,          3.31,       1.88,      18.79,     62.15,          0.78
       -5,          3,    5,         -4.75,          3.31,       2.00,      19.97,     66.06,          0.79
       -5,          3,    6,         -4.51,          3.31,       2.10,      20.99,     69.44,          0.77
       -5,          3,    7,         -4.52,          3.31,       2.19,      21.95,     72.61,          0.72
       -5,          4,    1,        -10.11,          3.31,       1.31,      13.07,     43.22,          0.50
       -5,          4,    2,         -6.83,          3.31,       1.63,      16.26,     53.78,          0.69
       -5,          4,    3,         -5.46,          3.31,       1.83,      18.31,     60.57,          0.77
       -5,          4,    4,         -4.70,          3.31,       1.98,      19.84,     65.61,          0.81
       -5,          4,    5,         -4.25,          3.31,       2.11,      21.05,     69.64,          0.82
       -5,          4,    6,         -3.92,          3.31,       2.21,      22.15,     73.25,          0.82
       -5,          4,    7,         -3.68,          3.31,       2.32,      23.23,     76.81,          0.81
       -4,          1,    1,        -12.12,          3.31,       1.15,      11.53,     38.13,          0.43
       -4,          1,    2,         -8.76,          3.31,       1.37,      13.72,     45.37,          0.61
       -4,          1,    3,         -7.47,          3.31,       1.53,      15.30,     50.60,          0.67
       -4,          1,    4,         -6.71,          3.31,       1.66,      16.55,     54.72,          0.69
       -4,          1,    5,         -6.10,          3.31,       1.78,      17.76,     58.73,          0.70
       -4,          1,    6,         -5.66,          3.31,       1.88,      18.84,     62.30,          0.70
       -4,          1,    7,         -5.32,          3.31,       1.99,      19.90,     65.83,          0.70
       -4,          2,    1,        -11.20,          3.31,       1.21,      12.14,     40.14,          0.46
       -4,          2,    2,         -7.63,          3.31,       1.48,      14.80,     48.94,          0.68
       -4,          2,    3,         -6.22,          3.31,       1.67,      16.69,     55.20,          0.76
       -4,          2,    4,         -5.34,          3.31,       1.82,      18.23,     60.32,          0.80
       -4,          2,    5,         -4.78,          3.31,       1.95,      19.50,     64.51,          0.81
       -4,          2,    6,         -4.37,          3.31,       2.06,      20.60,     68.13,          0.82
       -4,          2,    7,         -4.08,          3.31,       2.16,      21.62,     71.51,          0.82
       -4,          3,    1,        -10.05,          3.31,       1.28,      12.80,     42.35,          0.53
       -4,          3,    2,         -7.05,          3.31,       1.59,      15.86,     52.46,          0.69
       -4,          3,    3,         -5.33,          3.31,       1.80,      17.97,     59.43,          0.82
       -4,          3,    4,         -4.51,          3.31,       1.96,      19.55,     64.66,          0.86
       -4,          3,    5,         -4.04,          3.31,       2.08,      20.75,     68.63,          0.88
       -4,          3,    6,         -3.70,          3.31,       2.18,      21.82,     72.18,          0.88
       -4,          3,    7,         -3.47,          3.31,       2.28,      22.82,     75.48,          0.87
       -4,          4,    1,         -9.41,          3.31,       1.35,      13.46,     44.51,          0.55
       -4,          4,    2,         -6.12,          3.31,       1.68,      16.84,     55.73,          0.76
       -4,          4,    3,         -4.84,          3.31,       1.91,      19.07,     63.07,          0.83
       -4,          4,    4,         -3.99,          3.31,       2.07,      20.65,     68.29,          0.89
       -4,          4,    5,         -3.53,          3.31,       2.20,      21.95,     72.60,          0.90
       -4,          4,    6,         -3.21,          3.31,       2.31,      23.13,     76.51,          0.90
       -4,          4,    7,         -2.95,          3.31,       2.42,      24.16,     79.91,          0.90
       -3,          1,    1,        -11.20,          3.31,       1.18,      11.80,     39.04,          0.50
       -3,          1,    2,         -8.12,          3.31,       1.41,      14.13,     46.75,          0.67
       -3,          1,    3,         -7.11,          3.31,       1.58,      15.79,     52.24,          0.68
       -3,          1,    4,         -6.06,          3.31,       1.71,      17.05,     56.40,          0.76
       -3,          1,    5,         -5.45,          3.31,       1.84,      18.36,     60.72,          0.77
       -3,          1,    6,         -5.02,          3.31,       1.95,      19.47,     64.41,          0.77
       -3,          1,    7,         -4.65,          3.31,       2.05,      20.49,     67.76,          0.78
       -3,          2,    1,        -10.20,          3.31,       1.25,      12.47,     41.26,          0.54
       -3,          2,    2,         -6.99,          3.31,       1.53,      15.28,     50.56,          0.74
       -3,          2,    3,         -5.63,          3.31,       1.72,      17.24,     57.03,          0.82
       -3,          2,    4,         -5.04,          3.31,       1.89,      18.86,     62.39,          0.81
       -3,          2,    5,         -4.14,          3.31,       2.02,      20.19,     66.77,          0.90
       -3,          2,    6,         -3.72,          3.31,       2.14,      21.37,     70.67,          0.90
       -3,          2,    7,         -3.44,          3.31,       2.24,      22.33,     73.86,          0.90
       -3,          3,    1,         -9.38,          3.31,       1.32,      13.20,     43.67,          0.58
       -3,          3,    2,         -6.09,          3.31,       1.65,      16.47,     54.49,          0.80
       -3,          3,    3,         -4.68,          3.31,       1.87,      18.65,     61.70,          0.90
       -3,          3,    4,         -3.89,          3.31,       2.03,      20.27,     67.03,          0.94
       -3,          3,    5,         -3.73,          3.31,       2.16,      21.58,     71.39,          0.89
       -3,          3,    6,         -3.05,          3.31,       2.27,      22.68,     75.00,          0.97
       -3,          3,    7,         -2.82,          3.31,       2.37,      23.68,     78.33,          0.96
       -3,          4,    1,         -8.76,          3.31,       1.39,      13.88,     45.90,          0.60
       -3,          4,    2,         -5.45,          3.31,       1.75,      17.51,     57.93,          0.83
       -3,          4,    3,         -4.09,          3.31,       1.99,      19.87,     65.73,          0.93
       -3,          4,    4,         -3.39,          3.31,       2.15,      21.51,     71.15,          0.96
       -3,          4,    5,         -3.21,          3.31,       2.29,      22.88,     75.68,          0.92
       -3,          4,    6,         -2.55,          3.31,       2.40,      24.01,     79.40,          1.00
       -3,          4,    7,         -2.29,          3.31,       2.52,      25.19,     83.32,          0.99
       -2,          1,    1,        -10.06,          3.31,       1.23,      12.34,     40.84,          0.58
       -2,          1,    2,         -6.94,          3.31,       1.50,      14.98,     49.56,          0.78
       -2,          1,    3,         -5.66,          3.31,       1.67,      16.71,     55.29,          0.86
       -2,          1,    4,         -4.91,          3.31,       1.81,      18.13,     59.97,          0.89
       -2,          1,    5,         -4.33,          3.31,       1.95,      19.48,     64.45,          0.91
       -2,          1,    6,         -4.18,          3.31,       2.06,      20.62,     68.21,          0.86
       -2,          1,    7,         -3.51,          3.31,       2.17,      21.75,     71.95,          0.93
       -2,          2,    1,         -9.06,          3.31,       1.31,      13.14,     43.48,          0.63
       -2,          2,    2,         -5.82,          3.31,       1.63,      16.28,     53.85,          0.87
       -2,          2,    3,         -4.40,          3.31,       1.85,      18.46,     61.05,          0.97
       -2,          2,    4,         -3.53,          3.31,       2.02,      20.17,     66.71,          1.03
       -2,          2,    5,         -2.97,          3.31,       2.16,      21.58,     71.38,          1.06
       -2,          2,    6,         -2.57,          3.31,       2.28,      22.82,     75.48,          1.07
       -2,          2,    7,         -2.30,          3.31,       2.39,      23.87,     78.96,          1.06
       -2,          3,    1,         -8.55,          3.31,       1.39,      13.93,     46.07,          0.63
       -2,          3,    2,         -5.28,          3.31,       1.76,      17.56,     58.08,          0.86
       -2,          3,    3,         -3.50,          3.31,       2.00,      20.02,     66.23,          1.05
       -2,          3,    4,         -2.68,          3.31,       2.18,      21.78,     72.05,          1.12
       -2,          3,    5,         -2.21,          3.31,       2.32,      23.19,     76.70,          1.13
       -2,          3,    6,         -1.87,          3.31,       2.43,      24.36,     80.57,          1.14
       -2,          3,    7,         -1.64,          3.31,       2.54,      25.41,     84.04,          1.14
       -2,          4,    1,         -7.62,          3.31,       1.48,      14.79,     48.93,          0.68
       -2,          4,    2,         -4.29,          3.31,       1.89,      18.85,     62.34,          0.96
       -2,          4,    3,         -3.17,          3.31,       2.14,      21.43,     70.89,          1.02
       -2,          4,    4,         -2.52,          3.31,       2.32,      23.21,     76.77,          1.05
       -2,          4,    5,         -1.68,          3.31,       2.47,      24.69,     81.68,          1.17
       -2,          4,    6,         -1.36,          3.31,       2.59,      25.92,     85.72,          1.18
       -2,          4,    7,         -1.11,          3.31,       2.71,      27.10,     89.61,          1.17
       -1,          1,    1,         -9.13,          3.31,       1.29,      12.90,     42.66,          0.64
       -1,          1,    2,         -5.99,          3.31,       1.57,      15.73,     52.04,          0.89
       -1,          1,    3,         -4.75,          3.31,       1.76,      17.59,     58.19,          0.97
       -1,          1,    4,         -4.26,          3.31,       1.91,      19.11,     63.22,          0.95
       -1,          1,    5,         -3.35,          3.31,       2.05,      20.49,     67.76,          1.05
       -1,          1,    6,         -2.93,          3.31,       2.17,      21.72,     71.84,          1.06
       -1,          1,    7,         -2.56,          3.31,       2.29,      22.90,     75.74,          1.06
       -1,          2,    1,         -8.13,          3.31,       1.37,      13.73,     45.41,          0.71
       -1,          2,    2,         -4.87,          3.31,       1.71,      17.14,     56.68,          0.99
       -1,          2,    3,         -3.44,          3.31,       1.95,      19.52,     64.56,          1.11
       -1,          2,    4,         -2.58,          3.31,       2.14,      21.35,     70.60,          1.18
       -1,          2,    5,         -2.07,          3.31,       2.29,      22.89,     75.69,          1.19
       -1,          2,    6,         -1.94,          3.31,       2.42,      24.16,     79.90,          1.14
       -1,          2,    7,         -1.32,          3.31,       2.53,      25.34,     83.80,          1.23
       -1,          3,    1,         -7.30,          3.31,       1.47,      14.67,     48.54,          0.75
       -1,          3,    2,         -3.96,          3.31,       1.87,      18.65,     61.69,          1.05
       -1,          3,    3,         -2.54,          3.31,       2.13,      21.28,     70.40,          1.19
       -1,          3,    4,         -1.71,          3.31,       2.32,      23.22,     76.78,          1.27
       -1,          3,    5,         -1.24,          3.31,       2.47,      24.71,     81.72,          1.29
       -1,          3,    6,         -0.90,          3.31,       2.59,      25.94,     85.80,          1.31
       -1,          3,    7,         -0.73,          3.31,       2.70,      27.03,     89.40,          1.28
       -1,          4,    1,         -6.96,          3.31,       1.56,      15.57,     51.50,          0.72
       -1,          4,    2,         -3.68,          3.31,       2.01,      20.07,     66.38,          1.00
       -1,          4,    3,         -1.93,          3.31,       2.28,      22.82,     75.49,          1.24
       -1,          4,    4,         -1.16,          3.31,       2.48,      24.82,     82.11,          1.31
       -1,          4,    5,         -0.71,          3.31,       2.64,      26.37,     87.21,          1.34
       -1,          4,    6,         -0.38,          3.31,       2.77,      27.68,     91.54,          1.35
       -1,          4,    7,         -0.14,          3.31,       2.89,      28.90,     95.56,          1.35
        0,          1,    1,         -8.29,          3.31,       1.34,      13.43,     44.42,          0.72
        0,          1,    2,         -5.41,          3.31,       1.65,      16.55,     54.72,          0.93
        0,          1,    3,         -4.19,          3.31,       1.85,      18.56,     61.38,          1.01
        0,          1,    4,         -3.04,          3.31,       2.01,      20.12,     66.56,          1.16
        0,          1,    5,         -2.45,          3.31,       2.16,      21.61,     71.48,          1.19
        0,          1,    6,         -2.02,          3.31,       2.29,      22.90,     75.75,          1.21
        0,          1,    7,         -1.66,          3.31,       2.41,      24.09,     79.68,          1.22
        0,          2,    1,         -7.25,          3.31,       1.44,      14.38,     47.56,          0.79
        0,          2,    2,         -3.96,          3.31,       1.82,      18.15,     60.02,          1.11
        0,          2,    3,         -2.70,          3.31,       2.06,      20.61,     68.17,          1.21
        0,          2,    4,         -2.01,          3.31,       2.26,      22.60,     74.76,          1.23
        0,          2,    5,         -1.10,          3.31,       2.42,      24.21,     80.05,          1.38
        0,          2,    6,         -0.70,          3.31,       2.56,      25.65,     84.84,          1.39
        0,          2,    7,         -0.41,          3.31,       2.68,      26.84,     88.79,          1.40
        0,          3,    1,         -6.43,          3.31,       1.54,      15.38,     50.88,          0.84
        0,          3,    2,         -3.06,          3.31,       1.98,      19.79,     65.47,          1.18
        0,          3,    3,         -1.65,          3.31,       2.26,      22.58,     74.71,          1.34
        0,          3,    4,         -1.12,          3.31,       2.47,      24.72,     81.74,          1.33
        0,          3,    5,         -0.32,          3.31,       2.63,      26.27,     86.88,          1.47
        0,          3,    6,          0.02,          3.31,       2.76,      27.58,     91.21,          1.49
        0,          3,    7,          0.25,          3.31,       2.87,      28.74,     95.05,          1.48
        0,          4,    1,         -5.81,          3.31,       1.64,      16.41,     54.28,          0.86
        0,          4,    2,         -2.41,          3.31,       2.13,      21.30,     70.47,          1.23
        0,          4,    3,         -1.01,          3.31,       2.43,      24.32,     80.44,          1.39
        0,          4,    4,         -0.50,          3.31,       2.65,      26.49,     87.60,          1.39
        0,          4,    5,         -0.16,          3.31,       2.81,      28.12,     92.99,          1.39
        0,          4,    6,          0.54,          3.31,       2.95,      29.51,     97.59,          1.53
        0,          4,    7,          0.79,          3.31,       3.08,      30.76,    101.73,          1.54
        1,          1,    1,         -7.49,          3.31,       1.39,      13.94,     46.11,          0.80
        1,          1,    2,         -4.28,          3.31,       1.73,      17.31,     57.26,          1.12
        1,          1,    3,         -2.98,          3.31,       1.95,      19.47,     64.41,          1.24
        1,          1,    4,         -2.23,          3.31,       2.11,      21.14,     69.91,          1.30
        1,          1,    5,         -1.65,          3.31,       2.27,      22.68,     75.01,          1.34
        1,          1,    6,         -1.35,          3.31,       2.40,      23.99,     79.36,          1.32
        1,          1,    7,         -1.21,          3.31,       2.53,      25.34,     83.83,          1.26
        1,          2,    1,         -6.86,          3.31,       1.50,      14.99,     49.59,          0.80
        1,          2,    2,         -3.16,          3.31,       1.91,      19.04,     63.00,          1.23
        1,          2,    3,         -1.72,          3.31,       2.17,      21.72,     71.84,          1.40
        1,          2,    4,         -0.85,          3.31,       2.38,      23.83,     78.81,          1.49
        1,          2,    5,         -0.29,          3.31,       2.56,      25.56,     84.56,          1.54
        1,          2,    6,          0.12,          3.31,       2.70,      27.06,     89.48,          1.56
        1,          2,    7,          0.35,          3.31,       2.83,      28.29,     93.58,          1.55
        1,          3,    1,         -5.97,          3.31,       1.61,      16.08,     53.19,          0.86
        1,          3,    2,         -2.25,          3.31,       2.08,      20.82,     68.86,          1.32
        1,          3,    3,         -0.80,          3.31,       2.39,      23.85,     78.90,          1.51
        1,          3,    4,          0.03,          3.31,       2.61,      26.14,     86.46,          1.61
        1,          3,    5,          0.51,          3.31,       2.78,      27.79,     91.91,          1.65
        1,          3,    6,          0.85,          3.31,       2.92,      29.21,     96.60,          1.67
        1,          3,    7,          1.06,          3.31,       3.04,      30.35,    100.36,          1.66
        1,          4,    1,         -5.10,          3.31,       1.72,      17.16,     56.77,          0.93
        1,          4,    2,         -1.93,          3.31,       2.25,      22.49,     74.37,          1.26
        1,          4,    3,         -0.18,          3.31,       2.58,      25.81,     85.39,          1.55
        1,          4,    4,          0.59,          3.31,       2.81,      28.11,     92.97,          1.66
        1,          4,    5,          1.05,          3.31,       2.98,      29.84,     98.67,          1.70
        1,          4,    6,          1.37,          3.31,       3.13,      31.29,    103.46,          1.72
        1,          4,    7,          1.62,          3.31,       3.26,      32.62,    107.86,          1.72
        2,          1,    1,         -6.48,          3.31,       1.47,      14.72,     48.68,          0.90
        2,          1,    2,         -3.22,          3.31,       1.85,      18.47,     61.09,          1.28
        2,          1,    3,         -2.02,          3.31,       2.08,      20.76,     68.66,          1.40
        2,          1,    4,         -1.15,          3.31,       2.26,      22.56,     74.60,          1.51
        2,          1,    5,         -0.56,          3.31,       2.42,      24.25,     80.20,          1.56
        2,          1,    6,         -0.14,          3.31,       2.57,      25.70,     84.99,          1.58
        2,          1,    7,          0.21,          3.31,       2.71,      27.07,     89.53,          1.60
        2,          2,    1,         -5.47,          3.31,       1.58,      15.84,     52.39,          0.99
        2,          2,    2,         -2.10,          3.31,       2.03,      20.34,     67.28,          1.42
        2,          2,    3,         -0.70,          3.31,       2.33,      23.33,     77.16,          1.59
        2,          2,    4,         -0.05,          3.31,       2.56,      25.65,     84.84,          1.62
        2,          2,    5,          0.79,          3.31,       2.75,      27.52,     91.02,          1.79
        2,          2,    6,          1.21,          3.31,       2.91,      29.10,     96.24,          1.82
        2,          2,    7,          1.49,          3.31,       3.04,      30.40,    100.52,          1.84
        2,          3,    1,         -4.65,          3.31,       1.70,      17.04,     56.38,          1.05
        2,          3,    2,         -1.19,          3.31,       2.23,      22.34,     73.89,          1.51
        2,          3,    3,          0.28,          3.31,       2.58,      25.77,     85.23,          1.73
        2,          3,    4,          1.12,          3.31,       2.83,      28.28,     93.50,          1.85
        2,          3,    5,          1.57,          3.31,       3.00,      30.01,     99.24,          1.90
        2,          3,    6,          1.68,          3.31,       3.15,      31.53,    104.25,          1.83
        2,          3,    7,          2.17,          3.31,       3.28,      32.74,    108.26,          1.95
        2,          4,    1,         -4.02,          3.31,       1.83,      18.33,     60.64,          1.07
        2,          4,    2,         -0.53,          3.31,       2.43,      24.26,     80.25,          1.56
        2,          4,    3,          0.91,          3.31,       2.80,      27.96,     92.48,          1.79
        2,          4,    4,          1.69,          3.31,       3.04,      30.42,    100.61,          1.92
        2,          4,    5,          2.15,          3.31,       3.23,      32.29,    106.78,          1.98
        2,          4,    6,          2.48,          3.31,       3.38,      33.78,    111.71,          2.01
        2,          4,    7,          2.72,          3.31,       3.52,      35.18,    116.31,          2.02
        3,          1,    1,         -5.89,          3.31,       1.52,      15.21,     50.31,          0.97
        3,          1,    2,         -2.69,          3.31,       1.92,      19.20,     63.51,          1.35
        3,          1,    3,         -1.61,          3.31,       2.17,      21.65,     71.61,          1.45
        3,          1,    4,         -0.50,          3.31,       2.35,      23.52,     77.81,          1.65
        3,          1,    5,          0.08,          3.31,       2.53,      25.32,     83.74,          1.70
        3,          1,    6,          0.50,          3.31,       2.68,      26.80,     88.62,          1.73
        3,          1,    7,          0.85,          3.31,       2.82,      28.23,     93.36,          1.75
        3,          2,    1,         -4.89,          3.31,       1.65,      16.46,     54.45,          1.05
        3,          2,    2,         -1.70,          3.31,       2.12,      21.24,     70.27,          1.45
        3,          2,    3,         -0.36,          3.31,       2.43,      24.35,     80.54,          1.62
        3,          2,    4,          0.87,          3.31,       2.68,      26.84,     88.77,          1.88
        3,          2,    5,          1.44,          3.31,       2.88,      28.78,     95.19,          1.95
        3,          2,    6,          1.85,          3.31,       3.04,      30.40,    100.54,          1.99
        3,          2,    7,          2.14,          3.31,       3.18,      31.80,    105.14,          2.01
        3,          3,    1,         -4.06,          3.31,       1.77,      17.70,     58.55,          1.13
        3,          3,    2,         -0.56,          3.31,       2.34,      23.36,     77.26,          1.64
        3,          3,    3,          0.84,          3.31,       2.70,      27.00,     89.29,          1.85
        3,          3,    4,          1.43,          3.31,       2.96,      29.63,     97.99,          1.87
        3,          3,    5,          2.26,          3.31,       3.15,      31.47,    104.05,          2.09
        3,          3,    6,          2.60,          3.31,       3.30,      32.97,    109.01,          2.13
        3,          3,    7,          2.83,          3.31,       3.42,      34.22,    113.17,          2.14
        3,          4,    1,         -3.43,          3.31,       1.90,      19.02,     62.91,          1.16
        3,          4,    2,          0.10,          3.31,       2.55,      25.43,     84.12,          1.69
        3,          4,    3,          1.55,          3.31,       2.93,      29.35,     97.09,          1.95
        3,          4,    4,          2.09,          3.31,       3.19,      31.94,    105.61,          1.97
        3,          4,    5,          2.44,          3.31,       3.38,      33.81,    111.78,          1.99
        3,          4,    6,          3.14,          3.31,       3.54,      35.37,    116.96,          2.21
        3,          4,    7,          3.38,          3.31,       3.68,      36.80,    121.67,          2.22
        4,          1,    1,         -4.86,          3.31,       1.61,      16.10,     53.26,          1.11
        4,          1,    2,         -1.46,          3.31,       2.06,      20.58,     68.08,          1.62
        4,          1,    3,         -0.12,          3.31,       2.33,      23.34,     77.20,          1.83
        4,          1,    4,          0.63,          3.31,       2.54,      25.35,     83.83,          1.93
        4,          1,    5,          1.16,          3.31,       2.72,      27.23,     90.05,          1.97
        4,          1,    6,          1.29,          3.31,       2.88,      28.80,     95.27,          1.88
        4,          1,    7,          1.98,          3.31,       3.03,      30.26,    100.07,          2.07
        4,          2,    1,         -3.85,          3.31,       1.74,      17.43,     57.67,          1.22
        4,          2,    2,         -0.35,          3.31,       2.29,      22.87,     75.64,          1.78
        4,          2,    3,          1.13,          3.31,       2.64,      26.36,     87.18,          2.05
        4,          2,    4,          2.01,          3.31,       2.90,      28.96,     95.78,          2.21
        4,          2,    5,          2.56,          3.31,       3.11,      31.04,    102.64,          2.29
        4,          2,    6,          2.69,          3.31,       3.28,      32.82,    108.53,          2.19
        4,          2,    7,          3.30,          3.31,       3.42,      34.24,    113.19,          2.39
        4,          3,    1,         -3.03,          3.31,       1.89,      18.91,     62.55,          1.28
        4,          3,    2,          0.56,          3.31,       2.53,      25.28,     83.62,          1.90
        4,          3,    3,          2.08,          3.31,       2.93,      29.27,     96.81,          2.21
        4,          3,    4,          2.94,          3.31,       3.21,      32.09,    106.12,          2.39
        4,          3,    5,          3.43,          3.31,       3.41,      34.05,    112.59,          2.48
        4,          3,    6,          3.78,          3.31,       3.57,      35.68,    117.96,          2.53
        4,          3,    7,          3.99,          3.31,       3.70,      37.01,    122.37,          2.54
        4,          4,    1,         -2.65,          3.31,       2.03,      20.36,     67.35,          1.25
        4,          4,    2,          0.85,          3.31,       2.76,      27.57,     91.17,          1.80
        4,          4,    3,          2.73,          3.31,       3.19,      31.89,    105.42,          2.30
        4,          4,    4,          3.54,          3.31,       3.46,      34.62,    114.48,          2.49
        4,          4,    5,          4.00,          3.31,       3.67,      36.73,    121.40,          2.57
        4,          4,    6,          4.33,          3.31,       3.84,      38.41,    126.97,          2.62
        4,          4,    7,          4.57,          3.31,       3.99,      39.93,    131.99,          2.64
        5,          1,    1,         -4.28,          3.31,       1.67,      16.64,     55.05,          1.19
        5,          1,    2,         -1.12,          3.31,       2.15,      21.52,     71.16,          1.63
        5,          1,    3,          0.59,          3.31,       2.44,      24.37,     80.60,          2.01
        5,          1,    4,          1.34,          3.31,       2.65,      26.52,     87.70,          2.13
        5,          1,    5,          1.91,          3.31,       2.85,      28.47,     94.15,          2.21
        5,          1,    6,          2.33,          3.31,       3.01,      30.06,     99.38,          2.26
        5,          1,    7,          2.68,          3.31,       3.16,      31.65,    104.64,          2.29
        5,          2,    1,         -3.23,          3.31,       1.82,      18.18,     60.13,          1.31
        5,          2,    2,          0.33,          3.31,       2.39,      23.93,     79.15,          1.95
        5,          2,    3,          1.71,          3.31,       2.76,      27.61,     91.31,          2.20
        5,          2,    4,          2.37,          3.31,       3.03,      30.33,    100.31,          2.26
        5,          2,    5,          3.32,          3.31,       3.26,      32.59,    107.76,          2.56
        5,          2,    6,          3.73,          3.31,       3.44,      34.35,    113.58,          2.63
        5,          2,    7,          4.03,          3.31,       3.59,      35.85,    118.51,          2.67
        5,          3,    1,         -2.40,          3.31,       1.97,      19.73,     65.25,          1.39
        5,          3,    2,          1.25,          3.31,       2.65,      26.52,     87.72,          2.09
        5,          3,    3,          2.80,          3.31,       3.07,      30.72,    101.57,          2.45
        5,          3,    4,          3.68,          3.31,       3.37,      33.71,    111.46,          2.66
        5,          3,    5,          4.17,          3.31,       3.58,      35.81,    118.39,          2.76
        5,          3,    6,          4.25,          3.31,       3.75,      37.49,    123.93,          2.66
        5,          3,    7,          4.36,          3.31,       3.89,      38.91,    128.62,          2.60
        5,          4,    1,         -1.77,          3.31,       2.13,      21.28,     70.38,          1.42
        5,          4,    2,          1.94,          3.31,       2.90,      28.97,     95.79,          2.17
        5,          4,    3,          3.47,          3.31,       3.35,      33.53,    110.85,          2.55
        5,          4,    4,          4.28,          3.31,       3.65,      36.49,    120.67,          2.76
        5,          4,    5,          4.76,          3.31,       3.87,      38.70,    127.92,          2.87
        5,          4,    6,          5.09,          3.31,       4.04,      40.45,    133.72,          2.93
        5,          4,    7,          5.33,          3.31,       4.20,      42.04,    138.95,          2.96
        6,          1,    1,         -3.51,          3.31,       1.74,      17.40,     57.57,          1.32
        6,          1,    2,         -0.19,          3.31,       2.27,      22.72,     75.13,          1.86
        6,          1,    3,          1.48,          3.31,       2.58,      25.80,     85.33,          2.29
        6,          1,    4,          2.24,          3.31,       2.80,      28.01,     92.62,          2.43
        6,          1,    5,          2.83,          3.31,       3.01,      30.05,     99.38,          2.54
        6,          1,    6,          3.24,          3.31,       3.18,      31.76,    105.04,          2.60
        6,          1,    7,          3.60,          3.31,       3.34,      33.36,    110.30,          2.65
        6,          2,    1,         -2.46,          3.31,       1.90,      19.05,     63.00,          1.45
        6,          2,    2,          0.99,          3.31,       2.53,      25.32,     83.76,          2.09
        6,          2,    3,          2.38,          3.31,       2.93,      29.30,     96.89,          2.37
        6,          2,    4,          3.65,          3.31,       3.23,      32.25,    106.64,          2.80
        6,          2,    5,          4.26,          3.31,       3.45,      34.56,    114.26,          2.94
        6,          2,    6,          4.68,          3.31,       3.65,      36.51,    120.72,          3.03
        6,          2,    7,          4.98,          3.31,       3.81,      38.12,    126.02,          3.08
        6,          3,    1,         -1.63,          3.31,       2.07,      20.68,     68.42,          1.54
        6,          3,    2,          2.15,          3.31,       2.81,      28.12,     92.98,          2.37
        6,          3,    3,          3.57,          3.31,       3.27,      32.69,    108.09,          2.70
        6,          3,    4,          4.27,          3.31,       3.59,      35.87,    118.60,          2.82
        6,          3,    5,          5.14,          3.31,       3.82,      38.22,    126.35,          3.19
        6,          3,    6,          5.50,          3.31,       4.00,      40.04,    132.33,          3.27
        6,          3,    7,          5.74,          3.31,       4.15,      41.53,    137.28,          3.30
        6,          4,    1,         -0.99,          3.31,       2.24,      22.36,     73.98,          1.58
        6,          4,    2,          2.85,          3.31,       3.08,      30.76,    101.71,          2.47
        6,          4,    3,          4.42,          3.31,       3.57,      35.71,    118.06,          2.93
        6,          4,    4,          5.14,          3.31,       3.90,      38.98,    128.86,          3.10
        6,          4,    5,          5.40,          3.31,       4.13,      41.32,    136.55,          3.07
        6,          4,    6,          6.08,          3.30,       4.32,      43.20,    142.76,          3.40
        6,          4,    7,          6.32,          3.30,       4.48,      44.84,    148.18,          3.44
        7,          1,    1,         -2.68,          3.31,       1.82,      18.24,     60.34,          1.48
        7,          1,    2,          1.06,          3.31,       2.40,      24.01,     79.42,          2.30
        7,          1,    3,          2.49,          3.31,       2.74,      27.38,     90.55,          2.67
        7,          1,    4,          3.26,          3.31,       2.97,      29.73,     98.30,          2.85
        7,          1,    5,          3.82,          3.31,       3.19,      31.93,    105.59,          2.95
        7,          1,    6,          3.94,          3.31,       3.37,      33.67,    111.32,          2.83
        7,          1,    7,          4.64,          3.31,       3.54,      35.42,    117.13,          3.12
        7,          2,    1,         -1.62,          3.31,       2.00,      19.97,     66.08,          1.63
        7,          2,    2,          2.20,          3.31,       2.69,      26.89,     88.95,          2.55
        7,          2,    3,          3.78,          3.31,       3.12,      31.16,    103.04,          3.02
        7,          2,    4,          4.69,          3.31,       3.43,      34.29,    113.37,          3.29
        7,          2,    5,          5.31,          3.31,       3.69,      36.93,    122.08,          3.46
        7,          2,    6,          5.55,          3.31,       3.90,      39.02,    128.99,          3.42
        7,          2,    7,          5.69,          3.31,       4.08,      40.78,    134.77,          3.34
        7,          3,    1,         -1.15,          3.31,       2.17,      21.76,     71.97,          1.59
        7,          3,    2,          3.15,          3.31,       2.99,      29.90,     98.88,          2.75
        7,          3,    3,          4.78,          3.31,       3.50,      34.94,    115.53,          3.27
        7,          3,    4,          5.69,          3.31,       3.85,      38.46,    127.13,          3.58
        7,          3,    5,          6.22,          3.31,       4.10,      40.99,    135.47,          3.75
        7,          3,    6,          6.58,          3.30,       4.30,      42.99,    142.08,          3.85
        7,          3,    7,          6.81,          3.31,       4.45,      44.53,    147.19,          3.88
        7,          4,    1,         -0.34,          3.31,       2.36,      23.55,     77.90,          1.71
        7,          4,    2,          3.50,          3.31,       3.28,      32.86,    108.65,          2.64
        7,          4,    3,          5.48,          3.31,       3.84,      38.41,    126.98,          3.42
        7,          4,    4,          6.34,          3.31,       4.20,      41.99,    138.79,          3.74
        7,          4,    5,          6.84,          3.30,       4.45,      44.48,    147.00,          3.92
        7,          4,    6,          7.17,          3.30,       4.65,      46.52,    153.72,          4.01
        7,          4,    7,          7.41,          3.30,       4.82,      48.24,    159.39,          4.07
        8,          1,    1,         -1.95,          3.31,       1.89,      18.89,     62.48,          1.66
        8,          1,    2,          1.92,          3.31,       2.53,      25.24,     83.49,          2.61
        8,          1,    3,          3.10,          3.31,       2.89,      28.86,     95.44,          2.86
        8,          1,    4,          3.79,          3.31,       3.13,      31.34,    103.65,          3.00
        8,          1,    5,          4.77,          3.31,       3.37,      33.68,    111.36,          3.43
        8,          1,    6,          5.19,          3.31,       3.56,      35.57,    117.63,          3.52
        8,          1,    7,          5.55,          3.31,       3.74,      37.40,    123.65,          3.60
        8,          2,    1,         -0.87,          3.31,       2.07,      20.69,     68.46,          1.83
        8,          2,    2,          3.08,          3.31,       2.84,      28.32,     93.67,          2.91
        8,          2,    3,          4.68,          3.31,       3.30,      33.00,    109.12,          3.45
        8,          2,    4,          5.55,          3.31,       3.64,      36.40,    120.34,          3.72
        8,          2,    5,          5.90,          3.31,       3.92,      39.24,    129.71,          3.67
        8,          2,    6,          6.68,          3.31,       4.15,      41.51,    137.22,          4.10
        8,          2,    7,          6.99,          3.31,       4.34,      43.35,    143.27,          4.19
        8,          3,    1,         -0.01,          3.31,       2.26,      22.63,     74.85,          1.95
        8,          3,    2,          4.03,          3.31,       3.16,      31.58,    104.42,          3.14
        8,          3,    3,          5.69,          3.31,       3.71,      37.07,    122.54,          3.76
        8,          3,    4,          6.60,          3.31,       4.10,      40.95,    135.37,          4.10
        8,          3,    5,          6.88,          3.30,       4.37,      43.72,    144.50,          4.04
        8,          3,    6,          7.54,          3.30,       4.59,      45.94,    151.81,          4.44
        8,          3,    7,          7.79,          3.30,       4.76,      47.53,    157.05,          4.51
        8,          4,    1,          0.64,          3.31,       2.46,      24.55,     81.18,          2.02
        8,          4,    2,          4.75,          3.31,       3.47,      34.75,    114.90,          3.28
        8,          4,    3,          6.42,          3.31,       4.08,      40.82,    134.94,          3.94
        8,          4,    4,          7.29,          3.30,       4.48,      44.80,    148.08,          4.31
        8,          4,    5,          7.75,          3.30,       4.76,      47.60,    157.27,          4.46
        8,          4,    6,          7.79,          3.30,       4.97,      49.73,    164.34,          4.28
        8,          4,    7,          8.38,          3.30,       5.16,      51.62,    170.58,          4.69
        9,          1,    1,         -1.22,          3.31,       1.95,      19.50,     64.51,          1.86
        9,          1,    2,          2.79,          3.31,       2.65,      26.51,     87.69,          2.98
        9,          1,    3,          4.30,          3.31,       3.05,      30.48,    100.81,          3.50
        9,          1,    4,          5.09,          3.31,       3.32,      33.19,    109.76,          3.76
        9,          1,    5,          5.69,          3.31,       3.57,      35.68,    117.94,          3.95
        9,          1,    6,          6.10,          3.31,       3.77,      37.64,    124.43,          4.05
        9,          1,    7,          6.15,          3.31,       3.97,      39.67,    131.13,          3.84
        9,          2,    1,         -0.47,          3.31,       2.15,      21.46,     70.99,          1.91
        9,          2,    2,          3.96,          3.31,       2.99,      29.85,     98.72,          3.32
        9,          2,    3,          5.61,          3.31,       3.49,      34.91,    115.43,          3.97
        9,          2,    4,          6.54,          3.31,       3.87,      38.65,    127.77,          4.34
        9,          2,    5,          7.19,          3.31,       4.18,      41.79,    138.11,          4.59
        9,          2,    6,          7.64,          3.30,       4.42,      44.21,    146.09,          4.75
        9,          2,    7,          7.96,          3.30,       4.63,      46.27,    152.93,          4.85
        9,          3,    1,          0.70,          3.31,       2.35,      23.48,     77.66,          2.18
        9,          3,    2,          4.58,          3.31,       3.34,      33.35,    110.28,          3.33
        9,          3,    3,          6.64,          3.31,       3.94,      39.42,    130.31,          4.33
        9,          3,    4,          7.58,          3.31,       4.37,      43.67,    144.35,          4.76
        9,          3,    5,          8.16,          3.30,       4.68,      46.78,    154.60,          5.00
        9,          3,    6,          8.54,          3.30,       4.91,      49.10,    162.28,          5.16
        9,          3,    7,          8.79,          3.30,       5.09,      50.93,    168.29,          5.24
        9,          4,    1,          1.43,          3.31,       2.56,      25.55,     84.50,          2.29
        9,          4,    2,          5.66,          3.31,       3.68,      36.74,    121.47,          3.77
        9,          4,    3,          7.34,          3.31,       4.36,      43.55,    143.94,          4.52
        9,          4,    4,          7.97,          3.30,       4.80,      47.93,    158.39,          4.65
        9,          4,    5,          8.79,          3.30,       5.10,      51.05,    168.70,          5.23
        9,          4,    6,          9.14,          3.30,       5.34,      53.44,    176.58,          5.37
        9,          4,    7,          9.39,          3.30,       5.55,      55.46,    183.23,          5.45
       10,          1,    1,         -0.57,          3.31,       2.00,      19.98,     66.10,          2.08
       10,          1,    2,          3.56,          3.31,       2.76,      27.61,     91.32,          3.37
       10,          1,    3,          5.11,          3.31,       3.20,      31.96,    105.70,          3.97
       10,          1,    4,          5.87,          3.31,       3.48,      34.81,    115.09,          4.24
       10,          1,    5,          6.18,          3.31,       3.75,      37.47,    123.86,          4.15
       10,          1,    6,          6.94,          3.31,       3.97,      39.64,    131.03,          4.61
       10,          1,    7,          7.31,          3.31,       4.18,      41.75,    137.98,          4.72
       10,          2,    1,          0.55,          3.31,       2.20,      22.01,     72.79,          2.32
       10,          2,    2,          4.73,          3.31,       3.11,      31.12,    102.92,          3.76
       10,          2,    3,          6.42,          3.31,       3.67,      36.71,    121.39,          4.50
       10,          2,    4,          7.35,          3.31,       4.07,      40.71,    134.55,          4.91
       10,          2,    5,          7.77,          3.31,       4.41,      44.10,    145.76,          4.91
       10,          2,    6,          8.48,          3.30,       4.67,      46.74,    154.47,          5.40
       10,          2,    7,          8.82,          3.30,       4.90,      49.00,    161.94,          5.52
       10,          3,    1,          1.44,          3.31,       2.41,      24.11,     79.73,          2.50
       10,          3,    2,          5.70,          3.31,       3.49,      34.89,    115.39,          4.07
       10,          3,    3,          7.46,          3.31,       4.16,      41.63,    137.60,          4.91
       10,          3,    4,          8.43,          3.30,       4.63,      46.28,    152.93,          5.40
       10,          3,    5,          8.98,          3.30,       4.97,      49.69,    164.19,          5.65
       10,          3,    6,          9.07,          3.30,       5.23,      52.30,    172.82,          5.43
       10,          3,    7,          9.68,          3.30,       5.43,      54.27,    179.33,          5.98
       10,          4,    1,          2.13,          3.31,       2.64,      26.34,     87.13,          2.58
       10,          4,    2,          6.45,          3.31,       3.86,      38.60,    127.58,          4.26
       10,          4,    3,          8.22,          3.30,       4.62,      46.15,    152.53,          5.16
       10,          4,    4,          9.14,          3.30,       5.10,      51.00,    168.51,          5.67
       10,          4,    5,          9.67,          3.30,       5.45,      54.48,    180.00,          5.94
       10,          4,    6,          9.75,          3.30,       5.71,      57.05,    188.50,          5.73
       10,          4,    7,         10.29,          3.30,       5.93,      59.24,    195.72,          6.22
       11,          1,    1,          0.06,          3.31,       2.03,      20.34,     67.29,          2.34
       11,          1,    2,          4.28,          3.31,       2.87,      28.73,     95.00,          3.77
       11,          1,    3,          5.89,          3.31,       3.35,      33.45,    110.60,          4.48
       11,          1,    4,          6.70,          3.31,       3.65,      36.53,    120.78,          4.84
       11,          1,    5,          7.32,          3.31,       3.94,      39.41,    130.29,          5.08
       11,          1,    6,          7.74,          3.31,       4.17,      41.69,    137.80,          5.22
       11,          1,    7,          8.08,          3.30,       4.39,      43.86,    144.94,          5.31
       11,          2,    1,          0.98,          3.31,       2.25,      22.49,     74.39,          2.48
       11,          2,    2,          5.07,          3.31,       3.25,      32.45,    107.29,          3.86
       11,          2,    3,          7.18,          3.31,       3.85,      38.54,    127.40,          5.05
       11,          2,    4,          8.14,          3.31,       4.28,      42.84,    141.59,          5.54
       11,          2,    5,          8.82,          3.30,       4.65,      46.51,    153.69,          5.87
       11,          2,    6,          9.28,          3.30,       4.94,      49.37,    163.15,          6.09
       11,          2,    7,          9.63,          3.30,       5.18,      51.85,    171.31,          6.24
       11,          3,    1,          2.06,          3.31,       2.48,      24.78,     81.95,          2.77
       11,          3,    2,          6.15,          3.31,       3.64,      36.41,    120.39,          4.27
       11,          3,    3,          7.86,          3.31,       4.38,      43.80,    144.77,          5.05
       11,          3,    4,          9.22,          3.30,       4.89,      48.88,    161.52,          6.07
       11,          3,    5,          9.84,          3.30,       5.27,      52.73,    174.22,          6.41
       11,          3,    6,         10.25,          3.30,       5.56,      55.59,    183.67,          6.63
       11,          3,    7,         10.52,          3.30,       5.78,      57.75,    190.82,          6.75
       11,          4,    1,          2.74,          3.31,       2.70,      26.99,     89.27,          2.88
       11,          4,    2,          7.16,          3.31,       4.04,      40.40,    133.54,          4.75
       11,          4,    3,          8.98,          3.30,       4.87,      48.75,    161.08,          5.76
       11,          4,    4,          9.68,          3.30,       5.42,      54.17,    178.99,          5.99
       11,          4,    5,         10.15,          3.30,       5.81,      58.07,    191.87,          6.17
       11,          4,    6,         10.89,          3.30,       6.09,      60.92,    201.27,          6.92
       11,          4,    7,         11.15,          3.30,       6.33,      63.25,    208.97,          7.05
       12,          1,    1,          0.64,          3.31,       2.07,      20.75,     68.65,          2.60
       12,          1,    2,          4.99,          3.31,       2.99,      29.91,     98.90,          4.22
       12,          1,    3,          6.68,          3.31,       3.51,      35.12,    116.09,          5.06
       12,          1,    4,          7.52,          3.31,       3.85,      38.53,    127.37,          5.47
       12,          1,    5,          7.89,          3.31,       4.16,      41.59,    137.48,          5.42
       12,          1,    6,          8.22,          3.30,       4.40,      43.95,    145.24,          5.48
       12,          1,    7,          8.96,          3.30,       4.64,      46.34,    153.15,          6.10
       12,          2,    1,          1.76,          3.31,       2.30,      23.00,     76.07,          2.89
       12,          2,    2,          6.15,          3.31,       3.38,      33.83,    111.86,          4.69
       12,          2,    3,          7.96,          3.31,       4.05,      40.53,    133.99,          5.69
       12,          2,    4,          8.95,          3.30,       4.53,      45.26,    149.56,          6.25
       12,          2,    5,          9.64,          3.30,       4.93,      49.26,    162.76,          6.63
       12,          2,    6,          9.81,          3.30,       5.24,      52.42,    173.22,          6.42
       12,          2,    7,         10.49,          3.30,       5.52,      55.16,    182.23,          7.08
       12,          3,    1,          2.65,          3.31,       2.53,      25.31,     83.71,          3.08
       12,          3,    2,          7.11,          3.31,       3.80,      38.04,    125.76,          5.05
       12,          3,    3,          9.01,          3.30,       4.62,      46.21,    152.70,          6.18
       12,          3,    4,         10.04,          3.30,       5.19,      51.88,    171.43,          6.84
       12,          3,    5,         10.69,          3.30,       5.62,      56.20,    185.70,          7.26
       12,          3,    6,         11.12,          3.30,       5.94,      59.45,    196.41,          7.50
       12,          3,    7,         11.41,          3.30,       6.19,      61.89,    204.49,          7.66
       12,          4,    1,          3.32,          3.31,       2.76,      27.61,     91.30,          3.19
       12,          4,    2,          7.54,          3.31,       4.23,      42.26,    139.68,          4.90
       12,          4,    3,          9.80,          3.30,       5.16,      51.64,    170.66,          6.51
       12,          4,    4,         10.80,          3.30,       5.78,      57.77,    190.87,          7.21
       12,          4,    5,         11.41,          3.30,       6.22,      62.23,    205.60,          7.61
       12,          4,    6,         11.79,          3.30,       6.54,      65.33,    215.84,          7.87
       12,          4,    7,         12.06,          3.30,       6.78,      67.80,    224.01,          8.03
       13,          1,    1,          1.20,          3.31,       2.12,      21.19,     70.09,          2.87
       13,          1,    2,          5.68,          3.31,       3.11,      31.09,    102.84,          4.71
       13,          1,    3,          7.49,          3.31,       3.71,      37.06,    122.53,          5.70
       13,          1,    4,          8.20,          3.31,       4.08,      40.79,    134.85,          5.97
       13,          1,    5,          8.65,          3.30,       4.41,      44.07,    145.66,          6.04
       13,          1,    6,          9.46,          3.30,       4.67,      46.70,    154.32,          6.79
       13,          1,    7,          9.86,          3.30,       4.93,      49.26,    162.76,          6.99
       13,          2,    1,          2.33,          3.31,       2.35,      23.45,     77.58,          3.19
       13,          2,    2,          6.84,          3.31,       3.53,      35.28,    116.65,          5.23
       13,          2,    3,          8.77,          3.31,       4.28,      42.82,    141.52,          6.41
       13,          2,    4,          9.79,          3.30,       4.80,      47.96,    158.48,          7.09
       13,          2,    5,         10.52,          3.30,       5.25,      52.49,    173.44,          7.55
       13,          2,    6,         10.80,          3.30,       5.60,      55.97,    184.91,          7.48
       13,          2,    7,         11.06,          3.30,       5.90,      59.06,    195.12,          7.46
       13,          3,    1,          3.21,          3.31,       2.58,      25.82,     85.41,          3.42
       13,          3,    2,          7.80,          3.31,       3.97,      39.72,    131.30,          5.62
       13,          3,    3,          9.82,          3.30,       4.89,      48.92,    161.65,          6.97
       13,          3,    4,         10.90,          3.30,       5.53,      55.29,    182.70,          7.75
       13,          3,    5,         11.60,          3.30,       6.03,      60.31,    199.25,          8.25
       13,          3,    6,         12.05,          3.30,       6.39,      63.87,    211.03,          8.57
       13,          3,    7,         12.27,          3.30,       6.66,      66.62,    220.13,          8.61
       13,          4,    1,          3.56,          3.31,       2.82,      28.22,     93.33,          3.27
       13,          4,    2,          8.55,          3.31,       4.42,      44.15,    145.92,          5.87
       13,          4,    3,         10.62,          3.30,       5.49,      54.88,    181.34,          7.33
       13,          4,    4,         11.69,          3.30,       6.20,      61.96,    204.72,          8.16
       13,          4,    5,         12.34,          3.30,       6.70,      66.96,    221.23,          8.69
       13,          4,    6,         12.74,          3.30,       7.05,      70.48,    232.86,          9.01
       13,          4,    7,         13.03,          3.30,       7.33,      73.27,    242.05,          9.22
       14,          1,    1,          1.64,          3.31,       2.15,      21.50,     71.12,          3.11
       14,          1,    2,          6.21,          3.31,       3.22,      32.19,    106.45,          5.08
       14,          1,    3,          7.87,          3.31,       3.89,      38.87,    128.48,          5.88
       14,          1,    4,          9.10,          3.31,       4.30,      42.98,    142.06,          6.89
       14,          1,    5,          9.77,          3.30,       4.65,      46.54,    153.82,          7.32
       14,          1,    6,         10.22,          3.30,       4.93,      49.27,    162.83,          7.59
       14,          1,    7,         10.63,          3.30,       5.21,      52.08,    172.10,          7.82
       14,          2,    1,          2.74,          3.31,       2.38,      23.83,     78.80,          3.44
       14,          2,    2,          7.40,          3.31,       3.65,      36.53,    120.77,          5.68
       14,          2,    3,          9.39,          3.30,       4.50,      44.96,    148.59,          6.99
       14,          2,    4,         10.19,          3.30,       5.06,      50.58,    167.14,          7.30
       14,          2,    5,         11.28,          3.30,       5.55,      55.51,    183.42,          8.43
       14,          2,    6,         11.79,          3.30,       5.93,      59.33,    196.02,          8.79
       14,          2,    7,         12.20,          3.30,       6.27,      62.66,    207.05,          9.08
       14,          3,    1,          3.59,          3.31,       2.63,      26.30,     87.00,          3.64
       14,          3,    2,          8.33,          3.31,       4.11,      41.09,    135.81,          6.10
       14,          3,    3,         10.23,          3.30,       5.14,      51.36,    169.71,          7.24
       14,          3,    4,         11.63,          3.30,       5.85,      58.48,    193.23,          8.60
       14,          3,    5,         12.38,          3.30,       6.40,      64.00,    211.44,          9.23
       14,          3,    6,         12.86,          3.30,       6.80,      67.92,    224.41,          9.64
       14,          3,    7,         13.19,          3.30,       7.10,      70.95,    234.39,          9.92
       14,          4,    1,          4.23,          3.31,       2.87,      28.70,     94.92,          3.74
       14,          4,    2,          9.08,          3.30,       4.57,      45.75,    151.19,          6.36
       14,          4,    3,         11.27,          3.30,       5.78,      57.77,    190.87,          8.03
       14,          4,    4,         12.12,          3.30,       6.57,      65.69,    217.05,          8.44
       14,          4,    5,         13.15,          3.30,       7.13,      71.32,    235.62,          9.75
       14,          4,    6,         13.58,          3.30,       7.50,      75.01,    247.78,         10.19
       14,          4,    7,         13.88,          3.30,       7.79,      77.93,    257.43,         10.47
       15,          1,    1,          1.90,          3.31,       2.18,      21.79,     72.09,          3.24
       15,          1,    2,          6.70,          3.31,       3.32,      33.13,    109.57,          5.49
       15,          1,    3,          8.79,          3.31,       4.06,      40.64,    134.33,          6.88
       15,          1,    4,          9.76,          3.30,       4.52,      45.21,    149.41,          7.57
       15,          1,    5,         10.15,          3.30,       4.90,      48.98,    161.85,          7.54
       15,          1,    6,         10.93,          3.30,       5.20,      51.98,    171.77,          8.40
       15,          1,    7,         11.35,          3.30,       5.49,      54.92,    181.47,          8.69
       15,          2,    1,          2.98,          3.31,       2.42,      24.20,     80.05,          3.56
       15,          2,    2,          7.86,          3.31,       3.76,      37.57,    124.20,          6.11
       15,          2,    3,         10.05,          3.30,       4.70,      46.95,    155.16,          7.73
       15,          2,    4,         11.18,          3.30,       5.32,      53.15,    175.63,          8.67
       15,          2,    5,         11.99,          3.30,       5.85,      58.49,    193.25,          9.35
       15,          2,    6,         12.53,          3.30,       6.25,      62.48,    206.44,          9.82
       15,          2,    7,         12.70,          3.30,       6.59,      65.90,    217.73,          9.63
       15,          3,    1,          3.45,          3.31,       2.67,      26.64,     88.13,          3.47
       15,          3,    2,          8.79,          3.31,       4.23,      42.33,    139.92,          6.55
       15,          3,    3,         11.10,          3.30,       5.38,      53.76,    177.63,          8.39
       15,          3,    4,         12.31,          3.30,       6.14,      61.44,    202.99,          9.52
       15,          3,    5,         13.12,          3.30,       6.73,      67.28,    222.29,         10.36
       15,          3,    6,         13.63,          3.30,       7.13,      71.25,    235.40,         10.92
       15,          3,    7,         13.91,          3.30,       7.43,      74.28,    245.38,         11.12
       15,          4,    1,          4.07,          3.31,       2.91,      29.09,     96.20,          3.55
       15,          4,    2,          9.51,          3.30,       4.70,      47.01,    155.36,          6.81
       15,          4,    3,         11.90,          3.30,       6.05,      60.55,    200.05,          8.81
       15,          4,    4,         13.15,          3.30,       6.91,      69.08,    228.22,         10.12
       15,          4,    5,         13.93,          3.30,       7.49,      74.89,    247.40,         11.07
       15,          4,    6,         14.40,          3.30,       7.89,      78.83,    260.41,         11.65
       15,          4,    7,         14.67,          3.30,       8.19,      81.91,    270.53,         11.90
       16,          1,    1,          1.88,          3.31,       2.21,      22.05,     72.95,          3.18
       16,          1,    2,          6.76,          3.31,       3.40,      34.00,    112.43,          5.39
       16,          1,    3,          9.41,          3.31,       4.25,      42.54,    140.61,          7.52
       16,          1,    4,         10.48,          3.30,       4.75,      47.55,    157.12,          8.42
       16,          1,    5,         11.22,          3.30,       5.16,      51.56,    170.36,          9.08
       16,          1,    6,         11.72,          3.30,       5.46,      54.57,    180.31,          9.52
       16,          1,    7,         12.17,          3.30,       5.76,      57.58,    190.24,          9.93
       16,          2,    1,          3.17,          3.31,       2.45,      24.48,     80.99,          3.66
       16,          2,    2,          8.26,          3.31,       3.86,      38.64,    127.74,          6.47
       16,          2,    3,         10.34,          3.30,       4.91,      49.07,    162.16,          7.85
       16,          2,    4,         11.54,          3.30,       5.58,      55.74,    184.17,          8.91
       16,          2,    5,         12.80,          3.30,       6.12,      61.17,    202.11,         10.71
       16,          2,    6,         13.38,          3.30,       6.53,      65.28,    215.66,         11.37
       16,          2,    7,         13.82,          3.30,       6.88,      68.77,    227.21,         11.89
       16,          3,    1,          3.99,          3.31,       2.70,      27.01,     89.32,          3.86
       16,          3,    2,          9.21,          3.31,       4.34,      43.41,    143.49,          6.99
       16,          3,    3,         11.68,          3.30,       5.60,      56.03,    185.13,          9.16
       16,          3,    4,         12.76,          3.30,       6.42,      64.20,    212.13,         10.06
       16,          3,    5,         13.97,          3.30,       7.03,      70.27,    232.15,         12.00
       16,          3,    6,         14.50,          3.30,       7.45,      74.45,    245.95,         12.72
       16,          3,    7,         14.87,          3.30,       7.78,      77.74,    256.80,         13.20
       16,          4,    1,          4.60,          3.31,       2.95,      29.48,     97.48,          3.94
       16,          4,    2,          9.90,          3.30,       4.82,      48.21,    159.32,          7.23
       16,          4,    3,         12.55,          3.30,       6.30,      63.00,    208.17,          9.78
       16,          4,    4,         13.99,          3.30,       7.23,      72.28,    238.81,         11.69
       16,          4,    5,         14.82,          3.30,       7.88,      78.82,    260.34,         12.85
       16,          4,    6,         15.08,          3.30,       8.31,      83.09,    274.36,         12.87
       16,          4,    7,         15.31,          3.30,       8.65,      86.49,    285.56,         12.98
       17,          1,    1,          2.24,          3.31,       2.23,      22.27,     73.67,          3.41
       17,          1,    2,          7.49,          3.31,       3.47,      34.75,    114.89,          6.20
       17,          1,    3,         10.00,          3.30,       4.40,      44.00,    145.43,          8.26
       17,          1,    4,         11.20,          3.30,       4.93,      49.27,    162.80,          9.54
       17,          1,    5,         12.00,          3.30,       5.35,      53.48,    176.68,         10.41
       17,          1,    6,         12.52,          3.30,       5.66,      56.62,    187.06,         10.98
       17,          1,    7,         12.93,          3.30,       5.97,      59.75,    197.42,         11.34
       17,          2,    1,          3.04,          3.31,       2.48,      24.81,     82.07,          3.50
       17,          2,    2,          8.23,          3.31,       3.95,      39.45,    130.43,          6.27
       17,          2,    3,         11.32,          3.30,       5.07,      50.68,    167.48,          9.48
       17,          2,    4,         12.70,          3.30,       5.78,      57.75,    190.80,         11.20
       17,          2,    5,         13.62,          3.30,       6.35,      63.52,    209.87,         12.40
       17,          2,    6,         14.20,          3.30,       6.77,      67.72,    223.74,         13.21
       17,          2,    7,         14.66,          3.30,       7.14,      71.40,    235.90,         13.84
       17,          3,    1,          4.14,          3.31,       2.73,      27.28,     90.22,          3.94
       17,          3,    2,          9.52,          3.30,       4.43,      44.29,    146.38,          7.34
       17,          3,    3,         12.40,          3.30,       5.78,      57.77,    190.87,         10.44
       17,          3,    4,         13.62,          3.30,       6.67,      66.67,    220.28,         11.74
       17,          3,    5,         14.85,          3.30,       7.33,      73.27,    242.05,         14.02
       17,          3,    6,         15.40,          3.30,       7.79,      77.91,    257.34,         14.89
       17,          3,    7,         15.79,          3.30,       8.15,      81.55,    269.31,         15.47
       17,          4,    1,          4.75,          3.31,       2.98,      29.79,     98.53,          4.02
       17,          4,    2,         10.19,          3.30,       4.91,      49.14,    162.37,          7.57
       17,          4,    3,         13.27,          3.30,       6.50,      64.98,    214.69,         11.16
       17,          4,    4,         14.84,          3.30,       7.55,      75.43,    249.17,         13.55
       17,          4,    5,         15.52,          3.30,       8.29,      82.84,    273.56,         14.29
       17,          4,    6,         16.30,          3.30,       8.76,      87.59,    289.17,         16.10
       17,          4,    7,         16.65,          3.30,       9.14,      91.35,    301.53,         16.69
       18,          1,    1,          2.40,          3.31,       2.25,      22.54,     74.54,          3.48
       18,          1,    2,          7.90,          3.31,       3.54,      35.38,    116.99,          6.67
       18,          1,    3,         10.82,          3.30,       4.52,      45.24,    149.51,          9.67
       18,          1,    4,         12.14,          3.30,       5.10,      50.98,    168.46,         11.37
       18,          1,    5,         12.96,          3.30,       5.56,      55.58,    183.65,         12.43
       18,          1,    6,         13.22,          3.30,       5.89,      58.94,    194.72,         12.34
       18,          1,    7,         13.56,          3.30,       6.22,      62.22,    205.58,         12.54
       18,          2,    1,          3.12,          3.31,       2.51,      25.09,     82.99,          3.51
       18,          2,    2,          9.12,          3.31,       4.02,      40.18,    132.83,          7.55
       18,          2,    3,         12.19,          3.30,       5.22,      52.22,    172.56,         11.19
       18,          2,    4,         13.68,          3.30,       6.01,      60.11,    198.63,         13.40
       18,          2,    5,         14.64,          3.30,       6.64,      66.39,    219.33,         14.93
       18,          2,    6,         15.24,          3.30,       7.10,      71.00,    234.56,         15.93
       18,          2,    7,         15.67,          3.30,       7.50,      75.07,    248.01,         16.53
       18,          3,    1,          4.04,          3.31,       2.76,      27.61,     91.31,          3.79
       18,          3,    2,          9.69,          3.30,       4.51,      45.09,    149.02,          7.47
       18,          3,    3,         13.29,          3.30,       5.96,      59.57,    196.83,         12.38
       18,          3,    4,         14.92,          3.30,       6.97,      69.63,    230.04,         15.11
       18,          3,    5,         15.91,          3.30,       7.73,      77.30,    255.34,         16.91
       18,          3,    6,         16.50,          3.30,       8.26,      82.64,    272.91,         17.97
       18,          3,    7,         16.90,          3.30,       8.67,      86.74,    286.40,         18.70
       18,          4,    1,          4.90,          3.31,       3.01,      30.13,     99.66,          4.11
       18,          4,    2,         10.49,          3.30,       4.99,      49.93,    164.99,          7.96
       18,          4,    3,         13.73,          3.30,       6.70,      66.99,    221.31,         11.99
       18,          4,    4,         15.84,          3.30,       7.92,      79.16,    261.47,         16.20
       18,          4,    5,         16.84,          3.30,       8.78,      87.79,    289.84,         18.21
       18,          4,    6,         17.39,          3.30,       9.34,      93.37,    308.15,         19.32
       18,          4,    7,         17.76,          3.30,       9.76,      97.63,    322.19,         20.06
       19,          1,    1,          2.62,          3.31,       2.28,      22.77,     75.30,          3.62
       19,          1,    2,          8.59,          3.31,       3.58,      35.74,    118.17,          7.73
       19,          1,    3,         11.36,          3.30,       4.63,      46.24,    152.83,         10.69
       19,          1,    4,         13.13,          3.30,       5.29,      52.93,    174.90,         13.68
       19,          1,    5,         14.02,          3.30,       5.81,      58.05,    191.81,         15.09
       19,          1,    6,         14.57,          3.30,       6.19,      61.84,    204.31,         15.95
       19,          1,    7,         15.05,          3.30,       6.55,      65.51,    216.45,         16.67
       19,          2,    1,          3.76,          3.31,       2.53,      25.35,     83.85,          4.01
       19,          2,    2,          9.89,          3.31,       4.07,      40.68,    134.46,          8.88
       19,          2,    3,         13.07,          3.30,       5.36,      53.59,    177.08,         13.30
       19,          2,    4,         14.68,          3.30,       6.27,      62.71,    207.21,         16.08
       19,          2,    5,         15.68,          3.30,       6.98,      69.84,    230.76,         17.93
       19,          2,    6,         16.01,          3.30,       7.51,      75.10,    248.08,         17.84
       19,          2,    7,         16.84,          3.30,       7.98,      79.79,    263.55,         20.20
       19,          3,    1,          4.61,          3.31,       2.79,      27.88,     92.21,          4.27
       19,          3,    2,         10.84,          3.30,       4.57,      45.70,    151.02,          9.59
       19,          3,    3,         14.11,          3.30,       6.12,      61.16,    202.07,         14.51
       19,          3,    4,         15.86,          3.30,       7.28,      72.75,    240.34,         17.88
       19,          3,    5,         16.93,          3.30,       8.17,      81.72,    269.87,         20.12
       19,          3,    6,         17.38,          3.30,       8.78,      87.79,    289.83,         20.60
       19,          3,    7,         17.60,          3.30,       9.26,      92.57,    305.53,         20.47
       19,          4,    1,          4.86,          3.31,       3.04,      30.40,    100.55,          4.03
       19,          4,    2,         11.51,          3.30,       5.07,      50.66,    167.41,          9.91
       19,          4,    3,         14.83,          3.30,       6.87,      68.68,    226.89,         15.02
       19,          4,    4,         16.69,          3.30,       8.25,      82.51,    272.49,         18.82
       19,          4,    5,         17.81,          3.30,       9.30,      92.97,    306.86,         21.40
       19,          4,    6,         18.42,          3.30,       9.96,      99.56,    328.58,         22.86
       19,          4,    7,         18.82,          3.30,      10.46,     104.56,    345.07,         23.80
       20,          1,    1,          3.58,          3.31,       2.29,      22.95,     75.92,          4.47
       20,          1,    2,          9.23,          3.31,       3.62,      36.17,    119.60,          8.85
       20,          1,    3,         12.03,          3.30,       4.74,      47.43,    156.76,         12.10
       20,          1,    4,         13.98,          3.30,       5.53,      55.29,    182.69,         15.84
       20,          1,    5,         14.94,          3.30,       6.12,      61.15,    202.04,         17.60
       20,          1,    6,         15.51,          3.30,       6.54,      65.39,    216.03,         18.61
       20,          1,    7,         15.99,          3.30,       6.92,      69.23,    228.74,         19.49
       20,          2,    1,          4.79,          3.31,       2.55,      25.56,     84.54,          5.04
       20,          2,    2,         10.69,          3.31,       4.12,      41.23,    136.28,         10.51
       20,          2,    3,         13.54,          3.30,       5.51,      55.02,    181.81,         14.40
       20,          2,    4,         15.11,          3.30,       6.55,      65.45,    216.24,         16.96
       20,          2,    5,         16.61,          3.30,       7.36,      73.65,    243.31,         20.98
       20,          2,    6,         17.28,          3.30,       7.95,      79.55,    262.74,         22.45
       20,          2,    7,         17.79,          3.30,       8.47,      84.65,    279.51,         23.58
       20,          3,    1,          5.67,          3.31,       2.82,      28.16,     93.16,          5.40
       20,          3,    2,         11.63,          3.30,       4.64,      46.37,    153.24,         11.33
       20,          3,    3,         14.79,          3.30,       6.27,      62.66,    207.01,         16.53
       20,          3,    4,         16.38,          3.30,       7.56,      75.55,    249.56,         19.35
       20,          3,    5,         17.45,          3.30,       8.60,      86.04,    284.07,         21.45
       20,          3,    6,         18.49,          3.30,       9.31,      93.11,    307.33,         25.01
       20,          3,    7,         18.95,          3.30,       9.86,      98.57,    325.29,         26.13
       20,          4,    1,          6.26,          3.31,       3.07,      30.72,    101.59,          5.50
       20,          4,    2,         12.24,          3.30,       5.14,      51.40,    169.82,         11.55
       20,          4,    3,         15.45,          3.30,       7.01,      70.10,    231.58,         16.96
       20,          4,    4,         17.37,          3.30,       8.54,      85.38,    281.93,         21.23
       20,          4,    5,         18.54,          3.30,       9.78,      97.82,    322.84,         23.99
       20,          4,    6,         18.96,          3.30,      10.58,     105.76,    349.01,         24.25
       20,          4,    7,         19.74,          3.30,      11.16,     111.58,    368.17,         27.44
       21,          1,    1,          4.34,          3.31,       2.32,      23.17,     76.63,          5.27
       21,          1,    2,          9.96,          3.31,       3.67,      36.70,    121.33,         10.29
       21,          1,    3,         12.95,          3.30,       4.85,      48.52,    160.36,         14.58
       21,          1,    4,         14.62,          3.30,       5.73,      57.32,    189.40,         17.62
       21,          1,    5,         15.63,          3.30,       6.41,      64.10,    211.80,         19.57
       21,          1,    6,         16.01,          3.30,       6.87,      68.65,    226.81,         19.76
       21,          1,    7,         16.37,          3.30,       7.28,      72.79,    240.48,         20.11
       21,          2,    1,          5.55,          3.31,       2.58,      25.77,     85.25,          5.96
       21,          2,    2,         11.21,          3.31,       4.19,      41.91,    138.51,         11.64
       21,          2,    3,         14.27,          3.30,       5.62,      56.17,    185.59,         16.63
       21,          2,    4,         16.08,          3.30,       6.76,      67.64,    223.47,         20.40
       21,          2,    5,         17.27,          3.30,       7.70,      77.03,    254.46,         23.27
       21,          2,    6,         17.98,          3.30,       8.36,      83.57,    275.98,         25.00
       21,          2,    7,         18.51,          3.30,       8.92,      89.19,    294.41,         26.32
       21,          3,    1,          6.45,          3.31,       2.85,      28.46,     94.12,          6.38
       21,          3,    2,         12.02,          3.30,       4.71,      47.05,    155.50,         12.20
       21,          3,    3,         14.92,          3.30,       6.40,      63.96,    211.32,         16.66
       21,          3,    4,         17.16,          3.30,       7.78,      77.81,    257.01,         22.41
       21,          3,    5,         18.46,          3.30,       8.98,      89.78,    296.36,         25.85
       21,          3,    6,         19.21,          3.30,       9.80,      98.04,    323.56,         27.89
       21,          3,    7,         19.71,          3.30,      10.44,     104.36,    344.37,         29.27
       21,          4,    1,          7.10,          3.31,       3.10,      31.02,    102.57,          6.59
       21,          4,    2,         12.56,          3.30,       5.22,      52.19,    172.46,         12.20
       21,          4,    3,         15.96,          3.30,       7.14,      71.43,    235.98,         18.68
       21,          4,    4,         17.89,          3.30,       8.76,      87.62,    289.27,         23.27
       21,          4,    5,         19.26,          3.30,      10.19,     101.87,    336.17,         27.08
       21,          4,    6,         20.04,          3.30,      11.16,     111.58,    368.20,         29.39
       21,          4,    7,         20.53,          3.30,      11.85,     118.51,    390.94,         30.87
       22,          1,    1,          4.74,          3.31,       2.34,      23.35,     77.25,          5.72
       22,          1,    2,         10.02,          3.31,       3.72,      37.21,    123.03,         10.27
       22,          1,    3,         12.92,          3.30,       4.95,      49.47,    163.47,         14.16
       22,          1,    4,         15.07,          3.30,       5.91,      59.07,    195.18,         18.90
       22,          1,    5,         16.21,          3.30,       6.68,      66.76,    220.56,         21.39
       22,          1,    6,         16.85,          3.30,       7.17,      71.73,    236.97,         22.86
       22,          1,    7,         17.36,          3.30,       7.63,      76.25,    251.89,         24.05
       22,          2,    1,          6.04,          3.31,       2.60,      26.05,     86.14,          6.59
       22,          2,    2,         11.60,          3.31,       4.25,      42.51,    140.53,         12.52
       22,          2,    3,         14.62,          3.30,       5.73,      57.28,    189.28,         17.66
       22,          2,    4,         16.18,          3.30,       6.96,      69.57,    229.85,         20.30
       22,          2,    5,         17.80,          3.30,       8.04,      80.35,    265.37,         25.11
       22,          2,    6,         18.57,          3.30,       8.78,      87.76,    289.75,         27.18
       22,          2,    7,         19.13,          3.30,       9.42,      94.22,    311.00,         28.66
       22,          3,    1,          7.02,          3.31,       2.87,      28.71,     94.95,          7.22
       22,          3,    2,         12.56,          3.30,       4.78,      47.76,    157.83,         13.60
       22,          3,    3,         15.65,          3.30,       6.53,      65.36,    215.96,         19.26
       22,          3,    4,         17.57,          3.30,       8.01,      80.14,    264.67,         23.87
       22,          3,    5,         18.97,          3.30,       9.38,      93.79,    309.55,         27.77
       22,          3,    6,         19.67,          3.30,      10.37,     103.68,    342.16,         29.23
       22,          3,    7,         20.02,          3.30,      11.15,     111.45,    367.77,         29.32
       22,          4,    1,          7.40,          3.31,       3.13,      31.30,    103.53,          7.01
       22,          4,    2,         13.27,          3.30,       5.30,      52.96,    174.98,         14.18
       22,          4,    3,         16.39,          3.30,       7.30,      72.98,    241.10,         20.16
       22,          4,    4,         18.33,          3.30,       9.02,      90.17,    297.67,         24.98
       22,          4,    5,         19.77,          3.30,      10.64,     106.35,    350.95,         29.08
       22,          4,    6,         20.65,          3.30,      11.83,     118.29,    390.27,         31.82
       22,          4,    7,         21.21,          3.30,      12.70,     126.97,    418.77,         33.58

