[Radio] Initializing ... success!
Connected to RF power monitor: Rohde&Schwarz,FPC1500,1328.6660K03/205785,V1.80
Connected to DC power monitor: radiolib-org,DCpowerMon,070dd3d
setCurrentLimit, code 0

Set [dBm],paDutyCycle,hpMax,Measured [dBm],Bus voltage[V],Voltage[mV],Current[mA],Power [mW],Efficiency [%]
       -9,          1,    1,        -17.48,          3.31,       0.98,       9.78,     32.34,          0.21
       -9,          1,    2,        -14.38,          3.31,       1.13,      11.26,     37.26,          0.27
       -9,          1,    3,        -13.02,          3.31,       1.23,      12.37,     40.91,          0.29
       -9,          1,    4,        -12.19,          3.31,       1.34,      13.39,     44.28,          0.30
       -9,          1,    5,        -11.58,          3.31,       1.44,      14.36,     47.51,          0.29
       -9,          1,    6,        -11.33,          3.31,       1.52,      15.23,     50.37,          0.28
       -9,          1,    7,        -10.61,          3.31,       1.61,      16.09,     53.23,          0.30
       -9,          2,    1,        -16.84,          3.31,       1.01,      10.08,     33.36,          0.21
       -9,          2,    2,        -13.25,          3.31,       1.18,      11.79,     38.98,          0.31
       -9,          2,    3,        -11.79,          3.31,       1.31,      13.11,     43.37,          0.34
       -9,          2,    4,        -10.86,          3.31,       1.42,      14.22,     47.04,          0.35
       -9,          2,    5,        -10.26,          3.31,       1.53,      15.27,     50.53,          0.35
       -9,          2,    6,         -9.81,          3.31,       1.62,      16.16,     53.48,          0.35
       -9,          2,    7,         -9.49,          3.31,       1.70,      16.97,     56.13,          0.35
       -9,          3,    1,        -15.96,          3.31,       1.04,      10.37,     34.31,          0.24
       -9,          3,    2,        -12.39,          3.31,       1.23,      12.33,     40.79,          0.34
       -9,          3,    3,        -10.94,          3.31,       1.37,      13.73,     45.44,          0.37
       -9,          3,    4,        -10.07,          3.31,       1.49,      14.92,     49.37,          0.38
       -9,          3,    5,         -9.58,          3.31,       1.59,      15.90,     52.59,          0.38
       -9,          3,    6,         -9.21,          3.31,       1.68,      16.77,     55.46,          0.38
       -9,          3,    7,         -8.95,          3.31,       1.76,      17.61,     58.24,          0.37
       -9,          4,    1,        -15.09,          3.31,       1.07,      10.72,     35.47,          0.26
       -9,          4,    2,        -12.04,          3.31,       1.29,      12.85,     42.51,          0.33
       -9,          4,    3,        -10.41,          3.31,       1.43,      14.30,     47.31,          0.38
       -9,          4,    4,         -9.62,          3.31,       1.55,      15.51,     51.30,          0.39
       -9,          4,    5,         -9.14,          3.31,       1.65,      16.54,     54.70,          0.39
       -9,          4,    6,         -8.79,          3.31,       1.74,      17.40,     57.57,          0.39
       -9,          4,    7,         -8.51,          3.31,       1.84,      18.35,     60.70,          0.38
       -8,          1,    1,        -16.19,          3.31,       1.01,      10.05,     33.25,          0.26
       -8,          1,    2,        -13.11,          3.31,       1.17,      11.68,     38.63,          0.33
       -8,          1,    3,        -11.81,          3.31,       1.29,      12.86,     42.53,          0.35
       -8,          1,    4,        -11.27,          3.31,       1.39,      13.89,     45.97,          0.34
       -8,          1,    5,        -10.32,          3.31,       1.49,      14.96,     49.49,          0.36
       -8,          1,    6,         -9.86,          3.31,       1.58,      15.83,     52.38,          0.36
       -8,          1,    7,         -9.45,          3.31,       1.67,      16.72,     55.31,          0.36
       -8,          2,    1,        -15.21,          3.31,       1.04,      10.42,     34.45,          0.28
       -8,          2,    2,        -12.00,          3.31,       1.23,      12.30,     40.69,          0.37
       -8,          2,    3,        -10.55,          3.31,       1.37,      13.71,     45.36,          0.41
       -8,          2,    4,         -9.65,          3.31,       1.49,      14.92,     49.37,          0.42
       -8,          2,    5,         -9.40,          3.31,       1.60,      15.96,     52.80,          0.40
       -8,          2,    6,         -8.62,          3.31,       1.69,      16.89,     55.88,          0.43
       -8,          2,    7,         -8.30,          3.31,       1.78,      17.75,     58.72,          0.42
       -8,          3,    1,        -14.40,          3.31,       1.08,      10.81,     35.76,          0.30
       -8,          3,    2,        -11.12,          3.31,       1.30,      12.97,     42.91,          0.40
       -8,          3,    3,         -9.69,          3.31,       1.45,      14.47,     47.85,          0.44
       -8,          3,    4,         -8.84,          3.31,       1.57,      15.70,     51.94,          0.46
       -8,          3,    5,         -8.42,          3.31,       1.67,      16.71,     55.28,          0.45
       -8,          3,    6,         -8.26,          3.31,       1.76,      17.64,     58.35,          0.43
       -8,          3,    7,         -8.14,          3.31,       1.85,      18.52,     61.25,          0.41
       -8,          4,    1,        -13.79,          3.31,       1.13,      11.27,     37.26,          0.31
       -8,          4,    2,        -10.52,          3.31,       1.35,      13.55,     44.84,          0.42
       -8,          4,    3,         -9.15,          3.31,       1.51,      15.12,     50.03,          0.46
       -8,          4,    4,         -8.37,          3.31,       1.64,      16.41,     54.29,          0.47
       -8,          4,    5,         -7.90,          3.31,       1.74,      17.44,     57.68,          0.48
       -8,          4,    6,         -7.56,          3.31,       1.84,      18.41,     60.89,          0.47
       -8,          4,    7,         -7.44,          3.31,       1.94,      19.36,     64.03,          0.45
       -7,          1,    1,        -15.14,          3.31,       1.03,      10.33,     34.18,          0.29
       -7,          1,    2,        -12.05,          3.31,       1.21,      12.06,     39.90,          0.39
       -7,          1,    3,        -10.74,          3.31,       1.34,      13.36,     44.18,          0.41
       -7,          1,    4,         -9.94,          3.31,       1.44,      14.45,     47.80,          0.42
       -7,          1,    5,         -9.31,          3.31,       1.55,      15.49,     51.24,          0.43
       -7,          1,    6,         -8.85,          3.31,       1.65,      16.46,     54.46,          0.42
       -7,          1,    7,         -8.45,          3.31,       1.73,      17.31,     57.27,          0.43
       -7,          2,    1,        -14.15,          3.31,       1.07,      10.75,     35.58,          0.32
       -7,          2,    2,        -11.02,          3.31,       1.28,      12.80,     42.33,          0.42
       -7,          2,    3,         -9.84,          3.31,       1.43,      14.29,     47.27,          0.44
       -7,          2,    4,         -8.60,          3.31,       1.56,      15.54,     51.40,          0.50
       -7,          2,    5,         -8.02,          3.31,       1.67,      16.67,     55.13,          0.50
       -7,          2,    6,         -7.60,          3.31,       1.76,      17.63,     58.32,          0.50
       -7,          2,    7,         -7.29,          3.31,       1.85,      18.54,     61.32,          0.49
       -7,          3,    1,        -13.33,          3.31,       1.13,      11.27,     37.28,          0.34
       -7,          3,    2,        -10.06,          3.31,       1.35,      13.53,     44.74,          0.47
       -7,          3,    3,         -8.77,          3.31,       1.52,      15.15,     50.13,          0.50
       -7,          3,    4,         -8.15,          3.31,       1.65,      16.50,     54.58,          0.49
       -7,          3,    5,         -7.33,          3.31,       1.75,      17.51,     57.91,          0.54
       -7,          3,    6,         -6.97,          3.31,       1.85,      18.47,     61.09,          0.54
       -7,          3,    7,         -6.72,          3.31,       1.94,      19.35,     63.99,          0.53
       -7,          4,    1,        -12.72,          3.31,       1.17,      11.69,     38.67,          0.35
       -7,          4,    2,         -9.44,          3.31,       1.42,      14.20,     46.96,          0.49
       -7,          4,    3,         -8.09,          3.31,       1.59,      15.89,     52.56,          0.54
       -7,          4,    4,         -7.61,          3.31,       1.72,      17.20,     56.88,          0.52
       -7,          4,    5,         -6.85,          3.31,       1.83,      18.34,     60.66,          0.56
       -7,          4,    6,         -6.51,          3.31,       1.93,      19.32,     63.92,          0.55
       -7,          4,    7,         -6.24,          3.31,       2.03,      20.28,     67.06,          0.55
       -6,          1,    1,        -14.17,          3.31,       1.06,      10.61,     35.09,          0.34
       -6,          1,    2,        -11.09,          3.31,       1.25,      12.49,     41.34,          0.44
       -6,          1,    3,         -9.79,          3.31,       1.38,      13.81,     45.71,          0.48
       -6,          1,    4,         -9.01,          3.31,       1.50,      14.97,     49.53,          0.49
       -6,          1,    5,         -8.38,          3.31,       1.61,      16.08,     53.21,          0.49
       -6,          1,    6,         -8.24,          3.31,       1.70,      17.01,     56.28,          0.46
       -6,          1,    7,         -7.55,          3.31,       1.80,      17.99,     59.50,          0.49
       -6,          2,    1,        -13.18,          3.31,       1.11,      11.14,     36.86,          0.37
       -6,          2,    2,         -9.98,          3.31,       1.33,      13.30,     44.01,          0.50
       -6,          2,    3,         -8.55,          3.31,       1.49,      14.90,     49.30,          0.55
       -6,          2,    4,         -7.67,          3.31,       1.63,      16.24,     53.71,          0.57
       -6,          2,    5,         -7.09,          3.31,       1.74,      17.36,     57.43,          0.58
       -6,          2,    6,         -6.67,          3.31,       1.84,      18.42,     60.93,          0.58
       -6,          2,    7,         -6.62,          3.31,       1.93,      19.28,     63.76,          0.54
       -6,          3,    1,        -12.68,          3.31,       1.16,      11.65,     38.54,          0.36
       -6,          3,    2,         -9.09,          3.31,       1.41,      14.10,     46.63,          0.54
       -6,          3,    3,         -7.68,          3.31,       1.59,      15.87,     52.49,          0.59
       -6,          3,    4,         -6.85,          3.31,       1.72,      17.23,     57.01,          0.62
       -6,          3,    5,         -6.38,          3.31,       1.84,      18.37,     60.76,          0.62
       -6,          3,    6,         -6.03,          3.31,       1.93,      19.32,     63.92,          0.62
       -6,          3,    7,         -5.79,          3.31,       2.02,      20.20,     66.83,          0.61
       -6,          4,    1,        -11.76,          3.31,       1.21,      12.13,     40.13,          0.40
       -6,          4,    2,         -8.65,          3.31,       1.49,      14.89,     49.27,          0.53
       -6,          4,    3,         -7.48,          3.31,       1.67,      16.70,     55.25,          0.57
       -6,          4,    4,         -6.36,          3.31,       1.81,      18.09,     59.84,          0.64
       -6,          4,    5,         -5.89,          3.31,       1.92,      19.26,     63.72,          0.64
       -6,          4,    6,         -5.56,          3.31,       2.03,      20.27,     67.06,          0.64
       -6,          4,    7,         -5.29,          3.31,       2.13,      21.28,     70.38,          0.63
       -5,          1,    1,        -12.55,          3.31,       1.13,      11.26,     37.24,          0.41
       -5,          1,    2,         -9.46,          3.31,       1.33,      13.32,     44.06,          0.56
       -5,          1,    3,         -8.21,          3.31,       1.48,      14.82,     49.03,          0.60
       -5,          1,    4,         -7.72,          3.31,       1.61,      16.04,     53.06,          0.58
       -5,          1,    5,         -6.79,          3.31,       1.72,      17.18,     56.83,          0.63
       -5,          1,    6,         -6.35,          3.31,       1.82,      18.23,     60.30,          0.63
       -5,          1,    7,         -5.97,          3.31,       1.92,      19.23,     63.60,          0.63
       -5,          2,    1,        -11.55,          3.31,       1.18,      11.80,     39.03,          0.46
       -5,          2,    2,         -8.34,          3.31,       1.43,      14.32,     47.37,          0.62
       -5,          2,    3,         -6.92,          3.31,       1.61,      16.11,     53.29,          0.69
       -5,          2,    4,         -6.05,          3.31,       1.75,      17.54,     58.01,          0.72
       -5,          2,    5,         -5.77,          3.31,       1.88,      18.79,     62.13,          0.69
       -5,          2,    6,         -5.07,          3.31,       1.99,      19.91,     65.84,          0.74
       -5,          2,    7,         -4.77,          3.31,       2.08,      20.84,     68.93,          0.74
       -5,          3,    1,        -10.73,          3.31,       1.24,      12.42,     41.10,          0.49
       -5,          3,    2,         -7.45,          3.31,       1.53,      15.31,     50.66,          0.67
       -5,          3,    3,         -6.04,          3.31,       1.72,      17.23,     56.99,          0.75
       -5,          3,    4,         -5.22,          3.31,       1.88,      18.78,     62.13,          0.78
       -5,          3,    5,         -4.76,          3.31,       2.00,      19.99,     66.12,          0.79
       -5,          3,    6,         -4.66,          3.31,       2.10,      21.00,     69.46,          0.75
       -5,          3,    7,         -4.57,          3.31,       2.20,      21.95,     72.60,          0.71
       -5,          4,    1,        -10.11,          3.31,       1.31,      13.05,     43.18,          0.50
       -5,          4,    2,         -6.82,          3.31,       1.63,      16.24,     53.73,          0.69
       -5,          4,    3,         -5.46,          3.31,       1.83,      18.30,     60.52,          0.77
       -5,          4,    4,         -4.70,          3.31,       1.98,      19.84,     65.61,          0.81
       -5,          4,    5,         -4.25,          3.31,       2.11,      21.06,     69.66,          0.82
       -5,          4,    6,         -3.92,          3.31,       2.21,      22.14,     73.23,          0.82
       -5,          4,    7,         -3.66,          3.31,       2.32,      23.21,     76.77,          0.81
       -4,          1,    1,        -11.94,          3.31,       1.15,      11.53,     38.13,          0.44
       -4,          1,    2,         -9.10,          3.31,       1.37,      13.74,     45.46,          0.56
       -4,          1,    3,         -7.47,          3.31,       1.53,      15.28,     50.56,          0.67
       -4,          1,    4,         -6.71,          3.31,       1.66,      16.58,     54.84,          0.69
       -4,          1,    5,         -6.09,          3.31,       1.78,      17.79,     58.84,          0.70
       -4,          1,    6,         -5.66,          3.31,       1.89,      18.83,     62.30,          0.70
       -4,          1,    7,         -5.29,          3.31,       1.99,      19.89,     65.78,          0.70
       -4,          2,    1,        -10.85,          3.31,       1.21,      12.12,     40.10,          0.50
       -4,          2,    2,         -7.63,          3.31,       1.48,      14.79,     48.93,          0.68
       -4,          2,    3,         -6.36,          3.31,       1.67,      16.65,     55.08,          0.74
       -4,          2,    4,         -5.70,          3.31,       1.82,      18.20,     60.21,          0.74
       -4,          2,    5,         -4.78,          3.31,       1.95,      19.51,     64.52,          0.81
       -4,          2,    6,         -4.37,          3.31,       2.06,      20.59,     68.10,          0.82
       -4,          2,    7,         -4.08,          3.31,       2.16,      21.63,     71.52,          0.82
       -4,          3,    1,        -10.02,          3.31,       1.28,      12.83,     42.44,          0.53
       -4,          3,    2,         -6.74,          3.31,       1.59,      15.87,     52.50,          0.73
       -4,          3,    3,         -5.33,          3.31,       1.79,      17.95,     59.37,          0.82
       -4,          3,    4,         -4.57,          3.31,       1.96,      19.55,     64.66,          0.85
       -4,          3,    5,         -4.37,          3.31,       2.07,      20.73,     68.57,          0.81
       -4,          3,    6,         -3.70,          3.31,       2.18,      21.84,     72.24,          0.88
       -4,          3,    7,         -3.47,          3.31,       2.28,      22.77,     75.30,          0.87
       -4,          4,    1,         -9.41,          3.31,       1.35,      13.48,     44.60,          0.55
       -4,          4,    2,         -6.11,          3.31,       1.69,      16.86,     55.78,          0.76
       -4,          4,    3,         -4.75,          3.31,       1.91,      19.04,     62.98,          0.85
       -4,          4,    4,         -3.99,          3.31,       2.06,      20.64,     68.27,          0.89
       -4,          4,    5,         -3.58,          3.31,       2.20,      21.96,     72.64,          0.89
       -4,          4,    6,         -3.55,          3.31,       2.31,      23.09,     76.38,          0.84
       -4,          4,    7,         -3.35,          3.31,       2.42,      24.16,     79.91,          0.82
       -3,          1,    1,        -11.20,          3.31,       1.18,      11.81,     39.06,          0.49
       -3,          1,    2,         -8.11,          3.31,       1.41,      14.14,     46.77,          0.67
       -3,          1,    3,         -6.82,          3.31,       1.58,      15.76,     52.14,          0.73
       -3,          1,    4,         -6.06,          3.31,       1.71,      17.06,     56.44,          0.76
       -3,          1,    5,         -5.45,          3.31,       1.84,      18.38,     60.79,          0.77
       -3,          1,    6,         -5.02,          3.31,       1.95,      19.44,     64.32,          0.77
       -3,          1,    7,         -4.65,          3.31,       2.05,      20.47,     67.69,          0.78
       -3,          2,    1,        -10.20,          3.31,       1.25,      12.48,     41.29,          0.54
       -3,          2,    2,         -7.22,          3.31,       1.53,      15.30,     50.61,          0.70
       -3,          2,    3,         -5.93,          3.31,       1.72,      17.24,     57.03,          0.76
       -3,          2,    4,         -4.69,          3.31,       1.89,      18.86,     62.38,          0.88
       -3,          2,    5,         -4.13,          3.31,       2.02,      20.20,     66.82,          0.90
       -3,          2,    6,         -3.72,          3.31,       2.14,      21.37,     70.67,          0.90
       -3,          2,    7,         -3.43,          3.31,       2.24,      22.36,     73.95,          0.90
       -3,          3,    1,         -9.38,          3.31,       1.32,      13.22,     43.72,          0.57
       -3,          3,    2,         -6.11,          3.31,       1.65,      16.48,     54.50,          0.79
       -3,          3,    3,         -4.95,          3.31,       1.86,      18.62,     61.60,          0.84
       -3,          3,    4,         -4.24,          3.31,       2.03,      20.29,     67.12,          0.87
       -3,          3,    5,         -3.39,          3.31,       2.16,      21.56,     71.31,          0.96
       -3,          3,    6,         -3.05,          3.31,       2.27,      22.67,     74.97,          0.97
       -3,          3,    7,         -2.82,          3.31,       2.37,      23.68,     78.33,          0.96
       -3,          4,    1,         -8.76,          3.31,       1.39,      13.87,     45.89,          0.60
       -3,          4,    2,         -5.45,          3.31,       1.75,      17.52,     57.96,          0.83
       -3,          4,    3,         -4.08,          3.31,       1.99,      19.89,     65.78,          0.93
       -3,          4,    4,         -3.32,          3.31,       2.15,      21.49,     71.10,          0.98
       -3,          4,    5,         -2.87,          3.31,       2.29,      22.87,     75.65,          0.99
       -3,          4,    6,         -2.74,          3.31,       2.40,      24.02,     79.46,          0.95
       -3,          4,    7,         -2.66,          3.31,       2.52,      25.18,     83.27,          0.91
       -2,          1,    1,        -10.05,          3.31,       1.24,      12.35,     40.85,          0.58
       -2,          1,    2,         -6.94,          3.31,       1.50,      14.99,     49.58,          0.78
       -2,          1,    3,         -5.66,          3.31,       1.67,      16.72,     55.32,          0.86
       -2,          1,    4,         -4.90,          3.31,       1.82,      18.16,     60.07,          0.89
       -2,          1,    5,         -4.30,          3.31,       1.95,      19.49,     64.48,          0.91
       -2,          1,    6,         -3.87,          3.31,       2.06,      20.61,     68.16,          0.92
       -2,          1,    7,         -3.51,          3.31,       2.17,      21.72,     71.85,          0.93
       -2,          2,    1,         -9.07,          3.31,       1.31,      13.15,     43.52,          0.63
       -2,          2,    2,         -6.10,          3.31,       1.63,      16.31,     53.93,          0.81
       -2,          2,    3,         -4.40,          3.31,       1.85,      18.45,     61.04,          0.97
       -2,          2,    4,         -3.53,          3.31,       2.02,      20.15,     66.66,          1.03
       -2,          2,    5,         -2.97,          3.31,       2.16,      21.57,     71.35,          1.06
       -2,          2,    6,         -2.56,          3.31,       2.28,      22.83,     75.50,          1.07
       -2,          2,    7,         -2.28,          3.31,       2.39,      23.90,     79.04,          1.07
       -2,          3,    1,         -8.23,          3.31,       1.39,      13.93,     46.08,          0.67
       -2,          3,    2,         -4.95,          3.31,       1.76,      17.57,     58.11,          0.93
       -2,          3,    3,         -3.85,          3.31,       2.00,      20.02,     66.21,          0.97
       -2,          3,    4,         -2.67,          3.31,       2.18,      21.81,     72.14,          1.11
       -2,          3,    5,         -2.21,          3.31,       2.32,      23.19,     76.70,          1.13
       -2,          3,    6,         -1.87,          3.31,       2.44,      24.38,     80.62,          1.14
       -2,          3,    7,         -1.64,          3.31,       2.54,      25.42,     84.06,          1.13
       -2,          4,    1,         -7.61,          3.31,       1.48,      14.77,     48.87,          0.69
       -2,          4,    2,         -4.28,          3.31,       1.89,      18.88,     62.45,          0.96
       -2,          4,    3,         -2.97,          3.31,       2.14,      21.42,     70.85,          1.07
       -2,          4,    4,         -2.47,          3.31,       2.32,      23.22,     76.79,          1.06
       -2,          4,    5,         -1.68,          3.31,       2.47,      24.66,     81.57,          1.17
       -2,          4,    6,         -1.36,          3.31,       2.59,      25.93,     85.76,          1.18
       -2,          4,    7,         -1.11,          3.31,       2.71,      27.12,     89.68,          1.17
       -1,          1,    1,         -9.12,          3.31,       1.29,      12.88,     42.61,          0.65
       -1,          1,    2,         -5.99,          3.31,       1.57,      15.74,     52.08,          0.89
       -1,          1,    3,         -4.70,          3.31,       1.76,      17.59,     58.17,          0.99
       -1,          1,    4,         -3.98,          3.31,       1.91,      19.10,     63.19,          1.02
       -1,          1,    5,         -3.61,          3.31,       2.05,      20.51,     67.84,          0.99
       -1,          1,    6,         -2.92,          3.31,       2.17,      21.70,     71.77,          1.06
       -1,          1,    7,         -2.56,          3.31,       2.29,      22.91,     75.77,          1.07
       -1,          2,    1,         -8.12,          3.31,       1.37,      13.72,     45.39,          0.71
       -1,          2,    2,         -4.86,          3.31,       1.72,      17.14,     56.70,          0.99
       -1,          2,    3,         -3.44,          3.31,       1.95,      19.53,     64.59,          1.11
       -1,          2,    4,         -2.57,          3.31,       2.14,      21.36,     70.65,          1.18
       -1,          2,    5,         -2.06,          3.31,       2.29,      22.86,     75.60,          1.20
       -1,          2,    6,         -1.94,          3.31,       2.42,      24.17,     79.95,          1.14
       -1,          2,    7,         -1.70,          3.31,       2.53,      25.33,     83.78,          1.13
       -1,          3,    1,         -7.69,          3.31,       1.47,      14.68,     48.56,          0.68
       -1,          3,    2,         -3.96,          3.31,       1.87,      18.67,     61.75,          1.06
       -1,          3,    3,         -2.53,          3.31,       2.13,      21.30,     70.44,          1.19
       -1,          3,    4,         -1.70,          3.31,       2.32,      23.21,     76.77,          1.27
       -1,          3,    5,         -1.24,          3.31,       2.47,      24.69,     81.65,          1.30
       -1,          3,    6,         -0.90,          3.31,       2.59,      25.93,     85.77,          1.31
       -1,          3,    7,         -0.69,          3.31,       2.70,      27.04,     89.44,          1.30
       -1,          4,    1,         -7.07,          3.31,       1.56,      15.56,     51.49,          0.71
       -1,          4,    2,         -3.31,          3.31,       2.01,      20.07,     66.38,          1.09
       -1,          4,    3,         -1.92,          3.31,       2.28,      22.81,     75.44,          1.24
       -1,          4,    4,         -1.16,          3.31,       2.48,      24.84,     82.14,          1.31
       -1,          4,    5,         -0.70,          3.31,       2.64,      26.37,     87.21,          1.34
       -1,          4,    6,         -0.38,          3.31,       2.77,      27.68,     91.53,          1.35
       -1,          4,    7,         -0.13,          3.31,       2.89,      28.93,     95.67,          1.35
        0,          1,    1,         -8.36,          3.31,       1.34,      13.41,     44.35,          0.71
        0,          1,    2,         -5.43,          3.31,       1.65,      16.54,     54.69,          0.93
        0,          1,    3,         -3.79,          3.31,       1.86,      18.56,     61.40,          1.11
        0,          1,    4,         -3.04,          3.31,       2.01,      20.13,     66.57,          1.16
        0,          1,    5,         -2.44,          3.31,       2.16,      21.59,     71.42,          1.20
        0,          1,    6,         -2.02,          3.31,       2.29,      22.92,     75.81,          1.21
        0,          1,    7,         -1.66,          3.31,       2.41,      24.09,     79.66,          1.22
        0,          2,    1,         -7.25,          3.31,       1.44,      14.39,     47.59,          0.79
        0,          2,    2,         -4.30,          3.31,       1.81,      18.12,     59.95,          1.03
        0,          2,    3,         -2.53,          3.31,       2.06,      20.60,     68.15,          1.26
        0,          2,    4,         -1.66,          3.31,       2.26,      22.60,     74.72,          1.34
        0,          2,    5,         -1.10,          3.31,       2.42,      24.21,     80.06,          1.38
        0,          2,    6,         -0.69,          3.31,       2.56,      25.64,     84.79,          1.40
        0,          2,    7,         -0.41,          3.31,       2.68,      26.84,     88.74,          1.40
        0,          3,    1,         -6.42,          3.31,       1.54,      15.37,     50.83,          0.84
        0,          3,    2,         -3.07,          3.31,       1.98,      19.80,     65.48,          1.18
        0,          3,    3,         -1.90,          3.31,       2.26,      22.56,     74.59,          1.27
        0,          3,    4,         -0.78,          3.31,       2.47,      24.70,     81.69,          1.44
        0,          3,    5,         -0.32,          3.31,       2.63,      26.27,     86.89,          1.47
        0,          3,    6,          0.02,          3.31,       2.76,      27.59,     91.23,          1.49
        0,          3,    7,          0.25,          3.31,       2.87,      28.72,     94.99,          1.49
        0,          4,    1,         -5.80,          3.31,       1.64,      16.40,     54.25,          0.86
        0,          4,    2,         -2.40,          3.31,       2.13,      21.32,     70.53,          1.23
        0,          4,    3,         -1.00,          3.31,       2.43,      24.31,     80.38,          1.40
        0,          4,    4,         -0.24,          3.31,       2.65,      26.48,     87.56,          1.48
        0,          4,    5,         -0.04,          3.31,       2.82,      28.14,     93.07,          1.43
        0,          4,    6,          0.17,          3.31,       2.95,      29.53,     97.65,          1.40
        0,          4,    7,          0.80,          3.31,       3.08,      30.78,    101.78,          1.54
        1,          1,    1,         -7.48,          3.31,       1.39,      13.94,     46.09,          0.80
        1,          1,    2,         -4.28,          3.31,       1.73,      17.27,     57.12,          1.12
        1,          1,    3,         -2.98,          3.31,       1.95,      19.47,     64.38,          1.24
        1,          1,    4,         -2.22,          3.31,       2.11,      21.13,     69.90,          1.30
        1,          1,    5,         -1.65,          3.31,       2.27,      22.68,     75.02,          1.33
        1,          1,    6,         -1.53,          3.31,       2.40,      24.01,     79.42,          1.26
        1,          1,    7,         -0.85,          3.31,       2.53,      25.35,     83.82,          1.37
        1,          2,    1,         -6.47,          3.31,       1.50,      15.00,     49.64,          0.87
        1,          2,    2,         -3.15,          3.31,       1.90,      19.04,     63.00,          1.23
        1,          2,    3,         -1.71,          3.31,       2.17,      21.72,     71.82,          1.40
        1,          2,    4,         -0.85,          3.31,       2.38,      23.81,     78.75,          1.50
        1,          2,    5,         -0.32,          3.31,       2.56,      25.55,     84.51,          1.53
        1,          2,    6,         -0.21,          3.31,       2.71,      27.07,     89.53,          1.45
        1,          2,    7,          0.41,          3.31,       2.83,      28.31,     93.63,          1.57
        1,          3,    1,         -5.64,          3.31,       1.60,      16.08,     53.17,          0.92
        1,          3,    2,         -2.25,          3.31,       2.08,      20.78,     68.72,          1.32
        1,          3,    3,         -0.80,          3.31,       2.39,      23.85,     78.88,          1.51
        1,          3,    4,          0.04,          3.31,       2.62,      26.15,     86.47,          1.61
        1,          3,    5,          0.51,          3.31,       2.78,      27.81,     91.97,          1.64
        1,          3,    6,          0.57,          3.31,       2.92,      29.20,     96.54,          1.57
        1,          3,    7,          1.08,          3.31,       3.04,      30.37,    100.41,          1.67
        1,          4,    1,         -5.02,          3.31,       1.71,      17.15,     56.73,          0.95
        1,          4,    2,         -1.59,          3.31,       2.25,      22.50,     74.43,          1.36
        1,          4,    3,         -0.17,          3.31,       2.58,      25.82,     85.41,          1.56
        1,          4,    4,          0.60,          3.31,       2.81,      28.09,     92.88,          1.66
        1,          4,    5,          1.05,          3.31,       2.98,      29.82,     98.58,          1.70
        1,          4,    6,          1.21,          3.31,       3.13,      31.27,    103.40,          1.66
        1,          4,    7,          1.27,          3.31,       3.26,      32.61,    107.84,          1.59
        2,          1,    1,         -6.85,          3.31,       1.47,      14.71,     48.66,          0.83
        2,          1,    2,         -3.21,          3.31,       1.85,      18.47,     61.09,          1.28
        2,          1,    3,         -1.89,          3.31,       2.07,      20.74,     68.60,          1.44
        2,          1,    4,         -1.14,          3.31,       2.26,      22.55,     74.60,          1.51
        2,          1,    5,         -0.56,          3.31,       2.43,      24.24,     80.18,          1.56
        2,          1,    6,         -0.14,          3.31,       2.57,      25.71,     85.03,          1.58
        2,          1,    7,          0.19,          3.31,       2.71,      27.07,     89.52,          1.59
        2,          2,    1,         -5.63,          3.31,       1.58,      15.84,     52.40,          0.95
        2,          2,    2,         -2.46,          3.31,       2.03,      20.33,     67.23,          1.31
        2,          2,    3,         -0.64,          3.31,       2.34,      23.33,     77.18,          1.61
        2,          2,    4,          0.23,          3.31,       2.57,      25.64,     84.79,          1.73
        2,          2,    5,          0.80,          3.31,       2.75,      27.52,     90.98,          1.79
        2,          2,    6,          1.21,          3.31,       2.91,      29.12,     96.31,          1.82
        2,          2,    7,          1.49,          3.31,       3.04,      30.41,    100.55,          1.84
        2,          3,    1,         -4.67,          3.31,       1.71,      17.05,     56.40,          1.04
        2,          3,    2,         -1.53,          3.31,       2.24,      22.35,     73.93,          1.40
        2,          3,    3,          0.29,          3.31,       2.58,      25.76,     85.17,          1.74
        2,          3,    4,          1.13,          3.31,       2.83,      28.27,     93.50,          1.86
        2,          3,    5,          1.61,          3.31,       3.00,      30.03,     99.28,          1.92
        2,          3,    6,          1.95,          3.31,       3.15,      31.52,    104.20,          1.95
        2,          3,    7,          2.18,          3.31,       3.27,      32.76,    108.29,          1.95
        2,          4,    1,         -4.01,          3.31,       1.83,      18.31,     60.58,          1.08
        2,          4,    2,         -0.52,          3.31,       2.43,      24.27,     80.25,          1.57
        2,          4,    3,          0.76,          3.31,       2.80,      27.99,     92.57,          1.73
        2,          4,    4,          1.35,          3.31,       3.04,      30.43,    100.61,          1.77
        2,          4,    5,          2.16,          3.31,       3.23,      32.30,    106.78,          1.98
        2,          4,    6,          2.48,          3.31,       3.38,      33.80,    111.73,          2.01
        2,          4,    7,          2.73,          3.31,       3.52,      35.18,    116.31,          2.02
        3,          1,    1,         -5.88,          3.31,       1.52,      15.19,     50.24,          0.98
        3,          1,    2,         -2.57,          3.31,       1.92,      19.20,     63.51,          1.39
        3,          1,    3,         -1.29,          3.31,       2.17,      21.67,     71.67,          1.55
        3,          1,    4,         -0.82,          3.31,       2.35,      23.54,     77.84,          1.53
        3,          1,    5,          0.09,          3.31,       2.53,      25.31,     83.72,          1.70
        3,          1,    6,          0.51,          3.31,       2.68,      26.80,     88.65,          1.73
        3,          1,    7,          0.86,          3.31,       2.83,      28.26,     93.46,          1.75
        3,          2,    1,         -4.86,          3.31,       1.64,      16.42,     54.33,          1.07
        3,          2,    2,         -1.46,          3.31,       2.12,      21.24,     70.24,          1.54
        3,          2,    3,          0.00,          3.31,       2.44,      24.36,     80.56,          1.76
        3,          2,    4,          0.86,          3.31,       2.68,      26.81,     88.66,          1.88
        3,          2,    5,          1.11,          3.31,       2.88,      28.79,     95.22,          1.81
        3,          2,    6,          1.86,          3.31,       3.04,      30.39,    100.48,          2.00
        3,          2,    7,          2.14,          3.31,       3.18,      31.80,    105.16,          2.01
        3,          3,    1,         -4.04,          3.31,       1.77,      17.71,     58.58,          1.13
        3,          3,    2,         -0.55,          3.31,       2.34,      23.36,     77.27,          1.65
        3,          3,    3,          0.93,          3.31,       2.70,      27.02,     89.34,          1.89
        3,          3,    4,          1.78,          3.31,       2.96,      29.60,     97.87,          2.03
        3,          3,    5,          2.17,          3.31,       3.15,      31.47,    104.05,          2.06
        3,          3,    6,          2.30,          3.31,       3.30,      32.98,    109.05,          1.99
        3,          3,    7,          2.83,          3.31,       3.42,      34.19,    113.05,          2.15
        3,          4,    1,         -3.42,          3.31,       1.91,      19.04,     62.97,          1.16
        3,          4,    2,          0.11,          3.31,       2.55,      25.44,     84.13,          1.70
        3,          4,    3,          1.57,          3.31,       2.94,      29.36,     97.09,          1.96
        3,          4,    4,          2.36,          3.31,       3.20,      31.94,    105.61,          2.10
        3,          4,    5,          2.82,          3.31,       3.38,      33.82,    111.81,          2.17
        3,          4,    6,          3.12,          3.31,       3.54,      35.37,    116.95,          2.20
        3,          4,    7,          3.05,          3.31,       3.68,      36.81,    121.67,          2.06
        4,          1,    1,         -5.21,          3.31,       1.61,      16.08,     53.21,          1.03
        4,          1,    2,         -1.45,          3.31,       2.06,      20.59,     68.10,          1.62
        4,          1,    3,         -0.11,          3.31,       2.33,      23.31,     77.11,          1.83
        4,          1,    4,          0.64,          3.31,       2.54,      25.36,     83.86,          1.93
        4,          1,    5,          1.22,          3.31,       2.72,      27.23,     90.03,          2.00
        4,          1,    6,          1.63,          3.31,       2.88,      28.81,     95.28,          2.04
        4,          1,    7,          1.98,          3.31,       3.03,      30.26,    100.03,          2.07
        4,          2,    1,         -3.84,          3.31,       1.74,      17.42,     57.61,          1.22
        4,          2,    2,         -0.58,          3.31,       2.29,      22.87,     75.63,          1.69
        4,          2,    3,          0.79,          3.31,       2.64,      26.38,     87.23,          1.89
        4,          2,    4,          2.02,          3.31,       2.90,      29.01,     95.92,          2.21
        4,          2,    5,          2.60,          3.31,       3.10,      31.05,    102.66,          2.31
        4,          2,    6,          3.01,          3.31,       3.28,      32.81,    108.47,          2.36
        4,          2,    7,          3.30,          3.31,       3.42,      34.23,    113.18,          2.39
        4,          3,    1,         -3.01,          3.31,       1.89,      18.95,     62.67,          1.28
        4,          3,    2,          0.56,          3.31,       2.53,      25.29,     83.63,          1.90
        4,          3,    3,          2.05,          3.31,       2.93,      29.29,     96.86,          2.19
        4,          3,    4,          2.63,          3.31,       3.21,      32.09,    106.09,          2.22
        4,          3,    5,          3.44,          3.31,       3.41,      34.07,    112.65,          2.48
        4,          3,    6,          3.79,          3.31,       3.57,      35.68,    117.94,          2.54
        4,          3,    7,          4.01,          3.31,       3.70,      37.02,    122.35,          2.55
        4,          4,    1,         -2.38,          3.31,       2.04,      20.38,     67.39,          1.32
        4,          4,    2,          1.24,          3.31,       2.76,      27.58,     91.21,          1.97
        4,          4,    3,          2.74,          3.31,       3.19,      31.92,    105.54,          2.30
        4,          4,    4,          3.54,          3.31,       3.46,      34.64,    114.53,          2.49
        4,          4,    5,          3.95,          3.31,       3.67,      36.73,    121.40,          2.54
        4,          4,    6,          3.99,          3.31,       3.84,      38.41,    126.97,          2.43
        4,          4,    7,          4.57,          3.31,       3.99,      39.91,    131.92,          2.65
        5,          1,    1,         -4.24,          3.31,       1.66,      16.66,     55.10,          1.20
        5,          1,    2,         -0.77,          3.31,       2.15,      21.53,     71.20,          1.77
        5,          1,    3,          0.59,          3.31,       2.44,      24.39,     80.68,          2.01
        5,          1,    4,          1.34,          3.31,       2.65,      26.48,     87.55,          2.13
        5,          1,    5,          1.92,          3.31,       2.85,      28.45,     94.09,          2.21
        5,          1,    6,          2.33,          3.31,       3.01,      30.05,     99.37,          2.26
        5,          1,    7,          2.69,          3.31,       3.16,      31.63,    104.59,          2.30
        5,          2,    1,         -3.22,          3.31,       1.82,      18.16,     60.08,          1.31
        5,          2,    2,          0.26,          3.31,       2.39,      23.91,     79.09,          1.92
        5,          2,    3,          1.51,          3.31,       2.76,      27.60,     91.25,          2.10
        5,          2,    4,          2.73,          3.31,       3.03,      30.34,    100.34,          2.45
        5,          2,    5,          3.32,          3.31,       3.26,      32.59,    107.74,          2.56
        5,          2,    6,          3.74,          3.31,       3.44,      34.35,    113.58,          2.63
        5,          2,    7,          4.03,          3.31,       3.59,      35.89,    118.63,          2.67
        5,          3,    1,         -2.39,          3.31,       1.97,      19.72,     65.24,          1.39
        5,          3,    2,          1.26,          3.31,       2.65,      26.52,     87.69,          2.09
        5,          3,    3,          2.78,          3.31,       3.07,      30.72,    101.56,          2.44
        5,          3,    4,          3.40,          3.31,       3.37,      33.69,    111.39,          2.50
        5,          3,    5,          4.18,          3.31,       3.58,      35.80,    118.35,          2.77
        5,          3,    6,          4.53,          3.31,       3.75,      37.49,    123.93,          2.84
        5,          3,    7,          4.76,          3.31,       3.89,      38.92,    128.63,          2.86
        5,          4,    1,         -1.76,          3.31,       2.13,      21.29,     70.41,          1.43
        5,          4,    2,          1.95,          3.31,       2.90,      29.00,     95.90,          2.17
        5,          4,    3,          3.48,          3.31,       3.35,      33.53,    110.84,          2.55
        5,          4,    4,          4.28,          3.31,       3.65,      36.50,    120.65,          2.76
        5,          4,    5,          4.43,          3.31,       3.87,      38.67,    127.80,          2.66
        5,          4,    6,          5.09,          3.30,       4.04,      40.44,    133.66,          2.94
        5,          4,    7,          5.33,          3.30,       4.20,      42.00,    138.80,          2.97
        6,          1,    1,         -3.48,          3.31,       1.74,      17.38,     57.49,          1.33
        6,          1,    2,          0.11,          3.31,       2.27,      22.72,     75.15,          2.00
        6,          1,    3,          1.49,          3.31,       2.58,      25.78,     85.27,          2.29
        6,          1,    4,          2.25,          3.31,       2.80,      27.99,     92.56,          2.44
        6,          1,    5,          2.80,          3.31,       3.00,      30.03,     99.31,          2.53
        6,          1,    6,          2.91,          3.31,       3.18,      31.78,    105.08,          2.41
        6,          1,    7,          3.60,          3.31,       3.34,      33.35,    110.26,          2.65
        6,          2,    1,         -2.45,          3.31,       1.90,      19.02,     62.92,          1.46
        6,          2,    2,          1.22,          3.31,       2.53,      25.35,     83.82,          2.21
        6,          2,    3,          2.76,          3.31,       2.93,      29.30,     96.89,          2.58
        6,          2,    4,          3.66,          3.31,       3.22,      32.23,    106.57,          2.81
        6,          2,    5,          4.26,          3.31,       3.46,      34.56,    114.27,          2.95
        6,          2,    6,          4.69,          3.31,       3.65,      36.52,    120.71,          3.04
        6,          2,    7,          4.98,          3.31,       3.81,      38.14,    126.07,          3.08
        6,          3,    1,         -1.65,          3.31,       2.07,      20.66,     68.33,          1.53
        6,          3,    2,          1.82,          3.31,       2.82,      28.12,     92.98,          2.20
        6,          3,    3,          3.74,          3.31,       3.27,      32.71,    108.14,          2.80
        6,          3,    4,          4.63,          3.31,       3.59,      35.90,    118.66,          3.06
        6,          3,    5,          5.15,          3.31,       3.82,      38.21,    126.30,          3.19
        6,          3,    6,          5.51,          3.31,       4.00,      40.01,    132.25,          3.27
        6,          3,    7,          5.74,          3.30,       4.15,      41.48,    137.08,          3.31
        6,          4,    1,         -0.98,          3.31,       2.24,      22.36,     73.96,          1.59
        6,          4,    2,          2.85,          3.31,       3.07,      30.73,    101.62,          2.47
        6,          4,    3,          4.15,          3.31,       3.58,      35.75,    118.18,          2.75
        6,          4,    4,          4.86,          3.31,       3.90,      38.98,    128.85,          2.91
        6,          4,    5,          5.75,          3.30,       4.13,      41.33,    136.62,          3.33
        6,          4,    6,          6.08,          3.30,       4.32,      43.17,    142.67,          3.41
        6,          4,    7,          6.33,          3.30,       4.48,      44.83,    148.14,          3.45
        7,          1,    1,         -2.66,          3.31,       1.82,      18.24,     60.33,          1.48
        7,          1,    2,          1.07,          3.31,       2.40,      24.03,     79.47,          2.30
        7,          1,    3,          2.21,          3.31,       2.74,      27.36,     90.49,          2.49
        7,          1,    4,          3.27,          3.31,       2.97,      29.72,     98.26,          2.85
        7,          1,    5,          3.86,          3.31,       3.19,      31.91,    105.51,          2.98
        7,          1,    6,          4.28,          3.31,       3.37,      33.69,    111.39,          3.06
        7,          1,    7,          4.64,          3.31,       3.54,      35.39,    117.01,          3.12
        7,          2,    1,         -1.61,          3.31,       2.00,      19.98,     66.08,          1.63
        7,          2,    2,          2.19,          3.31,       2.69,      26.89,     88.95,          2.54
        7,          2,    3,          3.53,          3.31,       3.12,      31.15,    103.02,          2.85
        7,          2,    4,          4.30,          3.31,       3.43,      34.30,    113.40,          3.01
        7,          2,    5,          5.32,          3.31,       3.69,      36.90,    121.96,          3.47
        7,          2,    6,          5.75,          3.31,       3.90,      39.04,    129.03,          3.57
        7,          2,    7,          6.06,          3.30,       4.08,      40.79,    134.82,          3.63
        7,          3,    1,         -0.76,          3.31,       2.17,      21.74,     71.90,          1.75
        7,          3,    2,          3.16,          3.31,       2.99,      29.92,     98.94,          2.75
        7,          3,    3,          4.76,          3.31,       3.49,      34.93,    115.47,          3.27
        7,          3,    4,          5.36,          3.31,       3.85,      38.47,    127.15,          3.33
        7,          3,    5,          6.23,          3.30,       4.10,      40.98,    135.43,          3.76
        7,          3,    6,          6.59,          3.30,       4.30,      42.98,    142.02,          3.86
        7,          3,    7,          6.83,          3.30,       4.45,      44.51,    147.09,          3.91
        7,          4,    1,         -0.11,          3.31,       2.36,      23.57,     77.94,          1.80
        7,          4,    2,          3.87,          3.31,       3.29,      32.87,    108.69,          2.87
        7,          4,    3,          5.48,          3.31,       3.84,      38.39,    126.88,          3.42
        7,          4,    4,          6.03,          3.30,       4.20,      41.98,    138.73,          3.49
        7,          4,    5,          6.84,          3.30,       4.45,      44.49,    147.04,          3.92
        7,          4,    6,          7.18,          3.30,       4.65,      46.49,    153.61,          4.02
        7,          4,    7,          7.42,          3.30,       4.82,      48.23,    159.37,          4.07
        8,          1,    1,         -1.93,          3.31,       1.89,      18.88,     62.45,          1.66
        8,          1,    2,          1.94,          3.31,       2.53,      25.25,     83.50,          2.62
        8,          1,    3,          3.40,          3.31,       2.89,      28.89,     95.54,          3.05
        8,          1,    4,          4.17,          3.31,       3.14,      31.36,    103.71,          3.27
        8,          1,    5,          4.55,          3.31,       3.37,      33.68,    111.33,          3.26
        8,          1,    6,          4.83,          3.31,       3.56,      35.56,    117.57,          3.25
        8,          1,    7,          5.56,          3.31,       3.74,      37.37,    123.53,          3.61
        8,          2,    1,         -0.86,          3.31,       2.07,      20.68,     68.41,          1.84
        8,          2,    2,          3.09,          3.31,       2.84,      28.33,     93.68,          2.92
        8,          2,    3,          4.69,          3.31,       3.30,      33.01,    109.13,          3.46
        8,          2,    4,          5.61,          3.31,       3.64,      36.38,    120.27,          3.78
        8,          2,    5,          6.20,          3.31,       3.92,      39.23,    129.65,          3.94
        8,          2,    6,          6.36,          3.30,       4.15,      41.48,    137.09,          3.82
        8,          2,    7,          7.00,          3.30,       4.34,      43.36,    143.29,          4.20
        8,          3,    1,          0.00,          3.31,       2.26,      22.61,     74.79,          1.97
        8,          3,    2,          4.04,          3.31,       3.16,      31.62,    104.54,          3.14
        8,          3,    3,          5.70,          3.31,       3.71,      37.08,    122.56,          3.77
        8,          3,    4,          6.63,          3.31,       4.10,      40.95,    135.34,          4.13
        8,          3,    5,          7.18,          3.30,       4.38,      43.76,    144.61,          4.33
        8,          3,    6,          7.52,          3.30,       4.59,      45.90,    151.68,          4.42
        8,          3,    7,          7.49,          3.30,       4.76,      47.56,    157.14,          4.21
        8,          4,    1,          0.31,          3.31,       2.46,      24.59,     81.31,          1.87
        8,          4,    2,          4.76,          3.31,       3.47,      34.73,    114.79,          3.29
        8,          4,    3,          6.43,          3.31,       4.08,      40.85,    135.02,          3.95
        8,          4,    4,          7.30,          3.30,       4.48,      44.86,    148.23,          4.31
        8,          4,    5,          7.80,          3.30,       4.76,      47.59,    157.26,          4.52
        8,          4,    6,          8.14,          3.30,       4.97,      49.72,    164.27,          4.64
        8,          4,    7,          8.38,          3.30,       5.16,      51.61,    170.55,          4.70
        9,          1,    1,         -1.21,          3.31,       1.95,      19.48,     64.44,          1.87
        9,          1,    2,          2.56,          3.31,       2.65,      26.52,     87.71,          2.83
        9,          1,    3,          4.31,          3.31,       3.05,      30.44,    100.63,          3.52
        9,          1,    4,          5.10,          3.31,       3.32,      33.20,    109.74,          3.77
        9,          1,    5,          5.70,          3.31,       3.57,      35.65,    117.85,          3.96
        9,          1,    6,          6.12,          3.31,       3.76,      37.65,    124.43,          4.07
        9,          1,    7,          6.49,          3.31,       3.97,      39.65,    131.06,          4.16
        9,          2,    1,         -0.11,          3.31,       2.14,      21.45,     70.93,          2.08
        9,          2,    2,          3.97,          3.31,       2.98,      29.85,     98.72,          3.33
        9,          2,    3,          5.56,          3.31,       3.49,      34.91,    115.41,          3.93
        9,          2,    4,          6.28,          3.31,       3.87,      38.65,    127.75,          4.09
        9,          2,    5,          7.20,          3.30,       4.18,      41.78,    138.07,          4.60
        9,          2,    6,          7.65,          3.30,       4.42,      44.15,    145.91,          4.77
        9,          2,    7,          7.97,          3.30,       4.63,      46.27,    152.90,          4.86
        9,          3,    1,          0.77,          3.31,       2.35,      23.48,     77.67,          2.22
        9,          3,    2,          4.94,          3.31,       3.34,      33.35,    110.25,          3.61
        9,          3,    3,          6.65,          3.31,       3.94,      39.42,    130.29,          4.34
        9,          3,    4,          7.59,          3.30,       4.37,      43.67,    144.29,          4.77
        9,          3,    5,          7.90,          3.30,       4.68,      46.77,    154.53,          4.72
        9,          3,    6,          8.15,          3.30,       4.91,      49.12,    162.31,          4.72
        9,          3,    7,          8.79,          3.30,       5.10,      50.94,    168.33,          5.25
        9,          4,    1,          1.45,          3.31,       2.56,      25.56,     84.51,          2.30
        9,          4,    2,          5.67,          3.31,       3.67,      36.74,    121.45,          3.78
        9,          4,    3,          7.39,          3.30,       4.36,      43.59,    144.04,          4.55
        9,          4,    4,          8.28,          3.30,       4.79,      47.92,    158.35,          5.00
        9,          4,    5,          8.70,          3.30,       5.11,      51.07,    168.73,          5.12
        9,          4,    6,          8.80,          3.30,       5.34,      53.44,    176.57,          4.96
        9,          4,    7,          9.39,          3.30,       5.55,      55.46,    183.25,          5.45
       10,          1,    1,         -0.55,          3.31,       2.00,      19.99,     66.10,          2.09
       10,          1,    2,          3.57,          3.31,       2.76,      27.62,     91.33,          3.38
       10,          1,    3,          5.12,          3.31,       3.20,      31.97,    105.68,          3.98
       10,          1,    4,          5.92,          3.31,       3.48,      34.83,    115.16,          4.29
       10,          1,    5,          6.53,          3.31,       3.75,      37.47,    123.84,          4.50
       10,          1,    6,          6.94,          3.31,       3.97,      39.63,    130.99,          4.62
       10,          1,    7,          7.31,          3.30,       4.18,      41.77,    138.03,          4.72
       10,          2,    1,          0.41,          3.31,       2.20,      22.01,     72.78,          2.25
       10,          2,    2,          4.37,          3.31,       3.11,      31.12,    102.90,          3.47
       10,          2,    3,          6.42,          3.31,       3.67,      36.71,    121.35,          4.51
       10,          2,    4,          7.37,          3.30,       4.07,      40.70,    134.52,          4.93
       10,          2,    5,          8.03,          3.30,       4.41,      44.11,    145.76,          5.22
       10,          2,    6,          8.48,          3.30,       4.68,      46.74,    154.46,          5.41
       10,          2,    7,          8.82,          3.30,       4.90,      48.97,    161.82,          5.53
       10,          3,    1,          1.45,          3.31,       2.41,      24.14,     79.84,          2.50
       10,          3,    2,          5.46,          3.31,       3.49,      34.87,    115.26,          3.84
       10,          3,    3,          7.10,          3.30,       4.16,      41.63,    137.60,          4.51
       10,          3,    4,          8.43,          3.30,       4.63,      46.28,    152.94,          5.40
       10,          3,    5,          9.03,          3.30,       4.97,      49.67,    164.13,          5.70
       10,          3,    6,          9.42,          3.30,       5.23,      52.28,    172.74,          5.88
       10,          3,    7,          9.68,          3.30,       5.43,      54.28,    179.36,          5.98
       10,          4,    1,          2.14,          3.31,       2.63,      26.34,     87.09,          2.59
       10,          4,    2,          6.45,          3.31,       3.86,      38.59,    127.57,          4.25
       10,          4,    3,          7.95,          3.30,       4.62,      46.17,    152.58,          4.85
       10,          4,    4,          8.76,          3.30,       5.10,      50.98,    168.43,          5.20
       10,          4,    5,          9.69,          3.30,       5.45,      54.49,    180.04,          5.96
       10,          4,    6,         10.04,          3.30,       5.71,      57.06,    188.53,          6.13
       10,          4,    7,         10.29,          3.30,       5.92,      59.22,    195.66,          6.23
       11,          1,    1,          0.07,          3.31,       2.03,      20.33,     67.25,          2.35
       11,          1,    2,          4.29,          3.31,       2.87,      28.72,     94.98,          3.78
       11,          1,    3,          5.89,          3.31,       3.35,      33.45,    110.59,          4.49
       11,          1,    4,          6.71,          3.31,       3.65,      36.52,    120.74,          4.84
       11,          1,    5,          7.30,          3.31,       3.94,      39.37,    130.13,          5.06
       11,          1,    6,          7.43,          3.30,       4.17,      41.69,    137.77,          4.86
       11,          1,    7,          8.12,          3.30,       4.39,      43.88,    145.00,          5.36
       11,          2,    1,          0.82,          3.31,       2.25,      22.49,     74.39,          2.40
       11,          2,    2,          5.45,          3.31,       3.25,      32.47,    107.37,          4.21
       11,          2,    3,          7.19,          3.31,       3.85,      38.53,    127.36,          5.06
       11,          2,    4,          8.14,          3.30,       4.29,      42.86,    141.65,          5.54
       11,          2,    5,          8.82,          3.30,       4.65,      46.52,    153.72,          5.88
       11,          2,    6,          9.29,          3.30,       4.94,      49.36,    163.10,          6.10
       11,          2,    7,          9.64,          3.30,       5.19,      51.85,    171.32,          6.25
       11,          3,    1,          2.05,          3.31,       2.48,      24.77,     81.91,          2.76
       11,          3,    2,          6.09,          3.31,       3.64,      36.40,    120.33,          4.21
       11,          3,    3,          8.24,          3.30,       4.38,      43.77,    144.63,          5.52
       11,          3,    4,          9.23,          3.30,       4.89,      48.91,    161.59,          6.08
       11,          3,    5,          9.85,          3.30,       5.27,      52.74,    174.28,          6.42
       11,          3,    6,         10.25,          3.30,       5.56,      55.62,    183.77,          6.63
       11,          3,    7,         10.52,          3.30,       5.79,      57.87,    191.19,          6.75
       11,          4,    1,          2.75,          3.31,       2.70,      26.97,     89.19,          2.89
       11,          4,    2,          7.17,          3.31,       4.04,      40.41,    133.55,          4.76
       11,          4,    3,          8.98,          3.30,       4.87,      48.75,    161.08,          5.77
       11,          4,    4,          9.62,          3.30,       5.42,      54.21,    179.11,          5.91
       11,          4,    5,         10.53,          3.30,       5.81,      58.08,    191.88,          6.73
       11,          4,    6,         10.90,          3.30,       6.09,      60.95,    201.38,          6.93
       11,          4,    7,         11.16,          3.30,       6.32,      63.23,    208.91,          7.06
       12,          1,    1,          0.65,          3.31,       2.07,      20.73,     68.56,          2.61
       12,          1,    2,          4.99,          3.31,       2.99,      29.88,     98.80,          4.23
       12,          1,    3,          6.66,          3.31,       3.51,      35.13,    116.14,          5.04
       12,          1,    4,          7.19,          3.31,       3.85,      38.52,    127.31,          5.07
       12,          1,    5,          8.16,          3.31,       4.16,      41.61,    137.53,          5.76
       12,          1,    6,          8.58,          3.30,       4.40,      43.94,    145.20,          5.95
       12,          1,    7,          8.96,          3.30,       4.63,      46.35,    153.14,          6.10
       12,          2,    1,          1.77,          3.31,       2.30,      23.01,     76.09,          2.89
       12,          2,    2,          6.15,          3.31,       3.38,      33.78,    111.67,          4.71
       12,          2,    3,          7.97,          3.30,       4.06,      40.54,    133.99,          5.69
       12,          2,    4,          8.95,          3.30,       4.53,      45.24,    149.52,          6.26
       12,          2,    5,          9.61,          3.30,       4.93,      49.26,    162.75,          6.60
       12,          2,    6,          9.88,          3.30,       5.24,      52.41,    173.17,          6.53
       12,          2,    7,         10.12,          3.30,       5.52,      55.18,    182.31,          6.50
       12,          3,    1,          2.29,          3.31,       2.53,      25.29,     83.66,          2.84
       12,          3,    2,          7.12,          3.31,       3.80,      38.03,    125.72,          5.06
       12,          3,    3,          9.02,          3.30,       4.62,      46.20,    152.65,          6.20
       12,          3,    4,         10.04,          3.30,       5.19,      51.89,    171.47,          6.85
       12,          3,    5,         10.70,          3.30,       5.62,      56.20,    185.69,          7.26
       12,          3,    6,         11.12,          3.30,       5.95,      59.49,    196.55,          7.50
       12,          3,    7,         11.38,          3.30,       6.19,      61.91,    204.54,          7.61
       12,          4,    1,          2.96,          3.31,       2.76,      27.57,     91.19,          2.94
       12,          4,    2,          7.87,          3.30,       4.23,      42.27,    139.70,          5.29
       12,          4,    3,          9.81,          3.30,       5.17,      51.67,    170.72,          6.52
       12,          4,    4,         10.81,          3.30,       5.78,      57.81,    191.01,          7.21
       12,          4,    5,         11.41,          3.30,       6.22,      62.23,    205.59,          7.62
       12,          4,    6,         11.79,          3.30,       6.53,      65.33,    215.84,          7.87
       12,          4,    7,         12.01,          3.30,       6.78,      67.81,    224.01,          7.95
       13,          1,    1,          0.89,          3.31,       2.12,      21.17,     70.01,          2.67
       13,          1,    2,          5.69,          3.31,       3.11,      31.05,    102.67,          4.72
       13,          1,    3,          7.49,          3.31,       3.70,      37.02,    122.38,          5.72
       13,          1,    4,          8.38,          3.31,       4.08,      40.78,    134.79,          6.22
       13,          1,    5,          9.03,          3.30,       4.41,      44.12,    145.80,          6.57
       13,          1,    6,          9.47,          3.30,       4.67,      46.70,    154.34,          6.79
       13,          1,    7,          9.86,          3.30,       4.92,      49.24,    162.72,          6.99
       13,          2,    1,          2.33,          3.31,       2.35,      23.46,     77.59,          3.20
       13,          2,    2,          6.71,          3.31,       3.53,      35.26,    116.58,          5.07
       13,          2,    3,          8.42,          3.30,       4.28,      42.83,    141.53,          5.92
       13,          2,    4,          9.80,          3.30,       4.80,      47.95,    158.44,          7.10
       13,          2,    5,         10.53,          3.30,       5.25,      52.46,    173.33,          7.57
       13,          2,    6,         11.02,          3.30,       5.60,      55.96,    184.87,          7.87
       13,          2,    7,         11.41,          3.30,       5.91,      59.10,    195.27,          8.08
       13,          3,    1,          3.22,          3.31,       2.58,      25.85,     85.49,          3.42
       13,          3,    2,          7.80,          3.30,       3.98,      39.71,    131.23,          5.63
       13,          3,    3,          9.62,          3.30,       4.89,      48.90,    161.56,          6.67
       13,          3,    4,         10.56,          3.30,       5.53,      55.32,    182.76,          7.16
       13,          3,    5,         11.60,          3.30,       6.03,      60.31,    199.26,          8.25
       13,          3,    6,         12.05,          3.30,       6.39,      63.92,    211.17,          8.57
       13,          3,    7,         12.36,          3.30,       6.66,      66.62,    220.11,          8.79
       13,          4,    1,          3.89,          3.31,       2.82,      28.23,     93.36,          3.54
       13,          4,    2,          8.55,          3.30,       4.42,      44.16,    145.92,          5.88
       13,          4,    3,         10.62,          3.30,       5.49,      54.89,    181.34,          7.34
       13,          4,    4,         11.69,          3.30,       6.20,      61.98,    204.79,          8.17
       13,          4,    5,         12.28,          3.30,       6.70,      66.98,    221.29,          8.58
       13,          4,    6,         12.42,          3.30,       7.05,      70.47,    232.77,          8.36
       13,          4,    7,         13.03,          3.30,       7.33,      73.28,    242.04,          9.22
       14,          1,    1,          1.26,          3.31,       2.15,      21.48,     71.03,          2.86
       14,          1,    2,          6.24,          3.31,       3.22,      32.19,    106.43,          5.12
       14,          1,    3,          8.17,          3.31,       3.89,      38.87,    128.49,          6.30
       14,          1,    4,          9.10,          3.30,       4.30,      42.98,    142.02,          6.90
       14,          1,    5,          9.77,          3.30,       4.65,      46.54,    153.80,          7.33
       14,          1,    6,         10.23,          3.30,       4.93,      49.28,    162.83,          7.60
       14,          1,    7,         10.63,          3.30,       5.21,      52.07,    172.06,          7.83
       14,          2,    1,          2.67,          3.31,       2.38,      23.83,     78.82,          3.38
       14,          2,    2,          7.05,          3.31,       3.65,      36.52,    120.71,          5.25
       14,          2,    3,          9.45,          3.30,       4.49,      44.93,    148.49,          7.08
       14,          2,    4,         10.52,          3.30,       5.06,      50.56,    167.07,          7.88
       14,          2,    5,         11.28,          3.30,       5.55,      55.50,    183.37,          8.44
       14,          2,    6,         11.80,          3.30,       5.93,      59.33,    196.01,          8.80
       14,          2,    7,         12.21,          3.30,       6.27,      62.67,    207.06,          9.09
       14,          3,    1,          3.60,          3.31,       2.63,      26.28,     86.91,          3.65
       14,          3,    2,          8.29,          3.31,       4.11,      41.08,    135.78,          6.04
       14,          3,    3,         10.14,          3.30,       5.14,      51.37,    169.73,          7.10
       14,          3,    4,         11.63,          3.30,       5.85,      58.52,    193.36,          8.60
       14,          3,    5,         12.38,          3.30,       6.40,      63.99,    211.44,          9.23
       14,          3,    6,         12.86,          3.30,       6.79,      67.91,    224.36,          9.65
       14,          3,    7,         13.19,          3.30,       7.09,      70.94,    234.35,          9.92
       14,          4,    1,          4.23,          3.31,       2.87,      28.70,     94.91,          3.74
       14,          4,    2,          9.08,          3.30,       4.57,      45.75,    151.16,          6.37
       14,          4,    3,         11.28,          3.30,       5.78,      57.81,    190.99,          8.05
       14,          4,    4,         12.10,          3.30,       6.57,      65.69,    217.05,          8.41
       14,          4,    5,         13.15,          3.30,       7.13,      71.32,    235.61,          9.76
       14,          4,    6,         13.58,          3.30,       7.50,      75.03,    247.84,         10.19
       14,          4,    7,         13.88,          3.30,       7.79,      77.90,    257.28,         10.48
       15,          1,    1,          1.91,          3.31,       2.18,      21.75,     71.94,          3.25
       15,          1,    2,          6.71,          3.31,       3.32,      33.16,    109.63,          5.49
       15,          1,    3,          8.74,          3.31,       4.07,      40.66,    134.41,          6.79
       15,          1,    4,          9.44,          3.30,       4.52,      45.20,    149.35,          7.03
       15,          1,    5,         10.47,          3.30,       4.90,      48.99,    161.86,          8.10
       15,          1,    6,         10.94,          3.30,       5.20,      51.98,    171.76,          8.41
       15,          1,    7,         11.36,          3.30,       5.49,      54.94,    181.53,          8.69
       15,          2,    1,          2.99,          3.31,       2.42,      24.17,     79.96,          3.57
       15,          2,    2,          7.87,          3.31,       3.76,      37.60,    124.29,          6.11
       15,          2,    3,         10.06,          3.30,       4.70,      46.95,    155.16,          7.74
       15,          2,    4,         11.17,          3.30,       5.32,      53.16,    175.64,          8.64
       15,          2,    5,         11.71,          3.30,       5.85,      58.52,    193.33,          8.77
       15,          2,    6,         12.17,          3.30,       6.25,      62.45,    206.34,          9.05
       15,          2,    7,         12.98,          3.30,       6.59,      65.87,    217.62,         10.27
       15,          3,    1,          3.82,          3.31,       2.67,      26.66,     88.18,          3.76
       15,          3,    2,          8.80,          3.31,       4.23,      42.34,    139.92,          6.56
       15,          3,    3,         11.10,          3.30,       5.38,      53.76,    177.62,          8.40
       15,          3,    4,         12.31,          3.30,       6.14,      61.45,    203.03,          9.53
       15,          3,    5,         13.13,          3.30,       6.73,      67.29,    222.28,         10.37
       15,          3,    6,         13.54,          3.30,       7.13,      71.23,    235.32,         10.69
       15,          3,    7,         13.64,          3.30,       7.43,      74.25,    245.26,         10.47
       15,          4,    1,          4.06,          3.31,       2.91,      29.10,     96.22,          3.53
       15,          4,    2,          9.52,          3.30,       4.70,      47.03,    155.42,          6.82
       15,          4,    3,         11.91,          3.30,       6.05,      60.54,    200.02,          8.82
       15,          4,    4,         13.16,          3.30,       6.91,      69.08,    228.23,         10.13
       15,          4,    5,         13.94,          3.30,       7.49,      74.85,    247.26,         11.09
       15,          4,    6,         14.40,          3.30,       7.88,      78.78,    260.20,         11.67
       15,          4,    7,         14.73,          3.30,       8.19,      81.89,    270.42,         12.05
       16,          1,    1,          2.09,          3.31,       2.21,      22.07,     72.99,          3.33
       16,          1,    2,          6.87,          3.31,       3.40,      34.00,    112.41,          5.52
       16,          1,    3,          9.42,          3.30,       4.25,      42.56,    140.63,          7.52
       16,          1,    4,         10.49,          3.30,       4.75,      47.52,    157.03,          8.43
       16,          1,    5,         11.23,          3.30,       5.16,      51.55,    170.33,          9.08
       16,          1,    6,         11.72,          3.30,       5.46,      54.58,    180.32,          9.53
       16,          1,    7,         12.17,          3.30,       5.76,      57.59,    190.29,          9.93
       16,          2,    1,          3.17,          3.31,       2.45,      24.51,     81.06,          3.65
       16,          2,    2,          8.27,          3.31,       3.86,      38.63,    127.70,          6.48
       16,          2,    3,         10.40,          3.30,       4.91,      49.05,    162.07,          7.95
       16,          2,    4,         11.92,          3.30,       5.57,      55.73,    184.14,          9.73
       16,          2,    5,         12.80,          3.30,       6.12,      61.21,    202.22,         10.71
       16,          2,    6,         13.38,          3.30,       6.53,      65.26,    215.61,         11.37
       16,          2,    7,         13.83,          3.30,       6.88,      68.79,    227.27,         11.89
       16,          3,    1,          4.00,          3.31,       2.70,      27.00,     89.30,          3.86
       16,          3,    2,          9.19,          3.30,       4.34,      43.42,    143.50,          6.96
       16,          3,    3,         11.40,          3.30,       5.60,      56.05,    185.18,          8.58
       16,          3,    4,         13.10,          3.30,       6.42,      64.21,    212.14,         10.86
       16,          3,    5,         13.97,          3.30,       7.03,      70.27,    232.17,         12.00
       16,          3,    6,         14.51,          3.30,       7.44,      74.45,    245.94,         12.73
       16,          3,    7,         14.87,          3.30,       7.78,      77.76,    256.80,         13.20
       16,          4,    1,          4.61,          3.31,       2.95,      29.48,     97.51,          3.94
       16,          4,    2,          9.90,          3.30,       4.82,      48.20,    159.28,          7.24
       16,          4,    3,         12.53,          3.30,       6.30,      63.02,    208.21,          9.72
       16,          4,    4,         13.69,          3.30,       7.23,      72.27,    238.73,         10.91
       16,          4,    5,         14.86,          3.30,       7.88,      78.80,    260.26,         12.96
       16,          4,    6,         15.35,          3.30,       8.31,      83.09,    274.38,         13.70
       16,          4,    7,         15.70,          3.30,       8.65,      86.52,    285.59,         14.20
       17,          1,    1,          2.25,          3.31,       2.23,      22.28,     73.71,          3.40
       17,          1,    2,          7.49,          3.31,       3.47,      34.72,    114.78,          6.20
       17,          1,    3,          9.96,          3.30,       4.40,      44.01,    145.46,          8.19
       17,          1,    4,         10.90,          3.30,       4.93,      49.26,    162.77,          8.88
       17,          1,    5,         12.00,          3.30,       5.35,      53.49,    176.75,         10.41
       17,          1,    6,         12.52,          3.30,       5.66,      56.62,    187.08,         10.98
       17,          1,    7,         12.98,          3.30,       5.98,      59.78,    197.51,         11.46
       17,          2,    1,          3.33,          3.31,       2.48,      24.83,     82.13,          3.72
       17,          2,    2,          8.63,          3.31,       3.95,      39.47,    130.47,          6.87
       17,          2,    3,         11.33,          3.30,       5.07,      50.67,    167.44,          9.49
       17,          2,    4,         12.71,          3.30,       5.78,      57.80,    190.99,         11.19
       17,          2,    5,         13.60,          3.30,       6.36,      63.53,    209.91,         12.35
       17,          2,    6,         13.89,          3.30,       6.77,      67.71,    223.69,         12.27
       17,          2,    7,         14.67,          3.30,       7.14,      71.44,    236.00,         13.83
       17,          3,    1,          4.15,          3.31,       2.73,      27.27,     90.17,          3.95
       17,          3,    2,          9.53,          3.30,       4.43,      44.29,    146.37,          7.35
       17,          3,    3,         12.42,          3.30,       5.78,      57.82,    191.05,         10.47
       17,          3,    4,         13.92,          3.30,       6.67,      66.65,    220.20,         12.59
       17,          3,    5,         14.85,          3.30,       7.33,      73.27,    242.05,         14.04
       17,          3,    6,         15.41,          3.30,       7.79,      77.92,    257.32,         14.90
       17,          3,    7,         15.79,          3.30,       8.15,      81.54,    269.27,         15.48
       17,          4,    1,          4.75,          3.31,       2.98,      29.82,     98.61,          4.02
       17,          4,    2,          9.96,          3.30,       4.92,      49.18,    162.49,          7.16
       17,          4,    3,         13.28,          3.30,       6.50,      64.99,    214.73,         11.18
       17,          4,    4,         14.87,          3.30,       7.54,      75.42,    249.16,         13.64
       17,          4,    5,         15.79,          3.30,       8.28,      82.83,    273.49,         15.21
       17,          4,    6,         16.30,          3.30,       8.76,      87.60,    289.16,         16.11
       17,          4,    7,         16.66,          3.30,       9.14,      91.36,    301.52,         16.70
       18,          1,    1,          2.40,          3.31,       2.25,      22.53,     74.53,          3.48
       18,          1,    2,          7.61,          3.31,       3.54,      35.40,    117.02,          6.23
       18,          1,    3,         10.83,          3.30,       4.53,      45.26,    149.57,          9.68
       18,          1,    4,         12.14,          3.30,       5.10,      50.99,    168.48,         11.38
       18,          1,    5,         12.97,          3.30,       5.56,      55.59,    183.68,         12.47
       18,          1,    6,         13.50,          3.30,       5.89,      58.95,    194.78,         13.15
       18,          1,    7,         13.96,          3.30,       6.23,      62.27,    205.75,         13.73
       18,          2,    1,          3.49,          3.31,       2.51,      25.08,     82.94,          3.82
       18,          2,    2,          9.10,          3.31,       4.02,      40.17,    132.79,          7.50
       18,          2,    3,         11.88,          3.30,       5.22,      52.20,    172.46,         10.43
       18,          2,    4,         13.30,          3.30,       6.01,      60.13,    198.67,         12.28
       18,          2,    5,         14.64,          3.30,       6.64,      66.37,    219.29,         14.94
       18,          2,    6,         15.25,          3.30,       7.10,      71.02,    234.64,         15.92
       18,          2,    7,         15.72,          3.30,       7.51,      75.09,    248.04,         16.71
       18,          3,    1,          4.31,          3.31,       2.76,      27.61,     91.32,          4.04
       18,          3,    2,         10.06,          3.30,       4.51,      45.09,    149.01,          8.15
       18,          3,    3,         13.30,          3.30,       5.96,      59.63,    197.01,         12.40
       18,          3,    4,         14.93,          3.30,       6.96,      69.62,    230.01,         15.14
       18,          3,    5,         15.90,          3.30,       7.73,      77.33,    255.42,         16.86
       18,          3,    6,         16.28,          3.30,       8.26,      82.63,    272.86,         17.12
       18,          3,    7,         16.53,          3.30,       8.67,      86.71,    286.29,         17.19
       18,          4,    1,          4.55,          3.31,       3.01,      30.15,     99.70,          3.78
       18,          4,    2,         10.77,          3.30,       5.00,      49.96,    165.06,          8.48
       18,          4,    3,         14.12,          3.30,       6.70,      66.99,    221.33,         13.11
       18,          4,    4,         15.85,          3.30,       7.92,      79.18,    261.51,         16.22
       18,          4,    5,         16.85,          3.30,       8.78,      87.80,    289.85,         18.23
       18,          4,    6,         17.39,          3.30,       9.34,      93.37,    308.16,         19.33
       18,          4,    7,         17.77,          3.30,       9.77,      97.66,    322.29,         20.07
       19,          1,    1,          2.63,          3.31,       2.28,      22.76,     75.28,          3.62
       19,          1,    2,          8.46,          3.31,       3.57,      35.74,    118.16,          7.52
       19,          1,    3,         11.35,          3.30,       4.63,      46.27,    152.88,         10.65
       19,          1,    4,         13.13,          3.30,       5.29,      52.91,    174.83,         13.70
       19,          1,    5,         14.02,          3.30,       5.81,      58.08,    191.90,         15.11
       19,          1,    6,         14.57,          3.30,       6.19,      61.90,    204.51,         15.94
       19,          1,    7,         15.05,          3.30,       6.55,      65.50,    216.42,         16.68
       19,          2,    1,          3.77,          3.31,       2.53,      25.33,     83.78,          4.02
       19,          2,    2,          9.90,          3.31,       4.07,      40.66,    134.38,          8.91
       19,          2,    3,         13.06,          3.30,       5.36,      53.61,    177.14,         13.28
       19,          2,    4,         14.36,          3.30,       6.27,      62.73,    207.25,         14.93
       19,          2,    5,         15.71,          3.30,       6.99,      69.83,    230.69,         18.07
       19,          2,    6,         16.34,          3.30,       7.51,      75.11,    248.11,         19.29
       19,          2,    7,         16.84,          3.30,       7.98,      79.80,    263.54,         20.22
       19,          3,    1,          4.62,          3.31,       2.79,      27.91,     92.29,          4.28
       19,          3,    2,         10.85,          3.30,       4.57,      45.71,    151.05,          9.60
       19,          3,    3,         14.06,          3.30,       6.12,      61.18,    202.15,         14.35
       19,          3,    4,         15.53,          3.30,       7.28,      72.77,    240.36,         16.56
       19,          3,    5,         16.94,          3.30,       8.17,      81.73,    269.87,         20.17
       19,          3,    6,         17.57,          3.30,       8.78,      87.78,    289.77,         21.53
       19,          3,    7,         17.99,          3.30,       9.26,      92.56,    305.50,         22.42
       19,          4,    1,          5.24,          3.31,       3.04,      30.43,    100.62,          4.39
       19,          4,    2,         11.52,          3.30,       5.07,      50.67,    167.41,          9.93
       19,          4,    3,         14.84,          3.30,       6.87,      68.68,    226.92,         15.05
       19,          4,    4,         16.70,          3.30,       8.25,      82.54,    272.58,         18.85
       19,          4,    5,         17.76,          3.30,       9.30,      93.01,    306.96,         21.15
       19,          4,    6,         18.08,          3.30,       9.96,      99.56,    328.56,         21.16
       19,          4,    7,         18.83,          3.30,      10.46,     104.58,    345.13,         23.81
       20,          1,    1,          3.59,          3.31,       2.29,      22.96,     75.95,          4.47
       20,          1,    2,          9.42,          3.31,       3.62,      36.20,    119.67,          9.24
       20,          1,    3,         12.43,          3.30,       4.74,      47.43,    156.72,         13.28
       20,          1,    4,         13.98,          3.30,       5.53,      55.30,    182.74,         15.85
       20,          1,    5,         14.94,          3.30,       6.12,      61.18,    202.15,         17.61
       20,          1,    6,         15.40,          3.30,       6.54,      65.37,    215.98,         18.13
       20,          1,    7,         15.65,          3.30,       6.92,      69.25,    228.79,         18.01
       20,          2,    1,          4.40,          3.31,       2.55,      25.55,     84.52,          4.62
       20,          2,    2,         10.70,          3.30,       4.13,      41.23,    136.26,         10.54
       20,          2,    3,         13.80,          3.30,       5.50,      55.02,    181.79,         15.28
       20,          2,    4,         15.52,          3.30,       6.55,      65.46,    216.26,         18.61
       20,          2,    5,         16.62,          3.30,       7.37,      73.67,    243.34,         21.00
       20,          2,    6,         17.28,          3.30,       7.96,      79.56,    262.70,         22.48
       20,          2,    7,         17.75,          3.30,       8.47,      84.68,    279.61,         23.41
       20,          3,    1,          5.30,          3.31,       2.82,      28.20,     93.26,          4.94
       20,          3,    2,         11.64,          3.30,       4.64,      46.37,    153.25,         11.35
       20,          3,    3,         14.80,          3.30,       6.27,      62.69,    207.13,         16.57
       20,          3,    4,         16.64,          3.30,       7.56,      75.55,    249.56,         20.52
       20,          3,    5,         17.82,          3.30,       8.61,      86.06,    284.06,         23.36
       20,          3,    6,         18.50,          3.30,       9.32,      93.15,    307.43,         25.02
       20,          3,    7,         18.95,          3.30,       9.86,      98.57,    325.31,         26.15
       20,          4,    1,          6.08,          3.31,       3.07,      30.71,    101.55,          5.27
       20,          4,    2,         11.89,          3.30,       5.14,      51.39,    169.81,         10.63
       20,          4,    3,         15.46,          3.30,       7.01,      70.10,    231.58,         16.97
       20,          4,    4,         17.38,          3.30,       8.54,      85.38,    281.84,         21.25
       20,          4,    5,         18.63,          3.30,       9.78,      97.80,    322.76,         24.45
       20,          4,    6,         19.31,          3.30,      10.58,     105.78,    349.04,         26.29
       20,          4,    7,         19.75,          3.30,      11.16,     111.59,    368.21,         27.45
       21,          1,    1,          4.35,          3.31,       2.32,      23.17,     76.64,          5.27
       21,          1,    2,          9.77,          3.31,       3.67,      36.70,    121.34,          9.84
       21,          1,    3,         12.60,          3.30,       4.85,      48.54,    160.39,         13.46
       21,          1,    4,         14.62,          3.30,       5.73,      57.32,    189.37,         17.64
       21,          1,    5,         15.67,          3.30,       6.41,      64.10,    211.80,         19.75
       21,          1,    6,         16.27,          3.30,       6.87,      68.62,    226.71,         20.99
       21,          1,    7,         16.75,          3.30,       7.28,      72.80,    240.49,         21.99
       21,          2,    1,          5.56,          3.31,       2.58,      25.81,     85.35,          5.96
       21,          2,    2,         11.18,          3.30,       4.19,      41.92,    138.54,         11.56
       21,          2,    3,         13.95,          3.30,       5.62,      56.21,    185.71,         15.45
       21,          2,    4,         16.08,          3.30,       6.76,      67.63,    223.45,         20.43
       21,          2,    5,         17.28,          3.30,       7.70,      77.02,    254.36,         23.30
       21,          2,    6,         17.98,          3.30,       8.36,      83.60,    275.99,         25.02
       21,          2,    7,         18.51,          3.30,       8.92,      89.22,    294.54,         26.31
       21,          3,    1,          6.46,          3.31,       2.85,      28.43,     94.03,          6.40
       21,          3,    2,         12.17,          3.30,       4.71,      47.06,    155.50,         12.62
       21,          3,    3,         15.26,          3.30,       6.40,      63.97,    211.36,         17.99
       21,          3,    4,         16.85,          3.30,       7.78,      77.80,    256.96,         20.88
       21,          3,    5,         18.47,          3.30,       8.98,      89.80,    296.40,         25.86
       21,          3,    6,         19.21,          3.30,       9.81,      98.05,    323.54,         27.92
       21,          3,    7,         19.71,          3.30,      10.44,     104.37,    344.42,         29.29
       21,          4,    1,          7.11,          3.31,       3.10,      30.99,    102.49,          6.62
       21,          4,    2,         12.84,          3.30,       5.22,      52.20,    172.47,         13.00
       21,          4,    3,         15.96,          3.30,       7.15,      71.45,    236.05,         18.66
       21,          4,    4,         17.70,          3.30,       8.76,      87.63,    289.28,         22.27
       21,          4,    5,         19.26,          3.30,      10.19,     101.90,    336.28,         27.09
       21,          4,    6,         20.04,          3.30,      11.16,     111.59,    368.21,         29.40
       21,          4,    7,         20.53,          3.30,      11.85,     118.50,    390.89,         30.87
       22,          1,    1,          4.75,          3.31,       2.34,      23.37,     77.31,          5.73
       22,          1,    2,         10.31,          3.31,       3.72,      37.21,    123.01,         10.98
       22,          1,    3,         13.32,          3.30,       4.94,      49.45,    163.40,         15.55
       22,          1,    4,         15.07,          3.30,       5.91,      59.13,    195.38,         18.90
       22,          1,    5,         16.21,          3.30,       6.67,      66.73,    220.48,         21.41
       22,          1,    6,         16.83,          3.30,       7.17,      71.72,    236.92,         22.76
       22,          1,    7,         17.07,          3.30,       7.63,      76.26,    251.89,         22.47
       22,          2,    1,          5.69,          3.31,       2.60,      26.03,     86.10,          6.08
       22,          2,    2,         11.60,          3.30,       4.25,      42.52,    140.53,         12.53
       22,          2,    3,         14.65,          3.30,       5.73,      57.34,    189.43,         17.74
       22,          2,    4,         16.50,          3.30,       6.96,      69.61,    229.97,         21.82
       22,          2,    5,         17.81,          3.30,       8.04,      80.34,    265.32,         25.13
       22,          2,    6,         18.57,          3.30,       8.78,      87.79,    289.83,         27.19
       22,          2,    7,         19.11,          3.30,       9.42,      94.25,    311.06,         28.49
       22,          3,    1,          6.65,          3.31,       2.87,      28.70,     94.93,          6.62
       22,          3,    2,         12.57,          3.30,       4.78,      47.76,    157.81,         13.61
       22,          3,    3,         15.66,          3.30,       6.54,      65.36,    215.94,         19.28
       22,          3,    4,         17.58,          3.30,       8.02,      80.15,    264.70,         23.88
       22,          3,    5,         18.98,          3.30,       9.38,      93.80,    309.59,         27.78
       22,          3,    6,         19.82,          3.30,      10.37,     103.68,    342.15,         30.28
       22,          3,    7,         20.37,          3.30,      11.15,     111.49,    367.88,         31.80
       22,          4,    1,          7.51,          3.31,       3.13,      31.28,    103.44,          7.20
       22,          4,    2,         12.92,          3.30,       5.30,      52.98,    175.05,         13.06
       22,          4,    3,         16.40,          3.30,       7.30,      72.99,    241.13,         20.18
       22,          4,    4,         18.34,          3.30,       9.02,      90.21,    297.78,         25.00
       22,          4,    5,         19.77,          3.30,      10.64,     106.39,    351.07,         29.09
       22,          4,    6,         20.65,          3.30,      11.84,     118.32,    390.37,         31.83
       22,          4,    7,         21.21,          3.30,      12.70,     126.99,    418.78,         33.56

