[Radio] Initializing ... success!
Connected to RF power monitor: Rohde&Schwarz,FPC1500,1328.6660K03/205785,V1.80
Connected to DC power monitor: radiolib-org,DCpowerMon,070dd3d
setCurrentLimit, code 0

Set [dBm],Measured unoptimized [dBm],Bus voltage[V],Voltage[mV],Current[mA],Power [mW], Measured optimized [dBm],Bus voltage[V],Voltage[mV],Current[mA],Power [mW]
       -9,                     -8.36,          3.31,       1.83,      18.35,     60.69                     -8.21,          3.31,       1.43,      14.29,     47.27
       -9,                     -8.36,          3.31,       1.83,      18.32,     60.61                     -8.21,          3.31,       1.43,      14.27,     47.22
       -9,                     -8.44,          3.31,       1.83,      18.33,     60.61                     -8.56,          3.31,       1.43,      14.32,     47.35
       -9,                     -8.37,          3.31,       1.83,      18.33,     60.62                     -8.21,          3.31,       1.43,      14.30,     47.31
       -9,                     -8.36,          3.31,       1.83,      18.33,     60.62                     -8.21,          3.31,       1.43,      14.29,     47.27
       -9,                     -8.36,          3.31,       1.84,      18.35,     60.72                     -8.21,          3.31,       1.43,      14.29,     47.26
       -9,                     -8.38,          3.31,       1.83,      18.36,     60.73                     -8.49,          3.31,       1.43,      14.31,     47.34
       -9,                     -8.36,          3.31,       1.83,      18.32,     60.61                     -8.21,          3.31,       1.43,      14.30,     47.32
       -9,                     -8.36,          3.31,       1.83,      18.32,     60.59                     -8.21,          3.31,       1.43,      14.30,     47.28
       -9,                     -8.36,          3.31,       1.83,      18.34,     60.67                     -8.21,          3.31,       1.43,      14.31,     47.33
       -8,                     -7.43,          3.31,       1.93,      19.34,     63.97                     -7.50,          3.31,       1.44,      14.34,     47.45
       -8,                     -7.15,          3.31,       1.93,      19.32,     63.90                     -7.11,          3.31,       1.44,      14.39,     47.58
       -8,                     -7.14,          3.31,       1.93,      19.30,     63.83                     -7.11,          3.31,       1.44,      14.36,     47.51
       -8,                     -7.15,          3.31,       1.93,      19.32,     63.90                     -7.14,          3.31,       1.44,      14.38,     47.59
       -8,                     -7.47,          3.31,       1.93,      19.31,     63.86                     -7.11,          3.31,       1.44,      14.39,     47.59
       -8,                     -7.14,          3.31,       1.93,      19.30,     63.85                     -7.11,          3.31,       1.44,      14.39,     47.59
       -8,                     -7.15,          3.31,       1.93,      19.32,     63.91                     -7.11,          3.31,       1.44,      14.35,     47.47
       -8,                     -7.15,          3.31,       1.93,      19.34,     63.95                     -7.15,          3.31,       1.44,      14.36,     47.51
       -8,                     -7.50,          3.31,       1.93,      19.30,     63.82                     -7.11,          3.31,       1.44,      14.37,     47.53
       -8,                     -7.15,          3.31,       1.93,      19.31,     63.85                     -7.11,          3.31,       1.44,      14.36,     47.50
       -7,                     -6.11,          3.31,       2.03,      20.28,     67.06                     -5.75,          3.31,       1.52,      15.18,     50.22
       -7,                     -6.11,          3.31,       2.03,      20.25,     66.98                     -5.76,          3.31,       1.52,      15.17,     50.18
       -7,                     -6.36,          3.31,       2.03,      20.28,     67.05                     -6.11,          3.31,       1.52,      15.18,     50.19
       -7,                     -6.11,          3.31,       2.03,      20.26,     67.02                     -5.75,          3.31,       1.52,      15.16,     50.15
       -7,                     -6.11,          3.31,       2.03,      20.26,     67.02                     -5.75,          3.31,       1.52,      15.18,     50.20
       -7,                     -6.11,          3.31,       2.03,      20.28,     67.08                     -5.77,          3.31,       1.52,      15.15,     50.11
       -7,                     -6.34,          3.31,       2.03,      20.26,     66.99                     -6.11,          3.31,       1.52,      15.17,     50.18
       -7,                     -6.11,          3.31,       2.03,      20.25,     66.97                     -5.75,          3.31,       1.52,      15.18,     50.21
       -7,                     -6.11,          3.31,       2.03,      20.25,     66.98                     -5.75,          3.31,       1.52,      15.19,     50.24
       -7,                     -6.12,          3.31,       2.03,      20.26,     67.00                     -5.75,          3.31,       1.52,      15.17,     50.17
       -6,                     -5.19,          3.31,       2.13,      21.27,     70.33                     -5.28,          3.31,       1.66,      16.55,     54.74
       -6,                     -5.16,          3.31,       2.13,      21.27,     70.36                     -4.95,          3.31,       1.65,      16.56,     54.77
       -6,                     -5.16,          3.31,       2.13,      21.29,     70.39                     -4.96,          3.31,       1.65,      16.52,     54.66
       -6,                     -5.16,          3.31,       2.13,      21.27,     70.33                     -4.96,          3.31,       1.65,      16.54,     54.71
       -6,                     -5.22,          3.31,       2.13,      21.26,     70.30                     -5.26,          3.31,       1.66,      16.56,     54.77
       -6,                     -5.16,          3.31,       2.13,      21.27,     70.33                     -4.96,          3.31,       1.65,      16.54,     54.71
       -6,                     -5.16,          3.31,       2.13,      21.28,     70.38                     -4.96,          3.31,       1.65,      16.55,     54.75
       -6,                     -5.17,          3.31,       2.13,      21.26,     70.31                     -4.96,          3.31,       1.66,      16.54,     54.71
       -6,                     -5.17,          3.31,       2.13,      21.30,     70.43                     -5.14,          3.31,       1.66,      16.54,     54.69
       -6,                     -5.53,          3.31,       2.13,      21.26,     70.32                     -4.96,          3.31,       1.65,      16.53,     54.68
       -5,                     -3.53,          3.31,       2.32,      23.23,     76.81                     -3.35,          3.31,       1.74,      17.40,     57.55
       -5,                     -3.53,          3.31,       2.32,      23.22,     76.78                     -3.35,          3.31,       1.74,      17.37,     57.46
       -5,                     -3.54,          3.31,       2.32,      23.24,     76.86                     -3.66,          3.31,       1.74,      17.39,     57.53
       -5,                     -3.53,          3.31,       2.32,      23.21,     76.76                     -3.35,          3.31,       1.74,      17.39,     57.51
       -5,                     -3.53,          3.31,       2.32,      23.23,     76.84                     -3.35,          3.31,       1.74,      17.38,     57.48
       -5,                     -3.53,          3.31,       2.32,      23.23,     76.85                     -3.35,          3.31,       1.74,      17.39,     57.51
       -5,                     -3.54,          3.31,       2.32,      23.21,     76.76                     -3.50,          3.31,       1.74,      17.40,     57.55
       -5,                     -3.89,          3.31,       2.32,      23.21,     76.76                     -3.35,          3.31,       1.74,      17.39,     57.51
       -5,                     -3.53,          3.31,       2.32,      23.25,     76.90                     -3.35,          3.31,       1.74,      17.38,     57.49
       -5,                     -3.53,          3.31,       2.32,      23.24,     76.85                     -3.35,          3.31,       1.74,      17.40,     57.57
       -4,                     -2.84,          3.31,       2.41,      24.17,     79.93                     -2.78,          3.31,       1.92,      19.21,     63.55
       -4,                     -2.82,          3.31,       2.42,      24.16,     79.90                     -2.45,          3.31,       1.92,      19.18,     63.46
       -4,                     -2.82,          3.31,       2.41,      24.14,     79.83                     -2.45,          3.31,       1.92,      19.20,     63.49
       -4,                     -2.82,          3.31,       2.41,      24.14,     79.83                     -2.45,          3.31,       1.92,      19.20,     63.51
       -4,                     -2.84,          3.31,       2.42,      24.15,     79.88                     -2.70,          3.31,       1.92,      19.18,     63.44
       -4,                     -3.20,          3.31,       2.41,      24.16,     79.90                     -2.45,          3.31,       1.92,      19.17,     63.42
       -4,                     -2.82,          3.31,       2.41,      24.14,     79.82                     -2.45,          3.31,       1.92,      19.20,     63.51
       -4,                     -2.82,          3.31,       2.42,      24.15,     79.87                     -2.45,          3.31,       1.92,      19.19,     63.46
       -4,                     -2.86,          3.31,       2.42,      24.17,     79.92                     -2.78,          3.31,       1.92,      19.19,     63.49
       -4,                     -2.82,          3.31,       2.42,      24.15,     79.88                     -2.45,          3.31,       1.92,      19.19,     63.49
       -3,                     -2.16,          3.31,       2.52,      25.18,     83.27                     -1.97,          3.31,       2.03,      20.33,     67.25
       -3,                     -2.16,          3.31,       2.52,      25.15,     83.15                     -1.97,          3.31,       2.03,      20.35,     67.30
       -3,                     -2.23,          3.31,       2.52,      25.19,     83.28                     -2.32,          3.31,       2.04,      20.36,     67.33
       -3,                     -2.16,          3.31,       2.52,      25.19,     83.30                     -1.97,          3.31,       2.03,      20.34,     67.28
       -3,                     -2.16,          3.31,       2.52,      25.19,     83.31                     -1.97,          3.31,       2.03,      20.34,     67.26
       -3,                     -2.17,          3.31,       2.52,      25.17,     83.24                     -1.97,          3.31,       2.03,      20.33,     67.23
       -3,                     -2.16,          3.31,       2.52,      25.18,     83.26                     -2.04,          3.31,       2.03,      20.33,     67.23
       -3,                     -2.16,          3.31,       2.52,      25.18,     83.26                     -1.97,          3.31,       2.03,      20.32,     67.22
       -3,                     -2.16,          3.31,       2.52,      25.17,     83.25                     -1.97,          3.31,       2.03,      20.35,     67.31
       -3,                     -2.17,          3.31,       2.52,      25.20,     83.32                     -2.02,          3.31,       2.03,      20.32,     67.18
       -2,                     -1.34,          3.31,       2.71,      27.11,     89.63                     -0.86,          3.31,       2.24,      22.35,     73.92
       -2,                     -0.98,          3.31,       2.71,      27.10,     89.60                     -0.86,          3.31,       2.24,      22.37,     73.97
       -2,                     -0.98,          3.31,       2.71,      27.10,     89.61                     -0.86,          3.31,       2.24,      22.38,     74.00
       -2,                     -0.98,          3.31,       2.71,      27.11,     89.65                     -0.91,          3.31,       2.24,      22.35,     73.93
       -2,                     -1.32,          3.31,       2.71,      27.11,     89.63                     -0.86,          3.31,       2.23,      22.34,     73.87
       -2,                     -0.98,          3.31,       2.71,      27.10,     89.60                     -0.86,          3.31,       2.24,      22.38,     74.00
       -2,                     -0.98,          3.31,       2.71,      27.11,     89.65                     -0.86,          3.31,       2.24,      22.35,     73.92
       -2,                     -0.98,          3.31,       2.71,      27.11,     89.64                     -0.89,          3.31,       2.24,      22.35,     73.94
       -2,                     -1.31,          3.31,       2.71,      27.11,     89.64                     -0.86,          3.31,       2.24,      22.35,     73.92
       -2,                     -0.98,          3.31,       2.71,      27.13,     89.72                     -0.86,          3.31,       2.24,      22.36,     73.94
       -1,                     -0.01,          3.31,       2.89,      28.89,     95.54                      0.20,          3.31,       2.03,      20.32,     67.22
       -1,                     -0.01,          3.31,       2.89,      28.91,     95.59                      0.20,          3.31,       2.03,      20.33,     67.26
       -1,                     -0.07,          3.31,       2.89,      28.91,     95.58                     -0.08,          3.31,       2.03,      20.34,     67.27
       -1,                     -0.01,          3.31,       2.89,      28.91,     95.59                      0.20,          3.31,       2.03,      20.34,     67.27
       -1,                     -0.01,          3.31,       2.89,      28.92,     95.64                      0.20,          3.31,       2.03,      20.34,     67.26
       -1,                     -0.01,          3.31,       2.89,      28.94,     95.68                      0.20,          3.31,       2.03,      20.34,     67.29
       -1,                     -0.19,          3.31,       2.89,      28.92,     95.63                     -0.15,          3.31,       2.03,      20.34,     67.27
       -1,                     -0.00,          3.31,       2.89,      28.91,     95.58                      0.20,          3.31,       2.03,      20.36,     67.35
       -1,                     -0.00,          3.31,       2.89,      28.92,     95.63                      0.20,          3.31,       2.04,      20.37,     67.38
       -1,                     -0.00,          3.31,       2.89,      28.90,     95.57                      0.20,          3.31,       2.04,      20.35,     67.32
        0,                      0.88,          3.31,       3.08,      30.75,    101.66                      0.97,          3.31,       2.25,      22.51,     74.44
        0,                      0.92,          3.31,       3.08,      30.74,    101.62                      1.31,          3.31,       2.25,      22.49,     74.40
        0,                      0.92,          3.31,       3.08,      30.75,    101.66                      1.31,          3.31,       2.25,      22.49,     74.39
        0,                      0.92,          3.31,       3.08,      30.76,    101.70                      1.19,          3.31,       2.25,      22.52,     74.48
        0,                      0.56,          3.31,       3.08,      30.78,    101.76                      1.31,          3.31,       2.25,      22.50,     74.39
        0,                      0.92,          3.31,       3.08,      30.78,    101.76                      1.31,          3.31,       2.25,      22.49,     74.38
        0,                      0.92,          3.31,       3.08,      30.76,    101.70                      1.31,          3.31,       2.25,      22.53,     74.51
        0,                      0.91,          3.31,       3.08,      30.75,    101.66                      1.11,          3.31,       2.25,      22.50,     74.41
        0,                      0.55,          3.31,       3.08,      30.77,    101.73                      1.31,          3.31,       2.25,      22.50,     74.43
        0,                      0.92,          3.31,       3.08,      30.76,    101.71                      1.31,          3.31,       2.25,      22.48,     74.36
        1,                      1.75,          3.31,       3.26,      32.62,    107.82                      1.78,          3.31,       2.15,      21.50,     71.13
        1,                      1.74,          3.31,       3.26,      32.62,    107.85                      1.49,          3.31,       2.15,      21.50,     71.09
        1,                      1.75,          3.31,       3.26,      32.62,    107.83                      1.78,          3.31,       2.15,      21.51,     71.14
        1,                      1.75,          3.31,       3.26,      32.63,    107.86                      1.78,          3.31,       2.15,      21.52,     71.18
        1,                      1.75,          3.31,       3.26,      32.64,    107.89                      1.78,          3.31,       2.15,      21.50,     71.09
        1,                      1.66,          3.31,       3.26,      32.64,    107.90                      1.78,          3.31,       2.15,      21.49,     71.09
        1,                      1.75,          3.31,       3.27,      32.63,    107.86                      1.78,          3.31,       2.15,      21.50,     71.11
        1,                      1.75,          3.31,       3.26,      32.63,    107.89                      1.78,          3.31,       2.15,      21.51,     71.14
        1,                      1.72,          3.31,       3.26,      32.63,    107.87                      1.45,          3.31,       2.15,      21.53,     71.20
        1,                      1.75,          3.31,       3.26,      32.63,    107.87                      1.78,          3.31,       2.15,      21.51,     71.13
        2,                      2.85,          3.31,       3.52,      35.20,    116.35                      2.88,          3.31,       2.39,      23.86,     78.91
        2,                      2.85,          3.31,       3.52,      35.21,    116.38                      2.88,          3.31,       2.38,      23.84,     78.84
        2,                      2.83,          3.31,       3.52,      35.19,    116.31                      2.61,          3.31,       2.38,      23.85,     78.88
        2,                      2.85,          3.31,       3.52,      35.20,    116.36                      2.88,          3.31,       2.38,      23.83,     78.81
        2,                      2.85,          3.31,       3.52,      35.17,    116.24                      2.88,          3.31,       2.38,      23.82,     78.78
        2,                      2.85,          3.31,       3.52,      35.18,    116.28                      2.84,          3.31,       2.39,      23.85,     78.88
        2,                      2.52,          3.31,       3.52,      35.20,    116.32                      2.88,          3.31,       2.39,      23.86,     78.88
        2,                      2.85,          3.31,       3.52,      35.19,    116.33                      2.88,          3.31,       2.39,      23.83,     78.80
        2,                      2.85,          3.31,       3.52,      35.17,    116.25                      2.88,          3.31,       2.38,      23.83,     78.82
        2,                      2.85,          3.31,       3.52,      35.21,    116.39                      2.87,          3.31,       2.38,      23.81,     78.75
        3,                      3.21,          3.31,       3.68,      36.83,    121.73                      3.63,          3.31,       2.51,      25.09,     82.98
        3,                      3.51,          3.31,       3.68,      36.81,    121.65                      3.63,          3.31,       2.51,      25.09,     82.98
        3,                      3.51,          3.31,       3.68,      36.82,    121.68                      3.63,          3.31,       2.51,      25.11,     83.03
        3,                      3.51,          3.31,       3.68,      36.79,    121.60                      3.63,          3.31,       2.51,      25.08,     82.93
        3,                      3.47,          3.31,       3.68,      36.82,    121.69                      3.29,          3.31,       2.51,      25.09,     82.98
        3,                      3.51,          3.31,       3.68,      36.82,    121.68                      3.63,          3.31,       2.51,      25.09,     82.97
        3,                      3.51,          3.31,       3.68,      36.81,    121.66                      3.63,          3.31,       2.51,      25.08,     82.93
        3,                      3.51,          3.31,       3.68,      36.79,    121.63                      3.63,          3.31,       2.51,      25.08,     82.95
        3,                      3.50,          3.31,       3.68,      36.80,    121.62                      3.36,          3.31,       2.51,      25.07,     82.92
        3,                      3.51,          3.31,       3.68,      36.82,    121.68                      3.63,          3.31,       2.51,      25.07,     82.90
        4,                      4.70,          3.30,       3.99,      39.93,    131.95                      4.91,          3.31,       2.34,      23.36,     77.27
        4,                      4.70,          3.30,       3.99,      39.91,    131.88                      4.91,          3.31,       2.34,      23.36,     77.26
        4,                      4.70,          3.30,       3.99,      39.92,    131.94                      4.75,          3.31,       2.33,      23.34,     77.19
        4,                      4.35,          3.30,       3.99,      39.92,    131.93                      4.91,          3.31,       2.34,      23.35,     77.23
        4,                      4.70,          3.30,       3.99,      39.90,    131.85                      4.91,          3.31,       2.34,      23.35,     77.22
        4,                      4.70,          3.30,       3.99,      39.89,    131.84                      4.91,          3.31,       2.34,      23.35,     77.21
        4,                      4.70,          3.30,       3.99,      39.90,    131.87                      4.88,          3.31,       2.34,      23.36,     77.25
        4,                      4.35,          3.30,       3.99,      39.91,    131.90                      4.91,          3.31,       2.34,      23.36,     77.25
        4,                      4.70,          3.30,       3.99,      39.91,    131.89                      4.91,          3.31,       2.34,      23.36,     77.24
        4,                      4.70,          3.31,       3.99,      39.92,    131.94                      4.91,          3.31,       2.34,      23.37,     77.27
        5,                      5.46,          3.30,       4.20,      42.02,    138.86                      5.33,          3.31,       3.25,      32.46,    107.31
        5,                      5.10,          3.30,       4.20,      42.02,    138.86                      5.57,          3.31,       3.24,      32.44,    107.24
        5,                      5.46,          3.30,       4.20,      42.02,    138.87                      5.57,          3.31,       3.24,      32.46,    107.31
        5,                      5.46,          3.30,       4.20,      42.02,    138.88                      5.57,          3.31,       3.25,      32.45,    107.28
        5,                      5.46,          3.30,       4.20,      42.01,    138.83                      5.57,          3.31,       3.25,      32.46,    107.32
        5,                      5.42,          3.30,       4.20,      42.02,    138.87                      5.23,          3.31,       3.25,      32.46,    107.30
        5,                      5.46,          3.30,       4.20,      42.04,    138.91                      5.57,          3.31,       3.24,      32.45,    107.29
        5,                      5.46,          3.30,       4.20,      41.99,    138.76                      5.57,          3.31,       3.24,      32.45,    107.26
        5,                      5.46,          3.30,       4.20,      42.01,    138.81                      5.55,          3.31,       3.24,      32.44,    107.25
        5,                      5.15,          3.30,       4.20,      42.04,    138.92                      5.20,          3.31,       3.25,      32.44,    107.23
        6,                      6.45,          3.30,       4.49,      44.86,    148.22                      6.59,          3.31,       2.84,      28.44,     94.03
        6,                      6.45,          3.30,       4.48,      44.84,    148.17                      6.60,          3.31,       2.85,      28.47,     94.15
        6,                      6.45,          3.30,       4.48,      44.85,    148.20                      6.59,          3.31,       2.85,      28.45,     94.08
        6,                      6.13,          3.30,       4.48,      44.81,    148.05                      6.60,          3.31,       2.85,      28.48,     94.17
        6,                      6.45,          3.30,       4.49,      44.85,    148.21                      6.60,          3.31,       2.85,      28.46,     94.08
        6,                      6.45,          3.30,       4.48,      44.81,    148.08                      6.60,          3.31,       2.85,      28.48,     94.18
        6,                      6.45,          3.30,       4.48,      44.82,    148.10                      6.60,          3.31,       2.85,      28.46,     94.11
        6,                      6.42,          3.30,       4.48,      44.84,    148.17                      6.26,          3.31,       2.85,      28.46,     94.10
        6,                      6.45,          3.30,       4.48,      44.83,    148.14                      6.60,          3.31,       2.85,      28.44,     94.04
        6,                      6.45,          3.30,       4.48,      44.84,    148.16                      6.60,          3.31,       2.85,      28.47,     94.12
        7,                      7.55,          3.30,       4.82,      48.21,    159.26                      7.62,          3.31,       3.48,      34.72,    114.78
        7,                      7.54,          3.30,       4.82,      48.20,    159.26                      7.59,          3.31,       3.47,      34.72,    114.78
        7,                      7.19,          3.30,       4.82,      48.22,    159.34                      7.62,          3.31,       3.47,      34.72,    114.79
        7,                      7.54,          3.30,       4.82,      48.22,    159.33                      7.62,          3.31,       3.47,      34.73,    114.83
        7,                      7.54,          3.30,       4.82,      48.23,    159.35                      7.62,          3.31,       3.47,      34.72,    114.76
        7,                      7.54,          3.30,       4.82,      48.21,    159.29                      7.62,          3.31,       3.47,      34.73,    114.80
        7,                      7.31,          3.30,       4.82,      48.24,    159.38                      7.62,          3.31,       3.48,      34.76,    114.92
        7,                      7.54,          3.30,       4.82,      48.24,    159.40                      7.62,          3.31,       3.48,      34.76,    114.89
        7,                      7.54,          3.30,       4.82,      48.21,    159.31                      7.62,          3.31,       3.47,      34.73,    114.81
        7,                      7.51,          3.30,       4.82,      48.21,    159.32                      7.29,          3.31,       3.47,      34.73,    114.80
        8,                      8.51,          3.30,       5.16,      51.63,    170.58                      8.52,          3.31,       3.18,      31.79,    105.12
        8,                      8.51,          3.30,       5.16,      51.62,    170.55                      8.52,          3.31,       3.18,      31.80,    105.13
        8,                      8.51,          3.30,       5.16,      51.65,    170.66                      8.52,          3.31,       3.18,      31.77,    105.04
        8,                      8.33,          3.30,       5.16,      51.61,    170.52                      8.17,          3.31,       3.18,      31.79,    105.10
        8,                      8.51,          3.30,       5.16,      51.62,    170.54                      8.52,          3.31,       3.18,      31.77,    105.05
        8,                      8.51,          3.30,       5.16,      51.60,    170.46                      8.52,          3.31,       3.18,      31.78,    105.10
        8,                      8.51,          3.30,       5.16,      51.63,    170.58                      8.47,          3.31,       3.18,      31.79,    105.09
        8,                      8.20,          3.30,       5.16,      51.60,    170.51                      8.52,          3.31,       3.18,      31.79,    105.10
        8,                      8.51,          3.30,       5.16,      51.60,    170.50                      8.52,          3.31,       3.18,      31.78,    105.07
        8,                      8.51,          3.30,       5.16,      51.62,    170.56                      8.52,          3.31,       3.18,      31.80,    105.14
        9,                      9.52,          3.30,       5.54,      55.44,    183.18                      9.56,          3.31,       3.62,      36.20,    119.63
        9,                      9.39,          3.30,       5.55,      55.44,    183.18                      9.18,          3.31,       3.62,      36.17,    119.57
        9,                      9.52,          3.30,       5.55,      55.45,    183.19                      9.56,          3.31,       3.62,      36.19,    119.64
        9,                      9.52,          3.30,       5.54,      55.44,    183.19                      9.56,          3.31,       3.62,      36.21,    119.67
        9,                      9.52,          3.30,       5.55,      55.48,    183.30                      9.45,          3.31,       3.62,      36.20,    119.66
        9,                      9.16,          3.30,       5.55,      55.45,    183.20                      9.56,          3.31,       3.62,      36.17,    119.58
        9,                      9.52,          3.30,       5.55,      55.46,    183.23                      9.56,          3.31,       3.62,      36.19,    119.63
        9,                      9.52,          3.30,       5.54,      55.43,    183.13                      9.56,          3.31,       3.62,      36.18,    119.61
        9,                      9.45,          3.30,       5.54,      55.46,    183.24                      9.22,          3.31,       3.62,      36.17,    119.55
        9,                      9.52,          3.30,       5.55,      55.44,    183.20                      9.56,          3.31,       3.62,      36.15,    119.48
       10,                     10.42,          3.30,       5.92,      59.24,    195.72                     10.44,          3.31,       3.72,      37.23,    123.08
       10,                     10.42,          3.30,       5.93,      59.26,    195.81                     10.44,          3.31,       3.72,      37.22,    123.05
       10,                     10.37,          3.30,       5.93,      59.26,    195.80                     10.10,          3.31,       3.72,      37.23,    123.06
       10,                     10.42,          3.30,       5.93,      59.27,    195.82                     10.45,          3.31,       3.72,      37.21,    123.01
       10,                     10.42,          3.30,       5.93,      59.26,    195.77                     10.45,          3.31,       3.72,      37.23,    123.05
       10,                     10.42,          3.30,       5.92,      59.22,    195.65                     10.44,          3.31,       3.72,      37.23,    123.06
       10,                     10.13,          3.30,       5.93,      59.25,    195.76                     10.44,          3.31,       3.72,      37.21,    122.99
       10,                     10.42,          3.30,       5.92,      59.22,    195.68                     10.44,          3.31,       3.72,      37.23,    123.07
       10,                     10.42,          3.30,       5.92,      59.22,    195.65                     10.45,          3.31,       3.72,      37.22,    123.03
       10,                     10.42,          3.30,       5.93,      59.26,    195.80                     10.45,          3.31,       3.72,      37.24,    123.07
       11,                     11.25,          3.30,       6.32,      63.23,    208.90                     11.04,          3.30,       4.19,      41.92,    138.54
       11,                     11.29,          3.30,       6.32,      63.24,    208.93                     11.34,          3.30,       4.20,      41.94,    138.58
       11,                     11.28,          3.30,       6.32,      63.22,    208.87                     11.34,          3.31,       4.19,      41.92,    138.54
       11,                     11.28,          3.30,       6.32,      63.25,    208.96                     11.34,          3.30,       4.19,      41.93,    138.57
       11,                     11.23,          3.30,       6.32,      63.22,    208.87                     11.00,          3.30,       4.19,      41.91,    138.50
       11,                     11.28,          3.30,       6.32,      63.26,    209.00                     11.34,          3.30,       4.19,      41.91,    138.49
       11,                     11.28,          3.30,       6.32,      63.24,    208.93                     11.34,          3.31,       4.19,      41.90,    138.48
       11,                     11.28,          3.30,       6.32,      63.21,    208.83                     11.32,          3.30,       4.19,      41.90,    138.47
       11,                     10.99,          3.30,       6.32,      63.20,    208.81                     10.95,          3.31,       4.19,      41.90,    138.48
       11,                     11.28,          3.30,       6.32,      63.22,    208.88                     11.33,          3.30,       4.19,      41.91,    138.49
       12,                     12.19,          3.30,       6.78,      67.83,    224.07                     12.29,          3.30,       4.71,      47.07,    155.56
       12,                     12.19,          3.30,       6.78,      67.82,    224.04                     12.29,          3.30,       4.70,      47.05,    155.45
       12,                     12.18,          3.30,       6.78,      67.82,    224.07                     12.03,          3.30,       4.71,      47.06,    155.49
       12,                     11.81,          3.30,       6.79,      67.84,    224.13                     12.29,          3.30,       4.70,      47.02,    155.38
       12,                     12.19,          3.30,       6.78,      67.83,    224.08                     12.29,          3.30,       4.70,      47.03,    155.41
       12,                     12.19,          3.30,       6.78,      67.82,    224.06                     12.29,          3.30,       4.71,      47.06,    155.50
       12,                     12.18,          3.30,       6.79,      67.83,    224.10                     12.02,          3.30,       4.70,      47.03,    155.41
       12,                     11.81,          3.30,       6.78,      67.84,    224.15                     12.29,          3.30,       4.71,      47.04,    155.45
       12,                     12.19,          3.30,       6.78,      67.82,    224.06                     12.29,          3.30,       4.71,      47.05,    155.47
       12,                     12.19,          3.30,       6.78,      67.81,    224.04                     12.29,          3.30,       4.71,      47.05,    155.46
       13,                     13.03,          3.30,       7.33,      73.29,    242.11                     12.90,          3.30,       5.29,      52.92,    174.86
       13,                     13.15,          3.30,       7.33,      73.29,    242.08                     13.25,          3.30,       5.29,      52.91,    174.81
       13,                     13.15,          3.30,       7.33,      73.30,    242.12                     13.25,          3.30,       5.29,      52.92,    174.85
       13,                     13.15,          3.30,       7.33,      73.30,    242.15                     13.15,          3.30,       5.29,      52.92,    174.87
       13,                     12.80,          3.30,       7.33,      73.31,    242.16                     13.25,          3.30,       5.29,      52.90,    174.79
       13,                     13.15,          3.30,       7.33,      73.32,    242.17                     13.25,          3.30,       5.29,      52.91,    174.83
       13,                     13.15,          3.30,       7.33,      73.31,    242.15                     13.25,          3.30,       5.29,      52.91,    174.83
       13,                     13.15,          3.30,       7.33,      73.32,    242.18                     13.19,          3.30,       5.29,      52.92,    174.85
       13,                     12.83,          3.30,       7.33,      73.30,    242.13                     13.25,          3.30,       5.29,      52.91,    174.82
       13,                     13.15,          3.30,       7.33,      73.30,    242.12                     13.25,          3.30,       5.29,      52.93,    174.88
       14,                     14.00,          3.30,       7.79,      77.94,    257.38                     14.10,          3.30,       5.53,      55.26,    182.58
       14,                     14.00,          3.30,       7.80,      77.95,    257.45                     14.02,          3.30,       5.53,      55.24,    182.53
       14,                     13.65,          3.30,       7.79,      77.94,    257.37                     14.10,          3.30,       5.53,      55.27,    182.62
       14,                     14.00,          3.30,       7.79,      77.92,    257.32                     14.10,          3.30,       5.52,      55.26,    182.59
       14,                     14.00,          3.30,       7.79,      77.95,    257.42                     14.10,          3.30,       5.53,      55.28,    182.63
       14,                     14.00,          3.30,       7.79,      77.91,    257.26                     14.07,          3.30,       5.53,      55.26,    182.57
       14,                     13.68,          3.30,       7.79,      77.95,    257.42                     14.10,          3.30,       5.53,      55.27,    182.61
       14,                     14.00,          3.30,       7.79,      77.91,    257.32                     14.10,          3.30,       5.53,      55.26,    182.58
       14,                     14.00,          3.30,       7.79,      77.94,    257.42                     14.10,          3.30,       5.53,      55.27,    182.61
       14,                     14.00,          3.30,       7.79,      77.96,    257.45                     14.10,          3.30,       5.53,      55.25,    182.55
       15,                     14.76,          3.30,       8.19,      81.91,    270.45                     14.58,          3.30,       6.26,      62.64,    206.95
       15,                     14.85,          3.30,       8.19,      81.91,    270.43                     14.91,          3.30,       6.26,      62.60,    206.85
       15,                     14.84,          3.30,       8.19,      81.92,    270.45                     14.91,          3.30,       6.26,      62.62,    206.90
       15,                     14.84,          3.30,       8.19,      81.94,    270.55                     14.91,          3.30,       6.26,      62.63,    206.93
       15,                     14.82,          3.30,       8.19,      81.92,    270.51                     14.65,          3.30,       6.26,      62.63,    206.93
       15,                     14.84,          3.30,       8.19,      81.93,    270.53                     14.91,          3.30,       6.26,      62.64,    206.98
       15,                     14.84,          3.30,       8.19,      81.91,    270.49                     14.91,          3.30,       6.26,      62.61,    206.88
       15,                     14.84,          3.30,       8.19,      81.92,    270.50                     14.91,          3.30,       6.26,      62.64,    206.98
       15,                     14.84,          3.30,       8.19,      81.93,    270.50                     14.66,          3.30,       6.26,      62.63,    206.93
       15,                     14.84,          3.30,       8.19,      81.91,    270.45                     14.91,          3.30,       6.26,      62.59,    206.82
       16,                     15.82,          3.30,       8.65,      86.49,    285.49                     15.82,          3.30,       6.99,      69.87,    230.83
       16,                     15.81,          3.30,       8.65,      86.51,    285.58                     15.81,          3.30,       6.98,      69.84,    230.72
       16,                     15.76,          3.30,       8.65,      86.50,    285.52                     15.48,          3.30,       6.98,      69.83,    230.70
       16,                     15.81,          3.30,       8.65,      86.50,    285.52                     15.81,          3.30,       6.98,      69.83,    230.71
       16,                     15.81,          3.30,       8.65,      86.49,    285.49                     15.81,          3.30,       6.99,      69.85,    230.75
       16,                     15.81,          3.30,       8.65,      86.50,    285.52                     15.81,          3.30,       6.98,      69.83,    230.70
       16,                     15.77,          3.30,       8.65,      86.50,    285.53                     15.48,          3.30,       6.99,      69.84,    230.74
       16,                     15.81,          3.30,       8.65,      86.48,    285.46                     15.81,          3.30,       6.98,      69.83,    230.71
       16,                     15.81,          3.30,       8.65,      86.52,    285.61                     15.81,          3.30,       6.98,      69.82,    230.66
       16,                     15.81,          3.30,       8.65,      86.49,    285.50                     15.81,          3.30,       6.99,      69.86,    230.80
       17,                     16.74,          3.30,       9.14,      91.37,    301.56                     16.68,          3.30,       7.18,      71.75,    237.05
       17,                     16.77,          3.30,       9.14,      91.34,    301.49                     16.96,          3.30,       7.18,      71.78,    237.12
       17,                     16.78,          3.30,       9.14,      91.37,    301.56                     16.96,          3.30,       7.18,      71.73,    236.98
       17,                     16.78,          3.30,       9.14,      91.34,    301.47                     16.96,          3.30,       7.17,      71.74,    236.99
       17,                     16.73,          3.30,       9.14,      91.36,    301.52                     16.61,          3.30,       7.18,      71.78,    237.12
       17,                     16.78,          3.30,       9.14,      91.35,    301.51                     16.96,          3.30,       7.18,      71.75,    237.01
       17,                     16.78,          3.30,       9.14,      91.37,    301.56                     16.96,          3.30,       7.18,      71.77,    237.09
       17,                     16.78,          3.30,       9.14,      91.37,    301.55                     16.96,          3.30,       7.18,      71.77,    237.11
       17,                     16.76,          3.30,       9.14,      91.35,    301.48                     16.75,          3.30,       7.18,      71.79,    237.17
       17,                     16.78,          3.30,       9.14,      91.37,    301.55                     16.96,          3.30,       7.18,      71.76,    237.07
       18,                     17.89,          3.30,       9.77,      97.64,    322.23                     17.91,          3.30,       8.04,      80.33,    265.30
       18,                     17.89,          3.30,       9.77,      97.65,    322.24                     17.90,          3.30,       8.04,      80.34,    265.34
       18,                     17.81,          3.30,       9.77,      97.64,    322.23                     17.63,          3.30,       8.04,      80.33,    265.29
       18,                     17.51,          3.30,       9.76,      97.63,    322.18                     17.90,          3.30,       8.04,      80.32,    265.24
       18,                     17.88,          3.30,       9.77,      97.65,    322.24                     17.90,          3.30,       8.03,      80.33,    265.27
       18,                     17.88,          3.30,       9.76,      97.63,    322.19                     17.90,          3.30,       8.04,      80.33,    265.30
       18,                     17.88,          3.30,       9.77,      97.65,    322.23                     17.80,          3.30,       8.03,      80.32,    265.31
       18,                     17.54,          3.30,       9.76,      97.66,    322.27                     17.90,          3.30,       8.03,      80.32,    265.25
       18,                     17.88,          3.30,       9.76,      97.61,    322.14                     17.90,          3.30,       8.03,      80.31,    265.22
       18,                     17.88,          3.30,       9.76,      97.64,    322.22                     17.90,          3.30,       8.03,      80.31,    265.23
       19,                     18.95,          3.30,      10.45,     104.52,    344.92                     19.05,          3.30,       9.37,      93.71,    309.29
       19,                     18.63,          3.30,      10.46,     104.55,    345.04                     19.07,          3.30,       9.37,      93.72,    309.31
       19,                     18.94,          3.30,      10.46,     104.56,    345.04                     19.07,          3.30,       9.37,      93.73,    309.37
       19,                     18.94,          3.30,      10.46,     104.57,    345.09                     19.07,          3.30,       9.37,      93.70,    309.26
       19,                     18.94,          3.30,      10.46,     104.56,    345.06                     19.07,          3.30,       9.37,      93.72,    309.32
       19,                     18.80,          3.30,      10.46,     104.55,    345.03                     18.72,          3.30,       9.37,      93.73,    309.35
       19,                     18.94,          3.30,      10.46,     104.57,    345.08                     19.07,          3.30,       9.37,      93.71,    309.28
       19,                     18.94,          3.30,      10.45,     104.55,    345.02                     19.07,          3.30,       9.37,      93.73,    309.31
       19,                     18.94,          3.30,      10.46,     104.57,    345.08                     19.07,          3.30,       9.37,      93.72,    309.31
       19,                     18.90,          3.30,      10.46,     104.54,    344.99                     18.72,          3.30,       9.37,      93.73,    309.34
       20,                     19.86,          3.30,      11.16,     111.57,    368.15                     19.92,          3.30,      10.37,     103.66,    342.10
       20,                     19.85,          3.30,      11.16,     111.56,    368.08                     19.92,          3.30,      10.37,     103.64,    342.02
       20,                     19.85,          3.30,      11.16,     111.57,    368.14                     19.92,          3.30,      10.37,     103.64,    342.03
       20,                     19.84,          3.30,      11.16,     111.55,    368.03                     19.63,          3.30,      10.37,     103.66,    342.09
       20,                     19.85,          3.30,      11.16,     111.56,    368.09                     19.92,          3.30,      10.37,     103.63,    342.01
       20,                     19.85,          3.30,      11.16,     111.58,    368.17                     19.92,          3.30,      10.37,     103.65,    342.03
       20,                     19.85,          3.30,      11.16,     111.55,    368.06                     19.92,          3.30,      10.37,     103.63,    341.99
       20,                     19.85,          3.30,      11.16,     111.56,    368.08                     19.89,          3.30,      10.36,     103.63,    341.97
       20,                     19.53,          3.30,      11.16,     111.55,    368.06                     19.92,          3.30,      10.37,     103.66,    342.07
       20,                     19.85,          3.30,      11.16,     111.56,    368.10                     19.92,          3.30,      10.37,     103.65,    342.06
       21,                     20.64,          3.30,      11.85,     118.48,    390.86                     20.75,          3.30,      11.83,     118.24,    390.11
       21,                     20.64,          3.30,      11.85,     118.47,    390.79                     20.70,          3.30,      11.82,     118.21,    389.97
       21,                     20.30,          3.30,      11.85,     118.47,    390.81                     20.75,          3.30,      11.82,     118.22,    389.99
       21,                     20.64,          3.30,      11.85,     118.47,    390.80                     20.75,          3.30,      11.82,     118.21,    390.00
       21,                     20.64,          3.30,      11.85,     118.48,    390.84                     20.75,          3.30,      11.83,     118.22,    390.01
       21,                     20.64,          3.30,      11.85,     118.48,    390.85                     20.70,          3.30,      11.82,     118.21,    389.99
       21,                     20.30,          3.30,      11.85,     118.47,    390.79                     20.75,          3.30,      11.82,     118.20,    389.95
       21,                     20.63,          3.30,      11.85,     118.46,    390.77                     20.75,          3.30,      11.82,     118.20,    389.98
       21,                     20.63,          3.30,      11.85,     118.47,    390.76                     20.75,          3.30,      11.82,     118.21,    389.96
       21,                     20.63,          3.30,      11.85,     118.45,    390.73                     20.71,          3.30,      11.82,     118.18,    389.89
       22,                     20.99,          3.30,      12.69,     126.89,    418.43                     21.31,          3.30,      12.69,     126.91,    418.50
       22,                     21.31,          3.30,      12.69,     126.90,    418.47                     21.31,          3.30,      12.69,     126.92,    418.52
       22,                     21.31,          3.30,      12.69,     126.89,    418.42                     21.31,          3.30,      12.69,     126.93,    418.58
       22,                     21.31,          3.30,      12.69,     126.92,    418.47                     21.29,          3.30,      12.69,     126.92,    418.53
       22,                     20.99,          3.30,      12.69,     126.90,    418.43                     20.93,          3.30,      12.69,     126.92,    418.50
       22,                     21.31,          3.30,      12.69,     126.92,    418.50                     21.31,          3.30,      12.69,     126.91,    418.48
       22,                     21.31,          3.30,      12.69,     126.89,    418.39                     21.31,          3.30,      12.69,     126.90,    418.47
       22,                     21.31,          3.30,      12.69,     126.92,    418.52                     21.30,          3.30,      12.69,     126.92,    418.49
       22,                     21.01,          3.30,      12.69,     126.92,    418.50                     20.92,          3.30,      12.69,     126.91,    418.48
       22,                     21.31,          3.30,      12.69,     126.91,    418.53                     21.31,          3.30,      12.69,     126.89,    418.43

