[Radio] Initializing ... success!
Connected to RF power monitor: Rohde&Schwarz,FPC1500,1328.6660K03/205785,V1.80
Connected to DC power monitor: radiolib-org,DCpowerMon,070dd3d
setCurrentLimit, code 0

Set [dBm],Measured unoptimized [dBm],Bus voltage[V],Voltage[mV],Current[mA],Power [mW], Measured optimized [dBm],Bus voltage[V],Voltage[mV],Current[mA],Power [mW]
       -9,                     -9.66,          3.50,       1.68,      16.77,     58.74                     -9.60,          3.50,       1.18,      11.77,     41.25
       -9,                     -9.67,          3.50,       1.67,      16.72,     58.58                     -9.61,          3.50,       1.18,      11.79,     41.30
       -9,                     -9.91,          3.50,       1.68,      16.76,     58.71                     -9.61,          3.50,       1.18,      11.79,     41.31
       -9,                     -9.68,          3.50,       1.67,      16.73,     58.60                     -9.62,          3.50,       1.18,      11.78,     41.28
       -9,                     -9.69,          3.50,       1.68,      16.75,     58.68                     -9.62,          3.50,       1.18,      11.79,     41.30
       -9,                     -9.68,          3.50,       1.67,      16.75,     58.68                     -9.63,          3.50,       1.18,      11.78,     41.26
       -9,                     -9.69,          3.50,       1.68,      16.75,     58.70                     -9.86,          3.50,       1.18,      11.79,     41.31
       -9,                     -9.86,          3.50,       1.68,      16.76,     58.71                     -9.58,          3.50,       1.18,      11.78,     41.26
       -9,                     -9.64,          3.50,       1.68,      16.74,     58.63                     -9.58,          3.50,       1.18,      11.79,     41.32
       -9,                     -9.64,          3.50,       1.67,      16.75,     58.67                     -9.59,          3.50,       1.18,      11.80,     41.36
       -8,                     -8.43,          3.50,       1.75,      17.50,     61.31                     -8.51,          3.50,       1.24,      12.36,     43.33
       -8,                     -8.43,          3.50,       1.75,      17.49,     61.27                     -8.42,          3.50,       1.24,      12.36,     43.31
       -8,                     -8.43,          3.50,       1.75,      17.48,     61.24                    -14.68,          3.50,       1.00,       9.97,     34.92
       -8,                     -8.44,          3.50,       1.75,      17.50,     61.32                     -8.68,          3.50,       1.24,      12.34,     43.23
       -8,                     -8.44,          3.50,       1.75,      17.51,     61.34                     -8.46,          3.50,       1.24,      12.37,     43.34
       -8,                     -8.57,          3.50,       1.75,      17.50,     61.31                     -8.44,          3.50,       1.23,      12.35,     43.28
       -8,                     -8.51,          3.50,       1.75,      17.49,     61.28                     -8.44,          3.50,       1.24,      12.37,     43.35
       -8,                     -8.46,          3.50,       1.75,      17.49,     61.25                     -8.45,          3.50,       1.24,      12.33,     43.21
       -8,                     -8.46,          3.50,       1.75,      17.47,     61.19                     -8.45,          3.50,       1.24,      12.36,     43.29
       -8,                     -8.65,          3.50,       1.75,      17.52,     61.38                     -8.45,          3.50,       1.24,      12.36,     43.29
       -7,                     -7.42,          3.50,       1.83,      18.29,     64.08                     -7.52,          3.50,       1.29,      12.89,     45.17
       -7,                     -7.70,          3.50,       1.83,      18.30,     64.10                     -7.26,          3.50,       1.29,      12.90,     45.20
       -7,                     -7.42,          3.50,       1.83,      18.26,     63.97                     -7.26,          3.50,       1.29,      12.87,     45.09
       -7,                     -7.42,          3.50,       1.83,      18.27,     64.02                     -7.27,          3.50,       1.29,      12.88,     45.13
       -7,                     -7.43,          3.50,       1.83,      18.31,     64.15                     -7.27,          3.50,       1.29,      12.88,     45.14
       -7,                     -7.43,          3.50,       1.83,      18.31,     64.13                     -7.28,          3.50,       1.29,      12.88,     45.12
       -7,                     -7.43,          3.50,       1.83,      18.28,     64.05                     -7.28,          3.50,       1.29,      12.87,     45.08
       -7,                     -7.44,          3.50,       1.83,      18.29,     64.09                     -7.28,          3.50,       1.29,      12.88,     45.12
       -7,                     -7.44,          3.50,       1.83,      18.30,     64.10                     -7.61,          3.50,       1.29,      12.90,     45.20
       -7,                     -7.40,          3.50,       1.83,      18.29,     64.07                     -7.42,          3.50,       1.29,      12.89,     45.15
       -6,                     -6.54,          3.50,       1.91,      19.03,     66.66                     -6.37,          3.50,       1.43,      14.28,     50.01
       -6,                     -6.44,          3.50,       1.90,      19.05,     66.74                     -6.37,          3.50,       1.43,      14.27,     50.00
       -6,                     -6.45,          3.50,       1.90,      19.04,     66.68                     -6.38,          3.50,       1.43,      14.27,     49.98
       -6,                     -6.45,          3.50,       1.91,      19.04,     66.68                     -6.38,          3.50,       1.43,      14.27,     49.99
       -6,                     -6.45,          3.50,       1.91,      19.05,     66.72                     -6.38,          3.50,       1.43,      14.27,     49.99
       -6,                     -6.45,          3.50,       1.90,      19.05,     66.73                     -6.39,          3.50,       1.43,      14.26,     49.97
       -6,                     -6.45,          3.50,       1.91,      19.05,     66.74                     -6.39,          3.50,       1.43,      14.27,     50.01
       -6,                     -6.46,          3.50,       1.90,      19.05,     66.72                     -6.39,          3.50,       1.43,      14.28,     50.02
       -6,                     -6.47,          3.50,       1.90,      19.01,     66.59                     -6.69,          3.50,       1.43,      14.31,     50.12
       -6,                     -6.47,          3.50,       1.90,      19.03,     66.67                     -6.58,          3.50,       1.43,      14.28,     50.04
       -5,                     -4.83,          3.50,       2.05,      20.53,     71.90                     -4.76,          3.50,       1.49,      14.85,     52.02
       -5,                     -4.83,          3.50,       2.05,      20.52,     71.88                     -4.76,          3.50,       1.49,      14.87,     52.09
       -5,                     -4.84,          3.50,       2.05,      20.53,     71.90                     -4.77,          3.50,       1.49,      14.86,     52.05
       -5,                     -4.84,          3.50,       2.05,      20.53,     71.90                     -4.77,          3.50,       1.49,      14.85,     52.04
       -5,                     -4.85,          3.50,       2.05,      20.52,     71.87                     -4.77,          3.50,       1.49,      14.84,     51.98
       -5,                     -4.85,          3.50,       2.05,      20.53,     71.89                     -5.09,          3.50,       1.48,      14.85,     52.04
       -5,                     -5.10,          3.50,       2.05,      20.52,     71.86                     -5.07,          3.50,       1.48,      14.84,     52.00
       -5,                     -5.15,          3.50,       2.05,      20.52,     71.90                     -4.78,          3.50,       1.49,      14.85,     52.02
       -5,                     -4.86,          3.50,       2.05,      20.50,     71.81                     -4.79,          3.50,       1.48,      14.85,     52.03
       -5,                     -4.86,          3.50,       2.05,      20.51,     71.86                     -4.79,          3.50,       1.49,      14.85,     52.02
       -4,                     -4.15,          3.50,       2.13,      21.30,     74.60                     -4.15,          3.50,       1.60,      16.02,     56.12
       -4,                     -4.16,          3.50,       2.13,      21.28,     74.52                     -4.34,          3.50,       1.60,      16.00,     56.05
       -4,                     -4.16,          3.50,       2.13,      21.32,     74.65                     -4.16,          3.50,       1.60,      16.01,     56.11
       -4,                     -4.36,          3.50,       2.13,      21.29,     74.58                     -4.13,          3.50,       1.60,      16.00,     56.06
       -4,                     -4.14,          3.50,       2.13,      21.30,     74.57                     -4.10,          3.50,       1.60,      16.00,     56.07
       -4,                     -4.41,          3.50,       2.13,      21.29,     74.57                     -4.41,          3.50,       1.60,      16.00,     56.06
       -4,                     -4.12,          3.50,       2.13,      21.30,     74.60                     -4.11,          3.50,       1.60,      16.00,     56.06
       -4,                     -4.12,          3.50,       2.13,      21.30,     74.60                     -4.11,          3.50,       1.60,      16.02,     56.12
       -4,                     -4.12,          3.50,       2.13,      21.28,     74.52                     -4.11,          3.50,       1.60,      16.01,     56.08
       -4,                     -4.12,          3.50,       2.13,      21.32,     74.66                     -4.12,          3.50,       1.60,      16.00,     56.07
       -3,                     -3.57,          3.50,       2.20,      22.05,     77.23                     -3.29,          3.50,       1.68,      16.75,     58.68
       -3,                     -3.47,          3.50,       2.20,      22.04,     77.19                     -3.30,          3.50,       1.67,      16.74,     58.65
       -3,                     -3.47,          3.50,       2.21,      22.05,     77.21                     -3.30,          3.50,       1.67,      16.76,     58.70
       -3,                     -3.48,          3.50,       2.20,      22.05,     77.21                     -3.31,          3.50,       1.68,      16.74,     58.64
       -3,                     -3.48,          3.50,       2.20,      22.04,     77.22                     -3.31,          3.50,       1.68,      16.75,     58.66
       -3,                     -3.48,          3.50,       2.21,      22.05,     77.23                     -3.31,          3.50,       1.68,      16.74,     58.64
       -3,                     -3.49,          3.50,       2.20,      22.04,     77.17                     -3.32,          3.50,       1.68,      16.75,     58.66
       -3,                     -3.49,          3.50,       2.21,      22.05,     77.21                     -3.32,          3.50,       1.68,      16.76,     58.70
       -3,                     -3.50,          3.50,       2.20,      22.03,     77.16                     -3.32,          3.50,       1.68,      16.75,     58.68
       -3,                     -3.50,          3.50,       2.21,      22.07,     77.27                     -7.51,          3.50,       1.37,      13.70,     48.02
       -2,                     -2.30,          3.50,       2.35,      23.54,     82.45                     -2.12,          3.50,       1.76,      17.60,     61.66
       -2,                     -2.31,          3.50,       2.35,      23.55,     82.50                     -2.13,          3.50,       1.76,      17.61,     61.69
       -2,                     -2.32,          3.50,       2.35,      23.54,     82.44                     -2.13,          3.50,       1.76,      17.62,     61.74
       -2,                     -2.51,          3.50,       2.35,      23.54,     82.44                     -2.16,          3.50,       1.76,      17.63,     61.76
       -2,                     -2.32,          3.50,       2.35,      23.54,     82.43                     -2.14,          3.50,       1.76,      17.59,     61.65
       -2,                     -2.32,          3.50,       2.35,      23.53,     82.42                     -2.44,          3.50,       1.76,      17.61,     61.70
       -2,                     -2.33,          3.50,       2.35,      23.53,     82.41                     -2.15,          3.50,       1.76,      17.61,     61.68
       -2,                     -2.33,          3.50,       2.35,      23.55,     82.46                     -2.15,          3.50,       1.76,      17.60,     61.64
       -2,                     -2.58,          3.50,       2.35,      23.52,     82.36                     -2.28,          3.50,       1.76,      17.61,     61.69
       -2,                     -2.34,          3.50,       2.35,      23.52,     82.35                     -2.14,          3.50,       1.76,      17.62,     61.71
       -1,                     -1.28,          3.50,       2.50,      24.99,     87.51                     -1.25,          3.50,       1.92,      19.23,     67.35
       -1,                     -1.51,          3.50,       2.50,      24.99,     87.51                     -1.50,          3.50,       1.92,      19.23,     67.38
       -1,                     -1.28,          3.50,       2.50,      24.99,     87.51                     -1.23,          3.50,       1.92,      19.23,     67.34
       -1,                     -1.28,          3.50,       2.50,      25.01,     87.56                     -1.24,          3.50,       1.92,      19.21,     67.31
       -1,                      2.29,          3.50,       3.12,      31.23,    109.33                     -1.24,          3.50,       1.92,      19.24,     67.41
       -1,                     -1.28,          3.50,       2.50,      25.01,     87.60                     -1.24,          3.50,       1.92,      19.19,     67.24
       -1,                     -1.29,          3.50,       2.50,      24.98,     87.50                     -1.25,          3.50,       1.92,      19.24,     67.38
       -1,                     -1.45,          3.50,       2.50,      25.01,     87.59                     -1.25,          3.50,       1.92,      19.22,     67.33
       -1,                     -1.30,          3.50,       2.50,      24.96,     87.40                     -1.26,          3.50,       1.92,      19.23,     67.36
       -1,                     -1.30,          3.50,       2.50,      25.01,     87.57                     -1.26,          3.50,       1.92,      19.20,     67.26
        0,                     -0.37,          3.50,       2.64,      26.47,     92.68                     -0.46,          3.50,       1.98,      19.84,     69.50
        0,                     -0.37,          3.50,       2.65,      26.46,     92.66                     -0.22,          3.50,       1.98,      19.84,     69.47
        0,                     -0.37,          3.50,       2.65,      26.46,     92.67                     -0.22,          3.50,       1.98,      19.82,     69.41
        0,                     -0.38,          3.50,       2.65,      26.47,     92.68                     -0.22,          3.50,       1.98,      19.83,     69.46
        0,                     -0.38,          3.50,       2.65,      26.48,     92.72                     -0.23,          3.50,       1.98,      19.82,     69.44
        0,                     -0.59,          3.50,       2.65,      26.47,     92.70                     -0.23,          3.50,       1.98,      19.83,     69.46
        0,                     -0.39,          3.50,       2.65,      26.47,     92.67                     -0.23,          3.50,       1.98,      19.83,     69.45
        0,                     -0.39,          3.50,       2.65,      26.46,     92.64                     -0.24,          3.50,       1.98,      19.85,     69.51
        0,                     -0.40,          3.50,       2.65,      26.47,     92.68                     -0.24,          3.50,       1.98,      19.81,     69.40
        0,                     -0.40,          3.50,       2.65,      26.46,     92.67                     -0.50,          3.50,       1.98,      19.81,     69.38
        1,                      0.43,          3.50,       2.79,      27.87,     97.57                      0.45,          3.50,       1.86,      18.63,     65.25
        1,                      0.43,          3.50,       2.79,      27.90,     97.69                      0.45,          3.50,       1.86,      18.65,     65.31
        1,                      0.13,          3.50,       2.79,      27.87,     97.59                      0.45,          3.50,       1.86,      18.61,     65.18
        1,                      0.41,          3.50,       2.79,      27.88,     97.62                      0.39,          3.50,       1.86,      18.63,     65.24
        1,                      0.42,          3.50,       2.79,      27.88,     97.61                      0.44,          3.50,       1.87,      18.63,     65.28
        1,                      0.42,          3.50,       2.79,      27.87,     97.59                      0.43,          3.50,       1.86,      18.62,     65.23
        1,                      0.41,          3.50,       2.79,      27.89,     97.66                      0.43,          3.50,       1.86,      18.60,     65.14
        1,                      0.24,          3.50,       2.79,      27.87,     97.59                      0.44,          3.50,       1.86,      18.63,     65.25
        1,                      0.41,          3.50,       2.79,      27.87,     97.59                      0.48,          3.50,       1.86,      18.59,     65.11
        1,                      0.46,          3.50,       2.79,      27.92,     97.75                      0.48,          3.50,       1.86,      18.63,     65.25
        2,                      1.58,          3.50,       3.00,      29.96,    104.90                      1.61,          3.50,       2.23,      22.30,     78.12
        2,                      1.58,          3.50,       2.99,      29.97,    104.90                      1.61,          3.50,       2.23,      22.29,     78.06
        2,                      1.58,          3.50,       2.99,      29.95,    104.86                      1.34,          3.50,       2.23,      22.30,     78.08
        2,                      1.57,          3.50,       3.00,      29.97,    104.94                      1.60,          3.50,       2.23,      22.27,     78.00
        2,                      1.57,          3.50,       2.99,      29.94,    104.82                      1.59,          3.50,       2.23,      22.29,     78.07
        2,                      1.57,          3.50,       3.00,      29.97,    104.90                      1.59,          3.50,       2.23,      22.29,     78.08
        2,                      1.27,          3.50,       3.00,      29.98,    104.97                      1.59,          3.50,       2.23,      22.30,     78.09
        2,                      1.56,          3.50,       3.00,      29.95,    104.84                      1.54,          3.50,       2.23,      22.28,     78.02
        2,                      1.56,          3.50,       3.00,      29.95,    104.85                      1.58,          3.50,       2.23,      22.28,     78.04
        2,                      1.55,          3.50,       2.99,      29.95,    104.84                      1.35,          3.50,       2.23,      22.30,     78.11
        3,                      2.23,          3.50,       3.13,      31.24,    109.37                      2.40,          3.50,       2.34,      23.37,     81.86
        3,                      2.23,          3.50,       3.13,      31.23,    109.33                      2.40,          3.50,       2.34,      23.37,     81.82
        3,                      2.06,          3.50,       3.13,      31.25,    109.39                      2.40,          3.50,       2.34,      23.35,     81.78
        3,                      6.42,          3.50,       3.92,      39.17,    137.11                      2.39,          3.50,       2.34,      23.36,     81.80
        3,                      2.22,          3.50,       3.12,      31.25,    109.40                      2.39,          3.50,       2.34,      23.36,     81.82
        3,                      1.92,          3.50,       3.13,      31.25,    109.40                      2.08,          3.50,       2.34,      23.38,     81.88
        3,                      2.21,          3.50,       3.13,      31.25,    109.40                      2.38,          3.50,       2.34,      23.36,     81.82
        3,                      2.21,          3.50,       3.13,      31.24,    109.37                      2.38,          3.50,       2.34,      23.37,     81.85
        3,                      2.21,          3.50,       3.12,      31.24,    109.36                      2.38,          3.50,       2.34,      23.36,     81.79
        3,                      6.40,          3.50,       3.92,      39.18,    137.11                      2.37,          3.50,       2.34,      23.37,     81.84
        4,                      3.23,          3.50,       3.36,      33.53,    117.38                      3.63,          3.50,       2.04,      20.34,     71.24
        4,                      3.39,          3.50,       3.36,      33.59,    117.61                      3.63,          3.50,       2.04,      20.38,     71.37
        4,                      3.44,          3.50,       3.36,      33.57,    117.51                      3.46,          3.50,       2.04,      20.37,     71.35
        4,                      3.44,          3.50,       3.36,      33.57,    117.52                      3.62,          3.50,       2.04,      20.38,     71.39
        4,                      3.43,          3.50,       3.36,      33.56,    117.47                      3.62,          3.50,       2.04,      20.37,     71.37
        4,                     12.22,          3.50,       5.59,      55.84,    195.45                      3.61,          3.50,       2.04,      20.35,     71.26
        4,                      3.42,          3.50,       3.35,      33.55,    117.47                      3.61,          3.50,       2.04,      20.35,     71.27
        4,                      3.41,          3.50,       3.35,      33.55,    117.46                      3.61,          3.50,       2.03,      20.35,     71.30
        4,                      3.42,          3.50,       3.35,      33.55,    117.45                      3.61,          3.50,       2.03,      20.34,     71.24
        4,                      3.44,          3.50,       3.36,      33.56,    117.46                      3.66,          3.50,       2.04,      20.35,     71.29
        5,                      4.29,          3.50,       3.50,      35.04,    122.65                      4.03,          3.50,       2.47,      24.72,     86.56
        5,                      4.29,          3.50,       3.51,      35.06,    122.73                      4.29,          3.50,       2.47,      24.71,     86.53
        5,                      4.29,          3.50,       3.50,      35.02,    122.59                      4.29,          3.50,       2.47,      24.70,     86.51
        5,                      4.29,          3.50,       3.50,      35.03,    122.62                      4.29,          3.50,       2.47,      24.74,     86.62
        5,                     10.26,          3.50,       4.89,      48.87,    171.04                      4.29,          3.50,       2.47,      24.73,     86.59
        5,                      4.28,          3.50,       3.50,      35.01,    122.55                      4.28,          3.50,       2.47,      24.70,     86.49
        5,                      4.28,          3.50,       3.50,      35.00,    122.52                      4.28,          3.50,       2.47,      24.69,     86.48
        5,                      4.28,          3.50,       3.50,      35.00,    122.49                      4.28,          3.50,       2.47,      24.73,     86.61
        5,                      4.27,          3.50,       3.50,      35.04,    122.65                      4.27,          3.50,       2.47,      24.70,     86.49
        5,                     10.23,          3.50,       4.89,      48.88,    171.09                      4.27,          3.50,       2.47,      24.72,     86.58
        6,                      5.28,          3.50,       3.69,      36.92,    129.22                      5.05,          3.50,       2.21,      22.13,     77.51
        6,                      5.28,          3.50,       3.69,      36.92,    129.25                      5.36,          3.50,       2.21,      22.12,     77.46
        6,                      4.96,          3.50,       3.69,      36.92,    129.22                      5.20,          3.50,       2.21,      22.12,     77.48
        6,                      5.24,          3.50,       3.69,      36.92,    129.22                      5.36,          3.50,       2.21,      22.16,     77.59
        6,                      5.09,          3.50,       3.69,      36.90,    129.17                      5.36,          3.50,       2.21,      22.14,     77.53
        6,                      5.27,          3.50,       3.69,      36.91,    129.23                      5.35,          3.50,       2.21,      22.11,     77.45
        6,                      5.27,          3.50,       3.69,      36.91,    129.19                      5.35,          3.50,       2.21,      22.11,     77.43
        6,                      5.26,          3.50,       3.69,      36.90,    129.17                      5.35,          3.50,       2.21,      22.14,     77.55
        6,                      5.26,          3.50,       3.69,      36.91,    129.21                      5.28,          3.50,       2.21,      22.13,     77.50
        6,                      5.26,          3.50,       3.69,      36.91,    129.19                      5.27,          3.50,       2.21,      22.12,     77.49
        7,                      6.20,          3.50,       3.92,      39.16,    137.06                      6.39,          3.50,       2.45,      24.44,     85.59
        7,                      6.37,          3.50,       3.92,      39.17,    137.10                      6.38,          3.50,       2.44,      24.41,     85.48
        7,                      6.13,          3.50,       3.92,      39.17,    137.09                      6.38,          3.50,       2.44,      24.42,     85.53
        7,                      6.36,          3.50,       3.92,      39.17,    137.12                      6.38,          3.50,       2.44,      24.43,     85.55
        7,                      6.36,          3.50,       3.92,      39.18,    137.15                      6.38,          3.50,       2.44,      24.41,     85.49
        7,                      6.17,          3.50,       3.92,      39.18,    137.14                      6.37,          3.50,       2.44,      24.41,     85.49
        7,                      6.36,          3.50,       3.92,      39.14,    137.00                      6.37,          3.50,       2.44,      24.40,     85.45
        7,                      6.36,          3.50,       3.92,      39.16,    137.08                      6.37,          3.50,       2.44,      24.42,     85.51
        7,                      6.35,          3.50,       3.92,      39.16,    137.06                      6.07,          3.50,       2.44,      24.39,     85.45
        7,                      6.18,          3.50,       3.92,      39.17,    137.11                      6.38,          3.50,       2.44,      24.42,     85.54
        8,                      7.35,          3.50,       4.13,      41.30,    144.53                      7.36,          3.50,       2.83,      28.35,     99.27
        8,                      7.12,          3.50,       4.13,      41.29,    144.51                      7.30,          3.50,       2.84,      28.34,     99.23
        8,                      7.37,          3.50,       4.13,      41.31,    144.58                      7.38,          3.50,       2.83,      28.34,     99.23
        8,                      7.38,          3.50,       4.13,      41.29,    144.51                      7.37,          3.50,       2.84,      28.35,     99.26
        8,                      7.38,          3.50,       4.13,      41.29,    144.51                      7.37,          3.50,       2.83,      28.32,     99.16
        8,                      7.38,          3.50,       4.13,      41.29,    144.51                      7.36,          3.50,       2.84,      28.36,     99.29
        8,                      7.37,          3.50,       4.13,      41.30,    144.55                      7.36,          3.50,       2.83,      28.32,     99.17
        8,                      7.37,          3.50,       4.13,      41.31,    144.61                      7.36,          3.50,       2.84,      28.35,     99.27
        8,                      7.18,          3.50,       4.13,      41.29,    144.53                      7.35,          3.50,       2.84,      28.34,     99.23
        8,                      7.37,          3.50,       4.13,      41.30,    144.54                      7.35,          3.50,       2.83,      28.33,     99.19
        9,                      8.39,          3.50,       4.38,      43.79,    153.26                      8.51,          3.50,       3.45,      34.54,    120.92
        9,                      8.19,          3.50,       4.38,      43.78,    153.23                      8.41,          3.50,       3.46,      34.55,    120.95
        9,                      8.39,          3.50,       4.38,      43.78,    153.23                      8.50,          3.50,       3.45,      34.55,    120.94
        9,                      8.38,          3.50,       4.38,      43.78,    153.23                      8.49,          3.50,       3.45,      34.55,    120.95
        9,                      8.38,          3.50,       4.38,      43.75,    153.13                      8.50,          3.50,       3.46,      34.55,    120.94
        9,                      8.07,          3.50,       4.38,      43.77,    153.21                      8.50,          3.50,       3.45,      34.52,    120.85
        9,                      8.38,          3.50,       4.38,      43.77,    153.18                      8.49,          3.50,       3.46,      34.54,    120.89
        9,                      8.37,          3.50,       4.38,      43.79,    153.26                      8.49,          3.50,       3.46,      34.53,    120.87
        9,                      8.37,          3.50,       4.38,      43.82,    153.36                      8.49,          3.50,       3.45,      34.53,    120.88
        9,                      8.35,          3.50,       4.38,      43.78,    153.22                      5.66,          3.50,       3.00,      29.97,    104.95
       10,                      9.28,          3.50,       4.62,      46.24,    161.82                      9.39,          3.50,       3.20,      31.97,    111.91
       10,                      9.28,          3.50,       4.63,      46.24,    161.86                      9.39,          3.50,       3.20,      31.97,    111.91
       10,                      9.18,          3.50,       4.62,      46.24,    161.83                      9.39,          3.50,       3.20,      31.97,    111.92
       10,                      9.28,          3.50,       4.63,      46.25,    161.87                      9.38,          3.50,       3.20,      31.97,    111.93
       10,                      9.27,          3.50,       4.62,      46.25,    161.86                      9.19,          3.50,       3.20,      31.97,    111.92
       10,                      9.27,          3.50,       4.63,      46.24,    161.85                      9.38,          3.50,       3.20,      31.98,    111.95
       10,                      9.27,          3.50,       4.63,      46.24,    161.84                      9.38,          3.50,       3.20,      31.96,    111.90
       10,                      9.26,          3.50,       4.62,      46.22,    161.79                      9.38,          3.50,       3.20,      31.97,    111.92
       10,                      9.24,          3.50,       4.62,      46.23,    161.80                      9.38,          3.50,       3.20,      31.95,    111.87
       10,                      9.26,          3.50,       4.62,      46.23,    161.79                      9.35,          3.50,       3.20,      31.95,    111.87
       11,                      9.93,          3.50,       4.89,      48.90,    171.16                     10.25,          3.50,       3.03,      30.27,    105.99
       11,                     10.17,          3.50,       4.89,      48.89,    171.11                     10.24,          3.50,       3.03,      30.30,    106.08
       11,                     10.17,          3.50,       4.89,      48.88,    171.09                     10.24,          3.50,       3.03,      30.29,    106.06
       11,                     10.17,          3.50,       4.89,      48.89,    171.12                     10.02,          3.50,       3.03,      30.28,    106.02
       11,                     10.16,          3.50,       4.89,      48.93,    171.26                     10.23,          3.50,       3.03,      30.27,    105.99
       11,                     10.16,          3.50,       4.89,      48.91,    171.17                     10.24,          3.50,       3.03,      30.29,    106.03
       11,                     10.19,          3.50,       4.89,      48.88,    171.08                     10.27,          3.50,       3.03,      30.28,    106.01
       11,                     10.18,          3.50,       4.89,      48.91,    171.18                     10.27,          3.50,       3.03,      30.29,    106.04
       11,                     10.12,          3.50,       4.89,      48.92,    171.23                     10.29,          3.50,       3.03,      30.29,    106.05
       11,                     10.21,          3.50,       4.89,      48.92,    171.22                     10.29,          3.50,       3.03,      30.29,    106.04
       12,                     11.16,          3.50,       5.21,      52.06,    182.20                     11.31,          3.50,       3.75,      37.49,    131.25
       12,                     11.16,          3.50,       5.21,      52.05,    182.19                     11.31,          3.50,       3.75,      37.53,    131.37
       12,                     11.16,          3.50,       5.20,      52.05,    182.17                     11.31,          3.50,       3.75,      37.51,    131.31
       12,                     11.06,          3.50,       5.21,      52.03,    182.09                     11.17,          3.50,       3.75,      37.50,    131.25
       12,                     11.15,          3.50,       5.20,      52.04,    182.15                     11.30,          3.50,       3.75,      37.54,    131.39
       12,                     11.15,          3.50,       5.20,      52.06,    182.22                     11.22,          3.50,       3.75,      37.50,    131.26
       12,                     11.14,          3.50,       5.21,      52.07,    182.26                     11.30,          3.50,       3.75,      37.52,    131.33
       12,                     10.94,          3.50,       5.21,      52.06,    182.21                     11.29,          3.50,       3.75,      37.49,    131.24
       12,                     11.14,          3.50,       5.20,      52.03,    182.09                     11.22,          3.50,       3.75,      37.53,    131.36
       12,                     11.14,          3.50,       5.20,      52.05,    182.16                     11.29,          3.50,       3.75,      37.51,    131.31
       13,                     12.17,          3.50,       5.59,      55.85,    195.44                     12.18,          3.50,       3.59,      35.86,    125.55
       13,                     12.17,          3.50,       5.59,      55.88,    195.56                     12.17,          3.50,       3.59,      35.87,    125.55
       13,                     12.17,          3.50,       5.59,      55.88,    195.55                     12.17,          3.50,       3.59,      35.88,    125.61
       13,                     20.39,          3.50,       9.28,      92.83,    324.52                     11.87,          3.50,       3.59,      35.87,    125.57
       13,                     12.16,          3.50,       5.59,      55.87,    195.51                     12.16,          3.50,       3.59,      35.88,    125.61
       13,                     12.16,          3.50,       5.59,      55.89,    195.60                     12.16,          3.50,       3.59,      35.88,    125.60
       13,                     20.18,          3.50,       9.29,      92.85,    324.60                     12.13,          3.50,       3.59,      35.90,    125.66
       13,                     12.15,          3.50,       5.59,      55.86,    195.52                     12.15,          3.50,       3.59,      35.89,    125.62
       13,                     12.15,          3.50,       5.59,      55.85,    195.48                     12.15,          3.50,       3.59,      35.87,    125.58
       13,                     12.15,          3.50,       5.59,      55.88,    195.57                    -87.58,          3.50,       0.17,       1.71,      6.00
       14,                     20.37,          3.50,       9.28,      92.82,    324.50                     12.93,          3.50,       4.04,      40.39,    141.40
       14,                     13.06,          3.50,       5.96,      59.60,    208.56                     13.21,          3.50,       4.04,      40.39,    141.37
       14,                     13.06,          3.50,       5.96,      59.63,    208.65                     13.21,          3.50,       4.04,      40.37,    141.31
       14,                     12.96,          3.50,       5.96,      59.61,    208.61                     13.21,          3.50,       4.04,      40.37,    141.32
       14,                     20.36,          3.50,       9.29,      92.85,    324.59                     13.21,          3.50,       4.04,      40.39,    141.39
       14,                     13.05,          3.50,       5.96,      59.60,    208.58                     13.21,          3.50,       4.04,      40.36,    141.28
       14,                     13.05,          3.50,       5.96,      59.61,    208.59                     13.20,          3.50,       4.04,      40.38,    141.32
       14,                     13.05,          3.50,       5.96,      59.60,    208.58                     13.02,          3.50,       4.04,      40.36,    141.27
       14,                     13.05,          3.50,       5.96,      59.58,    208.52                     13.20,          3.50,       4.04,      40.37,    141.30
       14,                     13.04,          3.50,       5.96,      59.61,    208.61                     13.19,          3.50,       4.04,      40.39,    141.38
       15,                     13.98,          3.50,       6.35,      63.44,    221.98                     14.06,          3.50,       4.50,      45.02,    157.56
       15,                     13.97,          3.50,       6.35,      63.47,    222.08                     14.12,          3.50,       4.50,      45.04,    157.62
       15,                     13.97,          3.50,       6.35,      63.45,    222.02                     14.12,          3.50,       4.50,      45.04,    157.64
       15,                     20.34,          3.50,       9.28,      92.81,    324.47                     14.12,          3.50,       4.50,      45.04,    157.62
       15,                     13.97,          3.50,       6.35,      63.46,    222.03                     14.11,          3.50,       4.50,      45.01,    157.55
       15,                     13.96,          3.50,       6.35,      63.46,    222.05                     14.11,          3.50,       4.50,      45.03,    157.61
       15,                     13.96,          3.50,       6.35,      63.43,    221.96                     14.11,          3.50,       4.50,      45.05,    157.67
       15,                     13.96,          3.50,       6.35,      63.43,    221.96                     14.09,          3.50,       4.50,      45.04,    157.63
       15,                     14.01,          3.50,       6.35,      63.46,    222.04                     14.17,          3.50,       4.50,      45.06,    157.71
       15,                     14.01,          3.50,       6.35,      63.47,    222.06                     14.16,          3.50,       4.50,      45.03,    157.62
       16,                     15.19,          3.50,       6.72,      67.21,    235.13                     15.24,          3.50,       5.09,      50.90,    178.16
       16,                     15.13,          3.50,       6.72,      67.25,    235.28                     15.23,          3.50,       5.09,      50.88,    178.09
       16,                     15.18,          3.50,       6.72,      67.24,    235.23                    -87.80,          3.50,       0.17,       1.70,      5.97
       16,                     15.18,          3.50,       6.72,      67.22,    235.15                     15.23,          3.50,       5.09,      50.88,    178.08
       16,                     15.18,          3.50,       6.72,      67.23,    235.17                     15.23,          3.50,       5.09,      50.87,    178.05
       16,                     15.03,          3.50,       6.72,      67.23,    235.20                     15.22,          3.50,       5.09,      50.90,    178.12
       16,                     14.89,          3.50,       6.72,      67.25,    235.30                     15.20,          3.50,       5.09,      50.85,    177.99
       16,                     15.17,          3.50,       6.72,      67.22,    235.15                     15.22,          3.50,       5.09,      50.88,    178.09
       16,                     19.44,          3.50,       8.62,      86.18,    301.28                     15.00,          3.50,       5.09,      50.91,    178.19
       16,                     15.16,          3.50,       6.72,      67.22,    235.19                     15.22,          3.50,       5.09,      50.91,    178.18
       17,                     16.26,          3.50,       7.03,      70.25,    245.76                     16.29,          3.50,       5.66,      56.63,    198.19
       17,                     16.25,          3.50,       7.03,      70.28,    245.84                     16.29,          3.50,       5.66,      56.63,    198.19
       17,                     16.25,          3.50,       7.03,      70.28,    245.83                     16.29,          3.50,       5.66,      56.64,    198.23
       17,                     15.95,          3.50,       7.03,      70.26,    245.77                     16.29,          3.50,       5.67,      56.64,    198.23
       17,                     16.03,          3.50,       7.03,      70.26,    245.75                     16.28,          3.50,       5.66,      56.63,    198.17
       17,                     19.43,          3.50,       8.62,      86.15,    301.19                     16.28,          3.50,       5.67,      56.61,    198.11
       17,                     16.25,          3.50,       7.03,      70.27,    245.78                     16.28,          3.50,       5.67,      56.64,    198.24
       17,                     16.24,          3.50,       7.03,      70.26,    245.76                     16.27,          3.50,       5.66,      56.63,    198.21
       17,                    -88.07,          3.50,       0.17,       1.68,      5.90                     16.28,          3.50,       5.66,      56.60,    198.10
       17,                     16.24,          3.50,       7.03,      70.25,    245.71                     16.02,          3.50,       5.66,      56.61,    198.12
       18,                     17.09,          3.50,       7.47,      74.68,    261.10                     17.55,          3.50,       6.05,      60.50,    211.71
       18,                     17.39,          3.50,       7.47,      74.65,    261.04                     17.55,          3.50,       6.05,      60.49,    211.69
       18,                     17.38,          3.50,       7.47,      74.67,    261.10                     17.55,          3.50,       6.05,      60.49,    211.69
       18,                     17.35,          3.50,       7.47,      74.67,    261.11                     17.55,          3.50,       6.05,      60.49,    211.67
       18,                     17.38,          3.50,       7.47,      74.69,    261.18                     17.28,          3.50,       6.05,      60.50,    211.73
       18,                     17.38,          3.50,       7.47,      74.67,    261.14                     13.81,          3.50,       4.76,      47.57,    166.50
       18,                     17.37,          3.50,       7.47,      74.70,    261.22                     17.52,          3.50,       6.05,      60.51,    211.74
       18,                     17.37,          3.50,       7.47,      74.66,    261.09                     17.53,          3.50,       6.05,      60.50,    211.73
       18,                     17.37,          3.50,       7.47,      74.70,    261.22                     17.53,          3.50,       6.05,      60.52,    211.77
       18,                     17.37,          3.50,       7.47,      74.69,    261.21                     17.53,          3.50,       6.05,      60.53,    211.83
       19,                     18.27,          3.50,       8.01,      80.11,    280.11                     18.51,          3.50,       6.84,      68.34,    239.07
       19,                     18.20,          3.50,       8.01,      80.12,    280.16                     18.51,          3.50,       6.83,      68.33,    239.05
       19,                     18.41,          3.50,       8.01,      80.14,    280.21                     18.51,          3.50,       6.84,      68.35,    239.09
       19,                     18.40,          3.50,       8.01,      80.12,    280.13                     18.51,          3.50,       6.84,      68.36,    239.14
       19,                     18.41,          3.50,       8.01,      80.11,    280.09                     15.76,          3.50,       5.67,      56.66,    198.31
       19,                     18.41,          3.50,       8.01,      80.12,    280.14                     18.45,          3.50,       6.83,      68.34,    239.09
       19,                     21.17,          3.50,      10.00,     100.03,    349.68                     18.24,          3.50,       6.84,      68.35,    239.11
       19,                     18.40,          3.50,       8.01,      80.10,    280.08                     18.37,          3.50,       6.83,      68.34,    239.05
       19,                     18.40,          3.50,       8.01,      80.12,    280.13                     15.75,          3.50,       5.67,      56.66,    198.29
       19,                     18.40,          3.50,       8.01,      80.10,    280.07                     18.50,          3.50,       6.84,      68.35,    239.10
       20,                     19.38,          3.50,       8.62,      86.15,    301.18                     19.56,          3.50,       7.92,      79.18,    276.86
       20,                     19.38,          3.50,       8.62,      86.18,    301.29                     19.55,          3.50,       7.92,      79.18,    276.83
       20,                     19.37,          3.50,       8.62,      86.14,    301.15                     19.57,          3.50,       7.92,      79.17,    276.84
       20,                     19.37,          3.50,       8.62,      86.16,    301.19                     19.59,          3.50,       7.92,      79.19,    276.87
       20,                     21.20,          3.50,      10.00,     100.01,    349.62                     19.60,          3.50,       7.92,      79.17,    276.82
       20,                     19.43,          3.50,       8.62,      86.13,    301.13                     19.61,          3.50,       7.92,      79.18,    276.86
       20,                     19.43,          3.50,       8.62,      86.18,    301.28                     17.87,          3.50,       6.96,      69.61,    243.49
       20,                     19.42,          3.50,       8.62,      86.16,    301.22                     17.80,          3.50,       6.96,      69.60,    243.50
       20,                     19.42,          3.50,       8.62,      86.17,    301.25                     19.60,          3.50,       7.92,      79.19,    276.90
       20,                     19.42,          3.50,       8.62,      86.18,    301.27                     19.44,          3.50,       7.92,      79.17,    276.81
       21,                     20.34,          3.50,       9.28,      92.83,    324.52                     20.42,          3.50,       8.88,      88.76,    310.31
       21,                     20.34,          3.50,       9.28,      92.83,    324.54                     20.13,          3.50,       8.88,      88.76,    310.29
       21,                     20.34,          3.50,       9.28,      92.83,    324.53                     20.41,          3.50,       8.88,      88.77,    310.35
       21,                     20.15,          3.50,       9.28,      92.83,    324.52                     20.41,          3.50,       8.88,      88.75,    310.28
       21,                     20.33,          3.50,       9.29,      92.83,    324.55                    -88.12,          3.50,       0.17,       1.71,      6.00
       21,                     20.33,          3.50,       9.28,      92.83,    324.51                     20.41,          3.50,       8.88,      88.78,    310.38
       21,                     20.33,          3.50,       9.29,      92.83,    324.53                     19.55,          3.50,       8.32,      83.18,    290.84
       21,                     20.12,          3.50,       9.28,      92.84,    324.57                     20.40,          3.50,       8.88,      88.78,    310.37
       21,                     21.19,          3.50,      10.01,     100.07,    349.83                     20.40,          3.50,       8.88,      88.76,    310.32
       21,                     20.33,          3.50,       9.28,      92.82,    324.50                     19.55,          3.50,       8.32,      83.21,    290.93
       22,                     21.18,          3.50,      10.00,     100.02,    349.64                     21.19,          3.50,      10.01,     100.04,    349.70
       22,                     21.18,          3.50,      10.01,     100.03,    349.70                     20.94,          3.50,      10.00,      99.99,    349.55
       22,                     21.18,          3.50,      10.00,     100.05,    349.74                     21.00,          3.50,      10.01,     100.06,    349.78
       22,                     21.18,          3.50,      10.00,     100.02,    349.63                     21.18,          3.50,      10.00,     100.04,    349.74
       22,                     21.18,          3.50,      10.01,     100.04,    349.69                     21.18,          3.50,      10.01,     100.06,    349.76
       22,                     21.18,          3.50,      10.01,     100.03,    349.70                     21.18,          3.50,      10.00,     100.05,    349.76
       22,                     20.91,          3.50,      10.00,     100.03,    349.70                     21.17,          3.50,      10.01,     100.05,    349.76
       22,                     21.17,          3.50,      10.00,     100.03,    349.69                     21.17,          3.50,      10.01,     100.05,    349.76
       22,                     21.17,          3.50,      10.01,     100.06,    349.79                     20.98,          3.50,      10.00,     100.03,    349.68
       22,                     21.17,          3.50,      10.00,     100.03,    349.68                     21.17,          3.50,      10.00,     100.02,    349.65

